[2022-05-05 05:41:31,052] {processor.py:153} INFO - Started process (PID=65) to work on /home/airflow/.local/lib/python3.7/site-packages/airflow/example_dags/example_skip_dag.py
[2022-05-05 05:41:31,052] {processor.py:641} INFO - Processing file /home/airflow/.local/lib/python3.7/site-packages/airflow/example_dags/example_skip_dag.py for tasks to queue
[2022-05-05 05:41:31,053] {logging_mixin.py:115} INFO - [2022-05-05 05:41:31,053] {dagbag.py:507} INFO - Filling up the DagBag from /home/airflow/.local/lib/python3.7/site-packages/airflow/example_dags/example_skip_dag.py
[2022-05-05 05:41:31,060] {processor.py:651} INFO - DAG(s) dict_keys(['example_skip_dag']) retrieved from /home/airflow/.local/lib/python3.7/site-packages/airflow/example_dags/example_skip_dag.py
[2022-05-05 05:41:31,278] {logging_mixin.py:115} INFO - [2022-05-05 05:41:31,278] {manager.py:508} INFO - Created Permission View: can delete on DAG:example_skip_dag
[2022-05-05 05:41:31,291] {logging_mixin.py:115} INFO - [2022-05-05 05:41:31,291] {manager.py:508} INFO - Created Permission View: can edit on DAG:example_skip_dag
[2022-05-05 05:41:31,302] {logging_mixin.py:115} INFO - [2022-05-05 05:41:31,301] {manager.py:508} INFO - Created Permission View: can read on DAG:example_skip_dag
[2022-05-05 05:41:31,302] {logging_mixin.py:115} INFO - [2022-05-05 05:41:31,302] {dag.py:2371} INFO - Sync 1 DAGs
[2022-05-05 05:41:31,310] {logging_mixin.py:115} INFO - [2022-05-05 05:41:31,310] {dag.py:2390} INFO - Creating ORM DAG for example_skip_dag
[2022-05-05 05:41:31,323] {logging_mixin.py:115} INFO - [2022-05-05 05:41:31,323] {dag.py:2919} INFO - Setting next_dagrun for example_skip_dag to 2022-05-04T05:41:31.323190+00:00, run_after=2022-05-05T05:41:31.323190+00:00
[2022-05-05 05:41:31,341] {processor.py:161} INFO - Processing /home/airflow/.local/lib/python3.7/site-packages/airflow/example_dags/example_skip_dag.py took 0.292 seconds
[2022-05-05 05:42:01,445] {processor.py:153} INFO - Started process (PID=126) to work on /home/airflow/.local/lib/python3.7/site-packages/airflow/example_dags/example_skip_dag.py
[2022-05-05 05:42:01,446] {processor.py:641} INFO - Processing file /home/airflow/.local/lib/python3.7/site-packages/airflow/example_dags/example_skip_dag.py for tasks to queue
[2022-05-05 05:42:01,447] {logging_mixin.py:115} INFO - [2022-05-05 05:42:01,447] {dagbag.py:507} INFO - Filling up the DagBag from /home/airflow/.local/lib/python3.7/site-packages/airflow/example_dags/example_skip_dag.py
[2022-05-05 05:42:01,454] {processor.py:651} INFO - DAG(s) dict_keys(['example_skip_dag']) retrieved from /home/airflow/.local/lib/python3.7/site-packages/airflow/example_dags/example_skip_dag.py
[2022-05-05 05:42:01,483] {logging_mixin.py:115} INFO - [2022-05-05 05:42:01,483] {dag.py:2371} INFO - Sync 1 DAGs
[2022-05-05 05:42:01,658] {logging_mixin.py:115} INFO - [2022-05-05 05:42:01,658] {dag.py:2919} INFO - Setting next_dagrun for example_skip_dag to 2022-05-04T05:42:01.658229+00:00, run_after=2022-05-05T05:42:01.658229+00:00
[2022-05-05 05:42:01,674] {processor.py:161} INFO - Processing /home/airflow/.local/lib/python3.7/site-packages/airflow/example_dags/example_skip_dag.py took 0.235 seconds
[2022-05-05 05:42:32,371] {processor.py:153} INFO - Started process (PID=178) to work on /home/airflow/.local/lib/python3.7/site-packages/airflow/example_dags/example_skip_dag.py
[2022-05-05 05:42:32,372] {processor.py:641} INFO - Processing file /home/airflow/.local/lib/python3.7/site-packages/airflow/example_dags/example_skip_dag.py for tasks to queue
[2022-05-05 05:42:32,373] {logging_mixin.py:115} INFO - [2022-05-05 05:42:32,373] {dagbag.py:507} INFO - Filling up the DagBag from /home/airflow/.local/lib/python3.7/site-packages/airflow/example_dags/example_skip_dag.py
[2022-05-05 05:42:32,381] {processor.py:651} INFO - DAG(s) dict_keys(['example_skip_dag']) retrieved from /home/airflow/.local/lib/python3.7/site-packages/airflow/example_dags/example_skip_dag.py
[2022-05-05 05:42:32,413] {logging_mixin.py:115} INFO - [2022-05-05 05:42:32,413] {dag.py:2371} INFO - Sync 1 DAGs
[2022-05-05 05:42:32,553] {logging_mixin.py:115} INFO - [2022-05-05 05:42:32,553] {dag.py:2919} INFO - Setting next_dagrun for example_skip_dag to 2022-05-04T05:42:32.553218+00:00, run_after=2022-05-05T05:42:32.553218+00:00
[2022-05-05 05:42:32,568] {processor.py:161} INFO - Processing /home/airflow/.local/lib/python3.7/site-packages/airflow/example_dags/example_skip_dag.py took 0.199 seconds
[2022-05-05 05:43:02,982] {processor.py:153} INFO - Started process (PID=241) to work on /home/airflow/.local/lib/python3.7/site-packages/airflow/example_dags/example_skip_dag.py
[2022-05-05 05:43:02,982] {processor.py:641} INFO - Processing file /home/airflow/.local/lib/python3.7/site-packages/airflow/example_dags/example_skip_dag.py for tasks to queue
[2022-05-05 05:43:02,983] {logging_mixin.py:115} INFO - [2022-05-05 05:43:02,982] {dagbag.py:507} INFO - Filling up the DagBag from /home/airflow/.local/lib/python3.7/site-packages/airflow/example_dags/example_skip_dag.py
[2022-05-05 05:43:02,987] {processor.py:651} INFO - DAG(s) dict_keys(['example_skip_dag']) retrieved from /home/airflow/.local/lib/python3.7/site-packages/airflow/example_dags/example_skip_dag.py
[2022-05-05 05:43:03,011] {logging_mixin.py:115} INFO - [2022-05-05 05:43:03,011] {dag.py:2371} INFO - Sync 1 DAGs
[2022-05-05 05:43:03,159] {logging_mixin.py:115} INFO - [2022-05-05 05:43:03,159] {dag.py:2919} INFO - Setting next_dagrun for example_skip_dag to 2022-05-04T05:43:03.159479+00:00, run_after=2022-05-05T05:43:03.159479+00:00
[2022-05-05 05:43:03,177] {processor.py:161} INFO - Processing /home/airflow/.local/lib/python3.7/site-packages/airflow/example_dags/example_skip_dag.py took 0.198 seconds
[2022-05-05 05:43:34,243] {processor.py:153} INFO - Started process (PID=303) to work on /home/airflow/.local/lib/python3.7/site-packages/airflow/example_dags/example_skip_dag.py
[2022-05-05 05:43:34,244] {processor.py:641} INFO - Processing file /home/airflow/.local/lib/python3.7/site-packages/airflow/example_dags/example_skip_dag.py for tasks to queue
[2022-05-05 05:43:34,245] {logging_mixin.py:115} INFO - [2022-05-05 05:43:34,245] {dagbag.py:507} INFO - Filling up the DagBag from /home/airflow/.local/lib/python3.7/site-packages/airflow/example_dags/example_skip_dag.py
[2022-05-05 05:43:34,253] {processor.py:651} INFO - DAG(s) dict_keys(['example_skip_dag']) retrieved from /home/airflow/.local/lib/python3.7/site-packages/airflow/example_dags/example_skip_dag.py
[2022-05-05 05:43:34,293] {logging_mixin.py:115} INFO - [2022-05-05 05:43:34,293] {dag.py:2371} INFO - Sync 1 DAGs
[2022-05-05 05:43:34,498] {logging_mixin.py:115} INFO - [2022-05-05 05:43:34,498] {dag.py:2919} INFO - Setting next_dagrun for example_skip_dag to 2022-05-04T05:43:34.498065+00:00, run_after=2022-05-05T05:43:34.498065+00:00
[2022-05-05 05:43:34,521] {processor.py:161} INFO - Processing /home/airflow/.local/lib/python3.7/site-packages/airflow/example_dags/example_skip_dag.py took 0.281 seconds
[2022-05-05 05:44:05,299] {processor.py:153} INFO - Started process (PID=355) to work on /home/airflow/.local/lib/python3.7/site-packages/airflow/example_dags/example_skip_dag.py
[2022-05-05 05:44:05,300] {processor.py:641} INFO - Processing file /home/airflow/.local/lib/python3.7/site-packages/airflow/example_dags/example_skip_dag.py for tasks to queue
[2022-05-05 05:44:05,300] {logging_mixin.py:115} INFO - [2022-05-05 05:44:05,300] {dagbag.py:507} INFO - Filling up the DagBag from /home/airflow/.local/lib/python3.7/site-packages/airflow/example_dags/example_skip_dag.py
[2022-05-05 05:44:05,304] {processor.py:651} INFO - DAG(s) dict_keys(['example_skip_dag']) retrieved from /home/airflow/.local/lib/python3.7/site-packages/airflow/example_dags/example_skip_dag.py
[2022-05-05 05:44:05,330] {logging_mixin.py:115} INFO - [2022-05-05 05:44:05,330] {dag.py:2371} INFO - Sync 1 DAGs
[2022-05-05 05:44:05,469] {logging_mixin.py:115} INFO - [2022-05-05 05:44:05,469] {dag.py:2919} INFO - Setting next_dagrun for example_skip_dag to 2022-05-04T05:44:05.469453+00:00, run_after=2022-05-05T05:44:05.469453+00:00
[2022-05-05 05:44:05,483] {processor.py:161} INFO - Processing /home/airflow/.local/lib/python3.7/site-packages/airflow/example_dags/example_skip_dag.py took 0.186 seconds
[2022-05-05 05:44:35,838] {processor.py:153} INFO - Started process (PID=419) to work on /home/airflow/.local/lib/python3.7/site-packages/airflow/example_dags/example_skip_dag.py
[2022-05-05 05:44:35,839] {processor.py:641} INFO - Processing file /home/airflow/.local/lib/python3.7/site-packages/airflow/example_dags/example_skip_dag.py for tasks to queue
[2022-05-05 05:44:35,839] {logging_mixin.py:115} INFO - [2022-05-05 05:44:35,839] {dagbag.py:507} INFO - Filling up the DagBag from /home/airflow/.local/lib/python3.7/site-packages/airflow/example_dags/example_skip_dag.py
[2022-05-05 05:44:35,844] {processor.py:651} INFO - DAG(s) dict_keys(['example_skip_dag']) retrieved from /home/airflow/.local/lib/python3.7/site-packages/airflow/example_dags/example_skip_dag.py
[2022-05-05 05:44:35,871] {logging_mixin.py:115} INFO - [2022-05-05 05:44:35,871] {dag.py:2371} INFO - Sync 1 DAGs
[2022-05-05 05:44:36,016] {logging_mixin.py:115} INFO - [2022-05-05 05:44:36,016] {dag.py:2919} INFO - Setting next_dagrun for example_skip_dag to 2022-05-04T05:44:36.015911+00:00, run_after=2022-05-05T05:44:36.015911+00:00
[2022-05-05 05:44:36,028] {processor.py:161} INFO - Processing /home/airflow/.local/lib/python3.7/site-packages/airflow/example_dags/example_skip_dag.py took 0.194 seconds
[2022-05-05 05:45:06,341] {processor.py:153} INFO - Started process (PID=480) to work on /home/airflow/.local/lib/python3.7/site-packages/airflow/example_dags/example_skip_dag.py
[2022-05-05 05:45:06,342] {processor.py:641} INFO - Processing file /home/airflow/.local/lib/python3.7/site-packages/airflow/example_dags/example_skip_dag.py for tasks to queue
[2022-05-05 05:45:06,342] {logging_mixin.py:115} INFO - [2022-05-05 05:45:06,342] {dagbag.py:507} INFO - Filling up the DagBag from /home/airflow/.local/lib/python3.7/site-packages/airflow/example_dags/example_skip_dag.py
[2022-05-05 05:45:06,349] {processor.py:651} INFO - DAG(s) dict_keys(['example_skip_dag']) retrieved from /home/airflow/.local/lib/python3.7/site-packages/airflow/example_dags/example_skip_dag.py
[2022-05-05 05:45:06,378] {logging_mixin.py:115} INFO - [2022-05-05 05:45:06,378] {dag.py:2371} INFO - Sync 1 DAGs
[2022-05-05 05:45:06,540] {logging_mixin.py:115} INFO - [2022-05-05 05:45:06,540] {dag.py:2919} INFO - Setting next_dagrun for example_skip_dag to 2022-05-04T05:45:06.540135+00:00, run_after=2022-05-05T05:45:06.540135+00:00
[2022-05-05 05:45:06,554] {processor.py:161} INFO - Processing /home/airflow/.local/lib/python3.7/site-packages/airflow/example_dags/example_skip_dag.py took 0.216 seconds
[2022-05-05 05:45:36,732] {processor.py:153} INFO - Started process (PID=534) to work on /home/airflow/.local/lib/python3.7/site-packages/airflow/example_dags/example_skip_dag.py
[2022-05-05 05:45:36,733] {processor.py:641} INFO - Processing file /home/airflow/.local/lib/python3.7/site-packages/airflow/example_dags/example_skip_dag.py for tasks to queue
[2022-05-05 05:45:36,734] {logging_mixin.py:115} INFO - [2022-05-05 05:45:36,734] {dagbag.py:507} INFO - Filling up the DagBag from /home/airflow/.local/lib/python3.7/site-packages/airflow/example_dags/example_skip_dag.py
[2022-05-05 05:45:36,738] {processor.py:651} INFO - DAG(s) dict_keys(['example_skip_dag']) retrieved from /home/airflow/.local/lib/python3.7/site-packages/airflow/example_dags/example_skip_dag.py
[2022-05-05 05:45:36,768] {logging_mixin.py:115} INFO - [2022-05-05 05:45:36,768] {dag.py:2371} INFO - Sync 1 DAGs
[2022-05-05 05:45:36,892] {logging_mixin.py:115} INFO - [2022-05-05 05:45:36,892] {dag.py:2919} INFO - Setting next_dagrun for example_skip_dag to 2022-05-04T05:45:36.892226+00:00, run_after=2022-05-05T05:45:36.892226+00:00
[2022-05-05 05:45:36,908] {processor.py:161} INFO - Processing /home/airflow/.local/lib/python3.7/site-packages/airflow/example_dags/example_skip_dag.py took 0.178 seconds
[2022-05-05 05:46:07,213] {processor.py:153} INFO - Started process (PID=596) to work on /home/airflow/.local/lib/python3.7/site-packages/airflow/example_dags/example_skip_dag.py
[2022-05-05 05:46:07,214] {processor.py:641} INFO - Processing file /home/airflow/.local/lib/python3.7/site-packages/airflow/example_dags/example_skip_dag.py for tasks to queue
[2022-05-05 05:46:07,215] {logging_mixin.py:115} INFO - [2022-05-05 05:46:07,215] {dagbag.py:507} INFO - Filling up the DagBag from /home/airflow/.local/lib/python3.7/site-packages/airflow/example_dags/example_skip_dag.py
[2022-05-05 05:46:07,221] {processor.py:651} INFO - DAG(s) dict_keys(['example_skip_dag']) retrieved from /home/airflow/.local/lib/python3.7/site-packages/airflow/example_dags/example_skip_dag.py
[2022-05-05 05:46:07,248] {logging_mixin.py:115} INFO - [2022-05-05 05:46:07,248] {dag.py:2371} INFO - Sync 1 DAGs
[2022-05-05 05:46:07,390] {logging_mixin.py:115} INFO - [2022-05-05 05:46:07,390] {dag.py:2919} INFO - Setting next_dagrun for example_skip_dag to 2022-05-04T05:46:07.390195+00:00, run_after=2022-05-05T05:46:07.390195+00:00
[2022-05-05 05:46:07,406] {processor.py:161} INFO - Processing /home/airflow/.local/lib/python3.7/site-packages/airflow/example_dags/example_skip_dag.py took 0.197 seconds
[2022-05-05 05:46:37,754] {processor.py:153} INFO - Started process (PID=659) to work on /home/airflow/.local/lib/python3.7/site-packages/airflow/example_dags/example_skip_dag.py
[2022-05-05 05:46:37,755] {processor.py:641} INFO - Processing file /home/airflow/.local/lib/python3.7/site-packages/airflow/example_dags/example_skip_dag.py for tasks to queue
[2022-05-05 05:46:37,755] {logging_mixin.py:115} INFO - [2022-05-05 05:46:37,755] {dagbag.py:507} INFO - Filling up the DagBag from /home/airflow/.local/lib/python3.7/site-packages/airflow/example_dags/example_skip_dag.py
[2022-05-05 05:46:37,760] {processor.py:651} INFO - DAG(s) dict_keys(['example_skip_dag']) retrieved from /home/airflow/.local/lib/python3.7/site-packages/airflow/example_dags/example_skip_dag.py
[2022-05-05 05:46:37,791] {logging_mixin.py:115} INFO - [2022-05-05 05:46:37,791] {dag.py:2371} INFO - Sync 1 DAGs
[2022-05-05 05:46:37,927] {logging_mixin.py:115} INFO - [2022-05-05 05:46:37,927] {dag.py:2919} INFO - Setting next_dagrun for example_skip_dag to 2022-05-04T05:46:37.926902+00:00, run_after=2022-05-05T05:46:37.926902+00:00
[2022-05-05 05:46:37,944] {processor.py:161} INFO - Processing /home/airflow/.local/lib/python3.7/site-packages/airflow/example_dags/example_skip_dag.py took 0.193 seconds
[2022-05-05 05:47:08,388] {processor.py:153} INFO - Started process (PID=712) to work on /home/airflow/.local/lib/python3.7/site-packages/airflow/example_dags/example_skip_dag.py
[2022-05-05 05:47:08,388] {processor.py:641} INFO - Processing file /home/airflow/.local/lib/python3.7/site-packages/airflow/example_dags/example_skip_dag.py for tasks to queue
[2022-05-05 05:47:08,389] {logging_mixin.py:115} INFO - [2022-05-05 05:47:08,389] {dagbag.py:507} INFO - Filling up the DagBag from /home/airflow/.local/lib/python3.7/site-packages/airflow/example_dags/example_skip_dag.py
[2022-05-05 05:47:08,393] {processor.py:651} INFO - DAG(s) dict_keys(['example_skip_dag']) retrieved from /home/airflow/.local/lib/python3.7/site-packages/airflow/example_dags/example_skip_dag.py
[2022-05-05 05:47:08,420] {logging_mixin.py:115} INFO - [2022-05-05 05:47:08,420] {dag.py:2371} INFO - Sync 1 DAGs
[2022-05-05 05:47:08,539] {logging_mixin.py:115} INFO - [2022-05-05 05:47:08,539] {dag.py:2919} INFO - Setting next_dagrun for example_skip_dag to 2022-05-04T05:47:08.539229+00:00, run_after=2022-05-05T05:47:08.539229+00:00
[2022-05-05 05:47:08,553] {processor.py:161} INFO - Processing /home/airflow/.local/lib/python3.7/site-packages/airflow/example_dags/example_skip_dag.py took 0.167 seconds
[2022-05-05 05:47:39,018] {processor.py:153} INFO - Started process (PID=775) to work on /home/airflow/.local/lib/python3.7/site-packages/airflow/example_dags/example_skip_dag.py
[2022-05-05 05:47:39,019] {processor.py:641} INFO - Processing file /home/airflow/.local/lib/python3.7/site-packages/airflow/example_dags/example_skip_dag.py for tasks to queue
[2022-05-05 05:47:39,020] {logging_mixin.py:115} INFO - [2022-05-05 05:47:39,020] {dagbag.py:507} INFO - Filling up the DagBag from /home/airflow/.local/lib/python3.7/site-packages/airflow/example_dags/example_skip_dag.py
[2022-05-05 05:47:39,026] {processor.py:651} INFO - DAG(s) dict_keys(['example_skip_dag']) retrieved from /home/airflow/.local/lib/python3.7/site-packages/airflow/example_dags/example_skip_dag.py
[2022-05-05 05:47:39,061] {logging_mixin.py:115} INFO - [2022-05-05 05:47:39,061] {dag.py:2371} INFO - Sync 1 DAGs
[2022-05-05 05:47:39,215] {logging_mixin.py:115} INFO - [2022-05-05 05:47:39,215] {dag.py:2919} INFO - Setting next_dagrun for example_skip_dag to 2022-05-04T05:47:39.215297+00:00, run_after=2022-05-05T05:47:39.215297+00:00
[2022-05-05 05:47:39,231] {processor.py:161} INFO - Processing /home/airflow/.local/lib/python3.7/site-packages/airflow/example_dags/example_skip_dag.py took 0.216 seconds
[2022-05-05 05:48:09,702] {processor.py:153} INFO - Started process (PID=836) to work on /home/airflow/.local/lib/python3.7/site-packages/airflow/example_dags/example_skip_dag.py
[2022-05-05 05:48:09,702] {processor.py:641} INFO - Processing file /home/airflow/.local/lib/python3.7/site-packages/airflow/example_dags/example_skip_dag.py for tasks to queue
[2022-05-05 05:48:09,703] {logging_mixin.py:115} INFO - [2022-05-05 05:48:09,703] {dagbag.py:507} INFO - Filling up the DagBag from /home/airflow/.local/lib/python3.7/site-packages/airflow/example_dags/example_skip_dag.py
[2022-05-05 05:48:09,707] {processor.py:651} INFO - DAG(s) dict_keys(['example_skip_dag']) retrieved from /home/airflow/.local/lib/python3.7/site-packages/airflow/example_dags/example_skip_dag.py
[2022-05-05 05:48:09,734] {logging_mixin.py:115} INFO - [2022-05-05 05:48:09,734] {dag.py:2371} INFO - Sync 1 DAGs
[2022-05-05 05:48:09,856] {logging_mixin.py:115} INFO - [2022-05-05 05:48:09,856] {dag.py:2919} INFO - Setting next_dagrun for example_skip_dag to 2022-05-04T05:48:09.856050+00:00, run_after=2022-05-05T05:48:09.856050+00:00
[2022-05-05 05:48:09,870] {processor.py:161} INFO - Processing /home/airflow/.local/lib/python3.7/site-packages/airflow/example_dags/example_skip_dag.py took 0.170 seconds
[2022-05-05 05:48:40,504] {processor.py:153} INFO - Started process (PID=888) to work on /home/airflow/.local/lib/python3.7/site-packages/airflow/example_dags/example_skip_dag.py
[2022-05-05 05:48:40,505] {processor.py:641} INFO - Processing file /home/airflow/.local/lib/python3.7/site-packages/airflow/example_dags/example_skip_dag.py for tasks to queue
[2022-05-05 05:48:40,505] {logging_mixin.py:115} INFO - [2022-05-05 05:48:40,505] {dagbag.py:507} INFO - Filling up the DagBag from /home/airflow/.local/lib/python3.7/site-packages/airflow/example_dags/example_skip_dag.py
[2022-05-05 05:48:40,509] {processor.py:651} INFO - DAG(s) dict_keys(['example_skip_dag']) retrieved from /home/airflow/.local/lib/python3.7/site-packages/airflow/example_dags/example_skip_dag.py
[2022-05-05 05:48:40,535] {logging_mixin.py:115} INFO - [2022-05-05 05:48:40,535] {dag.py:2371} INFO - Sync 1 DAGs
[2022-05-05 05:48:40,652] {logging_mixin.py:115} INFO - [2022-05-05 05:48:40,652] {dag.py:2919} INFO - Setting next_dagrun for example_skip_dag to 2022-05-04T05:48:40.652280+00:00, run_after=2022-05-05T05:48:40.652280+00:00
[2022-05-05 05:48:40,666] {processor.py:161} INFO - Processing /home/airflow/.local/lib/python3.7/site-packages/airflow/example_dags/example_skip_dag.py took 0.164 seconds
[2022-05-05 05:49:11,219] {processor.py:153} INFO - Started process (PID=952) to work on /home/airflow/.local/lib/python3.7/site-packages/airflow/example_dags/example_skip_dag.py
[2022-05-05 05:49:11,220] {processor.py:641} INFO - Processing file /home/airflow/.local/lib/python3.7/site-packages/airflow/example_dags/example_skip_dag.py for tasks to queue
[2022-05-05 05:49:11,220] {logging_mixin.py:115} INFO - [2022-05-05 05:49:11,220] {dagbag.py:507} INFO - Filling up the DagBag from /home/airflow/.local/lib/python3.7/site-packages/airflow/example_dags/example_skip_dag.py
[2022-05-05 05:49:11,224] {processor.py:651} INFO - DAG(s) dict_keys(['example_skip_dag']) retrieved from /home/airflow/.local/lib/python3.7/site-packages/airflow/example_dags/example_skip_dag.py
[2022-05-05 05:49:11,250] {logging_mixin.py:115} INFO - [2022-05-05 05:49:11,250] {dag.py:2371} INFO - Sync 1 DAGs
[2022-05-05 05:49:11,379] {logging_mixin.py:115} INFO - [2022-05-05 05:49:11,379] {dag.py:2919} INFO - Setting next_dagrun for example_skip_dag to 2022-05-04T05:49:11.379570+00:00, run_after=2022-05-05T05:49:11.379570+00:00
[2022-05-05 05:49:11,393] {processor.py:161} INFO - Processing /home/airflow/.local/lib/python3.7/site-packages/airflow/example_dags/example_skip_dag.py took 0.176 seconds
[2022-05-05 05:49:41,684] {processor.py:153} INFO - Started process (PID=1013) to work on /home/airflow/.local/lib/python3.7/site-packages/airflow/example_dags/example_skip_dag.py
[2022-05-05 05:49:41,684] {processor.py:641} INFO - Processing file /home/airflow/.local/lib/python3.7/site-packages/airflow/example_dags/example_skip_dag.py for tasks to queue
[2022-05-05 05:49:41,685] {logging_mixin.py:115} INFO - [2022-05-05 05:49:41,685] {dagbag.py:507} INFO - Filling up the DagBag from /home/airflow/.local/lib/python3.7/site-packages/airflow/example_dags/example_skip_dag.py
[2022-05-05 05:49:41,689] {processor.py:651} INFO - DAG(s) dict_keys(['example_skip_dag']) retrieved from /home/airflow/.local/lib/python3.7/site-packages/airflow/example_dags/example_skip_dag.py
[2022-05-05 05:49:41,716] {logging_mixin.py:115} INFO - [2022-05-05 05:49:41,716] {dag.py:2371} INFO - Sync 1 DAGs
[2022-05-05 05:49:41,849] {logging_mixin.py:115} INFO - [2022-05-05 05:49:41,849] {dag.py:2919} INFO - Setting next_dagrun for example_skip_dag to 2022-05-04T05:49:41.848848+00:00, run_after=2022-05-05T05:49:41.848848+00:00
[2022-05-05 05:49:41,863] {processor.py:161} INFO - Processing /home/airflow/.local/lib/python3.7/site-packages/airflow/example_dags/example_skip_dag.py took 0.182 seconds
[2022-05-05 05:50:12,465] {processor.py:153} INFO - Started process (PID=1068) to work on /home/airflow/.local/lib/python3.7/site-packages/airflow/example_dags/example_skip_dag.py
[2022-05-05 05:50:12,465] {processor.py:641} INFO - Processing file /home/airflow/.local/lib/python3.7/site-packages/airflow/example_dags/example_skip_dag.py for tasks to queue
[2022-05-05 05:50:12,465] {logging_mixin.py:115} INFO - [2022-05-05 05:50:12,465] {dagbag.py:507} INFO - Filling up the DagBag from /home/airflow/.local/lib/python3.7/site-packages/airflow/example_dags/example_skip_dag.py
[2022-05-05 05:50:12,470] {processor.py:651} INFO - DAG(s) dict_keys(['example_skip_dag']) retrieved from /home/airflow/.local/lib/python3.7/site-packages/airflow/example_dags/example_skip_dag.py
[2022-05-05 05:50:12,502] {logging_mixin.py:115} INFO - [2022-05-05 05:50:12,502] {dag.py:2371} INFO - Sync 1 DAGs
[2022-05-05 05:50:12,635] {logging_mixin.py:115} INFO - [2022-05-05 05:50:12,635] {dag.py:2919} INFO - Setting next_dagrun for example_skip_dag to 2022-05-04T05:50:12.634875+00:00, run_after=2022-05-05T05:50:12.634875+00:00
[2022-05-05 05:50:12,651] {processor.py:161} INFO - Processing /home/airflow/.local/lib/python3.7/site-packages/airflow/example_dags/example_skip_dag.py took 0.189 seconds
[2022-05-05 05:50:42,717] {processor.py:153} INFO - Started process (PID=1131) to work on /home/airflow/.local/lib/python3.7/site-packages/airflow/example_dags/example_skip_dag.py
[2022-05-05 05:50:42,718] {processor.py:641} INFO - Processing file /home/airflow/.local/lib/python3.7/site-packages/airflow/example_dags/example_skip_dag.py for tasks to queue
[2022-05-05 05:50:42,719] {logging_mixin.py:115} INFO - [2022-05-05 05:50:42,718] {dagbag.py:507} INFO - Filling up the DagBag from /home/airflow/.local/lib/python3.7/site-packages/airflow/example_dags/example_skip_dag.py
[2022-05-05 05:50:42,723] {processor.py:651} INFO - DAG(s) dict_keys(['example_skip_dag']) retrieved from /home/airflow/.local/lib/python3.7/site-packages/airflow/example_dags/example_skip_dag.py
[2022-05-05 05:50:42,747] {logging_mixin.py:115} INFO - [2022-05-05 05:50:42,747] {dag.py:2371} INFO - Sync 1 DAGs
[2022-05-05 05:50:42,869] {logging_mixin.py:115} INFO - [2022-05-05 05:50:42,868] {dag.py:2919} INFO - Setting next_dagrun for example_skip_dag to 2022-05-04T05:50:42.868800+00:00, run_after=2022-05-05T05:50:42.868800+00:00
[2022-05-05 05:50:42,883] {processor.py:161} INFO - Processing /home/airflow/.local/lib/python3.7/site-packages/airflow/example_dags/example_skip_dag.py took 0.168 seconds
[2022-05-05 05:52:21,370] {processor.py:153} INFO - Started process (PID=66) to work on /home/airflow/.local/lib/python3.7/site-packages/airflow/example_dags/example_skip_dag.py
[2022-05-05 05:52:21,371] {processor.py:641} INFO - Processing file /home/airflow/.local/lib/python3.7/site-packages/airflow/example_dags/example_skip_dag.py for tasks to queue
[2022-05-05 05:52:21,372] {logging_mixin.py:115} INFO - [2022-05-05 05:52:21,372] {dagbag.py:507} INFO - Filling up the DagBag from /home/airflow/.local/lib/python3.7/site-packages/airflow/example_dags/example_skip_dag.py
[2022-05-05 05:52:21,379] {processor.py:651} INFO - DAG(s) dict_keys(['example_skip_dag']) retrieved from /home/airflow/.local/lib/python3.7/site-packages/airflow/example_dags/example_skip_dag.py
[2022-05-05 05:52:21,411] {logging_mixin.py:115} INFO - [2022-05-05 05:52:21,410] {dag.py:2371} INFO - Sync 1 DAGs
[2022-05-05 05:52:21,586] {logging_mixin.py:115} INFO - [2022-05-05 05:52:21,586] {dag.py:2919} INFO - Setting next_dagrun for example_skip_dag to 2022-05-04T05:52:21.586254+00:00, run_after=2022-05-05T05:52:21.586254+00:00
[2022-05-05 05:52:21,606] {processor.py:161} INFO - Processing /home/airflow/.local/lib/python3.7/site-packages/airflow/example_dags/example_skip_dag.py took 0.240 seconds
[2022-05-05 05:52:51,834] {processor.py:153} INFO - Started process (PID=127) to work on /home/airflow/.local/lib/python3.7/site-packages/airflow/example_dags/example_skip_dag.py
[2022-05-05 05:52:51,835] {processor.py:641} INFO - Processing file /home/airflow/.local/lib/python3.7/site-packages/airflow/example_dags/example_skip_dag.py for tasks to queue
[2022-05-05 05:52:51,836] {logging_mixin.py:115} INFO - [2022-05-05 05:52:51,836] {dagbag.py:507} INFO - Filling up the DagBag from /home/airflow/.local/lib/python3.7/site-packages/airflow/example_dags/example_skip_dag.py
[2022-05-05 05:52:51,841] {processor.py:651} INFO - DAG(s) dict_keys(['example_skip_dag']) retrieved from /home/airflow/.local/lib/python3.7/site-packages/airflow/example_dags/example_skip_dag.py
[2022-05-05 05:52:51,868] {logging_mixin.py:115} INFO - [2022-05-05 05:52:51,868] {dag.py:2371} INFO - Sync 1 DAGs
[2022-05-05 05:52:52,011] {logging_mixin.py:115} INFO - [2022-05-05 05:52:52,011] {dag.py:2919} INFO - Setting next_dagrun for example_skip_dag to 2022-05-04T05:52:52.010991+00:00, run_after=2022-05-05T05:52:52.010991+00:00
[2022-05-05 05:52:52,038] {processor.py:161} INFO - Processing /home/airflow/.local/lib/python3.7/site-packages/airflow/example_dags/example_skip_dag.py took 0.207 seconds
[2022-05-05 05:53:49,578] {processor.py:153} INFO - Started process (PID=66) to work on /home/airflow/.local/lib/python3.7/site-packages/airflow/example_dags/example_skip_dag.py
[2022-05-05 05:53:49,579] {processor.py:641} INFO - Processing file /home/airflow/.local/lib/python3.7/site-packages/airflow/example_dags/example_skip_dag.py for tasks to queue
[2022-05-05 05:53:49,580] {logging_mixin.py:115} INFO - [2022-05-05 05:53:49,580] {dagbag.py:507} INFO - Filling up the DagBag from /home/airflow/.local/lib/python3.7/site-packages/airflow/example_dags/example_skip_dag.py
[2022-05-05 05:53:49,585] {processor.py:651} INFO - DAG(s) dict_keys(['example_skip_dag']) retrieved from /home/airflow/.local/lib/python3.7/site-packages/airflow/example_dags/example_skip_dag.py
[2022-05-05 05:53:49,618] {logging_mixin.py:115} INFO - [2022-05-05 05:53:49,617] {dag.py:2371} INFO - Sync 1 DAGs
[2022-05-05 05:53:49,783] {logging_mixin.py:115} INFO - [2022-05-05 05:53:49,783] {dag.py:2919} INFO - Setting next_dagrun for example_skip_dag to 2022-05-04T05:53:49.783214+00:00, run_after=2022-05-05T05:53:49.783214+00:00
[2022-05-05 05:53:49,801] {processor.py:161} INFO - Processing /home/airflow/.local/lib/python3.7/site-packages/airflow/example_dags/example_skip_dag.py took 0.225 seconds
[2022-05-05 05:54:20,174] {processor.py:153} INFO - Started process (PID=129) to work on /home/airflow/.local/lib/python3.7/site-packages/airflow/example_dags/example_skip_dag.py
[2022-05-05 05:54:20,176] {processor.py:641} INFO - Processing file /home/airflow/.local/lib/python3.7/site-packages/airflow/example_dags/example_skip_dag.py for tasks to queue
[2022-05-05 05:54:20,177] {logging_mixin.py:115} INFO - [2022-05-05 05:54:20,177] {dagbag.py:507} INFO - Filling up the DagBag from /home/airflow/.local/lib/python3.7/site-packages/airflow/example_dags/example_skip_dag.py
[2022-05-05 05:54:20,187] {processor.py:651} INFO - DAG(s) dict_keys(['example_skip_dag']) retrieved from /home/airflow/.local/lib/python3.7/site-packages/airflow/example_dags/example_skip_dag.py
[2022-05-05 05:54:20,220] {logging_mixin.py:115} INFO - [2022-05-05 05:54:20,220] {dag.py:2371} INFO - Sync 1 DAGs
[2022-05-05 05:54:20,389] {logging_mixin.py:115} INFO - [2022-05-05 05:54:20,388] {dag.py:2919} INFO - Setting next_dagrun for example_skip_dag to 2022-05-04T05:54:20.388661+00:00, run_after=2022-05-05T05:54:20.388661+00:00
[2022-05-05 05:54:20,405] {processor.py:161} INFO - Processing /home/airflow/.local/lib/python3.7/site-packages/airflow/example_dags/example_skip_dag.py took 0.234 seconds
[2022-05-05 05:54:50,870] {processor.py:153} INFO - Started process (PID=182) to work on /home/airflow/.local/lib/python3.7/site-packages/airflow/example_dags/example_skip_dag.py
[2022-05-05 05:54:50,871] {processor.py:641} INFO - Processing file /home/airflow/.local/lib/python3.7/site-packages/airflow/example_dags/example_skip_dag.py for tasks to queue
[2022-05-05 05:54:50,872] {logging_mixin.py:115} INFO - [2022-05-05 05:54:50,872] {dagbag.py:507} INFO - Filling up the DagBag from /home/airflow/.local/lib/python3.7/site-packages/airflow/example_dags/example_skip_dag.py
[2022-05-05 05:54:50,878] {processor.py:651} INFO - DAG(s) dict_keys(['example_skip_dag']) retrieved from /home/airflow/.local/lib/python3.7/site-packages/airflow/example_dags/example_skip_dag.py
[2022-05-05 05:54:50,904] {logging_mixin.py:115} INFO - [2022-05-05 05:54:50,904] {dag.py:2371} INFO - Sync 1 DAGs
[2022-05-05 05:54:51,030] {logging_mixin.py:115} INFO - [2022-05-05 05:54:51,030] {dag.py:2919} INFO - Setting next_dagrun for example_skip_dag to 2022-05-04T05:54:51.029704+00:00, run_after=2022-05-05T05:54:51.029704+00:00
[2022-05-05 05:54:51,051] {processor.py:161} INFO - Processing /home/airflow/.local/lib/python3.7/site-packages/airflow/example_dags/example_skip_dag.py took 0.183 seconds
[2022-05-05 05:55:21,570] {processor.py:153} INFO - Started process (PID=244) to work on /home/airflow/.local/lib/python3.7/site-packages/airflow/example_dags/example_skip_dag.py
[2022-05-05 05:55:21,570] {processor.py:641} INFO - Processing file /home/airflow/.local/lib/python3.7/site-packages/airflow/example_dags/example_skip_dag.py for tasks to queue
[2022-05-05 05:55:21,571] {logging_mixin.py:115} INFO - [2022-05-05 05:55:21,571] {dagbag.py:507} INFO - Filling up the DagBag from /home/airflow/.local/lib/python3.7/site-packages/airflow/example_dags/example_skip_dag.py
[2022-05-05 05:55:21,575] {processor.py:651} INFO - DAG(s) dict_keys(['example_skip_dag']) retrieved from /home/airflow/.local/lib/python3.7/site-packages/airflow/example_dags/example_skip_dag.py
[2022-05-05 05:55:21,598] {logging_mixin.py:115} INFO - [2022-05-05 05:55:21,598] {dag.py:2371} INFO - Sync 1 DAGs
[2022-05-05 05:55:21,721] {logging_mixin.py:115} INFO - [2022-05-05 05:55:21,721] {dag.py:2919} INFO - Setting next_dagrun for example_skip_dag to 2022-05-04T05:55:21.721259+00:00, run_after=2022-05-05T05:55:21.721259+00:00
[2022-05-05 05:55:21,735] {processor.py:161} INFO - Processing /home/airflow/.local/lib/python3.7/site-packages/airflow/example_dags/example_skip_dag.py took 0.167 seconds
[2022-05-05 05:55:52,238] {processor.py:153} INFO - Started process (PID=306) to work on /home/airflow/.local/lib/python3.7/site-packages/airflow/example_dags/example_skip_dag.py
[2022-05-05 05:55:52,238] {processor.py:641} INFO - Processing file /home/airflow/.local/lib/python3.7/site-packages/airflow/example_dags/example_skip_dag.py for tasks to queue
[2022-05-05 05:55:52,239] {logging_mixin.py:115} INFO - [2022-05-05 05:55:52,239] {dagbag.py:507} INFO - Filling up the DagBag from /home/airflow/.local/lib/python3.7/site-packages/airflow/example_dags/example_skip_dag.py
[2022-05-05 05:55:52,243] {processor.py:651} INFO - DAG(s) dict_keys(['example_skip_dag']) retrieved from /home/airflow/.local/lib/python3.7/site-packages/airflow/example_dags/example_skip_dag.py
[2022-05-05 05:55:52,271] {logging_mixin.py:115} INFO - [2022-05-05 05:55:52,271] {dag.py:2371} INFO - Sync 1 DAGs
[2022-05-05 05:55:52,412] {logging_mixin.py:115} INFO - [2022-05-05 05:55:52,412] {dag.py:2919} INFO - Setting next_dagrun for example_skip_dag to 2022-05-04T05:55:52.412255+00:00, run_after=2022-05-05T05:55:52.412255+00:00
[2022-05-05 05:55:52,430] {processor.py:161} INFO - Processing /home/airflow/.local/lib/python3.7/site-packages/airflow/example_dags/example_skip_dag.py took 0.195 seconds
[2022-05-05 05:56:22,711] {processor.py:153} INFO - Started process (PID=359) to work on /home/airflow/.local/lib/python3.7/site-packages/airflow/example_dags/example_skip_dag.py
[2022-05-05 05:56:22,711] {processor.py:641} INFO - Processing file /home/airflow/.local/lib/python3.7/site-packages/airflow/example_dags/example_skip_dag.py for tasks to queue
[2022-05-05 05:56:22,712] {logging_mixin.py:115} INFO - [2022-05-05 05:56:22,712] {dagbag.py:507} INFO - Filling up the DagBag from /home/airflow/.local/lib/python3.7/site-packages/airflow/example_dags/example_skip_dag.py
[2022-05-05 05:56:22,716] {processor.py:651} INFO - DAG(s) dict_keys(['example_skip_dag']) retrieved from /home/airflow/.local/lib/python3.7/site-packages/airflow/example_dags/example_skip_dag.py
[2022-05-05 05:56:22,738] {logging_mixin.py:115} INFO - [2022-05-05 05:56:22,738] {dag.py:2371} INFO - Sync 1 DAGs
[2022-05-05 05:56:22,859] {logging_mixin.py:115} INFO - [2022-05-05 05:56:22,859] {dag.py:2919} INFO - Setting next_dagrun for example_skip_dag to 2022-05-04T05:56:22.859187+00:00, run_after=2022-05-05T05:56:22.859187+00:00
[2022-05-05 05:56:22,875] {processor.py:161} INFO - Processing /home/airflow/.local/lib/python3.7/site-packages/airflow/example_dags/example_skip_dag.py took 0.166 seconds
[2022-05-05 05:56:53,106] {processor.py:153} INFO - Started process (PID=421) to work on /home/airflow/.local/lib/python3.7/site-packages/airflow/example_dags/example_skip_dag.py
[2022-05-05 05:56:53,107] {processor.py:641} INFO - Processing file /home/airflow/.local/lib/python3.7/site-packages/airflow/example_dags/example_skip_dag.py for tasks to queue
[2022-05-05 05:56:53,108] {logging_mixin.py:115} INFO - [2022-05-05 05:56:53,108] {dagbag.py:507} INFO - Filling up the DagBag from /home/airflow/.local/lib/python3.7/site-packages/airflow/example_dags/example_skip_dag.py
[2022-05-05 05:56:53,112] {processor.py:651} INFO - DAG(s) dict_keys(['example_skip_dag']) retrieved from /home/airflow/.local/lib/python3.7/site-packages/airflow/example_dags/example_skip_dag.py
[2022-05-05 05:56:53,138] {logging_mixin.py:115} INFO - [2022-05-05 05:56:53,138] {dag.py:2371} INFO - Sync 1 DAGs
[2022-05-05 05:56:53,271] {logging_mixin.py:115} INFO - [2022-05-05 05:56:53,271] {dag.py:2919} INFO - Setting next_dagrun for example_skip_dag to 2022-05-04T05:56:53.271523+00:00, run_after=2022-05-05T05:56:53.271523+00:00
[2022-05-05 05:56:53,287] {processor.py:161} INFO - Processing /home/airflow/.local/lib/python3.7/site-packages/airflow/example_dags/example_skip_dag.py took 0.183 seconds
[2022-05-05 05:57:23,668] {processor.py:153} INFO - Started process (PID=483) to work on /home/airflow/.local/lib/python3.7/site-packages/airflow/example_dags/example_skip_dag.py
[2022-05-05 05:57:23,669] {processor.py:641} INFO - Processing file /home/airflow/.local/lib/python3.7/site-packages/airflow/example_dags/example_skip_dag.py for tasks to queue
[2022-05-05 05:57:23,670] {logging_mixin.py:115} INFO - [2022-05-05 05:57:23,670] {dagbag.py:507} INFO - Filling up the DagBag from /home/airflow/.local/lib/python3.7/site-packages/airflow/example_dags/example_skip_dag.py
[2022-05-05 05:57:23,674] {processor.py:651} INFO - DAG(s) dict_keys(['example_skip_dag']) retrieved from /home/airflow/.local/lib/python3.7/site-packages/airflow/example_dags/example_skip_dag.py
[2022-05-05 05:57:23,703] {logging_mixin.py:115} INFO - [2022-05-05 05:57:23,703] {dag.py:2371} INFO - Sync 1 DAGs
[2022-05-05 05:57:23,861] {logging_mixin.py:115} INFO - [2022-05-05 05:57:23,861] {dag.py:2919} INFO - Setting next_dagrun for example_skip_dag to 2022-05-04T05:57:23.861168+00:00, run_after=2022-05-05T05:57:23.861168+00:00
[2022-05-05 05:57:23,877] {processor.py:161} INFO - Processing /home/airflow/.local/lib/python3.7/site-packages/airflow/example_dags/example_skip_dag.py took 0.211 seconds
[2022-05-05 05:57:53,968] {processor.py:153} INFO - Started process (PID=536) to work on /home/airflow/.local/lib/python3.7/site-packages/airflow/example_dags/example_skip_dag.py
[2022-05-05 05:57:53,969] {processor.py:641} INFO - Processing file /home/airflow/.local/lib/python3.7/site-packages/airflow/example_dags/example_skip_dag.py for tasks to queue
[2022-05-05 05:57:53,969] {logging_mixin.py:115} INFO - [2022-05-05 05:57:53,969] {dagbag.py:507} INFO - Filling up the DagBag from /home/airflow/.local/lib/python3.7/site-packages/airflow/example_dags/example_skip_dag.py
[2022-05-05 05:57:53,973] {processor.py:651} INFO - DAG(s) dict_keys(['example_skip_dag']) retrieved from /home/airflow/.local/lib/python3.7/site-packages/airflow/example_dags/example_skip_dag.py
[2022-05-05 05:57:53,998] {logging_mixin.py:115} INFO - [2022-05-05 05:57:53,998] {dag.py:2371} INFO - Sync 1 DAGs
[2022-05-05 05:57:54,122] {logging_mixin.py:115} INFO - [2022-05-05 05:57:54,122] {dag.py:2919} INFO - Setting next_dagrun for example_skip_dag to 2022-05-04T05:57:54.122573+00:00, run_after=2022-05-05T05:57:54.122573+00:00
[2022-05-05 05:57:54,135] {processor.py:161} INFO - Processing /home/airflow/.local/lib/python3.7/site-packages/airflow/example_dags/example_skip_dag.py took 0.169 seconds
[2022-05-05 05:58:24,237] {processor.py:153} INFO - Started process (PID=599) to work on /home/airflow/.local/lib/python3.7/site-packages/airflow/example_dags/example_skip_dag.py
[2022-05-05 05:58:24,237] {processor.py:641} INFO - Processing file /home/airflow/.local/lib/python3.7/site-packages/airflow/example_dags/example_skip_dag.py for tasks to queue
[2022-05-05 05:58:24,238] {logging_mixin.py:115} INFO - [2022-05-05 05:58:24,238] {dagbag.py:507} INFO - Filling up the DagBag from /home/airflow/.local/lib/python3.7/site-packages/airflow/example_dags/example_skip_dag.py
[2022-05-05 05:58:24,241] {processor.py:651} INFO - DAG(s) dict_keys(['example_skip_dag']) retrieved from /home/airflow/.local/lib/python3.7/site-packages/airflow/example_dags/example_skip_dag.py
[2022-05-05 05:58:24,267] {logging_mixin.py:115} INFO - [2022-05-05 05:58:24,267] {dag.py:2371} INFO - Sync 1 DAGs
[2022-05-05 05:58:24,398] {logging_mixin.py:115} INFO - [2022-05-05 05:58:24,398] {dag.py:2919} INFO - Setting next_dagrun for example_skip_dag to 2022-05-04T05:58:24.398339+00:00, run_after=2022-05-05T05:58:24.398339+00:00
[2022-05-05 05:58:24,414] {processor.py:161} INFO - Processing /home/airflow/.local/lib/python3.7/site-packages/airflow/example_dags/example_skip_dag.py took 0.179 seconds
[2022-05-05 05:58:54,568] {processor.py:153} INFO - Started process (PID=658) to work on /home/airflow/.local/lib/python3.7/site-packages/airflow/example_dags/example_skip_dag.py
[2022-05-05 05:58:54,568] {processor.py:641} INFO - Processing file /home/airflow/.local/lib/python3.7/site-packages/airflow/example_dags/example_skip_dag.py for tasks to queue
[2022-05-05 05:58:54,568] {logging_mixin.py:115} INFO - [2022-05-05 05:58:54,568] {dagbag.py:507} INFO - Filling up the DagBag from /home/airflow/.local/lib/python3.7/site-packages/airflow/example_dags/example_skip_dag.py
[2022-05-05 05:58:54,573] {processor.py:651} INFO - DAG(s) dict_keys(['example_skip_dag']) retrieved from /home/airflow/.local/lib/python3.7/site-packages/airflow/example_dags/example_skip_dag.py
[2022-05-05 05:58:54,608] {logging_mixin.py:115} INFO - [2022-05-05 05:58:54,607] {dag.py:2371} INFO - Sync 1 DAGs
[2022-05-05 05:58:54,749] {logging_mixin.py:115} INFO - [2022-05-05 05:58:54,749] {dag.py:2919} INFO - Setting next_dagrun for example_skip_dag to 2022-05-04T05:58:54.749279+00:00, run_after=2022-05-05T05:58:54.749279+00:00
[2022-05-05 05:58:54,766] {processor.py:161} INFO - Processing /home/airflow/.local/lib/python3.7/site-packages/airflow/example_dags/example_skip_dag.py took 0.201 seconds
[2022-05-05 05:59:24,939] {processor.py:153} INFO - Started process (PID=712) to work on /home/airflow/.local/lib/python3.7/site-packages/airflow/example_dags/example_skip_dag.py
[2022-05-05 05:59:24,940] {processor.py:641} INFO - Processing file /home/airflow/.local/lib/python3.7/site-packages/airflow/example_dags/example_skip_dag.py for tasks to queue
[2022-05-05 05:59:24,940] {logging_mixin.py:115} INFO - [2022-05-05 05:59:24,940] {dagbag.py:507} INFO - Filling up the DagBag from /home/airflow/.local/lib/python3.7/site-packages/airflow/example_dags/example_skip_dag.py
[2022-05-05 05:59:24,944] {processor.py:651} INFO - DAG(s) dict_keys(['example_skip_dag']) retrieved from /home/airflow/.local/lib/python3.7/site-packages/airflow/example_dags/example_skip_dag.py
[2022-05-05 05:59:24,974] {logging_mixin.py:115} INFO - [2022-05-05 05:59:24,974] {dag.py:2371} INFO - Sync 1 DAGs
[2022-05-05 05:59:25,112] {logging_mixin.py:115} INFO - [2022-05-05 05:59:25,112] {dag.py:2919} INFO - Setting next_dagrun for example_skip_dag to 2022-05-04T05:59:25.112310+00:00, run_after=2022-05-05T05:59:25.112310+00:00
[2022-05-05 05:59:25,138] {processor.py:161} INFO - Processing /home/airflow/.local/lib/python3.7/site-packages/airflow/example_dags/example_skip_dag.py took 0.202 seconds
[2022-05-05 05:59:55,241] {processor.py:153} INFO - Started process (PID=775) to work on /home/airflow/.local/lib/python3.7/site-packages/airflow/example_dags/example_skip_dag.py
[2022-05-05 05:59:55,242] {processor.py:641} INFO - Processing file /home/airflow/.local/lib/python3.7/site-packages/airflow/example_dags/example_skip_dag.py for tasks to queue
[2022-05-05 05:59:55,243] {logging_mixin.py:115} INFO - [2022-05-05 05:59:55,242] {dagbag.py:507} INFO - Filling up the DagBag from /home/airflow/.local/lib/python3.7/site-packages/airflow/example_dags/example_skip_dag.py
[2022-05-05 05:59:55,247] {processor.py:651} INFO - DAG(s) dict_keys(['example_skip_dag']) retrieved from /home/airflow/.local/lib/python3.7/site-packages/airflow/example_dags/example_skip_dag.py
[2022-05-05 05:59:55,278] {logging_mixin.py:115} INFO - [2022-05-05 05:59:55,278] {dag.py:2371} INFO - Sync 1 DAGs
[2022-05-05 05:59:55,394] {logging_mixin.py:115} INFO - [2022-05-05 05:59:55,394] {dag.py:2919} INFO - Setting next_dagrun for example_skip_dag to 2022-05-04T05:59:55.394133+00:00, run_after=2022-05-05T05:59:55.394133+00:00
[2022-05-05 05:59:55,419] {processor.py:161} INFO - Processing /home/airflow/.local/lib/python3.7/site-packages/airflow/example_dags/example_skip_dag.py took 0.180 seconds
[2022-05-05 06:00:26,010] {processor.py:153} INFO - Started process (PID=828) to work on /home/airflow/.local/lib/python3.7/site-packages/airflow/example_dags/example_skip_dag.py
[2022-05-05 06:00:26,010] {processor.py:641} INFO - Processing file /home/airflow/.local/lib/python3.7/site-packages/airflow/example_dags/example_skip_dag.py for tasks to queue
[2022-05-05 06:00:26,011] {logging_mixin.py:115} INFO - [2022-05-05 06:00:26,011] {dagbag.py:507} INFO - Filling up the DagBag from /home/airflow/.local/lib/python3.7/site-packages/airflow/example_dags/example_skip_dag.py
[2022-05-05 06:00:26,014] {processor.py:651} INFO - DAG(s) dict_keys(['example_skip_dag']) retrieved from /home/airflow/.local/lib/python3.7/site-packages/airflow/example_dags/example_skip_dag.py
[2022-05-05 06:00:26,042] {logging_mixin.py:115} INFO - [2022-05-05 06:00:26,041] {dag.py:2371} INFO - Sync 1 DAGs
[2022-05-05 06:00:26,156] {logging_mixin.py:115} INFO - [2022-05-05 06:00:26,156] {dag.py:2919} INFO - Setting next_dagrun for example_skip_dag to 2022-05-04T06:00:26.156142+00:00, run_after=2022-05-05T06:00:26.156142+00:00
[2022-05-05 06:00:26,168] {processor.py:161} INFO - Processing /home/airflow/.local/lib/python3.7/site-packages/airflow/example_dags/example_skip_dag.py took 0.161 seconds
[2022-05-05 06:00:56,814] {processor.py:153} INFO - Started process (PID=890) to work on /home/airflow/.local/lib/python3.7/site-packages/airflow/example_dags/example_skip_dag.py
[2022-05-05 06:00:56,814] {processor.py:641} INFO - Processing file /home/airflow/.local/lib/python3.7/site-packages/airflow/example_dags/example_skip_dag.py for tasks to queue
[2022-05-05 06:00:56,815] {logging_mixin.py:115} INFO - [2022-05-05 06:00:56,815] {dagbag.py:507} INFO - Filling up the DagBag from /home/airflow/.local/lib/python3.7/site-packages/airflow/example_dags/example_skip_dag.py
[2022-05-05 06:00:56,818] {processor.py:651} INFO - DAG(s) dict_keys(['example_skip_dag']) retrieved from /home/airflow/.local/lib/python3.7/site-packages/airflow/example_dags/example_skip_dag.py
[2022-05-05 06:00:56,846] {logging_mixin.py:115} INFO - [2022-05-05 06:00:56,846] {dag.py:2371} INFO - Sync 1 DAGs
[2022-05-05 06:00:56,967] {logging_mixin.py:115} INFO - [2022-05-05 06:00:56,967] {dag.py:2919} INFO - Setting next_dagrun for example_skip_dag to 2022-05-04T06:00:56.967355+00:00, run_after=2022-05-05T06:00:56.967355+00:00
[2022-05-05 06:00:56,980] {processor.py:161} INFO - Processing /home/airflow/.local/lib/python3.7/site-packages/airflow/example_dags/example_skip_dag.py took 0.168 seconds
[2022-05-05 06:01:27,088] {processor.py:153} INFO - Started process (PID=953) to work on /home/airflow/.local/lib/python3.7/site-packages/airflow/example_dags/example_skip_dag.py
[2022-05-05 06:01:27,088] {processor.py:641} INFO - Processing file /home/airflow/.local/lib/python3.7/site-packages/airflow/example_dags/example_skip_dag.py for tasks to queue
[2022-05-05 06:01:27,089] {logging_mixin.py:115} INFO - [2022-05-05 06:01:27,089] {dagbag.py:507} INFO - Filling up the DagBag from /home/airflow/.local/lib/python3.7/site-packages/airflow/example_dags/example_skip_dag.py
[2022-05-05 06:01:27,092] {processor.py:651} INFO - DAG(s) dict_keys(['example_skip_dag']) retrieved from /home/airflow/.local/lib/python3.7/site-packages/airflow/example_dags/example_skip_dag.py
[2022-05-05 06:01:27,120] {logging_mixin.py:115} INFO - [2022-05-05 06:01:27,120] {dag.py:2371} INFO - Sync 1 DAGs
[2022-05-05 06:01:27,248] {logging_mixin.py:115} INFO - [2022-05-05 06:01:27,248] {dag.py:2919} INFO - Setting next_dagrun for example_skip_dag to 2022-05-04T06:01:27.247821+00:00, run_after=2022-05-05T06:01:27.247821+00:00
[2022-05-05 06:01:27,263] {processor.py:161} INFO - Processing /home/airflow/.local/lib/python3.7/site-packages/airflow/example_dags/example_skip_dag.py took 0.177 seconds
[2022-05-05 06:01:57,345] {processor.py:153} INFO - Started process (PID=1005) to work on /home/airflow/.local/lib/python3.7/site-packages/airflow/example_dags/example_skip_dag.py
[2022-05-05 06:01:57,345] {processor.py:641} INFO - Processing file /home/airflow/.local/lib/python3.7/site-packages/airflow/example_dags/example_skip_dag.py for tasks to queue
[2022-05-05 06:01:57,345] {logging_mixin.py:115} INFO - [2022-05-05 06:01:57,345] {dagbag.py:507} INFO - Filling up the DagBag from /home/airflow/.local/lib/python3.7/site-packages/airflow/example_dags/example_skip_dag.py
[2022-05-05 06:01:57,349] {processor.py:651} INFO - DAG(s) dict_keys(['example_skip_dag']) retrieved from /home/airflow/.local/lib/python3.7/site-packages/airflow/example_dags/example_skip_dag.py
[2022-05-05 06:01:57,381] {logging_mixin.py:115} INFO - [2022-05-05 06:01:57,381] {dag.py:2371} INFO - Sync 1 DAGs
[2022-05-05 06:01:57,496] {logging_mixin.py:115} INFO - [2022-05-05 06:01:57,496] {dag.py:2919} INFO - Setting next_dagrun for example_skip_dag to 2022-05-04T06:01:57.496065+00:00, run_after=2022-05-05T06:01:57.496065+00:00
[2022-05-05 06:01:57,510] {processor.py:161} INFO - Processing /home/airflow/.local/lib/python3.7/site-packages/airflow/example_dags/example_skip_dag.py took 0.168 seconds
[2022-05-05 06:02:27,668] {processor.py:153} INFO - Started process (PID=1069) to work on /home/airflow/.local/lib/python3.7/site-packages/airflow/example_dags/example_skip_dag.py
[2022-05-05 06:02:27,669] {processor.py:641} INFO - Processing file /home/airflow/.local/lib/python3.7/site-packages/airflow/example_dags/example_skip_dag.py for tasks to queue
[2022-05-05 06:02:27,670] {logging_mixin.py:115} INFO - [2022-05-05 06:02:27,669] {dagbag.py:507} INFO - Filling up the DagBag from /home/airflow/.local/lib/python3.7/site-packages/airflow/example_dags/example_skip_dag.py
[2022-05-05 06:02:27,674] {processor.py:651} INFO - DAG(s) dict_keys(['example_skip_dag']) retrieved from /home/airflow/.local/lib/python3.7/site-packages/airflow/example_dags/example_skip_dag.py
[2022-05-05 06:02:27,703] {logging_mixin.py:115} INFO - [2022-05-05 06:02:27,703] {dag.py:2371} INFO - Sync 1 DAGs
[2022-05-05 06:02:27,825] {logging_mixin.py:115} INFO - [2022-05-05 06:02:27,825] {dag.py:2919} INFO - Setting next_dagrun for example_skip_dag to 2022-05-04T06:02:27.825631+00:00, run_after=2022-05-05T06:02:27.825631+00:00
[2022-05-05 06:02:27,839] {processor.py:161} INFO - Processing /home/airflow/.local/lib/python3.7/site-packages/airflow/example_dags/example_skip_dag.py took 0.174 seconds
[2022-05-05 06:02:58,103] {processor.py:153} INFO - Started process (PID=1132) to work on /home/airflow/.local/lib/python3.7/site-packages/airflow/example_dags/example_skip_dag.py
[2022-05-05 06:02:58,103] {processor.py:641} INFO - Processing file /home/airflow/.local/lib/python3.7/site-packages/airflow/example_dags/example_skip_dag.py for tasks to queue
[2022-05-05 06:02:58,104] {logging_mixin.py:115} INFO - [2022-05-05 06:02:58,104] {dagbag.py:507} INFO - Filling up the DagBag from /home/airflow/.local/lib/python3.7/site-packages/airflow/example_dags/example_skip_dag.py
[2022-05-05 06:02:58,108] {processor.py:651} INFO - DAG(s) dict_keys(['example_skip_dag']) retrieved from /home/airflow/.local/lib/python3.7/site-packages/airflow/example_dags/example_skip_dag.py
[2022-05-05 06:02:58,134] {logging_mixin.py:115} INFO - [2022-05-05 06:02:58,134] {dag.py:2371} INFO - Sync 1 DAGs
[2022-05-05 06:02:58,250] {logging_mixin.py:115} INFO - [2022-05-05 06:02:58,250] {dag.py:2919} INFO - Setting next_dagrun for example_skip_dag to 2022-05-04T06:02:58.249849+00:00, run_after=2022-05-05T06:02:58.249849+00:00
[2022-05-05 06:02:58,262] {processor.py:161} INFO - Processing /home/airflow/.local/lib/python3.7/site-packages/airflow/example_dags/example_skip_dag.py took 0.161 seconds
[2022-05-05 06:03:28,596] {processor.py:153} INFO - Started process (PID=1186) to work on /home/airflow/.local/lib/python3.7/site-packages/airflow/example_dags/example_skip_dag.py
[2022-05-05 06:03:28,597] {processor.py:641} INFO - Processing file /home/airflow/.local/lib/python3.7/site-packages/airflow/example_dags/example_skip_dag.py for tasks to queue
[2022-05-05 06:03:28,598] {logging_mixin.py:115} INFO - [2022-05-05 06:03:28,598] {dagbag.py:507} INFO - Filling up the DagBag from /home/airflow/.local/lib/python3.7/site-packages/airflow/example_dags/example_skip_dag.py
[2022-05-05 06:03:28,602] {processor.py:651} INFO - DAG(s) dict_keys(['example_skip_dag']) retrieved from /home/airflow/.local/lib/python3.7/site-packages/airflow/example_dags/example_skip_dag.py
[2022-05-05 06:03:28,631] {logging_mixin.py:115} INFO - [2022-05-05 06:03:28,631] {dag.py:2371} INFO - Sync 1 DAGs
[2022-05-05 06:03:28,771] {logging_mixin.py:115} INFO - [2022-05-05 06:03:28,771] {dag.py:2919} INFO - Setting next_dagrun for example_skip_dag to 2022-05-04T06:03:28.770836+00:00, run_after=2022-05-05T06:03:28.770836+00:00
[2022-05-05 06:03:28,787] {processor.py:161} INFO - Processing /home/airflow/.local/lib/python3.7/site-packages/airflow/example_dags/example_skip_dag.py took 0.193 seconds
[2022-05-05 06:03:59,419] {processor.py:153} INFO - Started process (PID=1249) to work on /home/airflow/.local/lib/python3.7/site-packages/airflow/example_dags/example_skip_dag.py
[2022-05-05 06:03:59,419] {processor.py:641} INFO - Processing file /home/airflow/.local/lib/python3.7/site-packages/airflow/example_dags/example_skip_dag.py for tasks to queue
[2022-05-05 06:03:59,420] {logging_mixin.py:115} INFO - [2022-05-05 06:03:59,419] {dagbag.py:507} INFO - Filling up the DagBag from /home/airflow/.local/lib/python3.7/site-packages/airflow/example_dags/example_skip_dag.py
[2022-05-05 06:03:59,423] {processor.py:651} INFO - DAG(s) dict_keys(['example_skip_dag']) retrieved from /home/airflow/.local/lib/python3.7/site-packages/airflow/example_dags/example_skip_dag.py
[2022-05-05 06:03:59,450] {logging_mixin.py:115} INFO - [2022-05-05 06:03:59,450] {dag.py:2371} INFO - Sync 1 DAGs
[2022-05-05 06:03:59,472] {logging_mixin.py:115} INFO - [2022-05-05 06:03:59,472] {dag.py:2919} INFO - Setting next_dagrun for example_skip_dag to 2022-05-04T06:03:59.471754+00:00, run_after=2022-05-05T06:03:59.471754+00:00
[2022-05-05 06:03:59,486] {processor.py:161} INFO - Processing /home/airflow/.local/lib/python3.7/site-packages/airflow/example_dags/example_skip_dag.py took 0.069 seconds
[2022-05-05 06:04:30,521] {processor.py:153} INFO - Started process (PID=1311) to work on /home/airflow/.local/lib/python3.7/site-packages/airflow/example_dags/example_skip_dag.py
[2022-05-05 06:04:30,522] {processor.py:641} INFO - Processing file /home/airflow/.local/lib/python3.7/site-packages/airflow/example_dags/example_skip_dag.py for tasks to queue
[2022-05-05 06:04:30,522] {logging_mixin.py:115} INFO - [2022-05-05 06:04:30,522] {dagbag.py:507} INFO - Filling up the DagBag from /home/airflow/.local/lib/python3.7/site-packages/airflow/example_dags/example_skip_dag.py
[2022-05-05 06:04:30,526] {processor.py:651} INFO - DAG(s) dict_keys(['example_skip_dag']) retrieved from /home/airflow/.local/lib/python3.7/site-packages/airflow/example_dags/example_skip_dag.py
[2022-05-05 06:04:30,551] {logging_mixin.py:115} INFO - [2022-05-05 06:04:30,551] {dag.py:2371} INFO - Sync 1 DAGs
[2022-05-05 06:04:30,571] {logging_mixin.py:115} INFO - [2022-05-05 06:04:30,571] {dag.py:2919} INFO - Setting next_dagrun for example_skip_dag to 2022-05-04T06:04:30.571663+00:00, run_after=2022-05-05T06:04:30.571663+00:00
[2022-05-05 06:04:30,584] {processor.py:161} INFO - Processing /home/airflow/.local/lib/python3.7/site-packages/airflow/example_dags/example_skip_dag.py took 0.065 seconds
[2022-05-05 06:05:01,201] {processor.py:153} INFO - Started process (PID=1364) to work on /home/airflow/.local/lib/python3.7/site-packages/airflow/example_dags/example_skip_dag.py
[2022-05-05 06:05:01,201] {processor.py:641} INFO - Processing file /home/airflow/.local/lib/python3.7/site-packages/airflow/example_dags/example_skip_dag.py for tasks to queue
[2022-05-05 06:05:01,202] {logging_mixin.py:115} INFO - [2022-05-05 06:05:01,201] {dagbag.py:507} INFO - Filling up the DagBag from /home/airflow/.local/lib/python3.7/site-packages/airflow/example_dags/example_skip_dag.py
[2022-05-05 06:05:01,205] {processor.py:651} INFO - DAG(s) dict_keys(['example_skip_dag']) retrieved from /home/airflow/.local/lib/python3.7/site-packages/airflow/example_dags/example_skip_dag.py
[2022-05-05 06:05:01,235] {logging_mixin.py:115} INFO - [2022-05-05 06:05:01,235] {dag.py:2371} INFO - Sync 1 DAGs
[2022-05-05 06:05:01,259] {logging_mixin.py:115} INFO - [2022-05-05 06:05:01,259] {dag.py:2919} INFO - Setting next_dagrun for example_skip_dag to 2022-05-04T06:05:01.259493+00:00, run_after=2022-05-05T06:05:01.259493+00:00
[2022-05-05 06:05:01,274] {processor.py:161} INFO - Processing /home/airflow/.local/lib/python3.7/site-packages/airflow/example_dags/example_skip_dag.py took 0.076 seconds
[2022-05-05 06:05:31,798] {processor.py:153} INFO - Started process (PID=1425) to work on /home/airflow/.local/lib/python3.7/site-packages/airflow/example_dags/example_skip_dag.py
[2022-05-05 06:05:31,799] {processor.py:641} INFO - Processing file /home/airflow/.local/lib/python3.7/site-packages/airflow/example_dags/example_skip_dag.py for tasks to queue
[2022-05-05 06:05:31,799] {logging_mixin.py:115} INFO - [2022-05-05 06:05:31,799] {dagbag.py:507} INFO - Filling up the DagBag from /home/airflow/.local/lib/python3.7/site-packages/airflow/example_dags/example_skip_dag.py
[2022-05-05 06:05:31,803] {processor.py:651} INFO - DAG(s) dict_keys(['example_skip_dag']) retrieved from /home/airflow/.local/lib/python3.7/site-packages/airflow/example_dags/example_skip_dag.py
[2022-05-05 06:05:31,830] {logging_mixin.py:115} INFO - [2022-05-05 06:05:31,830] {dag.py:2371} INFO - Sync 1 DAGs
[2022-05-05 06:05:31,852] {logging_mixin.py:115} INFO - [2022-05-05 06:05:31,852] {dag.py:2919} INFO - Setting next_dagrun for example_skip_dag to 2022-05-04T06:05:31.852014+00:00, run_after=2022-05-05T06:05:31.852014+00:00
[2022-05-05 06:05:31,865] {processor.py:161} INFO - Processing /home/airflow/.local/lib/python3.7/site-packages/airflow/example_dags/example_skip_dag.py took 0.069 seconds
[2022-05-05 06:06:02,394] {processor.py:153} INFO - Started process (PID=1488) to work on /home/airflow/.local/lib/python3.7/site-packages/airflow/example_dags/example_skip_dag.py
[2022-05-05 06:06:02,394] {processor.py:641} INFO - Processing file /home/airflow/.local/lib/python3.7/site-packages/airflow/example_dags/example_skip_dag.py for tasks to queue
[2022-05-05 06:06:02,395] {logging_mixin.py:115} INFO - [2022-05-05 06:06:02,394] {dagbag.py:507} INFO - Filling up the DagBag from /home/airflow/.local/lib/python3.7/site-packages/airflow/example_dags/example_skip_dag.py
[2022-05-05 06:06:02,398] {processor.py:651} INFO - DAG(s) dict_keys(['example_skip_dag']) retrieved from /home/airflow/.local/lib/python3.7/site-packages/airflow/example_dags/example_skip_dag.py
[2022-05-05 06:06:02,423] {logging_mixin.py:115} INFO - [2022-05-05 06:06:02,423] {dag.py:2371} INFO - Sync 1 DAGs
[2022-05-05 06:06:02,442] {logging_mixin.py:115} INFO - [2022-05-05 06:06:02,442] {dag.py:2919} INFO - Setting next_dagrun for example_skip_dag to 2022-05-04T06:06:02.442482+00:00, run_after=2022-05-05T06:06:02.442482+00:00
[2022-05-05 06:06:02,454] {processor.py:161} INFO - Processing /home/airflow/.local/lib/python3.7/site-packages/airflow/example_dags/example_skip_dag.py took 0.062 seconds
[2022-05-05 06:06:33,266] {processor.py:153} INFO - Started process (PID=1540) to work on /home/airflow/.local/lib/python3.7/site-packages/airflow/example_dags/example_skip_dag.py
[2022-05-05 06:06:33,267] {processor.py:641} INFO - Processing file /home/airflow/.local/lib/python3.7/site-packages/airflow/example_dags/example_skip_dag.py for tasks to queue
[2022-05-05 06:06:33,267] {logging_mixin.py:115} INFO - [2022-05-05 06:06:33,267] {dagbag.py:507} INFO - Filling up the DagBag from /home/airflow/.local/lib/python3.7/site-packages/airflow/example_dags/example_skip_dag.py
[2022-05-05 06:06:33,272] {processor.py:651} INFO - DAG(s) dict_keys(['example_skip_dag']) retrieved from /home/airflow/.local/lib/python3.7/site-packages/airflow/example_dags/example_skip_dag.py
[2022-05-05 06:06:33,297] {logging_mixin.py:115} INFO - [2022-05-05 06:06:33,297] {dag.py:2371} INFO - Sync 1 DAGs
[2022-05-05 06:06:33,319] {logging_mixin.py:115} INFO - [2022-05-05 06:06:33,319] {dag.py:2919} INFO - Setting next_dagrun for example_skip_dag to 2022-05-04T06:06:33.319104+00:00, run_after=2022-05-05T06:06:33.319104+00:00
[2022-05-05 06:06:33,332] {processor.py:161} INFO - Processing /home/airflow/.local/lib/python3.7/site-packages/airflow/example_dags/example_skip_dag.py took 0.068 seconds
[2022-05-05 06:07:04,195] {processor.py:153} INFO - Started process (PID=1603) to work on /home/airflow/.local/lib/python3.7/site-packages/airflow/example_dags/example_skip_dag.py
[2022-05-05 06:07:04,196] {processor.py:641} INFO - Processing file /home/airflow/.local/lib/python3.7/site-packages/airflow/example_dags/example_skip_dag.py for tasks to queue
[2022-05-05 06:07:04,197] {logging_mixin.py:115} INFO - [2022-05-05 06:07:04,197] {dagbag.py:507} INFO - Filling up the DagBag from /home/airflow/.local/lib/python3.7/site-packages/airflow/example_dags/example_skip_dag.py
[2022-05-05 06:07:04,201] {processor.py:651} INFO - DAG(s) dict_keys(['example_skip_dag']) retrieved from /home/airflow/.local/lib/python3.7/site-packages/airflow/example_dags/example_skip_dag.py
[2022-05-05 06:07:04,232] {logging_mixin.py:115} INFO - [2022-05-05 06:07:04,232] {dag.py:2371} INFO - Sync 1 DAGs
[2022-05-05 06:07:04,254] {logging_mixin.py:115} INFO - [2022-05-05 06:07:04,254] {dag.py:2919} INFO - Setting next_dagrun for example_skip_dag to 2022-05-04T06:07:04.253860+00:00, run_after=2022-05-05T06:07:04.253860+00:00
[2022-05-05 06:07:04,270] {processor.py:161} INFO - Processing /home/airflow/.local/lib/python3.7/site-packages/airflow/example_dags/example_skip_dag.py took 0.078 seconds
[2022-05-05 06:07:34,943] {processor.py:153} INFO - Started process (PID=1664) to work on /home/airflow/.local/lib/python3.7/site-packages/airflow/example_dags/example_skip_dag.py
[2022-05-05 06:07:34,944] {processor.py:641} INFO - Processing file /home/airflow/.local/lib/python3.7/site-packages/airflow/example_dags/example_skip_dag.py for tasks to queue
[2022-05-05 06:07:34,944] {logging_mixin.py:115} INFO - [2022-05-05 06:07:34,944] {dagbag.py:507} INFO - Filling up the DagBag from /home/airflow/.local/lib/python3.7/site-packages/airflow/example_dags/example_skip_dag.py
[2022-05-05 06:07:34,947] {processor.py:651} INFO - DAG(s) dict_keys(['example_skip_dag']) retrieved from /home/airflow/.local/lib/python3.7/site-packages/airflow/example_dags/example_skip_dag.py
[2022-05-05 06:07:34,976] {logging_mixin.py:115} INFO - [2022-05-05 06:07:34,976] {dag.py:2371} INFO - Sync 1 DAGs
[2022-05-05 06:07:34,998] {logging_mixin.py:115} INFO - [2022-05-05 06:07:34,998] {dag.py:2919} INFO - Setting next_dagrun for example_skip_dag to 2022-05-04T06:07:34.998189+00:00, run_after=2022-05-05T06:07:34.998189+00:00
[2022-05-05 06:07:35,013] {processor.py:161} INFO - Processing /home/airflow/.local/lib/python3.7/site-packages/airflow/example_dags/example_skip_dag.py took 0.072 seconds
[2022-05-05 06:08:05,639] {processor.py:153} INFO - Started process (PID=1717) to work on /home/airflow/.local/lib/python3.7/site-packages/airflow/example_dags/example_skip_dag.py
[2022-05-05 06:08:05,639] {processor.py:641} INFO - Processing file /home/airflow/.local/lib/python3.7/site-packages/airflow/example_dags/example_skip_dag.py for tasks to queue
[2022-05-05 06:08:05,640] {logging_mixin.py:115} INFO - [2022-05-05 06:08:05,640] {dagbag.py:507} INFO - Filling up the DagBag from /home/airflow/.local/lib/python3.7/site-packages/airflow/example_dags/example_skip_dag.py
[2022-05-05 06:08:05,644] {processor.py:651} INFO - DAG(s) dict_keys(['example_skip_dag']) retrieved from /home/airflow/.local/lib/python3.7/site-packages/airflow/example_dags/example_skip_dag.py
[2022-05-05 06:08:05,674] {logging_mixin.py:115} INFO - [2022-05-05 06:08:05,673] {dag.py:2371} INFO - Sync 1 DAGs
[2022-05-05 06:08:05,696] {logging_mixin.py:115} INFO - [2022-05-05 06:08:05,696] {dag.py:2919} INFO - Setting next_dagrun for example_skip_dag to 2022-05-04T06:08:05.696317+00:00, run_after=2022-05-05T06:08:05.696317+00:00
[2022-05-05 06:08:05,710] {processor.py:161} INFO - Processing /home/airflow/.local/lib/python3.7/site-packages/airflow/example_dags/example_skip_dag.py took 0.074 seconds
[2022-05-05 06:08:36,332] {processor.py:153} INFO - Started process (PID=1780) to work on /home/airflow/.local/lib/python3.7/site-packages/airflow/example_dags/example_skip_dag.py
[2022-05-05 06:08:36,332] {processor.py:641} INFO - Processing file /home/airflow/.local/lib/python3.7/site-packages/airflow/example_dags/example_skip_dag.py for tasks to queue
[2022-05-05 06:08:36,333] {logging_mixin.py:115} INFO - [2022-05-05 06:08:36,332] {dagbag.py:507} INFO - Filling up the DagBag from /home/airflow/.local/lib/python3.7/site-packages/airflow/example_dags/example_skip_dag.py
[2022-05-05 06:08:36,336] {processor.py:651} INFO - DAG(s) dict_keys(['example_skip_dag']) retrieved from /home/airflow/.local/lib/python3.7/site-packages/airflow/example_dags/example_skip_dag.py
[2022-05-05 06:08:36,362] {logging_mixin.py:115} INFO - [2022-05-05 06:08:36,362] {dag.py:2371} INFO - Sync 1 DAGs
[2022-05-05 06:08:36,382] {logging_mixin.py:115} INFO - [2022-05-05 06:08:36,382] {dag.py:2919} INFO - Setting next_dagrun for example_skip_dag to 2022-05-04T06:08:36.381906+00:00, run_after=2022-05-05T06:08:36.381906+00:00
[2022-05-05 06:08:36,395] {processor.py:161} INFO - Processing /home/airflow/.local/lib/python3.7/site-packages/airflow/example_dags/example_skip_dag.py took 0.065 seconds
[2022-05-05 06:09:07,353] {processor.py:153} INFO - Started process (PID=1843) to work on /home/airflow/.local/lib/python3.7/site-packages/airflow/example_dags/example_skip_dag.py
[2022-05-05 06:09:07,354] {processor.py:641} INFO - Processing file /home/airflow/.local/lib/python3.7/site-packages/airflow/example_dags/example_skip_dag.py for tasks to queue
[2022-05-05 06:09:07,354] {logging_mixin.py:115} INFO - [2022-05-05 06:09:07,354] {dagbag.py:507} INFO - Filling up the DagBag from /home/airflow/.local/lib/python3.7/site-packages/airflow/example_dags/example_skip_dag.py
[2022-05-05 06:09:07,360] {processor.py:651} INFO - DAG(s) dict_keys(['example_skip_dag']) retrieved from /home/airflow/.local/lib/python3.7/site-packages/airflow/example_dags/example_skip_dag.py
[2022-05-05 06:09:07,510] {logging_mixin.py:115} INFO - [2022-05-05 06:09:07,510] {dag.py:2371} INFO - Sync 1 DAGs
[2022-05-05 06:09:07,531] {logging_mixin.py:115} INFO - [2022-05-05 06:09:07,531] {dag.py:2919} INFO - Setting next_dagrun for example_skip_dag to 2022-05-04T06:09:07.531473+00:00, run_after=2022-05-05T06:09:07.531473+00:00
[2022-05-05 06:09:07,546] {processor.py:161} INFO - Processing /home/airflow/.local/lib/python3.7/site-packages/airflow/example_dags/example_skip_dag.py took 0.197 seconds
[2022-05-05 06:09:37,624] {processor.py:153} INFO - Started process (PID=1896) to work on /home/airflow/.local/lib/python3.7/site-packages/airflow/example_dags/example_skip_dag.py
[2022-05-05 06:09:37,625] {processor.py:641} INFO - Processing file /home/airflow/.local/lib/python3.7/site-packages/airflow/example_dags/example_skip_dag.py for tasks to queue
[2022-05-05 06:09:37,625] {logging_mixin.py:115} INFO - [2022-05-05 06:09:37,625] {dagbag.py:507} INFO - Filling up the DagBag from /home/airflow/.local/lib/python3.7/site-packages/airflow/example_dags/example_skip_dag.py
[2022-05-05 06:09:37,629] {processor.py:651} INFO - DAG(s) dict_keys(['example_skip_dag']) retrieved from /home/airflow/.local/lib/python3.7/site-packages/airflow/example_dags/example_skip_dag.py
[2022-05-05 06:09:37,766] {logging_mixin.py:115} INFO - [2022-05-05 06:09:37,765] {dag.py:2371} INFO - Sync 1 DAGs
[2022-05-05 06:09:37,786] {logging_mixin.py:115} INFO - [2022-05-05 06:09:37,785] {dag.py:2919} INFO - Setting next_dagrun for example_skip_dag to 2022-05-04T06:09:37.785710+00:00, run_after=2022-05-05T06:09:37.785710+00:00
[2022-05-05 06:09:37,801] {processor.py:161} INFO - Processing /home/airflow/.local/lib/python3.7/site-packages/airflow/example_dags/example_skip_dag.py took 0.179 seconds
[2022-05-05 06:10:08,270] {processor.py:153} INFO - Started process (PID=1957) to work on /home/airflow/.local/lib/python3.7/site-packages/airflow/example_dags/example_skip_dag.py
[2022-05-05 06:10:08,271] {processor.py:641} INFO - Processing file /home/airflow/.local/lib/python3.7/site-packages/airflow/example_dags/example_skip_dag.py for tasks to queue
[2022-05-05 06:10:08,272] {logging_mixin.py:115} INFO - [2022-05-05 06:10:08,272] {dagbag.py:507} INFO - Filling up the DagBag from /home/airflow/.local/lib/python3.7/site-packages/airflow/example_dags/example_skip_dag.py
[2022-05-05 06:10:08,276] {processor.py:651} INFO - DAG(s) dict_keys(['example_skip_dag']) retrieved from /home/airflow/.local/lib/python3.7/site-packages/airflow/example_dags/example_skip_dag.py
[2022-05-05 06:10:08,428] {logging_mixin.py:115} INFO - [2022-05-05 06:10:08,428] {dag.py:2371} INFO - Sync 1 DAGs
[2022-05-05 06:10:08,451] {logging_mixin.py:115} INFO - [2022-05-05 06:10:08,451] {dag.py:2919} INFO - Setting next_dagrun for example_skip_dag to 2022-05-04T06:10:08.450994+00:00, run_after=2022-05-05T06:10:08.450994+00:00
[2022-05-05 06:10:08,465] {processor.py:161} INFO - Processing /home/airflow/.local/lib/python3.7/site-packages/airflow/example_dags/example_skip_dag.py took 0.197 seconds
[2022-05-05 06:10:38,634] {processor.py:153} INFO - Started process (PID=2018) to work on /home/airflow/.local/lib/python3.7/site-packages/airflow/example_dags/example_skip_dag.py
[2022-05-05 06:10:38,634] {processor.py:641} INFO - Processing file /home/airflow/.local/lib/python3.7/site-packages/airflow/example_dags/example_skip_dag.py for tasks to queue
[2022-05-05 06:10:38,635] {logging_mixin.py:115} INFO - [2022-05-05 06:10:38,635] {dagbag.py:507} INFO - Filling up the DagBag from /home/airflow/.local/lib/python3.7/site-packages/airflow/example_dags/example_skip_dag.py
[2022-05-05 06:10:38,639] {processor.py:651} INFO - DAG(s) dict_keys(['example_skip_dag']) retrieved from /home/airflow/.local/lib/python3.7/site-packages/airflow/example_dags/example_skip_dag.py
[2022-05-05 06:10:38,782] {logging_mixin.py:115} INFO - [2022-05-05 06:10:38,782] {dag.py:2371} INFO - Sync 1 DAGs
[2022-05-05 06:10:38,805] {logging_mixin.py:115} INFO - [2022-05-05 06:10:38,805] {dag.py:2919} INFO - Setting next_dagrun for example_skip_dag to 2022-05-04T06:10:38.805356+00:00, run_after=2022-05-05T06:10:38.805356+00:00
[2022-05-05 06:10:38,822] {processor.py:161} INFO - Processing /home/airflow/.local/lib/python3.7/site-packages/airflow/example_dags/example_skip_dag.py took 0.191 seconds
[2022-05-05 06:11:09,374] {processor.py:153} INFO - Started process (PID=2072) to work on /home/airflow/.local/lib/python3.7/site-packages/airflow/example_dags/example_skip_dag.py
[2022-05-05 06:11:09,375] {processor.py:641} INFO - Processing file /home/airflow/.local/lib/python3.7/site-packages/airflow/example_dags/example_skip_dag.py for tasks to queue
[2022-05-05 06:11:09,375] {logging_mixin.py:115} INFO - [2022-05-05 06:11:09,375] {dagbag.py:507} INFO - Filling up the DagBag from /home/airflow/.local/lib/python3.7/site-packages/airflow/example_dags/example_skip_dag.py
[2022-05-05 06:11:09,380] {processor.py:651} INFO - DAG(s) dict_keys(['example_skip_dag']) retrieved from /home/airflow/.local/lib/python3.7/site-packages/airflow/example_dags/example_skip_dag.py
[2022-05-05 06:11:09,525] {logging_mixin.py:115} INFO - [2022-05-05 06:11:09,525] {dag.py:2371} INFO - Sync 1 DAGs
[2022-05-05 06:11:09,546] {logging_mixin.py:115} INFO - [2022-05-05 06:11:09,546] {dag.py:2919} INFO - Setting next_dagrun for example_skip_dag to 2022-05-04T06:11:09.546148+00:00, run_after=2022-05-05T06:11:09.546148+00:00
[2022-05-05 06:11:09,562] {processor.py:161} INFO - Processing /home/airflow/.local/lib/python3.7/site-packages/airflow/example_dags/example_skip_dag.py took 0.191 seconds
[2022-05-05 06:11:40,365] {processor.py:153} INFO - Started process (PID=2133) to work on /home/airflow/.local/lib/python3.7/site-packages/airflow/example_dags/example_skip_dag.py
[2022-05-05 06:11:40,366] {processor.py:641} INFO - Processing file /home/airflow/.local/lib/python3.7/site-packages/airflow/example_dags/example_skip_dag.py for tasks to queue
[2022-05-05 06:11:40,367] {logging_mixin.py:115} INFO - [2022-05-05 06:11:40,367] {dagbag.py:507} INFO - Filling up the DagBag from /home/airflow/.local/lib/python3.7/site-packages/airflow/example_dags/example_skip_dag.py
[2022-05-05 06:11:40,370] {processor.py:651} INFO - DAG(s) dict_keys(['example_skip_dag']) retrieved from /home/airflow/.local/lib/python3.7/site-packages/airflow/example_dags/example_skip_dag.py
[2022-05-05 06:11:40,487] {logging_mixin.py:115} INFO - [2022-05-05 06:11:40,487] {dag.py:2371} INFO - Sync 1 DAGs
[2022-05-05 06:11:40,508] {logging_mixin.py:115} INFO - [2022-05-05 06:11:40,508] {dag.py:2919} INFO - Setting next_dagrun for example_skip_dag to 2022-05-04T06:11:40.507748+00:00, run_after=2022-05-05T06:11:40.507748+00:00
[2022-05-05 06:11:40,523] {processor.py:161} INFO - Processing /home/airflow/.local/lib/python3.7/site-packages/airflow/example_dags/example_skip_dag.py took 0.160 seconds
[2022-05-05 06:12:10,697] {processor.py:153} INFO - Started process (PID=2194) to work on /home/airflow/.local/lib/python3.7/site-packages/airflow/example_dags/example_skip_dag.py
[2022-05-05 06:12:10,697] {processor.py:641} INFO - Processing file /home/airflow/.local/lib/python3.7/site-packages/airflow/example_dags/example_skip_dag.py for tasks to queue
[2022-05-05 06:12:10,698] {logging_mixin.py:115} INFO - [2022-05-05 06:12:10,698] {dagbag.py:507} INFO - Filling up the DagBag from /home/airflow/.local/lib/python3.7/site-packages/airflow/example_dags/example_skip_dag.py
[2022-05-05 06:12:10,703] {processor.py:651} INFO - DAG(s) dict_keys(['example_skip_dag']) retrieved from /home/airflow/.local/lib/python3.7/site-packages/airflow/example_dags/example_skip_dag.py
[2022-05-05 06:12:10,847] {logging_mixin.py:115} INFO - [2022-05-05 06:12:10,847] {dag.py:2371} INFO - Sync 1 DAGs
[2022-05-05 06:12:10,872] {logging_mixin.py:115} INFO - [2022-05-05 06:12:10,872] {dag.py:2919} INFO - Setting next_dagrun for example_skip_dag to 2022-05-04T06:12:10.872050+00:00, run_after=2022-05-05T06:12:10.872050+00:00
[2022-05-05 06:12:10,885] {processor.py:161} INFO - Processing /home/airflow/.local/lib/python3.7/site-packages/airflow/example_dags/example_skip_dag.py took 0.191 seconds
[2022-05-05 06:12:41,076] {processor.py:153} INFO - Started process (PID=2246) to work on /home/airflow/.local/lib/python3.7/site-packages/airflow/example_dags/example_skip_dag.py
[2022-05-05 06:12:41,077] {processor.py:641} INFO - Processing file /home/airflow/.local/lib/python3.7/site-packages/airflow/example_dags/example_skip_dag.py for tasks to queue
[2022-05-05 06:12:41,078] {logging_mixin.py:115} INFO - [2022-05-05 06:12:41,078] {dagbag.py:507} INFO - Filling up the DagBag from /home/airflow/.local/lib/python3.7/site-packages/airflow/example_dags/example_skip_dag.py
[2022-05-05 06:12:41,082] {processor.py:651} INFO - DAG(s) dict_keys(['example_skip_dag']) retrieved from /home/airflow/.local/lib/python3.7/site-packages/airflow/example_dags/example_skip_dag.py
[2022-05-05 06:12:41,207] {logging_mixin.py:115} INFO - [2022-05-05 06:12:41,207] {dag.py:2371} INFO - Sync 1 DAGs
[2022-05-05 06:12:41,227] {logging_mixin.py:115} INFO - [2022-05-05 06:12:41,226] {dag.py:2919} INFO - Setting next_dagrun for example_skip_dag to 2022-05-04T06:12:41.226552+00:00, run_after=2022-05-05T06:12:41.226552+00:00
[2022-05-05 06:12:41,240] {processor.py:161} INFO - Processing /home/airflow/.local/lib/python3.7/site-packages/airflow/example_dags/example_skip_dag.py took 0.166 seconds
[2022-05-05 06:13:11,622] {processor.py:153} INFO - Started process (PID=2308) to work on /home/airflow/.local/lib/python3.7/site-packages/airflow/example_dags/example_skip_dag.py
[2022-05-05 06:13:11,622] {processor.py:641} INFO - Processing file /home/airflow/.local/lib/python3.7/site-packages/airflow/example_dags/example_skip_dag.py for tasks to queue
[2022-05-05 06:13:11,623] {logging_mixin.py:115} INFO - [2022-05-05 06:13:11,623] {dagbag.py:507} INFO - Filling up the DagBag from /home/airflow/.local/lib/python3.7/site-packages/airflow/example_dags/example_skip_dag.py
[2022-05-05 06:13:11,626] {processor.py:651} INFO - DAG(s) dict_keys(['example_skip_dag']) retrieved from /home/airflow/.local/lib/python3.7/site-packages/airflow/example_dags/example_skip_dag.py
[2022-05-05 06:13:11,781] {logging_mixin.py:115} INFO - [2022-05-05 06:13:11,781] {dag.py:2371} INFO - Sync 1 DAGs
[2022-05-05 06:13:11,802] {logging_mixin.py:115} INFO - [2022-05-05 06:13:11,802] {dag.py:2919} INFO - Setting next_dagrun for example_skip_dag to 2022-05-04T06:13:11.802036+00:00, run_after=2022-05-05T06:13:11.802036+00:00
[2022-05-05 06:13:11,815] {processor.py:161} INFO - Processing /home/airflow/.local/lib/python3.7/site-packages/airflow/example_dags/example_skip_dag.py took 0.195 seconds
[2022-05-05 06:13:41,960] {processor.py:153} INFO - Started process (PID=2368) to work on /home/airflow/.local/lib/python3.7/site-packages/airflow/example_dags/example_skip_dag.py
[2022-05-05 06:13:41,962] {processor.py:641} INFO - Processing file /home/airflow/.local/lib/python3.7/site-packages/airflow/example_dags/example_skip_dag.py for tasks to queue
[2022-05-05 06:13:41,962] {logging_mixin.py:115} INFO - [2022-05-05 06:13:41,962] {dagbag.py:507} INFO - Filling up the DagBag from /home/airflow/.local/lib/python3.7/site-packages/airflow/example_dags/example_skip_dag.py
[2022-05-05 06:13:41,969] {processor.py:651} INFO - DAG(s) dict_keys(['example_skip_dag']) retrieved from /home/airflow/.local/lib/python3.7/site-packages/airflow/example_dags/example_skip_dag.py
[2022-05-05 06:13:42,151] {logging_mixin.py:115} INFO - [2022-05-05 06:13:42,151] {dag.py:2371} INFO - Sync 1 DAGs
[2022-05-05 06:13:42,177] {logging_mixin.py:115} INFO - [2022-05-05 06:13:42,177] {dag.py:2919} INFO - Setting next_dagrun for example_skip_dag to 2022-05-04T06:13:42.177177+00:00, run_after=2022-05-05T06:13:42.177177+00:00
[2022-05-05 06:13:42,198] {processor.py:161} INFO - Processing /home/airflow/.local/lib/python3.7/site-packages/airflow/example_dags/example_skip_dag.py took 0.243 seconds
[2022-05-05 06:14:12,466] {processor.py:153} INFO - Started process (PID=2423) to work on /home/airflow/.local/lib/python3.7/site-packages/airflow/example_dags/example_skip_dag.py
[2022-05-05 06:14:12,466] {processor.py:641} INFO - Processing file /home/airflow/.local/lib/python3.7/site-packages/airflow/example_dags/example_skip_dag.py for tasks to queue
[2022-05-05 06:14:12,467] {logging_mixin.py:115} INFO - [2022-05-05 06:14:12,467] {dagbag.py:507} INFO - Filling up the DagBag from /home/airflow/.local/lib/python3.7/site-packages/airflow/example_dags/example_skip_dag.py
[2022-05-05 06:14:12,471] {processor.py:651} INFO - DAG(s) dict_keys(['example_skip_dag']) retrieved from /home/airflow/.local/lib/python3.7/site-packages/airflow/example_dags/example_skip_dag.py
[2022-05-05 06:14:12,500] {logging_mixin.py:115} INFO - [2022-05-05 06:14:12,500] {dag.py:2371} INFO - Sync 1 DAGs
[2022-05-05 06:14:12,525] {logging_mixin.py:115} INFO - [2022-05-05 06:14:12,524] {dag.py:2919} INFO - Setting next_dagrun for example_skip_dag to 2022-05-04T06:14:12.524739+00:00, run_after=2022-05-05T06:14:12.524739+00:00
[2022-05-05 06:14:12,538] {processor.py:161} INFO - Processing /home/airflow/.local/lib/python3.7/site-packages/airflow/example_dags/example_skip_dag.py took 0.075 seconds
[2022-05-05 06:14:43,195] {processor.py:153} INFO - Started process (PID=2484) to work on /home/airflow/.local/lib/python3.7/site-packages/airflow/example_dags/example_skip_dag.py
[2022-05-05 06:14:43,196] {processor.py:641} INFO - Processing file /home/airflow/.local/lib/python3.7/site-packages/airflow/example_dags/example_skip_dag.py for tasks to queue
[2022-05-05 06:14:43,196] {logging_mixin.py:115} INFO - [2022-05-05 06:14:43,196] {dagbag.py:507} INFO - Filling up the DagBag from /home/airflow/.local/lib/python3.7/site-packages/airflow/example_dags/example_skip_dag.py
[2022-05-05 06:14:43,202] {processor.py:651} INFO - DAG(s) dict_keys(['example_skip_dag']) retrieved from /home/airflow/.local/lib/python3.7/site-packages/airflow/example_dags/example_skip_dag.py
[2022-05-05 06:14:43,227] {logging_mixin.py:115} INFO - [2022-05-05 06:14:43,227] {dag.py:2371} INFO - Sync 1 DAGs
[2022-05-05 06:14:43,248] {logging_mixin.py:115} INFO - [2022-05-05 06:14:43,248] {dag.py:2919} INFO - Setting next_dagrun for example_skip_dag to 2022-05-04T06:14:43.248461+00:00, run_after=2022-05-05T06:14:43.248461+00:00
[2022-05-05 06:14:43,262] {processor.py:161} INFO - Processing /home/airflow/.local/lib/python3.7/site-packages/airflow/example_dags/example_skip_dag.py took 0.069 seconds
[2022-05-05 06:15:13,872] {processor.py:153} INFO - Started process (PID=2537) to work on /home/airflow/.local/lib/python3.7/site-packages/airflow/example_dags/example_skip_dag.py
[2022-05-05 06:15:13,873] {processor.py:641} INFO - Processing file /home/airflow/.local/lib/python3.7/site-packages/airflow/example_dags/example_skip_dag.py for tasks to queue
[2022-05-05 06:15:13,874] {logging_mixin.py:115} INFO - [2022-05-05 06:15:13,874] {dagbag.py:507} INFO - Filling up the DagBag from /home/airflow/.local/lib/python3.7/site-packages/airflow/example_dags/example_skip_dag.py
[2022-05-05 06:15:13,880] {processor.py:651} INFO - DAG(s) dict_keys(['example_skip_dag']) retrieved from /home/airflow/.local/lib/python3.7/site-packages/airflow/example_dags/example_skip_dag.py
[2022-05-05 06:15:13,907] {logging_mixin.py:115} INFO - [2022-05-05 06:15:13,907] {dag.py:2371} INFO - Sync 1 DAGs
[2022-05-05 06:15:13,931] {logging_mixin.py:115} INFO - [2022-05-05 06:15:13,931] {dag.py:2919} INFO - Setting next_dagrun for example_skip_dag to 2022-05-04T06:15:13.930850+00:00, run_after=2022-05-05T06:15:13.930850+00:00
[2022-05-05 06:15:13,946] {processor.py:161} INFO - Processing /home/airflow/.local/lib/python3.7/site-packages/airflow/example_dags/example_skip_dag.py took 0.076 seconds
[2022-05-05 06:15:44,736] {processor.py:153} INFO - Started process (PID=2599) to work on /home/airflow/.local/lib/python3.7/site-packages/airflow/example_dags/example_skip_dag.py
[2022-05-05 06:15:44,737] {processor.py:641} INFO - Processing file /home/airflow/.local/lib/python3.7/site-packages/airflow/example_dags/example_skip_dag.py for tasks to queue
[2022-05-05 06:15:44,738] {logging_mixin.py:115} INFO - [2022-05-05 06:15:44,738] {dagbag.py:507} INFO - Filling up the DagBag from /home/airflow/.local/lib/python3.7/site-packages/airflow/example_dags/example_skip_dag.py
[2022-05-05 06:15:44,744] {processor.py:651} INFO - DAG(s) dict_keys(['example_skip_dag']) retrieved from /home/airflow/.local/lib/python3.7/site-packages/airflow/example_dags/example_skip_dag.py
[2022-05-05 06:15:44,771] {logging_mixin.py:115} INFO - [2022-05-05 06:15:44,771] {dag.py:2371} INFO - Sync 1 DAGs
[2022-05-05 06:15:44,794] {logging_mixin.py:115} INFO - [2022-05-05 06:15:44,794] {dag.py:2919} INFO - Setting next_dagrun for example_skip_dag to 2022-05-04T06:15:44.794444+00:00, run_after=2022-05-05T06:15:44.794444+00:00
[2022-05-05 06:15:44,811] {processor.py:161} INFO - Processing /home/airflow/.local/lib/python3.7/site-packages/airflow/example_dags/example_skip_dag.py took 0.078 seconds
[2022-05-05 06:16:15,374] {processor.py:153} INFO - Started process (PID=2662) to work on /home/airflow/.local/lib/python3.7/site-packages/airflow/example_dags/example_skip_dag.py
[2022-05-05 06:16:15,374] {processor.py:641} INFO - Processing file /home/airflow/.local/lib/python3.7/site-packages/airflow/example_dags/example_skip_dag.py for tasks to queue
[2022-05-05 06:16:15,375] {logging_mixin.py:115} INFO - [2022-05-05 06:16:15,375] {dagbag.py:507} INFO - Filling up the DagBag from /home/airflow/.local/lib/python3.7/site-packages/airflow/example_dags/example_skip_dag.py
[2022-05-05 06:16:15,379] {processor.py:651} INFO - DAG(s) dict_keys(['example_skip_dag']) retrieved from /home/airflow/.local/lib/python3.7/site-packages/airflow/example_dags/example_skip_dag.py
[2022-05-05 06:16:15,407] {logging_mixin.py:115} INFO - [2022-05-05 06:16:15,406] {dag.py:2371} INFO - Sync 1 DAGs
[2022-05-05 06:16:15,431] {logging_mixin.py:115} INFO - [2022-05-05 06:16:15,431] {dag.py:2919} INFO - Setting next_dagrun for example_skip_dag to 2022-05-04T06:16:15.431453+00:00, run_after=2022-05-05T06:16:15.431453+00:00
[2022-05-05 06:16:15,446] {processor.py:161} INFO - Processing /home/airflow/.local/lib/python3.7/site-packages/airflow/example_dags/example_skip_dag.py took 0.074 seconds
[2022-05-05 06:16:46,168] {processor.py:153} INFO - Started process (PID=2715) to work on /home/airflow/.local/lib/python3.7/site-packages/airflow/example_dags/example_skip_dag.py
[2022-05-05 06:16:46,169] {processor.py:641} INFO - Processing file /home/airflow/.local/lib/python3.7/site-packages/airflow/example_dags/example_skip_dag.py for tasks to queue
[2022-05-05 06:16:46,170] {logging_mixin.py:115} INFO - [2022-05-05 06:16:46,170] {dagbag.py:507} INFO - Filling up the DagBag from /home/airflow/.local/lib/python3.7/site-packages/airflow/example_dags/example_skip_dag.py
[2022-05-05 06:16:46,175] {processor.py:651} INFO - DAG(s) dict_keys(['example_skip_dag']) retrieved from /home/airflow/.local/lib/python3.7/site-packages/airflow/example_dags/example_skip_dag.py
[2022-05-05 06:16:46,204] {logging_mixin.py:115} INFO - [2022-05-05 06:16:46,204] {dag.py:2371} INFO - Sync 1 DAGs
[2022-05-05 06:16:46,225] {logging_mixin.py:115} INFO - [2022-05-05 06:16:46,225] {dag.py:2919} INFO - Setting next_dagrun for example_skip_dag to 2022-05-04T06:16:46.225629+00:00, run_after=2022-05-05T06:16:46.225629+00:00
[2022-05-05 06:16:46,239] {processor.py:161} INFO - Processing /home/airflow/.local/lib/python3.7/site-packages/airflow/example_dags/example_skip_dag.py took 0.074 seconds
[2022-05-05 06:17:16,845] {processor.py:153} INFO - Started process (PID=2778) to work on /home/airflow/.local/lib/python3.7/site-packages/airflow/example_dags/example_skip_dag.py
[2022-05-05 06:17:16,845] {processor.py:641} INFO - Processing file /home/airflow/.local/lib/python3.7/site-packages/airflow/example_dags/example_skip_dag.py for tasks to queue
[2022-05-05 06:17:16,846] {logging_mixin.py:115} INFO - [2022-05-05 06:17:16,846] {dagbag.py:507} INFO - Filling up the DagBag from /home/airflow/.local/lib/python3.7/site-packages/airflow/example_dags/example_skip_dag.py
[2022-05-05 06:17:16,850] {processor.py:651} INFO - DAG(s) dict_keys(['example_skip_dag']) retrieved from /home/airflow/.local/lib/python3.7/site-packages/airflow/example_dags/example_skip_dag.py
[2022-05-05 06:17:16,878] {logging_mixin.py:115} INFO - [2022-05-05 06:17:16,877] {dag.py:2371} INFO - Sync 1 DAGs
[2022-05-05 06:17:16,900] {logging_mixin.py:115} INFO - [2022-05-05 06:17:16,900] {dag.py:2919} INFO - Setting next_dagrun for example_skip_dag to 2022-05-04T06:17:16.900028+00:00, run_after=2022-05-05T06:17:16.900028+00:00
[2022-05-05 06:17:16,916] {processor.py:161} INFO - Processing /home/airflow/.local/lib/python3.7/site-packages/airflow/example_dags/example_skip_dag.py took 0.073 seconds
[2022-05-05 06:17:47,444] {processor.py:153} INFO - Started process (PID=2840) to work on /home/airflow/.local/lib/python3.7/site-packages/airflow/example_dags/example_skip_dag.py
[2022-05-05 06:17:47,446] {processor.py:641} INFO - Processing file /home/airflow/.local/lib/python3.7/site-packages/airflow/example_dags/example_skip_dag.py for tasks to queue
[2022-05-05 06:17:47,447] {logging_mixin.py:115} INFO - [2022-05-05 06:17:47,446] {dagbag.py:507} INFO - Filling up the DagBag from /home/airflow/.local/lib/python3.7/site-packages/airflow/example_dags/example_skip_dag.py
[2022-05-05 06:17:47,451] {processor.py:651} INFO - DAG(s) dict_keys(['example_skip_dag']) retrieved from /home/airflow/.local/lib/python3.7/site-packages/airflow/example_dags/example_skip_dag.py
[2022-05-05 06:17:47,476] {logging_mixin.py:115} INFO - [2022-05-05 06:17:47,475] {dag.py:2371} INFO - Sync 1 DAGs
[2022-05-05 06:17:47,498] {logging_mixin.py:115} INFO - [2022-05-05 06:17:47,498] {dag.py:2919} INFO - Setting next_dagrun for example_skip_dag to 2022-05-04T06:17:47.497993+00:00, run_after=2022-05-05T06:17:47.497993+00:00
[2022-05-05 06:17:47,511] {processor.py:161} INFO - Processing /home/airflow/.local/lib/python3.7/site-packages/airflow/example_dags/example_skip_dag.py took 0.069 seconds
[2022-05-05 06:18:18,234] {processor.py:153} INFO - Started process (PID=2892) to work on /home/airflow/.local/lib/python3.7/site-packages/airflow/example_dags/example_skip_dag.py
[2022-05-05 06:18:18,234] {processor.py:641} INFO - Processing file /home/airflow/.local/lib/python3.7/site-packages/airflow/example_dags/example_skip_dag.py for tasks to queue
[2022-05-05 06:18:18,234] {logging_mixin.py:115} INFO - [2022-05-05 06:18:18,234] {dagbag.py:507} INFO - Filling up the DagBag from /home/airflow/.local/lib/python3.7/site-packages/airflow/example_dags/example_skip_dag.py
[2022-05-05 06:18:18,239] {processor.py:651} INFO - DAG(s) dict_keys(['example_skip_dag']) retrieved from /home/airflow/.local/lib/python3.7/site-packages/airflow/example_dags/example_skip_dag.py
[2022-05-05 06:18:18,267] {logging_mixin.py:115} INFO - [2022-05-05 06:18:18,267] {dag.py:2371} INFO - Sync 1 DAGs
[2022-05-05 06:18:18,291] {logging_mixin.py:115} INFO - [2022-05-05 06:18:18,291] {dag.py:2919} INFO - Setting next_dagrun for example_skip_dag to 2022-05-04T06:18:18.290995+00:00, run_after=2022-05-05T06:18:18.290995+00:00
[2022-05-05 06:18:18,306] {processor.py:161} INFO - Processing /home/airflow/.local/lib/python3.7/site-packages/airflow/example_dags/example_skip_dag.py took 0.074 seconds
[2022-05-05 06:18:48,884] {processor.py:153} INFO - Started process (PID=2956) to work on /home/airflow/.local/lib/python3.7/site-packages/airflow/example_dags/example_skip_dag.py
[2022-05-05 06:18:48,885] {processor.py:641} INFO - Processing file /home/airflow/.local/lib/python3.7/site-packages/airflow/example_dags/example_skip_dag.py for tasks to queue
[2022-05-05 06:18:48,886] {logging_mixin.py:115} INFO - [2022-05-05 06:18:48,885] {dagbag.py:507} INFO - Filling up the DagBag from /home/airflow/.local/lib/python3.7/site-packages/airflow/example_dags/example_skip_dag.py
[2022-05-05 06:18:48,889] {processor.py:651} INFO - DAG(s) dict_keys(['example_skip_dag']) retrieved from /home/airflow/.local/lib/python3.7/site-packages/airflow/example_dags/example_skip_dag.py
[2022-05-05 06:18:48,912] {logging_mixin.py:115} INFO - [2022-05-05 06:18:48,912] {dag.py:2371} INFO - Sync 1 DAGs
[2022-05-05 06:18:48,935] {logging_mixin.py:115} INFO - [2022-05-05 06:18:48,935] {dag.py:2919} INFO - Setting next_dagrun for example_skip_dag to 2022-05-04T06:18:48.935468+00:00, run_after=2022-05-05T06:18:48.935468+00:00
[2022-05-05 06:18:48,951] {processor.py:161} INFO - Processing /home/airflow/.local/lib/python3.7/site-packages/airflow/example_dags/example_skip_dag.py took 0.069 seconds
[2022-05-05 06:19:19,670] {processor.py:153} INFO - Started process (PID=3018) to work on /home/airflow/.local/lib/python3.7/site-packages/airflow/example_dags/example_skip_dag.py
[2022-05-05 06:19:19,670] {processor.py:641} INFO - Processing file /home/airflow/.local/lib/python3.7/site-packages/airflow/example_dags/example_skip_dag.py for tasks to queue
[2022-05-05 06:19:19,671] {logging_mixin.py:115} INFO - [2022-05-05 06:19:19,670] {dagbag.py:507} INFO - Filling up the DagBag from /home/airflow/.local/lib/python3.7/site-packages/airflow/example_dags/example_skip_dag.py
[2022-05-05 06:19:19,676] {processor.py:651} INFO - DAG(s) dict_keys(['example_skip_dag']) retrieved from /home/airflow/.local/lib/python3.7/site-packages/airflow/example_dags/example_skip_dag.py
[2022-05-05 06:19:19,702] {logging_mixin.py:115} INFO - [2022-05-05 06:19:19,702] {dag.py:2371} INFO - Sync 1 DAGs
[2022-05-05 06:19:19,726] {logging_mixin.py:115} INFO - [2022-05-05 06:19:19,726] {dag.py:2919} INFO - Setting next_dagrun for example_skip_dag to 2022-05-04T06:19:19.726170+00:00, run_after=2022-05-05T06:19:19.726170+00:00
[2022-05-05 06:19:19,742] {processor.py:161} INFO - Processing /home/airflow/.local/lib/python3.7/site-packages/airflow/example_dags/example_skip_dag.py took 0.075 seconds
[2022-05-05 06:19:50,458] {processor.py:153} INFO - Started process (PID=3072) to work on /home/airflow/.local/lib/python3.7/site-packages/airflow/example_dags/example_skip_dag.py
[2022-05-05 06:19:50,459] {processor.py:641} INFO - Processing file /home/airflow/.local/lib/python3.7/site-packages/airflow/example_dags/example_skip_dag.py for tasks to queue
[2022-05-05 06:19:50,459] {logging_mixin.py:115} INFO - [2022-05-05 06:19:50,459] {dagbag.py:507} INFO - Filling up the DagBag from /home/airflow/.local/lib/python3.7/site-packages/airflow/example_dags/example_skip_dag.py
[2022-05-05 06:19:50,464] {processor.py:651} INFO - DAG(s) dict_keys(['example_skip_dag']) retrieved from /home/airflow/.local/lib/python3.7/site-packages/airflow/example_dags/example_skip_dag.py
[2022-05-05 06:19:50,490] {logging_mixin.py:115} INFO - [2022-05-05 06:19:50,489] {dag.py:2371} INFO - Sync 1 DAGs
[2022-05-05 06:19:50,510] {logging_mixin.py:115} INFO - [2022-05-05 06:19:50,510] {dag.py:2919} INFO - Setting next_dagrun for example_skip_dag to 2022-05-04T06:19:50.510402+00:00, run_after=2022-05-05T06:19:50.510402+00:00
[2022-05-05 06:19:50,526] {processor.py:161} INFO - Processing /home/airflow/.local/lib/python3.7/site-packages/airflow/example_dags/example_skip_dag.py took 0.071 seconds
[2022-05-05 06:20:21,373] {processor.py:153} INFO - Started process (PID=3136) to work on /home/airflow/.local/lib/python3.7/site-packages/airflow/example_dags/example_skip_dag.py
[2022-05-05 06:20:21,374] {processor.py:641} INFO - Processing file /home/airflow/.local/lib/python3.7/site-packages/airflow/example_dags/example_skip_dag.py for tasks to queue
[2022-05-05 06:20:21,375] {logging_mixin.py:115} INFO - [2022-05-05 06:20:21,374] {dagbag.py:507} INFO - Filling up the DagBag from /home/airflow/.local/lib/python3.7/site-packages/airflow/example_dags/example_skip_dag.py
[2022-05-05 06:20:21,381] {processor.py:651} INFO - DAG(s) dict_keys(['example_skip_dag']) retrieved from /home/airflow/.local/lib/python3.7/site-packages/airflow/example_dags/example_skip_dag.py
[2022-05-05 06:20:21,409] {logging_mixin.py:115} INFO - [2022-05-05 06:20:21,408] {dag.py:2371} INFO - Sync 1 DAGs
[2022-05-05 06:20:21,429] {logging_mixin.py:115} INFO - [2022-05-05 06:20:21,429] {dag.py:2919} INFO - Setting next_dagrun for example_skip_dag to 2022-05-04T06:20:21.429173+00:00, run_after=2022-05-05T06:20:21.429173+00:00
[2022-05-05 06:20:21,444] {processor.py:161} INFO - Processing /home/airflow/.local/lib/python3.7/site-packages/airflow/example_dags/example_skip_dag.py took 0.074 seconds
[2022-05-05 06:20:52,193] {processor.py:153} INFO - Started process (PID=3199) to work on /home/airflow/.local/lib/python3.7/site-packages/airflow/example_dags/example_skip_dag.py
[2022-05-05 06:20:52,194] {processor.py:641} INFO - Processing file /home/airflow/.local/lib/python3.7/site-packages/airflow/example_dags/example_skip_dag.py for tasks to queue
[2022-05-05 06:20:52,195] {logging_mixin.py:115} INFO - [2022-05-05 06:20:52,195] {dagbag.py:507} INFO - Filling up the DagBag from /home/airflow/.local/lib/python3.7/site-packages/airflow/example_dags/example_skip_dag.py
[2022-05-05 06:20:52,200] {processor.py:651} INFO - DAG(s) dict_keys(['example_skip_dag']) retrieved from /home/airflow/.local/lib/python3.7/site-packages/airflow/example_dags/example_skip_dag.py
[2022-05-05 06:20:52,227] {logging_mixin.py:115} INFO - [2022-05-05 06:20:52,227] {dag.py:2371} INFO - Sync 1 DAGs
[2022-05-05 06:20:52,254] {logging_mixin.py:115} INFO - [2022-05-05 06:20:52,254] {dag.py:2919} INFO - Setting next_dagrun for example_skip_dag to 2022-05-04T06:20:52.253837+00:00, run_after=2022-05-05T06:20:52.253837+00:00
[2022-05-05 06:20:52,271] {processor.py:161} INFO - Processing /home/airflow/.local/lib/python3.7/site-packages/airflow/example_dags/example_skip_dag.py took 0.080 seconds
[2022-05-05 06:21:22,904] {processor.py:153} INFO - Started process (PID=3252) to work on /home/airflow/.local/lib/python3.7/site-packages/airflow/example_dags/example_skip_dag.py
[2022-05-05 06:21:22,904] {processor.py:641} INFO - Processing file /home/airflow/.local/lib/python3.7/site-packages/airflow/example_dags/example_skip_dag.py for tasks to queue
[2022-05-05 06:21:22,905] {logging_mixin.py:115} INFO - [2022-05-05 06:21:22,905] {dagbag.py:507} INFO - Filling up the DagBag from /home/airflow/.local/lib/python3.7/site-packages/airflow/example_dags/example_skip_dag.py
[2022-05-05 06:21:22,909] {processor.py:651} INFO - DAG(s) dict_keys(['example_skip_dag']) retrieved from /home/airflow/.local/lib/python3.7/site-packages/airflow/example_dags/example_skip_dag.py
[2022-05-05 06:21:22,935] {logging_mixin.py:115} INFO - [2022-05-05 06:21:22,934] {dag.py:2371} INFO - Sync 1 DAGs
[2022-05-05 06:21:22,957] {logging_mixin.py:115} INFO - [2022-05-05 06:21:22,957] {dag.py:2919} INFO - Setting next_dagrun for example_skip_dag to 2022-05-04T06:21:22.957331+00:00, run_after=2022-05-05T06:21:22.957331+00:00
[2022-05-05 06:21:22,972] {processor.py:161} INFO - Processing /home/airflow/.local/lib/python3.7/site-packages/airflow/example_dags/example_skip_dag.py took 0.070 seconds
