[2022-05-05 05:41:30,186] {processor.py:153} INFO - Started process (PID=61) to work on /home/airflow/.local/lib/python3.7/site-packages/airflow/example_dags/example_dag_decorator.py
[2022-05-05 05:41:30,187] {processor.py:641} INFO - Processing file /home/airflow/.local/lib/python3.7/site-packages/airflow/example_dags/example_dag_decorator.py for tasks to queue
[2022-05-05 05:41:30,187] {logging_mixin.py:115} INFO - [2022-05-05 05:41:30,187] {dagbag.py:507} INFO - Filling up the DagBag from /home/airflow/.local/lib/python3.7/site-packages/airflow/example_dags/example_dag_decorator.py
[2022-05-05 05:41:30,230] {processor.py:651} INFO - DAG(s) dict_keys(['example_dag_decorator']) retrieved from /home/airflow/.local/lib/python3.7/site-packages/airflow/example_dags/example_dag_decorator.py
[2022-05-05 05:41:30,478] {logging_mixin.py:115} INFO - [2022-05-05 05:41:30,478] {manager.py:508} INFO - Created Permission View: can delete on DAG:example_dag_decorator
[2022-05-05 05:41:30,494] {logging_mixin.py:115} INFO - [2022-05-05 05:41:30,494] {manager.py:508} INFO - Created Permission View: can edit on DAG:example_dag_decorator
[2022-05-05 05:41:30,511] {logging_mixin.py:115} INFO - [2022-05-05 05:41:30,511] {manager.py:508} INFO - Created Permission View: can read on DAG:example_dag_decorator
[2022-05-05 05:41:30,512] {logging_mixin.py:115} INFO - [2022-05-05 05:41:30,512] {dag.py:2371} INFO - Sync 1 DAGs
[2022-05-05 05:41:30,524] {logging_mixin.py:115} INFO - [2022-05-05 05:41:30,524] {dag.py:2390} INFO - Creating ORM DAG for example_dag_decorator
[2022-05-05 05:41:30,545] {logging_mixin.py:115} INFO - [2022-05-05 05:41:30,544] {dag.py:2919} INFO - Setting next_dagrun for example_dag_decorator to None, run_after=None
[2022-05-05 05:41:30,575] {processor.py:161} INFO - Processing /home/airflow/.local/lib/python3.7/site-packages/airflow/example_dags/example_dag_decorator.py took 0.391 seconds
[2022-05-05 05:42:00,942] {processor.py:153} INFO - Started process (PID=122) to work on /home/airflow/.local/lib/python3.7/site-packages/airflow/example_dags/example_dag_decorator.py
[2022-05-05 05:42:00,943] {processor.py:641} INFO - Processing file /home/airflow/.local/lib/python3.7/site-packages/airflow/example_dags/example_dag_decorator.py for tasks to queue
[2022-05-05 05:42:00,943] {logging_mixin.py:115} INFO - [2022-05-05 05:42:00,943] {dagbag.py:507} INFO - Filling up the DagBag from /home/airflow/.local/lib/python3.7/site-packages/airflow/example_dags/example_dag_decorator.py
[2022-05-05 05:42:00,970] {processor.py:651} INFO - DAG(s) dict_keys(['example_dag_decorator']) retrieved from /home/airflow/.local/lib/python3.7/site-packages/airflow/example_dags/example_dag_decorator.py
[2022-05-05 05:42:01,173] {logging_mixin.py:115} INFO - [2022-05-05 05:42:01,172] {dag.py:2371} INFO - Sync 1 DAGs
[2022-05-05 05:42:01,196] {logging_mixin.py:115} INFO - [2022-05-05 05:42:01,195] {dag.py:2919} INFO - Setting next_dagrun for example_dag_decorator to None, run_after=None
[2022-05-05 05:42:01,213] {processor.py:161} INFO - Processing /home/airflow/.local/lib/python3.7/site-packages/airflow/example_dags/example_dag_decorator.py took 0.273 seconds
[2022-05-05 05:42:31,929] {processor.py:153} INFO - Started process (PID=174) to work on /home/airflow/.local/lib/python3.7/site-packages/airflow/example_dags/example_dag_decorator.py
[2022-05-05 05:42:31,930] {processor.py:641} INFO - Processing file /home/airflow/.local/lib/python3.7/site-packages/airflow/example_dags/example_dag_decorator.py for tasks to queue
[2022-05-05 05:42:31,930] {logging_mixin.py:115} INFO - [2022-05-05 05:42:31,930] {dagbag.py:507} INFO - Filling up the DagBag from /home/airflow/.local/lib/python3.7/site-packages/airflow/example_dags/example_dag_decorator.py
[2022-05-05 05:42:31,951] {processor.py:651} INFO - DAG(s) dict_keys(['example_dag_decorator']) retrieved from /home/airflow/.local/lib/python3.7/site-packages/airflow/example_dags/example_dag_decorator.py
[2022-05-05 05:42:32,118] {logging_mixin.py:115} INFO - [2022-05-05 05:42:32,118] {dag.py:2371} INFO - Sync 1 DAGs
[2022-05-05 05:42:32,138] {logging_mixin.py:115} INFO - [2022-05-05 05:42:32,138] {dag.py:2919} INFO - Setting next_dagrun for example_dag_decorator to None, run_after=None
[2022-05-05 05:42:32,155] {processor.py:161} INFO - Processing /home/airflow/.local/lib/python3.7/site-packages/airflow/example_dags/example_dag_decorator.py took 0.228 seconds
[2022-05-05 05:43:02,519] {processor.py:153} INFO - Started process (PID=237) to work on /home/airflow/.local/lib/python3.7/site-packages/airflow/example_dags/example_dag_decorator.py
[2022-05-05 05:43:02,519] {processor.py:641} INFO - Processing file /home/airflow/.local/lib/python3.7/site-packages/airflow/example_dags/example_dag_decorator.py for tasks to queue
[2022-05-05 05:43:02,519] {logging_mixin.py:115} INFO - [2022-05-05 05:43:02,519] {dagbag.py:507} INFO - Filling up the DagBag from /home/airflow/.local/lib/python3.7/site-packages/airflow/example_dags/example_dag_decorator.py
[2022-05-05 05:43:02,542] {processor.py:651} INFO - DAG(s) dict_keys(['example_dag_decorator']) retrieved from /home/airflow/.local/lib/python3.7/site-packages/airflow/example_dags/example_dag_decorator.py
[2022-05-05 05:43:02,730] {logging_mixin.py:115} INFO - [2022-05-05 05:43:02,730] {dag.py:2371} INFO - Sync 1 DAGs
[2022-05-05 05:43:02,752] {logging_mixin.py:115} INFO - [2022-05-05 05:43:02,752] {dag.py:2919} INFO - Setting next_dagrun for example_dag_decorator to None, run_after=None
[2022-05-05 05:43:02,768] {processor.py:161} INFO - Processing /home/airflow/.local/lib/python3.7/site-packages/airflow/example_dags/example_dag_decorator.py took 0.251 seconds
[2022-05-05 05:43:33,529] {processor.py:153} INFO - Started process (PID=299) to work on /home/airflow/.local/lib/python3.7/site-packages/airflow/example_dags/example_dag_decorator.py
[2022-05-05 05:43:33,530] {processor.py:641} INFO - Processing file /home/airflow/.local/lib/python3.7/site-packages/airflow/example_dags/example_dag_decorator.py for tasks to queue
[2022-05-05 05:43:33,531] {logging_mixin.py:115} INFO - [2022-05-05 05:43:33,531] {dagbag.py:507} INFO - Filling up the DagBag from /home/airflow/.local/lib/python3.7/site-packages/airflow/example_dags/example_dag_decorator.py
[2022-05-05 05:43:33,564] {processor.py:651} INFO - DAG(s) dict_keys(['example_dag_decorator']) retrieved from /home/airflow/.local/lib/python3.7/site-packages/airflow/example_dags/example_dag_decorator.py
[2022-05-05 05:43:33,820] {logging_mixin.py:115} INFO - [2022-05-05 05:43:33,819] {dag.py:2371} INFO - Sync 1 DAGs
[2022-05-05 05:43:33,845] {logging_mixin.py:115} INFO - [2022-05-05 05:43:33,845] {dag.py:2919} INFO - Setting next_dagrun for example_dag_decorator to None, run_after=None
[2022-05-05 05:43:33,866] {processor.py:161} INFO - Processing /home/airflow/.local/lib/python3.7/site-packages/airflow/example_dags/example_dag_decorator.py took 0.339 seconds
[2022-05-05 05:44:03,933] {processor.py:153} INFO - Started process (PID=351) to work on /home/airflow/.local/lib/python3.7/site-packages/airflow/example_dags/example_dag_decorator.py
[2022-05-05 05:44:03,934] {processor.py:641} INFO - Processing file /home/airflow/.local/lib/python3.7/site-packages/airflow/example_dags/example_dag_decorator.py for tasks to queue
[2022-05-05 05:44:03,934] {logging_mixin.py:115} INFO - [2022-05-05 05:44:03,934] {dagbag.py:507} INFO - Filling up the DagBag from /home/airflow/.local/lib/python3.7/site-packages/airflow/example_dags/example_dag_decorator.py
[2022-05-05 05:44:03,957] {processor.py:651} INFO - DAG(s) dict_keys(['example_dag_decorator']) retrieved from /home/airflow/.local/lib/python3.7/site-packages/airflow/example_dags/example_dag_decorator.py
[2022-05-05 05:44:04,116] {logging_mixin.py:115} INFO - [2022-05-05 05:44:04,116] {dag.py:2371} INFO - Sync 1 DAGs
[2022-05-05 05:44:04,134] {logging_mixin.py:115} INFO - [2022-05-05 05:44:04,134] {dag.py:2919} INFO - Setting next_dagrun for example_dag_decorator to None, run_after=None
[2022-05-05 05:44:04,150] {processor.py:161} INFO - Processing /home/airflow/.local/lib/python3.7/site-packages/airflow/example_dags/example_dag_decorator.py took 0.219 seconds
[2022-05-05 05:44:34,452] {processor.py:153} INFO - Started process (PID=416) to work on /home/airflow/.local/lib/python3.7/site-packages/airflow/example_dags/example_dag_decorator.py
[2022-05-05 05:44:34,453] {processor.py:641} INFO - Processing file /home/airflow/.local/lib/python3.7/site-packages/airflow/example_dags/example_dag_decorator.py for tasks to queue
[2022-05-05 05:44:34,454] {logging_mixin.py:115} INFO - [2022-05-05 05:44:34,454] {dagbag.py:507} INFO - Filling up the DagBag from /home/airflow/.local/lib/python3.7/site-packages/airflow/example_dags/example_dag_decorator.py
[2022-05-05 05:44:34,493] {processor.py:651} INFO - DAG(s) dict_keys(['example_dag_decorator']) retrieved from /home/airflow/.local/lib/python3.7/site-packages/airflow/example_dags/example_dag_decorator.py
[2022-05-05 05:44:34,712] {logging_mixin.py:115} INFO - [2022-05-05 05:44:34,711] {dag.py:2371} INFO - Sync 1 DAGs
[2022-05-05 05:44:34,736] {logging_mixin.py:115} INFO - [2022-05-05 05:44:34,736] {dag.py:2919} INFO - Setting next_dagrun for example_dag_decorator to None, run_after=None
[2022-05-05 05:44:34,755] {processor.py:161} INFO - Processing /home/airflow/.local/lib/python3.7/site-packages/airflow/example_dags/example_dag_decorator.py took 0.306 seconds
[2022-05-05 05:45:04,914] {processor.py:153} INFO - Started process (PID=468) to work on /home/airflow/.local/lib/python3.7/site-packages/airflow/example_dags/example_dag_decorator.py
[2022-05-05 05:45:04,915] {processor.py:641} INFO - Processing file /home/airflow/.local/lib/python3.7/site-packages/airflow/example_dags/example_dag_decorator.py for tasks to queue
[2022-05-05 05:45:04,915] {logging_mixin.py:115} INFO - [2022-05-05 05:45:04,915] {dagbag.py:507} INFO - Filling up the DagBag from /home/airflow/.local/lib/python3.7/site-packages/airflow/example_dags/example_dag_decorator.py
[2022-05-05 05:45:04,934] {processor.py:651} INFO - DAG(s) dict_keys(['example_dag_decorator']) retrieved from /home/airflow/.local/lib/python3.7/site-packages/airflow/example_dags/example_dag_decorator.py
[2022-05-05 05:45:05,109] {logging_mixin.py:115} INFO - [2022-05-05 05:45:05,109] {dag.py:2371} INFO - Sync 1 DAGs
[2022-05-05 05:45:05,131] {logging_mixin.py:115} INFO - [2022-05-05 05:45:05,131] {dag.py:2919} INFO - Setting next_dagrun for example_dag_decorator to None, run_after=None
[2022-05-05 05:45:05,147] {processor.py:161} INFO - Processing /home/airflow/.local/lib/python3.7/site-packages/airflow/example_dags/example_dag_decorator.py took 0.235 seconds
[2022-05-05 05:45:35,375] {processor.py:153} INFO - Started process (PID=531) to work on /home/airflow/.local/lib/python3.7/site-packages/airflow/example_dags/example_dag_decorator.py
[2022-05-05 05:45:35,377] {processor.py:641} INFO - Processing file /home/airflow/.local/lib/python3.7/site-packages/airflow/example_dags/example_dag_decorator.py for tasks to queue
[2022-05-05 05:45:35,377] {logging_mixin.py:115} INFO - [2022-05-05 05:45:35,377] {dagbag.py:507} INFO - Filling up the DagBag from /home/airflow/.local/lib/python3.7/site-packages/airflow/example_dags/example_dag_decorator.py
[2022-05-05 05:45:35,398] {processor.py:651} INFO - DAG(s) dict_keys(['example_dag_decorator']) retrieved from /home/airflow/.local/lib/python3.7/site-packages/airflow/example_dags/example_dag_decorator.py
[2022-05-05 05:45:35,515] {logging_mixin.py:115} INFO - [2022-05-05 05:45:35,515] {dag.py:2371} INFO - Sync 1 DAGs
[2022-05-05 05:45:35,536] {logging_mixin.py:115} INFO - [2022-05-05 05:45:35,536] {dag.py:2919} INFO - Setting next_dagrun for example_dag_decorator to None, run_after=None
[2022-05-05 05:45:35,550] {processor.py:161} INFO - Processing /home/airflow/.local/lib/python3.7/site-packages/airflow/example_dags/example_dag_decorator.py took 0.176 seconds
[2022-05-05 05:46:05,777] {processor.py:153} INFO - Started process (PID=592) to work on /home/airflow/.local/lib/python3.7/site-packages/airflow/example_dags/example_dag_decorator.py
[2022-05-05 05:46:05,778] {processor.py:641} INFO - Processing file /home/airflow/.local/lib/python3.7/site-packages/airflow/example_dags/example_dag_decorator.py for tasks to queue
[2022-05-05 05:46:05,778] {logging_mixin.py:115} INFO - [2022-05-05 05:46:05,778] {dagbag.py:507} INFO - Filling up the DagBag from /home/airflow/.local/lib/python3.7/site-packages/airflow/example_dags/example_dag_decorator.py
[2022-05-05 05:46:05,799] {processor.py:651} INFO - DAG(s) dict_keys(['example_dag_decorator']) retrieved from /home/airflow/.local/lib/python3.7/site-packages/airflow/example_dags/example_dag_decorator.py
[2022-05-05 05:46:05,960] {logging_mixin.py:115} INFO - [2022-05-05 05:46:05,960] {dag.py:2371} INFO - Sync 1 DAGs
[2022-05-05 05:46:05,980] {logging_mixin.py:115} INFO - [2022-05-05 05:46:05,980] {dag.py:2919} INFO - Setting next_dagrun for example_dag_decorator to None, run_after=None
[2022-05-05 05:46:05,994] {processor.py:161} INFO - Processing /home/airflow/.local/lib/python3.7/site-packages/airflow/example_dags/example_dag_decorator.py took 0.219 seconds
[2022-05-05 05:46:36,312] {processor.py:153} INFO - Started process (PID=645) to work on /home/airflow/.local/lib/python3.7/site-packages/airflow/example_dags/example_dag_decorator.py
[2022-05-05 05:46:36,313] {processor.py:641} INFO - Processing file /home/airflow/.local/lib/python3.7/site-packages/airflow/example_dags/example_dag_decorator.py for tasks to queue
[2022-05-05 05:46:36,314] {logging_mixin.py:115} INFO - [2022-05-05 05:46:36,314] {dagbag.py:507} INFO - Filling up the DagBag from /home/airflow/.local/lib/python3.7/site-packages/airflow/example_dags/example_dag_decorator.py
[2022-05-05 05:46:36,437] {processor.py:651} INFO - DAG(s) dict_keys(['example_dag_decorator']) retrieved from /home/airflow/.local/lib/python3.7/site-packages/airflow/example_dags/example_dag_decorator.py
[2022-05-05 05:46:36,493] {logging_mixin.py:115} INFO - [2022-05-05 05:46:36,493] {dag.py:2371} INFO - Sync 1 DAGs
[2022-05-05 05:46:36,512] {logging_mixin.py:115} INFO - [2022-05-05 05:46:36,512] {dag.py:2919} INFO - Setting next_dagrun for example_dag_decorator to None, run_after=None
[2022-05-05 05:46:36,529] {processor.py:161} INFO - Processing /home/airflow/.local/lib/python3.7/site-packages/airflow/example_dags/example_dag_decorator.py took 0.219 seconds
[2022-05-05 05:47:06,988] {processor.py:153} INFO - Started process (PID=708) to work on /home/airflow/.local/lib/python3.7/site-packages/airflow/example_dags/example_dag_decorator.py
[2022-05-05 05:47:06,988] {processor.py:641} INFO - Processing file /home/airflow/.local/lib/python3.7/site-packages/airflow/example_dags/example_dag_decorator.py for tasks to queue
[2022-05-05 05:47:06,989] {logging_mixin.py:115} INFO - [2022-05-05 05:47:06,989] {dagbag.py:507} INFO - Filling up the DagBag from /home/airflow/.local/lib/python3.7/site-packages/airflow/example_dags/example_dag_decorator.py
[2022-05-05 05:47:07,125] {processor.py:651} INFO - DAG(s) dict_keys(['example_dag_decorator']) retrieved from /home/airflow/.local/lib/python3.7/site-packages/airflow/example_dags/example_dag_decorator.py
[2022-05-05 05:47:07,147] {logging_mixin.py:115} INFO - [2022-05-05 05:47:07,147] {dag.py:2371} INFO - Sync 1 DAGs
[2022-05-05 05:47:07,169] {logging_mixin.py:115} INFO - [2022-05-05 05:47:07,168] {dag.py:2919} INFO - Setting next_dagrun for example_dag_decorator to None, run_after=None
[2022-05-05 05:47:07,182] {processor.py:161} INFO - Processing /home/airflow/.local/lib/python3.7/site-packages/airflow/example_dags/example_dag_decorator.py took 0.196 seconds
[2022-05-05 05:47:37,523] {processor.py:153} INFO - Started process (PID=771) to work on /home/airflow/.local/lib/python3.7/site-packages/airflow/example_dags/example_dag_decorator.py
[2022-05-05 05:47:37,524] {processor.py:641} INFO - Processing file /home/airflow/.local/lib/python3.7/site-packages/airflow/example_dags/example_dag_decorator.py for tasks to queue
[2022-05-05 05:47:37,524] {logging_mixin.py:115} INFO - [2022-05-05 05:47:37,524] {dagbag.py:507} INFO - Filling up the DagBag from /home/airflow/.local/lib/python3.7/site-packages/airflow/example_dags/example_dag_decorator.py
[2022-05-05 05:47:37,657] {processor.py:651} INFO - DAG(s) dict_keys(['example_dag_decorator']) retrieved from /home/airflow/.local/lib/python3.7/site-packages/airflow/example_dags/example_dag_decorator.py
[2022-05-05 05:47:37,714] {logging_mixin.py:115} INFO - [2022-05-05 05:47:37,714] {dag.py:2371} INFO - Sync 1 DAGs
[2022-05-05 05:47:37,731] {logging_mixin.py:115} INFO - [2022-05-05 05:47:37,731] {dag.py:2919} INFO - Setting next_dagrun for example_dag_decorator to None, run_after=None
[2022-05-05 05:47:37,746] {processor.py:161} INFO - Processing /home/airflow/.local/lib/python3.7/site-packages/airflow/example_dags/example_dag_decorator.py took 0.226 seconds
[2022-05-05 05:48:08,268] {processor.py:153} INFO - Started process (PID=823) to work on /home/airflow/.local/lib/python3.7/site-packages/airflow/example_dags/example_dag_decorator.py
[2022-05-05 05:48:08,269] {processor.py:641} INFO - Processing file /home/airflow/.local/lib/python3.7/site-packages/airflow/example_dags/example_dag_decorator.py for tasks to queue
[2022-05-05 05:48:08,269] {logging_mixin.py:115} INFO - [2022-05-05 05:48:08,269] {dagbag.py:507} INFO - Filling up the DagBag from /home/airflow/.local/lib/python3.7/site-packages/airflow/example_dags/example_dag_decorator.py
[2022-05-05 05:48:08,407] {processor.py:651} INFO - DAG(s) dict_keys(['example_dag_decorator']) retrieved from /home/airflow/.local/lib/python3.7/site-packages/airflow/example_dags/example_dag_decorator.py
[2022-05-05 05:48:08,429] {logging_mixin.py:115} INFO - [2022-05-05 05:48:08,429] {dag.py:2371} INFO - Sync 1 DAGs
[2022-05-05 05:48:08,448] {logging_mixin.py:115} INFO - [2022-05-05 05:48:08,448] {dag.py:2919} INFO - Setting next_dagrun for example_dag_decorator to None, run_after=None
[2022-05-05 05:48:08,461] {processor.py:161} INFO - Processing /home/airflow/.local/lib/python3.7/site-packages/airflow/example_dags/example_dag_decorator.py took 0.195 seconds
[2022-05-05 05:48:39,116] {processor.py:153} INFO - Started process (PID=884) to work on /home/airflow/.local/lib/python3.7/site-packages/airflow/example_dags/example_dag_decorator.py
[2022-05-05 05:48:39,117] {processor.py:641} INFO - Processing file /home/airflow/.local/lib/python3.7/site-packages/airflow/example_dags/example_dag_decorator.py for tasks to queue
[2022-05-05 05:48:39,117] {logging_mixin.py:115} INFO - [2022-05-05 05:48:39,117] {dagbag.py:507} INFO - Filling up the DagBag from /home/airflow/.local/lib/python3.7/site-packages/airflow/example_dags/example_dag_decorator.py
[2022-05-05 05:48:39,245] {processor.py:651} INFO - DAG(s) dict_keys(['example_dag_decorator']) retrieved from /home/airflow/.local/lib/python3.7/site-packages/airflow/example_dags/example_dag_decorator.py
[2022-05-05 05:48:39,268] {logging_mixin.py:115} INFO - [2022-05-05 05:48:39,268] {dag.py:2371} INFO - Sync 1 DAGs
[2022-05-05 05:48:39,288] {logging_mixin.py:115} INFO - [2022-05-05 05:48:39,288] {dag.py:2919} INFO - Setting next_dagrun for example_dag_decorator to None, run_after=None
[2022-05-05 05:48:39,301] {processor.py:161} INFO - Processing /home/airflow/.local/lib/python3.7/site-packages/airflow/example_dags/example_dag_decorator.py took 0.188 seconds
[2022-05-05 05:49:09,809] {processor.py:153} INFO - Started process (PID=948) to work on /home/airflow/.local/lib/python3.7/site-packages/airflow/example_dags/example_dag_decorator.py
[2022-05-05 05:49:09,809] {processor.py:641} INFO - Processing file /home/airflow/.local/lib/python3.7/site-packages/airflow/example_dags/example_dag_decorator.py for tasks to queue
[2022-05-05 05:49:09,809] {logging_mixin.py:115} INFO - [2022-05-05 05:49:09,809] {dagbag.py:507} INFO - Filling up the DagBag from /home/airflow/.local/lib/python3.7/site-packages/airflow/example_dags/example_dag_decorator.py
[2022-05-05 05:49:09,930] {processor.py:651} INFO - DAG(s) dict_keys(['example_dag_decorator']) retrieved from /home/airflow/.local/lib/python3.7/site-packages/airflow/example_dags/example_dag_decorator.py
[2022-05-05 05:49:09,950] {logging_mixin.py:115} INFO - [2022-05-05 05:49:09,949] {dag.py:2371} INFO - Sync 1 DAGs
[2022-05-05 05:49:09,969] {logging_mixin.py:115} INFO - [2022-05-05 05:49:09,968] {dag.py:2919} INFO - Setting next_dagrun for example_dag_decorator to None, run_after=None
[2022-05-05 05:49:09,981] {processor.py:161} INFO - Processing /home/airflow/.local/lib/python3.7/site-packages/airflow/example_dags/example_dag_decorator.py took 0.176 seconds
[2022-05-05 05:49:40,198] {processor.py:153} INFO - Started process (PID=1002) to work on /home/airflow/.local/lib/python3.7/site-packages/airflow/example_dags/example_dag_decorator.py
[2022-05-05 05:49:40,199] {processor.py:641} INFO - Processing file /home/airflow/.local/lib/python3.7/site-packages/airflow/example_dags/example_dag_decorator.py for tasks to queue
[2022-05-05 05:49:40,200] {logging_mixin.py:115} INFO - [2022-05-05 05:49:40,200] {dagbag.py:507} INFO - Filling up the DagBag from /home/airflow/.local/lib/python3.7/site-packages/airflow/example_dags/example_dag_decorator.py
[2022-05-05 05:49:40,333] {processor.py:651} INFO - DAG(s) dict_keys(['example_dag_decorator']) retrieved from /home/airflow/.local/lib/python3.7/site-packages/airflow/example_dags/example_dag_decorator.py
[2022-05-05 05:49:40,355] {logging_mixin.py:115} INFO - [2022-05-05 05:49:40,355] {dag.py:2371} INFO - Sync 1 DAGs
[2022-05-05 05:49:40,374] {logging_mixin.py:115} INFO - [2022-05-05 05:49:40,373] {dag.py:2919} INFO - Setting next_dagrun for example_dag_decorator to None, run_after=None
[2022-05-05 05:49:40,387] {processor.py:161} INFO - Processing /home/airflow/.local/lib/python3.7/site-packages/airflow/example_dags/example_dag_decorator.py took 0.191 seconds
[2022-05-05 05:50:11,043] {processor.py:153} INFO - Started process (PID=1064) to work on /home/airflow/.local/lib/python3.7/site-packages/airflow/example_dags/example_dag_decorator.py
[2022-05-05 05:50:11,043] {processor.py:641} INFO - Processing file /home/airflow/.local/lib/python3.7/site-packages/airflow/example_dags/example_dag_decorator.py for tasks to queue
[2022-05-05 05:50:11,044] {logging_mixin.py:115} INFO - [2022-05-05 05:50:11,044] {dagbag.py:507} INFO - Filling up the DagBag from /home/airflow/.local/lib/python3.7/site-packages/airflow/example_dags/example_dag_decorator.py
[2022-05-05 05:50:11,193] {processor.py:651} INFO - DAG(s) dict_keys(['example_dag_decorator']) retrieved from /home/airflow/.local/lib/python3.7/site-packages/airflow/example_dags/example_dag_decorator.py
[2022-05-05 05:50:11,217] {logging_mixin.py:115} INFO - [2022-05-05 05:50:11,217] {dag.py:2371} INFO - Sync 1 DAGs
[2022-05-05 05:50:11,238] {logging_mixin.py:115} INFO - [2022-05-05 05:50:11,238] {dag.py:2919} INFO - Setting next_dagrun for example_dag_decorator to None, run_after=None
[2022-05-05 05:50:11,252] {processor.py:161} INFO - Processing /home/airflow/.local/lib/python3.7/site-packages/airflow/example_dags/example_dag_decorator.py took 0.211 seconds
[2022-05-05 05:50:41,328] {processor.py:153} INFO - Started process (PID=1127) to work on /home/airflow/.local/lib/python3.7/site-packages/airflow/example_dags/example_dag_decorator.py
[2022-05-05 05:50:41,328] {processor.py:641} INFO - Processing file /home/airflow/.local/lib/python3.7/site-packages/airflow/example_dags/example_dag_decorator.py for tasks to queue
[2022-05-05 05:50:41,329] {logging_mixin.py:115} INFO - [2022-05-05 05:50:41,329] {dagbag.py:507} INFO - Filling up the DagBag from /home/airflow/.local/lib/python3.7/site-packages/airflow/example_dags/example_dag_decorator.py
[2022-05-05 05:50:41,448] {processor.py:651} INFO - DAG(s) dict_keys(['example_dag_decorator']) retrieved from /home/airflow/.local/lib/python3.7/site-packages/airflow/example_dags/example_dag_decorator.py
[2022-05-05 05:50:41,470] {logging_mixin.py:115} INFO - [2022-05-05 05:50:41,470] {dag.py:2371} INFO - Sync 1 DAGs
[2022-05-05 05:50:41,490] {logging_mixin.py:115} INFO - [2022-05-05 05:50:41,490] {dag.py:2919} INFO - Setting next_dagrun for example_dag_decorator to None, run_after=None
[2022-05-05 05:50:41,504] {processor.py:161} INFO - Processing /home/airflow/.local/lib/python3.7/site-packages/airflow/example_dags/example_dag_decorator.py took 0.179 seconds
[2022-05-05 05:52:20,773] {processor.py:153} INFO - Started process (PID=62) to work on /home/airflow/.local/lib/python3.7/site-packages/airflow/example_dags/example_dag_decorator.py
[2022-05-05 05:52:20,774] {processor.py:641} INFO - Processing file /home/airflow/.local/lib/python3.7/site-packages/airflow/example_dags/example_dag_decorator.py for tasks to queue
[2022-05-05 05:52:20,775] {logging_mixin.py:115} INFO - [2022-05-05 05:52:20,775] {dagbag.py:507} INFO - Filling up the DagBag from /home/airflow/.local/lib/python3.7/site-packages/airflow/example_dags/example_dag_decorator.py
[2022-05-05 05:52:20,819] {processor.py:651} INFO - DAG(s) dict_keys(['example_dag_decorator']) retrieved from /home/airflow/.local/lib/python3.7/site-packages/airflow/example_dags/example_dag_decorator.py
[2022-05-05 05:52:21,041] {logging_mixin.py:115} INFO - [2022-05-05 05:52:21,040] {dag.py:2371} INFO - Sync 1 DAGs
[2022-05-05 05:52:21,064] {logging_mixin.py:115} INFO - [2022-05-05 05:52:21,064] {dag.py:2919} INFO - Setting next_dagrun for example_dag_decorator to None, run_after=None
[2022-05-05 05:52:21,089] {processor.py:161} INFO - Processing /home/airflow/.local/lib/python3.7/site-packages/airflow/example_dags/example_dag_decorator.py took 0.320 seconds
[2022-05-05 05:52:51,145] {processor.py:153} INFO - Started process (PID=115) to work on /home/airflow/.local/lib/python3.7/site-packages/airflow/example_dags/example_dag_decorator.py
[2022-05-05 05:52:51,146] {processor.py:641} INFO - Processing file /home/airflow/.local/lib/python3.7/site-packages/airflow/example_dags/example_dag_decorator.py for tasks to queue
[2022-05-05 05:52:51,147] {logging_mixin.py:115} INFO - [2022-05-05 05:52:51,147] {dagbag.py:507} INFO - Filling up the DagBag from /home/airflow/.local/lib/python3.7/site-packages/airflow/example_dags/example_dag_decorator.py
[2022-05-05 05:52:51,167] {processor.py:651} INFO - DAG(s) dict_keys(['example_dag_decorator']) retrieved from /home/airflow/.local/lib/python3.7/site-packages/airflow/example_dags/example_dag_decorator.py
[2022-05-05 05:52:51,328] {logging_mixin.py:115} INFO - [2022-05-05 05:52:51,327] {dag.py:2371} INFO - Sync 1 DAGs
[2022-05-05 05:52:51,349] {logging_mixin.py:115} INFO - [2022-05-05 05:52:51,349] {dag.py:2919} INFO - Setting next_dagrun for example_dag_decorator to None, run_after=None
[2022-05-05 05:52:51,366] {processor.py:161} INFO - Processing /home/airflow/.local/lib/python3.7/site-packages/airflow/example_dags/example_dag_decorator.py took 0.223 seconds
[2022-05-05 05:53:48,866] {processor.py:153} INFO - Started process (PID=62) to work on /home/airflow/.local/lib/python3.7/site-packages/airflow/example_dags/example_dag_decorator.py
[2022-05-05 05:53:48,867] {processor.py:641} INFO - Processing file /home/airflow/.local/lib/python3.7/site-packages/airflow/example_dags/example_dag_decorator.py for tasks to queue
[2022-05-05 05:53:48,868] {logging_mixin.py:115} INFO - [2022-05-05 05:53:48,868] {dagbag.py:507} INFO - Filling up the DagBag from /home/airflow/.local/lib/python3.7/site-packages/airflow/example_dags/example_dag_decorator.py
[2022-05-05 05:53:48,912] {processor.py:651} INFO - DAG(s) dict_keys(['example_dag_decorator']) retrieved from /home/airflow/.local/lib/python3.7/site-packages/airflow/example_dags/example_dag_decorator.py
[2022-05-05 05:53:49,168] {logging_mixin.py:115} INFO - [2022-05-05 05:53:49,168] {dag.py:2371} INFO - Sync 1 DAGs
[2022-05-05 05:53:49,200] {logging_mixin.py:115} INFO - [2022-05-05 05:53:49,200] {dag.py:2919} INFO - Setting next_dagrun for example_dag_decorator to None, run_after=None
[2022-05-05 05:53:49,220] {processor.py:161} INFO - Processing /home/airflow/.local/lib/python3.7/site-packages/airflow/example_dags/example_dag_decorator.py took 0.357 seconds
[2022-05-05 05:54:19,593] {processor.py:153} INFO - Started process (PID=125) to work on /home/airflow/.local/lib/python3.7/site-packages/airflow/example_dags/example_dag_decorator.py
[2022-05-05 05:54:19,593] {processor.py:641} INFO - Processing file /home/airflow/.local/lib/python3.7/site-packages/airflow/example_dags/example_dag_decorator.py for tasks to queue
[2022-05-05 05:54:19,594] {logging_mixin.py:115} INFO - [2022-05-05 05:54:19,594] {dagbag.py:507} INFO - Filling up the DagBag from /home/airflow/.local/lib/python3.7/site-packages/airflow/example_dags/example_dag_decorator.py
[2022-05-05 05:54:19,623] {processor.py:651} INFO - DAG(s) dict_keys(['example_dag_decorator']) retrieved from /home/airflow/.local/lib/python3.7/site-packages/airflow/example_dags/example_dag_decorator.py
[2022-05-05 05:54:19,821] {logging_mixin.py:115} INFO - [2022-05-05 05:54:19,821] {dag.py:2371} INFO - Sync 1 DAGs
[2022-05-05 05:54:19,845] {logging_mixin.py:115} INFO - [2022-05-05 05:54:19,845] {dag.py:2919} INFO - Setting next_dagrun for example_dag_decorator to None, run_after=None
[2022-05-05 05:54:19,865] {processor.py:161} INFO - Processing /home/airflow/.local/lib/python3.7/site-packages/airflow/example_dags/example_dag_decorator.py took 0.275 seconds
[2022-05-05 05:54:50,454] {processor.py:153} INFO - Started process (PID=178) to work on /home/airflow/.local/lib/python3.7/site-packages/airflow/example_dags/example_dag_decorator.py
[2022-05-05 05:54:50,456] {processor.py:641} INFO - Processing file /home/airflow/.local/lib/python3.7/site-packages/airflow/example_dags/example_dag_decorator.py for tasks to queue
[2022-05-05 05:54:50,456] {logging_mixin.py:115} INFO - [2022-05-05 05:54:50,456] {dagbag.py:507} INFO - Filling up the DagBag from /home/airflow/.local/lib/python3.7/site-packages/airflow/example_dags/example_dag_decorator.py
[2022-05-05 05:54:50,478] {processor.py:651} INFO - DAG(s) dict_keys(['example_dag_decorator']) retrieved from /home/airflow/.local/lib/python3.7/site-packages/airflow/example_dags/example_dag_decorator.py
[2022-05-05 05:54:50,646] {logging_mixin.py:115} INFO - [2022-05-05 05:54:50,646] {dag.py:2371} INFO - Sync 1 DAGs
[2022-05-05 05:54:50,664] {logging_mixin.py:115} INFO - [2022-05-05 05:54:50,663] {dag.py:2919} INFO - Setting next_dagrun for example_dag_decorator to None, run_after=None
[2022-05-05 05:54:50,679] {processor.py:161} INFO - Processing /home/airflow/.local/lib/python3.7/site-packages/airflow/example_dags/example_dag_decorator.py took 0.227 seconds
[2022-05-05 05:55:21,159] {processor.py:153} INFO - Started process (PID=240) to work on /home/airflow/.local/lib/python3.7/site-packages/airflow/example_dags/example_dag_decorator.py
[2022-05-05 05:55:21,159] {processor.py:641} INFO - Processing file /home/airflow/.local/lib/python3.7/site-packages/airflow/example_dags/example_dag_decorator.py for tasks to queue
[2022-05-05 05:55:21,160] {logging_mixin.py:115} INFO - [2022-05-05 05:55:21,160] {dagbag.py:507} INFO - Filling up the DagBag from /home/airflow/.local/lib/python3.7/site-packages/airflow/example_dags/example_dag_decorator.py
[2022-05-05 05:55:21,187] {processor.py:651} INFO - DAG(s) dict_keys(['example_dag_decorator']) retrieved from /home/airflow/.local/lib/python3.7/site-packages/airflow/example_dags/example_dag_decorator.py
[2022-05-05 05:55:21,358] {logging_mixin.py:115} INFO - [2022-05-05 05:55:21,357] {dag.py:2371} INFO - Sync 1 DAGs
[2022-05-05 05:55:21,375] {logging_mixin.py:115} INFO - [2022-05-05 05:55:21,375] {dag.py:2919} INFO - Setting next_dagrun for example_dag_decorator to None, run_after=None
[2022-05-05 05:55:21,391] {processor.py:161} INFO - Processing /home/airflow/.local/lib/python3.7/site-packages/airflow/example_dags/example_dag_decorator.py took 0.235 seconds
[2022-05-05 05:55:51,759] {processor.py:153} INFO - Started process (PID=302) to work on /home/airflow/.local/lib/python3.7/site-packages/airflow/example_dags/example_dag_decorator.py
[2022-05-05 05:55:51,760] {processor.py:641} INFO - Processing file /home/airflow/.local/lib/python3.7/site-packages/airflow/example_dags/example_dag_decorator.py for tasks to queue
[2022-05-05 05:55:51,761] {logging_mixin.py:115} INFO - [2022-05-05 05:55:51,761] {dagbag.py:507} INFO - Filling up the DagBag from /home/airflow/.local/lib/python3.7/site-packages/airflow/example_dags/example_dag_decorator.py
[2022-05-05 05:55:51,789] {processor.py:651} INFO - DAG(s) dict_keys(['example_dag_decorator']) retrieved from /home/airflow/.local/lib/python3.7/site-packages/airflow/example_dags/example_dag_decorator.py
[2022-05-05 05:55:51,994] {logging_mixin.py:115} INFO - [2022-05-05 05:55:51,994] {dag.py:2371} INFO - Sync 1 DAGs
[2022-05-05 05:55:52,017] {logging_mixin.py:115} INFO - [2022-05-05 05:55:52,016] {dag.py:2919} INFO - Setting next_dagrun for example_dag_decorator to None, run_after=None
[2022-05-05 05:55:52,037] {processor.py:161} INFO - Processing /home/airflow/.local/lib/python3.7/site-packages/airflow/example_dags/example_dag_decorator.py took 0.280 seconds
[2022-05-05 05:56:22,284] {processor.py:153} INFO - Started process (PID=355) to work on /home/airflow/.local/lib/python3.7/site-packages/airflow/example_dags/example_dag_decorator.py
[2022-05-05 05:56:22,285] {processor.py:641} INFO - Processing file /home/airflow/.local/lib/python3.7/site-packages/airflow/example_dags/example_dag_decorator.py for tasks to queue
[2022-05-05 05:56:22,285] {logging_mixin.py:115} INFO - [2022-05-05 05:56:22,285] {dagbag.py:507} INFO - Filling up the DagBag from /home/airflow/.local/lib/python3.7/site-packages/airflow/example_dags/example_dag_decorator.py
[2022-05-05 05:56:22,307] {processor.py:651} INFO - DAG(s) dict_keys(['example_dag_decorator']) retrieved from /home/airflow/.local/lib/python3.7/site-packages/airflow/example_dags/example_dag_decorator.py
[2022-05-05 05:56:22,475] {logging_mixin.py:115} INFO - [2022-05-05 05:56:22,475] {dag.py:2371} INFO - Sync 1 DAGs
[2022-05-05 05:56:22,494] {logging_mixin.py:115} INFO - [2022-05-05 05:56:22,494] {dag.py:2919} INFO - Setting next_dagrun for example_dag_decorator to None, run_after=None
[2022-05-05 05:56:22,508] {processor.py:161} INFO - Processing /home/airflow/.local/lib/python3.7/site-packages/airflow/example_dags/example_dag_decorator.py took 0.227 seconds
[2022-05-05 05:56:52,699] {processor.py:153} INFO - Started process (PID=417) to work on /home/airflow/.local/lib/python3.7/site-packages/airflow/example_dags/example_dag_decorator.py
[2022-05-05 05:56:52,700] {processor.py:641} INFO - Processing file /home/airflow/.local/lib/python3.7/site-packages/airflow/example_dags/example_dag_decorator.py for tasks to queue
[2022-05-05 05:56:52,700] {logging_mixin.py:115} INFO - [2022-05-05 05:56:52,700] {dagbag.py:507} INFO - Filling up the DagBag from /home/airflow/.local/lib/python3.7/site-packages/airflow/example_dags/example_dag_decorator.py
[2022-05-05 05:56:52,727] {processor.py:651} INFO - DAG(s) dict_keys(['example_dag_decorator']) retrieved from /home/airflow/.local/lib/python3.7/site-packages/airflow/example_dags/example_dag_decorator.py
[2022-05-05 05:56:52,979] {logging_mixin.py:115} INFO - [2022-05-05 05:56:52,979] {dag.py:2371} INFO - Sync 1 DAGs
[2022-05-05 05:56:53,000] {logging_mixin.py:115} INFO - [2022-05-05 05:56:53,000] {dag.py:2919} INFO - Setting next_dagrun for example_dag_decorator to None, run_after=None
[2022-05-05 05:56:53,018] {processor.py:161} INFO - Processing /home/airflow/.local/lib/python3.7/site-packages/airflow/example_dags/example_dag_decorator.py took 0.322 seconds
[2022-05-05 05:57:23,238] {processor.py:153} INFO - Started process (PID=480) to work on /home/airflow/.local/lib/python3.7/site-packages/airflow/example_dags/example_dag_decorator.py
[2022-05-05 05:57:23,238] {processor.py:641} INFO - Processing file /home/airflow/.local/lib/python3.7/site-packages/airflow/example_dags/example_dag_decorator.py for tasks to queue
[2022-05-05 05:57:23,239] {logging_mixin.py:115} INFO - [2022-05-05 05:57:23,239] {dagbag.py:507} INFO - Filling up the DagBag from /home/airflow/.local/lib/python3.7/site-packages/airflow/example_dags/example_dag_decorator.py
[2022-05-05 05:57:23,272] {processor.py:651} INFO - DAG(s) dict_keys(['example_dag_decorator']) retrieved from /home/airflow/.local/lib/python3.7/site-packages/airflow/example_dags/example_dag_decorator.py
[2022-05-05 05:57:23,459] {logging_mixin.py:115} INFO - [2022-05-05 05:57:23,459] {dag.py:2371} INFO - Sync 1 DAGs
[2022-05-05 05:57:23,480] {logging_mixin.py:115} INFO - [2022-05-05 05:57:23,480] {dag.py:2919} INFO - Setting next_dagrun for example_dag_decorator to None, run_after=None
[2022-05-05 05:57:23,499] {processor.py:161} INFO - Processing /home/airflow/.local/lib/python3.7/site-packages/airflow/example_dags/example_dag_decorator.py took 0.265 seconds
[2022-05-05 05:57:53,586] {processor.py:153} INFO - Started process (PID=532) to work on /home/airflow/.local/lib/python3.7/site-packages/airflow/example_dags/example_dag_decorator.py
[2022-05-05 05:57:53,587] {processor.py:641} INFO - Processing file /home/airflow/.local/lib/python3.7/site-packages/airflow/example_dags/example_dag_decorator.py for tasks to queue
[2022-05-05 05:57:53,587] {logging_mixin.py:115} INFO - [2022-05-05 05:57:53,587] {dagbag.py:507} INFO - Filling up the DagBag from /home/airflow/.local/lib/python3.7/site-packages/airflow/example_dags/example_dag_decorator.py
[2022-05-05 05:57:53,609] {processor.py:651} INFO - DAG(s) dict_keys(['example_dag_decorator']) retrieved from /home/airflow/.local/lib/python3.7/site-packages/airflow/example_dags/example_dag_decorator.py
[2022-05-05 05:57:53,766] {logging_mixin.py:115} INFO - [2022-05-05 05:57:53,765] {dag.py:2371} INFO - Sync 1 DAGs
[2022-05-05 05:57:53,785] {logging_mixin.py:115} INFO - [2022-05-05 05:57:53,785] {dag.py:2919} INFO - Setting next_dagrun for example_dag_decorator to None, run_after=None
[2022-05-05 05:57:53,799] {processor.py:161} INFO - Processing /home/airflow/.local/lib/python3.7/site-packages/airflow/example_dags/example_dag_decorator.py took 0.216 seconds
[2022-05-05 05:58:23,840] {processor.py:153} INFO - Started process (PID=595) to work on /home/airflow/.local/lib/python3.7/site-packages/airflow/example_dags/example_dag_decorator.py
[2022-05-05 05:58:23,840] {processor.py:641} INFO - Processing file /home/airflow/.local/lib/python3.7/site-packages/airflow/example_dags/example_dag_decorator.py for tasks to queue
[2022-05-05 05:58:23,841] {logging_mixin.py:115} INFO - [2022-05-05 05:58:23,841] {dagbag.py:507} INFO - Filling up the DagBag from /home/airflow/.local/lib/python3.7/site-packages/airflow/example_dags/example_dag_decorator.py
[2022-05-05 05:58:23,861] {processor.py:651} INFO - DAG(s) dict_keys(['example_dag_decorator']) retrieved from /home/airflow/.local/lib/python3.7/site-packages/airflow/example_dags/example_dag_decorator.py
[2022-05-05 05:58:24,024] {logging_mixin.py:115} INFO - [2022-05-05 05:58:24,024] {dag.py:2371} INFO - Sync 1 DAGs
[2022-05-05 05:58:24,042] {logging_mixin.py:115} INFO - [2022-05-05 05:58:24,042] {dag.py:2919} INFO - Setting next_dagrun for example_dag_decorator to None, run_after=None
[2022-05-05 05:58:24,058] {processor.py:161} INFO - Processing /home/airflow/.local/lib/python3.7/site-packages/airflow/example_dags/example_dag_decorator.py took 0.221 seconds
[2022-05-05 05:58:54,158] {processor.py:153} INFO - Started process (PID=647) to work on /home/airflow/.local/lib/python3.7/site-packages/airflow/example_dags/example_dag_decorator.py
[2022-05-05 05:58:54,159] {processor.py:641} INFO - Processing file /home/airflow/.local/lib/python3.7/site-packages/airflow/example_dags/example_dag_decorator.py for tasks to queue
[2022-05-05 05:58:54,159] {logging_mixin.py:115} INFO - [2022-05-05 05:58:54,159] {dagbag.py:507} INFO - Filling up the DagBag from /home/airflow/.local/lib/python3.7/site-packages/airflow/example_dags/example_dag_decorator.py
[2022-05-05 05:58:54,281] {processor.py:651} INFO - DAG(s) dict_keys(['example_dag_decorator']) retrieved from /home/airflow/.local/lib/python3.7/site-packages/airflow/example_dags/example_dag_decorator.py
[2022-05-05 05:58:54,343] {logging_mixin.py:115} INFO - [2022-05-05 05:58:54,343] {dag.py:2371} INFO - Sync 1 DAGs
[2022-05-05 05:58:54,362] {logging_mixin.py:115} INFO - [2022-05-05 05:58:54,362] {dag.py:2919} INFO - Setting next_dagrun for example_dag_decorator to None, run_after=None
[2022-05-05 05:58:54,384] {processor.py:161} INFO - Processing /home/airflow/.local/lib/python3.7/site-packages/airflow/example_dags/example_dag_decorator.py took 0.228 seconds
[2022-05-05 05:59:24,452] {processor.py:153} INFO - Started process (PID=708) to work on /home/airflow/.local/lib/python3.7/site-packages/airflow/example_dags/example_dag_decorator.py
[2022-05-05 05:59:24,452] {processor.py:641} INFO - Processing file /home/airflow/.local/lib/python3.7/site-packages/airflow/example_dags/example_dag_decorator.py for tasks to queue
[2022-05-05 05:59:24,453] {logging_mixin.py:115} INFO - [2022-05-05 05:59:24,453] {dagbag.py:507} INFO - Filling up the DagBag from /home/airflow/.local/lib/python3.7/site-packages/airflow/example_dags/example_dag_decorator.py
[2022-05-05 05:59:24,598] {processor.py:651} INFO - DAG(s) dict_keys(['example_dag_decorator']) retrieved from /home/airflow/.local/lib/python3.7/site-packages/airflow/example_dags/example_dag_decorator.py
[2022-05-05 05:59:24,664] {logging_mixin.py:115} INFO - [2022-05-05 05:59:24,664] {dag.py:2371} INFO - Sync 1 DAGs
[2022-05-05 05:59:24,686] {logging_mixin.py:115} INFO - [2022-05-05 05:59:24,686] {dag.py:2919} INFO - Setting next_dagrun for example_dag_decorator to None, run_after=None
[2022-05-05 05:59:24,704] {processor.py:161} INFO - Processing /home/airflow/.local/lib/python3.7/site-packages/airflow/example_dags/example_dag_decorator.py took 0.255 seconds
[2022-05-05 05:59:54,820] {processor.py:153} INFO - Started process (PID=771) to work on /home/airflow/.local/lib/python3.7/site-packages/airflow/example_dags/example_dag_decorator.py
[2022-05-05 05:59:54,820] {processor.py:641} INFO - Processing file /home/airflow/.local/lib/python3.7/site-packages/airflow/example_dags/example_dag_decorator.py for tasks to queue
[2022-05-05 05:59:54,821] {logging_mixin.py:115} INFO - [2022-05-05 05:59:54,821] {dagbag.py:507} INFO - Filling up the DagBag from /home/airflow/.local/lib/python3.7/site-packages/airflow/example_dags/example_dag_decorator.py
[2022-05-05 05:59:54,966] {processor.py:651} INFO - DAG(s) dict_keys(['example_dag_decorator']) retrieved from /home/airflow/.local/lib/python3.7/site-packages/airflow/example_dags/example_dag_decorator.py
[2022-05-05 05:59:55,030] {logging_mixin.py:115} INFO - [2022-05-05 05:59:55,030] {dag.py:2371} INFO - Sync 1 DAGs
[2022-05-05 05:59:55,051] {logging_mixin.py:115} INFO - [2022-05-05 05:59:55,051] {dag.py:2919} INFO - Setting next_dagrun for example_dag_decorator to None, run_after=None
[2022-05-05 05:59:55,069] {processor.py:161} INFO - Processing /home/airflow/.local/lib/python3.7/site-packages/airflow/example_dags/example_dag_decorator.py took 0.252 seconds
[2022-05-05 06:00:25,581] {processor.py:153} INFO - Started process (PID=824) to work on /home/airflow/.local/lib/python3.7/site-packages/airflow/example_dags/example_dag_decorator.py
[2022-05-05 06:00:25,582] {processor.py:641} INFO - Processing file /home/airflow/.local/lib/python3.7/site-packages/airflow/example_dags/example_dag_decorator.py for tasks to queue
[2022-05-05 06:00:25,582] {logging_mixin.py:115} INFO - [2022-05-05 06:00:25,582] {dagbag.py:507} INFO - Filling up the DagBag from /home/airflow/.local/lib/python3.7/site-packages/airflow/example_dags/example_dag_decorator.py
[2022-05-05 06:00:25,706] {processor.py:651} INFO - DAG(s) dict_keys(['example_dag_decorator']) retrieved from /home/airflow/.local/lib/python3.7/site-packages/airflow/example_dags/example_dag_decorator.py
[2022-05-05 06:00:25,767] {logging_mixin.py:115} INFO - [2022-05-05 06:00:25,767] {dag.py:2371} INFO - Sync 1 DAGs
[2022-05-05 06:00:25,787] {logging_mixin.py:115} INFO - [2022-05-05 06:00:25,787] {dag.py:2919} INFO - Setting next_dagrun for example_dag_decorator to None, run_after=None
[2022-05-05 06:00:25,806] {processor.py:161} INFO - Processing /home/airflow/.local/lib/python3.7/site-packages/airflow/example_dags/example_dag_decorator.py took 0.228 seconds
[2022-05-05 06:00:56,137] {processor.py:153} INFO - Started process (PID=886) to work on /home/airflow/.local/lib/python3.7/site-packages/airflow/example_dags/example_dag_decorator.py
[2022-05-05 06:00:56,137] {processor.py:641} INFO - Processing file /home/airflow/.local/lib/python3.7/site-packages/airflow/example_dags/example_dag_decorator.py for tasks to queue
[2022-05-05 06:00:56,138] {logging_mixin.py:115} INFO - [2022-05-05 06:00:56,137] {dagbag.py:507} INFO - Filling up the DagBag from /home/airflow/.local/lib/python3.7/site-packages/airflow/example_dags/example_dag_decorator.py
[2022-05-05 06:00:56,260] {processor.py:651} INFO - DAG(s) dict_keys(['example_dag_decorator']) retrieved from /home/airflow/.local/lib/python3.7/site-packages/airflow/example_dags/example_dag_decorator.py
[2022-05-05 06:00:56,282] {logging_mixin.py:115} INFO - [2022-05-05 06:00:56,282] {dag.py:2371} INFO - Sync 1 DAGs
[2022-05-05 06:00:56,302] {logging_mixin.py:115} INFO - [2022-05-05 06:00:56,302] {dag.py:2919} INFO - Setting next_dagrun for example_dag_decorator to None, run_after=None
[2022-05-05 06:00:56,315] {processor.py:161} INFO - Processing /home/airflow/.local/lib/python3.7/site-packages/airflow/example_dags/example_dag_decorator.py took 0.181 seconds
[2022-05-05 06:01:26,671] {processor.py:153} INFO - Started process (PID=949) to work on /home/airflow/.local/lib/python3.7/site-packages/airflow/example_dags/example_dag_decorator.py
[2022-05-05 06:01:26,672] {processor.py:641} INFO - Processing file /home/airflow/.local/lib/python3.7/site-packages/airflow/example_dags/example_dag_decorator.py for tasks to queue
[2022-05-05 06:01:26,672] {logging_mixin.py:115} INFO - [2022-05-05 06:01:26,672] {dagbag.py:507} INFO - Filling up the DagBag from /home/airflow/.local/lib/python3.7/site-packages/airflow/example_dags/example_dag_decorator.py
[2022-05-05 06:01:26,804] {processor.py:651} INFO - DAG(s) dict_keys(['example_dag_decorator']) retrieved from /home/airflow/.local/lib/python3.7/site-packages/airflow/example_dags/example_dag_decorator.py
[2022-05-05 06:01:26,827] {logging_mixin.py:115} INFO - [2022-05-05 06:01:26,827] {dag.py:2371} INFO - Sync 1 DAGs
[2022-05-05 06:01:26,851] {logging_mixin.py:115} INFO - [2022-05-05 06:01:26,851] {dag.py:2919} INFO - Setting next_dagrun for example_dag_decorator to None, run_after=None
[2022-05-05 06:01:26,866] {processor.py:161} INFO - Processing /home/airflow/.local/lib/python3.7/site-packages/airflow/example_dags/example_dag_decorator.py took 0.198 seconds
[2022-05-05 06:01:56,966] {processor.py:153} INFO - Started process (PID=1001) to work on /home/airflow/.local/lib/python3.7/site-packages/airflow/example_dags/example_dag_decorator.py
[2022-05-05 06:01:56,966] {processor.py:641} INFO - Processing file /home/airflow/.local/lib/python3.7/site-packages/airflow/example_dags/example_dag_decorator.py for tasks to queue
[2022-05-05 06:01:56,966] {logging_mixin.py:115} INFO - [2022-05-05 06:01:56,966] {dagbag.py:507} INFO - Filling up the DagBag from /home/airflow/.local/lib/python3.7/site-packages/airflow/example_dags/example_dag_decorator.py
[2022-05-05 06:01:57,087] {processor.py:651} INFO - DAG(s) dict_keys(['example_dag_decorator']) retrieved from /home/airflow/.local/lib/python3.7/site-packages/airflow/example_dags/example_dag_decorator.py
[2022-05-05 06:01:57,106] {logging_mixin.py:115} INFO - [2022-05-05 06:01:57,106] {dag.py:2371} INFO - Sync 1 DAGs
[2022-05-05 06:01:57,125] {logging_mixin.py:115} INFO - [2022-05-05 06:01:57,125] {dag.py:2919} INFO - Setting next_dagrun for example_dag_decorator to None, run_after=None
[2022-05-05 06:01:57,138] {processor.py:161} INFO - Processing /home/airflow/.local/lib/python3.7/site-packages/airflow/example_dags/example_dag_decorator.py took 0.174 seconds
[2022-05-05 06:02:27,268] {processor.py:153} INFO - Started process (PID=1065) to work on /home/airflow/.local/lib/python3.7/site-packages/airflow/example_dags/example_dag_decorator.py
[2022-05-05 06:02:27,269] {processor.py:641} INFO - Processing file /home/airflow/.local/lib/python3.7/site-packages/airflow/example_dags/example_dag_decorator.py for tasks to queue
[2022-05-05 06:02:27,269] {logging_mixin.py:115} INFO - [2022-05-05 06:02:27,269] {dagbag.py:507} INFO - Filling up the DagBag from /home/airflow/.local/lib/python3.7/site-packages/airflow/example_dags/example_dag_decorator.py
[2022-05-05 06:02:27,395] {processor.py:651} INFO - DAG(s) dict_keys(['example_dag_decorator']) retrieved from /home/airflow/.local/lib/python3.7/site-packages/airflow/example_dags/example_dag_decorator.py
[2022-05-05 06:02:27,416] {logging_mixin.py:115} INFO - [2022-05-05 06:02:27,416] {dag.py:2371} INFO - Sync 1 DAGs
[2022-05-05 06:02:27,439] {logging_mixin.py:115} INFO - [2022-05-05 06:02:27,439] {dag.py:2919} INFO - Setting next_dagrun for example_dag_decorator to None, run_after=None
[2022-05-05 06:02:27,453] {processor.py:161} INFO - Processing /home/airflow/.local/lib/python3.7/site-packages/airflow/example_dags/example_dag_decorator.py took 0.187 seconds
[2022-05-05 06:02:57,720] {processor.py:153} INFO - Started process (PID=1128) to work on /home/airflow/.local/lib/python3.7/site-packages/airflow/example_dags/example_dag_decorator.py
[2022-05-05 06:02:57,721] {processor.py:641} INFO - Processing file /home/airflow/.local/lib/python3.7/site-packages/airflow/example_dags/example_dag_decorator.py for tasks to queue
[2022-05-05 06:02:57,721] {logging_mixin.py:115} INFO - [2022-05-05 06:02:57,721] {dagbag.py:507} INFO - Filling up the DagBag from /home/airflow/.local/lib/python3.7/site-packages/airflow/example_dags/example_dag_decorator.py
[2022-05-05 06:02:57,836] {processor.py:651} INFO - DAG(s) dict_keys(['example_dag_decorator']) retrieved from /home/airflow/.local/lib/python3.7/site-packages/airflow/example_dags/example_dag_decorator.py
[2022-05-05 06:02:57,857] {logging_mixin.py:115} INFO - [2022-05-05 06:02:57,856] {dag.py:2371} INFO - Sync 1 DAGs
[2022-05-05 06:02:57,876] {logging_mixin.py:115} INFO - [2022-05-05 06:02:57,876] {dag.py:2919} INFO - Setting next_dagrun for example_dag_decorator to None, run_after=None
[2022-05-05 06:02:57,890] {processor.py:161} INFO - Processing /home/airflow/.local/lib/python3.7/site-packages/airflow/example_dags/example_dag_decorator.py took 0.172 seconds
[2022-05-05 06:03:28,130] {processor.py:153} INFO - Started process (PID=1182) to work on /home/airflow/.local/lib/python3.7/site-packages/airflow/example_dags/example_dag_decorator.py
[2022-05-05 06:03:28,131] {processor.py:641} INFO - Processing file /home/airflow/.local/lib/python3.7/site-packages/airflow/example_dags/example_dag_decorator.py for tasks to queue
[2022-05-05 06:03:28,131] {logging_mixin.py:115} INFO - [2022-05-05 06:03:28,131] {dagbag.py:507} INFO - Filling up the DagBag from /home/airflow/.local/lib/python3.7/site-packages/airflow/example_dags/example_dag_decorator.py
[2022-05-05 06:03:28,275] {processor.py:651} INFO - DAG(s) dict_keys(['example_dag_decorator']) retrieved from /home/airflow/.local/lib/python3.7/site-packages/airflow/example_dags/example_dag_decorator.py
[2022-05-05 06:03:28,332] {logging_mixin.py:115} INFO - [2022-05-05 06:03:28,331] {dag.py:2371} INFO - Sync 1 DAGs
[2022-05-05 06:03:28,367] {logging_mixin.py:115} INFO - [2022-05-05 06:03:28,366] {dag.py:2919} INFO - Setting next_dagrun for example_dag_decorator to None, run_after=None
[2022-05-05 06:03:28,383] {processor.py:161} INFO - Processing /home/airflow/.local/lib/python3.7/site-packages/airflow/example_dags/example_dag_decorator.py took 0.255 seconds
[2022-05-05 06:03:59,088] {processor.py:153} INFO - Started process (PID=1245) to work on /home/airflow/.local/lib/python3.7/site-packages/airflow/example_dags/example_dag_decorator.py
[2022-05-05 06:03:59,088] {processor.py:641} INFO - Processing file /home/airflow/.local/lib/python3.7/site-packages/airflow/example_dags/example_dag_decorator.py for tasks to queue
[2022-05-05 06:03:59,089] {logging_mixin.py:115} INFO - [2022-05-05 06:03:59,088] {dagbag.py:507} INFO - Filling up the DagBag from /home/airflow/.local/lib/python3.7/site-packages/airflow/example_dags/example_dag_decorator.py
[2022-05-05 06:03:59,116] {processor.py:651} INFO - DAG(s) dict_keys(['example_dag_decorator']) retrieved from /home/airflow/.local/lib/python3.7/site-packages/airflow/example_dags/example_dag_decorator.py
[2022-05-05 06:03:59,178] {logging_mixin.py:115} INFO - [2022-05-05 06:03:59,178] {dag.py:2371} INFO - Sync 1 DAGs
[2022-05-05 06:03:59,198] {logging_mixin.py:115} INFO - [2022-05-05 06:03:59,197] {dag.py:2919} INFO - Setting next_dagrun for example_dag_decorator to None, run_after=None
[2022-05-05 06:03:59,307] {processor.py:161} INFO - Processing /home/airflow/.local/lib/python3.7/site-packages/airflow/example_dags/example_dag_decorator.py took 0.222 seconds
[2022-05-05 06:04:30,285] {processor.py:153} INFO - Started process (PID=1307) to work on /home/airflow/.local/lib/python3.7/site-packages/airflow/example_dags/example_dag_decorator.py
[2022-05-05 06:04:30,286] {processor.py:641} INFO - Processing file /home/airflow/.local/lib/python3.7/site-packages/airflow/example_dags/example_dag_decorator.py for tasks to queue
[2022-05-05 06:04:30,287] {logging_mixin.py:115} INFO - [2022-05-05 06:04:30,287] {dagbag.py:507} INFO - Filling up the DagBag from /home/airflow/.local/lib/python3.7/site-packages/airflow/example_dags/example_dag_decorator.py
[2022-05-05 06:04:30,307] {processor.py:651} INFO - DAG(s) dict_keys(['example_dag_decorator']) retrieved from /home/airflow/.local/lib/python3.7/site-packages/airflow/example_dags/example_dag_decorator.py
[2022-05-05 06:04:30,370] {logging_mixin.py:115} INFO - [2022-05-05 06:04:30,370] {dag.py:2371} INFO - Sync 1 DAGs
[2022-05-05 06:04:30,392] {logging_mixin.py:115} INFO - [2022-05-05 06:04:30,392] {dag.py:2919} INFO - Setting next_dagrun for example_dag_decorator to None, run_after=None
[2022-05-05 06:04:30,503] {processor.py:161} INFO - Processing /home/airflow/.local/lib/python3.7/site-packages/airflow/example_dags/example_dag_decorator.py took 0.220 seconds
[2022-05-05 06:05:00,920] {processor.py:153} INFO - Started process (PID=1360) to work on /home/airflow/.local/lib/python3.7/site-packages/airflow/example_dags/example_dag_decorator.py
[2022-05-05 06:05:00,920] {processor.py:641} INFO - Processing file /home/airflow/.local/lib/python3.7/site-packages/airflow/example_dags/example_dag_decorator.py for tasks to queue
[2022-05-05 06:05:00,921] {logging_mixin.py:115} INFO - [2022-05-05 06:05:00,921] {dagbag.py:507} INFO - Filling up the DagBag from /home/airflow/.local/lib/python3.7/site-packages/airflow/example_dags/example_dag_decorator.py
[2022-05-05 06:05:00,946] {processor.py:651} INFO - DAG(s) dict_keys(['example_dag_decorator']) retrieved from /home/airflow/.local/lib/python3.7/site-packages/airflow/example_dags/example_dag_decorator.py
[2022-05-05 06:05:01,028] {logging_mixin.py:115} INFO - [2022-05-05 06:05:01,028] {dag.py:2371} INFO - Sync 1 DAGs
[2022-05-05 06:05:01,056] {logging_mixin.py:115} INFO - [2022-05-05 06:05:01,055] {dag.py:2919} INFO - Setting next_dagrun for example_dag_decorator to None, run_after=None
[2022-05-05 06:05:01,184] {processor.py:161} INFO - Processing /home/airflow/.local/lib/python3.7/site-packages/airflow/example_dags/example_dag_decorator.py took 0.266 seconds
[2022-05-05 06:05:31,567] {processor.py:153} INFO - Started process (PID=1421) to work on /home/airflow/.local/lib/python3.7/site-packages/airflow/example_dags/example_dag_decorator.py
[2022-05-05 06:05:31,568] {processor.py:641} INFO - Processing file /home/airflow/.local/lib/python3.7/site-packages/airflow/example_dags/example_dag_decorator.py for tasks to queue
[2022-05-05 06:05:31,569] {logging_mixin.py:115} INFO - [2022-05-05 06:05:31,569] {dagbag.py:507} INFO - Filling up the DagBag from /home/airflow/.local/lib/python3.7/site-packages/airflow/example_dags/example_dag_decorator.py
[2022-05-05 06:05:31,591] {processor.py:651} INFO - DAG(s) dict_keys(['example_dag_decorator']) retrieved from /home/airflow/.local/lib/python3.7/site-packages/airflow/example_dags/example_dag_decorator.py
[2022-05-05 06:05:31,651] {logging_mixin.py:115} INFO - [2022-05-05 06:05:31,651] {dag.py:2371} INFO - Sync 1 DAGs
[2022-05-05 06:05:31,673] {logging_mixin.py:115} INFO - [2022-05-05 06:05:31,673] {dag.py:2919} INFO - Setting next_dagrun for example_dag_decorator to None, run_after=None
[2022-05-05 06:05:31,782] {processor.py:161} INFO - Processing /home/airflow/.local/lib/python3.7/site-packages/airflow/example_dags/example_dag_decorator.py took 0.217 seconds
[2022-05-05 06:06:02,225] {processor.py:153} INFO - Started process (PID=1484) to work on /home/airflow/.local/lib/python3.7/site-packages/airflow/example_dags/example_dag_decorator.py
[2022-05-05 06:06:02,225] {processor.py:641} INFO - Processing file /home/airflow/.local/lib/python3.7/site-packages/airflow/example_dags/example_dag_decorator.py for tasks to queue
[2022-05-05 06:06:02,226] {logging_mixin.py:115} INFO - [2022-05-05 06:06:02,226] {dagbag.py:507} INFO - Filling up the DagBag from /home/airflow/.local/lib/python3.7/site-packages/airflow/example_dags/example_dag_decorator.py
[2022-05-05 06:06:02,247] {processor.py:651} INFO - DAG(s) dict_keys(['example_dag_decorator']) retrieved from /home/airflow/.local/lib/python3.7/site-packages/airflow/example_dags/example_dag_decorator.py
[2022-05-05 06:06:02,269] {logging_mixin.py:115} INFO - [2022-05-05 06:06:02,269] {dag.py:2371} INFO - Sync 1 DAGs
[2022-05-05 06:06:02,289] {logging_mixin.py:115} INFO - [2022-05-05 06:06:02,289] {dag.py:2919} INFO - Setting next_dagrun for example_dag_decorator to None, run_after=None
[2022-05-05 06:06:02,302] {processor.py:161} INFO - Processing /home/airflow/.local/lib/python3.7/site-packages/airflow/example_dags/example_dag_decorator.py took 0.081 seconds
[2022-05-05 06:06:32,994] {processor.py:153} INFO - Started process (PID=1536) to work on /home/airflow/.local/lib/python3.7/site-packages/airflow/example_dags/example_dag_decorator.py
[2022-05-05 06:06:32,995] {processor.py:641} INFO - Processing file /home/airflow/.local/lib/python3.7/site-packages/airflow/example_dags/example_dag_decorator.py for tasks to queue
[2022-05-05 06:06:32,996] {logging_mixin.py:115} INFO - [2022-05-05 06:06:32,996] {dagbag.py:507} INFO - Filling up the DagBag from /home/airflow/.local/lib/python3.7/site-packages/airflow/example_dags/example_dag_decorator.py
[2022-05-05 06:06:33,017] {processor.py:651} INFO - DAG(s) dict_keys(['example_dag_decorator']) retrieved from /home/airflow/.local/lib/python3.7/site-packages/airflow/example_dags/example_dag_decorator.py
[2022-05-05 06:06:33,077] {logging_mixin.py:115} INFO - [2022-05-05 06:06:33,077] {dag.py:2371} INFO - Sync 1 DAGs
[2022-05-05 06:06:33,106] {logging_mixin.py:115} INFO - [2022-05-05 06:06:33,106] {dag.py:2919} INFO - Setting next_dagrun for example_dag_decorator to None, run_after=None
[2022-05-05 06:06:33,248] {processor.py:161} INFO - Processing /home/airflow/.local/lib/python3.7/site-packages/airflow/example_dags/example_dag_decorator.py took 0.257 seconds
[2022-05-05 06:07:03,895] {processor.py:153} INFO - Started process (PID=1599) to work on /home/airflow/.local/lib/python3.7/site-packages/airflow/example_dags/example_dag_decorator.py
[2022-05-05 06:07:03,896] {processor.py:641} INFO - Processing file /home/airflow/.local/lib/python3.7/site-packages/airflow/example_dags/example_dag_decorator.py for tasks to queue
[2022-05-05 06:07:03,897] {logging_mixin.py:115} INFO - [2022-05-05 06:07:03,897] {dagbag.py:507} INFO - Filling up the DagBag from /home/airflow/.local/lib/python3.7/site-packages/airflow/example_dags/example_dag_decorator.py
[2022-05-05 06:07:03,920] {processor.py:651} INFO - DAG(s) dict_keys(['example_dag_decorator']) retrieved from /home/airflow/.local/lib/python3.7/site-packages/airflow/example_dags/example_dag_decorator.py
[2022-05-05 06:07:03,995] {logging_mixin.py:115} INFO - [2022-05-05 06:07:03,994] {dag.py:2371} INFO - Sync 1 DAGs
[2022-05-05 06:07:04,018] {logging_mixin.py:115} INFO - [2022-05-05 06:07:04,018] {dag.py:2919} INFO - Setting next_dagrun for example_dag_decorator to None, run_after=None
[2022-05-05 06:07:04,145] {processor.py:161} INFO - Processing /home/airflow/.local/lib/python3.7/site-packages/airflow/example_dags/example_dag_decorator.py took 0.253 seconds
[2022-05-05 06:07:34,685] {processor.py:153} INFO - Started process (PID=1660) to work on /home/airflow/.local/lib/python3.7/site-packages/airflow/example_dags/example_dag_decorator.py
[2022-05-05 06:07:34,685] {processor.py:641} INFO - Processing file /home/airflow/.local/lib/python3.7/site-packages/airflow/example_dags/example_dag_decorator.py for tasks to queue
[2022-05-05 06:07:34,686] {logging_mixin.py:115} INFO - [2022-05-05 06:07:34,686] {dagbag.py:507} INFO - Filling up the DagBag from /home/airflow/.local/lib/python3.7/site-packages/airflow/example_dags/example_dag_decorator.py
[2022-05-05 06:07:34,709] {processor.py:651} INFO - DAG(s) dict_keys(['example_dag_decorator']) retrieved from /home/airflow/.local/lib/python3.7/site-packages/airflow/example_dags/example_dag_decorator.py
[2022-05-05 06:07:34,773] {logging_mixin.py:115} INFO - [2022-05-05 06:07:34,773] {dag.py:2371} INFO - Sync 1 DAGs
[2022-05-05 06:07:34,796] {logging_mixin.py:115} INFO - [2022-05-05 06:07:34,796] {dag.py:2919} INFO - Setting next_dagrun for example_dag_decorator to None, run_after=None
[2022-05-05 06:07:34,926] {processor.py:161} INFO - Processing /home/airflow/.local/lib/python3.7/site-packages/airflow/example_dags/example_dag_decorator.py took 0.244 seconds
[2022-05-05 06:08:05,392] {processor.py:153} INFO - Started process (PID=1713) to work on /home/airflow/.local/lib/python3.7/site-packages/airflow/example_dags/example_dag_decorator.py
[2022-05-05 06:08:05,394] {processor.py:641} INFO - Processing file /home/airflow/.local/lib/python3.7/site-packages/airflow/example_dags/example_dag_decorator.py for tasks to queue
[2022-05-05 06:08:05,394] {logging_mixin.py:115} INFO - [2022-05-05 06:08:05,394] {dagbag.py:507} INFO - Filling up the DagBag from /home/airflow/.local/lib/python3.7/site-packages/airflow/example_dags/example_dag_decorator.py
[2022-05-05 06:08:05,414] {processor.py:651} INFO - DAG(s) dict_keys(['example_dag_decorator']) retrieved from /home/airflow/.local/lib/python3.7/site-packages/airflow/example_dags/example_dag_decorator.py
[2022-05-05 06:08:05,479] {logging_mixin.py:115} INFO - [2022-05-05 06:08:05,479] {dag.py:2371} INFO - Sync 1 DAGs
[2022-05-05 06:08:05,501] {logging_mixin.py:115} INFO - [2022-05-05 06:08:05,501] {dag.py:2919} INFO - Setting next_dagrun for example_dag_decorator to None, run_after=None
[2022-05-05 06:08:05,620] {processor.py:161} INFO - Processing /home/airflow/.local/lib/python3.7/site-packages/airflow/example_dags/example_dag_decorator.py took 0.231 seconds
[2022-05-05 06:08:36,158] {processor.py:153} INFO - Started process (PID=1776) to work on /home/airflow/.local/lib/python3.7/site-packages/airflow/example_dags/example_dag_decorator.py
[2022-05-05 06:08:36,159] {processor.py:641} INFO - Processing file /home/airflow/.local/lib/python3.7/site-packages/airflow/example_dags/example_dag_decorator.py for tasks to queue
[2022-05-05 06:08:36,159] {logging_mixin.py:115} INFO - [2022-05-05 06:08:36,159] {dagbag.py:507} INFO - Filling up the DagBag from /home/airflow/.local/lib/python3.7/site-packages/airflow/example_dags/example_dag_decorator.py
[2022-05-05 06:08:36,179] {processor.py:651} INFO - DAG(s) dict_keys(['example_dag_decorator']) retrieved from /home/airflow/.local/lib/python3.7/site-packages/airflow/example_dags/example_dag_decorator.py
[2022-05-05 06:08:36,201] {logging_mixin.py:115} INFO - [2022-05-05 06:08:36,201] {dag.py:2371} INFO - Sync 1 DAGs
[2022-05-05 06:08:36,220] {logging_mixin.py:115} INFO - [2022-05-05 06:08:36,220] {dag.py:2919} INFO - Setting next_dagrun for example_dag_decorator to None, run_after=None
[2022-05-05 06:08:36,233] {processor.py:161} INFO - Processing /home/airflow/.local/lib/python3.7/site-packages/airflow/example_dags/example_dag_decorator.py took 0.077 seconds
[2022-05-05 06:09:06,922] {processor.py:153} INFO - Started process (PID=1839) to work on /home/airflow/.local/lib/python3.7/site-packages/airflow/example_dags/example_dag_decorator.py
[2022-05-05 06:09:06,924] {processor.py:641} INFO - Processing file /home/airflow/.local/lib/python3.7/site-packages/airflow/example_dags/example_dag_decorator.py for tasks to queue
[2022-05-05 06:09:06,924] {logging_mixin.py:115} INFO - [2022-05-05 06:09:06,924] {dagbag.py:507} INFO - Filling up the DagBag from /home/airflow/.local/lib/python3.7/site-packages/airflow/example_dags/example_dag_decorator.py
[2022-05-05 06:09:07,062] {processor.py:651} INFO - DAG(s) dict_keys(['example_dag_decorator']) retrieved from /home/airflow/.local/lib/python3.7/site-packages/airflow/example_dags/example_dag_decorator.py
[2022-05-05 06:09:07,123] {logging_mixin.py:115} INFO - [2022-05-05 06:09:07,123] {dag.py:2371} INFO - Sync 1 DAGs
[2022-05-05 06:09:07,147] {logging_mixin.py:115} INFO - [2022-05-05 06:09:07,147] {dag.py:2919} INFO - Setting next_dagrun for example_dag_decorator to None, run_after=None
[2022-05-05 06:09:07,165] {processor.py:161} INFO - Processing /home/airflow/.local/lib/python3.7/site-packages/airflow/example_dags/example_dag_decorator.py took 0.246 seconds
[2022-05-05 06:09:37,193] {processor.py:153} INFO - Started process (PID=1893) to work on /home/airflow/.local/lib/python3.7/site-packages/airflow/example_dags/example_dag_decorator.py
[2022-05-05 06:09:37,194] {processor.py:641} INFO - Processing file /home/airflow/.local/lib/python3.7/site-packages/airflow/example_dags/example_dag_decorator.py for tasks to queue
[2022-05-05 06:09:37,194] {logging_mixin.py:115} INFO - [2022-05-05 06:09:37,194] {dagbag.py:507} INFO - Filling up the DagBag from /home/airflow/.local/lib/python3.7/site-packages/airflow/example_dags/example_dag_decorator.py
[2022-05-05 06:09:37,356] {processor.py:651} INFO - DAG(s) dict_keys(['example_dag_decorator']) retrieved from /home/airflow/.local/lib/python3.7/site-packages/airflow/example_dags/example_dag_decorator.py
[2022-05-05 06:09:37,426] {logging_mixin.py:115} INFO - [2022-05-05 06:09:37,425] {dag.py:2371} INFO - Sync 1 DAGs
[2022-05-05 06:09:37,450] {logging_mixin.py:115} INFO - [2022-05-05 06:09:37,450] {dag.py:2919} INFO - Setting next_dagrun for example_dag_decorator to None, run_after=None
[2022-05-05 06:09:37,467] {processor.py:161} INFO - Processing /home/airflow/.local/lib/python3.7/site-packages/airflow/example_dags/example_dag_decorator.py took 0.277 seconds
[2022-05-05 06:10:07,828] {processor.py:153} INFO - Started process (PID=1953) to work on /home/airflow/.local/lib/python3.7/site-packages/airflow/example_dags/example_dag_decorator.py
[2022-05-05 06:10:07,830] {processor.py:641} INFO - Processing file /home/airflow/.local/lib/python3.7/site-packages/airflow/example_dags/example_dag_decorator.py for tasks to queue
[2022-05-05 06:10:07,830] {logging_mixin.py:115} INFO - [2022-05-05 06:10:07,830] {dagbag.py:507} INFO - Filling up the DagBag from /home/airflow/.local/lib/python3.7/site-packages/airflow/example_dags/example_dag_decorator.py
[2022-05-05 06:10:07,955] {processor.py:651} INFO - DAG(s) dict_keys(['example_dag_decorator']) retrieved from /home/airflow/.local/lib/python3.7/site-packages/airflow/example_dags/example_dag_decorator.py
[2022-05-05 06:10:08,023] {logging_mixin.py:115} INFO - [2022-05-05 06:10:08,023] {dag.py:2371} INFO - Sync 1 DAGs
[2022-05-05 06:10:08,048] {logging_mixin.py:115} INFO - [2022-05-05 06:10:08,048] {dag.py:2919} INFO - Setting next_dagrun for example_dag_decorator to None, run_after=None
[2022-05-05 06:10:08,066] {processor.py:161} INFO - Processing /home/airflow/.local/lib/python3.7/site-packages/airflow/example_dags/example_dag_decorator.py took 0.240 seconds
[2022-05-05 06:10:38,187] {processor.py:153} INFO - Started process (PID=2014) to work on /home/airflow/.local/lib/python3.7/site-packages/airflow/example_dags/example_dag_decorator.py
[2022-05-05 06:10:38,187] {processor.py:641} INFO - Processing file /home/airflow/.local/lib/python3.7/site-packages/airflow/example_dags/example_dag_decorator.py for tasks to queue
[2022-05-05 06:10:38,188] {logging_mixin.py:115} INFO - [2022-05-05 06:10:38,188] {dagbag.py:507} INFO - Filling up the DagBag from /home/airflow/.local/lib/python3.7/site-packages/airflow/example_dags/example_dag_decorator.py
[2022-05-05 06:10:38,328] {processor.py:651} INFO - DAG(s) dict_keys(['example_dag_decorator']) retrieved from /home/airflow/.local/lib/python3.7/site-packages/airflow/example_dags/example_dag_decorator.py
[2022-05-05 06:10:38,392] {logging_mixin.py:115} INFO - [2022-05-05 06:10:38,392] {dag.py:2371} INFO - Sync 1 DAGs
[2022-05-05 06:10:38,417] {logging_mixin.py:115} INFO - [2022-05-05 06:10:38,417] {dag.py:2919} INFO - Setting next_dagrun for example_dag_decorator to None, run_after=None
[2022-05-05 06:10:38,437] {processor.py:161} INFO - Processing /home/airflow/.local/lib/python3.7/site-packages/airflow/example_dags/example_dag_decorator.py took 0.252 seconds
[2022-05-05 06:11:08,934] {processor.py:153} INFO - Started process (PID=2068) to work on /home/airflow/.local/lib/python3.7/site-packages/airflow/example_dags/example_dag_decorator.py
[2022-05-05 06:11:08,935] {processor.py:641} INFO - Processing file /home/airflow/.local/lib/python3.7/site-packages/airflow/example_dags/example_dag_decorator.py for tasks to queue
[2022-05-05 06:11:08,936] {logging_mixin.py:115} INFO - [2022-05-05 06:11:08,936] {dagbag.py:507} INFO - Filling up the DagBag from /home/airflow/.local/lib/python3.7/site-packages/airflow/example_dags/example_dag_decorator.py
[2022-05-05 06:11:09,076] {processor.py:651} INFO - DAG(s) dict_keys(['example_dag_decorator']) retrieved from /home/airflow/.local/lib/python3.7/site-packages/airflow/example_dags/example_dag_decorator.py
[2022-05-05 06:11:09,137] {logging_mixin.py:115} INFO - [2022-05-05 06:11:09,137] {dag.py:2371} INFO - Sync 1 DAGs
[2022-05-05 06:11:09,160] {logging_mixin.py:115} INFO - [2022-05-05 06:11:09,160] {dag.py:2919} INFO - Setting next_dagrun for example_dag_decorator to None, run_after=None
[2022-05-05 06:11:09,182] {processor.py:161} INFO - Processing /home/airflow/.local/lib/python3.7/site-packages/airflow/example_dags/example_dag_decorator.py took 0.250 seconds
[2022-05-05 06:11:39,909] {processor.py:153} INFO - Started process (PID=2129) to work on /home/airflow/.local/lib/python3.7/site-packages/airflow/example_dags/example_dag_decorator.py
[2022-05-05 06:11:39,911] {processor.py:641} INFO - Processing file /home/airflow/.local/lib/python3.7/site-packages/airflow/example_dags/example_dag_decorator.py for tasks to queue
[2022-05-05 06:11:39,911] {logging_mixin.py:115} INFO - [2022-05-05 06:11:39,911] {dagbag.py:507} INFO - Filling up the DagBag from /home/airflow/.local/lib/python3.7/site-packages/airflow/example_dags/example_dag_decorator.py
[2022-05-05 06:11:40,048] {processor.py:651} INFO - DAG(s) dict_keys(['example_dag_decorator']) retrieved from /home/airflow/.local/lib/python3.7/site-packages/airflow/example_dags/example_dag_decorator.py
[2022-05-05 06:11:40,073] {logging_mixin.py:115} INFO - [2022-05-05 06:11:40,072] {dag.py:2371} INFO - Sync 1 DAGs
[2022-05-05 06:11:40,094] {logging_mixin.py:115} INFO - [2022-05-05 06:11:40,094] {dag.py:2919} INFO - Setting next_dagrun for example_dag_decorator to None, run_after=None
[2022-05-05 06:11:40,106] {processor.py:161} INFO - Processing /home/airflow/.local/lib/python3.7/site-packages/airflow/example_dags/example_dag_decorator.py took 0.199 seconds
[2022-05-05 06:12:10,216] {processor.py:153} INFO - Started process (PID=2190) to work on /home/airflow/.local/lib/python3.7/site-packages/airflow/example_dags/example_dag_decorator.py
[2022-05-05 06:12:10,217] {processor.py:641} INFO - Processing file /home/airflow/.local/lib/python3.7/site-packages/airflow/example_dags/example_dag_decorator.py for tasks to queue
[2022-05-05 06:12:10,218] {logging_mixin.py:115} INFO - [2022-05-05 06:12:10,217] {dagbag.py:507} INFO - Filling up the DagBag from /home/airflow/.local/lib/python3.7/site-packages/airflow/example_dags/example_dag_decorator.py
[2022-05-05 06:12:10,375] {processor.py:651} INFO - DAG(s) dict_keys(['example_dag_decorator']) retrieved from /home/airflow/.local/lib/python3.7/site-packages/airflow/example_dags/example_dag_decorator.py
[2022-05-05 06:12:10,399] {logging_mixin.py:115} INFO - [2022-05-05 06:12:10,399] {dag.py:2371} INFO - Sync 1 DAGs
[2022-05-05 06:12:10,422] {logging_mixin.py:115} INFO - [2022-05-05 06:12:10,422] {dag.py:2919} INFO - Setting next_dagrun for example_dag_decorator to None, run_after=None
[2022-05-05 06:12:10,438] {processor.py:161} INFO - Processing /home/airflow/.local/lib/python3.7/site-packages/airflow/example_dags/example_dag_decorator.py took 0.225 seconds
[2022-05-05 06:12:40,626] {processor.py:153} INFO - Started process (PID=2242) to work on /home/airflow/.local/lib/python3.7/site-packages/airflow/example_dags/example_dag_decorator.py
[2022-05-05 06:12:40,633] {processor.py:641} INFO - Processing file /home/airflow/.local/lib/python3.7/site-packages/airflow/example_dags/example_dag_decorator.py for tasks to queue
[2022-05-05 06:12:40,634] {logging_mixin.py:115} INFO - [2022-05-05 06:12:40,634] {dagbag.py:507} INFO - Filling up the DagBag from /home/airflow/.local/lib/python3.7/site-packages/airflow/example_dags/example_dag_decorator.py
[2022-05-05 06:12:40,762] {processor.py:651} INFO - DAG(s) dict_keys(['example_dag_decorator']) retrieved from /home/airflow/.local/lib/python3.7/site-packages/airflow/example_dags/example_dag_decorator.py
[2022-05-05 06:12:40,821] {logging_mixin.py:115} INFO - [2022-05-05 06:12:40,821] {dag.py:2371} INFO - Sync 1 DAGs
[2022-05-05 06:12:40,843] {logging_mixin.py:115} INFO - [2022-05-05 06:12:40,843] {dag.py:2919} INFO - Setting next_dagrun for example_dag_decorator to None, run_after=None
[2022-05-05 06:12:40,865] {processor.py:161} INFO - Processing /home/airflow/.local/lib/python3.7/site-packages/airflow/example_dags/example_dag_decorator.py took 0.243 seconds
[2022-05-05 06:13:11,002] {processor.py:153} INFO - Started process (PID=2304) to work on /home/airflow/.local/lib/python3.7/site-packages/airflow/example_dags/example_dag_decorator.py
[2022-05-05 06:13:11,002] {processor.py:641} INFO - Processing file /home/airflow/.local/lib/python3.7/site-packages/airflow/example_dags/example_dag_decorator.py for tasks to queue
[2022-05-05 06:13:11,003] {logging_mixin.py:115} INFO - [2022-05-05 06:13:11,003] {dagbag.py:507} INFO - Filling up the DagBag from /home/airflow/.local/lib/python3.7/site-packages/airflow/example_dags/example_dag_decorator.py
[2022-05-05 06:13:11,134] {processor.py:651} INFO - DAG(s) dict_keys(['example_dag_decorator']) retrieved from /home/airflow/.local/lib/python3.7/site-packages/airflow/example_dags/example_dag_decorator.py
[2022-05-05 06:13:11,156] {logging_mixin.py:115} INFO - [2022-05-05 06:13:11,156] {dag.py:2371} INFO - Sync 1 DAGs
[2022-05-05 06:13:11,177] {logging_mixin.py:115} INFO - [2022-05-05 06:13:11,177] {dag.py:2919} INFO - Setting next_dagrun for example_dag_decorator to None, run_after=None
[2022-05-05 06:13:11,190] {processor.py:161} INFO - Processing /home/airflow/.local/lib/python3.7/site-packages/airflow/example_dags/example_dag_decorator.py took 0.191 seconds
[2022-05-05 06:13:41,263] {processor.py:153} INFO - Started process (PID=2357) to work on /home/airflow/.local/lib/python3.7/site-packages/airflow/example_dags/example_dag_decorator.py
[2022-05-05 06:13:41,270] {processor.py:641} INFO - Processing file /home/airflow/.local/lib/python3.7/site-packages/airflow/example_dags/example_dag_decorator.py for tasks to queue
[2022-05-05 06:13:41,271] {logging_mixin.py:115} INFO - [2022-05-05 06:13:41,271] {dagbag.py:507} INFO - Filling up the DagBag from /home/airflow/.local/lib/python3.7/site-packages/airflow/example_dags/example_dag_decorator.py
[2022-05-05 06:13:41,429] {processor.py:651} INFO - DAG(s) dict_keys(['example_dag_decorator']) retrieved from /home/airflow/.local/lib/python3.7/site-packages/airflow/example_dags/example_dag_decorator.py
[2022-05-05 06:13:41,496] {logging_mixin.py:115} INFO - [2022-05-05 06:13:41,496] {dag.py:2371} INFO - Sync 1 DAGs
[2022-05-05 06:13:41,519] {logging_mixin.py:115} INFO - [2022-05-05 06:13:41,519] {dag.py:2919} INFO - Setting next_dagrun for example_dag_decorator to None, run_after=None
[2022-05-05 06:13:41,541] {processor.py:161} INFO - Processing /home/airflow/.local/lib/python3.7/site-packages/airflow/example_dags/example_dag_decorator.py took 0.280 seconds
[2022-05-05 06:14:12,272] {processor.py:153} INFO - Started process (PID=2419) to work on /home/airflow/.local/lib/python3.7/site-packages/airflow/example_dags/example_dag_decorator.py
[2022-05-05 06:14:12,273] {processor.py:641} INFO - Processing file /home/airflow/.local/lib/python3.7/site-packages/airflow/example_dags/example_dag_decorator.py for tasks to queue
[2022-05-05 06:14:12,274] {logging_mixin.py:115} INFO - [2022-05-05 06:14:12,273] {dagbag.py:507} INFO - Filling up the DagBag from /home/airflow/.local/lib/python3.7/site-packages/airflow/example_dags/example_dag_decorator.py
[2022-05-05 06:14:12,303] {processor.py:651} INFO - DAG(s) dict_keys(['example_dag_decorator']) retrieved from /home/airflow/.local/lib/python3.7/site-packages/airflow/example_dags/example_dag_decorator.py
[2022-05-05 06:14:12,371] {logging_mixin.py:115} INFO - [2022-05-05 06:14:12,371] {dag.py:2371} INFO - Sync 1 DAGs
[2022-05-05 06:14:12,391] {logging_mixin.py:115} INFO - [2022-05-05 06:14:12,391] {dag.py:2919} INFO - Setting next_dagrun for example_dag_decorator to None, run_after=None
[2022-05-05 06:14:12,409] {processor.py:161} INFO - Processing /home/airflow/.local/lib/python3.7/site-packages/airflow/example_dags/example_dag_decorator.py took 0.140 seconds
[2022-05-05 06:14:43,017] {processor.py:153} INFO - Started process (PID=2480) to work on /home/airflow/.local/lib/python3.7/site-packages/airflow/example_dags/example_dag_decorator.py
[2022-05-05 06:14:43,024] {processor.py:641} INFO - Processing file /home/airflow/.local/lib/python3.7/site-packages/airflow/example_dags/example_dag_decorator.py for tasks to queue
[2022-05-05 06:14:43,025] {logging_mixin.py:115} INFO - [2022-05-05 06:14:43,025] {dagbag.py:507} INFO - Filling up the DagBag from /home/airflow/.local/lib/python3.7/site-packages/airflow/example_dags/example_dag_decorator.py
[2022-05-05 06:14:43,043] {processor.py:651} INFO - DAG(s) dict_keys(['example_dag_decorator']) retrieved from /home/airflow/.local/lib/python3.7/site-packages/airflow/example_dags/example_dag_decorator.py
[2022-05-05 06:14:43,067] {logging_mixin.py:115} INFO - [2022-05-05 06:14:43,067] {dag.py:2371} INFO - Sync 1 DAGs
[2022-05-05 06:14:43,087] {logging_mixin.py:115} INFO - [2022-05-05 06:14:43,087] {dag.py:2919} INFO - Setting next_dagrun for example_dag_decorator to None, run_after=None
[2022-05-05 06:14:43,101] {processor.py:161} INFO - Processing /home/airflow/.local/lib/python3.7/site-packages/airflow/example_dags/example_dag_decorator.py took 0.086 seconds
[2022-05-05 06:15:13,684] {processor.py:153} INFO - Started process (PID=2533) to work on /home/airflow/.local/lib/python3.7/site-packages/airflow/example_dags/example_dag_decorator.py
[2022-05-05 06:15:13,685] {processor.py:641} INFO - Processing file /home/airflow/.local/lib/python3.7/site-packages/airflow/example_dags/example_dag_decorator.py for tasks to queue
[2022-05-05 06:15:13,685] {logging_mixin.py:115} INFO - [2022-05-05 06:15:13,685] {dagbag.py:507} INFO - Filling up the DagBag from /home/airflow/.local/lib/python3.7/site-packages/airflow/example_dags/example_dag_decorator.py
[2022-05-05 06:15:13,704] {processor.py:651} INFO - DAG(s) dict_keys(['example_dag_decorator']) retrieved from /home/airflow/.local/lib/python3.7/site-packages/airflow/example_dags/example_dag_decorator.py
[2022-05-05 06:15:13,732] {logging_mixin.py:115} INFO - [2022-05-05 06:15:13,732] {dag.py:2371} INFO - Sync 1 DAGs
[2022-05-05 06:15:13,752] {logging_mixin.py:115} INFO - [2022-05-05 06:15:13,752] {dag.py:2919} INFO - Setting next_dagrun for example_dag_decorator to None, run_after=None
[2022-05-05 06:15:13,765] {processor.py:161} INFO - Processing /home/airflow/.local/lib/python3.7/site-packages/airflow/example_dags/example_dag_decorator.py took 0.083 seconds
[2022-05-05 06:15:44,537] {processor.py:153} INFO - Started process (PID=2595) to work on /home/airflow/.local/lib/python3.7/site-packages/airflow/example_dags/example_dag_decorator.py
[2022-05-05 06:15:44,538] {processor.py:641} INFO - Processing file /home/airflow/.local/lib/python3.7/site-packages/airflow/example_dags/example_dag_decorator.py for tasks to queue
[2022-05-05 06:15:44,539] {logging_mixin.py:115} INFO - [2022-05-05 06:15:44,539] {dagbag.py:507} INFO - Filling up the DagBag from /home/airflow/.local/lib/python3.7/site-packages/airflow/example_dags/example_dag_decorator.py
[2022-05-05 06:15:44,564] {processor.py:651} INFO - DAG(s) dict_keys(['example_dag_decorator']) retrieved from /home/airflow/.local/lib/python3.7/site-packages/airflow/example_dags/example_dag_decorator.py
[2022-05-05 06:15:44,590] {logging_mixin.py:115} INFO - [2022-05-05 06:15:44,590] {dag.py:2371} INFO - Sync 1 DAGs
[2022-05-05 06:15:44,619] {logging_mixin.py:115} INFO - [2022-05-05 06:15:44,618] {dag.py:2919} INFO - Setting next_dagrun for example_dag_decorator to None, run_after=None
[2022-05-05 06:15:44,636] {processor.py:161} INFO - Processing /home/airflow/.local/lib/python3.7/site-packages/airflow/example_dags/example_dag_decorator.py took 0.102 seconds
[2022-05-05 06:16:15,194] {processor.py:153} INFO - Started process (PID=2658) to work on /home/airflow/.local/lib/python3.7/site-packages/airflow/example_dags/example_dag_decorator.py
[2022-05-05 06:16:15,195] {processor.py:641} INFO - Processing file /home/airflow/.local/lib/python3.7/site-packages/airflow/example_dags/example_dag_decorator.py for tasks to queue
[2022-05-05 06:16:15,195] {logging_mixin.py:115} INFO - [2022-05-05 06:16:15,195] {dagbag.py:507} INFO - Filling up the DagBag from /home/airflow/.local/lib/python3.7/site-packages/airflow/example_dags/example_dag_decorator.py
[2022-05-05 06:16:15,215] {processor.py:651} INFO - DAG(s) dict_keys(['example_dag_decorator']) retrieved from /home/airflow/.local/lib/python3.7/site-packages/airflow/example_dags/example_dag_decorator.py
[2022-05-05 06:16:15,291] {logging_mixin.py:115} INFO - [2022-05-05 06:16:15,291] {dag.py:2371} INFO - Sync 1 DAGs
[2022-05-05 06:16:15,312] {logging_mixin.py:115} INFO - [2022-05-05 06:16:15,312] {dag.py:2919} INFO - Setting next_dagrun for example_dag_decorator to None, run_after=None
[2022-05-05 06:16:15,331] {processor.py:161} INFO - Processing /home/airflow/.local/lib/python3.7/site-packages/airflow/example_dags/example_dag_decorator.py took 0.141 seconds
[2022-05-05 06:16:45,973] {processor.py:153} INFO - Started process (PID=2711) to work on /home/airflow/.local/lib/python3.7/site-packages/airflow/example_dags/example_dag_decorator.py
[2022-05-05 06:16:45,974] {processor.py:641} INFO - Processing file /home/airflow/.local/lib/python3.7/site-packages/airflow/example_dags/example_dag_decorator.py for tasks to queue
[2022-05-05 06:16:45,974] {logging_mixin.py:115} INFO - [2022-05-05 06:16:45,974] {dagbag.py:507} INFO - Filling up the DagBag from /home/airflow/.local/lib/python3.7/site-packages/airflow/example_dags/example_dag_decorator.py
[2022-05-05 06:16:45,994] {processor.py:651} INFO - DAG(s) dict_keys(['example_dag_decorator']) retrieved from /home/airflow/.local/lib/python3.7/site-packages/airflow/example_dags/example_dag_decorator.py
[2022-05-05 06:16:46,017] {logging_mixin.py:115} INFO - [2022-05-05 06:16:46,017] {dag.py:2371} INFO - Sync 1 DAGs
[2022-05-05 06:16:46,040] {logging_mixin.py:115} INFO - [2022-05-05 06:16:46,040] {dag.py:2919} INFO - Setting next_dagrun for example_dag_decorator to None, run_after=None
[2022-05-05 06:16:46,056] {processor.py:161} INFO - Processing /home/airflow/.local/lib/python3.7/site-packages/airflow/example_dags/example_dag_decorator.py took 0.086 seconds
[2022-05-05 06:17:16,660] {processor.py:153} INFO - Started process (PID=2774) to work on /home/airflow/.local/lib/python3.7/site-packages/airflow/example_dags/example_dag_decorator.py
[2022-05-05 06:17:16,661] {processor.py:641} INFO - Processing file /home/airflow/.local/lib/python3.7/site-packages/airflow/example_dags/example_dag_decorator.py for tasks to queue
[2022-05-05 06:17:16,661] {logging_mixin.py:115} INFO - [2022-05-05 06:17:16,661] {dagbag.py:507} INFO - Filling up the DagBag from /home/airflow/.local/lib/python3.7/site-packages/airflow/example_dags/example_dag_decorator.py
[2022-05-05 06:17:16,683] {processor.py:651} INFO - DAG(s) dict_keys(['example_dag_decorator']) retrieved from /home/airflow/.local/lib/python3.7/site-packages/airflow/example_dags/example_dag_decorator.py
[2022-05-05 06:17:16,708] {logging_mixin.py:115} INFO - [2022-05-05 06:17:16,708] {dag.py:2371} INFO - Sync 1 DAGs
[2022-05-05 06:17:16,730] {logging_mixin.py:115} INFO - [2022-05-05 06:17:16,730] {dag.py:2919} INFO - Setting next_dagrun for example_dag_decorator to None, run_after=None
[2022-05-05 06:17:16,743] {processor.py:161} INFO - Processing /home/airflow/.local/lib/python3.7/site-packages/airflow/example_dags/example_dag_decorator.py took 0.085 seconds
[2022-05-05 06:17:47,258] {processor.py:153} INFO - Started process (PID=2836) to work on /home/airflow/.local/lib/python3.7/site-packages/airflow/example_dags/example_dag_decorator.py
[2022-05-05 06:17:47,260] {processor.py:641} INFO - Processing file /home/airflow/.local/lib/python3.7/site-packages/airflow/example_dags/example_dag_decorator.py for tasks to queue
[2022-05-05 06:17:47,260] {logging_mixin.py:115} INFO - [2022-05-05 06:17:47,260] {dagbag.py:507} INFO - Filling up the DagBag from /home/airflow/.local/lib/python3.7/site-packages/airflow/example_dags/example_dag_decorator.py
[2022-05-05 06:17:47,285] {processor.py:651} INFO - DAG(s) dict_keys(['example_dag_decorator']) retrieved from /home/airflow/.local/lib/python3.7/site-packages/airflow/example_dags/example_dag_decorator.py
[2022-05-05 06:17:47,310] {logging_mixin.py:115} INFO - [2022-05-05 06:17:47,309] {dag.py:2371} INFO - Sync 1 DAGs
[2022-05-05 06:17:47,333] {logging_mixin.py:115} INFO - [2022-05-05 06:17:47,333] {dag.py:2919} INFO - Setting next_dagrun for example_dag_decorator to None, run_after=None
[2022-05-05 06:17:47,348] {processor.py:161} INFO - Processing /home/airflow/.local/lib/python3.7/site-packages/airflow/example_dags/example_dag_decorator.py took 0.092 seconds
[2022-05-05 06:18:18,042] {processor.py:153} INFO - Started process (PID=2888) to work on /home/airflow/.local/lib/python3.7/site-packages/airflow/example_dags/example_dag_decorator.py
[2022-05-05 06:18:18,043] {processor.py:641} INFO - Processing file /home/airflow/.local/lib/python3.7/site-packages/airflow/example_dags/example_dag_decorator.py for tasks to queue
[2022-05-05 06:18:18,043] {logging_mixin.py:115} INFO - [2022-05-05 06:18:18,043] {dagbag.py:507} INFO - Filling up the DagBag from /home/airflow/.local/lib/python3.7/site-packages/airflow/example_dags/example_dag_decorator.py
[2022-05-05 06:18:18,065] {processor.py:651} INFO - DAG(s) dict_keys(['example_dag_decorator']) retrieved from /home/airflow/.local/lib/python3.7/site-packages/airflow/example_dags/example_dag_decorator.py
[2022-05-05 06:18:18,089] {logging_mixin.py:115} INFO - [2022-05-05 06:18:18,089] {dag.py:2371} INFO - Sync 1 DAGs
[2022-05-05 06:18:18,114] {logging_mixin.py:115} INFO - [2022-05-05 06:18:18,114] {dag.py:2919} INFO - Setting next_dagrun for example_dag_decorator to None, run_after=None
[2022-05-05 06:18:18,131] {processor.py:161} INFO - Processing /home/airflow/.local/lib/python3.7/site-packages/airflow/example_dags/example_dag_decorator.py took 0.092 seconds
[2022-05-05 06:18:48,684] {processor.py:153} INFO - Started process (PID=2952) to work on /home/airflow/.local/lib/python3.7/site-packages/airflow/example_dags/example_dag_decorator.py
[2022-05-05 06:18:48,691] {processor.py:641} INFO - Processing file /home/airflow/.local/lib/python3.7/site-packages/airflow/example_dags/example_dag_decorator.py for tasks to queue
[2022-05-05 06:18:48,692] {logging_mixin.py:115} INFO - [2022-05-05 06:18:48,691] {dagbag.py:507} INFO - Filling up the DagBag from /home/airflow/.local/lib/python3.7/site-packages/airflow/example_dags/example_dag_decorator.py
[2022-05-05 06:18:48,712] {processor.py:651} INFO - DAG(s) dict_keys(['example_dag_decorator']) retrieved from /home/airflow/.local/lib/python3.7/site-packages/airflow/example_dags/example_dag_decorator.py
[2022-05-05 06:18:48,733] {logging_mixin.py:115} INFO - [2022-05-05 06:18:48,733] {dag.py:2371} INFO - Sync 1 DAGs
[2022-05-05 06:18:48,755] {logging_mixin.py:115} INFO - [2022-05-05 06:18:48,755] {dag.py:2919} INFO - Setting next_dagrun for example_dag_decorator to None, run_after=None
[2022-05-05 06:18:48,770] {processor.py:161} INFO - Processing /home/airflow/.local/lib/python3.7/site-packages/airflow/example_dags/example_dag_decorator.py took 0.088 seconds
[2022-05-05 06:19:19,500] {processor.py:153} INFO - Started process (PID=3014) to work on /home/airflow/.local/lib/python3.7/site-packages/airflow/example_dags/example_dag_decorator.py
[2022-05-05 06:19:19,500] {processor.py:641} INFO - Processing file /home/airflow/.local/lib/python3.7/site-packages/airflow/example_dags/example_dag_decorator.py for tasks to queue
[2022-05-05 06:19:19,501] {logging_mixin.py:115} INFO - [2022-05-05 06:19:19,500] {dagbag.py:507} INFO - Filling up the DagBag from /home/airflow/.local/lib/python3.7/site-packages/airflow/example_dags/example_dag_decorator.py
[2022-05-05 06:19:19,519] {processor.py:651} INFO - DAG(s) dict_keys(['example_dag_decorator']) retrieved from /home/airflow/.local/lib/python3.7/site-packages/airflow/example_dags/example_dag_decorator.py
[2022-05-05 06:19:19,541] {logging_mixin.py:115} INFO - [2022-05-05 06:19:19,541] {dag.py:2371} INFO - Sync 1 DAGs
[2022-05-05 06:19:19,563] {logging_mixin.py:115} INFO - [2022-05-05 06:19:19,563] {dag.py:2919} INFO - Setting next_dagrun for example_dag_decorator to None, run_after=None
[2022-05-05 06:19:19,578] {processor.py:161} INFO - Processing /home/airflow/.local/lib/python3.7/site-packages/airflow/example_dags/example_dag_decorator.py took 0.081 seconds
[2022-05-05 06:19:50,269] {processor.py:153} INFO - Started process (PID=3068) to work on /home/airflow/.local/lib/python3.7/site-packages/airflow/example_dags/example_dag_decorator.py
[2022-05-05 06:19:50,271] {processor.py:641} INFO - Processing file /home/airflow/.local/lib/python3.7/site-packages/airflow/example_dags/example_dag_decorator.py for tasks to queue
[2022-05-05 06:19:50,271] {logging_mixin.py:115} INFO - [2022-05-05 06:19:50,271] {dagbag.py:507} INFO - Filling up the DagBag from /home/airflow/.local/lib/python3.7/site-packages/airflow/example_dags/example_dag_decorator.py
[2022-05-05 06:19:50,289] {processor.py:651} INFO - DAG(s) dict_keys(['example_dag_decorator']) retrieved from /home/airflow/.local/lib/python3.7/site-packages/airflow/example_dags/example_dag_decorator.py
[2022-05-05 06:19:50,313] {logging_mixin.py:115} INFO - [2022-05-05 06:19:50,313] {dag.py:2371} INFO - Sync 1 DAGs
[2022-05-05 06:19:50,334] {logging_mixin.py:115} INFO - [2022-05-05 06:19:50,334] {dag.py:2919} INFO - Setting next_dagrun for example_dag_decorator to None, run_after=None
[2022-05-05 06:19:50,348] {processor.py:161} INFO - Processing /home/airflow/.local/lib/python3.7/site-packages/airflow/example_dags/example_dag_decorator.py took 0.081 seconds
[2022-05-05 06:20:21,183] {processor.py:153} INFO - Started process (PID=3132) to work on /home/airflow/.local/lib/python3.7/site-packages/airflow/example_dags/example_dag_decorator.py
[2022-05-05 06:20:21,184] {processor.py:641} INFO - Processing file /home/airflow/.local/lib/python3.7/site-packages/airflow/example_dags/example_dag_decorator.py for tasks to queue
[2022-05-05 06:20:21,184] {logging_mixin.py:115} INFO - [2022-05-05 06:20:21,184] {dagbag.py:507} INFO - Filling up the DagBag from /home/airflow/.local/lib/python3.7/site-packages/airflow/example_dags/example_dag_decorator.py
[2022-05-05 06:20:21,203] {processor.py:651} INFO - DAG(s) dict_keys(['example_dag_decorator']) retrieved from /home/airflow/.local/lib/python3.7/site-packages/airflow/example_dags/example_dag_decorator.py
[2022-05-05 06:20:21,228] {logging_mixin.py:115} INFO - [2022-05-05 06:20:21,228] {dag.py:2371} INFO - Sync 1 DAGs
[2022-05-05 06:20:21,250] {logging_mixin.py:115} INFO - [2022-05-05 06:20:21,250] {dag.py:2919} INFO - Setting next_dagrun for example_dag_decorator to None, run_after=None
[2022-05-05 06:20:21,263] {processor.py:161} INFO - Processing /home/airflow/.local/lib/python3.7/site-packages/airflow/example_dags/example_dag_decorator.py took 0.082 seconds
[2022-05-05 06:20:51,989] {processor.py:153} INFO - Started process (PID=3195) to work on /home/airflow/.local/lib/python3.7/site-packages/airflow/example_dags/example_dag_decorator.py
[2022-05-05 06:20:51,991] {processor.py:641} INFO - Processing file /home/airflow/.local/lib/python3.7/site-packages/airflow/example_dags/example_dag_decorator.py for tasks to queue
[2022-05-05 06:20:51,992] {logging_mixin.py:115} INFO - [2022-05-05 06:20:51,991] {dagbag.py:507} INFO - Filling up the DagBag from /home/airflow/.local/lib/python3.7/site-packages/airflow/example_dags/example_dag_decorator.py
[2022-05-05 06:20:52,016] {processor.py:651} INFO - DAG(s) dict_keys(['example_dag_decorator']) retrieved from /home/airflow/.local/lib/python3.7/site-packages/airflow/example_dags/example_dag_decorator.py
[2022-05-05 06:20:52,043] {logging_mixin.py:115} INFO - [2022-05-05 06:20:52,043] {dag.py:2371} INFO - Sync 1 DAGs
[2022-05-05 06:20:52,067] {logging_mixin.py:115} INFO - [2022-05-05 06:20:52,067] {dag.py:2919} INFO - Setting next_dagrun for example_dag_decorator to None, run_after=None
[2022-05-05 06:20:52,084] {processor.py:161} INFO - Processing /home/airflow/.local/lib/python3.7/site-packages/airflow/example_dags/example_dag_decorator.py took 0.097 seconds
[2022-05-05 06:21:22,719] {processor.py:153} INFO - Started process (PID=3248) to work on /home/airflow/.local/lib/python3.7/site-packages/airflow/example_dags/example_dag_decorator.py
[2022-05-05 06:21:22,719] {processor.py:641} INFO - Processing file /home/airflow/.local/lib/python3.7/site-packages/airflow/example_dags/example_dag_decorator.py for tasks to queue
[2022-05-05 06:21:22,719] {logging_mixin.py:115} INFO - [2022-05-05 06:21:22,719] {dagbag.py:507} INFO - Filling up the DagBag from /home/airflow/.local/lib/python3.7/site-packages/airflow/example_dags/example_dag_decorator.py
[2022-05-05 06:21:22,738] {processor.py:651} INFO - DAG(s) dict_keys(['example_dag_decorator']) retrieved from /home/airflow/.local/lib/python3.7/site-packages/airflow/example_dags/example_dag_decorator.py
[2022-05-05 06:21:22,761] {logging_mixin.py:115} INFO - [2022-05-05 06:21:22,761] {dag.py:2371} INFO - Sync 1 DAGs
[2022-05-05 06:21:22,781] {logging_mixin.py:115} INFO - [2022-05-05 06:21:22,781] {dag.py:2919} INFO - Setting next_dagrun for example_dag_decorator to None, run_after=None
[2022-05-05 06:21:22,794] {processor.py:161} INFO - Processing /home/airflow/.local/lib/python3.7/site-packages/airflow/example_dags/example_dag_decorator.py took 0.078 seconds
