[2022-05-05 05:41:31,698] {processor.py:153} INFO - Started process (PID=70) to work on /home/airflow/.local/lib/python3.7/site-packages/airflow/example_dags/example_python_operator.py
[2022-05-05 05:41:31,699] {processor.py:641} INFO - Processing file /home/airflow/.local/lib/python3.7/site-packages/airflow/example_dags/example_python_operator.py for tasks to queue
[2022-05-05 05:41:31,699] {logging_mixin.py:115} INFO - [2022-05-05 05:41:31,699] {dagbag.py:507} INFO - Filling up the DagBag from /home/airflow/.local/lib/python3.7/site-packages/airflow/example_dags/example_python_operator.py
[2022-05-05 05:41:31,716] {processor.py:651} INFO - DAG(s) dict_keys(['example_python_operator']) retrieved from /home/airflow/.local/lib/python3.7/site-packages/airflow/example_dags/example_python_operator.py
[2022-05-05 05:41:31,912] {logging_mixin.py:115} INFO - [2022-05-05 05:41:31,912] {manager.py:508} INFO - Created Permission View: can delete on DAG:example_python_operator
[2022-05-05 05:41:31,925] {logging_mixin.py:115} INFO - [2022-05-05 05:41:31,925] {manager.py:508} INFO - Created Permission View: can edit on DAG:example_python_operator
[2022-05-05 05:41:31,936] {logging_mixin.py:115} INFO - [2022-05-05 05:41:31,936] {manager.py:508} INFO - Created Permission View: can read on DAG:example_python_operator
[2022-05-05 05:41:31,936] {logging_mixin.py:115} INFO - [2022-05-05 05:41:31,936] {dag.py:2371} INFO - Sync 1 DAGs
[2022-05-05 05:41:31,945] {logging_mixin.py:115} INFO - [2022-05-05 05:41:31,945] {dag.py:2390} INFO - Creating ORM DAG for example_python_operator
[2022-05-05 05:41:31,958] {logging_mixin.py:115} INFO - [2022-05-05 05:41:31,957] {dag.py:2919} INFO - Setting next_dagrun for example_python_operator to None, run_after=None
[2022-05-05 05:41:31,978] {processor.py:161} INFO - Processing /home/airflow/.local/lib/python3.7/site-packages/airflow/example_dags/example_python_operator.py took 0.282 seconds
[2022-05-05 05:42:02,159] {processor.py:153} INFO - Started process (PID=131) to work on /home/airflow/.local/lib/python3.7/site-packages/airflow/example_dags/example_python_operator.py
[2022-05-05 05:42:02,160] {processor.py:641} INFO - Processing file /home/airflow/.local/lib/python3.7/site-packages/airflow/example_dags/example_python_operator.py for tasks to queue
[2022-05-05 05:42:02,160] {logging_mixin.py:115} INFO - [2022-05-05 05:42:02,160] {dagbag.py:507} INFO - Filling up the DagBag from /home/airflow/.local/lib/python3.7/site-packages/airflow/example_dags/example_python_operator.py
[2022-05-05 05:42:02,175] {processor.py:651} INFO - DAG(s) dict_keys(['example_python_operator']) retrieved from /home/airflow/.local/lib/python3.7/site-packages/airflow/example_dags/example_python_operator.py
[2022-05-05 05:42:02,202] {logging_mixin.py:115} INFO - [2022-05-05 05:42:02,202] {dag.py:2371} INFO - Sync 1 DAGs
[2022-05-05 05:42:02,329] {logging_mixin.py:115} INFO - [2022-05-05 05:42:02,329] {dag.py:2919} INFO - Setting next_dagrun for example_python_operator to None, run_after=None
[2022-05-05 05:42:02,342] {processor.py:161} INFO - Processing /home/airflow/.local/lib/python3.7/site-packages/airflow/example_dags/example_python_operator.py took 0.186 seconds
[2022-05-05 05:42:32,842] {processor.py:153} INFO - Started process (PID=183) to work on /home/airflow/.local/lib/python3.7/site-packages/airflow/example_dags/example_python_operator.py
[2022-05-05 05:42:32,843] {processor.py:641} INFO - Processing file /home/airflow/.local/lib/python3.7/site-packages/airflow/example_dags/example_python_operator.py for tasks to queue
[2022-05-05 05:42:32,843] {logging_mixin.py:115} INFO - [2022-05-05 05:42:32,843] {dagbag.py:507} INFO - Filling up the DagBag from /home/airflow/.local/lib/python3.7/site-packages/airflow/example_dags/example_python_operator.py
[2022-05-05 05:42:32,859] {processor.py:651} INFO - DAG(s) dict_keys(['example_python_operator']) retrieved from /home/airflow/.local/lib/python3.7/site-packages/airflow/example_dags/example_python_operator.py
[2022-05-05 05:42:32,887] {logging_mixin.py:115} INFO - [2022-05-05 05:42:32,886] {dag.py:2371} INFO - Sync 1 DAGs
[2022-05-05 05:42:33,002] {logging_mixin.py:115} INFO - [2022-05-05 05:42:33,002] {dag.py:2919} INFO - Setting next_dagrun for example_python_operator to None, run_after=None
[2022-05-05 05:42:33,014] {processor.py:161} INFO - Processing /home/airflow/.local/lib/python3.7/site-packages/airflow/example_dags/example_python_operator.py took 0.175 seconds
[2022-05-05 05:43:03,628] {processor.py:153} INFO - Started process (PID=246) to work on /home/airflow/.local/lib/python3.7/site-packages/airflow/example_dags/example_python_operator.py
[2022-05-05 05:43:03,629] {processor.py:641} INFO - Processing file /home/airflow/.local/lib/python3.7/site-packages/airflow/example_dags/example_python_operator.py for tasks to queue
[2022-05-05 05:43:03,630] {logging_mixin.py:115} INFO - [2022-05-05 05:43:03,630] {dagbag.py:507} INFO - Filling up the DagBag from /home/airflow/.local/lib/python3.7/site-packages/airflow/example_dags/example_python_operator.py
[2022-05-05 05:43:03,651] {processor.py:651} INFO - DAG(s) dict_keys(['example_python_operator']) retrieved from /home/airflow/.local/lib/python3.7/site-packages/airflow/example_dags/example_python_operator.py
[2022-05-05 05:43:03,681] {logging_mixin.py:115} INFO - [2022-05-05 05:43:03,681] {dag.py:2371} INFO - Sync 1 DAGs
[2022-05-05 05:43:03,816] {logging_mixin.py:115} INFO - [2022-05-05 05:43:03,816] {dag.py:2919} INFO - Setting next_dagrun for example_python_operator to None, run_after=None
[2022-05-05 05:43:03,831] {processor.py:161} INFO - Processing /home/airflow/.local/lib/python3.7/site-packages/airflow/example_dags/example_python_operator.py took 0.205 seconds
[2022-05-05 05:43:34,782] {processor.py:153} INFO - Started process (PID=308) to work on /home/airflow/.local/lib/python3.7/site-packages/airflow/example_dags/example_python_operator.py
[2022-05-05 05:43:34,783] {processor.py:641} INFO - Processing file /home/airflow/.local/lib/python3.7/site-packages/airflow/example_dags/example_python_operator.py for tasks to queue
[2022-05-05 05:43:34,784] {logging_mixin.py:115} INFO - [2022-05-05 05:43:34,783] {dagbag.py:507} INFO - Filling up the DagBag from /home/airflow/.local/lib/python3.7/site-packages/airflow/example_dags/example_python_operator.py
[2022-05-05 05:43:34,803] {processor.py:651} INFO - DAG(s) dict_keys(['example_python_operator']) retrieved from /home/airflow/.local/lib/python3.7/site-packages/airflow/example_dags/example_python_operator.py
[2022-05-05 05:43:34,908] {logging_mixin.py:115} INFO - [2022-05-05 05:43:34,908] {dag.py:2371} INFO - Sync 1 DAGs
[2022-05-05 05:43:35,039] {logging_mixin.py:115} INFO - [2022-05-05 05:43:35,039] {dag.py:2919} INFO - Setting next_dagrun for example_python_operator to None, run_after=None
[2022-05-05 05:43:35,053] {processor.py:161} INFO - Processing /home/airflow/.local/lib/python3.7/site-packages/airflow/example_dags/example_python_operator.py took 0.276 seconds
[2022-05-05 05:44:05,736] {processor.py:153} INFO - Started process (PID=360) to work on /home/airflow/.local/lib/python3.7/site-packages/airflow/example_dags/example_python_operator.py
[2022-05-05 05:44:05,736] {processor.py:641} INFO - Processing file /home/airflow/.local/lib/python3.7/site-packages/airflow/example_dags/example_python_operator.py for tasks to queue
[2022-05-05 05:44:05,736] {logging_mixin.py:115} INFO - [2022-05-05 05:44:05,736] {dagbag.py:507} INFO - Filling up the DagBag from /home/airflow/.local/lib/python3.7/site-packages/airflow/example_dags/example_python_operator.py
[2022-05-05 05:44:05,752] {processor.py:651} INFO - DAG(s) dict_keys(['example_python_operator']) retrieved from /home/airflow/.local/lib/python3.7/site-packages/airflow/example_dags/example_python_operator.py
[2022-05-05 05:44:05,783] {logging_mixin.py:115} INFO - [2022-05-05 05:44:05,783] {dag.py:2371} INFO - Sync 1 DAGs
[2022-05-05 05:44:05,899] {logging_mixin.py:115} INFO - [2022-05-05 05:44:05,899] {dag.py:2919} INFO - Setting next_dagrun for example_python_operator to None, run_after=None
[2022-05-05 05:44:05,912] {processor.py:161} INFO - Processing /home/airflow/.local/lib/python3.7/site-packages/airflow/example_dags/example_python_operator.py took 0.178 seconds
[2022-05-05 05:44:36,406] {processor.py:153} INFO - Started process (PID=424) to work on /home/airflow/.local/lib/python3.7/site-packages/airflow/example_dags/example_python_operator.py
[2022-05-05 05:44:36,407] {processor.py:641} INFO - Processing file /home/airflow/.local/lib/python3.7/site-packages/airflow/example_dags/example_python_operator.py for tasks to queue
[2022-05-05 05:44:36,407] {logging_mixin.py:115} INFO - [2022-05-05 05:44:36,407] {dagbag.py:507} INFO - Filling up the DagBag from /home/airflow/.local/lib/python3.7/site-packages/airflow/example_dags/example_python_operator.py
[2022-05-05 05:44:36,421] {processor.py:651} INFO - DAG(s) dict_keys(['example_python_operator']) retrieved from /home/airflow/.local/lib/python3.7/site-packages/airflow/example_dags/example_python_operator.py
[2022-05-05 05:44:36,446] {logging_mixin.py:115} INFO - [2022-05-05 05:44:36,445] {dag.py:2371} INFO - Sync 1 DAGs
[2022-05-05 05:44:36,560] {logging_mixin.py:115} INFO - [2022-05-05 05:44:36,560] {dag.py:2919} INFO - Setting next_dagrun for example_python_operator to None, run_after=None
[2022-05-05 05:44:36,572] {processor.py:161} INFO - Processing /home/airflow/.local/lib/python3.7/site-packages/airflow/example_dags/example_python_operator.py took 0.168 seconds
[2022-05-05 05:45:06,837] {processor.py:153} INFO - Started process (PID=485) to work on /home/airflow/.local/lib/python3.7/site-packages/airflow/example_dags/example_python_operator.py
[2022-05-05 05:45:06,838] {processor.py:641} INFO - Processing file /home/airflow/.local/lib/python3.7/site-packages/airflow/example_dags/example_python_operator.py for tasks to queue
[2022-05-05 05:45:06,838] {logging_mixin.py:115} INFO - [2022-05-05 05:45:06,838] {dagbag.py:507} INFO - Filling up the DagBag from /home/airflow/.local/lib/python3.7/site-packages/airflow/example_dags/example_python_operator.py
[2022-05-05 05:45:06,855] {processor.py:651} INFO - DAG(s) dict_keys(['example_python_operator']) retrieved from /home/airflow/.local/lib/python3.7/site-packages/airflow/example_dags/example_python_operator.py
[2022-05-05 05:45:06,883] {logging_mixin.py:115} INFO - [2022-05-05 05:45:06,883] {dag.py:2371} INFO - Sync 1 DAGs
[2022-05-05 05:45:07,005] {logging_mixin.py:115} INFO - [2022-05-05 05:45:07,005] {dag.py:2919} INFO - Setting next_dagrun for example_python_operator to None, run_after=None
[2022-05-05 05:45:07,019] {processor.py:161} INFO - Processing /home/airflow/.local/lib/python3.7/site-packages/airflow/example_dags/example_python_operator.py took 0.185 seconds
[2022-05-05 05:45:37,274] {processor.py:153} INFO - Started process (PID=539) to work on /home/airflow/.local/lib/python3.7/site-packages/airflow/example_dags/example_python_operator.py
[2022-05-05 05:45:37,275] {processor.py:641} INFO - Processing file /home/airflow/.local/lib/python3.7/site-packages/airflow/example_dags/example_python_operator.py for tasks to queue
[2022-05-05 05:45:37,276] {logging_mixin.py:115} INFO - [2022-05-05 05:45:37,275] {dagbag.py:507} INFO - Filling up the DagBag from /home/airflow/.local/lib/python3.7/site-packages/airflow/example_dags/example_python_operator.py
[2022-05-05 05:45:37,300] {processor.py:651} INFO - DAG(s) dict_keys(['example_python_operator']) retrieved from /home/airflow/.local/lib/python3.7/site-packages/airflow/example_dags/example_python_operator.py
[2022-05-05 05:45:37,328] {logging_mixin.py:115} INFO - [2022-05-05 05:45:37,328] {dag.py:2371} INFO - Sync 1 DAGs
[2022-05-05 05:45:37,449] {logging_mixin.py:115} INFO - [2022-05-05 05:45:37,449] {dag.py:2919} INFO - Setting next_dagrun for example_python_operator to None, run_after=None
[2022-05-05 05:45:37,465] {processor.py:161} INFO - Processing /home/airflow/.local/lib/python3.7/site-packages/airflow/example_dags/example_python_operator.py took 0.193 seconds
[2022-05-05 05:46:07,687] {processor.py:153} INFO - Started process (PID=601) to work on /home/airflow/.local/lib/python3.7/site-packages/airflow/example_dags/example_python_operator.py
[2022-05-05 05:46:07,687] {processor.py:641} INFO - Processing file /home/airflow/.local/lib/python3.7/site-packages/airflow/example_dags/example_python_operator.py for tasks to queue
[2022-05-05 05:46:07,688] {logging_mixin.py:115} INFO - [2022-05-05 05:46:07,688] {dagbag.py:507} INFO - Filling up the DagBag from /home/airflow/.local/lib/python3.7/site-packages/airflow/example_dags/example_python_operator.py
[2022-05-05 05:46:07,702] {processor.py:651} INFO - DAG(s) dict_keys(['example_python_operator']) retrieved from /home/airflow/.local/lib/python3.7/site-packages/airflow/example_dags/example_python_operator.py
[2022-05-05 05:46:07,732] {logging_mixin.py:115} INFO - [2022-05-05 05:46:07,731] {dag.py:2371} INFO - Sync 1 DAGs
[2022-05-05 05:46:07,861] {logging_mixin.py:115} INFO - [2022-05-05 05:46:07,860] {dag.py:2919} INFO - Setting next_dagrun for example_python_operator to None, run_after=None
[2022-05-05 05:46:07,884] {processor.py:161} INFO - Processing /home/airflow/.local/lib/python3.7/site-packages/airflow/example_dags/example_python_operator.py took 0.200 seconds
[2022-05-05 05:46:38,245] {processor.py:153} INFO - Started process (PID=664) to work on /home/airflow/.local/lib/python3.7/site-packages/airflow/example_dags/example_python_operator.py
[2022-05-05 05:46:38,245] {processor.py:641} INFO - Processing file /home/airflow/.local/lib/python3.7/site-packages/airflow/example_dags/example_python_operator.py for tasks to queue
[2022-05-05 05:46:38,246] {logging_mixin.py:115} INFO - [2022-05-05 05:46:38,246] {dagbag.py:507} INFO - Filling up the DagBag from /home/airflow/.local/lib/python3.7/site-packages/airflow/example_dags/example_python_operator.py
[2022-05-05 05:46:38,270] {processor.py:651} INFO - DAG(s) dict_keys(['example_python_operator']) retrieved from /home/airflow/.local/lib/python3.7/site-packages/airflow/example_dags/example_python_operator.py
[2022-05-05 05:46:38,399] {logging_mixin.py:115} INFO - [2022-05-05 05:46:38,399] {dag.py:2371} INFO - Sync 1 DAGs
[2022-05-05 05:46:38,422] {logging_mixin.py:115} INFO - [2022-05-05 05:46:38,421] {dag.py:2919} INFO - Setting next_dagrun for example_python_operator to None, run_after=None
[2022-05-05 05:46:38,436] {processor.py:161} INFO - Processing /home/airflow/.local/lib/python3.7/site-packages/airflow/example_dags/example_python_operator.py took 0.193 seconds
[2022-05-05 05:47:08,766] {processor.py:153} INFO - Started process (PID=717) to work on /home/airflow/.local/lib/python3.7/site-packages/airflow/example_dags/example_python_operator.py
[2022-05-05 05:47:08,767] {processor.py:641} INFO - Processing file /home/airflow/.local/lib/python3.7/site-packages/airflow/example_dags/example_python_operator.py for tasks to queue
[2022-05-05 05:47:08,768] {logging_mixin.py:115} INFO - [2022-05-05 05:47:08,768] {dagbag.py:507} INFO - Filling up the DagBag from /home/airflow/.local/lib/python3.7/site-packages/airflow/example_dags/example_python_operator.py
[2022-05-05 05:47:08,785] {processor.py:651} INFO - DAG(s) dict_keys(['example_python_operator']) retrieved from /home/airflow/.local/lib/python3.7/site-packages/airflow/example_dags/example_python_operator.py
[2022-05-05 05:47:08,907] {logging_mixin.py:115} INFO - [2022-05-05 05:47:08,907] {dag.py:2371} INFO - Sync 1 DAGs
[2022-05-05 05:47:08,926] {logging_mixin.py:115} INFO - [2022-05-05 05:47:08,926] {dag.py:2919} INFO - Setting next_dagrun for example_python_operator to None, run_after=None
[2022-05-05 05:47:08,938] {processor.py:161} INFO - Processing /home/airflow/.local/lib/python3.7/site-packages/airflow/example_dags/example_python_operator.py took 0.174 seconds
[2022-05-05 05:47:39,499] {processor.py:153} INFO - Started process (PID=780) to work on /home/airflow/.local/lib/python3.7/site-packages/airflow/example_dags/example_python_operator.py
[2022-05-05 05:47:39,500] {processor.py:641} INFO - Processing file /home/airflow/.local/lib/python3.7/site-packages/airflow/example_dags/example_python_operator.py for tasks to queue
[2022-05-05 05:47:39,500] {logging_mixin.py:115} INFO - [2022-05-05 05:47:39,500] {dagbag.py:507} INFO - Filling up the DagBag from /home/airflow/.local/lib/python3.7/site-packages/airflow/example_dags/example_python_operator.py
[2022-05-05 05:47:39,521] {processor.py:651} INFO - DAG(s) dict_keys(['example_python_operator']) retrieved from /home/airflow/.local/lib/python3.7/site-packages/airflow/example_dags/example_python_operator.py
[2022-05-05 05:47:39,660] {logging_mixin.py:115} INFO - [2022-05-05 05:47:39,659] {dag.py:2371} INFO - Sync 1 DAGs
[2022-05-05 05:47:39,679] {logging_mixin.py:115} INFO - [2022-05-05 05:47:39,679] {dag.py:2919} INFO - Setting next_dagrun for example_python_operator to None, run_after=None
[2022-05-05 05:47:39,700] {processor.py:161} INFO - Processing /home/airflow/.local/lib/python3.7/site-packages/airflow/example_dags/example_python_operator.py took 0.204 seconds
[2022-05-05 05:48:10,446] {processor.py:153} INFO - Started process (PID=841) to work on /home/airflow/.local/lib/python3.7/site-packages/airflow/example_dags/example_python_operator.py
[2022-05-05 05:48:10,447] {processor.py:641} INFO - Processing file /home/airflow/.local/lib/python3.7/site-packages/airflow/example_dags/example_python_operator.py for tasks to queue
[2022-05-05 05:48:10,447] {logging_mixin.py:115} INFO - [2022-05-05 05:48:10,447] {dagbag.py:507} INFO - Filling up the DagBag from /home/airflow/.local/lib/python3.7/site-packages/airflow/example_dags/example_python_operator.py
[2022-05-05 05:48:10,469] {processor.py:651} INFO - DAG(s) dict_keys(['example_python_operator']) retrieved from /home/airflow/.local/lib/python3.7/site-packages/airflow/example_dags/example_python_operator.py
[2022-05-05 05:48:10,621] {logging_mixin.py:115} INFO - [2022-05-05 05:48:10,621] {dag.py:2371} INFO - Sync 1 DAGs
[2022-05-05 05:48:10,648] {logging_mixin.py:115} INFO - [2022-05-05 05:48:10,648] {dag.py:2919} INFO - Setting next_dagrun for example_python_operator to None, run_after=None
[2022-05-05 05:48:10,662] {processor.py:161} INFO - Processing /home/airflow/.local/lib/python3.7/site-packages/airflow/example_dags/example_python_operator.py took 0.218 seconds
[2022-05-05 05:48:41,054] {processor.py:153} INFO - Started process (PID=893) to work on /home/airflow/.local/lib/python3.7/site-packages/airflow/example_dags/example_python_operator.py
[2022-05-05 05:48:41,054] {processor.py:641} INFO - Processing file /home/airflow/.local/lib/python3.7/site-packages/airflow/example_dags/example_python_operator.py for tasks to queue
[2022-05-05 05:48:41,054] {logging_mixin.py:115} INFO - [2022-05-05 05:48:41,054] {dagbag.py:507} INFO - Filling up the DagBag from /home/airflow/.local/lib/python3.7/site-packages/airflow/example_dags/example_python_operator.py
[2022-05-05 05:48:41,071] {processor.py:651} INFO - DAG(s) dict_keys(['example_python_operator']) retrieved from /home/airflow/.local/lib/python3.7/site-packages/airflow/example_dags/example_python_operator.py
[2022-05-05 05:48:41,190] {logging_mixin.py:115} INFO - [2022-05-05 05:48:41,190] {dag.py:2371} INFO - Sync 1 DAGs
[2022-05-05 05:48:41,210] {logging_mixin.py:115} INFO - [2022-05-05 05:48:41,210] {dag.py:2919} INFO - Setting next_dagrun for example_python_operator to None, run_after=None
[2022-05-05 05:48:41,225] {processor.py:161} INFO - Processing /home/airflow/.local/lib/python3.7/site-packages/airflow/example_dags/example_python_operator.py took 0.173 seconds
[2022-05-05 05:49:11,641] {processor.py:153} INFO - Started process (PID=957) to work on /home/airflow/.local/lib/python3.7/site-packages/airflow/example_dags/example_python_operator.py
[2022-05-05 05:49:11,642] {processor.py:641} INFO - Processing file /home/airflow/.local/lib/python3.7/site-packages/airflow/example_dags/example_python_operator.py for tasks to queue
[2022-05-05 05:49:11,643] {logging_mixin.py:115} INFO - [2022-05-05 05:49:11,643] {dagbag.py:507} INFO - Filling up the DagBag from /home/airflow/.local/lib/python3.7/site-packages/airflow/example_dags/example_python_operator.py
[2022-05-05 05:49:11,659] {processor.py:651} INFO - DAG(s) dict_keys(['example_python_operator']) retrieved from /home/airflow/.local/lib/python3.7/site-packages/airflow/example_dags/example_python_operator.py
[2022-05-05 05:49:11,772] {logging_mixin.py:115} INFO - [2022-05-05 05:49:11,772] {dag.py:2371} INFO - Sync 1 DAGs
[2022-05-05 05:49:11,794] {logging_mixin.py:115} INFO - [2022-05-05 05:49:11,794] {dag.py:2919} INFO - Setting next_dagrun for example_python_operator to None, run_after=None
[2022-05-05 05:49:11,813] {processor.py:161} INFO - Processing /home/airflow/.local/lib/python3.7/site-packages/airflow/example_dags/example_python_operator.py took 0.173 seconds
[2022-05-05 05:49:42,303] {processor.py:153} INFO - Started process (PID=1020) to work on /home/airflow/.local/lib/python3.7/site-packages/airflow/example_dags/example_python_operator.py
[2022-05-05 05:49:42,303] {processor.py:641} INFO - Processing file /home/airflow/.local/lib/python3.7/site-packages/airflow/example_dags/example_python_operator.py for tasks to queue
[2022-05-05 05:49:42,304] {logging_mixin.py:115} INFO - [2022-05-05 05:49:42,304] {dagbag.py:507} INFO - Filling up the DagBag from /home/airflow/.local/lib/python3.7/site-packages/airflow/example_dags/example_python_operator.py
[2022-05-05 05:49:42,322] {processor.py:651} INFO - DAG(s) dict_keys(['example_python_operator']) retrieved from /home/airflow/.local/lib/python3.7/site-packages/airflow/example_dags/example_python_operator.py
[2022-05-05 05:49:42,468] {logging_mixin.py:115} INFO - [2022-05-05 05:49:42,468] {dag.py:2371} INFO - Sync 1 DAGs
[2022-05-05 05:49:42,492] {logging_mixin.py:115} INFO - [2022-05-05 05:49:42,492] {dag.py:2919} INFO - Setting next_dagrun for example_python_operator to None, run_after=None
[2022-05-05 05:49:42,508] {processor.py:161} INFO - Processing /home/airflow/.local/lib/python3.7/site-packages/airflow/example_dags/example_python_operator.py took 0.208 seconds
[2022-05-05 05:50:12,915] {processor.py:153} INFO - Started process (PID=1073) to work on /home/airflow/.local/lib/python3.7/site-packages/airflow/example_dags/example_python_operator.py
[2022-05-05 05:50:12,915] {processor.py:641} INFO - Processing file /home/airflow/.local/lib/python3.7/site-packages/airflow/example_dags/example_python_operator.py for tasks to queue
[2022-05-05 05:50:12,916] {logging_mixin.py:115} INFO - [2022-05-05 05:50:12,916] {dagbag.py:507} INFO - Filling up the DagBag from /home/airflow/.local/lib/python3.7/site-packages/airflow/example_dags/example_python_operator.py
[2022-05-05 05:50:12,932] {processor.py:651} INFO - DAG(s) dict_keys(['example_python_operator']) retrieved from /home/airflow/.local/lib/python3.7/site-packages/airflow/example_dags/example_python_operator.py
[2022-05-05 05:50:13,049] {logging_mixin.py:115} INFO - [2022-05-05 05:50:13,049] {dag.py:2371} INFO - Sync 1 DAGs
[2022-05-05 05:50:13,069] {logging_mixin.py:115} INFO - [2022-05-05 05:50:13,069] {dag.py:2919} INFO - Setting next_dagrun for example_python_operator to None, run_after=None
[2022-05-05 05:50:13,082] {processor.py:161} INFO - Processing /home/airflow/.local/lib/python3.7/site-packages/airflow/example_dags/example_python_operator.py took 0.170 seconds
[2022-05-05 05:50:43,136] {processor.py:153} INFO - Started process (PID=1136) to work on /home/airflow/.local/lib/python3.7/site-packages/airflow/example_dags/example_python_operator.py
[2022-05-05 05:50:43,136] {processor.py:641} INFO - Processing file /home/airflow/.local/lib/python3.7/site-packages/airflow/example_dags/example_python_operator.py for tasks to queue
[2022-05-05 05:50:43,136] {logging_mixin.py:115} INFO - [2022-05-05 05:50:43,136] {dagbag.py:507} INFO - Filling up the DagBag from /home/airflow/.local/lib/python3.7/site-packages/airflow/example_dags/example_python_operator.py
[2022-05-05 05:50:43,154] {processor.py:651} INFO - DAG(s) dict_keys(['example_python_operator']) retrieved from /home/airflow/.local/lib/python3.7/site-packages/airflow/example_dags/example_python_operator.py
[2022-05-05 05:50:43,270] {logging_mixin.py:115} INFO - [2022-05-05 05:50:43,270] {dag.py:2371} INFO - Sync 1 DAGs
[2022-05-05 05:50:43,291] {logging_mixin.py:115} INFO - [2022-05-05 05:50:43,291] {dag.py:2919} INFO - Setting next_dagrun for example_python_operator to None, run_after=None
[2022-05-05 05:50:43,302] {processor.py:161} INFO - Processing /home/airflow/.local/lib/python3.7/site-packages/airflow/example_dags/example_python_operator.py took 0.169 seconds
[2022-05-05 05:52:21,977] {processor.py:153} INFO - Started process (PID=71) to work on /home/airflow/.local/lib/python3.7/site-packages/airflow/example_dags/example_python_operator.py
[2022-05-05 05:52:21,978] {processor.py:641} INFO - Processing file /home/airflow/.local/lib/python3.7/site-packages/airflow/example_dags/example_python_operator.py for tasks to queue
[2022-05-05 05:52:21,979] {logging_mixin.py:115} INFO - [2022-05-05 05:52:21,979] {dagbag.py:507} INFO - Filling up the DagBag from /home/airflow/.local/lib/python3.7/site-packages/airflow/example_dags/example_python_operator.py
[2022-05-05 05:52:22,001] {processor.py:651} INFO - DAG(s) dict_keys(['example_python_operator']) retrieved from /home/airflow/.local/lib/python3.7/site-packages/airflow/example_dags/example_python_operator.py
[2022-05-05 05:52:22,041] {logging_mixin.py:115} INFO - [2022-05-05 05:52:22,041] {dag.py:2371} INFO - Sync 1 DAGs
[2022-05-05 05:52:22,218] {logging_mixin.py:115} INFO - [2022-05-05 05:52:22,217] {dag.py:2919} INFO - Setting next_dagrun for example_python_operator to None, run_after=None
[2022-05-05 05:52:22,238] {processor.py:161} INFO - Processing /home/airflow/.local/lib/python3.7/site-packages/airflow/example_dags/example_python_operator.py took 0.264 seconds
[2022-05-05 05:52:52,500] {processor.py:153} INFO - Started process (PID=134) to work on /home/airflow/.local/lib/python3.7/site-packages/airflow/example_dags/example_python_operator.py
[2022-05-05 05:52:52,501] {processor.py:641} INFO - Processing file /home/airflow/.local/lib/python3.7/site-packages/airflow/example_dags/example_python_operator.py for tasks to queue
[2022-05-05 05:52:52,502] {logging_mixin.py:115} INFO - [2022-05-05 05:52:52,502] {dagbag.py:507} INFO - Filling up the DagBag from /home/airflow/.local/lib/python3.7/site-packages/airflow/example_dags/example_python_operator.py
[2022-05-05 05:52:52,524] {processor.py:651} INFO - DAG(s) dict_keys(['example_python_operator']) retrieved from /home/airflow/.local/lib/python3.7/site-packages/airflow/example_dags/example_python_operator.py
[2022-05-05 05:52:52,552] {logging_mixin.py:115} INFO - [2022-05-05 05:52:52,552] {dag.py:2371} INFO - Sync 1 DAGs
[2022-05-05 05:52:52,680] {logging_mixin.py:115} INFO - [2022-05-05 05:52:52,680] {dag.py:2919} INFO - Setting next_dagrun for example_python_operator to None, run_after=None
[2022-05-05 05:52:52,695] {processor.py:161} INFO - Processing /home/airflow/.local/lib/python3.7/site-packages/airflow/example_dags/example_python_operator.py took 0.197 seconds
[2022-05-05 05:53:50,295] {processor.py:153} INFO - Started process (PID=71) to work on /home/airflow/.local/lib/python3.7/site-packages/airflow/example_dags/example_python_operator.py
[2022-05-05 05:53:50,296] {processor.py:641} INFO - Processing file /home/airflow/.local/lib/python3.7/site-packages/airflow/example_dags/example_python_operator.py for tasks to queue
[2022-05-05 05:53:50,297] {logging_mixin.py:115} INFO - [2022-05-05 05:53:50,297] {dagbag.py:507} INFO - Filling up the DagBag from /home/airflow/.local/lib/python3.7/site-packages/airflow/example_dags/example_python_operator.py
[2022-05-05 05:53:50,318] {processor.py:651} INFO - DAG(s) dict_keys(['example_python_operator']) retrieved from /home/airflow/.local/lib/python3.7/site-packages/airflow/example_dags/example_python_operator.py
[2022-05-05 05:53:50,353] {logging_mixin.py:115} INFO - [2022-05-05 05:53:50,353] {dag.py:2371} INFO - Sync 1 DAGs
[2022-05-05 05:53:50,534] {logging_mixin.py:115} INFO - [2022-05-05 05:53:50,534] {dag.py:2919} INFO - Setting next_dagrun for example_python_operator to None, run_after=None
[2022-05-05 05:53:50,550] {processor.py:161} INFO - Processing /home/airflow/.local/lib/python3.7/site-packages/airflow/example_dags/example_python_operator.py took 0.258 seconds
[2022-05-05 05:54:20,693] {processor.py:153} INFO - Started process (PID=134) to work on /home/airflow/.local/lib/python3.7/site-packages/airflow/example_dags/example_python_operator.py
[2022-05-05 05:54:20,693] {processor.py:641} INFO - Processing file /home/airflow/.local/lib/python3.7/site-packages/airflow/example_dags/example_python_operator.py for tasks to queue
[2022-05-05 05:54:20,694] {logging_mixin.py:115} INFO - [2022-05-05 05:54:20,694] {dagbag.py:507} INFO - Filling up the DagBag from /home/airflow/.local/lib/python3.7/site-packages/airflow/example_dags/example_python_operator.py
[2022-05-05 05:54:20,714] {processor.py:651} INFO - DAG(s) dict_keys(['example_python_operator']) retrieved from /home/airflow/.local/lib/python3.7/site-packages/airflow/example_dags/example_python_operator.py
[2022-05-05 05:54:20,751] {logging_mixin.py:115} INFO - [2022-05-05 05:54:20,750] {dag.py:2371} INFO - Sync 1 DAGs
[2022-05-05 05:54:20,894] {logging_mixin.py:115} INFO - [2022-05-05 05:54:20,894] {dag.py:2919} INFO - Setting next_dagrun for example_python_operator to None, run_after=None
[2022-05-05 05:54:20,910] {processor.py:161} INFO - Processing /home/airflow/.local/lib/python3.7/site-packages/airflow/example_dags/example_python_operator.py took 0.220 seconds
[2022-05-05 05:54:51,443] {processor.py:153} INFO - Started process (PID=187) to work on /home/airflow/.local/lib/python3.7/site-packages/airflow/example_dags/example_python_operator.py
[2022-05-05 05:54:51,444] {processor.py:641} INFO - Processing file /home/airflow/.local/lib/python3.7/site-packages/airflow/example_dags/example_python_operator.py for tasks to queue
[2022-05-05 05:54:51,445] {logging_mixin.py:115} INFO - [2022-05-05 05:54:51,445] {dagbag.py:507} INFO - Filling up the DagBag from /home/airflow/.local/lib/python3.7/site-packages/airflow/example_dags/example_python_operator.py
[2022-05-05 05:54:51,459] {processor.py:651} INFO - DAG(s) dict_keys(['example_python_operator']) retrieved from /home/airflow/.local/lib/python3.7/site-packages/airflow/example_dags/example_python_operator.py
[2022-05-05 05:54:51,484] {logging_mixin.py:115} INFO - [2022-05-05 05:54:51,484] {dag.py:2371} INFO - Sync 1 DAGs
[2022-05-05 05:54:51,594] {logging_mixin.py:115} INFO - [2022-05-05 05:54:51,594] {dag.py:2919} INFO - Setting next_dagrun for example_python_operator to None, run_after=None
[2022-05-05 05:54:51,606] {processor.py:161} INFO - Processing /home/airflow/.local/lib/python3.7/site-packages/airflow/example_dags/example_python_operator.py took 0.165 seconds
[2022-05-05 05:55:22,075] {processor.py:153} INFO - Started process (PID=249) to work on /home/airflow/.local/lib/python3.7/site-packages/airflow/example_dags/example_python_operator.py
[2022-05-05 05:55:22,076] {processor.py:641} INFO - Processing file /home/airflow/.local/lib/python3.7/site-packages/airflow/example_dags/example_python_operator.py for tasks to queue
[2022-05-05 05:55:22,077] {logging_mixin.py:115} INFO - [2022-05-05 05:55:22,077] {dagbag.py:507} INFO - Filling up the DagBag from /home/airflow/.local/lib/python3.7/site-packages/airflow/example_dags/example_python_operator.py
[2022-05-05 05:55:22,092] {processor.py:651} INFO - DAG(s) dict_keys(['example_python_operator']) retrieved from /home/airflow/.local/lib/python3.7/site-packages/airflow/example_dags/example_python_operator.py
[2022-05-05 05:55:22,119] {logging_mixin.py:115} INFO - [2022-05-05 05:55:22,118] {dag.py:2371} INFO - Sync 1 DAGs
[2022-05-05 05:55:22,242] {logging_mixin.py:115} INFO - [2022-05-05 05:55:22,242] {dag.py:2919} INFO - Setting next_dagrun for example_python_operator to None, run_after=None
[2022-05-05 05:55:22,256] {processor.py:161} INFO - Processing /home/airflow/.local/lib/python3.7/site-packages/airflow/example_dags/example_python_operator.py took 0.183 seconds
[2022-05-05 05:55:52,759] {processor.py:153} INFO - Started process (PID=311) to work on /home/airflow/.local/lib/python3.7/site-packages/airflow/example_dags/example_python_operator.py
[2022-05-05 05:55:52,760] {processor.py:641} INFO - Processing file /home/airflow/.local/lib/python3.7/site-packages/airflow/example_dags/example_python_operator.py for tasks to queue
[2022-05-05 05:55:52,760] {logging_mixin.py:115} INFO - [2022-05-05 05:55:52,760] {dagbag.py:507} INFO - Filling up the DagBag from /home/airflow/.local/lib/python3.7/site-packages/airflow/example_dags/example_python_operator.py
[2022-05-05 05:55:52,778] {processor.py:651} INFO - DAG(s) dict_keys(['example_python_operator']) retrieved from /home/airflow/.local/lib/python3.7/site-packages/airflow/example_dags/example_python_operator.py
[2022-05-05 05:55:52,813] {logging_mixin.py:115} INFO - [2022-05-05 05:55:52,813] {dag.py:2371} INFO - Sync 1 DAGs
[2022-05-05 05:55:52,936] {logging_mixin.py:115} INFO - [2022-05-05 05:55:52,936] {dag.py:2919} INFO - Setting next_dagrun for example_python_operator to None, run_after=None
[2022-05-05 05:55:52,952] {processor.py:161} INFO - Processing /home/airflow/.local/lib/python3.7/site-packages/airflow/example_dags/example_python_operator.py took 0.195 seconds
[2022-05-05 05:56:23,512] {processor.py:153} INFO - Started process (PID=364) to work on /home/airflow/.local/lib/python3.7/site-packages/airflow/example_dags/example_python_operator.py
[2022-05-05 05:56:23,512] {processor.py:641} INFO - Processing file /home/airflow/.local/lib/python3.7/site-packages/airflow/example_dags/example_python_operator.py for tasks to queue
[2022-05-05 05:56:23,513] {logging_mixin.py:115} INFO - [2022-05-05 05:56:23,513] {dagbag.py:507} INFO - Filling up the DagBag from /home/airflow/.local/lib/python3.7/site-packages/airflow/example_dags/example_python_operator.py
[2022-05-05 05:56:23,527] {processor.py:651} INFO - DAG(s) dict_keys(['example_python_operator']) retrieved from /home/airflow/.local/lib/python3.7/site-packages/airflow/example_dags/example_python_operator.py
[2022-05-05 05:56:23,554] {logging_mixin.py:115} INFO - [2022-05-05 05:56:23,554] {dag.py:2371} INFO - Sync 1 DAGs
[2022-05-05 05:56:23,669] {logging_mixin.py:115} INFO - [2022-05-05 05:56:23,669] {dag.py:2919} INFO - Setting next_dagrun for example_python_operator to None, run_after=None
[2022-05-05 05:56:23,685] {processor.py:161} INFO - Processing /home/airflow/.local/lib/python3.7/site-packages/airflow/example_dags/example_python_operator.py took 0.175 seconds
[2022-05-05 05:56:53,834] {processor.py:153} INFO - Started process (PID=426) to work on /home/airflow/.local/lib/python3.7/site-packages/airflow/example_dags/example_python_operator.py
[2022-05-05 05:56:53,835] {processor.py:641} INFO - Processing file /home/airflow/.local/lib/python3.7/site-packages/airflow/example_dags/example_python_operator.py for tasks to queue
[2022-05-05 05:56:53,835] {logging_mixin.py:115} INFO - [2022-05-05 05:56:53,835] {dagbag.py:507} INFO - Filling up the DagBag from /home/airflow/.local/lib/python3.7/site-packages/airflow/example_dags/example_python_operator.py
[2022-05-05 05:56:53,849] {processor.py:651} INFO - DAG(s) dict_keys(['example_python_operator']) retrieved from /home/airflow/.local/lib/python3.7/site-packages/airflow/example_dags/example_python_operator.py
[2022-05-05 05:56:53,876] {logging_mixin.py:115} INFO - [2022-05-05 05:56:53,876] {dag.py:2371} INFO - Sync 1 DAGs
[2022-05-05 05:56:54,009] {logging_mixin.py:115} INFO - [2022-05-05 05:56:54,009] {dag.py:2919} INFO - Setting next_dagrun for example_python_operator to None, run_after=None
[2022-05-05 05:56:54,025] {processor.py:161} INFO - Processing /home/airflow/.local/lib/python3.7/site-packages/airflow/example_dags/example_python_operator.py took 0.193 seconds
[2022-05-05 05:57:24,202] {processor.py:153} INFO - Started process (PID=488) to work on /home/airflow/.local/lib/python3.7/site-packages/airflow/example_dags/example_python_operator.py
[2022-05-05 05:57:24,203] {processor.py:641} INFO - Processing file /home/airflow/.local/lib/python3.7/site-packages/airflow/example_dags/example_python_operator.py for tasks to queue
[2022-05-05 05:57:24,203] {logging_mixin.py:115} INFO - [2022-05-05 05:57:24,203] {dagbag.py:507} INFO - Filling up the DagBag from /home/airflow/.local/lib/python3.7/site-packages/airflow/example_dags/example_python_operator.py
[2022-05-05 05:57:24,226] {processor.py:651} INFO - DAG(s) dict_keys(['example_python_operator']) retrieved from /home/airflow/.local/lib/python3.7/site-packages/airflow/example_dags/example_python_operator.py
[2022-05-05 05:57:24,265] {logging_mixin.py:115} INFO - [2022-05-05 05:57:24,264] {dag.py:2371} INFO - Sync 1 DAGs
[2022-05-05 05:57:24,408] {logging_mixin.py:115} INFO - [2022-05-05 05:57:24,408] {dag.py:2919} INFO - Setting next_dagrun for example_python_operator to None, run_after=None
[2022-05-05 05:57:24,423] {processor.py:161} INFO - Processing /home/airflow/.local/lib/python3.7/site-packages/airflow/example_dags/example_python_operator.py took 0.225 seconds
[2022-05-05 05:57:54,592] {processor.py:153} INFO - Started process (PID=541) to work on /home/airflow/.local/lib/python3.7/site-packages/airflow/example_dags/example_python_operator.py
[2022-05-05 05:57:54,592] {processor.py:641} INFO - Processing file /home/airflow/.local/lib/python3.7/site-packages/airflow/example_dags/example_python_operator.py for tasks to queue
[2022-05-05 05:57:54,592] {logging_mixin.py:115} INFO - [2022-05-05 05:57:54,592] {dagbag.py:507} INFO - Filling up the DagBag from /home/airflow/.local/lib/python3.7/site-packages/airflow/example_dags/example_python_operator.py
[2022-05-05 05:57:54,607] {processor.py:651} INFO - DAG(s) dict_keys(['example_python_operator']) retrieved from /home/airflow/.local/lib/python3.7/site-packages/airflow/example_dags/example_python_operator.py
[2022-05-05 05:57:54,634] {logging_mixin.py:115} INFO - [2022-05-05 05:57:54,634] {dag.py:2371} INFO - Sync 1 DAGs
[2022-05-05 05:57:54,762] {logging_mixin.py:115} INFO - [2022-05-05 05:57:54,761] {dag.py:2919} INFO - Setting next_dagrun for example_python_operator to None, run_after=None
[2022-05-05 05:57:54,775] {processor.py:161} INFO - Processing /home/airflow/.local/lib/python3.7/site-packages/airflow/example_dags/example_python_operator.py took 0.186 seconds
[2022-05-05 05:58:25,004] {processor.py:153} INFO - Started process (PID=605) to work on /home/airflow/.local/lib/python3.7/site-packages/airflow/example_dags/example_python_operator.py
[2022-05-05 05:58:25,005] {processor.py:641} INFO - Processing file /home/airflow/.local/lib/python3.7/site-packages/airflow/example_dags/example_python_operator.py for tasks to queue
[2022-05-05 05:58:25,006] {logging_mixin.py:115} INFO - [2022-05-05 05:58:25,006] {dagbag.py:507} INFO - Filling up the DagBag from /home/airflow/.local/lib/python3.7/site-packages/airflow/example_dags/example_python_operator.py
[2022-05-05 05:58:25,020] {processor.py:651} INFO - DAG(s) dict_keys(['example_python_operator']) retrieved from /home/airflow/.local/lib/python3.7/site-packages/airflow/example_dags/example_python_operator.py
[2022-05-05 05:58:25,046] {logging_mixin.py:115} INFO - [2022-05-05 05:58:25,046] {dag.py:2371} INFO - Sync 1 DAGs
[2022-05-05 05:58:25,160] {logging_mixin.py:115} INFO - [2022-05-05 05:58:25,160] {dag.py:2919} INFO - Setting next_dagrun for example_python_operator to None, run_after=None
[2022-05-05 05:58:25,172] {processor.py:161} INFO - Processing /home/airflow/.local/lib/python3.7/site-packages/airflow/example_dags/example_python_operator.py took 0.170 seconds
[2022-05-05 05:58:55,196] {processor.py:153} INFO - Started process (PID=666) to work on /home/airflow/.local/lib/python3.7/site-packages/airflow/example_dags/example_python_operator.py
[2022-05-05 05:58:55,197] {processor.py:641} INFO - Processing file /home/airflow/.local/lib/python3.7/site-packages/airflow/example_dags/example_python_operator.py for tasks to queue
[2022-05-05 05:58:55,197] {logging_mixin.py:115} INFO - [2022-05-05 05:58:55,197] {dagbag.py:507} INFO - Filling up the DagBag from /home/airflow/.local/lib/python3.7/site-packages/airflow/example_dags/example_python_operator.py
[2022-05-05 05:58:55,216] {processor.py:651} INFO - DAG(s) dict_keys(['example_python_operator']) retrieved from /home/airflow/.local/lib/python3.7/site-packages/airflow/example_dags/example_python_operator.py
[2022-05-05 05:58:55,361] {logging_mixin.py:115} INFO - [2022-05-05 05:58:55,361] {dag.py:2371} INFO - Sync 1 DAGs
[2022-05-05 05:58:55,387] {logging_mixin.py:115} INFO - [2022-05-05 05:58:55,387] {dag.py:2919} INFO - Setting next_dagrun for example_python_operator to None, run_after=None
[2022-05-05 05:58:55,404] {processor.py:161} INFO - Processing /home/airflow/.local/lib/python3.7/site-packages/airflow/example_dags/example_python_operator.py took 0.210 seconds
[2022-05-05 05:59:25,593] {processor.py:153} INFO - Started process (PID=717) to work on /home/airflow/.local/lib/python3.7/site-packages/airflow/example_dags/example_python_operator.py
[2022-05-05 05:59:25,594] {processor.py:641} INFO - Processing file /home/airflow/.local/lib/python3.7/site-packages/airflow/example_dags/example_python_operator.py for tasks to queue
[2022-05-05 05:59:25,594] {logging_mixin.py:115} INFO - [2022-05-05 05:59:25,594] {dagbag.py:507} INFO - Filling up the DagBag from /home/airflow/.local/lib/python3.7/site-packages/airflow/example_dags/example_python_operator.py
[2022-05-05 05:59:25,610] {processor.py:651} INFO - DAG(s) dict_keys(['example_python_operator']) retrieved from /home/airflow/.local/lib/python3.7/site-packages/airflow/example_dags/example_python_operator.py
[2022-05-05 05:59:25,746] {logging_mixin.py:115} INFO - [2022-05-05 05:59:25,746] {dag.py:2371} INFO - Sync 1 DAGs
[2022-05-05 05:59:25,766] {logging_mixin.py:115} INFO - [2022-05-05 05:59:25,766] {dag.py:2919} INFO - Setting next_dagrun for example_python_operator to None, run_after=None
[2022-05-05 05:59:25,780] {processor.py:161} INFO - Processing /home/airflow/.local/lib/python3.7/site-packages/airflow/example_dags/example_python_operator.py took 0.188 seconds
[2022-05-05 05:59:56,029] {processor.py:153} INFO - Started process (PID=780) to work on /home/airflow/.local/lib/python3.7/site-packages/airflow/example_dags/example_python_operator.py
[2022-05-05 05:59:56,030] {processor.py:641} INFO - Processing file /home/airflow/.local/lib/python3.7/site-packages/airflow/example_dags/example_python_operator.py for tasks to queue
[2022-05-05 05:59:56,030] {logging_mixin.py:115} INFO - [2022-05-05 05:59:56,030] {dagbag.py:507} INFO - Filling up the DagBag from /home/airflow/.local/lib/python3.7/site-packages/airflow/example_dags/example_python_operator.py
[2022-05-05 05:59:56,048] {processor.py:651} INFO - DAG(s) dict_keys(['example_python_operator']) retrieved from /home/airflow/.local/lib/python3.7/site-packages/airflow/example_dags/example_python_operator.py
[2022-05-05 05:59:56,172] {logging_mixin.py:115} INFO - [2022-05-05 05:59:56,172] {dag.py:2371} INFO - Sync 1 DAGs
[2022-05-05 05:59:56,194] {logging_mixin.py:115} INFO - [2022-05-05 05:59:56,194] {dag.py:2919} INFO - Setting next_dagrun for example_python_operator to None, run_after=None
[2022-05-05 05:59:56,207] {processor.py:161} INFO - Processing /home/airflow/.local/lib/python3.7/site-packages/airflow/example_dags/example_python_operator.py took 0.180 seconds
[2022-05-05 06:00:26,604] {processor.py:153} INFO - Started process (PID=841) to work on /home/airflow/.local/lib/python3.7/site-packages/airflow/example_dags/example_python_operator.py
[2022-05-05 06:00:26,604] {processor.py:641} INFO - Processing file /home/airflow/.local/lib/python3.7/site-packages/airflow/example_dags/example_python_operator.py for tasks to queue
[2022-05-05 06:00:26,605] {logging_mixin.py:115} INFO - [2022-05-05 06:00:26,605] {dagbag.py:507} INFO - Filling up the DagBag from /home/airflow/.local/lib/python3.7/site-packages/airflow/example_dags/example_python_operator.py
[2022-05-05 06:00:26,624] {processor.py:651} INFO - DAG(s) dict_keys(['example_python_operator']) retrieved from /home/airflow/.local/lib/python3.7/site-packages/airflow/example_dags/example_python_operator.py
[2022-05-05 06:00:26,793] {logging_mixin.py:115} INFO - [2022-05-05 06:00:26,793] {dag.py:2371} INFO - Sync 1 DAGs
[2022-05-05 06:00:26,819] {logging_mixin.py:115} INFO - [2022-05-05 06:00:26,819] {dag.py:2919} INFO - Setting next_dagrun for example_python_operator to None, run_after=None
[2022-05-05 06:00:26,835] {processor.py:161} INFO - Processing /home/airflow/.local/lib/python3.7/site-packages/airflow/example_dags/example_python_operator.py took 0.234 seconds
[2022-05-05 06:00:57,393] {processor.py:153} INFO - Started process (PID=895) to work on /home/airflow/.local/lib/python3.7/site-packages/airflow/example_dags/example_python_operator.py
[2022-05-05 06:00:57,393] {processor.py:641} INFO - Processing file /home/airflow/.local/lib/python3.7/site-packages/airflow/example_dags/example_python_operator.py for tasks to queue
[2022-05-05 06:00:57,394] {logging_mixin.py:115} INFO - [2022-05-05 06:00:57,394] {dagbag.py:507} INFO - Filling up the DagBag from /home/airflow/.local/lib/python3.7/site-packages/airflow/example_dags/example_python_operator.py
[2022-05-05 06:00:57,414] {processor.py:651} INFO - DAG(s) dict_keys(['example_python_operator']) retrieved from /home/airflow/.local/lib/python3.7/site-packages/airflow/example_dags/example_python_operator.py
[2022-05-05 06:00:57,555] {logging_mixin.py:115} INFO - [2022-05-05 06:00:57,554] {dag.py:2371} INFO - Sync 1 DAGs
[2022-05-05 06:00:57,575] {logging_mixin.py:115} INFO - [2022-05-05 06:00:57,575] {dag.py:2919} INFO - Setting next_dagrun for example_python_operator to None, run_after=None
[2022-05-05 06:00:57,590] {processor.py:161} INFO - Processing /home/airflow/.local/lib/python3.7/site-packages/airflow/example_dags/example_python_operator.py took 0.199 seconds
[2022-05-05 06:01:27,683] {processor.py:153} INFO - Started process (PID=958) to work on /home/airflow/.local/lib/python3.7/site-packages/airflow/example_dags/example_python_operator.py
[2022-05-05 06:01:27,684] {processor.py:641} INFO - Processing file /home/airflow/.local/lib/python3.7/site-packages/airflow/example_dags/example_python_operator.py for tasks to queue
[2022-05-05 06:01:27,685] {logging_mixin.py:115} INFO - [2022-05-05 06:01:27,685] {dagbag.py:507} INFO - Filling up the DagBag from /home/airflow/.local/lib/python3.7/site-packages/airflow/example_dags/example_python_operator.py
[2022-05-05 06:01:27,704] {processor.py:651} INFO - DAG(s) dict_keys(['example_python_operator']) retrieved from /home/airflow/.local/lib/python3.7/site-packages/airflow/example_dags/example_python_operator.py
[2022-05-05 06:01:27,835] {logging_mixin.py:115} INFO - [2022-05-05 06:01:27,835] {dag.py:2371} INFO - Sync 1 DAGs
[2022-05-05 06:01:27,854] {logging_mixin.py:115} INFO - [2022-05-05 06:01:27,854] {dag.py:2919} INFO - Setting next_dagrun for example_python_operator to None, run_after=None
[2022-05-05 06:01:27,868] {processor.py:161} INFO - Processing /home/airflow/.local/lib/python3.7/site-packages/airflow/example_dags/example_python_operator.py took 0.187 seconds
[2022-05-05 06:01:57,933] {processor.py:153} INFO - Started process (PID=1010) to work on /home/airflow/.local/lib/python3.7/site-packages/airflow/example_dags/example_python_operator.py
[2022-05-05 06:01:57,933] {processor.py:641} INFO - Processing file /home/airflow/.local/lib/python3.7/site-packages/airflow/example_dags/example_python_operator.py for tasks to queue
[2022-05-05 06:01:57,933] {logging_mixin.py:115} INFO - [2022-05-05 06:01:57,933] {dagbag.py:507} INFO - Filling up the DagBag from /home/airflow/.local/lib/python3.7/site-packages/airflow/example_dags/example_python_operator.py
[2022-05-05 06:01:57,950] {processor.py:651} INFO - DAG(s) dict_keys(['example_python_operator']) retrieved from /home/airflow/.local/lib/python3.7/site-packages/airflow/example_dags/example_python_operator.py
[2022-05-05 06:01:58,088] {logging_mixin.py:115} INFO - [2022-05-05 06:01:58,088] {dag.py:2371} INFO - Sync 1 DAGs
[2022-05-05 06:01:58,107] {logging_mixin.py:115} INFO - [2022-05-05 06:01:58,107] {dag.py:2919} INFO - Setting next_dagrun for example_python_operator to None, run_after=None
[2022-05-05 06:01:58,121] {processor.py:161} INFO - Processing /home/airflow/.local/lib/python3.7/site-packages/airflow/example_dags/example_python_operator.py took 0.190 seconds
[2022-05-05 06:02:28,239] {processor.py:153} INFO - Started process (PID=1074) to work on /home/airflow/.local/lib/python3.7/site-packages/airflow/example_dags/example_python_operator.py
[2022-05-05 06:02:28,240] {processor.py:641} INFO - Processing file /home/airflow/.local/lib/python3.7/site-packages/airflow/example_dags/example_python_operator.py for tasks to queue
[2022-05-05 06:02:28,240] {logging_mixin.py:115} INFO - [2022-05-05 06:02:28,240] {dagbag.py:507} INFO - Filling up the DagBag from /home/airflow/.local/lib/python3.7/site-packages/airflow/example_dags/example_python_operator.py
[2022-05-05 06:02:28,258] {processor.py:651} INFO - DAG(s) dict_keys(['example_python_operator']) retrieved from /home/airflow/.local/lib/python3.7/site-packages/airflow/example_dags/example_python_operator.py
[2022-05-05 06:02:28,385] {logging_mixin.py:115} INFO - [2022-05-05 06:02:28,385] {dag.py:2371} INFO - Sync 1 DAGs
[2022-05-05 06:02:28,404] {logging_mixin.py:115} INFO - [2022-05-05 06:02:28,404] {dag.py:2919} INFO - Setting next_dagrun for example_python_operator to None, run_after=None
[2022-05-05 06:02:28,416] {processor.py:161} INFO - Processing /home/airflow/.local/lib/python3.7/site-packages/airflow/example_dags/example_python_operator.py took 0.179 seconds
[2022-05-05 06:02:58,621] {processor.py:153} INFO - Started process (PID=1137) to work on /home/airflow/.local/lib/python3.7/site-packages/airflow/example_dags/example_python_operator.py
[2022-05-05 06:02:58,621] {processor.py:641} INFO - Processing file /home/airflow/.local/lib/python3.7/site-packages/airflow/example_dags/example_python_operator.py for tasks to queue
[2022-05-05 06:02:58,622] {logging_mixin.py:115} INFO - [2022-05-05 06:02:58,622] {dagbag.py:507} INFO - Filling up the DagBag from /home/airflow/.local/lib/python3.7/site-packages/airflow/example_dags/example_python_operator.py
[2022-05-05 06:02:58,641] {processor.py:651} INFO - DAG(s) dict_keys(['example_python_operator']) retrieved from /home/airflow/.local/lib/python3.7/site-packages/airflow/example_dags/example_python_operator.py
[2022-05-05 06:02:58,771] {logging_mixin.py:115} INFO - [2022-05-05 06:02:58,770] {dag.py:2371} INFO - Sync 1 DAGs
[2022-05-05 06:02:58,789] {logging_mixin.py:115} INFO - [2022-05-05 06:02:58,789] {dag.py:2919} INFO - Setting next_dagrun for example_python_operator to None, run_after=None
[2022-05-05 06:02:58,802] {processor.py:161} INFO - Processing /home/airflow/.local/lib/python3.7/site-packages/airflow/example_dags/example_python_operator.py took 0.184 seconds
[2022-05-05 06:03:29,054] {processor.py:153} INFO - Started process (PID=1191) to work on /home/airflow/.local/lib/python3.7/site-packages/airflow/example_dags/example_python_operator.py
[2022-05-05 06:03:29,055] {processor.py:641} INFO - Processing file /home/airflow/.local/lib/python3.7/site-packages/airflow/example_dags/example_python_operator.py for tasks to queue
[2022-05-05 06:03:29,056] {logging_mixin.py:115} INFO - [2022-05-05 06:03:29,056] {dagbag.py:507} INFO - Filling up the DagBag from /home/airflow/.local/lib/python3.7/site-packages/airflow/example_dags/example_python_operator.py
[2022-05-05 06:03:29,074] {processor.py:651} INFO - DAG(s) dict_keys(['example_python_operator']) retrieved from /home/airflow/.local/lib/python3.7/site-packages/airflow/example_dags/example_python_operator.py
[2022-05-05 06:03:29,198] {logging_mixin.py:115} INFO - [2022-05-05 06:03:29,198] {dag.py:2371} INFO - Sync 1 DAGs
[2022-05-05 06:03:29,220] {logging_mixin.py:115} INFO - [2022-05-05 06:03:29,220] {dag.py:2919} INFO - Setting next_dagrun for example_python_operator to None, run_after=None
[2022-05-05 06:03:29,235] {processor.py:161} INFO - Processing /home/airflow/.local/lib/python3.7/site-packages/airflow/example_dags/example_python_operator.py took 0.182 seconds
[2022-05-05 06:03:59,666] {processor.py:153} INFO - Started process (PID=1254) to work on /home/airflow/.local/lib/python3.7/site-packages/airflow/example_dags/example_python_operator.py
[2022-05-05 06:03:59,667] {processor.py:641} INFO - Processing file /home/airflow/.local/lib/python3.7/site-packages/airflow/example_dags/example_python_operator.py for tasks to queue
[2022-05-05 06:03:59,667] {logging_mixin.py:115} INFO - [2022-05-05 06:03:59,667] {dagbag.py:507} INFO - Filling up the DagBag from /home/airflow/.local/lib/python3.7/site-packages/airflow/example_dags/example_python_operator.py
[2022-05-05 06:03:59,684] {processor.py:651} INFO - DAG(s) dict_keys(['example_python_operator']) retrieved from /home/airflow/.local/lib/python3.7/site-packages/airflow/example_dags/example_python_operator.py
[2022-05-05 06:03:59,706] {logging_mixin.py:115} INFO - [2022-05-05 06:03:59,706] {dag.py:2371} INFO - Sync 1 DAGs
[2022-05-05 06:03:59,729] {logging_mixin.py:115} INFO - [2022-05-05 06:03:59,729] {dag.py:2919} INFO - Setting next_dagrun for example_python_operator to None, run_after=None
[2022-05-05 06:03:59,742] {processor.py:161} INFO - Processing /home/airflow/.local/lib/python3.7/site-packages/airflow/example_dags/example_python_operator.py took 0.078 seconds
[2022-05-05 06:04:30,730] {processor.py:153} INFO - Started process (PID=1316) to work on /home/airflow/.local/lib/python3.7/site-packages/airflow/example_dags/example_python_operator.py
[2022-05-05 06:04:30,731] {processor.py:641} INFO - Processing file /home/airflow/.local/lib/python3.7/site-packages/airflow/example_dags/example_python_operator.py for tasks to queue
[2022-05-05 06:04:30,732] {logging_mixin.py:115} INFO - [2022-05-05 06:04:30,731] {dagbag.py:507} INFO - Filling up the DagBag from /home/airflow/.local/lib/python3.7/site-packages/airflow/example_dags/example_python_operator.py
[2022-05-05 06:04:30,747] {processor.py:651} INFO - DAG(s) dict_keys(['example_python_operator']) retrieved from /home/airflow/.local/lib/python3.7/site-packages/airflow/example_dags/example_python_operator.py
[2022-05-05 06:04:30,770] {logging_mixin.py:115} INFO - [2022-05-05 06:04:30,770] {dag.py:2371} INFO - Sync 1 DAGs
[2022-05-05 06:04:30,790] {logging_mixin.py:115} INFO - [2022-05-05 06:04:30,790] {dag.py:2919} INFO - Setting next_dagrun for example_python_operator to None, run_after=None
[2022-05-05 06:04:30,802] {processor.py:161} INFO - Processing /home/airflow/.local/lib/python3.7/site-packages/airflow/example_dags/example_python_operator.py took 0.074 seconds
[2022-05-05 06:05:01,459] {processor.py:153} INFO - Started process (PID=1369) to work on /home/airflow/.local/lib/python3.7/site-packages/airflow/example_dags/example_python_operator.py
[2022-05-05 06:05:01,459] {processor.py:641} INFO - Processing file /home/airflow/.local/lib/python3.7/site-packages/airflow/example_dags/example_python_operator.py for tasks to queue
[2022-05-05 06:05:01,460] {logging_mixin.py:115} INFO - [2022-05-05 06:05:01,460] {dagbag.py:507} INFO - Filling up the DagBag from /home/airflow/.local/lib/python3.7/site-packages/airflow/example_dags/example_python_operator.py
[2022-05-05 06:05:01,477] {processor.py:651} INFO - DAG(s) dict_keys(['example_python_operator']) retrieved from /home/airflow/.local/lib/python3.7/site-packages/airflow/example_dags/example_python_operator.py
[2022-05-05 06:05:01,500] {logging_mixin.py:115} INFO - [2022-05-05 06:05:01,500] {dag.py:2371} INFO - Sync 1 DAGs
[2022-05-05 06:05:01,521] {logging_mixin.py:115} INFO - [2022-05-05 06:05:01,521] {dag.py:2919} INFO - Setting next_dagrun for example_python_operator to None, run_after=None
[2022-05-05 06:05:01,536] {processor.py:161} INFO - Processing /home/airflow/.local/lib/python3.7/site-packages/airflow/example_dags/example_python_operator.py took 0.079 seconds
[2022-05-05 06:05:31,990] {processor.py:153} INFO - Started process (PID=1430) to work on /home/airflow/.local/lib/python3.7/site-packages/airflow/example_dags/example_python_operator.py
[2022-05-05 06:05:31,991] {processor.py:641} INFO - Processing file /home/airflow/.local/lib/python3.7/site-packages/airflow/example_dags/example_python_operator.py for tasks to queue
[2022-05-05 06:05:31,991] {logging_mixin.py:115} INFO - [2022-05-05 06:05:31,991] {dagbag.py:507} INFO - Filling up the DagBag from /home/airflow/.local/lib/python3.7/site-packages/airflow/example_dags/example_python_operator.py
[2022-05-05 06:05:32,008] {processor.py:651} INFO - DAG(s) dict_keys(['example_python_operator']) retrieved from /home/airflow/.local/lib/python3.7/site-packages/airflow/example_dags/example_python_operator.py
[2022-05-05 06:05:32,030] {logging_mixin.py:115} INFO - [2022-05-05 06:05:32,030] {dag.py:2371} INFO - Sync 1 DAGs
[2022-05-05 06:05:32,052] {logging_mixin.py:115} INFO - [2022-05-05 06:05:32,052] {dag.py:2919} INFO - Setting next_dagrun for example_python_operator to None, run_after=None
[2022-05-05 06:05:32,065] {processor.py:161} INFO - Processing /home/airflow/.local/lib/python3.7/site-packages/airflow/example_dags/example_python_operator.py took 0.077 seconds
[2022-05-05 06:06:02,634] {processor.py:153} INFO - Started process (PID=1493) to work on /home/airflow/.local/lib/python3.7/site-packages/airflow/example_dags/example_python_operator.py
[2022-05-05 06:06:02,635] {processor.py:641} INFO - Processing file /home/airflow/.local/lib/python3.7/site-packages/airflow/example_dags/example_python_operator.py for tasks to queue
[2022-05-05 06:06:02,635] {logging_mixin.py:115} INFO - [2022-05-05 06:06:02,635] {dagbag.py:507} INFO - Filling up the DagBag from /home/airflow/.local/lib/python3.7/site-packages/airflow/example_dags/example_python_operator.py
[2022-05-05 06:06:02,651] {processor.py:651} INFO - DAG(s) dict_keys(['example_python_operator']) retrieved from /home/airflow/.local/lib/python3.7/site-packages/airflow/example_dags/example_python_operator.py
[2022-05-05 06:06:02,674] {logging_mixin.py:115} INFO - [2022-05-05 06:06:02,674] {dag.py:2371} INFO - Sync 1 DAGs
[2022-05-05 06:06:02,695] {logging_mixin.py:115} INFO - [2022-05-05 06:06:02,695] {dag.py:2919} INFO - Setting next_dagrun for example_python_operator to None, run_after=None
[2022-05-05 06:06:02,709] {processor.py:161} INFO - Processing /home/airflow/.local/lib/python3.7/site-packages/airflow/example_dags/example_python_operator.py took 0.076 seconds
[2022-05-05 06:06:33,526] {processor.py:153} INFO - Started process (PID=1545) to work on /home/airflow/.local/lib/python3.7/site-packages/airflow/example_dags/example_python_operator.py
[2022-05-05 06:06:33,527] {processor.py:641} INFO - Processing file /home/airflow/.local/lib/python3.7/site-packages/airflow/example_dags/example_python_operator.py for tasks to queue
[2022-05-05 06:06:33,527] {logging_mixin.py:115} INFO - [2022-05-05 06:06:33,527] {dagbag.py:507} INFO - Filling up the DagBag from /home/airflow/.local/lib/python3.7/site-packages/airflow/example_dags/example_python_operator.py
[2022-05-05 06:06:33,543] {processor.py:651} INFO - DAG(s) dict_keys(['example_python_operator']) retrieved from /home/airflow/.local/lib/python3.7/site-packages/airflow/example_dags/example_python_operator.py
[2022-05-05 06:06:33,571] {logging_mixin.py:115} INFO - [2022-05-05 06:06:33,570] {dag.py:2371} INFO - Sync 1 DAGs
[2022-05-05 06:06:33,595] {logging_mixin.py:115} INFO - [2022-05-05 06:06:33,595] {dag.py:2919} INFO - Setting next_dagrun for example_python_operator to None, run_after=None
[2022-05-05 06:06:33,609] {processor.py:161} INFO - Processing /home/airflow/.local/lib/python3.7/site-packages/airflow/example_dags/example_python_operator.py took 0.085 seconds
[2022-05-05 06:07:04,464] {processor.py:153} INFO - Started process (PID=1608) to work on /home/airflow/.local/lib/python3.7/site-packages/airflow/example_dags/example_python_operator.py
[2022-05-05 06:07:04,464] {processor.py:641} INFO - Processing file /home/airflow/.local/lib/python3.7/site-packages/airflow/example_dags/example_python_operator.py for tasks to queue
[2022-05-05 06:07:04,465] {logging_mixin.py:115} INFO - [2022-05-05 06:07:04,465] {dagbag.py:507} INFO - Filling up the DagBag from /home/airflow/.local/lib/python3.7/site-packages/airflow/example_dags/example_python_operator.py
[2022-05-05 06:07:04,483] {processor.py:651} INFO - DAG(s) dict_keys(['example_python_operator']) retrieved from /home/airflow/.local/lib/python3.7/site-packages/airflow/example_dags/example_python_operator.py
[2022-05-05 06:07:04,507] {logging_mixin.py:115} INFO - [2022-05-05 06:07:04,507] {dag.py:2371} INFO - Sync 1 DAGs
[2022-05-05 06:07:04,529] {logging_mixin.py:115} INFO - [2022-05-05 06:07:04,529] {dag.py:2919} INFO - Setting next_dagrun for example_python_operator to None, run_after=None
[2022-05-05 06:07:04,544] {processor.py:161} INFO - Processing /home/airflow/.local/lib/python3.7/site-packages/airflow/example_dags/example_python_operator.py took 0.082 seconds
[2022-05-05 06:07:35,211] {processor.py:153} INFO - Started process (PID=1669) to work on /home/airflow/.local/lib/python3.7/site-packages/airflow/example_dags/example_python_operator.py
[2022-05-05 06:07:35,211] {processor.py:641} INFO - Processing file /home/airflow/.local/lib/python3.7/site-packages/airflow/example_dags/example_python_operator.py for tasks to queue
[2022-05-05 06:07:35,212] {logging_mixin.py:115} INFO - [2022-05-05 06:07:35,212] {dagbag.py:507} INFO - Filling up the DagBag from /home/airflow/.local/lib/python3.7/site-packages/airflow/example_dags/example_python_operator.py
[2022-05-05 06:07:35,231] {processor.py:651} INFO - DAG(s) dict_keys(['example_python_operator']) retrieved from /home/airflow/.local/lib/python3.7/site-packages/airflow/example_dags/example_python_operator.py
[2022-05-05 06:07:35,256] {logging_mixin.py:115} INFO - [2022-05-05 06:07:35,256] {dag.py:2371} INFO - Sync 1 DAGs
[2022-05-05 06:07:35,278] {logging_mixin.py:115} INFO - [2022-05-05 06:07:35,278] {dag.py:2919} INFO - Setting next_dagrun for example_python_operator to None, run_after=None
[2022-05-05 06:07:35,292] {processor.py:161} INFO - Processing /home/airflow/.local/lib/python3.7/site-packages/airflow/example_dags/example_python_operator.py took 0.084 seconds
[2022-05-05 06:08:05,894] {processor.py:153} INFO - Started process (PID=1722) to work on /home/airflow/.local/lib/python3.7/site-packages/airflow/example_dags/example_python_operator.py
[2022-05-05 06:08:05,894] {processor.py:641} INFO - Processing file /home/airflow/.local/lib/python3.7/site-packages/airflow/example_dags/example_python_operator.py for tasks to queue
[2022-05-05 06:08:05,895] {logging_mixin.py:115} INFO - [2022-05-05 06:08:05,895] {dagbag.py:507} INFO - Filling up the DagBag from /home/airflow/.local/lib/python3.7/site-packages/airflow/example_dags/example_python_operator.py
[2022-05-05 06:08:05,912] {processor.py:651} INFO - DAG(s) dict_keys(['example_python_operator']) retrieved from /home/airflow/.local/lib/python3.7/site-packages/airflow/example_dags/example_python_operator.py
[2022-05-05 06:08:05,935] {logging_mixin.py:115} INFO - [2022-05-05 06:08:05,935] {dag.py:2371} INFO - Sync 1 DAGs
[2022-05-05 06:08:05,955] {logging_mixin.py:115} INFO - [2022-05-05 06:08:05,955] {dag.py:2919} INFO - Setting next_dagrun for example_python_operator to None, run_after=None
[2022-05-05 06:08:05,969] {processor.py:161} INFO - Processing /home/airflow/.local/lib/python3.7/site-packages/airflow/example_dags/example_python_operator.py took 0.078 seconds
[2022-05-05 06:08:36,549] {processor.py:153} INFO - Started process (PID=1785) to work on /home/airflow/.local/lib/python3.7/site-packages/airflow/example_dags/example_python_operator.py
[2022-05-05 06:08:36,550] {processor.py:641} INFO - Processing file /home/airflow/.local/lib/python3.7/site-packages/airflow/example_dags/example_python_operator.py for tasks to queue
[2022-05-05 06:08:36,551] {logging_mixin.py:115} INFO - [2022-05-05 06:08:36,551] {dagbag.py:507} INFO - Filling up the DagBag from /home/airflow/.local/lib/python3.7/site-packages/airflow/example_dags/example_python_operator.py
[2022-05-05 06:08:36,567] {processor.py:651} INFO - DAG(s) dict_keys(['example_python_operator']) retrieved from /home/airflow/.local/lib/python3.7/site-packages/airflow/example_dags/example_python_operator.py
[2022-05-05 06:08:36,589] {logging_mixin.py:115} INFO - [2022-05-05 06:08:36,589] {dag.py:2371} INFO - Sync 1 DAGs
[2022-05-05 06:08:36,610] {logging_mixin.py:115} INFO - [2022-05-05 06:08:36,610] {dag.py:2919} INFO - Setting next_dagrun for example_python_operator to None, run_after=None
[2022-05-05 06:08:36,625] {processor.py:161} INFO - Processing /home/airflow/.local/lib/python3.7/site-packages/airflow/example_dags/example_python_operator.py took 0.078 seconds
[2022-05-05 06:09:07,859] {processor.py:153} INFO - Started process (PID=1848) to work on /home/airflow/.local/lib/python3.7/site-packages/airflow/example_dags/example_python_operator.py
[2022-05-05 06:09:07,860] {processor.py:641} INFO - Processing file /home/airflow/.local/lib/python3.7/site-packages/airflow/example_dags/example_python_operator.py for tasks to queue
[2022-05-05 06:09:07,860] {logging_mixin.py:115} INFO - [2022-05-05 06:09:07,860] {dagbag.py:507} INFO - Filling up the DagBag from /home/airflow/.local/lib/python3.7/site-packages/airflow/example_dags/example_python_operator.py
[2022-05-05 06:09:07,991] {processor.py:651} INFO - DAG(s) dict_keys(['example_python_operator']) retrieved from /home/airflow/.local/lib/python3.7/site-packages/airflow/example_dags/example_python_operator.py
[2022-05-05 06:09:08,079] {logging_mixin.py:115} INFO - [2022-05-05 06:09:08,079] {dag.py:2371} INFO - Sync 1 DAGs
[2022-05-05 06:09:08,105] {logging_mixin.py:115} INFO - [2022-05-05 06:09:08,105] {dag.py:2919} INFO - Setting next_dagrun for example_python_operator to None, run_after=None
[2022-05-05 06:09:08,118] {processor.py:161} INFO - Processing /home/airflow/.local/lib/python3.7/site-packages/airflow/example_dags/example_python_operator.py took 0.262 seconds
[2022-05-05 06:09:39,029] {processor.py:153} INFO - Started process (PID=1908) to work on /home/airflow/.local/lib/python3.7/site-packages/airflow/example_dags/example_python_operator.py
[2022-05-05 06:09:39,030] {processor.py:641} INFO - Processing file /home/airflow/.local/lib/python3.7/site-packages/airflow/example_dags/example_python_operator.py for tasks to queue
[2022-05-05 06:09:39,031] {logging_mixin.py:115} INFO - [2022-05-05 06:09:39,030] {dagbag.py:507} INFO - Filling up the DagBag from /home/airflow/.local/lib/python3.7/site-packages/airflow/example_dags/example_python_operator.py
[2022-05-05 06:09:39,177] {processor.py:651} INFO - DAG(s) dict_keys(['example_python_operator']) retrieved from /home/airflow/.local/lib/python3.7/site-packages/airflow/example_dags/example_python_operator.py
[2022-05-05 06:09:39,202] {logging_mixin.py:115} INFO - [2022-05-05 06:09:39,202] {dag.py:2371} INFO - Sync 1 DAGs
[2022-05-05 06:09:39,223] {logging_mixin.py:115} INFO - [2022-05-05 06:09:39,223] {dag.py:2919} INFO - Setting next_dagrun for example_python_operator to None, run_after=None
[2022-05-05 06:09:39,238] {processor.py:161} INFO - Processing /home/airflow/.local/lib/python3.7/site-packages/airflow/example_dags/example_python_operator.py took 0.212 seconds
[2022-05-05 06:10:09,690] {processor.py:153} INFO - Started process (PID=1962) to work on /home/airflow/.local/lib/python3.7/site-packages/airflow/example_dags/example_python_operator.py
[2022-05-05 06:10:09,690] {processor.py:641} INFO - Processing file /home/airflow/.local/lib/python3.7/site-packages/airflow/example_dags/example_python_operator.py for tasks to queue
[2022-05-05 06:10:09,691] {logging_mixin.py:115} INFO - [2022-05-05 06:10:09,691] {dagbag.py:507} INFO - Filling up the DagBag from /home/airflow/.local/lib/python3.7/site-packages/airflow/example_dags/example_python_operator.py
[2022-05-05 06:10:09,841] {processor.py:651} INFO - DAG(s) dict_keys(['example_python_operator']) retrieved from /home/airflow/.local/lib/python3.7/site-packages/airflow/example_dags/example_python_operator.py
[2022-05-05 06:10:09,863] {logging_mixin.py:115} INFO - [2022-05-05 06:10:09,863] {dag.py:2371} INFO - Sync 1 DAGs
[2022-05-05 06:10:09,886] {logging_mixin.py:115} INFO - [2022-05-05 06:10:09,886] {dag.py:2919} INFO - Setting next_dagrun for example_python_operator to None, run_after=None
[2022-05-05 06:10:09,901] {processor.py:161} INFO - Processing /home/airflow/.local/lib/python3.7/site-packages/airflow/example_dags/example_python_operator.py took 0.214 seconds
[2022-05-05 06:10:40,094] {processor.py:153} INFO - Started process (PID=2023) to work on /home/airflow/.local/lib/python3.7/site-packages/airflow/example_dags/example_python_operator.py
[2022-05-05 06:10:40,095] {processor.py:641} INFO - Processing file /home/airflow/.local/lib/python3.7/site-packages/airflow/example_dags/example_python_operator.py for tasks to queue
[2022-05-05 06:10:40,096] {logging_mixin.py:115} INFO - [2022-05-05 06:10:40,096] {dagbag.py:507} INFO - Filling up the DagBag from /home/airflow/.local/lib/python3.7/site-packages/airflow/example_dags/example_python_operator.py
[2022-05-05 06:10:40,213] {processor.py:651} INFO - DAG(s) dict_keys(['example_python_operator']) retrieved from /home/airflow/.local/lib/python3.7/site-packages/airflow/example_dags/example_python_operator.py
[2022-05-05 06:10:40,239] {logging_mixin.py:115} INFO - [2022-05-05 06:10:40,239] {dag.py:2371} INFO - Sync 1 DAGs
[2022-05-05 06:10:40,260] {logging_mixin.py:115} INFO - [2022-05-05 06:10:40,260] {dag.py:2919} INFO - Setting next_dagrun for example_python_operator to None, run_after=None
[2022-05-05 06:10:40,274] {processor.py:161} INFO - Processing /home/airflow/.local/lib/python3.7/site-packages/airflow/example_dags/example_python_operator.py took 0.182 seconds
[2022-05-05 06:11:10,803] {processor.py:153} INFO - Started process (PID=2077) to work on /home/airflow/.local/lib/python3.7/site-packages/airflow/example_dags/example_python_operator.py
[2022-05-05 06:11:10,805] {processor.py:641} INFO - Processing file /home/airflow/.local/lib/python3.7/site-packages/airflow/example_dags/example_python_operator.py for tasks to queue
[2022-05-05 06:11:10,806] {logging_mixin.py:115} INFO - [2022-05-05 06:11:10,806] {dagbag.py:507} INFO - Filling up the DagBag from /home/airflow/.local/lib/python3.7/site-packages/airflow/example_dags/example_python_operator.py
[2022-05-05 06:11:10,928] {processor.py:651} INFO - DAG(s) dict_keys(['example_python_operator']) retrieved from /home/airflow/.local/lib/python3.7/site-packages/airflow/example_dags/example_python_operator.py
[2022-05-05 06:11:10,948] {logging_mixin.py:115} INFO - [2022-05-05 06:11:10,948] {dag.py:2371} INFO - Sync 1 DAGs
[2022-05-05 06:11:10,972] {logging_mixin.py:115} INFO - [2022-05-05 06:11:10,972] {dag.py:2919} INFO - Setting next_dagrun for example_python_operator to None, run_after=None
[2022-05-05 06:11:10,985] {processor.py:161} INFO - Processing /home/airflow/.local/lib/python3.7/site-packages/airflow/example_dags/example_python_operator.py took 0.184 seconds
[2022-05-05 06:11:41,017] {processor.py:153} INFO - Started process (PID=2138) to work on /home/airflow/.local/lib/python3.7/site-packages/airflow/example_dags/example_python_operator.py
[2022-05-05 06:11:41,017] {processor.py:641} INFO - Processing file /home/airflow/.local/lib/python3.7/site-packages/airflow/example_dags/example_python_operator.py for tasks to queue
[2022-05-05 06:11:41,018] {logging_mixin.py:115} INFO - [2022-05-05 06:11:41,018] {dagbag.py:507} INFO - Filling up the DagBag from /home/airflow/.local/lib/python3.7/site-packages/airflow/example_dags/example_python_operator.py
[2022-05-05 06:11:41,136] {processor.py:651} INFO - DAG(s) dict_keys(['example_python_operator']) retrieved from /home/airflow/.local/lib/python3.7/site-packages/airflow/example_dags/example_python_operator.py
[2022-05-05 06:11:41,161] {logging_mixin.py:115} INFO - [2022-05-05 06:11:41,161] {dag.py:2371} INFO - Sync 1 DAGs
[2022-05-05 06:11:41,181] {logging_mixin.py:115} INFO - [2022-05-05 06:11:41,181] {dag.py:2919} INFO - Setting next_dagrun for example_python_operator to None, run_after=None
[2022-05-05 06:11:41,194] {processor.py:161} INFO - Processing /home/airflow/.local/lib/python3.7/site-packages/airflow/example_dags/example_python_operator.py took 0.179 seconds
[2022-05-05 06:12:11,305] {processor.py:153} INFO - Started process (PID=2199) to work on /home/airflow/.local/lib/python3.7/site-packages/airflow/example_dags/example_python_operator.py
[2022-05-05 06:12:11,305] {processor.py:641} INFO - Processing file /home/airflow/.local/lib/python3.7/site-packages/airflow/example_dags/example_python_operator.py for tasks to queue
[2022-05-05 06:12:11,306] {logging_mixin.py:115} INFO - [2022-05-05 06:12:11,305] {dagbag.py:507} INFO - Filling up the DagBag from /home/airflow/.local/lib/python3.7/site-packages/airflow/example_dags/example_python_operator.py
[2022-05-05 06:12:11,427] {processor.py:651} INFO - DAG(s) dict_keys(['example_python_operator']) retrieved from /home/airflow/.local/lib/python3.7/site-packages/airflow/example_dags/example_python_operator.py
[2022-05-05 06:12:11,447] {logging_mixin.py:115} INFO - [2022-05-05 06:12:11,447] {dag.py:2371} INFO - Sync 1 DAGs
[2022-05-05 06:12:11,469] {logging_mixin.py:115} INFO - [2022-05-05 06:12:11,469] {dag.py:2919} INFO - Setting next_dagrun for example_python_operator to None, run_after=None
[2022-05-05 06:12:11,483] {processor.py:161} INFO - Processing /home/airflow/.local/lib/python3.7/site-packages/airflow/example_dags/example_python_operator.py took 0.181 seconds
[2022-05-05 06:12:41,668] {processor.py:153} INFO - Started process (PID=2251) to work on /home/airflow/.local/lib/python3.7/site-packages/airflow/example_dags/example_python_operator.py
[2022-05-05 06:12:41,669] {processor.py:641} INFO - Processing file /home/airflow/.local/lib/python3.7/site-packages/airflow/example_dags/example_python_operator.py for tasks to queue
[2022-05-05 06:12:41,670] {logging_mixin.py:115} INFO - [2022-05-05 06:12:41,669] {dagbag.py:507} INFO - Filling up the DagBag from /home/airflow/.local/lib/python3.7/site-packages/airflow/example_dags/example_python_operator.py
[2022-05-05 06:12:41,799] {processor.py:651} INFO - DAG(s) dict_keys(['example_python_operator']) retrieved from /home/airflow/.local/lib/python3.7/site-packages/airflow/example_dags/example_python_operator.py
[2022-05-05 06:12:41,824] {logging_mixin.py:115} INFO - [2022-05-05 06:12:41,824] {dag.py:2371} INFO - Sync 1 DAGs
[2022-05-05 06:12:41,845] {logging_mixin.py:115} INFO - [2022-05-05 06:12:41,845] {dag.py:2919} INFO - Setting next_dagrun for example_python_operator to None, run_after=None
[2022-05-05 06:12:41,859] {processor.py:161} INFO - Processing /home/airflow/.local/lib/python3.7/site-packages/airflow/example_dags/example_python_operator.py took 0.194 seconds
[2022-05-05 06:13:12,082] {processor.py:153} INFO - Started process (PID=2313) to work on /home/airflow/.local/lib/python3.7/site-packages/airflow/example_dags/example_python_operator.py
[2022-05-05 06:13:12,082] {processor.py:641} INFO - Processing file /home/airflow/.local/lib/python3.7/site-packages/airflow/example_dags/example_python_operator.py for tasks to queue
[2022-05-05 06:13:12,083] {logging_mixin.py:115} INFO - [2022-05-05 06:13:12,083] {dagbag.py:507} INFO - Filling up the DagBag from /home/airflow/.local/lib/python3.7/site-packages/airflow/example_dags/example_python_operator.py
[2022-05-05 06:13:12,214] {processor.py:651} INFO - DAG(s) dict_keys(['example_python_operator']) retrieved from /home/airflow/.local/lib/python3.7/site-packages/airflow/example_dags/example_python_operator.py
[2022-05-05 06:13:12,243] {logging_mixin.py:115} INFO - [2022-05-05 06:13:12,243] {dag.py:2371} INFO - Sync 1 DAGs
[2022-05-05 06:13:12,263] {logging_mixin.py:115} INFO - [2022-05-05 06:13:12,263] {dag.py:2919} INFO - Setting next_dagrun for example_python_operator to None, run_after=None
[2022-05-05 06:13:12,276] {processor.py:161} INFO - Processing /home/airflow/.local/lib/python3.7/site-packages/airflow/example_dags/example_python_operator.py took 0.197 seconds
[2022-05-05 06:13:42,528] {processor.py:153} INFO - Started process (PID=2375) to work on /home/airflow/.local/lib/python3.7/site-packages/airflow/example_dags/example_python_operator.py
[2022-05-05 06:13:42,529] {processor.py:641} INFO - Processing file /home/airflow/.local/lib/python3.7/site-packages/airflow/example_dags/example_python_operator.py for tasks to queue
[2022-05-05 06:13:42,529] {logging_mixin.py:115} INFO - [2022-05-05 06:13:42,529] {dagbag.py:507} INFO - Filling up the DagBag from /home/airflow/.local/lib/python3.7/site-packages/airflow/example_dags/example_python_operator.py
[2022-05-05 06:13:42,679] {processor.py:651} INFO - DAG(s) dict_keys(['example_python_operator']) retrieved from /home/airflow/.local/lib/python3.7/site-packages/airflow/example_dags/example_python_operator.py
[2022-05-05 06:13:42,705] {logging_mixin.py:115} INFO - [2022-05-05 06:13:42,704] {dag.py:2371} INFO - Sync 1 DAGs
[2022-05-05 06:13:42,738] {logging_mixin.py:115} INFO - [2022-05-05 06:13:42,738] {dag.py:2919} INFO - Setting next_dagrun for example_python_operator to None, run_after=None
[2022-05-05 06:13:42,759] {processor.py:161} INFO - Processing /home/airflow/.local/lib/python3.7/site-packages/airflow/example_dags/example_python_operator.py took 0.234 seconds
[2022-05-05 06:14:12,826] {processor.py:153} INFO - Started process (PID=2428) to work on /home/airflow/.local/lib/python3.7/site-packages/airflow/example_dags/example_python_operator.py
[2022-05-05 06:14:12,827] {processor.py:641} INFO - Processing file /home/airflow/.local/lib/python3.7/site-packages/airflow/example_dags/example_python_operator.py for tasks to queue
[2022-05-05 06:14:12,827] {logging_mixin.py:115} INFO - [2022-05-05 06:14:12,827] {dagbag.py:507} INFO - Filling up the DagBag from /home/airflow/.local/lib/python3.7/site-packages/airflow/example_dags/example_python_operator.py
[2022-05-05 06:14:12,846] {processor.py:651} INFO - DAG(s) dict_keys(['example_python_operator']) retrieved from /home/airflow/.local/lib/python3.7/site-packages/airflow/example_dags/example_python_operator.py
[2022-05-05 06:14:12,872] {logging_mixin.py:115} INFO - [2022-05-05 06:14:12,872] {dag.py:2371} INFO - Sync 1 DAGs
[2022-05-05 06:14:12,896] {logging_mixin.py:115} INFO - [2022-05-05 06:14:12,896] {dag.py:2919} INFO - Setting next_dagrun for example_python_operator to None, run_after=None
[2022-05-05 06:14:12,911] {processor.py:161} INFO - Processing /home/airflow/.local/lib/python3.7/site-packages/airflow/example_dags/example_python_operator.py took 0.088 seconds
[2022-05-05 06:14:43,377] {processor.py:153} INFO - Started process (PID=2489) to work on /home/airflow/.local/lib/python3.7/site-packages/airflow/example_dags/example_python_operator.py
[2022-05-05 06:14:43,378] {processor.py:641} INFO - Processing file /home/airflow/.local/lib/python3.7/site-packages/airflow/example_dags/example_python_operator.py for tasks to queue
[2022-05-05 06:14:43,379] {logging_mixin.py:115} INFO - [2022-05-05 06:14:43,379] {dagbag.py:507} INFO - Filling up the DagBag from /home/airflow/.local/lib/python3.7/site-packages/airflow/example_dags/example_python_operator.py
[2022-05-05 06:14:43,397] {processor.py:651} INFO - DAG(s) dict_keys(['example_python_operator']) retrieved from /home/airflow/.local/lib/python3.7/site-packages/airflow/example_dags/example_python_operator.py
[2022-05-05 06:14:43,420] {logging_mixin.py:115} INFO - [2022-05-05 06:14:43,419] {dag.py:2371} INFO - Sync 1 DAGs
[2022-05-05 06:14:43,441] {logging_mixin.py:115} INFO - [2022-05-05 06:14:43,441] {dag.py:2919} INFO - Setting next_dagrun for example_python_operator to None, run_after=None
[2022-05-05 06:14:43,456] {processor.py:161} INFO - Processing /home/airflow/.local/lib/python3.7/site-packages/airflow/example_dags/example_python_operator.py took 0.081 seconds
[2022-05-05 06:15:14,131] {processor.py:153} INFO - Started process (PID=2542) to work on /home/airflow/.local/lib/python3.7/site-packages/airflow/example_dags/example_python_operator.py
[2022-05-05 06:15:14,131] {processor.py:641} INFO - Processing file /home/airflow/.local/lib/python3.7/site-packages/airflow/example_dags/example_python_operator.py for tasks to queue
[2022-05-05 06:15:14,132] {logging_mixin.py:115} INFO - [2022-05-05 06:15:14,132] {dagbag.py:507} INFO - Filling up the DagBag from /home/airflow/.local/lib/python3.7/site-packages/airflow/example_dags/example_python_operator.py
[2022-05-05 06:15:14,146] {processor.py:651} INFO - DAG(s) dict_keys(['example_python_operator']) retrieved from /home/airflow/.local/lib/python3.7/site-packages/airflow/example_dags/example_python_operator.py
[2022-05-05 06:15:14,171] {logging_mixin.py:115} INFO - [2022-05-05 06:15:14,171] {dag.py:2371} INFO - Sync 1 DAGs
[2022-05-05 06:15:14,193] {logging_mixin.py:115} INFO - [2022-05-05 06:15:14,192] {dag.py:2919} INFO - Setting next_dagrun for example_python_operator to None, run_after=None
[2022-05-05 06:15:14,208] {processor.py:161} INFO - Processing /home/airflow/.local/lib/python3.7/site-packages/airflow/example_dags/example_python_operator.py took 0.080 seconds
[2022-05-05 06:15:44,945] {processor.py:153} INFO - Started process (PID=2604) to work on /home/airflow/.local/lib/python3.7/site-packages/airflow/example_dags/example_python_operator.py
[2022-05-05 06:15:44,946] {processor.py:641} INFO - Processing file /home/airflow/.local/lib/python3.7/site-packages/airflow/example_dags/example_python_operator.py for tasks to queue
[2022-05-05 06:15:44,946] {logging_mixin.py:115} INFO - [2022-05-05 06:15:44,946] {dagbag.py:507} INFO - Filling up the DagBag from /home/airflow/.local/lib/python3.7/site-packages/airflow/example_dags/example_python_operator.py
[2022-05-05 06:15:44,963] {processor.py:651} INFO - DAG(s) dict_keys(['example_python_operator']) retrieved from /home/airflow/.local/lib/python3.7/site-packages/airflow/example_dags/example_python_operator.py
[2022-05-05 06:15:44,987] {logging_mixin.py:115} INFO - [2022-05-05 06:15:44,987] {dag.py:2371} INFO - Sync 1 DAGs
[2022-05-05 06:15:45,011] {logging_mixin.py:115} INFO - [2022-05-05 06:15:45,011] {dag.py:2919} INFO - Setting next_dagrun for example_python_operator to None, run_after=None
[2022-05-05 06:15:45,025] {processor.py:161} INFO - Processing /home/airflow/.local/lib/python3.7/site-packages/airflow/example_dags/example_python_operator.py took 0.082 seconds
[2022-05-05 06:16:15,631] {processor.py:153} INFO - Started process (PID=2667) to work on /home/airflow/.local/lib/python3.7/site-packages/airflow/example_dags/example_python_operator.py
[2022-05-05 06:16:15,632] {processor.py:641} INFO - Processing file /home/airflow/.local/lib/python3.7/site-packages/airflow/example_dags/example_python_operator.py for tasks to queue
[2022-05-05 06:16:15,633] {logging_mixin.py:115} INFO - [2022-05-05 06:16:15,633] {dagbag.py:507} INFO - Filling up the DagBag from /home/airflow/.local/lib/python3.7/site-packages/airflow/example_dags/example_python_operator.py
[2022-05-05 06:16:15,648] {processor.py:651} INFO - DAG(s) dict_keys(['example_python_operator']) retrieved from /home/airflow/.local/lib/python3.7/site-packages/airflow/example_dags/example_python_operator.py
[2022-05-05 06:16:15,671] {logging_mixin.py:115} INFO - [2022-05-05 06:16:15,671] {dag.py:2371} INFO - Sync 1 DAGs
[2022-05-05 06:16:15,692] {logging_mixin.py:115} INFO - [2022-05-05 06:16:15,692] {dag.py:2919} INFO - Setting next_dagrun for example_python_operator to None, run_after=None
[2022-05-05 06:16:15,707] {processor.py:161} INFO - Processing /home/airflow/.local/lib/python3.7/site-packages/airflow/example_dags/example_python_operator.py took 0.078 seconds
[2022-05-05 06:16:46,401] {processor.py:153} INFO - Started process (PID=2720) to work on /home/airflow/.local/lib/python3.7/site-packages/airflow/example_dags/example_python_operator.py
[2022-05-05 06:16:46,402] {processor.py:641} INFO - Processing file /home/airflow/.local/lib/python3.7/site-packages/airflow/example_dags/example_python_operator.py for tasks to queue
[2022-05-05 06:16:46,403] {logging_mixin.py:115} INFO - [2022-05-05 06:16:46,403] {dagbag.py:507} INFO - Filling up the DagBag from /home/airflow/.local/lib/python3.7/site-packages/airflow/example_dags/example_python_operator.py
[2022-05-05 06:16:46,419] {processor.py:651} INFO - DAG(s) dict_keys(['example_python_operator']) retrieved from /home/airflow/.local/lib/python3.7/site-packages/airflow/example_dags/example_python_operator.py
[2022-05-05 06:16:46,442] {logging_mixin.py:115} INFO - [2022-05-05 06:16:46,442] {dag.py:2371} INFO - Sync 1 DAGs
[2022-05-05 06:16:46,462] {logging_mixin.py:115} INFO - [2022-05-05 06:16:46,462] {dag.py:2919} INFO - Setting next_dagrun for example_python_operator to None, run_after=None
[2022-05-05 06:16:46,475] {processor.py:161} INFO - Processing /home/airflow/.local/lib/python3.7/site-packages/airflow/example_dags/example_python_operator.py took 0.076 seconds
[2022-05-05 06:17:17,082] {processor.py:153} INFO - Started process (PID=2783) to work on /home/airflow/.local/lib/python3.7/site-packages/airflow/example_dags/example_python_operator.py
[2022-05-05 06:17:17,083] {processor.py:641} INFO - Processing file /home/airflow/.local/lib/python3.7/site-packages/airflow/example_dags/example_python_operator.py for tasks to queue
[2022-05-05 06:17:17,083] {logging_mixin.py:115} INFO - [2022-05-05 06:17:17,083] {dagbag.py:507} INFO - Filling up the DagBag from /home/airflow/.local/lib/python3.7/site-packages/airflow/example_dags/example_python_operator.py
[2022-05-05 06:17:17,099] {processor.py:651} INFO - DAG(s) dict_keys(['example_python_operator']) retrieved from /home/airflow/.local/lib/python3.7/site-packages/airflow/example_dags/example_python_operator.py
[2022-05-05 06:17:17,124] {logging_mixin.py:115} INFO - [2022-05-05 06:17:17,123] {dag.py:2371} INFO - Sync 1 DAGs
[2022-05-05 06:17:17,146] {logging_mixin.py:115} INFO - [2022-05-05 06:17:17,146] {dag.py:2919} INFO - Setting next_dagrun for example_python_operator to None, run_after=None
[2022-05-05 06:17:17,163] {processor.py:161} INFO - Processing /home/airflow/.local/lib/python3.7/site-packages/airflow/example_dags/example_python_operator.py took 0.083 seconds
[2022-05-05 06:17:47,710] {processor.py:153} INFO - Started process (PID=2845) to work on /home/airflow/.local/lib/python3.7/site-packages/airflow/example_dags/example_python_operator.py
[2022-05-05 06:17:47,711] {processor.py:641} INFO - Processing file /home/airflow/.local/lib/python3.7/site-packages/airflow/example_dags/example_python_operator.py for tasks to queue
[2022-05-05 06:17:47,711] {logging_mixin.py:115} INFO - [2022-05-05 06:17:47,711] {dagbag.py:507} INFO - Filling up the DagBag from /home/airflow/.local/lib/python3.7/site-packages/airflow/example_dags/example_python_operator.py
[2022-05-05 06:17:47,728] {processor.py:651} INFO - DAG(s) dict_keys(['example_python_operator']) retrieved from /home/airflow/.local/lib/python3.7/site-packages/airflow/example_dags/example_python_operator.py
[2022-05-05 06:17:47,753] {logging_mixin.py:115} INFO - [2022-05-05 06:17:47,753] {dag.py:2371} INFO - Sync 1 DAGs
[2022-05-05 06:17:47,774] {logging_mixin.py:115} INFO - [2022-05-05 06:17:47,774] {dag.py:2919} INFO - Setting next_dagrun for example_python_operator to None, run_after=None
[2022-05-05 06:17:47,790] {processor.py:161} INFO - Processing /home/airflow/.local/lib/python3.7/site-packages/airflow/example_dags/example_python_operator.py took 0.083 seconds
[2022-05-05 06:18:18,517] {processor.py:153} INFO - Started process (PID=2897) to work on /home/airflow/.local/lib/python3.7/site-packages/airflow/example_dags/example_python_operator.py
[2022-05-05 06:18:18,517] {processor.py:641} INFO - Processing file /home/airflow/.local/lib/python3.7/site-packages/airflow/example_dags/example_python_operator.py for tasks to queue
[2022-05-05 06:18:18,518] {logging_mixin.py:115} INFO - [2022-05-05 06:18:18,517] {dagbag.py:507} INFO - Filling up the DagBag from /home/airflow/.local/lib/python3.7/site-packages/airflow/example_dags/example_python_operator.py
[2022-05-05 06:18:18,533] {processor.py:651} INFO - DAG(s) dict_keys(['example_python_operator']) retrieved from /home/airflow/.local/lib/python3.7/site-packages/airflow/example_dags/example_python_operator.py
[2022-05-05 06:18:18,556] {logging_mixin.py:115} INFO - [2022-05-05 06:18:18,556] {dag.py:2371} INFO - Sync 1 DAGs
[2022-05-05 06:18:18,579] {logging_mixin.py:115} INFO - [2022-05-05 06:18:18,578] {dag.py:2919} INFO - Setting next_dagrun for example_python_operator to None, run_after=None
[2022-05-05 06:18:18,593] {processor.py:161} INFO - Processing /home/airflow/.local/lib/python3.7/site-packages/airflow/example_dags/example_python_operator.py took 0.078 seconds
[2022-05-05 06:18:49,137] {processor.py:153} INFO - Started process (PID=2961) to work on /home/airflow/.local/lib/python3.7/site-packages/airflow/example_dags/example_python_operator.py
[2022-05-05 06:18:49,138] {processor.py:641} INFO - Processing file /home/airflow/.local/lib/python3.7/site-packages/airflow/example_dags/example_python_operator.py for tasks to queue
[2022-05-05 06:18:49,138] {logging_mixin.py:115} INFO - [2022-05-05 06:18:49,138] {dagbag.py:507} INFO - Filling up the DagBag from /home/airflow/.local/lib/python3.7/site-packages/airflow/example_dags/example_python_operator.py
[2022-05-05 06:18:49,153] {processor.py:651} INFO - DAG(s) dict_keys(['example_python_operator']) retrieved from /home/airflow/.local/lib/python3.7/site-packages/airflow/example_dags/example_python_operator.py
[2022-05-05 06:18:49,176] {logging_mixin.py:115} INFO - [2022-05-05 06:18:49,176] {dag.py:2371} INFO - Sync 1 DAGs
[2022-05-05 06:18:49,195] {logging_mixin.py:115} INFO - [2022-05-05 06:18:49,195] {dag.py:2919} INFO - Setting next_dagrun for example_python_operator to None, run_after=None
[2022-05-05 06:18:49,208] {processor.py:161} INFO - Processing /home/airflow/.local/lib/python3.7/site-packages/airflow/example_dags/example_python_operator.py took 0.073 seconds
[2022-05-05 06:19:19,905] {processor.py:153} INFO - Started process (PID=3023) to work on /home/airflow/.local/lib/python3.7/site-packages/airflow/example_dags/example_python_operator.py
[2022-05-05 06:19:19,905] {processor.py:641} INFO - Processing file /home/airflow/.local/lib/python3.7/site-packages/airflow/example_dags/example_python_operator.py for tasks to queue
[2022-05-05 06:19:19,906] {logging_mixin.py:115} INFO - [2022-05-05 06:19:19,906] {dagbag.py:507} INFO - Filling up the DagBag from /home/airflow/.local/lib/python3.7/site-packages/airflow/example_dags/example_python_operator.py
[2022-05-05 06:19:19,922] {processor.py:651} INFO - DAG(s) dict_keys(['example_python_operator']) retrieved from /home/airflow/.local/lib/python3.7/site-packages/airflow/example_dags/example_python_operator.py
[2022-05-05 06:19:19,945] {logging_mixin.py:115} INFO - [2022-05-05 06:19:19,945] {dag.py:2371} INFO - Sync 1 DAGs
[2022-05-05 06:19:19,966] {logging_mixin.py:115} INFO - [2022-05-05 06:19:19,966] {dag.py:2919} INFO - Setting next_dagrun for example_python_operator to None, run_after=None
[2022-05-05 06:19:19,981] {processor.py:161} INFO - Processing /home/airflow/.local/lib/python3.7/site-packages/airflow/example_dags/example_python_operator.py took 0.078 seconds
[2022-05-05 06:19:50,726] {processor.py:153} INFO - Started process (PID=3077) to work on /home/airflow/.local/lib/python3.7/site-packages/airflow/example_dags/example_python_operator.py
[2022-05-05 06:19:50,728] {processor.py:641} INFO - Processing file /home/airflow/.local/lib/python3.7/site-packages/airflow/example_dags/example_python_operator.py for tasks to queue
[2022-05-05 06:19:50,729] {logging_mixin.py:115} INFO - [2022-05-05 06:19:50,728] {dagbag.py:507} INFO - Filling up the DagBag from /home/airflow/.local/lib/python3.7/site-packages/airflow/example_dags/example_python_operator.py
[2022-05-05 06:19:50,745] {processor.py:651} INFO - DAG(s) dict_keys(['example_python_operator']) retrieved from /home/airflow/.local/lib/python3.7/site-packages/airflow/example_dags/example_python_operator.py
[2022-05-05 06:19:50,770] {logging_mixin.py:115} INFO - [2022-05-05 06:19:50,770] {dag.py:2371} INFO - Sync 1 DAGs
[2022-05-05 06:19:50,793] {logging_mixin.py:115} INFO - [2022-05-05 06:19:50,793] {dag.py:2919} INFO - Setting next_dagrun for example_python_operator to None, run_after=None
[2022-05-05 06:19:50,809] {processor.py:161} INFO - Processing /home/airflow/.local/lib/python3.7/site-packages/airflow/example_dags/example_python_operator.py took 0.084 seconds
[2022-05-05 06:20:21,769] {processor.py:153} INFO - Started process (PID=3141) to work on /home/airflow/.local/lib/python3.7/site-packages/airflow/example_dags/example_python_operator.py
[2022-05-05 06:20:21,770] {processor.py:641} INFO - Processing file /home/airflow/.local/lib/python3.7/site-packages/airflow/example_dags/example_python_operator.py for tasks to queue
[2022-05-05 06:20:21,771] {logging_mixin.py:115} INFO - [2022-05-05 06:20:21,771] {dagbag.py:507} INFO - Filling up the DagBag from /home/airflow/.local/lib/python3.7/site-packages/airflow/example_dags/example_python_operator.py
[2022-05-05 06:20:21,787] {processor.py:651} INFO - DAG(s) dict_keys(['example_python_operator']) retrieved from /home/airflow/.local/lib/python3.7/site-packages/airflow/example_dags/example_python_operator.py
[2022-05-05 06:20:21,810] {logging_mixin.py:115} INFO - [2022-05-05 06:20:21,810] {dag.py:2371} INFO - Sync 1 DAGs
[2022-05-05 06:20:21,829] {logging_mixin.py:115} INFO - [2022-05-05 06:20:21,829] {dag.py:2919} INFO - Setting next_dagrun for example_python_operator to None, run_after=None
[2022-05-05 06:20:21,842] {processor.py:161} INFO - Processing /home/airflow/.local/lib/python3.7/site-packages/airflow/example_dags/example_python_operator.py took 0.076 seconds
[2022-05-05 06:20:52,455] {processor.py:153} INFO - Started process (PID=3204) to work on /home/airflow/.local/lib/python3.7/site-packages/airflow/example_dags/example_python_operator.py
[2022-05-05 06:20:52,456] {processor.py:641} INFO - Processing file /home/airflow/.local/lib/python3.7/site-packages/airflow/example_dags/example_python_operator.py for tasks to queue
[2022-05-05 06:20:52,457] {logging_mixin.py:115} INFO - [2022-05-05 06:20:52,457] {dagbag.py:507} INFO - Filling up the DagBag from /home/airflow/.local/lib/python3.7/site-packages/airflow/example_dags/example_python_operator.py
[2022-05-05 06:20:52,482] {processor.py:651} INFO - DAG(s) dict_keys(['example_python_operator']) retrieved from /home/airflow/.local/lib/python3.7/site-packages/airflow/example_dags/example_python_operator.py
[2022-05-05 06:20:52,517] {logging_mixin.py:115} INFO - [2022-05-05 06:20:52,516] {dag.py:2371} INFO - Sync 1 DAGs
[2022-05-05 06:20:52,544] {logging_mixin.py:115} INFO - [2022-05-05 06:20:52,544] {dag.py:2919} INFO - Setting next_dagrun for example_python_operator to None, run_after=None
[2022-05-05 06:20:52,561] {processor.py:161} INFO - Processing /home/airflow/.local/lib/python3.7/site-packages/airflow/example_dags/example_python_operator.py took 0.109 seconds
[2022-05-05 06:21:23,213] {processor.py:153} INFO - Started process (PID=3257) to work on /home/airflow/.local/lib/python3.7/site-packages/airflow/example_dags/example_python_operator.py
[2022-05-05 06:21:23,213] {processor.py:641} INFO - Processing file /home/airflow/.local/lib/python3.7/site-packages/airflow/example_dags/example_python_operator.py for tasks to queue
[2022-05-05 06:21:23,214] {logging_mixin.py:115} INFO - [2022-05-05 06:21:23,214] {dagbag.py:507} INFO - Filling up the DagBag from /home/airflow/.local/lib/python3.7/site-packages/airflow/example_dags/example_python_operator.py
[2022-05-05 06:21:23,229] {processor.py:651} INFO - DAG(s) dict_keys(['example_python_operator']) retrieved from /home/airflow/.local/lib/python3.7/site-packages/airflow/example_dags/example_python_operator.py
[2022-05-05 06:21:23,254] {logging_mixin.py:115} INFO - [2022-05-05 06:21:23,254] {dag.py:2371} INFO - Sync 1 DAGs
[2022-05-05 06:21:23,274] {logging_mixin.py:115} INFO - [2022-05-05 06:21:23,274] {dag.py:2919} INFO - Setting next_dagrun for example_python_operator to None, run_after=None
[2022-05-05 06:21:23,287] {processor.py:161} INFO - Processing /home/airflow/.local/lib/python3.7/site-packages/airflow/example_dags/example_python_operator.py took 0.077 seconds
