[2022-05-05 05:41:34,131] {processor.py:153} INFO - Started process (PID=83) to work on /home/airflow/.local/lib/python3.7/site-packages/airflow/example_dags/example_trigger_target_dag.py
[2022-05-05 05:41:34,131] {processor.py:641} INFO - Processing file /home/airflow/.local/lib/python3.7/site-packages/airflow/example_dags/example_trigger_target_dag.py for tasks to queue
[2022-05-05 05:41:34,132] {logging_mixin.py:115} INFO - [2022-05-05 05:41:34,132] {dagbag.py:507} INFO - Filling up the DagBag from /home/airflow/.local/lib/python3.7/site-packages/airflow/example_dags/example_trigger_target_dag.py
[2022-05-05 05:41:34,152] {processor.py:651} INFO - DAG(s) dict_keys(['example_trigger_target_dag']) retrieved from /home/airflow/.local/lib/python3.7/site-packages/airflow/example_dags/example_trigger_target_dag.py
[2022-05-05 05:41:34,416] {logging_mixin.py:115} INFO - [2022-05-05 05:41:34,416] {manager.py:508} INFO - Created Permission View: can delete on DAG:example_trigger_target_dag
[2022-05-05 05:41:34,432] {logging_mixin.py:115} INFO - [2022-05-05 05:41:34,432] {manager.py:508} INFO - Created Permission View: can edit on DAG:example_trigger_target_dag
[2022-05-05 05:41:34,452] {logging_mixin.py:115} INFO - [2022-05-05 05:41:34,452] {manager.py:508} INFO - Created Permission View: can read on DAG:example_trigger_target_dag
[2022-05-05 05:41:34,452] {logging_mixin.py:115} INFO - [2022-05-05 05:41:34,452] {dag.py:2371} INFO - Sync 1 DAGs
[2022-05-05 05:41:34,466] {logging_mixin.py:115} INFO - [2022-05-05 05:41:34,466] {dag.py:2390} INFO - Creating ORM DAG for example_trigger_target_dag
[2022-05-05 05:41:34,492] {logging_mixin.py:115} INFO - [2022-05-05 05:41:34,492] {dag.py:2919} INFO - Setting next_dagrun for example_trigger_target_dag to None, run_after=None
[2022-05-05 05:41:34,525] {processor.py:161} INFO - Processing /home/airflow/.local/lib/python3.7/site-packages/airflow/example_dags/example_trigger_target_dag.py took 0.399 seconds
[2022-05-05 05:42:04,758] {processor.py:153} INFO - Started process (PID=144) to work on /home/airflow/.local/lib/python3.7/site-packages/airflow/example_dags/example_trigger_target_dag.py
[2022-05-05 05:42:04,759] {processor.py:641} INFO - Processing file /home/airflow/.local/lib/python3.7/site-packages/airflow/example_dags/example_trigger_target_dag.py for tasks to queue
[2022-05-05 05:42:04,760] {logging_mixin.py:115} INFO - [2022-05-05 05:42:04,760] {dagbag.py:507} INFO - Filling up the DagBag from /home/airflow/.local/lib/python3.7/site-packages/airflow/example_dags/example_trigger_target_dag.py
[2022-05-05 05:42:04,775] {processor.py:651} INFO - DAG(s) dict_keys(['example_trigger_target_dag']) retrieved from /home/airflow/.local/lib/python3.7/site-packages/airflow/example_dags/example_trigger_target_dag.py
[2022-05-05 05:42:04,801] {logging_mixin.py:115} INFO - [2022-05-05 05:42:04,801] {dag.py:2371} INFO - Sync 1 DAGs
[2022-05-05 05:42:04,931] {logging_mixin.py:115} INFO - [2022-05-05 05:42:04,931] {dag.py:2919} INFO - Setting next_dagrun for example_trigger_target_dag to None, run_after=None
[2022-05-05 05:42:04,944] {processor.py:161} INFO - Processing /home/airflow/.local/lib/python3.7/site-packages/airflow/example_dags/example_trigger_target_dag.py took 0.189 seconds
[2022-05-05 05:42:35,284] {processor.py:153} INFO - Started process (PID=206) to work on /home/airflow/.local/lib/python3.7/site-packages/airflow/example_dags/example_trigger_target_dag.py
[2022-05-05 05:42:35,284] {processor.py:641} INFO - Processing file /home/airflow/.local/lib/python3.7/site-packages/airflow/example_dags/example_trigger_target_dag.py for tasks to queue
[2022-05-05 05:42:35,284] {logging_mixin.py:115} INFO - [2022-05-05 05:42:35,284] {dagbag.py:507} INFO - Filling up the DagBag from /home/airflow/.local/lib/python3.7/site-packages/airflow/example_dags/example_trigger_target_dag.py
[2022-05-05 05:42:35,298] {processor.py:651} INFO - DAG(s) dict_keys(['example_trigger_target_dag']) retrieved from /home/airflow/.local/lib/python3.7/site-packages/airflow/example_dags/example_trigger_target_dag.py
[2022-05-05 05:42:35,326] {logging_mixin.py:115} INFO - [2022-05-05 05:42:35,326] {dag.py:2371} INFO - Sync 1 DAGs
[2022-05-05 05:42:35,462] {logging_mixin.py:115} INFO - [2022-05-05 05:42:35,461] {dag.py:2919} INFO - Setting next_dagrun for example_trigger_target_dag to None, run_after=None
[2022-05-05 05:42:35,481] {processor.py:161} INFO - Processing /home/airflow/.local/lib/python3.7/site-packages/airflow/example_dags/example_trigger_target_dag.py took 0.199 seconds
[2022-05-05 05:43:06,087] {processor.py:153} INFO - Started process (PID=259) to work on /home/airflow/.local/lib/python3.7/site-packages/airflow/example_dags/example_trigger_target_dag.py
[2022-05-05 05:43:06,088] {processor.py:641} INFO - Processing file /home/airflow/.local/lib/python3.7/site-packages/airflow/example_dags/example_trigger_target_dag.py for tasks to queue
[2022-05-05 05:43:06,088] {logging_mixin.py:115} INFO - [2022-05-05 05:43:06,088] {dagbag.py:507} INFO - Filling up the DagBag from /home/airflow/.local/lib/python3.7/site-packages/airflow/example_dags/example_trigger_target_dag.py
[2022-05-05 05:43:06,104] {processor.py:651} INFO - DAG(s) dict_keys(['example_trigger_target_dag']) retrieved from /home/airflow/.local/lib/python3.7/site-packages/airflow/example_dags/example_trigger_target_dag.py
[2022-05-05 05:43:06,130] {logging_mixin.py:115} INFO - [2022-05-05 05:43:06,129] {dag.py:2371} INFO - Sync 1 DAGs
[2022-05-05 05:43:06,259] {logging_mixin.py:115} INFO - [2022-05-05 05:43:06,259] {dag.py:2919} INFO - Setting next_dagrun for example_trigger_target_dag to None, run_after=None
[2022-05-05 05:43:06,274] {processor.py:161} INFO - Processing /home/airflow/.local/lib/python3.7/site-packages/airflow/example_dags/example_trigger_target_dag.py took 0.190 seconds
[2022-05-05 05:43:36,502] {processor.py:153} INFO - Started process (PID=321) to work on /home/airflow/.local/lib/python3.7/site-packages/airflow/example_dags/example_trigger_target_dag.py
[2022-05-05 05:43:36,503] {processor.py:641} INFO - Processing file /home/airflow/.local/lib/python3.7/site-packages/airflow/example_dags/example_trigger_target_dag.py for tasks to queue
[2022-05-05 05:43:36,504] {logging_mixin.py:115} INFO - [2022-05-05 05:43:36,504] {dagbag.py:507} INFO - Filling up the DagBag from /home/airflow/.local/lib/python3.7/site-packages/airflow/example_dags/example_trigger_target_dag.py
[2022-05-05 05:43:36,530] {processor.py:651} INFO - DAG(s) dict_keys(['example_trigger_target_dag']) retrieved from /home/airflow/.local/lib/python3.7/site-packages/airflow/example_dags/example_trigger_target_dag.py
[2022-05-05 05:43:36,563] {logging_mixin.py:115} INFO - [2022-05-05 05:43:36,563] {dag.py:2371} INFO - Sync 1 DAGs
[2022-05-05 05:43:36,717] {logging_mixin.py:115} INFO - [2022-05-05 05:43:36,717] {dag.py:2919} INFO - Setting next_dagrun for example_trigger_target_dag to None, run_after=None
[2022-05-05 05:43:36,734] {processor.py:161} INFO - Processing /home/airflow/.local/lib/python3.7/site-packages/airflow/example_dags/example_trigger_target_dag.py took 0.236 seconds
[2022-05-05 05:44:07,110] {processor.py:153} INFO - Started process (PID=373) to work on /home/airflow/.local/lib/python3.7/site-packages/airflow/example_dags/example_trigger_target_dag.py
[2022-05-05 05:44:07,110] {processor.py:641} INFO - Processing file /home/airflow/.local/lib/python3.7/site-packages/airflow/example_dags/example_trigger_target_dag.py for tasks to queue
[2022-05-05 05:44:07,110] {logging_mixin.py:115} INFO - [2022-05-05 05:44:07,110] {dagbag.py:507} INFO - Filling up the DagBag from /home/airflow/.local/lib/python3.7/site-packages/airflow/example_dags/example_trigger_target_dag.py
[2022-05-05 05:44:07,123] {processor.py:651} INFO - DAG(s) dict_keys(['example_trigger_target_dag']) retrieved from /home/airflow/.local/lib/python3.7/site-packages/airflow/example_dags/example_trigger_target_dag.py
[2022-05-05 05:44:07,147] {logging_mixin.py:115} INFO - [2022-05-05 05:44:07,147] {dag.py:2371} INFO - Sync 1 DAGs
[2022-05-05 05:44:07,266] {logging_mixin.py:115} INFO - [2022-05-05 05:44:07,266] {dag.py:2919} INFO - Setting next_dagrun for example_trigger_target_dag to None, run_after=None
[2022-05-05 05:44:07,280] {processor.py:161} INFO - Processing /home/airflow/.local/lib/python3.7/site-packages/airflow/example_dags/example_trigger_target_dag.py took 0.172 seconds
[2022-05-05 05:44:37,787] {processor.py:153} INFO - Started process (PID=437) to work on /home/airflow/.local/lib/python3.7/site-packages/airflow/example_dags/example_trigger_target_dag.py
[2022-05-05 05:44:37,787] {processor.py:641} INFO - Processing file /home/airflow/.local/lib/python3.7/site-packages/airflow/example_dags/example_trigger_target_dag.py for tasks to queue
[2022-05-05 05:44:37,788] {logging_mixin.py:115} INFO - [2022-05-05 05:44:37,788] {dagbag.py:507} INFO - Filling up the DagBag from /home/airflow/.local/lib/python3.7/site-packages/airflow/example_dags/example_trigger_target_dag.py
[2022-05-05 05:44:37,805] {processor.py:651} INFO - DAG(s) dict_keys(['example_trigger_target_dag']) retrieved from /home/airflow/.local/lib/python3.7/site-packages/airflow/example_dags/example_trigger_target_dag.py
[2022-05-05 05:44:37,836] {logging_mixin.py:115} INFO - [2022-05-05 05:44:37,836] {dag.py:2371} INFO - Sync 1 DAGs
[2022-05-05 05:44:37,970] {logging_mixin.py:115} INFO - [2022-05-05 05:44:37,969] {dag.py:2919} INFO - Setting next_dagrun for example_trigger_target_dag to None, run_after=None
[2022-05-05 05:44:37,982] {processor.py:161} INFO - Processing /home/airflow/.local/lib/python3.7/site-packages/airflow/example_dags/example_trigger_target_dag.py took 0.197 seconds
[2022-05-05 05:45:08,141] {processor.py:153} INFO - Started process (PID=498) to work on /home/airflow/.local/lib/python3.7/site-packages/airflow/example_dags/example_trigger_target_dag.py
[2022-05-05 05:45:08,141] {processor.py:641} INFO - Processing file /home/airflow/.local/lib/python3.7/site-packages/airflow/example_dags/example_trigger_target_dag.py for tasks to queue
[2022-05-05 05:45:08,142] {logging_mixin.py:115} INFO - [2022-05-05 05:45:08,142] {dagbag.py:507} INFO - Filling up the DagBag from /home/airflow/.local/lib/python3.7/site-packages/airflow/example_dags/example_trigger_target_dag.py
[2022-05-05 05:45:08,159] {processor.py:651} INFO - DAG(s) dict_keys(['example_trigger_target_dag']) retrieved from /home/airflow/.local/lib/python3.7/site-packages/airflow/example_dags/example_trigger_target_dag.py
[2022-05-05 05:45:08,274] {logging_mixin.py:115} INFO - [2022-05-05 05:45:08,273] {dag.py:2371} INFO - Sync 1 DAGs
[2022-05-05 05:45:08,402] {logging_mixin.py:115} INFO - [2022-05-05 05:45:08,402] {dag.py:2919} INFO - Setting next_dagrun for example_trigger_target_dag to None, run_after=None
[2022-05-05 05:45:08,414] {processor.py:161} INFO - Processing /home/airflow/.local/lib/python3.7/site-packages/airflow/example_dags/example_trigger_target_dag.py took 0.277 seconds
[2022-05-05 05:45:38,582] {processor.py:153} INFO - Started process (PID=552) to work on /home/airflow/.local/lib/python3.7/site-packages/airflow/example_dags/example_trigger_target_dag.py
[2022-05-05 05:45:38,582] {processor.py:641} INFO - Processing file /home/airflow/.local/lib/python3.7/site-packages/airflow/example_dags/example_trigger_target_dag.py for tasks to queue
[2022-05-05 05:45:38,583] {logging_mixin.py:115} INFO - [2022-05-05 05:45:38,583] {dagbag.py:507} INFO - Filling up the DagBag from /home/airflow/.local/lib/python3.7/site-packages/airflow/example_dags/example_trigger_target_dag.py
[2022-05-05 05:45:38,597] {processor.py:651} INFO - DAG(s) dict_keys(['example_trigger_target_dag']) retrieved from /home/airflow/.local/lib/python3.7/site-packages/airflow/example_dags/example_trigger_target_dag.py
[2022-05-05 05:45:38,626] {logging_mixin.py:115} INFO - [2022-05-05 05:45:38,625] {dag.py:2371} INFO - Sync 1 DAGs
[2022-05-05 05:45:38,746] {logging_mixin.py:115} INFO - [2022-05-05 05:45:38,746] {dag.py:2919} INFO - Setting next_dagrun for example_trigger_target_dag to None, run_after=None
[2022-05-05 05:45:38,760] {processor.py:161} INFO - Processing /home/airflow/.local/lib/python3.7/site-packages/airflow/example_dags/example_trigger_target_dag.py took 0.181 seconds
[2022-05-05 05:46:09,125] {processor.py:153} INFO - Started process (PID=614) to work on /home/airflow/.local/lib/python3.7/site-packages/airflow/example_dags/example_trigger_target_dag.py
[2022-05-05 05:46:09,126] {processor.py:641} INFO - Processing file /home/airflow/.local/lib/python3.7/site-packages/airflow/example_dags/example_trigger_target_dag.py for tasks to queue
[2022-05-05 05:46:09,127] {logging_mixin.py:115} INFO - [2022-05-05 05:46:09,126] {dagbag.py:507} INFO - Filling up the DagBag from /home/airflow/.local/lib/python3.7/site-packages/airflow/example_dags/example_trigger_target_dag.py
[2022-05-05 05:46:09,145] {processor.py:651} INFO - DAG(s) dict_keys(['example_trigger_target_dag']) retrieved from /home/airflow/.local/lib/python3.7/site-packages/airflow/example_dags/example_trigger_target_dag.py
[2022-05-05 05:46:09,180] {logging_mixin.py:115} INFO - [2022-05-05 05:46:09,180] {dag.py:2371} INFO - Sync 1 DAGs
[2022-05-05 05:46:09,304] {logging_mixin.py:115} INFO - [2022-05-05 05:46:09,304] {dag.py:2919} INFO - Setting next_dagrun for example_trigger_target_dag to None, run_after=None
[2022-05-05 05:46:09,317] {processor.py:161} INFO - Processing /home/airflow/.local/lib/python3.7/site-packages/airflow/example_dags/example_trigger_target_dag.py took 0.195 seconds
[2022-05-05 05:46:39,874] {processor.py:153} INFO - Started process (PID=677) to work on /home/airflow/.local/lib/python3.7/site-packages/airflow/example_dags/example_trigger_target_dag.py
[2022-05-05 05:46:39,875] {processor.py:641} INFO - Processing file /home/airflow/.local/lib/python3.7/site-packages/airflow/example_dags/example_trigger_target_dag.py for tasks to queue
[2022-05-05 05:46:39,875] {logging_mixin.py:115} INFO - [2022-05-05 05:46:39,875] {dagbag.py:507} INFO - Filling up the DagBag from /home/airflow/.local/lib/python3.7/site-packages/airflow/example_dags/example_trigger_target_dag.py
[2022-05-05 05:46:39,890] {processor.py:651} INFO - DAG(s) dict_keys(['example_trigger_target_dag']) retrieved from /home/airflow/.local/lib/python3.7/site-packages/airflow/example_dags/example_trigger_target_dag.py
[2022-05-05 05:46:40,003] {logging_mixin.py:115} INFO - [2022-05-05 05:46:40,003] {dag.py:2371} INFO - Sync 1 DAGs
[2022-05-05 05:46:40,021] {logging_mixin.py:115} INFO - [2022-05-05 05:46:40,021] {dag.py:2919} INFO - Setting next_dagrun for example_trigger_target_dag to None, run_after=None
[2022-05-05 05:46:40,034] {processor.py:161} INFO - Processing /home/airflow/.local/lib/python3.7/site-packages/airflow/example_dags/example_trigger_target_dag.py took 0.163 seconds
[2022-05-05 05:47:10,419] {processor.py:153} INFO - Started process (PID=730) to work on /home/airflow/.local/lib/python3.7/site-packages/airflow/example_dags/example_trigger_target_dag.py
[2022-05-05 05:47:10,420] {processor.py:641} INFO - Processing file /home/airflow/.local/lib/python3.7/site-packages/airflow/example_dags/example_trigger_target_dag.py for tasks to queue
[2022-05-05 05:47:10,420] {logging_mixin.py:115} INFO - [2022-05-05 05:47:10,420] {dagbag.py:507} INFO - Filling up the DagBag from /home/airflow/.local/lib/python3.7/site-packages/airflow/example_dags/example_trigger_target_dag.py
[2022-05-05 05:47:10,435] {processor.py:651} INFO - DAG(s) dict_keys(['example_trigger_target_dag']) retrieved from /home/airflow/.local/lib/python3.7/site-packages/airflow/example_dags/example_trigger_target_dag.py
[2022-05-05 05:47:10,559] {logging_mixin.py:115} INFO - [2022-05-05 05:47:10,559] {dag.py:2371} INFO - Sync 1 DAGs
[2022-05-05 05:47:10,580] {logging_mixin.py:115} INFO - [2022-05-05 05:47:10,580] {dag.py:2919} INFO - Setting next_dagrun for example_trigger_target_dag to None, run_after=None
[2022-05-05 05:47:10,594] {processor.py:161} INFO - Processing /home/airflow/.local/lib/python3.7/site-packages/airflow/example_dags/example_trigger_target_dag.py took 0.178 seconds
[2022-05-05 05:47:41,140] {processor.py:153} INFO - Started process (PID=793) to work on /home/airflow/.local/lib/python3.7/site-packages/airflow/example_dags/example_trigger_target_dag.py
[2022-05-05 05:47:41,141] {processor.py:641} INFO - Processing file /home/airflow/.local/lib/python3.7/site-packages/airflow/example_dags/example_trigger_target_dag.py for tasks to queue
[2022-05-05 05:47:41,142] {logging_mixin.py:115} INFO - [2022-05-05 05:47:41,141] {dagbag.py:507} INFO - Filling up the DagBag from /home/airflow/.local/lib/python3.7/site-packages/airflow/example_dags/example_trigger_target_dag.py
[2022-05-05 05:47:41,160] {processor.py:651} INFO - DAG(s) dict_keys(['example_trigger_target_dag']) retrieved from /home/airflow/.local/lib/python3.7/site-packages/airflow/example_dags/example_trigger_target_dag.py
[2022-05-05 05:47:41,280] {logging_mixin.py:115} INFO - [2022-05-05 05:47:41,280] {dag.py:2371} INFO - Sync 1 DAGs
[2022-05-05 05:47:41,300] {logging_mixin.py:115} INFO - [2022-05-05 05:47:41,300] {dag.py:2919} INFO - Setting next_dagrun for example_trigger_target_dag to None, run_after=None
[2022-05-05 05:47:41,313] {processor.py:161} INFO - Processing /home/airflow/.local/lib/python3.7/site-packages/airflow/example_dags/example_trigger_target_dag.py took 0.175 seconds
[2022-05-05 05:48:12,032] {processor.py:153} INFO - Started process (PID=854) to work on /home/airflow/.local/lib/python3.7/site-packages/airflow/example_dags/example_trigger_target_dag.py
[2022-05-05 05:48:12,033] {processor.py:641} INFO - Processing file /home/airflow/.local/lib/python3.7/site-packages/airflow/example_dags/example_trigger_target_dag.py for tasks to queue
[2022-05-05 05:48:12,033] {logging_mixin.py:115} INFO - [2022-05-05 05:48:12,033] {dagbag.py:507} INFO - Filling up the DagBag from /home/airflow/.local/lib/python3.7/site-packages/airflow/example_dags/example_trigger_target_dag.py
[2022-05-05 05:48:12,050] {processor.py:651} INFO - DAG(s) dict_keys(['example_trigger_target_dag']) retrieved from /home/airflow/.local/lib/python3.7/site-packages/airflow/example_dags/example_trigger_target_dag.py
[2022-05-05 05:48:12,173] {logging_mixin.py:115} INFO - [2022-05-05 05:48:12,173] {dag.py:2371} INFO - Sync 1 DAGs
[2022-05-05 05:48:12,194] {logging_mixin.py:115} INFO - [2022-05-05 05:48:12,194] {dag.py:2919} INFO - Setting next_dagrun for example_trigger_target_dag to None, run_after=None
[2022-05-05 05:48:12,208] {processor.py:161} INFO - Processing /home/airflow/.local/lib/python3.7/site-packages/airflow/example_dags/example_trigger_target_dag.py took 0.179 seconds
[2022-05-05 05:48:42,676] {processor.py:153} INFO - Started process (PID=906) to work on /home/airflow/.local/lib/python3.7/site-packages/airflow/example_dags/example_trigger_target_dag.py
[2022-05-05 05:48:42,676] {processor.py:641} INFO - Processing file /home/airflow/.local/lib/python3.7/site-packages/airflow/example_dags/example_trigger_target_dag.py for tasks to queue
[2022-05-05 05:48:42,677] {logging_mixin.py:115} INFO - [2022-05-05 05:48:42,677] {dagbag.py:507} INFO - Filling up the DagBag from /home/airflow/.local/lib/python3.7/site-packages/airflow/example_dags/example_trigger_target_dag.py
[2022-05-05 05:48:42,693] {processor.py:651} INFO - DAG(s) dict_keys(['example_trigger_target_dag']) retrieved from /home/airflow/.local/lib/python3.7/site-packages/airflow/example_dags/example_trigger_target_dag.py
[2022-05-05 05:48:42,821] {logging_mixin.py:115} INFO - [2022-05-05 05:48:42,821] {dag.py:2371} INFO - Sync 1 DAGs
[2022-05-05 05:48:42,841] {logging_mixin.py:115} INFO - [2022-05-05 05:48:42,841] {dag.py:2919} INFO - Setting next_dagrun for example_trigger_target_dag to None, run_after=None
[2022-05-05 05:48:42,854] {processor.py:161} INFO - Processing /home/airflow/.local/lib/python3.7/site-packages/airflow/example_dags/example_trigger_target_dag.py took 0.180 seconds
[2022-05-05 05:49:13,107] {processor.py:153} INFO - Started process (PID=970) to work on /home/airflow/.local/lib/python3.7/site-packages/airflow/example_dags/example_trigger_target_dag.py
[2022-05-05 05:49:13,108] {processor.py:641} INFO - Processing file /home/airflow/.local/lib/python3.7/site-packages/airflow/example_dags/example_trigger_target_dag.py for tasks to queue
[2022-05-05 05:49:13,109] {logging_mixin.py:115} INFO - [2022-05-05 05:49:13,109] {dagbag.py:507} INFO - Filling up the DagBag from /home/airflow/.local/lib/python3.7/site-packages/airflow/example_dags/example_trigger_target_dag.py
[2022-05-05 05:49:13,127] {processor.py:651} INFO - DAG(s) dict_keys(['example_trigger_target_dag']) retrieved from /home/airflow/.local/lib/python3.7/site-packages/airflow/example_dags/example_trigger_target_dag.py
[2022-05-05 05:49:13,250] {logging_mixin.py:115} INFO - [2022-05-05 05:49:13,250] {dag.py:2371} INFO - Sync 1 DAGs
[2022-05-05 05:49:13,271] {logging_mixin.py:115} INFO - [2022-05-05 05:49:13,270] {dag.py:2919} INFO - Setting next_dagrun for example_trigger_target_dag to None, run_after=None
[2022-05-05 05:49:13,284] {processor.py:161} INFO - Processing /home/airflow/.local/lib/python3.7/site-packages/airflow/example_dags/example_trigger_target_dag.py took 0.180 seconds
[2022-05-05 05:49:43,886] {processor.py:153} INFO - Started process (PID=1033) to work on /home/airflow/.local/lib/python3.7/site-packages/airflow/example_dags/example_trigger_target_dag.py
[2022-05-05 05:49:43,887] {processor.py:641} INFO - Processing file /home/airflow/.local/lib/python3.7/site-packages/airflow/example_dags/example_trigger_target_dag.py for tasks to queue
[2022-05-05 05:49:43,887] {logging_mixin.py:115} INFO - [2022-05-05 05:49:43,887] {dagbag.py:507} INFO - Filling up the DagBag from /home/airflow/.local/lib/python3.7/site-packages/airflow/example_dags/example_trigger_target_dag.py
[2022-05-05 05:49:43,907] {processor.py:651} INFO - DAG(s) dict_keys(['example_trigger_target_dag']) retrieved from /home/airflow/.local/lib/python3.7/site-packages/airflow/example_dags/example_trigger_target_dag.py
[2022-05-05 05:49:44,067] {logging_mixin.py:115} INFO - [2022-05-05 05:49:44,067] {dag.py:2371} INFO - Sync 1 DAGs
[2022-05-05 05:49:44,086] {logging_mixin.py:115} INFO - [2022-05-05 05:49:44,086] {dag.py:2919} INFO - Setting next_dagrun for example_trigger_target_dag to None, run_after=None
[2022-05-05 05:49:44,099] {processor.py:161} INFO - Processing /home/airflow/.local/lib/python3.7/site-packages/airflow/example_dags/example_trigger_target_dag.py took 0.216 seconds
[2022-05-05 05:50:14,198] {processor.py:153} INFO - Started process (PID=1086) to work on /home/airflow/.local/lib/python3.7/site-packages/airflow/example_dags/example_trigger_target_dag.py
[2022-05-05 05:50:14,200] {processor.py:641} INFO - Processing file /home/airflow/.local/lib/python3.7/site-packages/airflow/example_dags/example_trigger_target_dag.py for tasks to queue
[2022-05-05 05:50:14,201] {logging_mixin.py:115} INFO - [2022-05-05 05:50:14,200] {dagbag.py:507} INFO - Filling up the DagBag from /home/airflow/.local/lib/python3.7/site-packages/airflow/example_dags/example_trigger_target_dag.py
[2022-05-05 05:50:14,225] {processor.py:651} INFO - DAG(s) dict_keys(['example_trigger_target_dag']) retrieved from /home/airflow/.local/lib/python3.7/site-packages/airflow/example_dags/example_trigger_target_dag.py
[2022-05-05 05:50:14,353] {logging_mixin.py:115} INFO - [2022-05-05 05:50:14,353] {dag.py:2371} INFO - Sync 1 DAGs
[2022-05-05 05:50:14,382] {logging_mixin.py:115} INFO - [2022-05-05 05:50:14,382] {dag.py:2919} INFO - Setting next_dagrun for example_trigger_target_dag to None, run_after=None
[2022-05-05 05:50:14,396] {processor.py:161} INFO - Processing /home/airflow/.local/lib/python3.7/site-packages/airflow/example_dags/example_trigger_target_dag.py took 0.200 seconds
[2022-05-05 05:50:44,469] {processor.py:153} INFO - Started process (PID=1149) to work on /home/airflow/.local/lib/python3.7/site-packages/airflow/example_dags/example_trigger_target_dag.py
[2022-05-05 05:50:44,470] {processor.py:641} INFO - Processing file /home/airflow/.local/lib/python3.7/site-packages/airflow/example_dags/example_trigger_target_dag.py for tasks to queue
[2022-05-05 05:50:44,470] {logging_mixin.py:115} INFO - [2022-05-05 05:50:44,470] {dagbag.py:507} INFO - Filling up the DagBag from /home/airflow/.local/lib/python3.7/site-packages/airflow/example_dags/example_trigger_target_dag.py
[2022-05-05 05:50:44,487] {processor.py:651} INFO - DAG(s) dict_keys(['example_trigger_target_dag']) retrieved from /home/airflow/.local/lib/python3.7/site-packages/airflow/example_dags/example_trigger_target_dag.py
[2022-05-05 05:50:44,612] {logging_mixin.py:115} INFO - [2022-05-05 05:50:44,611] {dag.py:2371} INFO - Sync 1 DAGs
[2022-05-05 05:50:44,631] {logging_mixin.py:115} INFO - [2022-05-05 05:50:44,631] {dag.py:2919} INFO - Setting next_dagrun for example_trigger_target_dag to None, run_after=None
[2022-05-05 05:50:44,644] {processor.py:161} INFO - Processing /home/airflow/.local/lib/python3.7/site-packages/airflow/example_dags/example_trigger_target_dag.py took 0.177 seconds
[2022-05-05 05:52:23,798] {processor.py:153} INFO - Started process (PID=84) to work on /home/airflow/.local/lib/python3.7/site-packages/airflow/example_dags/example_trigger_target_dag.py
[2022-05-05 05:52:23,800] {processor.py:641} INFO - Processing file /home/airflow/.local/lib/python3.7/site-packages/airflow/example_dags/example_trigger_target_dag.py for tasks to queue
[2022-05-05 05:52:23,800] {logging_mixin.py:115} INFO - [2022-05-05 05:52:23,800] {dagbag.py:507} INFO - Filling up the DagBag from /home/airflow/.local/lib/python3.7/site-packages/airflow/example_dags/example_trigger_target_dag.py
[2022-05-05 05:52:23,819] {processor.py:651} INFO - DAG(s) dict_keys(['example_trigger_target_dag']) retrieved from /home/airflow/.local/lib/python3.7/site-packages/airflow/example_dags/example_trigger_target_dag.py
[2022-05-05 05:52:23,854] {logging_mixin.py:115} INFO - [2022-05-05 05:52:23,854] {dag.py:2371} INFO - Sync 1 DAGs
[2022-05-05 05:52:24,000] {logging_mixin.py:115} INFO - [2022-05-05 05:52:24,000] {dag.py:2919} INFO - Setting next_dagrun for example_trigger_target_dag to None, run_after=None
[2022-05-05 05:52:24,018] {processor.py:161} INFO - Processing /home/airflow/.local/lib/python3.7/site-packages/airflow/example_dags/example_trigger_target_dag.py took 0.223 seconds
[2022-05-05 05:52:54,155] {processor.py:153} INFO - Started process (PID=147) to work on /home/airflow/.local/lib/python3.7/site-packages/airflow/example_dags/example_trigger_target_dag.py
[2022-05-05 05:52:54,156] {processor.py:641} INFO - Processing file /home/airflow/.local/lib/python3.7/site-packages/airflow/example_dags/example_trigger_target_dag.py for tasks to queue
[2022-05-05 05:52:54,156] {logging_mixin.py:115} INFO - [2022-05-05 05:52:54,156] {dagbag.py:507} INFO - Filling up the DagBag from /home/airflow/.local/lib/python3.7/site-packages/airflow/example_dags/example_trigger_target_dag.py
[2022-05-05 05:52:54,169] {processor.py:651} INFO - DAG(s) dict_keys(['example_trigger_target_dag']) retrieved from /home/airflow/.local/lib/python3.7/site-packages/airflow/example_dags/example_trigger_target_dag.py
[2022-05-05 05:52:54,197] {logging_mixin.py:115} INFO - [2022-05-05 05:52:54,197] {dag.py:2371} INFO - Sync 1 DAGs
[2022-05-05 05:52:54,326] {logging_mixin.py:115} INFO - [2022-05-05 05:52:54,326] {dag.py:2919} INFO - Setting next_dagrun for example_trigger_target_dag to None, run_after=None
[2022-05-05 05:52:54,342] {processor.py:161} INFO - Processing /home/airflow/.local/lib/python3.7/site-packages/airflow/example_dags/example_trigger_target_dag.py took 0.189 seconds
[2022-05-05 05:53:52,041] {processor.py:153} INFO - Started process (PID=84) to work on /home/airflow/.local/lib/python3.7/site-packages/airflow/example_dags/example_trigger_target_dag.py
[2022-05-05 05:53:52,042] {processor.py:641} INFO - Processing file /home/airflow/.local/lib/python3.7/site-packages/airflow/example_dags/example_trigger_target_dag.py for tasks to queue
[2022-05-05 05:53:52,043] {logging_mixin.py:115} INFO - [2022-05-05 05:53:52,043] {dagbag.py:507} INFO - Filling up the DagBag from /home/airflow/.local/lib/python3.7/site-packages/airflow/example_dags/example_trigger_target_dag.py
[2022-05-05 05:53:52,063] {processor.py:651} INFO - DAG(s) dict_keys(['example_trigger_target_dag']) retrieved from /home/airflow/.local/lib/python3.7/site-packages/airflow/example_dags/example_trigger_target_dag.py
[2022-05-05 05:53:52,102] {logging_mixin.py:115} INFO - [2022-05-05 05:53:52,102] {dag.py:2371} INFO - Sync 1 DAGs
[2022-05-05 05:53:52,274] {logging_mixin.py:115} INFO - [2022-05-05 05:53:52,274] {dag.py:2919} INFO - Setting next_dagrun for example_trigger_target_dag to None, run_after=None
[2022-05-05 05:53:52,291] {processor.py:161} INFO - Processing /home/airflow/.local/lib/python3.7/site-packages/airflow/example_dags/example_trigger_target_dag.py took 0.254 seconds
[2022-05-05 05:54:22,325] {processor.py:153} INFO - Started process (PID=147) to work on /home/airflow/.local/lib/python3.7/site-packages/airflow/example_dags/example_trigger_target_dag.py
[2022-05-05 05:54:22,326] {processor.py:641} INFO - Processing file /home/airflow/.local/lib/python3.7/site-packages/airflow/example_dags/example_trigger_target_dag.py for tasks to queue
[2022-05-05 05:54:22,326] {logging_mixin.py:115} INFO - [2022-05-05 05:54:22,326] {dagbag.py:507} INFO - Filling up the DagBag from /home/airflow/.local/lib/python3.7/site-packages/airflow/example_dags/example_trigger_target_dag.py
[2022-05-05 05:54:22,340] {processor.py:651} INFO - DAG(s) dict_keys(['example_trigger_target_dag']) retrieved from /home/airflow/.local/lib/python3.7/site-packages/airflow/example_dags/example_trigger_target_dag.py
[2022-05-05 05:54:22,370] {logging_mixin.py:115} INFO - [2022-05-05 05:54:22,370] {dag.py:2371} INFO - Sync 1 DAGs
[2022-05-05 05:54:22,509] {logging_mixin.py:115} INFO - [2022-05-05 05:54:22,509] {dag.py:2919} INFO - Setting next_dagrun for example_trigger_target_dag to None, run_after=None
[2022-05-05 05:54:22,523] {processor.py:161} INFO - Processing /home/airflow/.local/lib/python3.7/site-packages/airflow/example_dags/example_trigger_target_dag.py took 0.201 seconds
[2022-05-05 05:54:52,840] {processor.py:153} INFO - Started process (PID=200) to work on /home/airflow/.local/lib/python3.7/site-packages/airflow/example_dags/example_trigger_target_dag.py
[2022-05-05 05:54:52,841] {processor.py:641} INFO - Processing file /home/airflow/.local/lib/python3.7/site-packages/airflow/example_dags/example_trigger_target_dag.py for tasks to queue
[2022-05-05 05:54:52,841] {logging_mixin.py:115} INFO - [2022-05-05 05:54:52,841] {dagbag.py:507} INFO - Filling up the DagBag from /home/airflow/.local/lib/python3.7/site-packages/airflow/example_dags/example_trigger_target_dag.py
[2022-05-05 05:54:52,856] {processor.py:651} INFO - DAG(s) dict_keys(['example_trigger_target_dag']) retrieved from /home/airflow/.local/lib/python3.7/site-packages/airflow/example_dags/example_trigger_target_dag.py
[2022-05-05 05:54:52,882] {logging_mixin.py:115} INFO - [2022-05-05 05:54:52,882] {dag.py:2371} INFO - Sync 1 DAGs
[2022-05-05 05:54:53,018] {logging_mixin.py:115} INFO - [2022-05-05 05:54:53,018] {dag.py:2919} INFO - Setting next_dagrun for example_trigger_target_dag to None, run_after=None
[2022-05-05 05:54:53,032] {processor.py:161} INFO - Processing /home/airflow/.local/lib/python3.7/site-packages/airflow/example_dags/example_trigger_target_dag.py took 0.195 seconds
[2022-05-05 05:55:23,325] {processor.py:153} INFO - Started process (PID=262) to work on /home/airflow/.local/lib/python3.7/site-packages/airflow/example_dags/example_trigger_target_dag.py
[2022-05-05 05:55:23,326] {processor.py:641} INFO - Processing file /home/airflow/.local/lib/python3.7/site-packages/airflow/example_dags/example_trigger_target_dag.py for tasks to queue
[2022-05-05 05:55:23,326] {logging_mixin.py:115} INFO - [2022-05-05 05:55:23,326] {dagbag.py:507} INFO - Filling up the DagBag from /home/airflow/.local/lib/python3.7/site-packages/airflow/example_dags/example_trigger_target_dag.py
[2022-05-05 05:55:23,339] {processor.py:651} INFO - DAG(s) dict_keys(['example_trigger_target_dag']) retrieved from /home/airflow/.local/lib/python3.7/site-packages/airflow/example_dags/example_trigger_target_dag.py
[2022-05-05 05:55:23,365] {logging_mixin.py:115} INFO - [2022-05-05 05:55:23,365] {dag.py:2371} INFO - Sync 1 DAGs
[2022-05-05 05:55:23,477] {logging_mixin.py:115} INFO - [2022-05-05 05:55:23,477] {dag.py:2919} INFO - Setting next_dagrun for example_trigger_target_dag to None, run_after=None
[2022-05-05 05:55:23,490] {processor.py:161} INFO - Processing /home/airflow/.local/lib/python3.7/site-packages/airflow/example_dags/example_trigger_target_dag.py took 0.166 seconds
[2022-05-05 05:55:54,195] {processor.py:153} INFO - Started process (PID=324) to work on /home/airflow/.local/lib/python3.7/site-packages/airflow/example_dags/example_trigger_target_dag.py
[2022-05-05 05:55:54,196] {processor.py:641} INFO - Processing file /home/airflow/.local/lib/python3.7/site-packages/airflow/example_dags/example_trigger_target_dag.py for tasks to queue
[2022-05-05 05:55:54,197] {logging_mixin.py:115} INFO - [2022-05-05 05:55:54,197] {dagbag.py:507} INFO - Filling up the DagBag from /home/airflow/.local/lib/python3.7/site-packages/airflow/example_dags/example_trigger_target_dag.py
[2022-05-05 05:55:54,212] {processor.py:651} INFO - DAG(s) dict_keys(['example_trigger_target_dag']) retrieved from /home/airflow/.local/lib/python3.7/site-packages/airflow/example_dags/example_trigger_target_dag.py
[2022-05-05 05:55:54,243] {logging_mixin.py:115} INFO - [2022-05-05 05:55:54,243] {dag.py:2371} INFO - Sync 1 DAGs
[2022-05-05 05:55:54,370] {logging_mixin.py:115} INFO - [2022-05-05 05:55:54,370] {dag.py:2919} INFO - Setting next_dagrun for example_trigger_target_dag to None, run_after=None
[2022-05-05 05:55:54,383] {processor.py:161} INFO - Processing /home/airflow/.local/lib/python3.7/site-packages/airflow/example_dags/example_trigger_target_dag.py took 0.191 seconds
[2022-05-05 05:56:25,146] {processor.py:153} INFO - Started process (PID=377) to work on /home/airflow/.local/lib/python3.7/site-packages/airflow/example_dags/example_trigger_target_dag.py
[2022-05-05 05:56:25,146] {processor.py:641} INFO - Processing file /home/airflow/.local/lib/python3.7/site-packages/airflow/example_dags/example_trigger_target_dag.py for tasks to queue
[2022-05-05 05:56:25,147] {logging_mixin.py:115} INFO - [2022-05-05 05:56:25,147] {dagbag.py:507} INFO - Filling up the DagBag from /home/airflow/.local/lib/python3.7/site-packages/airflow/example_dags/example_trigger_target_dag.py
[2022-05-05 05:56:25,165] {processor.py:651} INFO - DAG(s) dict_keys(['example_trigger_target_dag']) retrieved from /home/airflow/.local/lib/python3.7/site-packages/airflow/example_dags/example_trigger_target_dag.py
[2022-05-05 05:56:25,195] {logging_mixin.py:115} INFO - [2022-05-05 05:56:25,195] {dag.py:2371} INFO - Sync 1 DAGs
[2022-05-05 05:56:25,335] {logging_mixin.py:115} INFO - [2022-05-05 05:56:25,334] {dag.py:2919} INFO - Setting next_dagrun for example_trigger_target_dag to None, run_after=None
[2022-05-05 05:56:25,350] {processor.py:161} INFO - Processing /home/airflow/.local/lib/python3.7/site-packages/airflow/example_dags/example_trigger_target_dag.py took 0.208 seconds
[2022-05-05 05:56:55,527] {processor.py:153} INFO - Started process (PID=439) to work on /home/airflow/.local/lib/python3.7/site-packages/airflow/example_dags/example_trigger_target_dag.py
[2022-05-05 05:56:55,528] {processor.py:641} INFO - Processing file /home/airflow/.local/lib/python3.7/site-packages/airflow/example_dags/example_trigger_target_dag.py for tasks to queue
[2022-05-05 05:56:55,529] {logging_mixin.py:115} INFO - [2022-05-05 05:56:55,528] {dagbag.py:507} INFO - Filling up the DagBag from /home/airflow/.local/lib/python3.7/site-packages/airflow/example_dags/example_trigger_target_dag.py
[2022-05-05 05:56:55,543] {processor.py:651} INFO - DAG(s) dict_keys(['example_trigger_target_dag']) retrieved from /home/airflow/.local/lib/python3.7/site-packages/airflow/example_dags/example_trigger_target_dag.py
[2022-05-05 05:56:55,567] {logging_mixin.py:115} INFO - [2022-05-05 05:56:55,567] {dag.py:2371} INFO - Sync 1 DAGs
[2022-05-05 05:56:55,690] {logging_mixin.py:115} INFO - [2022-05-05 05:56:55,689] {dag.py:2919} INFO - Setting next_dagrun for example_trigger_target_dag to None, run_after=None
[2022-05-05 05:56:55,703] {processor.py:161} INFO - Processing /home/airflow/.local/lib/python3.7/site-packages/airflow/example_dags/example_trigger_target_dag.py took 0.178 seconds
[2022-05-05 05:57:25,883] {processor.py:153} INFO - Started process (PID=501) to work on /home/airflow/.local/lib/python3.7/site-packages/airflow/example_dags/example_trigger_target_dag.py
[2022-05-05 05:57:25,885] {processor.py:641} INFO - Processing file /home/airflow/.local/lib/python3.7/site-packages/airflow/example_dags/example_trigger_target_dag.py for tasks to queue
[2022-05-05 05:57:25,885] {logging_mixin.py:115} INFO - [2022-05-05 05:57:25,885] {dagbag.py:507} INFO - Filling up the DagBag from /home/airflow/.local/lib/python3.7/site-packages/airflow/example_dags/example_trigger_target_dag.py
[2022-05-05 05:57:25,899] {processor.py:651} INFO - DAG(s) dict_keys(['example_trigger_target_dag']) retrieved from /home/airflow/.local/lib/python3.7/site-packages/airflow/example_dags/example_trigger_target_dag.py
[2022-05-05 05:57:25,927] {logging_mixin.py:115} INFO - [2022-05-05 05:57:25,927] {dag.py:2371} INFO - Sync 1 DAGs
[2022-05-05 05:57:26,048] {logging_mixin.py:115} INFO - [2022-05-05 05:57:26,048] {dag.py:2919} INFO - Setting next_dagrun for example_trigger_target_dag to None, run_after=None
[2022-05-05 05:57:26,063] {processor.py:161} INFO - Processing /home/airflow/.local/lib/python3.7/site-packages/airflow/example_dags/example_trigger_target_dag.py took 0.182 seconds
[2022-05-05 05:57:56,145] {processor.py:153} INFO - Started process (PID=554) to work on /home/airflow/.local/lib/python3.7/site-packages/airflow/example_dags/example_trigger_target_dag.py
[2022-05-05 05:57:56,146] {processor.py:641} INFO - Processing file /home/airflow/.local/lib/python3.7/site-packages/airflow/example_dags/example_trigger_target_dag.py for tasks to queue
[2022-05-05 05:57:56,146] {logging_mixin.py:115} INFO - [2022-05-05 05:57:56,146] {dagbag.py:507} INFO - Filling up the DagBag from /home/airflow/.local/lib/python3.7/site-packages/airflow/example_dags/example_trigger_target_dag.py
[2022-05-05 05:57:56,159] {processor.py:651} INFO - DAG(s) dict_keys(['example_trigger_target_dag']) retrieved from /home/airflow/.local/lib/python3.7/site-packages/airflow/example_dags/example_trigger_target_dag.py
[2022-05-05 05:57:56,186] {logging_mixin.py:115} INFO - [2022-05-05 05:57:56,185] {dag.py:2371} INFO - Sync 1 DAGs
[2022-05-05 05:57:56,303] {logging_mixin.py:115} INFO - [2022-05-05 05:57:56,303] {dag.py:2919} INFO - Setting next_dagrun for example_trigger_target_dag to None, run_after=None
[2022-05-05 05:57:56,316] {processor.py:161} INFO - Processing /home/airflow/.local/lib/python3.7/site-packages/airflow/example_dags/example_trigger_target_dag.py took 0.172 seconds
[2022-05-05 05:58:26,483] {processor.py:153} INFO - Started process (PID=617) to work on /home/airflow/.local/lib/python3.7/site-packages/airflow/example_dags/example_trigger_target_dag.py
[2022-05-05 05:58:26,484] {processor.py:641} INFO - Processing file /home/airflow/.local/lib/python3.7/site-packages/airflow/example_dags/example_trigger_target_dag.py for tasks to queue
[2022-05-05 05:58:26,486] {logging_mixin.py:115} INFO - [2022-05-05 05:58:26,486] {dagbag.py:507} INFO - Filling up the DagBag from /home/airflow/.local/lib/python3.7/site-packages/airflow/example_dags/example_trigger_target_dag.py
[2022-05-05 05:58:26,507] {processor.py:651} INFO - DAG(s) dict_keys(['example_trigger_target_dag']) retrieved from /home/airflow/.local/lib/python3.7/site-packages/airflow/example_dags/example_trigger_target_dag.py
[2022-05-05 05:58:26,538] {logging_mixin.py:115} INFO - [2022-05-05 05:58:26,538] {dag.py:2371} INFO - Sync 1 DAGs
[2022-05-05 05:58:26,668] {logging_mixin.py:115} INFO - [2022-05-05 05:58:26,668] {dag.py:2919} INFO - Setting next_dagrun for example_trigger_target_dag to None, run_after=None
[2022-05-05 05:58:26,681] {processor.py:161} INFO - Processing /home/airflow/.local/lib/python3.7/site-packages/airflow/example_dags/example_trigger_target_dag.py took 0.203 seconds
[2022-05-05 05:58:56,888] {processor.py:153} INFO - Started process (PID=678) to work on /home/airflow/.local/lib/python3.7/site-packages/airflow/example_dags/example_trigger_target_dag.py
[2022-05-05 05:58:56,888] {processor.py:641} INFO - Processing file /home/airflow/.local/lib/python3.7/site-packages/airflow/example_dags/example_trigger_target_dag.py for tasks to queue
[2022-05-05 05:58:56,888] {logging_mixin.py:115} INFO - [2022-05-05 05:58:56,888] {dagbag.py:507} INFO - Filling up the DagBag from /home/airflow/.local/lib/python3.7/site-packages/airflow/example_dags/example_trigger_target_dag.py
[2022-05-05 05:58:56,905] {processor.py:651} INFO - DAG(s) dict_keys(['example_trigger_target_dag']) retrieved from /home/airflow/.local/lib/python3.7/site-packages/airflow/example_dags/example_trigger_target_dag.py
[2022-05-05 05:58:57,031] {logging_mixin.py:115} INFO - [2022-05-05 05:58:57,031] {dag.py:2371} INFO - Sync 1 DAGs
[2022-05-05 05:58:57,050] {logging_mixin.py:115} INFO - [2022-05-05 05:58:57,050] {dag.py:2919} INFO - Setting next_dagrun for example_trigger_target_dag to None, run_after=None
[2022-05-05 05:58:57,066] {processor.py:161} INFO - Processing /home/airflow/.local/lib/python3.7/site-packages/airflow/example_dags/example_trigger_target_dag.py took 0.180 seconds
[2022-05-05 05:59:27,176] {processor.py:153} INFO - Started process (PID=730) to work on /home/airflow/.local/lib/python3.7/site-packages/airflow/example_dags/example_trigger_target_dag.py
[2022-05-05 05:59:27,177] {processor.py:641} INFO - Processing file /home/airflow/.local/lib/python3.7/site-packages/airflow/example_dags/example_trigger_target_dag.py for tasks to queue
[2022-05-05 05:59:27,177] {logging_mixin.py:115} INFO - [2022-05-05 05:59:27,177] {dagbag.py:507} INFO - Filling up the DagBag from /home/airflow/.local/lib/python3.7/site-packages/airflow/example_dags/example_trigger_target_dag.py
[2022-05-05 05:59:27,192] {processor.py:651} INFO - DAG(s) dict_keys(['example_trigger_target_dag']) retrieved from /home/airflow/.local/lib/python3.7/site-packages/airflow/example_dags/example_trigger_target_dag.py
[2022-05-05 05:59:27,315] {logging_mixin.py:115} INFO - [2022-05-05 05:59:27,314] {dag.py:2371} INFO - Sync 1 DAGs
[2022-05-05 05:59:27,333] {logging_mixin.py:115} INFO - [2022-05-05 05:59:27,333] {dag.py:2919} INFO - Setting next_dagrun for example_trigger_target_dag to None, run_after=None
[2022-05-05 05:59:27,345] {processor.py:161} INFO - Processing /home/airflow/.local/lib/python3.7/site-packages/airflow/example_dags/example_trigger_target_dag.py took 0.171 seconds
[2022-05-05 05:59:57,587] {processor.py:153} INFO - Started process (PID=793) to work on /home/airflow/.local/lib/python3.7/site-packages/airflow/example_dags/example_trigger_target_dag.py
[2022-05-05 05:59:57,588] {processor.py:641} INFO - Processing file /home/airflow/.local/lib/python3.7/site-packages/airflow/example_dags/example_trigger_target_dag.py for tasks to queue
[2022-05-05 05:59:57,588] {logging_mixin.py:115} INFO - [2022-05-05 05:59:57,588] {dagbag.py:507} INFO - Filling up the DagBag from /home/airflow/.local/lib/python3.7/site-packages/airflow/example_dags/example_trigger_target_dag.py
[2022-05-05 05:59:57,604] {processor.py:651} INFO - DAG(s) dict_keys(['example_trigger_target_dag']) retrieved from /home/airflow/.local/lib/python3.7/site-packages/airflow/example_dags/example_trigger_target_dag.py
[2022-05-05 05:59:57,730] {logging_mixin.py:115} INFO - [2022-05-05 05:59:57,730] {dag.py:2371} INFO - Sync 1 DAGs
[2022-05-05 05:59:57,751] {logging_mixin.py:115} INFO - [2022-05-05 05:59:57,751] {dag.py:2919} INFO - Setting next_dagrun for example_trigger_target_dag to None, run_after=None
[2022-05-05 05:59:57,763] {processor.py:161} INFO - Processing /home/airflow/.local/lib/python3.7/site-packages/airflow/example_dags/example_trigger_target_dag.py took 0.178 seconds
[2022-05-05 06:00:28,169] {processor.py:153} INFO - Started process (PID=856) to work on /home/airflow/.local/lib/python3.7/site-packages/airflow/example_dags/example_trigger_target_dag.py
[2022-05-05 06:00:28,170] {processor.py:641} INFO - Processing file /home/airflow/.local/lib/python3.7/site-packages/airflow/example_dags/example_trigger_target_dag.py for tasks to queue
[2022-05-05 06:00:28,171] {logging_mixin.py:115} INFO - [2022-05-05 06:00:28,171] {dagbag.py:507} INFO - Filling up the DagBag from /home/airflow/.local/lib/python3.7/site-packages/airflow/example_dags/example_trigger_target_dag.py
[2022-05-05 06:00:28,185] {processor.py:651} INFO - DAG(s) dict_keys(['example_trigger_target_dag']) retrieved from /home/airflow/.local/lib/python3.7/site-packages/airflow/example_dags/example_trigger_target_dag.py
[2022-05-05 06:00:28,313] {logging_mixin.py:115} INFO - [2022-05-05 06:00:28,313] {dag.py:2371} INFO - Sync 1 DAGs
[2022-05-05 06:00:28,333] {logging_mixin.py:115} INFO - [2022-05-05 06:00:28,333] {dag.py:2919} INFO - Setting next_dagrun for example_trigger_target_dag to None, run_after=None
[2022-05-05 06:00:28,346] {processor.py:161} INFO - Processing /home/airflow/.local/lib/python3.7/site-packages/airflow/example_dags/example_trigger_target_dag.py took 0.178 seconds
[2022-05-05 06:00:58,640] {processor.py:153} INFO - Started process (PID=908) to work on /home/airflow/.local/lib/python3.7/site-packages/airflow/example_dags/example_trigger_target_dag.py
[2022-05-05 06:00:58,640] {processor.py:641} INFO - Processing file /home/airflow/.local/lib/python3.7/site-packages/airflow/example_dags/example_trigger_target_dag.py for tasks to queue
[2022-05-05 06:00:58,640] {logging_mixin.py:115} INFO - [2022-05-05 06:00:58,640] {dagbag.py:507} INFO - Filling up the DagBag from /home/airflow/.local/lib/python3.7/site-packages/airflow/example_dags/example_trigger_target_dag.py
[2022-05-05 06:00:58,655] {processor.py:651} INFO - DAG(s) dict_keys(['example_trigger_target_dag']) retrieved from /home/airflow/.local/lib/python3.7/site-packages/airflow/example_dags/example_trigger_target_dag.py
[2022-05-05 06:00:58,778] {logging_mixin.py:115} INFO - [2022-05-05 06:00:58,778] {dag.py:2371} INFO - Sync 1 DAGs
[2022-05-05 06:00:58,798] {logging_mixin.py:115} INFO - [2022-05-05 06:00:58,798] {dag.py:2919} INFO - Setting next_dagrun for example_trigger_target_dag to None, run_after=None
[2022-05-05 06:00:58,811] {processor.py:161} INFO - Processing /home/airflow/.local/lib/python3.7/site-packages/airflow/example_dags/example_trigger_target_dag.py took 0.173 seconds
[2022-05-05 06:01:29,005] {processor.py:153} INFO - Started process (PID=971) to work on /home/airflow/.local/lib/python3.7/site-packages/airflow/example_dags/example_trigger_target_dag.py
[2022-05-05 06:01:29,006] {processor.py:641} INFO - Processing file /home/airflow/.local/lib/python3.7/site-packages/airflow/example_dags/example_trigger_target_dag.py for tasks to queue
[2022-05-05 06:01:29,007] {logging_mixin.py:115} INFO - [2022-05-05 06:01:29,007] {dagbag.py:507} INFO - Filling up the DagBag from /home/airflow/.local/lib/python3.7/site-packages/airflow/example_dags/example_trigger_target_dag.py
[2022-05-05 06:01:29,023] {processor.py:651} INFO - DAG(s) dict_keys(['example_trigger_target_dag']) retrieved from /home/airflow/.local/lib/python3.7/site-packages/airflow/example_dags/example_trigger_target_dag.py
[2022-05-05 06:01:29,147] {logging_mixin.py:115} INFO - [2022-05-05 06:01:29,147] {dag.py:2371} INFO - Sync 1 DAGs
[2022-05-05 06:01:29,168] {logging_mixin.py:115} INFO - [2022-05-05 06:01:29,168] {dag.py:2919} INFO - Setting next_dagrun for example_trigger_target_dag to None, run_after=None
[2022-05-05 06:01:29,181] {processor.py:161} INFO - Processing /home/airflow/.local/lib/python3.7/site-packages/airflow/example_dags/example_trigger_target_dag.py took 0.178 seconds
[2022-05-05 06:01:59,370] {processor.py:153} INFO - Started process (PID=1033) to work on /home/airflow/.local/lib/python3.7/site-packages/airflow/example_dags/example_trigger_target_dag.py
[2022-05-05 06:01:59,371] {processor.py:641} INFO - Processing file /home/airflow/.local/lib/python3.7/site-packages/airflow/example_dags/example_trigger_target_dag.py for tasks to queue
[2022-05-05 06:01:59,371] {logging_mixin.py:115} INFO - [2022-05-05 06:01:59,371] {dagbag.py:507} INFO - Filling up the DagBag from /home/airflow/.local/lib/python3.7/site-packages/airflow/example_dags/example_trigger_target_dag.py
[2022-05-05 06:01:59,395] {processor.py:651} INFO - DAG(s) dict_keys(['example_trigger_target_dag']) retrieved from /home/airflow/.local/lib/python3.7/site-packages/airflow/example_dags/example_trigger_target_dag.py
[2022-05-05 06:01:59,530] {logging_mixin.py:115} INFO - [2022-05-05 06:01:59,530] {dag.py:2371} INFO - Sync 1 DAGs
[2022-05-05 06:01:59,553] {logging_mixin.py:115} INFO - [2022-05-05 06:01:59,553] {dag.py:2919} INFO - Setting next_dagrun for example_trigger_target_dag to None, run_after=None
[2022-05-05 06:01:59,566] {processor.py:161} INFO - Processing /home/airflow/.local/lib/python3.7/site-packages/airflow/example_dags/example_trigger_target_dag.py took 0.200 seconds
[2022-05-05 06:02:29,600] {processor.py:153} INFO - Started process (PID=1087) to work on /home/airflow/.local/lib/python3.7/site-packages/airflow/example_dags/example_trigger_target_dag.py
[2022-05-05 06:02:29,601] {processor.py:641} INFO - Processing file /home/airflow/.local/lib/python3.7/site-packages/airflow/example_dags/example_trigger_target_dag.py for tasks to queue
[2022-05-05 06:02:29,602] {logging_mixin.py:115} INFO - [2022-05-05 06:02:29,602] {dagbag.py:507} INFO - Filling up the DagBag from /home/airflow/.local/lib/python3.7/site-packages/airflow/example_dags/example_trigger_target_dag.py
[2022-05-05 06:02:29,632] {processor.py:651} INFO - DAG(s) dict_keys(['example_trigger_target_dag']) retrieved from /home/airflow/.local/lib/python3.7/site-packages/airflow/example_dags/example_trigger_target_dag.py
[2022-05-05 06:02:29,783] {logging_mixin.py:115} INFO - [2022-05-05 06:02:29,783] {dag.py:2371} INFO - Sync 1 DAGs
[2022-05-05 06:02:29,803] {logging_mixin.py:115} INFO - [2022-05-05 06:02:29,802] {dag.py:2919} INFO - Setting next_dagrun for example_trigger_target_dag to None, run_after=None
[2022-05-05 06:02:29,815] {processor.py:161} INFO - Processing /home/airflow/.local/lib/python3.7/site-packages/airflow/example_dags/example_trigger_target_dag.py took 0.218 seconds
[2022-05-05 06:03:00,125] {processor.py:153} INFO - Started process (PID=1150) to work on /home/airflow/.local/lib/python3.7/site-packages/airflow/example_dags/example_trigger_target_dag.py
[2022-05-05 06:03:00,125] {processor.py:641} INFO - Processing file /home/airflow/.local/lib/python3.7/site-packages/airflow/example_dags/example_trigger_target_dag.py for tasks to queue
[2022-05-05 06:03:00,125] {logging_mixin.py:115} INFO - [2022-05-05 06:03:00,125] {dagbag.py:507} INFO - Filling up the DagBag from /home/airflow/.local/lib/python3.7/site-packages/airflow/example_dags/example_trigger_target_dag.py
[2022-05-05 06:03:00,140] {processor.py:651} INFO - DAG(s) dict_keys(['example_trigger_target_dag']) retrieved from /home/airflow/.local/lib/python3.7/site-packages/airflow/example_dags/example_trigger_target_dag.py
[2022-05-05 06:03:00,254] {logging_mixin.py:115} INFO - [2022-05-05 06:03:00,254] {dag.py:2371} INFO - Sync 1 DAGs
[2022-05-05 06:03:00,272] {logging_mixin.py:115} INFO - [2022-05-05 06:03:00,272] {dag.py:2919} INFO - Setting next_dagrun for example_trigger_target_dag to None, run_after=None
[2022-05-05 06:03:00,285] {processor.py:161} INFO - Processing /home/airflow/.local/lib/python3.7/site-packages/airflow/example_dags/example_trigger_target_dag.py took 0.162 seconds
[2022-05-05 06:03:30,418] {processor.py:153} INFO - Started process (PID=1204) to work on /home/airflow/.local/lib/python3.7/site-packages/airflow/example_dags/example_trigger_target_dag.py
[2022-05-05 06:03:30,419] {processor.py:641} INFO - Processing file /home/airflow/.local/lib/python3.7/site-packages/airflow/example_dags/example_trigger_target_dag.py for tasks to queue
[2022-05-05 06:03:30,419] {logging_mixin.py:115} INFO - [2022-05-05 06:03:30,419] {dagbag.py:507} INFO - Filling up the DagBag from /home/airflow/.local/lib/python3.7/site-packages/airflow/example_dags/example_trigger_target_dag.py
[2022-05-05 06:03:30,434] {processor.py:651} INFO - DAG(s) dict_keys(['example_trigger_target_dag']) retrieved from /home/airflow/.local/lib/python3.7/site-packages/airflow/example_dags/example_trigger_target_dag.py
[2022-05-05 06:03:30,548] {logging_mixin.py:115} INFO - [2022-05-05 06:03:30,548] {dag.py:2371} INFO - Sync 1 DAGs
[2022-05-05 06:03:30,570] {logging_mixin.py:115} INFO - [2022-05-05 06:03:30,570] {dag.py:2919} INFO - Setting next_dagrun for example_trigger_target_dag to None, run_after=None
[2022-05-05 06:03:30,587] {processor.py:161} INFO - Processing /home/airflow/.local/lib/python3.7/site-packages/airflow/example_dags/example_trigger_target_dag.py took 0.171 seconds
[2022-05-05 06:04:00,667] {processor.py:153} INFO - Started process (PID=1267) to work on /home/airflow/.local/lib/python3.7/site-packages/airflow/example_dags/example_trigger_target_dag.py
[2022-05-05 06:04:00,667] {processor.py:641} INFO - Processing file /home/airflow/.local/lib/python3.7/site-packages/airflow/example_dags/example_trigger_target_dag.py for tasks to queue
[2022-05-05 06:04:00,668] {logging_mixin.py:115} INFO - [2022-05-05 06:04:00,667] {dagbag.py:507} INFO - Filling up the DagBag from /home/airflow/.local/lib/python3.7/site-packages/airflow/example_dags/example_trigger_target_dag.py
[2022-05-05 06:04:00,683] {processor.py:651} INFO - DAG(s) dict_keys(['example_trigger_target_dag']) retrieved from /home/airflow/.local/lib/python3.7/site-packages/airflow/example_dags/example_trigger_target_dag.py
[2022-05-05 06:04:00,704] {logging_mixin.py:115} INFO - [2022-05-05 06:04:00,704] {dag.py:2371} INFO - Sync 1 DAGs
[2022-05-05 06:04:00,727] {logging_mixin.py:115} INFO - [2022-05-05 06:04:00,727] {dag.py:2919} INFO - Setting next_dagrun for example_trigger_target_dag to None, run_after=None
[2022-05-05 06:04:00,739] {processor.py:161} INFO - Processing /home/airflow/.local/lib/python3.7/site-packages/airflow/example_dags/example_trigger_target_dag.py took 0.075 seconds
[2022-05-05 06:04:31,359] {processor.py:153} INFO - Started process (PID=1329) to work on /home/airflow/.local/lib/python3.7/site-packages/airflow/example_dags/example_trigger_target_dag.py
[2022-05-05 06:04:31,360] {processor.py:641} INFO - Processing file /home/airflow/.local/lib/python3.7/site-packages/airflow/example_dags/example_trigger_target_dag.py for tasks to queue
[2022-05-05 06:04:31,361] {logging_mixin.py:115} INFO - [2022-05-05 06:04:31,360] {dagbag.py:507} INFO - Filling up the DagBag from /home/airflow/.local/lib/python3.7/site-packages/airflow/example_dags/example_trigger_target_dag.py
[2022-05-05 06:04:31,376] {processor.py:651} INFO - DAG(s) dict_keys(['example_trigger_target_dag']) retrieved from /home/airflow/.local/lib/python3.7/site-packages/airflow/example_dags/example_trigger_target_dag.py
[2022-05-05 06:04:31,398] {logging_mixin.py:115} INFO - [2022-05-05 06:04:31,398] {dag.py:2371} INFO - Sync 1 DAGs
[2022-05-05 06:04:31,422] {logging_mixin.py:115} INFO - [2022-05-05 06:04:31,421] {dag.py:2919} INFO - Setting next_dagrun for example_trigger_target_dag to None, run_after=None
[2022-05-05 06:04:31,434] {processor.py:161} INFO - Processing /home/airflow/.local/lib/python3.7/site-packages/airflow/example_dags/example_trigger_target_dag.py took 0.078 seconds
[2022-05-05 06:05:02,082] {processor.py:153} INFO - Started process (PID=1382) to work on /home/airflow/.local/lib/python3.7/site-packages/airflow/example_dags/example_trigger_target_dag.py
[2022-05-05 06:05:02,082] {processor.py:641} INFO - Processing file /home/airflow/.local/lib/python3.7/site-packages/airflow/example_dags/example_trigger_target_dag.py for tasks to queue
[2022-05-05 06:05:02,083] {logging_mixin.py:115} INFO - [2022-05-05 06:05:02,082] {dagbag.py:507} INFO - Filling up the DagBag from /home/airflow/.local/lib/python3.7/site-packages/airflow/example_dags/example_trigger_target_dag.py
[2022-05-05 06:05:02,099] {processor.py:651} INFO - DAG(s) dict_keys(['example_trigger_target_dag']) retrieved from /home/airflow/.local/lib/python3.7/site-packages/airflow/example_dags/example_trigger_target_dag.py
[2022-05-05 06:05:02,125] {logging_mixin.py:115} INFO - [2022-05-05 06:05:02,125] {dag.py:2371} INFO - Sync 1 DAGs
[2022-05-05 06:05:02,146] {logging_mixin.py:115} INFO - [2022-05-05 06:05:02,146] {dag.py:2919} INFO - Setting next_dagrun for example_trigger_target_dag to None, run_after=None
[2022-05-05 06:05:02,158] {processor.py:161} INFO - Processing /home/airflow/.local/lib/python3.7/site-packages/airflow/example_dags/example_trigger_target_dag.py took 0.079 seconds
[2022-05-05 06:05:32,583] {processor.py:153} INFO - Started process (PID=1443) to work on /home/airflow/.local/lib/python3.7/site-packages/airflow/example_dags/example_trigger_target_dag.py
[2022-05-05 06:05:32,583] {processor.py:641} INFO - Processing file /home/airflow/.local/lib/python3.7/site-packages/airflow/example_dags/example_trigger_target_dag.py for tasks to queue
[2022-05-05 06:05:32,584] {logging_mixin.py:115} INFO - [2022-05-05 06:05:32,584] {dagbag.py:507} INFO - Filling up the DagBag from /home/airflow/.local/lib/python3.7/site-packages/airflow/example_dags/example_trigger_target_dag.py
[2022-05-05 06:05:32,600] {processor.py:651} INFO - DAG(s) dict_keys(['example_trigger_target_dag']) retrieved from /home/airflow/.local/lib/python3.7/site-packages/airflow/example_dags/example_trigger_target_dag.py
[2022-05-05 06:05:32,625] {logging_mixin.py:115} INFO - [2022-05-05 06:05:32,625] {dag.py:2371} INFO - Sync 1 DAGs
[2022-05-05 06:05:32,643] {logging_mixin.py:115} INFO - [2022-05-05 06:05:32,643] {dag.py:2919} INFO - Setting next_dagrun for example_trigger_target_dag to None, run_after=None
[2022-05-05 06:05:32,658] {processor.py:161} INFO - Processing /home/airflow/.local/lib/python3.7/site-packages/airflow/example_dags/example_trigger_target_dag.py took 0.077 seconds
[2022-05-05 06:06:03,483] {processor.py:153} INFO - Started process (PID=1506) to work on /home/airflow/.local/lib/python3.7/site-packages/airflow/example_dags/example_trigger_target_dag.py
[2022-05-05 06:06:03,484] {processor.py:641} INFO - Processing file /home/airflow/.local/lib/python3.7/site-packages/airflow/example_dags/example_trigger_target_dag.py for tasks to queue
[2022-05-05 06:06:03,485] {logging_mixin.py:115} INFO - [2022-05-05 06:06:03,484] {dagbag.py:507} INFO - Filling up the DagBag from /home/airflow/.local/lib/python3.7/site-packages/airflow/example_dags/example_trigger_target_dag.py
[2022-05-05 06:06:03,500] {processor.py:651} INFO - DAG(s) dict_keys(['example_trigger_target_dag']) retrieved from /home/airflow/.local/lib/python3.7/site-packages/airflow/example_dags/example_trigger_target_dag.py
[2022-05-05 06:06:03,521] {logging_mixin.py:115} INFO - [2022-05-05 06:06:03,521] {dag.py:2371} INFO - Sync 1 DAGs
[2022-05-05 06:06:03,543] {logging_mixin.py:115} INFO - [2022-05-05 06:06:03,542] {dag.py:2919} INFO - Setting next_dagrun for example_trigger_target_dag to None, run_after=None
[2022-05-05 06:06:03,555] {processor.py:161} INFO - Processing /home/airflow/.local/lib/python3.7/site-packages/airflow/example_dags/example_trigger_target_dag.py took 0.074 seconds
[2022-05-05 06:06:34,368] {processor.py:153} INFO - Started process (PID=1558) to work on /home/airflow/.local/lib/python3.7/site-packages/airflow/example_dags/example_trigger_target_dag.py
[2022-05-05 06:06:34,369] {processor.py:641} INFO - Processing file /home/airflow/.local/lib/python3.7/site-packages/airflow/example_dags/example_trigger_target_dag.py for tasks to queue
[2022-05-05 06:06:34,370] {logging_mixin.py:115} INFO - [2022-05-05 06:06:34,370] {dagbag.py:507} INFO - Filling up the DagBag from /home/airflow/.local/lib/python3.7/site-packages/airflow/example_dags/example_trigger_target_dag.py
[2022-05-05 06:06:34,387] {processor.py:651} INFO - DAG(s) dict_keys(['example_trigger_target_dag']) retrieved from /home/airflow/.local/lib/python3.7/site-packages/airflow/example_dags/example_trigger_target_dag.py
[2022-05-05 06:06:34,411] {logging_mixin.py:115} INFO - [2022-05-05 06:06:34,411] {dag.py:2371} INFO - Sync 1 DAGs
[2022-05-05 06:06:34,442] {logging_mixin.py:115} INFO - [2022-05-05 06:06:34,442] {dag.py:2919} INFO - Setting next_dagrun for example_trigger_target_dag to None, run_after=None
[2022-05-05 06:06:34,459] {processor.py:161} INFO - Processing /home/airflow/.local/lib/python3.7/site-packages/airflow/example_dags/example_trigger_target_dag.py took 0.093 seconds
[2022-05-05 06:07:05,147] {processor.py:153} INFO - Started process (PID=1621) to work on /home/airflow/.local/lib/python3.7/site-packages/airflow/example_dags/example_trigger_target_dag.py
[2022-05-05 06:07:05,148] {processor.py:641} INFO - Processing file /home/airflow/.local/lib/python3.7/site-packages/airflow/example_dags/example_trigger_target_dag.py for tasks to queue
[2022-05-05 06:07:05,149] {logging_mixin.py:115} INFO - [2022-05-05 06:07:05,149] {dagbag.py:507} INFO - Filling up the DagBag from /home/airflow/.local/lib/python3.7/site-packages/airflow/example_dags/example_trigger_target_dag.py
[2022-05-05 06:07:05,166] {processor.py:651} INFO - DAG(s) dict_keys(['example_trigger_target_dag']) retrieved from /home/airflow/.local/lib/python3.7/site-packages/airflow/example_dags/example_trigger_target_dag.py
[2022-05-05 06:07:05,191] {logging_mixin.py:115} INFO - [2022-05-05 06:07:05,191] {dag.py:2371} INFO - Sync 1 DAGs
[2022-05-05 06:07:05,214] {logging_mixin.py:115} INFO - [2022-05-05 06:07:05,214] {dag.py:2919} INFO - Setting next_dagrun for example_trigger_target_dag to None, run_after=None
[2022-05-05 06:07:05,227] {processor.py:161} INFO - Processing /home/airflow/.local/lib/python3.7/site-packages/airflow/example_dags/example_trigger_target_dag.py took 0.082 seconds
[2022-05-05 06:07:35,928] {processor.py:153} INFO - Started process (PID=1682) to work on /home/airflow/.local/lib/python3.7/site-packages/airflow/example_dags/example_trigger_target_dag.py
[2022-05-05 06:07:35,929] {processor.py:641} INFO - Processing file /home/airflow/.local/lib/python3.7/site-packages/airflow/example_dags/example_trigger_target_dag.py for tasks to queue
[2022-05-05 06:07:35,929] {logging_mixin.py:115} INFO - [2022-05-05 06:07:35,929] {dagbag.py:507} INFO - Filling up the DagBag from /home/airflow/.local/lib/python3.7/site-packages/airflow/example_dags/example_trigger_target_dag.py
[2022-05-05 06:07:35,944] {processor.py:651} INFO - DAG(s) dict_keys(['example_trigger_target_dag']) retrieved from /home/airflow/.local/lib/python3.7/site-packages/airflow/example_dags/example_trigger_target_dag.py
[2022-05-05 06:07:35,968] {logging_mixin.py:115} INFO - [2022-05-05 06:07:35,968] {dag.py:2371} INFO - Sync 1 DAGs
[2022-05-05 06:07:35,988] {logging_mixin.py:115} INFO - [2022-05-05 06:07:35,988] {dag.py:2919} INFO - Setting next_dagrun for example_trigger_target_dag to None, run_after=None
[2022-05-05 06:07:36,002] {processor.py:161} INFO - Processing /home/airflow/.local/lib/python3.7/site-packages/airflow/example_dags/example_trigger_target_dag.py took 0.076 seconds
[2022-05-05 06:08:06,626] {processor.py:153} INFO - Started process (PID=1735) to work on /home/airflow/.local/lib/python3.7/site-packages/airflow/example_dags/example_trigger_target_dag.py
[2022-05-05 06:08:06,626] {processor.py:641} INFO - Processing file /home/airflow/.local/lib/python3.7/site-packages/airflow/example_dags/example_trigger_target_dag.py for tasks to queue
[2022-05-05 06:08:06,627] {logging_mixin.py:115} INFO - [2022-05-05 06:08:06,627] {dagbag.py:507} INFO - Filling up the DagBag from /home/airflow/.local/lib/python3.7/site-packages/airflow/example_dags/example_trigger_target_dag.py
[2022-05-05 06:08:06,642] {processor.py:651} INFO - DAG(s) dict_keys(['example_trigger_target_dag']) retrieved from /home/airflow/.local/lib/python3.7/site-packages/airflow/example_dags/example_trigger_target_dag.py
[2022-05-05 06:08:06,664] {logging_mixin.py:115} INFO - [2022-05-05 06:08:06,664] {dag.py:2371} INFO - Sync 1 DAGs
[2022-05-05 06:08:06,686] {logging_mixin.py:115} INFO - [2022-05-05 06:08:06,686] {dag.py:2919} INFO - Setting next_dagrun for example_trigger_target_dag to None, run_after=None
[2022-05-05 06:08:06,699] {processor.py:161} INFO - Processing /home/airflow/.local/lib/python3.7/site-packages/airflow/example_dags/example_trigger_target_dag.py took 0.076 seconds
[2022-05-05 06:08:37,181] {processor.py:153} INFO - Started process (PID=1798) to work on /home/airflow/.local/lib/python3.7/site-packages/airflow/example_dags/example_trigger_target_dag.py
[2022-05-05 06:08:37,181] {processor.py:641} INFO - Processing file /home/airflow/.local/lib/python3.7/site-packages/airflow/example_dags/example_trigger_target_dag.py for tasks to queue
[2022-05-05 06:08:37,182] {logging_mixin.py:115} INFO - [2022-05-05 06:08:37,182] {dagbag.py:507} INFO - Filling up the DagBag from /home/airflow/.local/lib/python3.7/site-packages/airflow/example_dags/example_trigger_target_dag.py
[2022-05-05 06:08:37,197] {processor.py:651} INFO - DAG(s) dict_keys(['example_trigger_target_dag']) retrieved from /home/airflow/.local/lib/python3.7/site-packages/airflow/example_dags/example_trigger_target_dag.py
[2022-05-05 06:08:37,217] {logging_mixin.py:115} INFO - [2022-05-05 06:08:37,217] {dag.py:2371} INFO - Sync 1 DAGs
[2022-05-05 06:08:37,238] {logging_mixin.py:115} INFO - [2022-05-05 06:08:37,237] {dag.py:2919} INFO - Setting next_dagrun for example_trigger_target_dag to None, run_after=None
[2022-05-05 06:08:37,254] {processor.py:161} INFO - Processing /home/airflow/.local/lib/python3.7/site-packages/airflow/example_dags/example_trigger_target_dag.py took 0.075 seconds
[2022-05-05 06:09:09,298] {processor.py:153} INFO - Started process (PID=1861) to work on /home/airflow/.local/lib/python3.7/site-packages/airflow/example_dags/example_trigger_target_dag.py
[2022-05-05 06:09:09,299] {processor.py:641} INFO - Processing file /home/airflow/.local/lib/python3.7/site-packages/airflow/example_dags/example_trigger_target_dag.py for tasks to queue
[2022-05-05 06:09:09,300] {logging_mixin.py:115} INFO - [2022-05-05 06:09:09,299] {dagbag.py:507} INFO - Filling up the DagBag from /home/airflow/.local/lib/python3.7/site-packages/airflow/example_dags/example_trigger_target_dag.py
[2022-05-05 06:09:09,432] {processor.py:651} INFO - DAG(s) dict_keys(['example_trigger_target_dag']) retrieved from /home/airflow/.local/lib/python3.7/site-packages/airflow/example_dags/example_trigger_target_dag.py
[2022-05-05 06:09:09,453] {logging_mixin.py:115} INFO - [2022-05-05 06:09:09,453] {dag.py:2371} INFO - Sync 1 DAGs
[2022-05-05 06:09:09,475] {logging_mixin.py:115} INFO - [2022-05-05 06:09:09,475] {dag.py:2919} INFO - Setting next_dagrun for example_trigger_target_dag to None, run_after=None
[2022-05-05 06:09:09,490] {processor.py:161} INFO - Processing /home/airflow/.local/lib/python3.7/site-packages/airflow/example_dags/example_trigger_target_dag.py took 0.194 seconds
[2022-05-05 06:09:40,788] {processor.py:153} INFO - Started process (PID=1923) to work on /home/airflow/.local/lib/python3.7/site-packages/airflow/example_dags/example_trigger_target_dag.py
[2022-05-05 06:09:40,788] {processor.py:641} INFO - Processing file /home/airflow/.local/lib/python3.7/site-packages/airflow/example_dags/example_trigger_target_dag.py for tasks to queue
[2022-05-05 06:09:40,789] {logging_mixin.py:115} INFO - [2022-05-05 06:09:40,789] {dagbag.py:507} INFO - Filling up the DagBag from /home/airflow/.local/lib/python3.7/site-packages/airflow/example_dags/example_trigger_target_dag.py
[2022-05-05 06:09:40,909] {processor.py:651} INFO - DAG(s) dict_keys(['example_trigger_target_dag']) retrieved from /home/airflow/.local/lib/python3.7/site-packages/airflow/example_dags/example_trigger_target_dag.py
[2022-05-05 06:09:40,930] {logging_mixin.py:115} INFO - [2022-05-05 06:09:40,930] {dag.py:2371} INFO - Sync 1 DAGs
[2022-05-05 06:09:40,950] {logging_mixin.py:115} INFO - [2022-05-05 06:09:40,950] {dag.py:2919} INFO - Setting next_dagrun for example_trigger_target_dag to None, run_after=None
[2022-05-05 06:09:40,964] {processor.py:161} INFO - Processing /home/airflow/.local/lib/python3.7/site-packages/airflow/example_dags/example_trigger_target_dag.py took 0.179 seconds
[2022-05-05 06:10:11,090] {processor.py:153} INFO - Started process (PID=1975) to work on /home/airflow/.local/lib/python3.7/site-packages/airflow/example_dags/example_trigger_target_dag.py
[2022-05-05 06:10:11,090] {processor.py:641} INFO - Processing file /home/airflow/.local/lib/python3.7/site-packages/airflow/example_dags/example_trigger_target_dag.py for tasks to queue
[2022-05-05 06:10:11,090] {logging_mixin.py:115} INFO - [2022-05-05 06:10:11,090] {dagbag.py:507} INFO - Filling up the DagBag from /home/airflow/.local/lib/python3.7/site-packages/airflow/example_dags/example_trigger_target_dag.py
[2022-05-05 06:10:11,244] {processor.py:651} INFO - DAG(s) dict_keys(['example_trigger_target_dag']) retrieved from /home/airflow/.local/lib/python3.7/site-packages/airflow/example_dags/example_trigger_target_dag.py
[2022-05-05 06:10:11,266] {logging_mixin.py:115} INFO - [2022-05-05 06:10:11,266] {dag.py:2371} INFO - Sync 1 DAGs
[2022-05-05 06:10:11,291] {logging_mixin.py:115} INFO - [2022-05-05 06:10:11,290] {dag.py:2919} INFO - Setting next_dagrun for example_trigger_target_dag to None, run_after=None
[2022-05-05 06:10:11,312] {processor.py:161} INFO - Processing /home/airflow/.local/lib/python3.7/site-packages/airflow/example_dags/example_trigger_target_dag.py took 0.225 seconds
[2022-05-05 06:10:41,781] {processor.py:153} INFO - Started process (PID=2036) to work on /home/airflow/.local/lib/python3.7/site-packages/airflow/example_dags/example_trigger_target_dag.py
[2022-05-05 06:10:41,783] {processor.py:641} INFO - Processing file /home/airflow/.local/lib/python3.7/site-packages/airflow/example_dags/example_trigger_target_dag.py for tasks to queue
[2022-05-05 06:10:41,783] {logging_mixin.py:115} INFO - [2022-05-05 06:10:41,783] {dagbag.py:507} INFO - Filling up the DagBag from /home/airflow/.local/lib/python3.7/site-packages/airflow/example_dags/example_trigger_target_dag.py
[2022-05-05 06:10:41,914] {processor.py:651} INFO - DAG(s) dict_keys(['example_trigger_target_dag']) retrieved from /home/airflow/.local/lib/python3.7/site-packages/airflow/example_dags/example_trigger_target_dag.py
[2022-05-05 06:10:41,938] {logging_mixin.py:115} INFO - [2022-05-05 06:10:41,938] {dag.py:2371} INFO - Sync 1 DAGs
[2022-05-05 06:10:41,965] {logging_mixin.py:115} INFO - [2022-05-05 06:10:41,965] {dag.py:2919} INFO - Setting next_dagrun for example_trigger_target_dag to None, run_after=None
[2022-05-05 06:10:41,979] {processor.py:161} INFO - Processing /home/airflow/.local/lib/python3.7/site-packages/airflow/example_dags/example_trigger_target_dag.py took 0.201 seconds
[2022-05-05 06:11:12,678] {processor.py:153} INFO - Started process (PID=2099) to work on /home/airflow/.local/lib/python3.7/site-packages/airflow/example_dags/example_trigger_target_dag.py
[2022-05-05 06:11:12,678] {processor.py:641} INFO - Processing file /home/airflow/.local/lib/python3.7/site-packages/airflow/example_dags/example_trigger_target_dag.py for tasks to queue
[2022-05-05 06:11:12,678] {logging_mixin.py:115} INFO - [2022-05-05 06:11:12,678] {dagbag.py:507} INFO - Filling up the DagBag from /home/airflow/.local/lib/python3.7/site-packages/airflow/example_dags/example_trigger_target_dag.py
[2022-05-05 06:11:12,811] {processor.py:651} INFO - DAG(s) dict_keys(['example_trigger_target_dag']) retrieved from /home/airflow/.local/lib/python3.7/site-packages/airflow/example_dags/example_trigger_target_dag.py
[2022-05-05 06:11:12,837] {logging_mixin.py:115} INFO - [2022-05-05 06:11:12,837] {dag.py:2371} INFO - Sync 1 DAGs
[2022-05-05 06:11:12,861] {logging_mixin.py:115} INFO - [2022-05-05 06:11:12,860] {dag.py:2919} INFO - Setting next_dagrun for example_trigger_target_dag to None, run_after=None
[2022-05-05 06:11:12,877] {processor.py:161} INFO - Processing /home/airflow/.local/lib/python3.7/site-packages/airflow/example_dags/example_trigger_target_dag.py took 0.202 seconds
[2022-05-05 06:11:43,051] {processor.py:153} INFO - Started process (PID=2151) to work on /home/airflow/.local/lib/python3.7/site-packages/airflow/example_dags/example_trigger_target_dag.py
[2022-05-05 06:11:43,052] {processor.py:641} INFO - Processing file /home/airflow/.local/lib/python3.7/site-packages/airflow/example_dags/example_trigger_target_dag.py for tasks to queue
[2022-05-05 06:11:43,053] {logging_mixin.py:115} INFO - [2022-05-05 06:11:43,053] {dagbag.py:507} INFO - Filling up the DagBag from /home/airflow/.local/lib/python3.7/site-packages/airflow/example_dags/example_trigger_target_dag.py
[2022-05-05 06:11:43,180] {processor.py:651} INFO - DAG(s) dict_keys(['example_trigger_target_dag']) retrieved from /home/airflow/.local/lib/python3.7/site-packages/airflow/example_dags/example_trigger_target_dag.py
[2022-05-05 06:11:43,203] {logging_mixin.py:115} INFO - [2022-05-05 06:11:43,203] {dag.py:2371} INFO - Sync 1 DAGs
[2022-05-05 06:11:43,226] {logging_mixin.py:115} INFO - [2022-05-05 06:11:43,226] {dag.py:2919} INFO - Setting next_dagrun for example_trigger_target_dag to None, run_after=None
[2022-05-05 06:11:43,241] {processor.py:161} INFO - Processing /home/airflow/.local/lib/python3.7/site-packages/airflow/example_dags/example_trigger_target_dag.py took 0.193 seconds
[2022-05-05 06:12:13,405] {processor.py:153} INFO - Started process (PID=2212) to work on /home/airflow/.local/lib/python3.7/site-packages/airflow/example_dags/example_trigger_target_dag.py
[2022-05-05 06:12:13,405] {processor.py:641} INFO - Processing file /home/airflow/.local/lib/python3.7/site-packages/airflow/example_dags/example_trigger_target_dag.py for tasks to queue
[2022-05-05 06:12:13,405] {logging_mixin.py:115} INFO - [2022-05-05 06:12:13,405] {dagbag.py:507} INFO - Filling up the DagBag from /home/airflow/.local/lib/python3.7/site-packages/airflow/example_dags/example_trigger_target_dag.py
[2022-05-05 06:12:13,587] {processor.py:651} INFO - DAG(s) dict_keys(['example_trigger_target_dag']) retrieved from /home/airflow/.local/lib/python3.7/site-packages/airflow/example_dags/example_trigger_target_dag.py
[2022-05-05 06:12:13,627] {logging_mixin.py:115} INFO - [2022-05-05 06:12:13,627] {dag.py:2371} INFO - Sync 1 DAGs
[2022-05-05 06:12:13,662] {logging_mixin.py:115} INFO - [2022-05-05 06:12:13,662] {dag.py:2919} INFO - Setting next_dagrun for example_trigger_target_dag to None, run_after=None
[2022-05-05 06:12:13,686] {processor.py:161} INFO - Processing /home/airflow/.local/lib/python3.7/site-packages/airflow/example_dags/example_trigger_target_dag.py took 0.284 seconds
[2022-05-05 06:12:44,496] {processor.py:153} INFO - Started process (PID=2274) to work on /home/airflow/.local/lib/python3.7/site-packages/airflow/example_dags/example_trigger_target_dag.py
[2022-05-05 06:12:44,497] {processor.py:641} INFO - Processing file /home/airflow/.local/lib/python3.7/site-packages/airflow/example_dags/example_trigger_target_dag.py for tasks to queue
[2022-05-05 06:12:44,498] {logging_mixin.py:115} INFO - [2022-05-05 06:12:44,498] {dagbag.py:507} INFO - Filling up the DagBag from /home/airflow/.local/lib/python3.7/site-packages/airflow/example_dags/example_trigger_target_dag.py
[2022-05-05 06:12:44,652] {processor.py:651} INFO - DAG(s) dict_keys(['example_trigger_target_dag']) retrieved from /home/airflow/.local/lib/python3.7/site-packages/airflow/example_dags/example_trigger_target_dag.py
[2022-05-05 06:12:44,677] {logging_mixin.py:115} INFO - [2022-05-05 06:12:44,677] {dag.py:2371} INFO - Sync 1 DAGs
[2022-05-05 06:12:44,706] {logging_mixin.py:115} INFO - [2022-05-05 06:12:44,706] {dag.py:2919} INFO - Setting next_dagrun for example_trigger_target_dag to None, run_after=None
[2022-05-05 06:12:44,724] {processor.py:161} INFO - Processing /home/airflow/.local/lib/python3.7/site-packages/airflow/example_dags/example_trigger_target_dag.py took 0.230 seconds
[2022-05-05 06:13:14,908] {processor.py:153} INFO - Started process (PID=2326) to work on /home/airflow/.local/lib/python3.7/site-packages/airflow/example_dags/example_trigger_target_dag.py
[2022-05-05 06:13:14,909] {processor.py:641} INFO - Processing file /home/airflow/.local/lib/python3.7/site-packages/airflow/example_dags/example_trigger_target_dag.py for tasks to queue
[2022-05-05 06:13:14,909] {logging_mixin.py:115} INFO - [2022-05-05 06:13:14,909] {dagbag.py:507} INFO - Filling up the DagBag from /home/airflow/.local/lib/python3.7/site-packages/airflow/example_dags/example_trigger_target_dag.py
[2022-05-05 06:13:15,070] {processor.py:651} INFO - DAG(s) dict_keys(['example_trigger_target_dag']) retrieved from /home/airflow/.local/lib/python3.7/site-packages/airflow/example_dags/example_trigger_target_dag.py
[2022-05-05 06:13:15,094] {logging_mixin.py:115} INFO - [2022-05-05 06:13:15,094] {dag.py:2371} INFO - Sync 1 DAGs
[2022-05-05 06:13:15,114] {logging_mixin.py:115} INFO - [2022-05-05 06:13:15,113] {dag.py:2919} INFO - Setting next_dagrun for example_trigger_target_dag to None, run_after=None
[2022-05-05 06:13:15,126] {processor.py:161} INFO - Processing /home/airflow/.local/lib/python3.7/site-packages/airflow/example_dags/example_trigger_target_dag.py took 0.221 seconds
[2022-05-05 06:13:45,297] {processor.py:153} INFO - Started process (PID=2388) to work on /home/airflow/.local/lib/python3.7/site-packages/airflow/example_dags/example_trigger_target_dag.py
[2022-05-05 06:13:45,298] {processor.py:641} INFO - Processing file /home/airflow/.local/lib/python3.7/site-packages/airflow/example_dags/example_trigger_target_dag.py for tasks to queue
[2022-05-05 06:13:45,298] {logging_mixin.py:115} INFO - [2022-05-05 06:13:45,298] {dagbag.py:507} INFO - Filling up the DagBag from /home/airflow/.local/lib/python3.7/site-packages/airflow/example_dags/example_trigger_target_dag.py
[2022-05-05 06:13:45,428] {processor.py:651} INFO - DAG(s) dict_keys(['example_trigger_target_dag']) retrieved from /home/airflow/.local/lib/python3.7/site-packages/airflow/example_dags/example_trigger_target_dag.py
[2022-05-05 06:13:45,447] {logging_mixin.py:115} INFO - [2022-05-05 06:13:45,447] {dag.py:2371} INFO - Sync 1 DAGs
[2022-05-05 06:13:45,467] {logging_mixin.py:115} INFO - [2022-05-05 06:13:45,467] {dag.py:2919} INFO - Setting next_dagrun for example_trigger_target_dag to None, run_after=None
[2022-05-05 06:13:45,482] {processor.py:161} INFO - Processing /home/airflow/.local/lib/python3.7/site-packages/airflow/example_dags/example_trigger_target_dag.py took 0.187 seconds
[2022-05-05 06:14:16,407] {processor.py:153} INFO - Started process (PID=2441) to work on /home/airflow/.local/lib/python3.7/site-packages/airflow/example_dags/example_trigger_target_dag.py
[2022-05-05 06:14:16,407] {processor.py:641} INFO - Processing file /home/airflow/.local/lib/python3.7/site-packages/airflow/example_dags/example_trigger_target_dag.py for tasks to queue
[2022-05-05 06:14:16,408] {logging_mixin.py:115} INFO - [2022-05-05 06:14:16,408] {dagbag.py:507} INFO - Filling up the DagBag from /home/airflow/.local/lib/python3.7/site-packages/airflow/example_dags/example_trigger_target_dag.py
[2022-05-05 06:14:16,424] {processor.py:651} INFO - DAG(s) dict_keys(['example_trigger_target_dag']) retrieved from /home/airflow/.local/lib/python3.7/site-packages/airflow/example_dags/example_trigger_target_dag.py
[2022-05-05 06:14:16,446] {logging_mixin.py:115} INFO - [2022-05-05 06:14:16,446] {dag.py:2371} INFO - Sync 1 DAGs
[2022-05-05 06:14:16,470] {logging_mixin.py:115} INFO - [2022-05-05 06:14:16,470] {dag.py:2919} INFO - Setting next_dagrun for example_trigger_target_dag to None, run_after=None
[2022-05-05 06:14:16,484] {processor.py:161} INFO - Processing /home/airflow/.local/lib/python3.7/site-packages/airflow/example_dags/example_trigger_target_dag.py took 0.081 seconds
[2022-05-05 06:14:47,023] {processor.py:153} INFO - Started process (PID=2502) to work on /home/airflow/.local/lib/python3.7/site-packages/airflow/example_dags/example_trigger_target_dag.py
[2022-05-05 06:14:47,025] {processor.py:641} INFO - Processing file /home/airflow/.local/lib/python3.7/site-packages/airflow/example_dags/example_trigger_target_dag.py for tasks to queue
[2022-05-05 06:14:47,025] {logging_mixin.py:115} INFO - [2022-05-05 06:14:47,025] {dagbag.py:507} INFO - Filling up the DagBag from /home/airflow/.local/lib/python3.7/site-packages/airflow/example_dags/example_trigger_target_dag.py
[2022-05-05 06:14:47,045] {processor.py:651} INFO - DAG(s) dict_keys(['example_trigger_target_dag']) retrieved from /home/airflow/.local/lib/python3.7/site-packages/airflow/example_dags/example_trigger_target_dag.py
[2022-05-05 06:14:47,069] {logging_mixin.py:115} INFO - [2022-05-05 06:14:47,069] {dag.py:2371} INFO - Sync 1 DAGs
[2022-05-05 06:14:47,092] {logging_mixin.py:115} INFO - [2022-05-05 06:14:47,092] {dag.py:2919} INFO - Setting next_dagrun for example_trigger_target_dag to None, run_after=None
[2022-05-05 06:14:47,106] {processor.py:161} INFO - Processing /home/airflow/.local/lib/python3.7/site-packages/airflow/example_dags/example_trigger_target_dag.py took 0.086 seconds
[2022-05-05 06:15:17,835] {processor.py:153} INFO - Started process (PID=2564) to work on /home/airflow/.local/lib/python3.7/site-packages/airflow/example_dags/example_trigger_target_dag.py
[2022-05-05 06:15:17,835] {processor.py:641} INFO - Processing file /home/airflow/.local/lib/python3.7/site-packages/airflow/example_dags/example_trigger_target_dag.py for tasks to queue
[2022-05-05 06:15:17,836] {logging_mixin.py:115} INFO - [2022-05-05 06:15:17,836] {dagbag.py:507} INFO - Filling up the DagBag from /home/airflow/.local/lib/python3.7/site-packages/airflow/example_dags/example_trigger_target_dag.py
[2022-05-05 06:15:17,850] {processor.py:651} INFO - DAG(s) dict_keys(['example_trigger_target_dag']) retrieved from /home/airflow/.local/lib/python3.7/site-packages/airflow/example_dags/example_trigger_target_dag.py
[2022-05-05 06:15:17,876] {logging_mixin.py:115} INFO - [2022-05-05 06:15:17,876] {dag.py:2371} INFO - Sync 1 DAGs
[2022-05-05 06:15:17,900] {logging_mixin.py:115} INFO - [2022-05-05 06:15:17,900] {dag.py:2919} INFO - Setting next_dagrun for example_trigger_target_dag to None, run_after=None
[2022-05-05 06:15:17,915] {processor.py:161} INFO - Processing /home/airflow/.local/lib/python3.7/site-packages/airflow/example_dags/example_trigger_target_dag.py took 0.082 seconds
[2022-05-05 06:15:48,634] {processor.py:153} INFO - Started process (PID=2617) to work on /home/airflow/.local/lib/python3.7/site-packages/airflow/example_dags/example_trigger_target_dag.py
[2022-05-05 06:15:48,636] {processor.py:641} INFO - Processing file /home/airflow/.local/lib/python3.7/site-packages/airflow/example_dags/example_trigger_target_dag.py for tasks to queue
[2022-05-05 06:15:48,636] {logging_mixin.py:115} INFO - [2022-05-05 06:15:48,636] {dagbag.py:507} INFO - Filling up the DagBag from /home/airflow/.local/lib/python3.7/site-packages/airflow/example_dags/example_trigger_target_dag.py
[2022-05-05 06:15:48,651] {processor.py:651} INFO - DAG(s) dict_keys(['example_trigger_target_dag']) retrieved from /home/airflow/.local/lib/python3.7/site-packages/airflow/example_dags/example_trigger_target_dag.py
[2022-05-05 06:15:48,675] {logging_mixin.py:115} INFO - [2022-05-05 06:15:48,675] {dag.py:2371} INFO - Sync 1 DAGs
[2022-05-05 06:15:48,699] {logging_mixin.py:115} INFO - [2022-05-05 06:15:48,699] {dag.py:2919} INFO - Setting next_dagrun for example_trigger_target_dag to None, run_after=None
[2022-05-05 06:15:48,712] {processor.py:161} INFO - Processing /home/airflow/.local/lib/python3.7/site-packages/airflow/example_dags/example_trigger_target_dag.py took 0.081 seconds
[2022-05-05 06:16:19,325] {processor.py:153} INFO - Started process (PID=2680) to work on /home/airflow/.local/lib/python3.7/site-packages/airflow/example_dags/example_trigger_target_dag.py
[2022-05-05 06:16:19,326] {processor.py:641} INFO - Processing file /home/airflow/.local/lib/python3.7/site-packages/airflow/example_dags/example_trigger_target_dag.py for tasks to queue
[2022-05-05 06:16:19,326] {logging_mixin.py:115} INFO - [2022-05-05 06:16:19,326] {dagbag.py:507} INFO - Filling up the DagBag from /home/airflow/.local/lib/python3.7/site-packages/airflow/example_dags/example_trigger_target_dag.py
[2022-05-05 06:16:19,340] {processor.py:651} INFO - DAG(s) dict_keys(['example_trigger_target_dag']) retrieved from /home/airflow/.local/lib/python3.7/site-packages/airflow/example_dags/example_trigger_target_dag.py
[2022-05-05 06:16:19,364] {logging_mixin.py:115} INFO - [2022-05-05 06:16:19,363] {dag.py:2371} INFO - Sync 1 DAGs
[2022-05-05 06:16:19,386] {logging_mixin.py:115} INFO - [2022-05-05 06:16:19,386] {dag.py:2919} INFO - Setting next_dagrun for example_trigger_target_dag to None, run_after=None
[2022-05-05 06:16:19,399] {processor.py:161} INFO - Processing /home/airflow/.local/lib/python3.7/site-packages/airflow/example_dags/example_trigger_target_dag.py took 0.077 seconds
[2022-05-05 06:16:50,129] {processor.py:153} INFO - Started process (PID=2742) to work on /home/airflow/.local/lib/python3.7/site-packages/airflow/example_dags/example_trigger_target_dag.py
[2022-05-05 06:16:50,130] {processor.py:641} INFO - Processing file /home/airflow/.local/lib/python3.7/site-packages/airflow/example_dags/example_trigger_target_dag.py for tasks to queue
[2022-05-05 06:16:50,131] {logging_mixin.py:115} INFO - [2022-05-05 06:16:50,131] {dagbag.py:507} INFO - Filling up the DagBag from /home/airflow/.local/lib/python3.7/site-packages/airflow/example_dags/example_trigger_target_dag.py
[2022-05-05 06:16:50,145] {processor.py:651} INFO - DAG(s) dict_keys(['example_trigger_target_dag']) retrieved from /home/airflow/.local/lib/python3.7/site-packages/airflow/example_dags/example_trigger_target_dag.py
[2022-05-05 06:16:50,168] {logging_mixin.py:115} INFO - [2022-05-05 06:16:50,168] {dag.py:2371} INFO - Sync 1 DAGs
[2022-05-05 06:16:50,191] {logging_mixin.py:115} INFO - [2022-05-05 06:16:50,191] {dag.py:2919} INFO - Setting next_dagrun for example_trigger_target_dag to None, run_after=None
[2022-05-05 06:16:50,205] {processor.py:161} INFO - Processing /home/airflow/.local/lib/python3.7/site-packages/airflow/example_dags/example_trigger_target_dag.py took 0.078 seconds
[2022-05-05 06:17:20,682] {processor.py:153} INFO - Started process (PID=2796) to work on /home/airflow/.local/lib/python3.7/site-packages/airflow/example_dags/example_trigger_target_dag.py
[2022-05-05 06:17:20,682] {processor.py:641} INFO - Processing file /home/airflow/.local/lib/python3.7/site-packages/airflow/example_dags/example_trigger_target_dag.py for tasks to queue
[2022-05-05 06:17:20,682] {logging_mixin.py:115} INFO - [2022-05-05 06:17:20,682] {dagbag.py:507} INFO - Filling up the DagBag from /home/airflow/.local/lib/python3.7/site-packages/airflow/example_dags/example_trigger_target_dag.py
[2022-05-05 06:17:20,697] {processor.py:651} INFO - DAG(s) dict_keys(['example_trigger_target_dag']) retrieved from /home/airflow/.local/lib/python3.7/site-packages/airflow/example_dags/example_trigger_target_dag.py
[2022-05-05 06:17:20,719] {logging_mixin.py:115} INFO - [2022-05-05 06:17:20,719] {dag.py:2371} INFO - Sync 1 DAGs
[2022-05-05 06:17:20,742] {logging_mixin.py:115} INFO - [2022-05-05 06:17:20,742] {dag.py:2919} INFO - Setting next_dagrun for example_trigger_target_dag to None, run_after=None
[2022-05-05 06:17:20,760] {processor.py:161} INFO - Processing /home/airflow/.local/lib/python3.7/site-packages/airflow/example_dags/example_trigger_target_dag.py took 0.081 seconds
[2022-05-05 06:17:51,409] {processor.py:153} INFO - Started process (PID=2858) to work on /home/airflow/.local/lib/python3.7/site-packages/airflow/example_dags/example_trigger_target_dag.py
[2022-05-05 06:17:51,411] {processor.py:641} INFO - Processing file /home/airflow/.local/lib/python3.7/site-packages/airflow/example_dags/example_trigger_target_dag.py for tasks to queue
[2022-05-05 06:17:51,412] {logging_mixin.py:115} INFO - [2022-05-05 06:17:51,412] {dagbag.py:507} INFO - Filling up the DagBag from /home/airflow/.local/lib/python3.7/site-packages/airflow/example_dags/example_trigger_target_dag.py
[2022-05-05 06:17:51,426] {processor.py:651} INFO - DAG(s) dict_keys(['example_trigger_target_dag']) retrieved from /home/airflow/.local/lib/python3.7/site-packages/airflow/example_dags/example_trigger_target_dag.py
[2022-05-05 06:17:51,449] {logging_mixin.py:115} INFO - [2022-05-05 06:17:51,449] {dag.py:2371} INFO - Sync 1 DAGs
[2022-05-05 06:17:51,469] {logging_mixin.py:115} INFO - [2022-05-05 06:17:51,469] {dag.py:2919} INFO - Setting next_dagrun for example_trigger_target_dag to None, run_after=None
[2022-05-05 06:17:51,484] {processor.py:161} INFO - Processing /home/airflow/.local/lib/python3.7/site-packages/airflow/example_dags/example_trigger_target_dag.py took 0.078 seconds
[2022-05-05 06:18:22,154] {processor.py:153} INFO - Started process (PID=2920) to work on /home/airflow/.local/lib/python3.7/site-packages/airflow/example_dags/example_trigger_target_dag.py
[2022-05-05 06:18:22,156] {processor.py:641} INFO - Processing file /home/airflow/.local/lib/python3.7/site-packages/airflow/example_dags/example_trigger_target_dag.py for tasks to queue
[2022-05-05 06:18:22,157] {logging_mixin.py:115} INFO - [2022-05-05 06:18:22,157] {dagbag.py:507} INFO - Filling up the DagBag from /home/airflow/.local/lib/python3.7/site-packages/airflow/example_dags/example_trigger_target_dag.py
[2022-05-05 06:18:22,171] {processor.py:651} INFO - DAG(s) dict_keys(['example_trigger_target_dag']) retrieved from /home/airflow/.local/lib/python3.7/site-packages/airflow/example_dags/example_trigger_target_dag.py
[2022-05-05 06:18:22,196] {logging_mixin.py:115} INFO - [2022-05-05 06:18:22,196] {dag.py:2371} INFO - Sync 1 DAGs
[2022-05-05 06:18:22,215] {logging_mixin.py:115} INFO - [2022-05-05 06:18:22,215] {dag.py:2919} INFO - Setting next_dagrun for example_trigger_target_dag to None, run_after=None
[2022-05-05 06:18:22,229] {processor.py:161} INFO - Processing /home/airflow/.local/lib/python3.7/site-packages/airflow/example_dags/example_trigger_target_dag.py took 0.078 seconds
[2022-05-05 06:18:52,760] {processor.py:153} INFO - Started process (PID=2974) to work on /home/airflow/.local/lib/python3.7/site-packages/airflow/example_dags/example_trigger_target_dag.py
[2022-05-05 06:18:52,760] {processor.py:641} INFO - Processing file /home/airflow/.local/lib/python3.7/site-packages/airflow/example_dags/example_trigger_target_dag.py for tasks to queue
[2022-05-05 06:18:52,760] {logging_mixin.py:115} INFO - [2022-05-05 06:18:52,760] {dagbag.py:507} INFO - Filling up the DagBag from /home/airflow/.local/lib/python3.7/site-packages/airflow/example_dags/example_trigger_target_dag.py
[2022-05-05 06:18:52,774] {processor.py:651} INFO - DAG(s) dict_keys(['example_trigger_target_dag']) retrieved from /home/airflow/.local/lib/python3.7/site-packages/airflow/example_dags/example_trigger_target_dag.py
[2022-05-05 06:18:52,798] {logging_mixin.py:115} INFO - [2022-05-05 06:18:52,797] {dag.py:2371} INFO - Sync 1 DAGs
[2022-05-05 06:18:52,824] {logging_mixin.py:115} INFO - [2022-05-05 06:18:52,824] {dag.py:2919} INFO - Setting next_dagrun for example_trigger_target_dag to None, run_after=None
[2022-05-05 06:18:52,840] {processor.py:161} INFO - Processing /home/airflow/.local/lib/python3.7/site-packages/airflow/example_dags/example_trigger_target_dag.py took 0.083 seconds
[2022-05-05 06:19:23,717] {processor.py:153} INFO - Started process (PID=3036) to work on /home/airflow/.local/lib/python3.7/site-packages/airflow/example_dags/example_trigger_target_dag.py
[2022-05-05 06:19:23,718] {processor.py:641} INFO - Processing file /home/airflow/.local/lib/python3.7/site-packages/airflow/example_dags/example_trigger_target_dag.py for tasks to queue
[2022-05-05 06:19:23,719] {logging_mixin.py:115} INFO - [2022-05-05 06:19:23,719] {dagbag.py:507} INFO - Filling up the DagBag from /home/airflow/.local/lib/python3.7/site-packages/airflow/example_dags/example_trigger_target_dag.py
[2022-05-05 06:19:23,741] {processor.py:651} INFO - DAG(s) dict_keys(['example_trigger_target_dag']) retrieved from /home/airflow/.local/lib/python3.7/site-packages/airflow/example_dags/example_trigger_target_dag.py
[2022-05-05 06:19:23,775] {logging_mixin.py:115} INFO - [2022-05-05 06:19:23,775] {dag.py:2371} INFO - Sync 1 DAGs
[2022-05-05 06:19:23,799] {logging_mixin.py:115} INFO - [2022-05-05 06:19:23,798] {dag.py:2919} INFO - Setting next_dagrun for example_trigger_target_dag to None, run_after=None
[2022-05-05 06:19:23,813] {processor.py:161} INFO - Processing /home/airflow/.local/lib/python3.7/site-packages/airflow/example_dags/example_trigger_target_dag.py took 0.100 seconds
[2022-05-05 06:19:54,652] {processor.py:153} INFO - Started process (PID=3100) to work on /home/airflow/.local/lib/python3.7/site-packages/airflow/example_dags/example_trigger_target_dag.py
[2022-05-05 06:19:54,652] {processor.py:641} INFO - Processing file /home/airflow/.local/lib/python3.7/site-packages/airflow/example_dags/example_trigger_target_dag.py for tasks to queue
[2022-05-05 06:19:54,653] {logging_mixin.py:115} INFO - [2022-05-05 06:19:54,653] {dagbag.py:507} INFO - Filling up the DagBag from /home/airflow/.local/lib/python3.7/site-packages/airflow/example_dags/example_trigger_target_dag.py
[2022-05-05 06:19:54,666] {processor.py:651} INFO - DAG(s) dict_keys(['example_trigger_target_dag']) retrieved from /home/airflow/.local/lib/python3.7/site-packages/airflow/example_dags/example_trigger_target_dag.py
[2022-05-05 06:19:54,691] {logging_mixin.py:115} INFO - [2022-05-05 06:19:54,691] {dag.py:2371} INFO - Sync 1 DAGs
[2022-05-05 06:19:54,712] {logging_mixin.py:115} INFO - [2022-05-05 06:19:54,712] {dag.py:2919} INFO - Setting next_dagrun for example_trigger_target_dag to None, run_after=None
[2022-05-05 06:19:54,725] {processor.py:161} INFO - Processing /home/airflow/.local/lib/python3.7/site-packages/airflow/example_dags/example_trigger_target_dag.py took 0.076 seconds
[2022-05-05 06:20:25,324] {processor.py:153} INFO - Started process (PID=3154) to work on /home/airflow/.local/lib/python3.7/site-packages/airflow/example_dags/example_trigger_target_dag.py
[2022-05-05 06:20:25,331] {processor.py:641} INFO - Processing file /home/airflow/.local/lib/python3.7/site-packages/airflow/example_dags/example_trigger_target_dag.py for tasks to queue
[2022-05-05 06:20:25,332] {logging_mixin.py:115} INFO - [2022-05-05 06:20:25,332] {dagbag.py:507} INFO - Filling up the DagBag from /home/airflow/.local/lib/python3.7/site-packages/airflow/example_dags/example_trigger_target_dag.py
[2022-05-05 06:20:25,346] {processor.py:651} INFO - DAG(s) dict_keys(['example_trigger_target_dag']) retrieved from /home/airflow/.local/lib/python3.7/site-packages/airflow/example_dags/example_trigger_target_dag.py
[2022-05-05 06:20:25,372] {logging_mixin.py:115} INFO - [2022-05-05 06:20:25,372] {dag.py:2371} INFO - Sync 1 DAGs
[2022-05-05 06:20:25,393] {logging_mixin.py:115} INFO - [2022-05-05 06:20:25,393] {dag.py:2919} INFO - Setting next_dagrun for example_trigger_target_dag to None, run_after=None
[2022-05-05 06:20:25,406] {processor.py:161} INFO - Processing /home/airflow/.local/lib/python3.7/site-packages/airflow/example_dags/example_trigger_target_dag.py took 0.084 seconds
[2022-05-05 06:20:56,089] {processor.py:153} INFO - Started process (PID=3217) to work on /home/airflow/.local/lib/python3.7/site-packages/airflow/example_dags/example_trigger_target_dag.py
[2022-05-05 06:20:56,090] {processor.py:641} INFO - Processing file /home/airflow/.local/lib/python3.7/site-packages/airflow/example_dags/example_trigger_target_dag.py for tasks to queue
[2022-05-05 06:20:56,091] {logging_mixin.py:115} INFO - [2022-05-05 06:20:56,091] {dagbag.py:507} INFO - Filling up the DagBag from /home/airflow/.local/lib/python3.7/site-packages/airflow/example_dags/example_trigger_target_dag.py
[2022-05-05 06:20:56,115] {processor.py:651} INFO - DAG(s) dict_keys(['example_trigger_target_dag']) retrieved from /home/airflow/.local/lib/python3.7/site-packages/airflow/example_dags/example_trigger_target_dag.py
[2022-05-05 06:20:56,154] {logging_mixin.py:115} INFO - [2022-05-05 06:20:56,154] {dag.py:2371} INFO - Sync 1 DAGs
[2022-05-05 06:20:56,176] {logging_mixin.py:115} INFO - [2022-05-05 06:20:56,176] {dag.py:2919} INFO - Setting next_dagrun for example_trigger_target_dag to None, run_after=None
[2022-05-05 06:20:56,190] {processor.py:161} INFO - Processing /home/airflow/.local/lib/python3.7/site-packages/airflow/example_dags/example_trigger_target_dag.py took 0.104 seconds
[2022-05-05 06:21:26,961] {processor.py:153} INFO - Started process (PID=3280) to work on /home/airflow/.local/lib/python3.7/site-packages/airflow/example_dags/example_trigger_target_dag.py
[2022-05-05 06:21:26,962] {processor.py:641} INFO - Processing file /home/airflow/.local/lib/python3.7/site-packages/airflow/example_dags/example_trigger_target_dag.py for tasks to queue
[2022-05-05 06:21:26,963] {logging_mixin.py:115} INFO - [2022-05-05 06:21:26,963] {dagbag.py:507} INFO - Filling up the DagBag from /home/airflow/.local/lib/python3.7/site-packages/airflow/example_dags/example_trigger_target_dag.py
[2022-05-05 06:21:26,988] {processor.py:651} INFO - DAG(s) dict_keys(['example_trigger_target_dag']) retrieved from /home/airflow/.local/lib/python3.7/site-packages/airflow/example_dags/example_trigger_target_dag.py
[2022-05-05 06:21:27,038] {logging_mixin.py:115} INFO - [2022-05-05 06:21:27,038] {dag.py:2371} INFO - Sync 1 DAGs
[2022-05-05 06:21:27,069] {logging_mixin.py:115} INFO - [2022-05-05 06:21:27,069] {dag.py:2919} INFO - Setting next_dagrun for example_trigger_target_dag to None, run_after=None
[2022-05-05 06:21:27,091] {processor.py:161} INFO - Processing /home/airflow/.local/lib/python3.7/site-packages/airflow/example_dags/example_trigger_target_dag.py took 0.134 seconds
