[2022-05-05 05:41:31,955] {processor.py:153} INFO - Started process (PID=71) to work on /home/airflow/.local/lib/python3.7/site-packages/airflow/example_dags/example_sla_dag.py
[2022-05-05 05:41:31,956] {processor.py:641} INFO - Processing file /home/airflow/.local/lib/python3.7/site-packages/airflow/example_dags/example_sla_dag.py for tasks to queue
[2022-05-05 05:41:31,956] {logging_mixin.py:115} INFO - [2022-05-05 05:41:31,956] {dagbag.py:507} INFO - Filling up the DagBag from /home/airflow/.local/lib/python3.7/site-packages/airflow/example_dags/example_sla_dag.py
[2022-05-05 05:41:31,973] {processor.py:651} INFO - DAG(s) dict_keys(['example_sla_dag']) retrieved from /home/airflow/.local/lib/python3.7/site-packages/airflow/example_dags/example_sla_dag.py
[2022-05-05 05:41:32,176] {logging_mixin.py:115} INFO - [2022-05-05 05:41:32,176] {manager.py:508} INFO - Created Permission View: can delete on DAG:example_sla_dag
[2022-05-05 05:41:32,190] {logging_mixin.py:115} INFO - [2022-05-05 05:41:32,190] {manager.py:508} INFO - Created Permission View: can edit on DAG:example_sla_dag
[2022-05-05 05:41:32,202] {logging_mixin.py:115} INFO - [2022-05-05 05:41:32,202] {manager.py:508} INFO - Created Permission View: can read on DAG:example_sla_dag
[2022-05-05 05:41:32,202] {logging_mixin.py:115} INFO - [2022-05-05 05:41:32,202] {dag.py:2371} INFO - Sync 1 DAGs
[2022-05-05 05:41:32,211] {logging_mixin.py:115} INFO - [2022-05-05 05:41:32,211] {dag.py:2390} INFO - Creating ORM DAG for example_sla_dag
[2022-05-05 05:41:32,230] {logging_mixin.py:115} INFO - [2022-05-05 05:41:32,230] {dag.py:2919} INFO - Setting next_dagrun for example_sla_dag to 2022-05-05T05:38:00+00:00, run_after=2022-05-05T05:40:00+00:00
[2022-05-05 05:41:32,248] {processor.py:161} INFO - Processing /home/airflow/.local/lib/python3.7/site-packages/airflow/example_dags/example_sla_dag.py took 0.295 seconds
[2022-05-05 05:42:02,359] {processor.py:153} INFO - Started process (PID=132) to work on /home/airflow/.local/lib/python3.7/site-packages/airflow/example_dags/example_sla_dag.py
[2022-05-05 05:42:02,360] {processor.py:641} INFO - Processing file /home/airflow/.local/lib/python3.7/site-packages/airflow/example_dags/example_sla_dag.py for tasks to queue
[2022-05-05 05:42:02,361] {logging_mixin.py:115} INFO - [2022-05-05 05:42:02,361] {dagbag.py:507} INFO - Filling up the DagBag from /home/airflow/.local/lib/python3.7/site-packages/airflow/example_dags/example_sla_dag.py
[2022-05-05 05:42:02,375] {processor.py:651} INFO - DAG(s) dict_keys(['example_sla_dag']) retrieved from /home/airflow/.local/lib/python3.7/site-packages/airflow/example_dags/example_sla_dag.py
[2022-05-05 05:42:02,402] {logging_mixin.py:115} INFO - [2022-05-05 05:42:02,402] {dag.py:2371} INFO - Sync 1 DAGs
[2022-05-05 05:42:02,543] {logging_mixin.py:115} INFO - [2022-05-05 05:42:02,543] {dag.py:2919} INFO - Setting next_dagrun for example_sla_dag to 2022-05-05T05:40:00+00:00, run_after=2022-05-05T05:42:00+00:00
[2022-05-05 05:42:02,561] {processor.py:161} INFO - Processing /home/airflow/.local/lib/python3.7/site-packages/airflow/example_dags/example_sla_dag.py took 0.205 seconds
[2022-05-05 05:42:32,979] {processor.py:153} INFO - Started process (PID=184) to work on /home/airflow/.local/lib/python3.7/site-packages/airflow/example_dags/example_sla_dag.py
[2022-05-05 05:42:32,980] {processor.py:641} INFO - Processing file /home/airflow/.local/lib/python3.7/site-packages/airflow/example_dags/example_sla_dag.py for tasks to queue
[2022-05-05 05:42:32,980] {logging_mixin.py:115} INFO - [2022-05-05 05:42:32,980] {dagbag.py:507} INFO - Filling up the DagBag from /home/airflow/.local/lib/python3.7/site-packages/airflow/example_dags/example_sla_dag.py
[2022-05-05 05:42:32,993] {processor.py:651} INFO - DAG(s) dict_keys(['example_sla_dag']) retrieved from /home/airflow/.local/lib/python3.7/site-packages/airflow/example_dags/example_sla_dag.py
[2022-05-05 05:42:33,016] {logging_mixin.py:115} INFO - [2022-05-05 05:42:33,016] {dag.py:2371} INFO - Sync 1 DAGs
[2022-05-05 05:42:33,171] {logging_mixin.py:115} INFO - [2022-05-05 05:42:33,170] {dag.py:2919} INFO - Setting next_dagrun for example_sla_dag to 2022-05-05T05:40:00+00:00, run_after=2022-05-05T05:42:00+00:00
[2022-05-05 05:42:33,184] {processor.py:161} INFO - Processing /home/airflow/.local/lib/python3.7/site-packages/airflow/example_dags/example_sla_dag.py took 0.207 seconds
[2022-05-05 05:43:03,834] {processor.py:153} INFO - Started process (PID=247) to work on /home/airflow/.local/lib/python3.7/site-packages/airflow/example_dags/example_sla_dag.py
[2022-05-05 05:43:03,835] {processor.py:641} INFO - Processing file /home/airflow/.local/lib/python3.7/site-packages/airflow/example_dags/example_sla_dag.py for tasks to queue
[2022-05-05 05:43:03,836] {logging_mixin.py:115} INFO - [2022-05-05 05:43:03,835] {dagbag.py:507} INFO - Filling up the DagBag from /home/airflow/.local/lib/python3.7/site-packages/airflow/example_dags/example_sla_dag.py
[2022-05-05 05:43:03,850] {processor.py:651} INFO - DAG(s) dict_keys(['example_sla_dag']) retrieved from /home/airflow/.local/lib/python3.7/site-packages/airflow/example_dags/example_sla_dag.py
[2022-05-05 05:43:03,878] {logging_mixin.py:115} INFO - [2022-05-05 05:43:03,877] {dag.py:2371} INFO - Sync 1 DAGs
[2022-05-05 05:43:04,005] {logging_mixin.py:115} INFO - [2022-05-05 05:43:04,005] {dag.py:2919} INFO - Setting next_dagrun for example_sla_dag to 2022-05-05T05:40:00+00:00, run_after=2022-05-05T05:42:00+00:00
[2022-05-05 05:43:04,019] {processor.py:161} INFO - Processing /home/airflow/.local/lib/python3.7/site-packages/airflow/example_dags/example_sla_dag.py took 0.187 seconds
[2022-05-05 05:43:34,967] {processor.py:153} INFO - Started process (PID=309) to work on /home/airflow/.local/lib/python3.7/site-packages/airflow/example_dags/example_sla_dag.py
[2022-05-05 05:43:34,968] {processor.py:641} INFO - Processing file /home/airflow/.local/lib/python3.7/site-packages/airflow/example_dags/example_sla_dag.py for tasks to queue
[2022-05-05 05:43:34,969] {logging_mixin.py:115} INFO - [2022-05-05 05:43:34,969] {dagbag.py:507} INFO - Filling up the DagBag from /home/airflow/.local/lib/python3.7/site-packages/airflow/example_dags/example_sla_dag.py
[2022-05-05 05:43:34,985] {processor.py:651} INFO - DAG(s) dict_keys(['example_sla_dag']) retrieved from /home/airflow/.local/lib/python3.7/site-packages/airflow/example_dags/example_sla_dag.py
[2022-05-05 05:43:35,017] {logging_mixin.py:115} INFO - [2022-05-05 05:43:35,017] {dag.py:2371} INFO - Sync 1 DAGs
[2022-05-05 05:43:35,157] {logging_mixin.py:115} INFO - [2022-05-05 05:43:35,157] {dag.py:2919} INFO - Setting next_dagrun for example_sla_dag to 2022-05-05T05:40:00+00:00, run_after=2022-05-05T05:42:00+00:00
[2022-05-05 05:43:35,171] {processor.py:161} INFO - Processing /home/airflow/.local/lib/python3.7/site-packages/airflow/example_dags/example_sla_dag.py took 0.206 seconds
[2022-05-05 05:44:05,873] {processor.py:153} INFO - Started process (PID=361) to work on /home/airflow/.local/lib/python3.7/site-packages/airflow/example_dags/example_sla_dag.py
[2022-05-05 05:44:05,874] {processor.py:641} INFO - Processing file /home/airflow/.local/lib/python3.7/site-packages/airflow/example_dags/example_sla_dag.py for tasks to queue
[2022-05-05 05:44:05,874] {logging_mixin.py:115} INFO - [2022-05-05 05:44:05,874] {dagbag.py:507} INFO - Filling up the DagBag from /home/airflow/.local/lib/python3.7/site-packages/airflow/example_dags/example_sla_dag.py
[2022-05-05 05:44:05,888] {processor.py:651} INFO - DAG(s) dict_keys(['example_sla_dag']) retrieved from /home/airflow/.local/lib/python3.7/site-packages/airflow/example_dags/example_sla_dag.py
[2022-05-05 05:44:05,913] {logging_mixin.py:115} INFO - [2022-05-05 05:44:05,913] {dag.py:2371} INFO - Sync 1 DAGs
[2022-05-05 05:44:06,040] {logging_mixin.py:115} INFO - [2022-05-05 05:44:06,040] {dag.py:2919} INFO - Setting next_dagrun for example_sla_dag to 2022-05-05T05:42:00+00:00, run_after=2022-05-05T05:44:00+00:00
[2022-05-05 05:44:06,053] {processor.py:161} INFO - Processing /home/airflow/.local/lib/python3.7/site-packages/airflow/example_dags/example_sla_dag.py took 0.183 seconds
[2022-05-05 05:44:36,588] {processor.py:153} INFO - Started process (PID=425) to work on /home/airflow/.local/lib/python3.7/site-packages/airflow/example_dags/example_sla_dag.py
[2022-05-05 05:44:36,589] {processor.py:641} INFO - Processing file /home/airflow/.local/lib/python3.7/site-packages/airflow/example_dags/example_sla_dag.py for tasks to queue
[2022-05-05 05:44:36,589] {logging_mixin.py:115} INFO - [2022-05-05 05:44:36,589] {dagbag.py:507} INFO - Filling up the DagBag from /home/airflow/.local/lib/python3.7/site-packages/airflow/example_dags/example_sla_dag.py
[2022-05-05 05:44:36,603] {processor.py:651} INFO - DAG(s) dict_keys(['example_sla_dag']) retrieved from /home/airflow/.local/lib/python3.7/site-packages/airflow/example_dags/example_sla_dag.py
[2022-05-05 05:44:36,628] {logging_mixin.py:115} INFO - [2022-05-05 05:44:36,628] {dag.py:2371} INFO - Sync 1 DAGs
[2022-05-05 05:44:36,752] {logging_mixin.py:115} INFO - [2022-05-05 05:44:36,751] {dag.py:2919} INFO - Setting next_dagrun for example_sla_dag to 2022-05-05T05:42:00+00:00, run_after=2022-05-05T05:44:00+00:00
[2022-05-05 05:44:36,763] {processor.py:161} INFO - Processing /home/airflow/.local/lib/python3.7/site-packages/airflow/example_dags/example_sla_dag.py took 0.177 seconds
[2022-05-05 05:45:06,935] {processor.py:153} INFO - Started process (PID=486) to work on /home/airflow/.local/lib/python3.7/site-packages/airflow/example_dags/example_sla_dag.py
[2022-05-05 05:45:06,936] {processor.py:641} INFO - Processing file /home/airflow/.local/lib/python3.7/site-packages/airflow/example_dags/example_sla_dag.py for tasks to queue
[2022-05-05 05:45:06,936] {logging_mixin.py:115} INFO - [2022-05-05 05:45:06,936] {dagbag.py:507} INFO - Filling up the DagBag from /home/airflow/.local/lib/python3.7/site-packages/airflow/example_dags/example_sla_dag.py
[2022-05-05 05:45:06,951] {processor.py:651} INFO - DAG(s) dict_keys(['example_sla_dag']) retrieved from /home/airflow/.local/lib/python3.7/site-packages/airflow/example_dags/example_sla_dag.py
[2022-05-05 05:45:06,977] {logging_mixin.py:115} INFO - [2022-05-05 05:45:06,977] {dag.py:2371} INFO - Sync 1 DAGs
[2022-05-05 05:45:07,096] {logging_mixin.py:115} INFO - [2022-05-05 05:45:07,096] {dag.py:2919} INFO - Setting next_dagrun for example_sla_dag to 2022-05-05T05:42:00+00:00, run_after=2022-05-05T05:44:00+00:00
[2022-05-05 05:45:07,108] {processor.py:161} INFO - Processing /home/airflow/.local/lib/python3.7/site-packages/airflow/example_dags/example_sla_dag.py took 0.175 seconds
[2022-05-05 05:45:37,376] {processor.py:153} INFO - Started process (PID=540) to work on /home/airflow/.local/lib/python3.7/site-packages/airflow/example_dags/example_sla_dag.py
[2022-05-05 05:45:37,377] {processor.py:641} INFO - Processing file /home/airflow/.local/lib/python3.7/site-packages/airflow/example_dags/example_sla_dag.py for tasks to queue
[2022-05-05 05:45:37,378] {logging_mixin.py:115} INFO - [2022-05-05 05:45:37,378] {dagbag.py:507} INFO - Filling up the DagBag from /home/airflow/.local/lib/python3.7/site-packages/airflow/example_dags/example_sla_dag.py
[2022-05-05 05:45:37,392] {processor.py:651} INFO - DAG(s) dict_keys(['example_sla_dag']) retrieved from /home/airflow/.local/lib/python3.7/site-packages/airflow/example_dags/example_sla_dag.py
[2022-05-05 05:45:37,420] {logging_mixin.py:115} INFO - [2022-05-05 05:45:37,420] {dag.py:2371} INFO - Sync 1 DAGs
[2022-05-05 05:45:37,542] {logging_mixin.py:115} INFO - [2022-05-05 05:45:37,542] {dag.py:2919} INFO - Setting next_dagrun for example_sla_dag to 2022-05-05T05:42:00+00:00, run_after=2022-05-05T05:44:00+00:00
[2022-05-05 05:45:37,555] {processor.py:161} INFO - Processing /home/airflow/.local/lib/python3.7/site-packages/airflow/example_dags/example_sla_dag.py took 0.181 seconds
[2022-05-05 05:46:07,888] {processor.py:153} INFO - Started process (PID=602) to work on /home/airflow/.local/lib/python3.7/site-packages/airflow/example_dags/example_sla_dag.py
[2022-05-05 05:46:07,889] {processor.py:641} INFO - Processing file /home/airflow/.local/lib/python3.7/site-packages/airflow/example_dags/example_sla_dag.py for tasks to queue
[2022-05-05 05:46:07,890] {logging_mixin.py:115} INFO - [2022-05-05 05:46:07,890] {dagbag.py:507} INFO - Filling up the DagBag from /home/airflow/.local/lib/python3.7/site-packages/airflow/example_dags/example_sla_dag.py
[2022-05-05 05:46:07,916] {processor.py:651} INFO - DAG(s) dict_keys(['example_sla_dag']) retrieved from /home/airflow/.local/lib/python3.7/site-packages/airflow/example_dags/example_sla_dag.py
[2022-05-05 05:46:07,951] {logging_mixin.py:115} INFO - [2022-05-05 05:46:07,951] {dag.py:2371} INFO - Sync 1 DAGs
[2022-05-05 05:46:08,084] {logging_mixin.py:115} INFO - [2022-05-05 05:46:08,084] {dag.py:2919} INFO - Setting next_dagrun for example_sla_dag to 2022-05-05T05:44:00+00:00, run_after=2022-05-05T05:46:00+00:00
[2022-05-05 05:46:08,099] {processor.py:161} INFO - Processing /home/airflow/.local/lib/python3.7/site-packages/airflow/example_dags/example_sla_dag.py took 0.215 seconds
[2022-05-05 05:46:38,416] {processor.py:153} INFO - Started process (PID=665) to work on /home/airflow/.local/lib/python3.7/site-packages/airflow/example_dags/example_sla_dag.py
[2022-05-05 05:46:38,416] {processor.py:641} INFO - Processing file /home/airflow/.local/lib/python3.7/site-packages/airflow/example_dags/example_sla_dag.py for tasks to queue
[2022-05-05 05:46:38,416] {logging_mixin.py:115} INFO - [2022-05-05 05:46:38,416] {dagbag.py:507} INFO - Filling up the DagBag from /home/airflow/.local/lib/python3.7/site-packages/airflow/example_dags/example_sla_dag.py
[2022-05-05 05:46:38,440] {processor.py:651} INFO - DAG(s) dict_keys(['example_sla_dag']) retrieved from /home/airflow/.local/lib/python3.7/site-packages/airflow/example_dags/example_sla_dag.py
[2022-05-05 05:46:38,605] {logging_mixin.py:115} INFO - [2022-05-05 05:46:38,605] {dag.py:2371} INFO - Sync 1 DAGs
[2022-05-05 05:46:38,640] {logging_mixin.py:115} INFO - [2022-05-05 05:46:38,640] {dag.py:2919} INFO - Setting next_dagrun for example_sla_dag to 2022-05-05T05:44:00+00:00, run_after=2022-05-05T05:46:00+00:00
[2022-05-05 05:46:38,654] {processor.py:161} INFO - Processing /home/airflow/.local/lib/python3.7/site-packages/airflow/example_dags/example_sla_dag.py took 0.241 seconds
[2022-05-05 05:47:08,935] {processor.py:153} INFO - Started process (PID=718) to work on /home/airflow/.local/lib/python3.7/site-packages/airflow/example_dags/example_sla_dag.py
[2022-05-05 05:47:08,936] {processor.py:641} INFO - Processing file /home/airflow/.local/lib/python3.7/site-packages/airflow/example_dags/example_sla_dag.py for tasks to queue
[2022-05-05 05:47:08,937] {logging_mixin.py:115} INFO - [2022-05-05 05:47:08,937] {dagbag.py:507} INFO - Filling up the DagBag from /home/airflow/.local/lib/python3.7/site-packages/airflow/example_dags/example_sla_dag.py
[2022-05-05 05:47:08,953] {processor.py:651} INFO - DAG(s) dict_keys(['example_sla_dag']) retrieved from /home/airflow/.local/lib/python3.7/site-packages/airflow/example_dags/example_sla_dag.py
[2022-05-05 05:47:09,077] {logging_mixin.py:115} INFO - [2022-05-05 05:47:09,077] {dag.py:2371} INFO - Sync 1 DAGs
[2022-05-05 05:47:09,101] {logging_mixin.py:115} INFO - [2022-05-05 05:47:09,100] {dag.py:2919} INFO - Setting next_dagrun for example_sla_dag to 2022-05-05T05:44:00+00:00, run_after=2022-05-05T05:46:00+00:00
[2022-05-05 05:47:09,114] {processor.py:161} INFO - Processing /home/airflow/.local/lib/python3.7/site-packages/airflow/example_dags/example_sla_dag.py took 0.180 seconds
[2022-05-05 05:47:39,693] {processor.py:153} INFO - Started process (PID=781) to work on /home/airflow/.local/lib/python3.7/site-packages/airflow/example_dags/example_sla_dag.py
[2022-05-05 05:47:39,694] {processor.py:641} INFO - Processing file /home/airflow/.local/lib/python3.7/site-packages/airflow/example_dags/example_sla_dag.py for tasks to queue
[2022-05-05 05:47:39,695] {logging_mixin.py:115} INFO - [2022-05-05 05:47:39,695] {dagbag.py:507} INFO - Filling up the DagBag from /home/airflow/.local/lib/python3.7/site-packages/airflow/example_dags/example_sla_dag.py
[2022-05-05 05:47:39,720] {processor.py:651} INFO - DAG(s) dict_keys(['example_sla_dag']) retrieved from /home/airflow/.local/lib/python3.7/site-packages/airflow/example_dags/example_sla_dag.py
[2022-05-05 05:47:39,951] {logging_mixin.py:115} INFO - [2022-05-05 05:47:39,951] {dag.py:2371} INFO - Sync 1 DAGs
[2022-05-05 05:47:39,975] {logging_mixin.py:115} INFO - [2022-05-05 05:47:39,975] {dag.py:2919} INFO - Setting next_dagrun for example_sla_dag to 2022-05-05T05:44:00+00:00, run_after=2022-05-05T05:46:00+00:00
[2022-05-05 05:47:39,988] {processor.py:161} INFO - Processing /home/airflow/.local/lib/python3.7/site-packages/airflow/example_dags/example_sla_dag.py took 0.300 seconds
[2022-05-05 05:48:10,479] {processor.py:153} INFO - Started process (PID=842) to work on /home/airflow/.local/lib/python3.7/site-packages/airflow/example_dags/example_sla_dag.py
[2022-05-05 05:48:10,480] {processor.py:641} INFO - Processing file /home/airflow/.local/lib/python3.7/site-packages/airflow/example_dags/example_sla_dag.py for tasks to queue
[2022-05-05 05:48:10,480] {logging_mixin.py:115} INFO - [2022-05-05 05:48:10,480] {dagbag.py:507} INFO - Filling up the DagBag from /home/airflow/.local/lib/python3.7/site-packages/airflow/example_dags/example_sla_dag.py
[2022-05-05 05:48:10,499] {processor.py:651} INFO - DAG(s) dict_keys(['example_sla_dag']) retrieved from /home/airflow/.local/lib/python3.7/site-packages/airflow/example_dags/example_sla_dag.py
[2022-05-05 05:48:10,643] {logging_mixin.py:115} INFO - [2022-05-05 05:48:10,643] {dag.py:2371} INFO - Sync 1 DAGs
[2022-05-05 05:48:10,669] {logging_mixin.py:115} INFO - [2022-05-05 05:48:10,669] {dag.py:2919} INFO - Setting next_dagrun for example_sla_dag to 2022-05-05T05:46:00+00:00, run_after=2022-05-05T05:48:00+00:00
[2022-05-05 05:48:10,683] {processor.py:161} INFO - Processing /home/airflow/.local/lib/python3.7/site-packages/airflow/example_dags/example_sla_dag.py took 0.207 seconds
[2022-05-05 05:48:41,231] {processor.py:153} INFO - Started process (PID=894) to work on /home/airflow/.local/lib/python3.7/site-packages/airflow/example_dags/example_sla_dag.py
[2022-05-05 05:48:41,232] {processor.py:641} INFO - Processing file /home/airflow/.local/lib/python3.7/site-packages/airflow/example_dags/example_sla_dag.py for tasks to queue
[2022-05-05 05:48:41,232] {logging_mixin.py:115} INFO - [2022-05-05 05:48:41,232] {dagbag.py:507} INFO - Filling up the DagBag from /home/airflow/.local/lib/python3.7/site-packages/airflow/example_dags/example_sla_dag.py
[2022-05-05 05:48:41,251] {processor.py:651} INFO - DAG(s) dict_keys(['example_sla_dag']) retrieved from /home/airflow/.local/lib/python3.7/site-packages/airflow/example_dags/example_sla_dag.py
[2022-05-05 05:48:41,380] {logging_mixin.py:115} INFO - [2022-05-05 05:48:41,379] {dag.py:2371} INFO - Sync 1 DAGs
[2022-05-05 05:48:41,403] {logging_mixin.py:115} INFO - [2022-05-05 05:48:41,403] {dag.py:2919} INFO - Setting next_dagrun for example_sla_dag to 2022-05-05T05:46:00+00:00, run_after=2022-05-05T05:48:00+00:00
[2022-05-05 05:48:41,415] {processor.py:161} INFO - Processing /home/airflow/.local/lib/python3.7/site-packages/airflow/example_dags/example_sla_dag.py took 0.187 seconds
[2022-05-05 05:49:11,787] {processor.py:153} INFO - Started process (PID=958) to work on /home/airflow/.local/lib/python3.7/site-packages/airflow/example_dags/example_sla_dag.py
[2022-05-05 05:49:11,788] {processor.py:641} INFO - Processing file /home/airflow/.local/lib/python3.7/site-packages/airflow/example_dags/example_sla_dag.py for tasks to queue
[2022-05-05 05:49:11,788] {logging_mixin.py:115} INFO - [2022-05-05 05:49:11,788] {dagbag.py:507} INFO - Filling up the DagBag from /home/airflow/.local/lib/python3.7/site-packages/airflow/example_dags/example_sla_dag.py
[2022-05-05 05:49:11,811] {processor.py:651} INFO - DAG(s) dict_keys(['example_sla_dag']) retrieved from /home/airflow/.local/lib/python3.7/site-packages/airflow/example_dags/example_sla_dag.py
[2022-05-05 05:49:11,931] {logging_mixin.py:115} INFO - [2022-05-05 05:49:11,930] {dag.py:2371} INFO - Sync 1 DAGs
[2022-05-05 05:49:11,956] {logging_mixin.py:115} INFO - [2022-05-05 05:49:11,956] {dag.py:2919} INFO - Setting next_dagrun for example_sla_dag to 2022-05-05T05:46:00+00:00, run_after=2022-05-05T05:48:00+00:00
[2022-05-05 05:49:11,970] {processor.py:161} INFO - Processing /home/airflow/.local/lib/python3.7/site-packages/airflow/example_dags/example_sla_dag.py took 0.185 seconds
[2022-05-05 05:49:42,336] {processor.py:153} INFO - Started process (PID=1021) to work on /home/airflow/.local/lib/python3.7/site-packages/airflow/example_dags/example_sla_dag.py
[2022-05-05 05:49:42,337] {processor.py:641} INFO - Processing file /home/airflow/.local/lib/python3.7/site-packages/airflow/example_dags/example_sla_dag.py for tasks to queue
[2022-05-05 05:49:42,337] {logging_mixin.py:115} INFO - [2022-05-05 05:49:42,337] {dagbag.py:507} INFO - Filling up the DagBag from /home/airflow/.local/lib/python3.7/site-packages/airflow/example_dags/example_sla_dag.py
[2022-05-05 05:49:42,357] {processor.py:651} INFO - DAG(s) dict_keys(['example_sla_dag']) retrieved from /home/airflow/.local/lib/python3.7/site-packages/airflow/example_dags/example_sla_dag.py
[2022-05-05 05:49:42,498] {logging_mixin.py:115} INFO - [2022-05-05 05:49:42,498] {dag.py:2371} INFO - Sync 1 DAGs
[2022-05-05 05:49:42,526] {logging_mixin.py:115} INFO - [2022-05-05 05:49:42,526] {dag.py:2919} INFO - Setting next_dagrun for example_sla_dag to 2022-05-05T05:46:00+00:00, run_after=2022-05-05T05:48:00+00:00
[2022-05-05 05:49:42,541] {processor.py:161} INFO - Processing /home/airflow/.local/lib/python3.7/site-packages/airflow/example_dags/example_sla_dag.py took 0.206 seconds
[2022-05-05 05:50:13,043] {processor.py:153} INFO - Started process (PID=1074) to work on /home/airflow/.local/lib/python3.7/site-packages/airflow/example_dags/example_sla_dag.py
[2022-05-05 05:50:13,044] {processor.py:641} INFO - Processing file /home/airflow/.local/lib/python3.7/site-packages/airflow/example_dags/example_sla_dag.py for tasks to queue
[2022-05-05 05:50:13,044] {logging_mixin.py:115} INFO - [2022-05-05 05:50:13,044] {dagbag.py:507} INFO - Filling up the DagBag from /home/airflow/.local/lib/python3.7/site-packages/airflow/example_dags/example_sla_dag.py
[2022-05-05 05:50:13,061] {processor.py:651} INFO - DAG(s) dict_keys(['example_sla_dag']) retrieved from /home/airflow/.local/lib/python3.7/site-packages/airflow/example_dags/example_sla_dag.py
[2022-05-05 05:50:13,184] {logging_mixin.py:115} INFO - [2022-05-05 05:50:13,184] {dag.py:2371} INFO - Sync 1 DAGs
[2022-05-05 05:50:13,206] {logging_mixin.py:115} INFO - [2022-05-05 05:50:13,206] {dag.py:2919} INFO - Setting next_dagrun for example_sla_dag to 2022-05-05T05:48:00+00:00, run_after=2022-05-05T05:50:00+00:00
[2022-05-05 05:50:13,219] {processor.py:161} INFO - Processing /home/airflow/.local/lib/python3.7/site-packages/airflow/example_dags/example_sla_dag.py took 0.179 seconds
[2022-05-05 05:50:43,277] {processor.py:153} INFO - Started process (PID=1137) to work on /home/airflow/.local/lib/python3.7/site-packages/airflow/example_dags/example_sla_dag.py
[2022-05-05 05:50:43,277] {processor.py:641} INFO - Processing file /home/airflow/.local/lib/python3.7/site-packages/airflow/example_dags/example_sla_dag.py for tasks to queue
[2022-05-05 05:50:43,277] {logging_mixin.py:115} INFO - [2022-05-05 05:50:43,277] {dagbag.py:507} INFO - Filling up the DagBag from /home/airflow/.local/lib/python3.7/site-packages/airflow/example_dags/example_sla_dag.py
[2022-05-05 05:50:43,296] {processor.py:651} INFO - DAG(s) dict_keys(['example_sla_dag']) retrieved from /home/airflow/.local/lib/python3.7/site-packages/airflow/example_dags/example_sla_dag.py
[2022-05-05 05:50:43,433] {logging_mixin.py:115} INFO - [2022-05-05 05:50:43,432] {dag.py:2371} INFO - Sync 1 DAGs
[2022-05-05 05:50:43,464] {logging_mixin.py:115} INFO - [2022-05-05 05:50:43,464] {dag.py:2919} INFO - Setting next_dagrun for example_sla_dag to 2022-05-05T05:48:00+00:00, run_after=2022-05-05T05:50:00+00:00
[2022-05-05 05:50:43,478] {processor.py:161} INFO - Processing /home/airflow/.local/lib/python3.7/site-packages/airflow/example_dags/example_sla_dag.py took 0.204 seconds
[2022-05-05 05:52:22,136] {processor.py:153} INFO - Started process (PID=72) to work on /home/airflow/.local/lib/python3.7/site-packages/airflow/example_dags/example_sla_dag.py
[2022-05-05 05:52:22,137] {processor.py:641} INFO - Processing file /home/airflow/.local/lib/python3.7/site-packages/airflow/example_dags/example_sla_dag.py for tasks to queue
[2022-05-05 05:52:22,138] {logging_mixin.py:115} INFO - [2022-05-05 05:52:22,138] {dagbag.py:507} INFO - Filling up the DagBag from /home/airflow/.local/lib/python3.7/site-packages/airflow/example_dags/example_sla_dag.py
[2022-05-05 05:52:22,162] {processor.py:651} INFO - DAG(s) dict_keys(['example_sla_dag']) retrieved from /home/airflow/.local/lib/python3.7/site-packages/airflow/example_dags/example_sla_dag.py
[2022-05-05 05:52:22,198] {logging_mixin.py:115} INFO - [2022-05-05 05:52:22,198] {dag.py:2371} INFO - Sync 1 DAGs
[2022-05-05 05:52:22,377] {logging_mixin.py:115} INFO - [2022-05-05 05:52:22,377] {dag.py:2919} INFO - Setting next_dagrun for example_sla_dag to 2022-05-05T05:50:00+00:00, run_after=2022-05-05T05:52:00+00:00
[2022-05-05 05:52:22,394] {processor.py:161} INFO - Processing /home/airflow/.local/lib/python3.7/site-packages/airflow/example_dags/example_sla_dag.py took 0.260 seconds
[2022-05-05 05:52:52,623] {processor.py:153} INFO - Started process (PID=135) to work on /home/airflow/.local/lib/python3.7/site-packages/airflow/example_dags/example_sla_dag.py
[2022-05-05 05:52:52,624] {processor.py:641} INFO - Processing file /home/airflow/.local/lib/python3.7/site-packages/airflow/example_dags/example_sla_dag.py for tasks to queue
[2022-05-05 05:52:52,624] {logging_mixin.py:115} INFO - [2022-05-05 05:52:52,624] {dagbag.py:507} INFO - Filling up the DagBag from /home/airflow/.local/lib/python3.7/site-packages/airflow/example_dags/example_sla_dag.py
[2022-05-05 05:52:52,640] {processor.py:651} INFO - DAG(s) dict_keys(['example_sla_dag']) retrieved from /home/airflow/.local/lib/python3.7/site-packages/airflow/example_dags/example_sla_dag.py
[2022-05-05 05:52:52,670] {logging_mixin.py:115} INFO - [2022-05-05 05:52:52,670] {dag.py:2371} INFO - Sync 1 DAGs
[2022-05-05 05:52:52,845] {logging_mixin.py:115} INFO - [2022-05-05 05:52:52,845] {dag.py:2919} INFO - Setting next_dagrun for example_sla_dag to 2022-05-05T05:50:00+00:00, run_after=2022-05-05T05:52:00+00:00
[2022-05-05 05:52:52,861] {processor.py:161} INFO - Processing /home/airflow/.local/lib/python3.7/site-packages/airflow/example_dags/example_sla_dag.py took 0.240 seconds
[2022-05-05 05:53:50,350] {processor.py:153} INFO - Started process (PID=72) to work on /home/airflow/.local/lib/python3.7/site-packages/airflow/example_dags/example_sla_dag.py
[2022-05-05 05:53:50,352] {processor.py:641} INFO - Processing file /home/airflow/.local/lib/python3.7/site-packages/airflow/example_dags/example_sla_dag.py for tasks to queue
[2022-05-05 05:53:50,352] {logging_mixin.py:115} INFO - [2022-05-05 05:53:50,352] {dagbag.py:507} INFO - Filling up the DagBag from /home/airflow/.local/lib/python3.7/site-packages/airflow/example_dags/example_sla_dag.py
[2022-05-05 05:53:50,373] {processor.py:651} INFO - DAG(s) dict_keys(['example_sla_dag']) retrieved from /home/airflow/.local/lib/python3.7/site-packages/airflow/example_dags/example_sla_dag.py
[2022-05-05 05:53:50,413] {logging_mixin.py:115} INFO - [2022-05-05 05:53:50,412] {dag.py:2371} INFO - Sync 1 DAGs
[2022-05-05 05:53:50,574] {logging_mixin.py:115} INFO - [2022-05-05 05:53:50,574] {dag.py:2919} INFO - Setting next_dagrun for example_sla_dag to 2022-05-05T05:50:00+00:00, run_after=2022-05-05T05:52:00+00:00
[2022-05-05 05:53:50,591] {processor.py:161} INFO - Processing /home/airflow/.local/lib/python3.7/site-packages/airflow/example_dags/example_sla_dag.py took 0.243 seconds
[2022-05-05 05:54:20,868] {processor.py:153} INFO - Started process (PID=135) to work on /home/airflow/.local/lib/python3.7/site-packages/airflow/example_dags/example_sla_dag.py
[2022-05-05 05:54:20,869] {processor.py:641} INFO - Processing file /home/airflow/.local/lib/python3.7/site-packages/airflow/example_dags/example_sla_dag.py for tasks to queue
[2022-05-05 05:54:20,870] {logging_mixin.py:115} INFO - [2022-05-05 05:54:20,869] {dagbag.py:507} INFO - Filling up the DagBag from /home/airflow/.local/lib/python3.7/site-packages/airflow/example_dags/example_sla_dag.py
[2022-05-05 05:54:20,887] {processor.py:651} INFO - DAG(s) dict_keys(['example_sla_dag']) retrieved from /home/airflow/.local/lib/python3.7/site-packages/airflow/example_dags/example_sla_dag.py
[2022-05-05 05:54:20,922] {logging_mixin.py:115} INFO - [2022-05-05 05:54:20,922] {dag.py:2371} INFO - Sync 1 DAGs
[2022-05-05 05:54:21,076] {logging_mixin.py:115} INFO - [2022-05-05 05:54:21,076] {dag.py:2919} INFO - Setting next_dagrun for example_sla_dag to 2022-05-05T05:52:00+00:00, run_after=2022-05-05T05:54:00+00:00
[2022-05-05 05:54:21,090] {processor.py:161} INFO - Processing /home/airflow/.local/lib/python3.7/site-packages/airflow/example_dags/example_sla_dag.py took 0.224 seconds
[2022-05-05 05:54:51,622] {processor.py:153} INFO - Started process (PID=188) to work on /home/airflow/.local/lib/python3.7/site-packages/airflow/example_dags/example_sla_dag.py
[2022-05-05 05:54:51,623] {processor.py:641} INFO - Processing file /home/airflow/.local/lib/python3.7/site-packages/airflow/example_dags/example_sla_dag.py for tasks to queue
[2022-05-05 05:54:51,624] {logging_mixin.py:115} INFO - [2022-05-05 05:54:51,624] {dagbag.py:507} INFO - Filling up the DagBag from /home/airflow/.local/lib/python3.7/site-packages/airflow/example_dags/example_sla_dag.py
[2022-05-05 05:54:51,639] {processor.py:651} INFO - DAG(s) dict_keys(['example_sla_dag']) retrieved from /home/airflow/.local/lib/python3.7/site-packages/airflow/example_dags/example_sla_dag.py
[2022-05-05 05:54:51,665] {logging_mixin.py:115} INFO - [2022-05-05 05:54:51,665] {dag.py:2371} INFO - Sync 1 DAGs
[2022-05-05 05:54:51,790] {logging_mixin.py:115} INFO - [2022-05-05 05:54:51,789] {dag.py:2919} INFO - Setting next_dagrun for example_sla_dag to 2022-05-05T05:52:00+00:00, run_after=2022-05-05T05:54:00+00:00
[2022-05-05 05:54:51,802] {processor.py:161} INFO - Processing /home/airflow/.local/lib/python3.7/site-packages/airflow/example_dags/example_sla_dag.py took 0.183 seconds
[2022-05-05 05:55:22,131] {processor.py:153} INFO - Started process (PID=250) to work on /home/airflow/.local/lib/python3.7/site-packages/airflow/example_dags/example_sla_dag.py
[2022-05-05 05:55:22,132] {processor.py:641} INFO - Processing file /home/airflow/.local/lib/python3.7/site-packages/airflow/example_dags/example_sla_dag.py for tasks to queue
[2022-05-05 05:55:22,133] {logging_mixin.py:115} INFO - [2022-05-05 05:55:22,133] {dagbag.py:507} INFO - Filling up the DagBag from /home/airflow/.local/lib/python3.7/site-packages/airflow/example_dags/example_sla_dag.py
[2022-05-05 05:55:22,148] {processor.py:651} INFO - DAG(s) dict_keys(['example_sla_dag']) retrieved from /home/airflow/.local/lib/python3.7/site-packages/airflow/example_dags/example_sla_dag.py
[2022-05-05 05:55:22,173] {logging_mixin.py:115} INFO - [2022-05-05 05:55:22,173] {dag.py:2371} INFO - Sync 1 DAGs
[2022-05-05 05:55:22,288] {logging_mixin.py:115} INFO - [2022-05-05 05:55:22,288] {dag.py:2919} INFO - Setting next_dagrun for example_sla_dag to 2022-05-05T05:52:00+00:00, run_after=2022-05-05T05:54:00+00:00
[2022-05-05 05:55:22,301] {processor.py:161} INFO - Processing /home/airflow/.local/lib/python3.7/site-packages/airflow/example_dags/example_sla_dag.py took 0.172 seconds
[2022-05-05 05:55:52,936] {processor.py:153} INFO - Started process (PID=312) to work on /home/airflow/.local/lib/python3.7/site-packages/airflow/example_dags/example_sla_dag.py
[2022-05-05 05:55:52,937] {processor.py:641} INFO - Processing file /home/airflow/.local/lib/python3.7/site-packages/airflow/example_dags/example_sla_dag.py for tasks to queue
[2022-05-05 05:55:52,938] {logging_mixin.py:115} INFO - [2022-05-05 05:55:52,938] {dagbag.py:507} INFO - Filling up the DagBag from /home/airflow/.local/lib/python3.7/site-packages/airflow/example_dags/example_sla_dag.py
[2022-05-05 05:55:52,956] {processor.py:651} INFO - DAG(s) dict_keys(['example_sla_dag']) retrieved from /home/airflow/.local/lib/python3.7/site-packages/airflow/example_dags/example_sla_dag.py
[2022-05-05 05:55:52,985] {logging_mixin.py:115} INFO - [2022-05-05 05:55:52,984] {dag.py:2371} INFO - Sync 1 DAGs
[2022-05-05 05:55:53,121] {logging_mixin.py:115} INFO - [2022-05-05 05:55:53,120] {dag.py:2919} INFO - Setting next_dagrun for example_sla_dag to 2022-05-05T05:52:00+00:00, run_after=2022-05-05T05:54:00+00:00
[2022-05-05 05:55:53,134] {processor.py:161} INFO - Processing /home/airflow/.local/lib/python3.7/site-packages/airflow/example_dags/example_sla_dag.py took 0.200 seconds
[2022-05-05 05:56:23,516] {processor.py:153} INFO - Started process (PID=365) to work on /home/airflow/.local/lib/python3.7/site-packages/airflow/example_dags/example_sla_dag.py
[2022-05-05 05:56:23,516] {processor.py:641} INFO - Processing file /home/airflow/.local/lib/python3.7/site-packages/airflow/example_dags/example_sla_dag.py for tasks to queue
[2022-05-05 05:56:23,516] {logging_mixin.py:115} INFO - [2022-05-05 05:56:23,516] {dagbag.py:507} INFO - Filling up the DagBag from /home/airflow/.local/lib/python3.7/site-packages/airflow/example_dags/example_sla_dag.py
[2022-05-05 05:56:23,529] {processor.py:651} INFO - DAG(s) dict_keys(['example_sla_dag']) retrieved from /home/airflow/.local/lib/python3.7/site-packages/airflow/example_dags/example_sla_dag.py
[2022-05-05 05:56:23,555] {logging_mixin.py:115} INFO - [2022-05-05 05:56:23,555] {dag.py:2371} INFO - Sync 1 DAGs
[2022-05-05 05:56:23,673] {logging_mixin.py:115} INFO - [2022-05-05 05:56:23,672] {dag.py:2919} INFO - Setting next_dagrun for example_sla_dag to 2022-05-05T05:54:00+00:00, run_after=2022-05-05T05:56:00+00:00
[2022-05-05 05:56:23,686] {processor.py:161} INFO - Processing /home/airflow/.local/lib/python3.7/site-packages/airflow/example_dags/example_sla_dag.py took 0.172 seconds
[2022-05-05 05:56:53,838] {processor.py:153} INFO - Started process (PID=427) to work on /home/airflow/.local/lib/python3.7/site-packages/airflow/example_dags/example_sla_dag.py
[2022-05-05 05:56:53,840] {processor.py:641} INFO - Processing file /home/airflow/.local/lib/python3.7/site-packages/airflow/example_dags/example_sla_dag.py for tasks to queue
[2022-05-05 05:56:53,840] {logging_mixin.py:115} INFO - [2022-05-05 05:56:53,840] {dagbag.py:507} INFO - Filling up the DagBag from /home/airflow/.local/lib/python3.7/site-packages/airflow/example_dags/example_sla_dag.py
[2022-05-05 05:56:53,855] {processor.py:651} INFO - DAG(s) dict_keys(['example_sla_dag']) retrieved from /home/airflow/.local/lib/python3.7/site-packages/airflow/example_dags/example_sla_dag.py
[2022-05-05 05:56:53,882] {logging_mixin.py:115} INFO - [2022-05-05 05:56:53,882] {dag.py:2371} INFO - Sync 1 DAGs
[2022-05-05 05:56:54,018] {logging_mixin.py:115} INFO - [2022-05-05 05:56:54,018] {dag.py:2919} INFO - Setting next_dagrun for example_sla_dag to 2022-05-05T05:54:00+00:00, run_after=2022-05-05T05:56:00+00:00
[2022-05-05 05:56:54,032] {processor.py:161} INFO - Processing /home/airflow/.local/lib/python3.7/site-packages/airflow/example_dags/example_sla_dag.py took 0.196 seconds
[2022-05-05 05:57:24,365] {processor.py:153} INFO - Started process (PID=489) to work on /home/airflow/.local/lib/python3.7/site-packages/airflow/example_dags/example_sla_dag.py
[2022-05-05 05:57:24,366] {processor.py:641} INFO - Processing file /home/airflow/.local/lib/python3.7/site-packages/airflow/example_dags/example_sla_dag.py for tasks to queue
[2022-05-05 05:57:24,366] {logging_mixin.py:115} INFO - [2022-05-05 05:57:24,366] {dagbag.py:507} INFO - Filling up the DagBag from /home/airflow/.local/lib/python3.7/site-packages/airflow/example_dags/example_sla_dag.py
[2022-05-05 05:57:24,385] {processor.py:651} INFO - DAG(s) dict_keys(['example_sla_dag']) retrieved from /home/airflow/.local/lib/python3.7/site-packages/airflow/example_dags/example_sla_dag.py
[2022-05-05 05:57:24,417] {logging_mixin.py:115} INFO - [2022-05-05 05:57:24,417] {dag.py:2371} INFO - Sync 1 DAGs
[2022-05-05 05:57:24,552] {logging_mixin.py:115} INFO - [2022-05-05 05:57:24,552] {dag.py:2919} INFO - Setting next_dagrun for example_sla_dag to 2022-05-05T05:54:00+00:00, run_after=2022-05-05T05:56:00+00:00
[2022-05-05 05:57:24,567] {processor.py:161} INFO - Processing /home/airflow/.local/lib/python3.7/site-packages/airflow/example_dags/example_sla_dag.py took 0.205 seconds
[2022-05-05 05:57:54,595] {processor.py:153} INFO - Started process (PID=542) to work on /home/airflow/.local/lib/python3.7/site-packages/airflow/example_dags/example_sla_dag.py
[2022-05-05 05:57:54,595] {processor.py:641} INFO - Processing file /home/airflow/.local/lib/python3.7/site-packages/airflow/example_dags/example_sla_dag.py for tasks to queue
[2022-05-05 05:57:54,595] {logging_mixin.py:115} INFO - [2022-05-05 05:57:54,595] {dagbag.py:507} INFO - Filling up the DagBag from /home/airflow/.local/lib/python3.7/site-packages/airflow/example_dags/example_sla_dag.py
[2022-05-05 05:57:54,610] {processor.py:651} INFO - DAG(s) dict_keys(['example_sla_dag']) retrieved from /home/airflow/.local/lib/python3.7/site-packages/airflow/example_dags/example_sla_dag.py
[2022-05-05 05:57:54,634] {logging_mixin.py:115} INFO - [2022-05-05 05:57:54,634] {dag.py:2371} INFO - Sync 1 DAGs
[2022-05-05 05:57:54,764] {logging_mixin.py:115} INFO - [2022-05-05 05:57:54,764] {dag.py:2919} INFO - Setting next_dagrun for example_sla_dag to 2022-05-05T05:54:00+00:00, run_after=2022-05-05T05:56:00+00:00
[2022-05-05 05:57:54,775] {processor.py:161} INFO - Processing /home/airflow/.local/lib/python3.7/site-packages/airflow/example_dags/example_sla_dag.py took 0.183 seconds
[2022-05-05 05:58:24,795] {processor.py:153} INFO - Started process (PID=604) to work on /home/airflow/.local/lib/python3.7/site-packages/airflow/example_dags/example_sla_dag.py
[2022-05-05 05:58:24,796] {processor.py:641} INFO - Processing file /home/airflow/.local/lib/python3.7/site-packages/airflow/example_dags/example_sla_dag.py for tasks to queue
[2022-05-05 05:58:24,797] {logging_mixin.py:115} INFO - [2022-05-05 05:58:24,797] {dagbag.py:507} INFO - Filling up the DagBag from /home/airflow/.local/lib/python3.7/site-packages/airflow/example_dags/example_sla_dag.py
[2022-05-05 05:58:24,810] {processor.py:651} INFO - DAG(s) dict_keys(['example_sla_dag']) retrieved from /home/airflow/.local/lib/python3.7/site-packages/airflow/example_dags/example_sla_dag.py
[2022-05-05 05:58:24,841] {logging_mixin.py:115} INFO - [2022-05-05 05:58:24,840] {dag.py:2371} INFO - Sync 1 DAGs
[2022-05-05 05:58:24,974] {logging_mixin.py:115} INFO - [2022-05-05 05:58:24,974] {dag.py:2919} INFO - Setting next_dagrun for example_sla_dag to 2022-05-05T05:56:00+00:00, run_after=2022-05-05T05:58:00+00:00
[2022-05-05 05:58:24,987] {processor.py:161} INFO - Processing /home/airflow/.local/lib/python3.7/site-packages/airflow/example_dags/example_sla_dag.py took 0.194 seconds
[2022-05-05 05:58:55,176] {processor.py:153} INFO - Started process (PID=665) to work on /home/airflow/.local/lib/python3.7/site-packages/airflow/example_dags/example_sla_dag.py
[2022-05-05 05:58:55,176] {processor.py:641} INFO - Processing file /home/airflow/.local/lib/python3.7/site-packages/airflow/example_dags/example_sla_dag.py for tasks to queue
[2022-05-05 05:58:55,177] {logging_mixin.py:115} INFO - [2022-05-05 05:58:55,176] {dagbag.py:507} INFO - Filling up the DagBag from /home/airflow/.local/lib/python3.7/site-packages/airflow/example_dags/example_sla_dag.py
[2022-05-05 05:58:55,200] {processor.py:651} INFO - DAG(s) dict_keys(['example_sla_dag']) retrieved from /home/airflow/.local/lib/python3.7/site-packages/airflow/example_dags/example_sla_dag.py
[2022-05-05 05:58:55,347] {logging_mixin.py:115} INFO - [2022-05-05 05:58:55,346] {dag.py:2371} INFO - Sync 1 DAGs
[2022-05-05 05:58:55,382] {logging_mixin.py:115} INFO - [2022-05-05 05:58:55,382] {dag.py:2919} INFO - Setting next_dagrun for example_sla_dag to 2022-05-05T05:56:00+00:00, run_after=2022-05-05T05:58:00+00:00
[2022-05-05 05:58:55,401] {processor.py:161} INFO - Processing /home/airflow/.local/lib/python3.7/site-packages/airflow/example_dags/example_sla_dag.py took 0.229 seconds
[2022-05-05 05:59:25,624] {processor.py:153} INFO - Started process (PID=718) to work on /home/airflow/.local/lib/python3.7/site-packages/airflow/example_dags/example_sla_dag.py
[2022-05-05 05:59:25,626] {processor.py:641} INFO - Processing file /home/airflow/.local/lib/python3.7/site-packages/airflow/example_dags/example_sla_dag.py for tasks to queue
[2022-05-05 05:59:25,626] {logging_mixin.py:115} INFO - [2022-05-05 05:59:25,626] {dagbag.py:507} INFO - Filling up the DagBag from /home/airflow/.local/lib/python3.7/site-packages/airflow/example_dags/example_sla_dag.py
[2022-05-05 05:59:25,644] {processor.py:651} INFO - DAG(s) dict_keys(['example_sla_dag']) retrieved from /home/airflow/.local/lib/python3.7/site-packages/airflow/example_dags/example_sla_dag.py
[2022-05-05 05:59:25,772] {logging_mixin.py:115} INFO - [2022-05-05 05:59:25,772] {dag.py:2371} INFO - Sync 1 DAGs
[2022-05-05 05:59:25,794] {logging_mixin.py:115} INFO - [2022-05-05 05:59:25,794] {dag.py:2919} INFO - Setting next_dagrun for example_sla_dag to 2022-05-05T05:56:00+00:00, run_after=2022-05-05T05:58:00+00:00
[2022-05-05 05:59:25,807] {processor.py:161} INFO - Processing /home/airflow/.local/lib/python3.7/site-packages/airflow/example_dags/example_sla_dag.py took 0.185 seconds
[2022-05-05 05:59:56,033] {processor.py:153} INFO - Started process (PID=781) to work on /home/airflow/.local/lib/python3.7/site-packages/airflow/example_dags/example_sla_dag.py
[2022-05-05 05:59:56,034] {processor.py:641} INFO - Processing file /home/airflow/.local/lib/python3.7/site-packages/airflow/example_dags/example_sla_dag.py for tasks to queue
[2022-05-05 05:59:56,034] {logging_mixin.py:115} INFO - [2022-05-05 05:59:56,034] {dagbag.py:507} INFO - Filling up the DagBag from /home/airflow/.local/lib/python3.7/site-packages/airflow/example_dags/example_sla_dag.py
[2022-05-05 05:59:56,052] {processor.py:651} INFO - DAG(s) dict_keys(['example_sla_dag']) retrieved from /home/airflow/.local/lib/python3.7/site-packages/airflow/example_dags/example_sla_dag.py
[2022-05-05 05:59:56,172] {logging_mixin.py:115} INFO - [2022-05-05 05:59:56,172] {dag.py:2371} INFO - Sync 1 DAGs
[2022-05-05 05:59:56,197] {logging_mixin.py:115} INFO - [2022-05-05 05:59:56,197] {dag.py:2919} INFO - Setting next_dagrun for example_sla_dag to 2022-05-05T05:56:00+00:00, run_after=2022-05-05T05:58:00+00:00
[2022-05-05 05:59:56,209] {processor.py:161} INFO - Processing /home/airflow/.local/lib/python3.7/site-packages/airflow/example_dags/example_sla_dag.py took 0.178 seconds
[2022-05-05 06:00:26,667] {processor.py:153} INFO - Started process (PID=842) to work on /home/airflow/.local/lib/python3.7/site-packages/airflow/example_dags/example_sla_dag.py
[2022-05-05 06:00:26,669] {processor.py:641} INFO - Processing file /home/airflow/.local/lib/python3.7/site-packages/airflow/example_dags/example_sla_dag.py for tasks to queue
[2022-05-05 06:00:26,670] {logging_mixin.py:115} INFO - [2022-05-05 06:00:26,670] {dagbag.py:507} INFO - Filling up the DagBag from /home/airflow/.local/lib/python3.7/site-packages/airflow/example_dags/example_sla_dag.py
[2022-05-05 06:00:26,691] {processor.py:651} INFO - DAG(s) dict_keys(['example_sla_dag']) retrieved from /home/airflow/.local/lib/python3.7/site-packages/airflow/example_dags/example_sla_dag.py
[2022-05-05 06:00:26,847] {logging_mixin.py:115} INFO - [2022-05-05 06:00:26,847] {dag.py:2371} INFO - Sync 1 DAGs
[2022-05-05 06:00:26,873] {logging_mixin.py:115} INFO - [2022-05-05 06:00:26,873] {dag.py:2919} INFO - Setting next_dagrun for example_sla_dag to 2022-05-05T05:58:00+00:00, run_after=2022-05-05T06:00:00+00:00
[2022-05-05 06:00:26,887] {processor.py:161} INFO - Processing /home/airflow/.local/lib/python3.7/site-packages/airflow/example_dags/example_sla_dag.py took 0.222 seconds
[2022-05-05 06:00:57,419] {processor.py:153} INFO - Started process (PID=896) to work on /home/airflow/.local/lib/python3.7/site-packages/airflow/example_dags/example_sla_dag.py
[2022-05-05 06:00:57,419] {processor.py:641} INFO - Processing file /home/airflow/.local/lib/python3.7/site-packages/airflow/example_dags/example_sla_dag.py for tasks to queue
[2022-05-05 06:00:57,420] {logging_mixin.py:115} INFO - [2022-05-05 06:00:57,420] {dagbag.py:507} INFO - Filling up the DagBag from /home/airflow/.local/lib/python3.7/site-packages/airflow/example_dags/example_sla_dag.py
[2022-05-05 06:00:57,439] {processor.py:651} INFO - DAG(s) dict_keys(['example_sla_dag']) retrieved from /home/airflow/.local/lib/python3.7/site-packages/airflow/example_dags/example_sla_dag.py
[2022-05-05 06:00:57,572] {logging_mixin.py:115} INFO - [2022-05-05 06:00:57,572] {dag.py:2371} INFO - Sync 1 DAGs
[2022-05-05 06:00:57,596] {logging_mixin.py:115} INFO - [2022-05-05 06:00:57,595] {dag.py:2919} INFO - Setting next_dagrun for example_sla_dag to 2022-05-05T05:58:00+00:00, run_after=2022-05-05T06:00:00+00:00
[2022-05-05 06:00:57,610] {processor.py:161} INFO - Processing /home/airflow/.local/lib/python3.7/site-packages/airflow/example_dags/example_sla_dag.py took 0.193 seconds
[2022-05-05 06:01:27,710] {processor.py:153} INFO - Started process (PID=959) to work on /home/airflow/.local/lib/python3.7/site-packages/airflow/example_dags/example_sla_dag.py
[2022-05-05 06:01:27,711] {processor.py:641} INFO - Processing file /home/airflow/.local/lib/python3.7/site-packages/airflow/example_dags/example_sla_dag.py for tasks to queue
[2022-05-05 06:01:27,711] {logging_mixin.py:115} INFO - [2022-05-05 06:01:27,711] {dagbag.py:507} INFO - Filling up the DagBag from /home/airflow/.local/lib/python3.7/site-packages/airflow/example_dags/example_sla_dag.py
[2022-05-05 06:01:27,730] {processor.py:651} INFO - DAG(s) dict_keys(['example_sla_dag']) retrieved from /home/airflow/.local/lib/python3.7/site-packages/airflow/example_dags/example_sla_dag.py
[2022-05-05 06:01:27,857] {logging_mixin.py:115} INFO - [2022-05-05 06:01:27,857] {dag.py:2371} INFO - Sync 1 DAGs
[2022-05-05 06:01:27,882] {logging_mixin.py:115} INFO - [2022-05-05 06:01:27,882] {dag.py:2919} INFO - Setting next_dagrun for example_sla_dag to 2022-05-05T05:58:00+00:00, run_after=2022-05-05T06:00:00+00:00
[2022-05-05 06:01:27,896] {processor.py:161} INFO - Processing /home/airflow/.local/lib/python3.7/site-packages/airflow/example_dags/example_sla_dag.py took 0.189 seconds
[2022-05-05 06:01:57,981] {processor.py:153} INFO - Started process (PID=1011) to work on /home/airflow/.local/lib/python3.7/site-packages/airflow/example_dags/example_sla_dag.py
[2022-05-05 06:01:57,981] {processor.py:641} INFO - Processing file /home/airflow/.local/lib/python3.7/site-packages/airflow/example_dags/example_sla_dag.py for tasks to queue
[2022-05-05 06:01:57,981] {logging_mixin.py:115} INFO - [2022-05-05 06:01:57,981] {dagbag.py:507} INFO - Filling up the DagBag from /home/airflow/.local/lib/python3.7/site-packages/airflow/example_dags/example_sla_dag.py
[2022-05-05 06:01:58,000] {processor.py:651} INFO - DAG(s) dict_keys(['example_sla_dag']) retrieved from /home/airflow/.local/lib/python3.7/site-packages/airflow/example_dags/example_sla_dag.py
[2022-05-05 06:01:58,123] {logging_mixin.py:115} INFO - [2022-05-05 06:01:58,123] {dag.py:2371} INFO - Sync 1 DAGs
[2022-05-05 06:01:58,147] {logging_mixin.py:115} INFO - [2022-05-05 06:01:58,147] {dag.py:2919} INFO - Setting next_dagrun for example_sla_dag to 2022-05-05T05:58:00+00:00, run_after=2022-05-05T06:00:00+00:00
[2022-05-05 06:01:58,161] {processor.py:161} INFO - Processing /home/airflow/.local/lib/python3.7/site-packages/airflow/example_dags/example_sla_dag.py took 0.183 seconds
[2022-05-05 06:02:28,263] {processor.py:153} INFO - Started process (PID=1075) to work on /home/airflow/.local/lib/python3.7/site-packages/airflow/example_dags/example_sla_dag.py
[2022-05-05 06:02:28,264] {processor.py:641} INFO - Processing file /home/airflow/.local/lib/python3.7/site-packages/airflow/example_dags/example_sla_dag.py for tasks to queue
[2022-05-05 06:02:28,265] {logging_mixin.py:115} INFO - [2022-05-05 06:02:28,265] {dagbag.py:507} INFO - Filling up the DagBag from /home/airflow/.local/lib/python3.7/site-packages/airflow/example_dags/example_sla_dag.py
[2022-05-05 06:02:28,284] {processor.py:651} INFO - DAG(s) dict_keys(['example_sla_dag']) retrieved from /home/airflow/.local/lib/python3.7/site-packages/airflow/example_dags/example_sla_dag.py
[2022-05-05 06:02:28,405] {logging_mixin.py:115} INFO - [2022-05-05 06:02:28,405] {dag.py:2371} INFO - Sync 1 DAGs
[2022-05-05 06:02:28,428] {logging_mixin.py:115} INFO - [2022-05-05 06:02:28,428] {dag.py:2919} INFO - Setting next_dagrun for example_sla_dag to 2022-05-05T06:00:00+00:00, run_after=2022-05-05T06:02:00+00:00
[2022-05-05 06:02:28,441] {processor.py:161} INFO - Processing /home/airflow/.local/lib/python3.7/site-packages/airflow/example_dags/example_sla_dag.py took 0.180 seconds
[2022-05-05 06:02:58,634] {processor.py:153} INFO - Started process (PID=1138) to work on /home/airflow/.local/lib/python3.7/site-packages/airflow/example_dags/example_sla_dag.py
[2022-05-05 06:02:58,634] {processor.py:641} INFO - Processing file /home/airflow/.local/lib/python3.7/site-packages/airflow/example_dags/example_sla_dag.py for tasks to queue
[2022-05-05 06:02:58,635] {logging_mixin.py:115} INFO - [2022-05-05 06:02:58,635] {dagbag.py:507} INFO - Filling up the DagBag from /home/airflow/.local/lib/python3.7/site-packages/airflow/example_dags/example_sla_dag.py
[2022-05-05 06:02:58,655] {processor.py:651} INFO - DAG(s) dict_keys(['example_sla_dag']) retrieved from /home/airflow/.local/lib/python3.7/site-packages/airflow/example_dags/example_sla_dag.py
[2022-05-05 06:02:58,778] {logging_mixin.py:115} INFO - [2022-05-05 06:02:58,777] {dag.py:2371} INFO - Sync 1 DAGs
[2022-05-05 06:02:58,800] {logging_mixin.py:115} INFO - [2022-05-05 06:02:58,799] {dag.py:2919} INFO - Setting next_dagrun for example_sla_dag to 2022-05-05T06:00:00+00:00, run_after=2022-05-05T06:02:00+00:00
[2022-05-05 06:02:58,812] {processor.py:161} INFO - Processing /home/airflow/.local/lib/python3.7/site-packages/airflow/example_dags/example_sla_dag.py took 0.181 seconds
[2022-05-05 06:03:29,194] {processor.py:153} INFO - Started process (PID=1192) to work on /home/airflow/.local/lib/python3.7/site-packages/airflow/example_dags/example_sla_dag.py
[2022-05-05 06:03:29,195] {processor.py:641} INFO - Processing file /home/airflow/.local/lib/python3.7/site-packages/airflow/example_dags/example_sla_dag.py for tasks to queue
[2022-05-05 06:03:29,196] {logging_mixin.py:115} INFO - [2022-05-05 06:03:29,196] {dagbag.py:507} INFO - Filling up the DagBag from /home/airflow/.local/lib/python3.7/site-packages/airflow/example_dags/example_sla_dag.py
[2022-05-05 06:03:29,214] {processor.py:651} INFO - DAG(s) dict_keys(['example_sla_dag']) retrieved from /home/airflow/.local/lib/python3.7/site-packages/airflow/example_dags/example_sla_dag.py
[2022-05-05 06:03:29,352] {logging_mixin.py:115} INFO - [2022-05-05 06:03:29,352] {dag.py:2371} INFO - Sync 1 DAGs
[2022-05-05 06:03:29,378] {logging_mixin.py:115} INFO - [2022-05-05 06:03:29,378] {dag.py:2919} INFO - Setting next_dagrun for example_sla_dag to 2022-05-05T06:00:00+00:00, run_after=2022-05-05T06:02:00+00:00
[2022-05-05 06:03:29,393] {processor.py:161} INFO - Processing /home/airflow/.local/lib/python3.7/site-packages/airflow/example_dags/example_sla_dag.py took 0.201 seconds
[2022-05-05 06:03:59,708] {processor.py:153} INFO - Started process (PID=1255) to work on /home/airflow/.local/lib/python3.7/site-packages/airflow/example_dags/example_sla_dag.py
[2022-05-05 06:03:59,708] {processor.py:641} INFO - Processing file /home/airflow/.local/lib/python3.7/site-packages/airflow/example_dags/example_sla_dag.py for tasks to queue
[2022-05-05 06:03:59,709] {logging_mixin.py:115} INFO - [2022-05-05 06:03:59,709] {dagbag.py:507} INFO - Filling up the DagBag from /home/airflow/.local/lib/python3.7/site-packages/airflow/example_dags/example_sla_dag.py
[2022-05-05 06:03:59,726] {processor.py:651} INFO - DAG(s) dict_keys(['example_sla_dag']) retrieved from /home/airflow/.local/lib/python3.7/site-packages/airflow/example_dags/example_sla_dag.py
[2022-05-05 06:03:59,747] {logging_mixin.py:115} INFO - [2022-05-05 06:03:59,747] {dag.py:2371} INFO - Sync 1 DAGs
[2022-05-05 06:03:59,771] {logging_mixin.py:115} INFO - [2022-05-05 06:03:59,771] {dag.py:2919} INFO - Setting next_dagrun for example_sla_dag to 2022-05-05T06:00:00+00:00, run_after=2022-05-05T06:02:00+00:00
[2022-05-05 06:03:59,784] {processor.py:161} INFO - Processing /home/airflow/.local/lib/python3.7/site-packages/airflow/example_dags/example_sla_dag.py took 0.078 seconds
[2022-05-05 06:04:30,760] {processor.py:153} INFO - Started process (PID=1317) to work on /home/airflow/.local/lib/python3.7/site-packages/airflow/example_dags/example_sla_dag.py
[2022-05-05 06:04:30,761] {processor.py:641} INFO - Processing file /home/airflow/.local/lib/python3.7/site-packages/airflow/example_dags/example_sla_dag.py for tasks to queue
[2022-05-05 06:04:30,761] {logging_mixin.py:115} INFO - [2022-05-05 06:04:30,761] {dagbag.py:507} INFO - Filling up the DagBag from /home/airflow/.local/lib/python3.7/site-packages/airflow/example_dags/example_sla_dag.py
[2022-05-05 06:04:30,776] {processor.py:651} INFO - DAG(s) dict_keys(['example_sla_dag']) retrieved from /home/airflow/.local/lib/python3.7/site-packages/airflow/example_dags/example_sla_dag.py
[2022-05-05 06:04:30,798] {logging_mixin.py:115} INFO - [2022-05-05 06:04:30,798] {dag.py:2371} INFO - Sync 1 DAGs
[2022-05-05 06:04:30,824] {logging_mixin.py:115} INFO - [2022-05-05 06:04:30,824] {dag.py:2919} INFO - Setting next_dagrun for example_sla_dag to 2022-05-05T06:02:00+00:00, run_after=2022-05-05T06:04:00+00:00
[2022-05-05 06:04:30,839] {processor.py:161} INFO - Processing /home/airflow/.local/lib/python3.7/site-packages/airflow/example_dags/example_sla_dag.py took 0.081 seconds
[2022-05-05 06:05:01,537] {processor.py:153} INFO - Started process (PID=1370) to work on /home/airflow/.local/lib/python3.7/site-packages/airflow/example_dags/example_sla_dag.py
[2022-05-05 06:05:01,537] {processor.py:641} INFO - Processing file /home/airflow/.local/lib/python3.7/site-packages/airflow/example_dags/example_sla_dag.py for tasks to queue
[2022-05-05 06:05:01,537] {logging_mixin.py:115} INFO - [2022-05-05 06:05:01,537] {dagbag.py:507} INFO - Filling up the DagBag from /home/airflow/.local/lib/python3.7/site-packages/airflow/example_dags/example_sla_dag.py
[2022-05-05 06:05:01,554] {processor.py:651} INFO - DAG(s) dict_keys(['example_sla_dag']) retrieved from /home/airflow/.local/lib/python3.7/site-packages/airflow/example_dags/example_sla_dag.py
[2022-05-05 06:05:01,576] {logging_mixin.py:115} INFO - [2022-05-05 06:05:01,576] {dag.py:2371} INFO - Sync 1 DAGs
[2022-05-05 06:05:01,600] {logging_mixin.py:115} INFO - [2022-05-05 06:05:01,600] {dag.py:2919} INFO - Setting next_dagrun for example_sla_dag to 2022-05-05T06:02:00+00:00, run_after=2022-05-05T06:04:00+00:00
[2022-05-05 06:05:01,612] {processor.py:161} INFO - Processing /home/airflow/.local/lib/python3.7/site-packages/airflow/example_dags/example_sla_dag.py took 0.078 seconds
[2022-05-05 06:05:32,042] {processor.py:153} INFO - Started process (PID=1431) to work on /home/airflow/.local/lib/python3.7/site-packages/airflow/example_dags/example_sla_dag.py
[2022-05-05 06:05:32,043] {processor.py:641} INFO - Processing file /home/airflow/.local/lib/python3.7/site-packages/airflow/example_dags/example_sla_dag.py for tasks to queue
[2022-05-05 06:05:32,044] {logging_mixin.py:115} INFO - [2022-05-05 06:05:32,043] {dagbag.py:507} INFO - Filling up the DagBag from /home/airflow/.local/lib/python3.7/site-packages/airflow/example_dags/example_sla_dag.py
[2022-05-05 06:05:32,060] {processor.py:651} INFO - DAG(s) dict_keys(['example_sla_dag']) retrieved from /home/airflow/.local/lib/python3.7/site-packages/airflow/example_dags/example_sla_dag.py
[2022-05-05 06:05:32,082] {logging_mixin.py:115} INFO - [2022-05-05 06:05:32,082] {dag.py:2371} INFO - Sync 1 DAGs
[2022-05-05 06:05:32,106] {logging_mixin.py:115} INFO - [2022-05-05 06:05:32,106] {dag.py:2919} INFO - Setting next_dagrun for example_sla_dag to 2022-05-05T06:02:00+00:00, run_after=2022-05-05T06:04:00+00:00
[2022-05-05 06:05:32,118] {processor.py:161} INFO - Processing /home/airflow/.local/lib/python3.7/site-packages/airflow/example_dags/example_sla_dag.py took 0.078 seconds
[2022-05-05 06:06:02,678] {processor.py:153} INFO - Started process (PID=1494) to work on /home/airflow/.local/lib/python3.7/site-packages/airflow/example_dags/example_sla_dag.py
[2022-05-05 06:06:02,678] {processor.py:641} INFO - Processing file /home/airflow/.local/lib/python3.7/site-packages/airflow/example_dags/example_sla_dag.py for tasks to queue
[2022-05-05 06:06:02,678] {logging_mixin.py:115} INFO - [2022-05-05 06:06:02,678] {dagbag.py:507} INFO - Filling up the DagBag from /home/airflow/.local/lib/python3.7/site-packages/airflow/example_dags/example_sla_dag.py
[2022-05-05 06:06:02,694] {processor.py:651} INFO - DAG(s) dict_keys(['example_sla_dag']) retrieved from /home/airflow/.local/lib/python3.7/site-packages/airflow/example_dags/example_sla_dag.py
[2022-05-05 06:06:02,716] {logging_mixin.py:115} INFO - [2022-05-05 06:06:02,716] {dag.py:2371} INFO - Sync 1 DAGs
[2022-05-05 06:06:02,741] {logging_mixin.py:115} INFO - [2022-05-05 06:06:02,741] {dag.py:2919} INFO - Setting next_dagrun for example_sla_dag to 2022-05-05T06:04:00+00:00, run_after=2022-05-05T06:06:00+00:00
[2022-05-05 06:06:02,754] {processor.py:161} INFO - Processing /home/airflow/.local/lib/python3.7/site-packages/airflow/example_dags/example_sla_dag.py took 0.079 seconds
[2022-05-05 06:06:33,555] {processor.py:153} INFO - Started process (PID=1546) to work on /home/airflow/.local/lib/python3.7/site-packages/airflow/example_dags/example_sla_dag.py
[2022-05-05 06:06:33,556] {processor.py:641} INFO - Processing file /home/airflow/.local/lib/python3.7/site-packages/airflow/example_dags/example_sla_dag.py for tasks to queue
[2022-05-05 06:06:33,556] {logging_mixin.py:115} INFO - [2022-05-05 06:06:33,556] {dagbag.py:507} INFO - Filling up the DagBag from /home/airflow/.local/lib/python3.7/site-packages/airflow/example_dags/example_sla_dag.py
[2022-05-05 06:06:33,577] {processor.py:651} INFO - DAG(s) dict_keys(['example_sla_dag']) retrieved from /home/airflow/.local/lib/python3.7/site-packages/airflow/example_dags/example_sla_dag.py
[2022-05-05 06:06:33,603] {logging_mixin.py:115} INFO - [2022-05-05 06:06:33,603] {dag.py:2371} INFO - Sync 1 DAGs
[2022-05-05 06:06:33,627] {logging_mixin.py:115} INFO - [2022-05-05 06:06:33,627] {dag.py:2919} INFO - Setting next_dagrun for example_sla_dag to 2022-05-05T06:04:00+00:00, run_after=2022-05-05T06:06:00+00:00
[2022-05-05 06:06:33,639] {processor.py:161} INFO - Processing /home/airflow/.local/lib/python3.7/site-packages/airflow/example_dags/example_sla_dag.py took 0.087 seconds
[2022-05-05 06:07:04,491] {processor.py:153} INFO - Started process (PID=1609) to work on /home/airflow/.local/lib/python3.7/site-packages/airflow/example_dags/example_sla_dag.py
[2022-05-05 06:07:04,491] {processor.py:641} INFO - Processing file /home/airflow/.local/lib/python3.7/site-packages/airflow/example_dags/example_sla_dag.py for tasks to queue
[2022-05-05 06:07:04,492] {logging_mixin.py:115} INFO - [2022-05-05 06:07:04,492] {dagbag.py:507} INFO - Filling up the DagBag from /home/airflow/.local/lib/python3.7/site-packages/airflow/example_dags/example_sla_dag.py
[2022-05-05 06:07:04,509] {processor.py:651} INFO - DAG(s) dict_keys(['example_sla_dag']) retrieved from /home/airflow/.local/lib/python3.7/site-packages/airflow/example_dags/example_sla_dag.py
[2022-05-05 06:07:04,533] {logging_mixin.py:115} INFO - [2022-05-05 06:07:04,533] {dag.py:2371} INFO - Sync 1 DAGs
[2022-05-05 06:07:04,560] {logging_mixin.py:115} INFO - [2022-05-05 06:07:04,560] {dag.py:2919} INFO - Setting next_dagrun for example_sla_dag to 2022-05-05T06:04:00+00:00, run_after=2022-05-05T06:06:00+00:00
[2022-05-05 06:07:04,574] {processor.py:161} INFO - Processing /home/airflow/.local/lib/python3.7/site-packages/airflow/example_dags/example_sla_dag.py took 0.085 seconds
[2022-05-05 06:07:35,306] {processor.py:153} INFO - Started process (PID=1670) to work on /home/airflow/.local/lib/python3.7/site-packages/airflow/example_dags/example_sla_dag.py
[2022-05-05 06:07:35,307] {processor.py:641} INFO - Processing file /home/airflow/.local/lib/python3.7/site-packages/airflow/example_dags/example_sla_dag.py for tasks to queue
[2022-05-05 06:07:35,308] {logging_mixin.py:115} INFO - [2022-05-05 06:07:35,308] {dagbag.py:507} INFO - Filling up the DagBag from /home/airflow/.local/lib/python3.7/site-packages/airflow/example_dags/example_sla_dag.py
[2022-05-05 06:07:35,325] {processor.py:651} INFO - DAG(s) dict_keys(['example_sla_dag']) retrieved from /home/airflow/.local/lib/python3.7/site-packages/airflow/example_dags/example_sla_dag.py
[2022-05-05 06:07:35,350] {logging_mixin.py:115} INFO - [2022-05-05 06:07:35,350] {dag.py:2371} INFO - Sync 1 DAGs
[2022-05-05 06:07:35,378] {logging_mixin.py:115} INFO - [2022-05-05 06:07:35,378] {dag.py:2919} INFO - Setting next_dagrun for example_sla_dag to 2022-05-05T06:04:00+00:00, run_after=2022-05-05T06:06:00+00:00
[2022-05-05 06:07:35,392] {processor.py:161} INFO - Processing /home/airflow/.local/lib/python3.7/site-packages/airflow/example_dags/example_sla_dag.py took 0.089 seconds
[2022-05-05 06:08:05,984] {processor.py:153} INFO - Started process (PID=1723) to work on /home/airflow/.local/lib/python3.7/site-packages/airflow/example_dags/example_sla_dag.py
[2022-05-05 06:08:05,984] {processor.py:641} INFO - Processing file /home/airflow/.local/lib/python3.7/site-packages/airflow/example_dags/example_sla_dag.py for tasks to queue
[2022-05-05 06:08:05,985] {logging_mixin.py:115} INFO - [2022-05-05 06:08:05,985] {dagbag.py:507} INFO - Filling up the DagBag from /home/airflow/.local/lib/python3.7/site-packages/airflow/example_dags/example_sla_dag.py
[2022-05-05 06:08:06,002] {processor.py:651} INFO - DAG(s) dict_keys(['example_sla_dag']) retrieved from /home/airflow/.local/lib/python3.7/site-packages/airflow/example_dags/example_sla_dag.py
[2022-05-05 06:08:06,026] {logging_mixin.py:115} INFO - [2022-05-05 06:08:06,026] {dag.py:2371} INFO - Sync 1 DAGs
[2022-05-05 06:08:06,050] {logging_mixin.py:115} INFO - [2022-05-05 06:08:06,050] {dag.py:2919} INFO - Setting next_dagrun for example_sla_dag to 2022-05-05T06:06:00+00:00, run_after=2022-05-05T06:08:00+00:00
[2022-05-05 06:08:06,063] {processor.py:161} INFO - Processing /home/airflow/.local/lib/python3.7/site-packages/airflow/example_dags/example_sla_dag.py took 0.081 seconds
[2022-05-05 06:08:36,569] {processor.py:153} INFO - Started process (PID=1786) to work on /home/airflow/.local/lib/python3.7/site-packages/airflow/example_dags/example_sla_dag.py
[2022-05-05 06:08:36,570] {processor.py:641} INFO - Processing file /home/airflow/.local/lib/python3.7/site-packages/airflow/example_dags/example_sla_dag.py for tasks to queue
[2022-05-05 06:08:36,570] {logging_mixin.py:115} INFO - [2022-05-05 06:08:36,570] {dagbag.py:507} INFO - Filling up the DagBag from /home/airflow/.local/lib/python3.7/site-packages/airflow/example_dags/example_sla_dag.py
[2022-05-05 06:08:36,585] {processor.py:651} INFO - DAG(s) dict_keys(['example_sla_dag']) retrieved from /home/airflow/.local/lib/python3.7/site-packages/airflow/example_dags/example_sla_dag.py
[2022-05-05 06:08:36,607] {logging_mixin.py:115} INFO - [2022-05-05 06:08:36,607] {dag.py:2371} INFO - Sync 1 DAGs
[2022-05-05 06:08:36,629] {logging_mixin.py:115} INFO - [2022-05-05 06:08:36,629] {dag.py:2919} INFO - Setting next_dagrun for example_sla_dag to 2022-05-05T06:06:00+00:00, run_after=2022-05-05T06:08:00+00:00
[2022-05-05 06:08:36,641] {processor.py:161} INFO - Processing /home/airflow/.local/lib/python3.7/site-packages/airflow/example_dags/example_sla_dag.py took 0.075 seconds
[2022-05-05 06:09:08,078] {processor.py:153} INFO - Started process (PID=1849) to work on /home/airflow/.local/lib/python3.7/site-packages/airflow/example_dags/example_sla_dag.py
[2022-05-05 06:09:08,078] {processor.py:641} INFO - Processing file /home/airflow/.local/lib/python3.7/site-packages/airflow/example_dags/example_sla_dag.py for tasks to queue
[2022-05-05 06:09:08,079] {logging_mixin.py:115} INFO - [2022-05-05 06:09:08,079] {dagbag.py:507} INFO - Filling up the DagBag from /home/airflow/.local/lib/python3.7/site-packages/airflow/example_dags/example_sla_dag.py
[2022-05-05 06:09:08,218] {processor.py:651} INFO - DAG(s) dict_keys(['example_sla_dag']) retrieved from /home/airflow/.local/lib/python3.7/site-packages/airflow/example_dags/example_sla_dag.py
[2022-05-05 06:09:08,239] {logging_mixin.py:115} INFO - [2022-05-05 06:09:08,239] {dag.py:2371} INFO - Sync 1 DAGs
[2022-05-05 06:09:08,262] {logging_mixin.py:115} INFO - [2022-05-05 06:09:08,262] {dag.py:2919} INFO - Setting next_dagrun for example_sla_dag to 2022-05-05T06:06:00+00:00, run_after=2022-05-05T06:08:00+00:00
[2022-05-05 06:09:08,276] {processor.py:161} INFO - Processing /home/airflow/.local/lib/python3.7/site-packages/airflow/example_dags/example_sla_dag.py took 0.200 seconds
[2022-05-05 06:09:39,246] {processor.py:153} INFO - Started process (PID=1909) to work on /home/airflow/.local/lib/python3.7/site-packages/airflow/example_dags/example_sla_dag.py
[2022-05-05 06:09:39,247] {processor.py:641} INFO - Processing file /home/airflow/.local/lib/python3.7/site-packages/airflow/example_dags/example_sla_dag.py for tasks to queue
[2022-05-05 06:09:39,247] {logging_mixin.py:115} INFO - [2022-05-05 06:09:39,247] {dagbag.py:507} INFO - Filling up the DagBag from /home/airflow/.local/lib/python3.7/site-packages/airflow/example_dags/example_sla_dag.py
[2022-05-05 06:09:39,413] {processor.py:651} INFO - DAG(s) dict_keys(['example_sla_dag']) retrieved from /home/airflow/.local/lib/python3.7/site-packages/airflow/example_dags/example_sla_dag.py
[2022-05-05 06:09:39,436] {logging_mixin.py:115} INFO - [2022-05-05 06:09:39,436] {dag.py:2371} INFO - Sync 1 DAGs
[2022-05-05 06:09:39,461] {logging_mixin.py:115} INFO - [2022-05-05 06:09:39,461] {dag.py:2919} INFO - Setting next_dagrun for example_sla_dag to 2022-05-05T06:06:00+00:00, run_after=2022-05-05T06:08:00+00:00
[2022-05-05 06:09:39,475] {processor.py:161} INFO - Processing /home/airflow/.local/lib/python3.7/site-packages/airflow/example_dags/example_sla_dag.py took 0.232 seconds
[2022-05-05 06:10:09,884] {processor.py:153} INFO - Started process (PID=1963) to work on /home/airflow/.local/lib/python3.7/site-packages/airflow/example_dags/example_sla_dag.py
[2022-05-05 06:10:09,884] {processor.py:641} INFO - Processing file /home/airflow/.local/lib/python3.7/site-packages/airflow/example_dags/example_sla_dag.py for tasks to queue
[2022-05-05 06:10:09,885] {logging_mixin.py:115} INFO - [2022-05-05 06:10:09,885] {dagbag.py:507} INFO - Filling up the DagBag from /home/airflow/.local/lib/python3.7/site-packages/airflow/example_dags/example_sla_dag.py
[2022-05-05 06:10:10,019] {processor.py:651} INFO - DAG(s) dict_keys(['example_sla_dag']) retrieved from /home/airflow/.local/lib/python3.7/site-packages/airflow/example_dags/example_sla_dag.py
[2022-05-05 06:10:10,041] {logging_mixin.py:115} INFO - [2022-05-05 06:10:10,041] {dag.py:2371} INFO - Sync 1 DAGs
[2022-05-05 06:10:10,074] {logging_mixin.py:115} INFO - [2022-05-05 06:10:10,074] {dag.py:2919} INFO - Setting next_dagrun for example_sla_dag to 2022-05-05T06:08:00+00:00, run_after=2022-05-05T06:10:00+00:00
[2022-05-05 06:10:10,100] {processor.py:161} INFO - Processing /home/airflow/.local/lib/python3.7/site-packages/airflow/example_dags/example_sla_dag.py took 0.218 seconds
[2022-05-05 06:10:40,293] {processor.py:153} INFO - Started process (PID=2024) to work on /home/airflow/.local/lib/python3.7/site-packages/airflow/example_dags/example_sla_dag.py
[2022-05-05 06:10:40,295] {processor.py:641} INFO - Processing file /home/airflow/.local/lib/python3.7/site-packages/airflow/example_dags/example_sla_dag.py for tasks to queue
[2022-05-05 06:10:40,295] {logging_mixin.py:115} INFO - [2022-05-05 06:10:40,295] {dagbag.py:507} INFO - Filling up the DagBag from /home/airflow/.local/lib/python3.7/site-packages/airflow/example_dags/example_sla_dag.py
[2022-05-05 06:10:40,448] {processor.py:651} INFO - DAG(s) dict_keys(['example_sla_dag']) retrieved from /home/airflow/.local/lib/python3.7/site-packages/airflow/example_dags/example_sla_dag.py
[2022-05-05 06:10:40,479] {logging_mixin.py:115} INFO - [2022-05-05 06:10:40,479] {dag.py:2371} INFO - Sync 1 DAGs
[2022-05-05 06:10:40,514] {logging_mixin.py:115} INFO - [2022-05-05 06:10:40,514] {dag.py:2919} INFO - Setting next_dagrun for example_sla_dag to 2022-05-05T06:08:00+00:00, run_after=2022-05-05T06:10:00+00:00
[2022-05-05 06:10:40,530] {processor.py:161} INFO - Processing /home/airflow/.local/lib/python3.7/site-packages/airflow/example_dags/example_sla_dag.py took 0.240 seconds
[2022-05-05 06:11:10,993] {processor.py:153} INFO - Started process (PID=2078) to work on /home/airflow/.local/lib/python3.7/site-packages/airflow/example_dags/example_sla_dag.py
[2022-05-05 06:11:10,994] {processor.py:641} INFO - Processing file /home/airflow/.local/lib/python3.7/site-packages/airflow/example_dags/example_sla_dag.py for tasks to queue
[2022-05-05 06:11:10,994] {logging_mixin.py:115} INFO - [2022-05-05 06:11:10,994] {dagbag.py:507} INFO - Filling up the DagBag from /home/airflow/.local/lib/python3.7/site-packages/airflow/example_dags/example_sla_dag.py
[2022-05-05 06:11:11,133] {processor.py:651} INFO - DAG(s) dict_keys(['example_sla_dag']) retrieved from /home/airflow/.local/lib/python3.7/site-packages/airflow/example_dags/example_sla_dag.py
[2022-05-05 06:11:11,153] {logging_mixin.py:115} INFO - [2022-05-05 06:11:11,153] {dag.py:2371} INFO - Sync 1 DAGs
[2022-05-05 06:11:11,175] {logging_mixin.py:115} INFO - [2022-05-05 06:11:11,175] {dag.py:2919} INFO - Setting next_dagrun for example_sla_dag to 2022-05-05T06:08:00+00:00, run_after=2022-05-05T06:10:00+00:00
[2022-05-05 06:11:11,191] {processor.py:161} INFO - Processing /home/airflow/.local/lib/python3.7/site-packages/airflow/example_dags/example_sla_dag.py took 0.200 seconds
[2022-05-05 06:11:41,211] {processor.py:153} INFO - Started process (PID=2139) to work on /home/airflow/.local/lib/python3.7/site-packages/airflow/example_dags/example_sla_dag.py
[2022-05-05 06:11:41,212] {processor.py:641} INFO - Processing file /home/airflow/.local/lib/python3.7/site-packages/airflow/example_dags/example_sla_dag.py for tasks to queue
[2022-05-05 06:11:41,212] {logging_mixin.py:115} INFO - [2022-05-05 06:11:41,212] {dagbag.py:507} INFO - Filling up the DagBag from /home/airflow/.local/lib/python3.7/site-packages/airflow/example_dags/example_sla_dag.py
[2022-05-05 06:11:41,327] {processor.py:651} INFO - DAG(s) dict_keys(['example_sla_dag']) retrieved from /home/airflow/.local/lib/python3.7/site-packages/airflow/example_dags/example_sla_dag.py
[2022-05-05 06:11:41,345] {logging_mixin.py:115} INFO - [2022-05-05 06:11:41,345] {dag.py:2371} INFO - Sync 1 DAGs
[2022-05-05 06:11:41,366] {logging_mixin.py:115} INFO - [2022-05-05 06:11:41,366] {dag.py:2919} INFO - Setting next_dagrun for example_sla_dag to 2022-05-05T06:08:00+00:00, run_after=2022-05-05T06:10:00+00:00
[2022-05-05 06:11:41,380] {processor.py:161} INFO - Processing /home/airflow/.local/lib/python3.7/site-packages/airflow/example_dags/example_sla_dag.py took 0.172 seconds
[2022-05-05 06:12:11,489] {processor.py:153} INFO - Started process (PID=2200) to work on /home/airflow/.local/lib/python3.7/site-packages/airflow/example_dags/example_sla_dag.py
[2022-05-05 06:12:11,489] {processor.py:641} INFO - Processing file /home/airflow/.local/lib/python3.7/site-packages/airflow/example_dags/example_sla_dag.py for tasks to queue
[2022-05-05 06:12:11,490] {logging_mixin.py:115} INFO - [2022-05-05 06:12:11,490] {dagbag.py:507} INFO - Filling up the DagBag from /home/airflow/.local/lib/python3.7/site-packages/airflow/example_dags/example_sla_dag.py
[2022-05-05 06:12:11,606] {processor.py:651} INFO - DAG(s) dict_keys(['example_sla_dag']) retrieved from /home/airflow/.local/lib/python3.7/site-packages/airflow/example_dags/example_sla_dag.py
[2022-05-05 06:12:11,695] {logging_mixin.py:115} INFO - [2022-05-05 06:12:11,695] {dag.py:2371} INFO - Sync 1 DAGs
[2022-05-05 06:12:11,731] {logging_mixin.py:115} INFO - [2022-05-05 06:12:11,730] {dag.py:2919} INFO - Setting next_dagrun for example_sla_dag to 2022-05-05T06:10:00+00:00, run_after=2022-05-05T06:12:00+00:00
[2022-05-05 06:12:11,744] {processor.py:161} INFO - Processing /home/airflow/.local/lib/python3.7/site-packages/airflow/example_dags/example_sla_dag.py took 0.258 seconds
[2022-05-05 06:12:41,878] {processor.py:153} INFO - Started process (PID=2252) to work on /home/airflow/.local/lib/python3.7/site-packages/airflow/example_dags/example_sla_dag.py
[2022-05-05 06:12:41,879] {processor.py:641} INFO - Processing file /home/airflow/.local/lib/python3.7/site-packages/airflow/example_dags/example_sla_dag.py for tasks to queue
[2022-05-05 06:12:41,880] {logging_mixin.py:115} INFO - [2022-05-05 06:12:41,880] {dagbag.py:507} INFO - Filling up the DagBag from /home/airflow/.local/lib/python3.7/site-packages/airflow/example_dags/example_sla_dag.py
[2022-05-05 06:12:41,999] {processor.py:651} INFO - DAG(s) dict_keys(['example_sla_dag']) retrieved from /home/airflow/.local/lib/python3.7/site-packages/airflow/example_dags/example_sla_dag.py
[2022-05-05 06:12:42,017] {logging_mixin.py:115} INFO - [2022-05-05 06:12:42,017] {dag.py:2371} INFO - Sync 1 DAGs
[2022-05-05 06:12:42,042] {logging_mixin.py:115} INFO - [2022-05-05 06:12:42,042] {dag.py:2919} INFO - Setting next_dagrun for example_sla_dag to 2022-05-05T06:10:00+00:00, run_after=2022-05-05T06:12:00+00:00
[2022-05-05 06:12:42,056] {processor.py:161} INFO - Processing /home/airflow/.local/lib/python3.7/site-packages/airflow/example_dags/example_sla_dag.py took 0.181 seconds
[2022-05-05 06:13:12,235] {processor.py:153} INFO - Started process (PID=2314) to work on /home/airflow/.local/lib/python3.7/site-packages/airflow/example_dags/example_sla_dag.py
[2022-05-05 06:13:12,235] {processor.py:641} INFO - Processing file /home/airflow/.local/lib/python3.7/site-packages/airflow/example_dags/example_sla_dag.py for tasks to queue
[2022-05-05 06:13:12,236] {logging_mixin.py:115} INFO - [2022-05-05 06:13:12,235] {dagbag.py:507} INFO - Filling up the DagBag from /home/airflow/.local/lib/python3.7/site-packages/airflow/example_dags/example_sla_dag.py
[2022-05-05 06:13:12,357] {processor.py:651} INFO - DAG(s) dict_keys(['example_sla_dag']) retrieved from /home/airflow/.local/lib/python3.7/site-packages/airflow/example_dags/example_sla_dag.py
[2022-05-05 06:13:12,382] {logging_mixin.py:115} INFO - [2022-05-05 06:13:12,382] {dag.py:2371} INFO - Sync 1 DAGs
[2022-05-05 06:13:12,406] {logging_mixin.py:115} INFO - [2022-05-05 06:13:12,406] {dag.py:2919} INFO - Setting next_dagrun for example_sla_dag to 2022-05-05T06:10:00+00:00, run_after=2022-05-05T06:12:00+00:00
[2022-05-05 06:13:12,419] {processor.py:161} INFO - Processing /home/airflow/.local/lib/python3.7/site-packages/airflow/example_dags/example_sla_dag.py took 0.187 seconds
[2022-05-05 06:13:42,692] {processor.py:153} INFO - Started process (PID=2376) to work on /home/airflow/.local/lib/python3.7/site-packages/airflow/example_dags/example_sla_dag.py
[2022-05-05 06:13:42,693] {processor.py:641} INFO - Processing file /home/airflow/.local/lib/python3.7/site-packages/airflow/example_dags/example_sla_dag.py for tasks to queue
[2022-05-05 06:13:42,694] {logging_mixin.py:115} INFO - [2022-05-05 06:13:42,694] {dagbag.py:507} INFO - Filling up the DagBag from /home/airflow/.local/lib/python3.7/site-packages/airflow/example_dags/example_sla_dag.py
[2022-05-05 06:13:42,868] {processor.py:651} INFO - DAG(s) dict_keys(['example_sla_dag']) retrieved from /home/airflow/.local/lib/python3.7/site-packages/airflow/example_dags/example_sla_dag.py
[2022-05-05 06:13:42,897] {logging_mixin.py:115} INFO - [2022-05-05 06:13:42,897] {dag.py:2371} INFO - Sync 1 DAGs
[2022-05-05 06:13:42,928] {logging_mixin.py:115} INFO - [2022-05-05 06:13:42,928] {dag.py:2919} INFO - Setting next_dagrun for example_sla_dag to 2022-05-05T06:10:00+00:00, run_after=2022-05-05T06:12:00+00:00
[2022-05-05 06:13:42,943] {processor.py:161} INFO - Processing /home/airflow/.local/lib/python3.7/site-packages/airflow/example_dags/example_sla_dag.py took 0.253 seconds
[2022-05-05 06:14:13,837] {processor.py:153} INFO - Started process (PID=2429) to work on /home/airflow/.local/lib/python3.7/site-packages/airflow/example_dags/example_sla_dag.py
[2022-05-05 06:14:13,837] {processor.py:641} INFO - Processing file /home/airflow/.local/lib/python3.7/site-packages/airflow/example_dags/example_sla_dag.py for tasks to queue
[2022-05-05 06:14:13,838] {logging_mixin.py:115} INFO - [2022-05-05 06:14:13,838] {dagbag.py:507} INFO - Filling up the DagBag from /home/airflow/.local/lib/python3.7/site-packages/airflow/example_dags/example_sla_dag.py
[2022-05-05 06:14:13,857] {processor.py:651} INFO - DAG(s) dict_keys(['example_sla_dag']) retrieved from /home/airflow/.local/lib/python3.7/site-packages/airflow/example_dags/example_sla_dag.py
[2022-05-05 06:14:13,880] {logging_mixin.py:115} INFO - [2022-05-05 06:14:13,879] {dag.py:2371} INFO - Sync 1 DAGs
[2022-05-05 06:14:13,904] {logging_mixin.py:115} INFO - [2022-05-05 06:14:13,903] {dag.py:2919} INFO - Setting next_dagrun for example_sla_dag to 2022-05-05T06:12:00+00:00, run_after=2022-05-05T06:14:00+00:00
[2022-05-05 06:14:13,921] {processor.py:161} INFO - Processing /home/airflow/.local/lib/python3.7/site-packages/airflow/example_dags/example_sla_dag.py took 0.088 seconds
[2022-05-05 06:14:44,458] {processor.py:153} INFO - Started process (PID=2490) to work on /home/airflow/.local/lib/python3.7/site-packages/airflow/example_dags/example_sla_dag.py
[2022-05-05 06:14:44,460] {processor.py:641} INFO - Processing file /home/airflow/.local/lib/python3.7/site-packages/airflow/example_dags/example_sla_dag.py for tasks to queue
[2022-05-05 06:14:44,461] {logging_mixin.py:115} INFO - [2022-05-05 06:14:44,460] {dagbag.py:507} INFO - Filling up the DagBag from /home/airflow/.local/lib/python3.7/site-packages/airflow/example_dags/example_sla_dag.py
[2022-05-05 06:14:44,477] {processor.py:651} INFO - DAG(s) dict_keys(['example_sla_dag']) retrieved from /home/airflow/.local/lib/python3.7/site-packages/airflow/example_dags/example_sla_dag.py
[2022-05-05 06:14:44,500] {logging_mixin.py:115} INFO - [2022-05-05 06:14:44,500] {dag.py:2371} INFO - Sync 1 DAGs
[2022-05-05 06:14:44,524] {logging_mixin.py:115} INFO - [2022-05-05 06:14:44,524] {dag.py:2919} INFO - Setting next_dagrun for example_sla_dag to 2022-05-05T06:12:00+00:00, run_after=2022-05-05T06:14:00+00:00
[2022-05-05 06:14:44,537] {processor.py:161} INFO - Processing /home/airflow/.local/lib/python3.7/site-packages/airflow/example_dags/example_sla_dag.py took 0.083 seconds
[2022-05-05 06:15:15,215] {processor.py:153} INFO - Started process (PID=2552) to work on /home/airflow/.local/lib/python3.7/site-packages/airflow/example_dags/example_sla_dag.py
[2022-05-05 06:15:15,217] {processor.py:641} INFO - Processing file /home/airflow/.local/lib/python3.7/site-packages/airflow/example_dags/example_sla_dag.py for tasks to queue
[2022-05-05 06:15:15,218] {logging_mixin.py:115} INFO - [2022-05-05 06:15:15,218] {dagbag.py:507} INFO - Filling up the DagBag from /home/airflow/.local/lib/python3.7/site-packages/airflow/example_dags/example_sla_dag.py
[2022-05-05 06:15:15,237] {processor.py:651} INFO - DAG(s) dict_keys(['example_sla_dag']) retrieved from /home/airflow/.local/lib/python3.7/site-packages/airflow/example_dags/example_sla_dag.py
[2022-05-05 06:15:15,262] {logging_mixin.py:115} INFO - [2022-05-05 06:15:15,262] {dag.py:2371} INFO - Sync 1 DAGs
[2022-05-05 06:15:15,290] {logging_mixin.py:115} INFO - [2022-05-05 06:15:15,290] {dag.py:2919} INFO - Setting next_dagrun for example_sla_dag to 2022-05-05T06:12:00+00:00, run_after=2022-05-05T06:14:00+00:00
[2022-05-05 06:15:15,308] {processor.py:161} INFO - Processing /home/airflow/.local/lib/python3.7/site-packages/airflow/example_dags/example_sla_dag.py took 0.096 seconds
[2022-05-05 06:15:46,022] {processor.py:153} INFO - Started process (PID=2605) to work on /home/airflow/.local/lib/python3.7/site-packages/airflow/example_dags/example_sla_dag.py
[2022-05-05 06:15:46,029] {processor.py:641} INFO - Processing file /home/airflow/.local/lib/python3.7/site-packages/airflow/example_dags/example_sla_dag.py for tasks to queue
[2022-05-05 06:15:46,029] {logging_mixin.py:115} INFO - [2022-05-05 06:15:46,029] {dagbag.py:507} INFO - Filling up the DagBag from /home/airflow/.local/lib/python3.7/site-packages/airflow/example_dags/example_sla_dag.py
[2022-05-05 06:15:46,050] {processor.py:651} INFO - DAG(s) dict_keys(['example_sla_dag']) retrieved from /home/airflow/.local/lib/python3.7/site-packages/airflow/example_dags/example_sla_dag.py
[2022-05-05 06:15:46,079] {logging_mixin.py:115} INFO - [2022-05-05 06:15:46,079] {dag.py:2371} INFO - Sync 1 DAGs
[2022-05-05 06:15:46,113] {logging_mixin.py:115} INFO - [2022-05-05 06:15:46,113] {dag.py:2919} INFO - Setting next_dagrun for example_sla_dag to 2022-05-05T06:12:00+00:00, run_after=2022-05-05T06:14:00+00:00
[2022-05-05 06:15:46,132] {processor.py:161} INFO - Processing /home/airflow/.local/lib/python3.7/site-packages/airflow/example_dags/example_sla_dag.py took 0.112 seconds
[2022-05-05 06:16:16,654] {processor.py:153} INFO - Started process (PID=2668) to work on /home/airflow/.local/lib/python3.7/site-packages/airflow/example_dags/example_sla_dag.py
[2022-05-05 06:16:16,655] {processor.py:641} INFO - Processing file /home/airflow/.local/lib/python3.7/site-packages/airflow/example_dags/example_sla_dag.py for tasks to queue
[2022-05-05 06:16:16,655] {logging_mixin.py:115} INFO - [2022-05-05 06:16:16,655] {dagbag.py:507} INFO - Filling up the DagBag from /home/airflow/.local/lib/python3.7/site-packages/airflow/example_dags/example_sla_dag.py
[2022-05-05 06:16:16,672] {processor.py:651} INFO - DAG(s) dict_keys(['example_sla_dag']) retrieved from /home/airflow/.local/lib/python3.7/site-packages/airflow/example_dags/example_sla_dag.py
[2022-05-05 06:16:16,697] {logging_mixin.py:115} INFO - [2022-05-05 06:16:16,696] {dag.py:2371} INFO - Sync 1 DAGs
[2022-05-05 06:16:16,729] {logging_mixin.py:115} INFO - [2022-05-05 06:16:16,729] {dag.py:2919} INFO - Setting next_dagrun for example_sla_dag to 2022-05-05T06:14:00+00:00, run_after=2022-05-05T06:16:00+00:00
[2022-05-05 06:16:16,748] {processor.py:161} INFO - Processing /home/airflow/.local/lib/python3.7/site-packages/airflow/example_dags/example_sla_dag.py took 0.097 seconds
[2022-05-05 06:16:47,432] {processor.py:153} INFO - Started process (PID=2721) to work on /home/airflow/.local/lib/python3.7/site-packages/airflow/example_dags/example_sla_dag.py
[2022-05-05 06:16:47,438] {processor.py:641} INFO - Processing file /home/airflow/.local/lib/python3.7/site-packages/airflow/example_dags/example_sla_dag.py for tasks to queue
[2022-05-05 06:16:47,439] {logging_mixin.py:115} INFO - [2022-05-05 06:16:47,439] {dagbag.py:507} INFO - Filling up the DagBag from /home/airflow/.local/lib/python3.7/site-packages/airflow/example_dags/example_sla_dag.py
[2022-05-05 06:16:47,454] {processor.py:651} INFO - DAG(s) dict_keys(['example_sla_dag']) retrieved from /home/airflow/.local/lib/python3.7/site-packages/airflow/example_dags/example_sla_dag.py
[2022-05-05 06:16:47,476] {logging_mixin.py:115} INFO - [2022-05-05 06:16:47,476] {dag.py:2371} INFO - Sync 1 DAGs
[2022-05-05 06:16:47,504] {logging_mixin.py:115} INFO - [2022-05-05 06:16:47,504] {dag.py:2919} INFO - Setting next_dagrun for example_sla_dag to 2022-05-05T06:14:00+00:00, run_after=2022-05-05T06:16:00+00:00
[2022-05-05 06:16:47,518] {processor.py:161} INFO - Processing /home/airflow/.local/lib/python3.7/site-packages/airflow/example_dags/example_sla_dag.py took 0.090 seconds
[2022-05-05 06:17:18,114] {processor.py:153} INFO - Started process (PID=2784) to work on /home/airflow/.local/lib/python3.7/site-packages/airflow/example_dags/example_sla_dag.py
[2022-05-05 06:17:18,114] {processor.py:641} INFO - Processing file /home/airflow/.local/lib/python3.7/site-packages/airflow/example_dags/example_sla_dag.py for tasks to queue
[2022-05-05 06:17:18,114] {logging_mixin.py:115} INFO - [2022-05-05 06:17:18,114] {dagbag.py:507} INFO - Filling up the DagBag from /home/airflow/.local/lib/python3.7/site-packages/airflow/example_dags/example_sla_dag.py
[2022-05-05 06:17:18,129] {processor.py:651} INFO - DAG(s) dict_keys(['example_sla_dag']) retrieved from /home/airflow/.local/lib/python3.7/site-packages/airflow/example_dags/example_sla_dag.py
[2022-05-05 06:17:18,156] {logging_mixin.py:115} INFO - [2022-05-05 06:17:18,156] {dag.py:2371} INFO - Sync 1 DAGs
[2022-05-05 06:17:18,185] {logging_mixin.py:115} INFO - [2022-05-05 06:17:18,185] {dag.py:2919} INFO - Setting next_dagrun for example_sla_dag to 2022-05-05T06:14:00+00:00, run_after=2022-05-05T06:16:00+00:00
[2022-05-05 06:17:18,199] {processor.py:161} INFO - Processing /home/airflow/.local/lib/python3.7/site-packages/airflow/example_dags/example_sla_dag.py took 0.087 seconds
[2022-05-05 06:17:48,754] {processor.py:153} INFO - Started process (PID=2846) to work on /home/airflow/.local/lib/python3.7/site-packages/airflow/example_dags/example_sla_dag.py
[2022-05-05 06:17:48,761] {processor.py:641} INFO - Processing file /home/airflow/.local/lib/python3.7/site-packages/airflow/example_dags/example_sla_dag.py for tasks to queue
[2022-05-05 06:17:48,762] {logging_mixin.py:115} INFO - [2022-05-05 06:17:48,762] {dagbag.py:507} INFO - Filling up the DagBag from /home/airflow/.local/lib/python3.7/site-packages/airflow/example_dags/example_sla_dag.py
[2022-05-05 06:17:48,776] {processor.py:651} INFO - DAG(s) dict_keys(['example_sla_dag']) retrieved from /home/airflow/.local/lib/python3.7/site-packages/airflow/example_dags/example_sla_dag.py
[2022-05-05 06:17:48,800] {logging_mixin.py:115} INFO - [2022-05-05 06:17:48,800] {dag.py:2371} INFO - Sync 1 DAGs
[2022-05-05 06:17:48,824] {logging_mixin.py:115} INFO - [2022-05-05 06:17:48,824] {dag.py:2919} INFO - Setting next_dagrun for example_sla_dag to 2022-05-05T06:14:00+00:00, run_after=2022-05-05T06:16:00+00:00
[2022-05-05 06:17:48,839] {processor.py:161} INFO - Processing /home/airflow/.local/lib/python3.7/site-packages/airflow/example_dags/example_sla_dag.py took 0.087 seconds
[2022-05-05 06:18:19,568] {processor.py:153} INFO - Started process (PID=2898) to work on /home/airflow/.local/lib/python3.7/site-packages/airflow/example_dags/example_sla_dag.py
[2022-05-05 06:18:19,568] {processor.py:641} INFO - Processing file /home/airflow/.local/lib/python3.7/site-packages/airflow/example_dags/example_sla_dag.py for tasks to queue
[2022-05-05 06:18:19,570] {logging_mixin.py:115} INFO - [2022-05-05 06:18:19,569] {dagbag.py:507} INFO - Filling up the DagBag from /home/airflow/.local/lib/python3.7/site-packages/airflow/example_dags/example_sla_dag.py
[2022-05-05 06:18:19,587] {processor.py:651} INFO - DAG(s) dict_keys(['example_sla_dag']) retrieved from /home/airflow/.local/lib/python3.7/site-packages/airflow/example_dags/example_sla_dag.py
[2022-05-05 06:18:19,610] {logging_mixin.py:115} INFO - [2022-05-05 06:18:19,610] {dag.py:2371} INFO - Sync 1 DAGs
[2022-05-05 06:18:19,635] {logging_mixin.py:115} INFO - [2022-05-05 06:18:19,635] {dag.py:2919} INFO - Setting next_dagrun for example_sla_dag to 2022-05-05T06:16:00+00:00, run_after=2022-05-05T06:18:00+00:00
[2022-05-05 06:18:19,650] {processor.py:161} INFO - Processing /home/airflow/.local/lib/python3.7/site-packages/airflow/example_dags/example_sla_dag.py took 0.087 seconds
[2022-05-05 06:18:50,186] {processor.py:153} INFO - Started process (PID=2962) to work on /home/airflow/.local/lib/python3.7/site-packages/airflow/example_dags/example_sla_dag.py
[2022-05-05 06:18:50,187] {processor.py:641} INFO - Processing file /home/airflow/.local/lib/python3.7/site-packages/airflow/example_dags/example_sla_dag.py for tasks to queue
[2022-05-05 06:18:50,187] {logging_mixin.py:115} INFO - [2022-05-05 06:18:50,187] {dagbag.py:507} INFO - Filling up the DagBag from /home/airflow/.local/lib/python3.7/site-packages/airflow/example_dags/example_sla_dag.py
[2022-05-05 06:18:50,202] {processor.py:651} INFO - DAG(s) dict_keys(['example_sla_dag']) retrieved from /home/airflow/.local/lib/python3.7/site-packages/airflow/example_dags/example_sla_dag.py
[2022-05-05 06:18:50,225] {logging_mixin.py:115} INFO - [2022-05-05 06:18:50,224] {dag.py:2371} INFO - Sync 1 DAGs
[2022-05-05 06:18:50,251] {logging_mixin.py:115} INFO - [2022-05-05 06:18:50,251] {dag.py:2919} INFO - Setting next_dagrun for example_sla_dag to 2022-05-05T06:16:00+00:00, run_after=2022-05-05T06:18:00+00:00
[2022-05-05 06:18:50,264] {processor.py:161} INFO - Processing /home/airflow/.local/lib/python3.7/site-packages/airflow/example_dags/example_sla_dag.py took 0.081 seconds
[2022-05-05 06:19:20,935] {processor.py:153} INFO - Started process (PID=3024) to work on /home/airflow/.local/lib/python3.7/site-packages/airflow/example_dags/example_sla_dag.py
[2022-05-05 06:19:20,935] {processor.py:641} INFO - Processing file /home/airflow/.local/lib/python3.7/site-packages/airflow/example_dags/example_sla_dag.py for tasks to queue
[2022-05-05 06:19:20,936] {logging_mixin.py:115} INFO - [2022-05-05 06:19:20,936] {dagbag.py:507} INFO - Filling up the DagBag from /home/airflow/.local/lib/python3.7/site-packages/airflow/example_dags/example_sla_dag.py
[2022-05-05 06:19:20,953] {processor.py:651} INFO - DAG(s) dict_keys(['example_sla_dag']) retrieved from /home/airflow/.local/lib/python3.7/site-packages/airflow/example_dags/example_sla_dag.py
[2022-05-05 06:19:20,980] {logging_mixin.py:115} INFO - [2022-05-05 06:19:20,980] {dag.py:2371} INFO - Sync 1 DAGs
[2022-05-05 06:19:21,007] {logging_mixin.py:115} INFO - [2022-05-05 06:19:21,006] {dag.py:2919} INFO - Setting next_dagrun for example_sla_dag to 2022-05-05T06:16:00+00:00, run_after=2022-05-05T06:18:00+00:00
[2022-05-05 06:19:21,020] {processor.py:161} INFO - Processing /home/airflow/.local/lib/python3.7/site-packages/airflow/example_dags/example_sla_dag.py took 0.088 seconds
[2022-05-05 06:19:51,773] {processor.py:153} INFO - Started process (PID=3078) to work on /home/airflow/.local/lib/python3.7/site-packages/airflow/example_dags/example_sla_dag.py
[2022-05-05 06:19:51,774] {processor.py:641} INFO - Processing file /home/airflow/.local/lib/python3.7/site-packages/airflow/example_dags/example_sla_dag.py for tasks to queue
[2022-05-05 06:19:51,775] {logging_mixin.py:115} INFO - [2022-05-05 06:19:51,775] {dagbag.py:507} INFO - Filling up the DagBag from /home/airflow/.local/lib/python3.7/site-packages/airflow/example_dags/example_sla_dag.py
[2022-05-05 06:19:51,791] {processor.py:651} INFO - DAG(s) dict_keys(['example_sla_dag']) retrieved from /home/airflow/.local/lib/python3.7/site-packages/airflow/example_dags/example_sla_dag.py
[2022-05-05 06:19:51,815] {logging_mixin.py:115} INFO - [2022-05-05 06:19:51,815] {dag.py:2371} INFO - Sync 1 DAGs
[2022-05-05 06:19:51,840] {logging_mixin.py:115} INFO - [2022-05-05 06:19:51,840] {dag.py:2919} INFO - Setting next_dagrun for example_sla_dag to 2022-05-05T06:16:00+00:00, run_after=2022-05-05T06:18:00+00:00
[2022-05-05 06:19:51,855] {processor.py:161} INFO - Processing /home/airflow/.local/lib/python3.7/site-packages/airflow/example_dags/example_sla_dag.py took 0.084 seconds
[2022-05-05 06:20:22,780] {processor.py:153} INFO - Started process (PID=3142) to work on /home/airflow/.local/lib/python3.7/site-packages/airflow/example_dags/example_sla_dag.py
[2022-05-05 06:20:22,788] {processor.py:641} INFO - Processing file /home/airflow/.local/lib/python3.7/site-packages/airflow/example_dags/example_sla_dag.py for tasks to queue
[2022-05-05 06:20:22,788] {logging_mixin.py:115} INFO - [2022-05-05 06:20:22,788] {dagbag.py:507} INFO - Filling up the DagBag from /home/airflow/.local/lib/python3.7/site-packages/airflow/example_dags/example_sla_dag.py
[2022-05-05 06:20:22,802] {processor.py:651} INFO - DAG(s) dict_keys(['example_sla_dag']) retrieved from /home/airflow/.local/lib/python3.7/site-packages/airflow/example_dags/example_sla_dag.py
[2022-05-05 06:20:22,824] {logging_mixin.py:115} INFO - [2022-05-05 06:20:22,824] {dag.py:2371} INFO - Sync 1 DAGs
[2022-05-05 06:20:22,852] {logging_mixin.py:115} INFO - [2022-05-05 06:20:22,852] {dag.py:2919} INFO - Setting next_dagrun for example_sla_dag to 2022-05-05T06:18:00+00:00, run_after=2022-05-05T06:20:00+00:00
[2022-05-05 06:20:22,867] {processor.py:161} INFO - Processing /home/airflow/.local/lib/python3.7/site-packages/airflow/example_dags/example_sla_dag.py took 0.091 seconds
[2022-05-05 06:20:53,484] {processor.py:153} INFO - Started process (PID=3205) to work on /home/airflow/.local/lib/python3.7/site-packages/airflow/example_dags/example_sla_dag.py
[2022-05-05 06:20:53,491] {processor.py:641} INFO - Processing file /home/airflow/.local/lib/python3.7/site-packages/airflow/example_dags/example_sla_dag.py for tasks to queue
[2022-05-05 06:20:53,491] {logging_mixin.py:115} INFO - [2022-05-05 06:20:53,491] {dagbag.py:507} INFO - Filling up the DagBag from /home/airflow/.local/lib/python3.7/site-packages/airflow/example_dags/example_sla_dag.py
[2022-05-05 06:20:53,511] {processor.py:651} INFO - DAG(s) dict_keys(['example_sla_dag']) retrieved from /home/airflow/.local/lib/python3.7/site-packages/airflow/example_dags/example_sla_dag.py
[2022-05-05 06:20:53,537] {logging_mixin.py:115} INFO - [2022-05-05 06:20:53,537] {dag.py:2371} INFO - Sync 1 DAGs
[2022-05-05 06:20:53,565] {logging_mixin.py:115} INFO - [2022-05-05 06:20:53,565] {dag.py:2919} INFO - Setting next_dagrun for example_sla_dag to 2022-05-05T06:18:00+00:00, run_after=2022-05-05T06:20:00+00:00
[2022-05-05 06:20:53,581] {processor.py:161} INFO - Processing /home/airflow/.local/lib/python3.7/site-packages/airflow/example_dags/example_sla_dag.py took 0.100 seconds
[2022-05-05 06:21:24,294] {processor.py:153} INFO - Started process (PID=3258) to work on /home/airflow/.local/lib/python3.7/site-packages/airflow/example_dags/example_sla_dag.py
[2022-05-05 06:21:24,294] {processor.py:641} INFO - Processing file /home/airflow/.local/lib/python3.7/site-packages/airflow/example_dags/example_sla_dag.py for tasks to queue
[2022-05-05 06:21:24,295] {logging_mixin.py:115} INFO - [2022-05-05 06:21:24,295] {dagbag.py:507} INFO - Filling up the DagBag from /home/airflow/.local/lib/python3.7/site-packages/airflow/example_dags/example_sla_dag.py
[2022-05-05 06:21:24,311] {processor.py:651} INFO - DAG(s) dict_keys(['example_sla_dag']) retrieved from /home/airflow/.local/lib/python3.7/site-packages/airflow/example_dags/example_sla_dag.py
[2022-05-05 06:21:24,336] {logging_mixin.py:115} INFO - [2022-05-05 06:21:24,336] {dag.py:2371} INFO - Sync 1 DAGs
[2022-05-05 06:21:24,363] {logging_mixin.py:115} INFO - [2022-05-05 06:21:24,362] {dag.py:2919} INFO - Setting next_dagrun for example_sla_dag to 2022-05-05T06:18:00+00:00, run_after=2022-05-05T06:20:00+00:00
[2022-05-05 06:21:24,376] {processor.py:161} INFO - Processing /home/airflow/.local/lib/python3.7/site-packages/airflow/example_dags/example_sla_dag.py took 0.084 seconds
