[2022-05-05 05:41:30,237] {processor.py:153} INFO - Started process (PID=62) to work on /home/airflow/.local/lib/python3.7/site-packages/airflow/example_dags/example_task_group.py
[2022-05-05 05:41:30,237] {processor.py:641} INFO - Processing file /home/airflow/.local/lib/python3.7/site-packages/airflow/example_dags/example_task_group.py for tasks to queue
[2022-05-05 05:41:30,238] {logging_mixin.py:115} INFO - [2022-05-05 05:41:30,238] {dagbag.py:507} INFO - Filling up the DagBag from /home/airflow/.local/lib/python3.7/site-packages/airflow/example_dags/example_task_group.py
[2022-05-05 05:41:30,248] {processor.py:651} INFO - DAG(s) dict_keys(['example_task_group']) retrieved from /home/airflow/.local/lib/python3.7/site-packages/airflow/example_dags/example_task_group.py
[2022-05-05 05:41:30,518] {logging_mixin.py:115} INFO - [2022-05-05 05:41:30,517] {manager.py:508} INFO - Created Permission View: can delete on DAG:example_task_group
[2022-05-05 05:41:30,535] {logging_mixin.py:115} INFO - [2022-05-05 05:41:30,535] {manager.py:508} INFO - Created Permission View: can edit on DAG:example_task_group
[2022-05-05 05:41:30,555] {logging_mixin.py:115} INFO - [2022-05-05 05:41:30,554] {manager.py:508} INFO - Created Permission View: can read on DAG:example_task_group
[2022-05-05 05:41:30,555] {logging_mixin.py:115} INFO - [2022-05-05 05:41:30,555] {dag.py:2371} INFO - Sync 1 DAGs
[2022-05-05 05:41:30,568] {logging_mixin.py:115} INFO - [2022-05-05 05:41:30,568] {dag.py:2390} INFO - Creating ORM DAG for example_task_group
[2022-05-05 05:41:30,586] {logging_mixin.py:115} INFO - [2022-05-05 05:41:30,586] {dag.py:2919} INFO - Setting next_dagrun for example_task_group to 2022-05-04T05:41:30.585943+00:00, run_after=2022-05-05T05:41:30.585943+00:00
[2022-05-05 05:41:30,605] {processor.py:161} INFO - Processing /home/airflow/.local/lib/python3.7/site-packages/airflow/example_dags/example_task_group.py took 0.372 seconds
[2022-05-05 05:42:00,988] {processor.py:153} INFO - Started process (PID=123) to work on /home/airflow/.local/lib/python3.7/site-packages/airflow/example_dags/example_task_group.py
[2022-05-05 05:42:00,989] {processor.py:641} INFO - Processing file /home/airflow/.local/lib/python3.7/site-packages/airflow/example_dags/example_task_group.py for tasks to queue
[2022-05-05 05:42:00,989] {logging_mixin.py:115} INFO - [2022-05-05 05:42:00,989] {dagbag.py:507} INFO - Filling up the DagBag from /home/airflow/.local/lib/python3.7/site-packages/airflow/example_dags/example_task_group.py
[2022-05-05 05:42:00,997] {processor.py:651} INFO - DAG(s) dict_keys(['example_task_group']) retrieved from /home/airflow/.local/lib/python3.7/site-packages/airflow/example_dags/example_task_group.py
[2022-05-05 05:42:01,026] {logging_mixin.py:115} INFO - [2022-05-05 05:42:01,026] {dag.py:2371} INFO - Sync 1 DAGs
[2022-05-05 05:42:01,164] {logging_mixin.py:115} INFO - [2022-05-05 05:42:01,164] {dag.py:2919} INFO - Setting next_dagrun for example_task_group to 2022-05-04T05:42:01.164212+00:00, run_after=2022-05-05T05:42:01.164212+00:00
[2022-05-05 05:42:01,180] {processor.py:161} INFO - Processing /home/airflow/.local/lib/python3.7/site-packages/airflow/example_dags/example_task_group.py took 0.193 seconds
[2022-05-05 05:42:31,956] {processor.py:153} INFO - Started process (PID=175) to work on /home/airflow/.local/lib/python3.7/site-packages/airflow/example_dags/example_task_group.py
[2022-05-05 05:42:31,956] {processor.py:641} INFO - Processing file /home/airflow/.local/lib/python3.7/site-packages/airflow/example_dags/example_task_group.py for tasks to queue
[2022-05-05 05:42:31,957] {logging_mixin.py:115} INFO - [2022-05-05 05:42:31,957] {dagbag.py:507} INFO - Filling up the DagBag from /home/airflow/.local/lib/python3.7/site-packages/airflow/example_dags/example_task_group.py
[2022-05-05 05:42:31,963] {processor.py:651} INFO - DAG(s) dict_keys(['example_task_group']) retrieved from /home/airflow/.local/lib/python3.7/site-packages/airflow/example_dags/example_task_group.py
[2022-05-05 05:42:31,988] {logging_mixin.py:115} INFO - [2022-05-05 05:42:31,988] {dag.py:2371} INFO - Sync 1 DAGs
[2022-05-05 05:42:32,109] {logging_mixin.py:115} INFO - [2022-05-05 05:42:32,108] {dag.py:2919} INFO - Setting next_dagrun for example_task_group to 2022-05-04T05:42:32.108743+00:00, run_after=2022-05-05T05:42:32.108743+00:00
[2022-05-05 05:42:32,123] {processor.py:161} INFO - Processing /home/airflow/.local/lib/python3.7/site-packages/airflow/example_dags/example_task_group.py took 0.170 seconds
[2022-05-05 05:43:02,551] {processor.py:153} INFO - Started process (PID=238) to work on /home/airflow/.local/lib/python3.7/site-packages/airflow/example_dags/example_task_group.py
[2022-05-05 05:43:02,552] {processor.py:641} INFO - Processing file /home/airflow/.local/lib/python3.7/site-packages/airflow/example_dags/example_task_group.py for tasks to queue
[2022-05-05 05:43:02,552] {logging_mixin.py:115} INFO - [2022-05-05 05:43:02,552] {dagbag.py:507} INFO - Filling up the DagBag from /home/airflow/.local/lib/python3.7/site-packages/airflow/example_dags/example_task_group.py
[2022-05-05 05:43:02,557] {processor.py:651} INFO - DAG(s) dict_keys(['example_task_group']) retrieved from /home/airflow/.local/lib/python3.7/site-packages/airflow/example_dags/example_task_group.py
[2022-05-05 05:43:02,584] {logging_mixin.py:115} INFO - [2022-05-05 05:43:02,584] {dag.py:2371} INFO - Sync 1 DAGs
[2022-05-05 05:43:02,718] {logging_mixin.py:115} INFO - [2022-05-05 05:43:02,717] {dag.py:2919} INFO - Setting next_dagrun for example_task_group to 2022-05-04T05:43:02.717693+00:00, run_after=2022-05-05T05:43:02.717693+00:00
[2022-05-05 05:43:02,732] {processor.py:161} INFO - Processing /home/airflow/.local/lib/python3.7/site-packages/airflow/example_dags/example_task_group.py took 0.183 seconds
[2022-05-05 05:43:33,565] {processor.py:153} INFO - Started process (PID=300) to work on /home/airflow/.local/lib/python3.7/site-packages/airflow/example_dags/example_task_group.py
[2022-05-05 05:43:33,566] {processor.py:641} INFO - Processing file /home/airflow/.local/lib/python3.7/site-packages/airflow/example_dags/example_task_group.py for tasks to queue
[2022-05-05 05:43:33,567] {logging_mixin.py:115} INFO - [2022-05-05 05:43:33,566] {dagbag.py:507} INFO - Filling up the DagBag from /home/airflow/.local/lib/python3.7/site-packages/airflow/example_dags/example_task_group.py
[2022-05-05 05:43:33,574] {processor.py:651} INFO - DAG(s) dict_keys(['example_task_group']) retrieved from /home/airflow/.local/lib/python3.7/site-packages/airflow/example_dags/example_task_group.py
[2022-05-05 05:43:33,612] {logging_mixin.py:115} INFO - [2022-05-05 05:43:33,612] {dag.py:2371} INFO - Sync 1 DAGs
[2022-05-05 05:43:33,820] {logging_mixin.py:115} INFO - [2022-05-05 05:43:33,820] {dag.py:2919} INFO - Setting next_dagrun for example_task_group to 2022-05-04T05:43:33.820002+00:00, run_after=2022-05-05T05:43:33.820002+00:00
[2022-05-05 05:43:33,840] {processor.py:161} INFO - Processing /home/airflow/.local/lib/python3.7/site-packages/airflow/example_dags/example_task_group.py took 0.278 seconds
[2022-05-05 05:44:03,936] {processor.py:153} INFO - Started process (PID=352) to work on /home/airflow/.local/lib/python3.7/site-packages/airflow/example_dags/example_task_group.py
[2022-05-05 05:44:03,936] {processor.py:641} INFO - Processing file /home/airflow/.local/lib/python3.7/site-packages/airflow/example_dags/example_task_group.py for tasks to queue
[2022-05-05 05:44:03,936] {logging_mixin.py:115} INFO - [2022-05-05 05:44:03,936] {dagbag.py:507} INFO - Filling up the DagBag from /home/airflow/.local/lib/python3.7/site-packages/airflow/example_dags/example_task_group.py
[2022-05-05 05:44:03,942] {processor.py:651} INFO - DAG(s) dict_keys(['example_task_group']) retrieved from /home/airflow/.local/lib/python3.7/site-packages/airflow/example_dags/example_task_group.py
[2022-05-05 05:44:03,965] {logging_mixin.py:115} INFO - [2022-05-05 05:44:03,965] {dag.py:2371} INFO - Sync 1 DAGs
[2022-05-05 05:44:04,084] {logging_mixin.py:115} INFO - [2022-05-05 05:44:04,084] {dag.py:2919} INFO - Setting next_dagrun for example_task_group to 2022-05-04T05:44:04.084198+00:00, run_after=2022-05-05T05:44:04.084198+00:00
[2022-05-05 05:44:04,099] {processor.py:161} INFO - Processing /home/airflow/.local/lib/python3.7/site-packages/airflow/example_dags/example_task_group.py took 0.165 seconds
[2022-05-05 05:44:34,382] {processor.py:153} INFO - Started process (PID=415) to work on /home/airflow/.local/lib/python3.7/site-packages/airflow/example_dags/example_task_group.py
[2022-05-05 05:44:34,382] {processor.py:641} INFO - Processing file /home/airflow/.local/lib/python3.7/site-packages/airflow/example_dags/example_task_group.py for tasks to queue
[2022-05-05 05:44:34,383] {logging_mixin.py:115} INFO - [2022-05-05 05:44:34,383] {dagbag.py:507} INFO - Filling up the DagBag from /home/airflow/.local/lib/python3.7/site-packages/airflow/example_dags/example_task_group.py
[2022-05-05 05:44:34,391] {processor.py:651} INFO - DAG(s) dict_keys(['example_task_group']) retrieved from /home/airflow/.local/lib/python3.7/site-packages/airflow/example_dags/example_task_group.py
[2022-05-05 05:44:34,422] {logging_mixin.py:115} INFO - [2022-05-05 05:44:34,421] {dag.py:2371} INFO - Sync 1 DAGs
[2022-05-05 05:44:34,605] {logging_mixin.py:115} INFO - [2022-05-05 05:44:34,605] {dag.py:2919} INFO - Setting next_dagrun for example_task_group to 2022-05-04T05:44:34.605519+00:00, run_after=2022-05-05T05:44:34.605519+00:00
[2022-05-05 05:44:34,624] {processor.py:161} INFO - Processing /home/airflow/.local/lib/python3.7/site-packages/airflow/example_dags/example_task_group.py took 0.246 seconds
[2022-05-05 05:45:04,885] {processor.py:153} INFO - Started process (PID=467) to work on /home/airflow/.local/lib/python3.7/site-packages/airflow/example_dags/example_task_group.py
[2022-05-05 05:45:04,885] {processor.py:641} INFO - Processing file /home/airflow/.local/lib/python3.7/site-packages/airflow/example_dags/example_task_group.py for tasks to queue
[2022-05-05 05:45:04,886] {logging_mixin.py:115} INFO - [2022-05-05 05:45:04,886] {dagbag.py:507} INFO - Filling up the DagBag from /home/airflow/.local/lib/python3.7/site-packages/airflow/example_dags/example_task_group.py
[2022-05-05 05:45:04,892] {processor.py:651} INFO - DAG(s) dict_keys(['example_task_group']) retrieved from /home/airflow/.local/lib/python3.7/site-packages/airflow/example_dags/example_task_group.py
[2022-05-05 05:45:04,919] {logging_mixin.py:115} INFO - [2022-05-05 05:45:04,919] {dag.py:2371} INFO - Sync 1 DAGs
[2022-05-05 05:45:05,053] {logging_mixin.py:115} INFO - [2022-05-05 05:45:05,053] {dag.py:2919} INFO - Setting next_dagrun for example_task_group to 2022-05-04T05:45:05.053689+00:00, run_after=2022-05-05T05:45:05.053689+00:00
[2022-05-05 05:45:05,067] {processor.py:161} INFO - Processing /home/airflow/.local/lib/python3.7/site-packages/airflow/example_dags/example_task_group.py took 0.184 seconds
[2022-05-05 05:45:35,342] {processor.py:153} INFO - Started process (PID=530) to work on /home/airflow/.local/lib/python3.7/site-packages/airflow/example_dags/example_task_group.py
[2022-05-05 05:45:35,343] {processor.py:641} INFO - Processing file /home/airflow/.local/lib/python3.7/site-packages/airflow/example_dags/example_task_group.py for tasks to queue
[2022-05-05 05:45:35,343] {logging_mixin.py:115} INFO - [2022-05-05 05:45:35,343] {dagbag.py:507} INFO - Filling up the DagBag from /home/airflow/.local/lib/python3.7/site-packages/airflow/example_dags/example_task_group.py
[2022-05-05 05:45:35,349] {processor.py:651} INFO - DAG(s) dict_keys(['example_task_group']) retrieved from /home/airflow/.local/lib/python3.7/site-packages/airflow/example_dags/example_task_group.py
[2022-05-05 05:45:35,373] {logging_mixin.py:115} INFO - [2022-05-05 05:45:35,373] {dag.py:2371} INFO - Sync 1 DAGs
[2022-05-05 05:45:35,497] {logging_mixin.py:115} INFO - [2022-05-05 05:45:35,497] {dag.py:2919} INFO - Setting next_dagrun for example_task_group to 2022-05-04T05:45:35.496868+00:00, run_after=2022-05-05T05:45:35.496868+00:00
[2022-05-05 05:45:35,511] {processor.py:161} INFO - Processing /home/airflow/.local/lib/python3.7/site-packages/airflow/example_dags/example_task_group.py took 0.171 seconds
[2022-05-05 05:46:05,799] {processor.py:153} INFO - Started process (PID=593) to work on /home/airflow/.local/lib/python3.7/site-packages/airflow/example_dags/example_task_group.py
[2022-05-05 05:46:05,800] {processor.py:641} INFO - Processing file /home/airflow/.local/lib/python3.7/site-packages/airflow/example_dags/example_task_group.py for tasks to queue
[2022-05-05 05:46:05,800] {logging_mixin.py:115} INFO - [2022-05-05 05:46:05,800] {dagbag.py:507} INFO - Filling up the DagBag from /home/airflow/.local/lib/python3.7/site-packages/airflow/example_dags/example_task_group.py
[2022-05-05 05:46:05,806] {processor.py:651} INFO - DAG(s) dict_keys(['example_task_group']) retrieved from /home/airflow/.local/lib/python3.7/site-packages/airflow/example_dags/example_task_group.py
[2022-05-05 05:46:05,829] {logging_mixin.py:115} INFO - [2022-05-05 05:46:05,829] {dag.py:2371} INFO - Sync 1 DAGs
[2022-05-05 05:46:05,949] {logging_mixin.py:115} INFO - [2022-05-05 05:46:05,949] {dag.py:2919} INFO - Setting next_dagrun for example_task_group to 2022-05-04T05:46:05.949009+00:00, run_after=2022-05-05T05:46:05.949009+00:00
[2022-05-05 05:46:05,962] {processor.py:161} INFO - Processing /home/airflow/.local/lib/python3.7/site-packages/airflow/example_dags/example_task_group.py took 0.165 seconds
[2022-05-05 05:46:36,359] {processor.py:153} INFO - Started process (PID=646) to work on /home/airflow/.local/lib/python3.7/site-packages/airflow/example_dags/example_task_group.py
[2022-05-05 05:46:36,360] {processor.py:641} INFO - Processing file /home/airflow/.local/lib/python3.7/site-packages/airflow/example_dags/example_task_group.py for tasks to queue
[2022-05-05 05:46:36,360] {logging_mixin.py:115} INFO - [2022-05-05 05:46:36,360] {dagbag.py:507} INFO - Filling up the DagBag from /home/airflow/.local/lib/python3.7/site-packages/airflow/example_dags/example_task_group.py
[2022-05-05 05:46:36,365] {processor.py:651} INFO - DAG(s) dict_keys(['example_task_group']) retrieved from /home/airflow/.local/lib/python3.7/site-packages/airflow/example_dags/example_task_group.py
[2022-05-05 05:46:36,394] {logging_mixin.py:115} INFO - [2022-05-05 05:46:36,394] {dag.py:2371} INFO - Sync 1 DAGs
[2022-05-05 05:46:36,510] {logging_mixin.py:115} INFO - [2022-05-05 05:46:36,510] {dag.py:2919} INFO - Setting next_dagrun for example_task_group to 2022-05-04T05:46:36.510508+00:00, run_after=2022-05-05T05:46:36.510508+00:00
[2022-05-05 05:46:36,525] {processor.py:161} INFO - Processing /home/airflow/.local/lib/python3.7/site-packages/airflow/example_dags/example_task_group.py took 0.168 seconds
[2022-05-05 05:47:07,169] {processor.py:153} INFO - Started process (PID=709) to work on /home/airflow/.local/lib/python3.7/site-packages/airflow/example_dags/example_task_group.py
[2022-05-05 05:47:07,170] {processor.py:641} INFO - Processing file /home/airflow/.local/lib/python3.7/site-packages/airflow/example_dags/example_task_group.py for tasks to queue
[2022-05-05 05:47:07,170] {logging_mixin.py:115} INFO - [2022-05-05 05:47:07,170] {dagbag.py:507} INFO - Filling up the DagBag from /home/airflow/.local/lib/python3.7/site-packages/airflow/example_dags/example_task_group.py
[2022-05-05 05:47:07,176] {processor.py:651} INFO - DAG(s) dict_keys(['example_task_group']) retrieved from /home/airflow/.local/lib/python3.7/site-packages/airflow/example_dags/example_task_group.py
[2022-05-05 05:47:07,202] {logging_mixin.py:115} INFO - [2022-05-05 05:47:07,202] {dag.py:2371} INFO - Sync 1 DAGs
[2022-05-05 05:47:07,313] {logging_mixin.py:115} INFO - [2022-05-05 05:47:07,313] {dag.py:2919} INFO - Setting next_dagrun for example_task_group to 2022-05-04T05:47:07.312850+00:00, run_after=2022-05-05T05:47:07.312850+00:00
[2022-05-05 05:47:07,325] {processor.py:161} INFO - Processing /home/airflow/.local/lib/python3.7/site-packages/airflow/example_dags/example_task_group.py took 0.159 seconds
[2022-05-05 05:47:37,558] {processor.py:153} INFO - Started process (PID=772) to work on /home/airflow/.local/lib/python3.7/site-packages/airflow/example_dags/example_task_group.py
[2022-05-05 05:47:37,559] {processor.py:641} INFO - Processing file /home/airflow/.local/lib/python3.7/site-packages/airflow/example_dags/example_task_group.py for tasks to queue
[2022-05-05 05:47:37,560] {logging_mixin.py:115} INFO - [2022-05-05 05:47:37,560] {dagbag.py:507} INFO - Filling up the DagBag from /home/airflow/.local/lib/python3.7/site-packages/airflow/example_dags/example_task_group.py
[2022-05-05 05:47:37,565] {processor.py:651} INFO - DAG(s) dict_keys(['example_task_group']) retrieved from /home/airflow/.local/lib/python3.7/site-packages/airflow/example_dags/example_task_group.py
[2022-05-05 05:47:37,594] {logging_mixin.py:115} INFO - [2022-05-05 05:47:37,594] {dag.py:2371} INFO - Sync 1 DAGs
[2022-05-05 05:47:37,715] {logging_mixin.py:115} INFO - [2022-05-05 05:47:37,714] {dag.py:2919} INFO - Setting next_dagrun for example_task_group to 2022-05-04T05:47:37.714827+00:00, run_after=2022-05-05T05:47:37.714827+00:00
[2022-05-05 05:47:37,727] {processor.py:161} INFO - Processing /home/airflow/.local/lib/python3.7/site-packages/airflow/example_dags/example_task_group.py took 0.171 seconds
[2022-05-05 05:48:08,298] {processor.py:153} INFO - Started process (PID=824) to work on /home/airflow/.local/lib/python3.7/site-packages/airflow/example_dags/example_task_group.py
[2022-05-05 05:48:08,299] {processor.py:641} INFO - Processing file /home/airflow/.local/lib/python3.7/site-packages/airflow/example_dags/example_task_group.py for tasks to queue
[2022-05-05 05:48:08,299] {logging_mixin.py:115} INFO - [2022-05-05 05:48:08,299] {dagbag.py:507} INFO - Filling up the DagBag from /home/airflow/.local/lib/python3.7/site-packages/airflow/example_dags/example_task_group.py
[2022-05-05 05:48:08,304] {processor.py:651} INFO - DAG(s) dict_keys(['example_task_group']) retrieved from /home/airflow/.local/lib/python3.7/site-packages/airflow/example_dags/example_task_group.py
[2022-05-05 05:48:08,335] {logging_mixin.py:115} INFO - [2022-05-05 05:48:08,335] {dag.py:2371} INFO - Sync 1 DAGs
[2022-05-05 05:48:08,455] {logging_mixin.py:115} INFO - [2022-05-05 05:48:08,455] {dag.py:2919} INFO - Setting next_dagrun for example_task_group to 2022-05-04T05:48:08.454843+00:00, run_after=2022-05-05T05:48:08.454843+00:00
[2022-05-05 05:48:08,469] {processor.py:161} INFO - Processing /home/airflow/.local/lib/python3.7/site-packages/airflow/example_dags/example_task_group.py took 0.173 seconds
[2022-05-05 05:48:39,136] {processor.py:153} INFO - Started process (PID=885) to work on /home/airflow/.local/lib/python3.7/site-packages/airflow/example_dags/example_task_group.py
[2022-05-05 05:48:39,137] {processor.py:641} INFO - Processing file /home/airflow/.local/lib/python3.7/site-packages/airflow/example_dags/example_task_group.py for tasks to queue
[2022-05-05 05:48:39,138] {logging_mixin.py:115} INFO - [2022-05-05 05:48:39,138] {dagbag.py:507} INFO - Filling up the DagBag from /home/airflow/.local/lib/python3.7/site-packages/airflow/example_dags/example_task_group.py
[2022-05-05 05:48:39,143] {processor.py:651} INFO - DAG(s) dict_keys(['example_task_group']) retrieved from /home/airflow/.local/lib/python3.7/site-packages/airflow/example_dags/example_task_group.py
[2022-05-05 05:48:39,174] {logging_mixin.py:115} INFO - [2022-05-05 05:48:39,174] {dag.py:2371} INFO - Sync 1 DAGs
[2022-05-05 05:48:39,296] {logging_mixin.py:115} INFO - [2022-05-05 05:48:39,296] {dag.py:2919} INFO - Setting next_dagrun for example_task_group to 2022-05-04T05:48:39.296324+00:00, run_after=2022-05-05T05:48:39.296324+00:00
[2022-05-05 05:48:39,310] {processor.py:161} INFO - Processing /home/airflow/.local/lib/python3.7/site-packages/airflow/example_dags/example_task_group.py took 0.177 seconds
[2022-05-05 05:49:09,999] {processor.py:153} INFO - Started process (PID=949) to work on /home/airflow/.local/lib/python3.7/site-packages/airflow/example_dags/example_task_group.py
[2022-05-05 05:49:09,999] {processor.py:641} INFO - Processing file /home/airflow/.local/lib/python3.7/site-packages/airflow/example_dags/example_task_group.py for tasks to queue
[2022-05-05 05:49:10,000] {logging_mixin.py:115} INFO - [2022-05-05 05:49:10,000] {dagbag.py:507} INFO - Filling up the DagBag from /home/airflow/.local/lib/python3.7/site-packages/airflow/example_dags/example_task_group.py
[2022-05-05 05:49:10,005] {processor.py:651} INFO - DAG(s) dict_keys(['example_task_group']) retrieved from /home/airflow/.local/lib/python3.7/site-packages/airflow/example_dags/example_task_group.py
[2022-05-05 05:49:10,031] {logging_mixin.py:115} INFO - [2022-05-05 05:49:10,031] {dag.py:2371} INFO - Sync 1 DAGs
[2022-05-05 05:49:10,142] {logging_mixin.py:115} INFO - [2022-05-05 05:49:10,142] {dag.py:2919} INFO - Setting next_dagrun for example_task_group to 2022-05-04T05:49:10.141962+00:00, run_after=2022-05-05T05:49:10.141962+00:00
[2022-05-05 05:49:10,156] {processor.py:161} INFO - Processing /home/airflow/.local/lib/python3.7/site-packages/airflow/example_dags/example_task_group.py took 0.160 seconds
[2022-05-05 05:49:40,225] {processor.py:153} INFO - Started process (PID=1003) to work on /home/airflow/.local/lib/python3.7/site-packages/airflow/example_dags/example_task_group.py
[2022-05-05 05:49:40,226] {processor.py:641} INFO - Processing file /home/airflow/.local/lib/python3.7/site-packages/airflow/example_dags/example_task_group.py for tasks to queue
[2022-05-05 05:49:40,226] {logging_mixin.py:115} INFO - [2022-05-05 05:49:40,226] {dagbag.py:507} INFO - Filling up the DagBag from /home/airflow/.local/lib/python3.7/site-packages/airflow/example_dags/example_task_group.py
[2022-05-05 05:49:40,232] {processor.py:651} INFO - DAG(s) dict_keys(['example_task_group']) retrieved from /home/airflow/.local/lib/python3.7/site-packages/airflow/example_dags/example_task_group.py
[2022-05-05 05:49:40,261] {logging_mixin.py:115} INFO - [2022-05-05 05:49:40,261] {dag.py:2371} INFO - Sync 1 DAGs
[2022-05-05 05:49:40,387] {logging_mixin.py:115} INFO - [2022-05-05 05:49:40,387] {dag.py:2919} INFO - Setting next_dagrun for example_task_group to 2022-05-04T05:49:40.387569+00:00, run_after=2022-05-05T05:49:40.387569+00:00
[2022-05-05 05:49:40,401] {processor.py:161} INFO - Processing /home/airflow/.local/lib/python3.7/site-packages/airflow/example_dags/example_task_group.py took 0.178 seconds
[2022-05-05 05:50:11,089] {processor.py:153} INFO - Started process (PID=1065) to work on /home/airflow/.local/lib/python3.7/site-packages/airflow/example_dags/example_task_group.py
[2022-05-05 05:50:11,089] {processor.py:641} INFO - Processing file /home/airflow/.local/lib/python3.7/site-packages/airflow/example_dags/example_task_group.py for tasks to queue
[2022-05-05 05:50:11,090] {logging_mixin.py:115} INFO - [2022-05-05 05:50:11,090] {dagbag.py:507} INFO - Filling up the DagBag from /home/airflow/.local/lib/python3.7/site-packages/airflow/example_dags/example_task_group.py
[2022-05-05 05:50:11,095] {processor.py:651} INFO - DAG(s) dict_keys(['example_task_group']) retrieved from /home/airflow/.local/lib/python3.7/site-packages/airflow/example_dags/example_task_group.py
[2022-05-05 05:50:11,122] {logging_mixin.py:115} INFO - [2022-05-05 05:50:11,122] {dag.py:2371} INFO - Sync 1 DAGs
[2022-05-05 05:50:11,242] {logging_mixin.py:115} INFO - [2022-05-05 05:50:11,242] {dag.py:2919} INFO - Setting next_dagrun for example_task_group to 2022-05-04T05:50:11.242323+00:00, run_after=2022-05-05T05:50:11.242323+00:00
[2022-05-05 05:50:11,256] {processor.py:161} INFO - Processing /home/airflow/.local/lib/python3.7/site-packages/airflow/example_dags/example_task_group.py took 0.169 seconds
[2022-05-05 05:50:41,344] {processor.py:153} INFO - Started process (PID=1128) to work on /home/airflow/.local/lib/python3.7/site-packages/airflow/example_dags/example_task_group.py
[2022-05-05 05:50:41,345] {processor.py:641} INFO - Processing file /home/airflow/.local/lib/python3.7/site-packages/airflow/example_dags/example_task_group.py for tasks to queue
[2022-05-05 05:50:41,345] {logging_mixin.py:115} INFO - [2022-05-05 05:50:41,345] {dagbag.py:507} INFO - Filling up the DagBag from /home/airflow/.local/lib/python3.7/site-packages/airflow/example_dags/example_task_group.py
[2022-05-05 05:50:41,350] {processor.py:651} INFO - DAG(s) dict_keys(['example_task_group']) retrieved from /home/airflow/.local/lib/python3.7/site-packages/airflow/example_dags/example_task_group.py
[2022-05-05 05:50:41,377] {logging_mixin.py:115} INFO - [2022-05-05 05:50:41,377] {dag.py:2371} INFO - Sync 1 DAGs
[2022-05-05 05:50:41,495] {logging_mixin.py:115} INFO - [2022-05-05 05:50:41,494] {dag.py:2919} INFO - Setting next_dagrun for example_task_group to 2022-05-04T05:50:41.494748+00:00, run_after=2022-05-05T05:50:41.494748+00:00
[2022-05-05 05:50:41,509] {processor.py:161} INFO - Processing /home/airflow/.local/lib/python3.7/site-packages/airflow/example_dags/example_task_group.py took 0.167 seconds
[2022-05-05 05:52:20,802] {processor.py:153} INFO - Started process (PID=63) to work on /home/airflow/.local/lib/python3.7/site-packages/airflow/example_dags/example_task_group.py
[2022-05-05 05:52:20,804] {processor.py:641} INFO - Processing file /home/airflow/.local/lib/python3.7/site-packages/airflow/example_dags/example_task_group.py for tasks to queue
[2022-05-05 05:52:20,804] {logging_mixin.py:115} INFO - [2022-05-05 05:52:20,804] {dagbag.py:507} INFO - Filling up the DagBag from /home/airflow/.local/lib/python3.7/site-packages/airflow/example_dags/example_task_group.py
[2022-05-05 05:52:20,813] {processor.py:651} INFO - DAG(s) dict_keys(['example_task_group']) retrieved from /home/airflow/.local/lib/python3.7/site-packages/airflow/example_dags/example_task_group.py
[2022-05-05 05:52:20,845] {logging_mixin.py:115} INFO - [2022-05-05 05:52:20,844] {dag.py:2371} INFO - Sync 1 DAGs
[2022-05-05 05:52:21,034] {logging_mixin.py:115} INFO - [2022-05-05 05:52:21,034] {dag.py:2919} INFO - Setting next_dagrun for example_task_group to 2022-05-04T05:52:21.034585+00:00, run_after=2022-05-05T05:52:21.034585+00:00
[2022-05-05 05:52:21,053] {processor.py:161} INFO - Processing /home/airflow/.local/lib/python3.7/site-packages/airflow/example_dags/example_task_group.py took 0.254 seconds
[2022-05-05 05:52:51,177] {processor.py:153} INFO - Started process (PID=116) to work on /home/airflow/.local/lib/python3.7/site-packages/airflow/example_dags/example_task_group.py
[2022-05-05 05:52:51,178] {processor.py:641} INFO - Processing file /home/airflow/.local/lib/python3.7/site-packages/airflow/example_dags/example_task_group.py for tasks to queue
[2022-05-05 05:52:51,178] {logging_mixin.py:115} INFO - [2022-05-05 05:52:51,178] {dagbag.py:507} INFO - Filling up the DagBag from /home/airflow/.local/lib/python3.7/site-packages/airflow/example_dags/example_task_group.py
[2022-05-05 05:52:51,183] {processor.py:651} INFO - DAG(s) dict_keys(['example_task_group']) retrieved from /home/airflow/.local/lib/python3.7/site-packages/airflow/example_dags/example_task_group.py
[2022-05-05 05:52:51,210] {logging_mixin.py:115} INFO - [2022-05-05 05:52:51,210] {dag.py:2371} INFO - Sync 1 DAGs
[2022-05-05 05:52:51,326] {logging_mixin.py:115} INFO - [2022-05-05 05:52:51,326] {dag.py:2919} INFO - Setting next_dagrun for example_task_group to 2022-05-04T05:52:51.326200+00:00, run_after=2022-05-05T05:52:51.326200+00:00
[2022-05-05 05:52:51,340] {processor.py:161} INFO - Processing /home/airflow/.local/lib/python3.7/site-packages/airflow/example_dags/example_task_group.py took 0.166 seconds
[2022-05-05 05:53:48,942] {processor.py:153} INFO - Started process (PID=63) to work on /home/airflow/.local/lib/python3.7/site-packages/airflow/example_dags/example_task_group.py
[2022-05-05 05:53:48,943] {processor.py:641} INFO - Processing file /home/airflow/.local/lib/python3.7/site-packages/airflow/example_dags/example_task_group.py for tasks to queue
[2022-05-05 05:53:48,944] {logging_mixin.py:115} INFO - [2022-05-05 05:53:48,944] {dagbag.py:507} INFO - Filling up the DagBag from /home/airflow/.local/lib/python3.7/site-packages/airflow/example_dags/example_task_group.py
[2022-05-05 05:53:48,953] {processor.py:651} INFO - DAG(s) dict_keys(['example_task_group']) retrieved from /home/airflow/.local/lib/python3.7/site-packages/airflow/example_dags/example_task_group.py
[2022-05-05 05:53:48,983] {logging_mixin.py:115} INFO - [2022-05-05 05:53:48,983] {dag.py:2371} INFO - Sync 1 DAGs
[2022-05-05 05:53:49,170] {logging_mixin.py:115} INFO - [2022-05-05 05:53:49,170] {dag.py:2919} INFO - Setting next_dagrun for example_task_group to 2022-05-04T05:53:49.170317+00:00, run_after=2022-05-05T05:53:49.170317+00:00
[2022-05-05 05:53:49,196] {processor.py:161} INFO - Processing /home/airflow/.local/lib/python3.7/site-packages/airflow/example_dags/example_task_group.py took 0.260 seconds
[2022-05-05 05:54:19,702] {processor.py:153} INFO - Started process (PID=126) to work on /home/airflow/.local/lib/python3.7/site-packages/airflow/example_dags/example_task_group.py
[2022-05-05 05:54:19,703] {processor.py:641} INFO - Processing file /home/airflow/.local/lib/python3.7/site-packages/airflow/example_dags/example_task_group.py for tasks to queue
[2022-05-05 05:54:19,704] {logging_mixin.py:115} INFO - [2022-05-05 05:54:19,703] {dagbag.py:507} INFO - Filling up the DagBag from /home/airflow/.local/lib/python3.7/site-packages/airflow/example_dags/example_task_group.py
[2022-05-05 05:54:19,714] {processor.py:651} INFO - DAG(s) dict_keys(['example_task_group']) retrieved from /home/airflow/.local/lib/python3.7/site-packages/airflow/example_dags/example_task_group.py
[2022-05-05 05:54:19,746] {logging_mixin.py:115} INFO - [2022-05-05 05:54:19,746] {dag.py:2371} INFO - Sync 1 DAGs
[2022-05-05 05:54:19,907] {logging_mixin.py:115} INFO - [2022-05-05 05:54:19,906] {dag.py:2919} INFO - Setting next_dagrun for example_task_group to 2022-05-04T05:54:19.906741+00:00, run_after=2022-05-05T05:54:19.906741+00:00
[2022-05-05 05:54:19,926] {processor.py:161} INFO - Processing /home/airflow/.local/lib/python3.7/site-packages/airflow/example_dags/example_task_group.py took 0.227 seconds
[2022-05-05 05:54:50,495] {processor.py:153} INFO - Started process (PID=179) to work on /home/airflow/.local/lib/python3.7/site-packages/airflow/example_dags/example_task_group.py
[2022-05-05 05:54:50,496] {processor.py:641} INFO - Processing file /home/airflow/.local/lib/python3.7/site-packages/airflow/example_dags/example_task_group.py for tasks to queue
[2022-05-05 05:54:50,496] {logging_mixin.py:115} INFO - [2022-05-05 05:54:50,496] {dagbag.py:507} INFO - Filling up the DagBag from /home/airflow/.local/lib/python3.7/site-packages/airflow/example_dags/example_task_group.py
[2022-05-05 05:54:50,503] {processor.py:651} INFO - DAG(s) dict_keys(['example_task_group']) retrieved from /home/airflow/.local/lib/python3.7/site-packages/airflow/example_dags/example_task_group.py
[2022-05-05 05:54:50,527] {logging_mixin.py:115} INFO - [2022-05-05 05:54:50,527] {dag.py:2371} INFO - Sync 1 DAGs
[2022-05-05 05:54:50,648] {logging_mixin.py:115} INFO - [2022-05-05 05:54:50,648] {dag.py:2919} INFO - Setting next_dagrun for example_task_group to 2022-05-04T05:54:50.648074+00:00, run_after=2022-05-05T05:54:50.648074+00:00
[2022-05-05 05:54:50,661] {processor.py:161} INFO - Processing /home/airflow/.local/lib/python3.7/site-packages/airflow/example_dags/example_task_group.py took 0.168 seconds
[2022-05-05 05:55:21,188] {processor.py:153} INFO - Started process (PID=241) to work on /home/airflow/.local/lib/python3.7/site-packages/airflow/example_dags/example_task_group.py
[2022-05-05 05:55:21,189] {processor.py:641} INFO - Processing file /home/airflow/.local/lib/python3.7/site-packages/airflow/example_dags/example_task_group.py for tasks to queue
[2022-05-05 05:55:21,189] {logging_mixin.py:115} INFO - [2022-05-05 05:55:21,189] {dagbag.py:507} INFO - Filling up the DagBag from /home/airflow/.local/lib/python3.7/site-packages/airflow/example_dags/example_task_group.py
[2022-05-05 05:55:21,200] {processor.py:651} INFO - DAG(s) dict_keys(['example_task_group']) retrieved from /home/airflow/.local/lib/python3.7/site-packages/airflow/example_dags/example_task_group.py
[2022-05-05 05:55:21,228] {logging_mixin.py:115} INFO - [2022-05-05 05:55:21,228] {dag.py:2371} INFO - Sync 1 DAGs
[2022-05-05 05:55:21,350] {logging_mixin.py:115} INFO - [2022-05-05 05:55:21,350] {dag.py:2919} INFO - Setting next_dagrun for example_task_group to 2022-05-04T05:55:21.350445+00:00, run_after=2022-05-05T05:55:21.350445+00:00
[2022-05-05 05:55:21,363] {processor.py:161} INFO - Processing /home/airflow/.local/lib/python3.7/site-packages/airflow/example_dags/example_task_group.py took 0.177 seconds
[2022-05-05 05:55:51,764] {processor.py:153} INFO - Started process (PID=303) to work on /home/airflow/.local/lib/python3.7/site-packages/airflow/example_dags/example_task_group.py
[2022-05-05 05:55:51,765] {processor.py:641} INFO - Processing file /home/airflow/.local/lib/python3.7/site-packages/airflow/example_dags/example_task_group.py for tasks to queue
[2022-05-05 05:55:51,766] {logging_mixin.py:115} INFO - [2022-05-05 05:55:51,766] {dagbag.py:507} INFO - Filling up the DagBag from /home/airflow/.local/lib/python3.7/site-packages/airflow/example_dags/example_task_group.py
[2022-05-05 05:55:51,772] {processor.py:651} INFO - DAG(s) dict_keys(['example_task_group']) retrieved from /home/airflow/.local/lib/python3.7/site-packages/airflow/example_dags/example_task_group.py
[2022-05-05 05:55:51,801] {logging_mixin.py:115} INFO - [2022-05-05 05:55:51,801] {dag.py:2371} INFO - Sync 1 DAGs
[2022-05-05 05:55:51,946] {logging_mixin.py:115} INFO - [2022-05-05 05:55:51,946] {dag.py:2919} INFO - Setting next_dagrun for example_task_group to 2022-05-04T05:55:51.946160+00:00, run_after=2022-05-05T05:55:51.946160+00:00
[2022-05-05 05:55:51,962] {processor.py:161} INFO - Processing /home/airflow/.local/lib/python3.7/site-packages/airflow/example_dags/example_task_group.py took 0.201 seconds
[2022-05-05 05:56:22,338] {processor.py:153} INFO - Started process (PID=356) to work on /home/airflow/.local/lib/python3.7/site-packages/airflow/example_dags/example_task_group.py
[2022-05-05 05:56:22,339] {processor.py:641} INFO - Processing file /home/airflow/.local/lib/python3.7/site-packages/airflow/example_dags/example_task_group.py for tasks to queue
[2022-05-05 05:56:22,340] {logging_mixin.py:115} INFO - [2022-05-05 05:56:22,340] {dagbag.py:507} INFO - Filling up the DagBag from /home/airflow/.local/lib/python3.7/site-packages/airflow/example_dags/example_task_group.py
[2022-05-05 05:56:22,346] {processor.py:651} INFO - DAG(s) dict_keys(['example_task_group']) retrieved from /home/airflow/.local/lib/python3.7/site-packages/airflow/example_dags/example_task_group.py
[2022-05-05 05:56:22,372] {logging_mixin.py:115} INFO - [2022-05-05 05:56:22,371] {dag.py:2371} INFO - Sync 1 DAGs
[2022-05-05 05:56:22,493] {logging_mixin.py:115} INFO - [2022-05-05 05:56:22,493] {dag.py:2919} INFO - Setting next_dagrun for example_task_group to 2022-05-04T05:56:22.493276+00:00, run_after=2022-05-05T05:56:22.493276+00:00
[2022-05-05 05:56:22,508] {processor.py:161} INFO - Processing /home/airflow/.local/lib/python3.7/site-packages/airflow/example_dags/example_task_group.py took 0.172 seconds
[2022-05-05 05:56:52,704] {processor.py:153} INFO - Started process (PID=418) to work on /home/airflow/.local/lib/python3.7/site-packages/airflow/example_dags/example_task_group.py
[2022-05-05 05:56:52,705] {processor.py:641} INFO - Processing file /home/airflow/.local/lib/python3.7/site-packages/airflow/example_dags/example_task_group.py for tasks to queue
[2022-05-05 05:56:52,706] {logging_mixin.py:115} INFO - [2022-05-05 05:56:52,706] {dagbag.py:507} INFO - Filling up the DagBag from /home/airflow/.local/lib/python3.7/site-packages/airflow/example_dags/example_task_group.py
[2022-05-05 05:56:52,714] {processor.py:651} INFO - DAG(s) dict_keys(['example_task_group']) retrieved from /home/airflow/.local/lib/python3.7/site-packages/airflow/example_dags/example_task_group.py
[2022-05-05 05:56:52,739] {logging_mixin.py:115} INFO - [2022-05-05 05:56:52,739] {dag.py:2371} INFO - Sync 1 DAGs
[2022-05-05 05:56:52,863] {logging_mixin.py:115} INFO - [2022-05-05 05:56:52,863] {dag.py:2919} INFO - Setting next_dagrun for example_task_group to 2022-05-04T05:56:52.863383+00:00, run_after=2022-05-05T05:56:52.863383+00:00
[2022-05-05 05:56:52,879] {processor.py:161} INFO - Processing /home/airflow/.local/lib/python3.7/site-packages/airflow/example_dags/example_task_group.py took 0.178 seconds
[2022-05-05 05:57:23,209] {processor.py:153} INFO - Started process (PID=479) to work on /home/airflow/.local/lib/python3.7/site-packages/airflow/example_dags/example_task_group.py
[2022-05-05 05:57:23,210] {processor.py:641} INFO - Processing file /home/airflow/.local/lib/python3.7/site-packages/airflow/example_dags/example_task_group.py for tasks to queue
[2022-05-05 05:57:23,211] {logging_mixin.py:115} INFO - [2022-05-05 05:57:23,211] {dagbag.py:507} INFO - Filling up the DagBag from /home/airflow/.local/lib/python3.7/site-packages/airflow/example_dags/example_task_group.py
[2022-05-05 05:57:23,220] {processor.py:651} INFO - DAG(s) dict_keys(['example_task_group']) retrieved from /home/airflow/.local/lib/python3.7/site-packages/airflow/example_dags/example_task_group.py
[2022-05-05 05:57:23,256] {logging_mixin.py:115} INFO - [2022-05-05 05:57:23,256] {dag.py:2371} INFO - Sync 1 DAGs
[2022-05-05 05:57:23,407] {logging_mixin.py:115} INFO - [2022-05-05 05:57:23,407] {dag.py:2919} INFO - Setting next_dagrun for example_task_group to 2022-05-04T05:57:23.407645+00:00, run_after=2022-05-05T05:57:23.407645+00:00
[2022-05-05 05:57:23,423] {processor.py:161} INFO - Processing /home/airflow/.local/lib/python3.7/site-packages/airflow/example_dags/example_task_group.py took 0.218 seconds
[2022-05-05 05:57:53,590] {processor.py:153} INFO - Started process (PID=533) to work on /home/airflow/.local/lib/python3.7/site-packages/airflow/example_dags/example_task_group.py
[2022-05-05 05:57:53,591] {processor.py:641} INFO - Processing file /home/airflow/.local/lib/python3.7/site-packages/airflow/example_dags/example_task_group.py for tasks to queue
[2022-05-05 05:57:53,591] {logging_mixin.py:115} INFO - [2022-05-05 05:57:53,591] {dagbag.py:507} INFO - Filling up the DagBag from /home/airflow/.local/lib/python3.7/site-packages/airflow/example_dags/example_task_group.py
[2022-05-05 05:57:53,597] {processor.py:651} INFO - DAG(s) dict_keys(['example_task_group']) retrieved from /home/airflow/.local/lib/python3.7/site-packages/airflow/example_dags/example_task_group.py
[2022-05-05 05:57:53,623] {logging_mixin.py:115} INFO - [2022-05-05 05:57:53,622] {dag.py:2371} INFO - Sync 1 DAGs
[2022-05-05 05:57:53,744] {logging_mixin.py:115} INFO - [2022-05-05 05:57:53,744] {dag.py:2919} INFO - Setting next_dagrun for example_task_group to 2022-05-04T05:57:53.744429+00:00, run_after=2022-05-05T05:57:53.744429+00:00
[2022-05-05 05:57:53,757] {processor.py:161} INFO - Processing /home/airflow/.local/lib/python3.7/site-packages/airflow/example_dags/example_task_group.py took 0.169 seconds
[2022-05-05 05:58:23,845] {processor.py:153} INFO - Started process (PID=596) to work on /home/airflow/.local/lib/python3.7/site-packages/airflow/example_dags/example_task_group.py
[2022-05-05 05:58:23,846] {processor.py:641} INFO - Processing file /home/airflow/.local/lib/python3.7/site-packages/airflow/example_dags/example_task_group.py for tasks to queue
[2022-05-05 05:58:23,846] {logging_mixin.py:115} INFO - [2022-05-05 05:58:23,846] {dagbag.py:507} INFO - Filling up the DagBag from /home/airflow/.local/lib/python3.7/site-packages/airflow/example_dags/example_task_group.py
[2022-05-05 05:58:23,852] {processor.py:651} INFO - DAG(s) dict_keys(['example_task_group']) retrieved from /home/airflow/.local/lib/python3.7/site-packages/airflow/example_dags/example_task_group.py
[2022-05-05 05:58:23,875] {logging_mixin.py:115} INFO - [2022-05-05 05:58:23,875] {dag.py:2371} INFO - Sync 1 DAGs
[2022-05-05 05:58:24,000] {logging_mixin.py:115} INFO - [2022-05-05 05:58:23,999] {dag.py:2919} INFO - Setting next_dagrun for example_task_group to 2022-05-04T05:58:23.999714+00:00, run_after=2022-05-05T05:58:23.999714+00:00
[2022-05-05 05:58:24,015] {processor.py:161} INFO - Processing /home/airflow/.local/lib/python3.7/site-packages/airflow/example_dags/example_task_group.py took 0.173 seconds
[2022-05-05 05:58:54,162] {processor.py:153} INFO - Started process (PID=648) to work on /home/airflow/.local/lib/python3.7/site-packages/airflow/example_dags/example_task_group.py
[2022-05-05 05:58:54,163] {processor.py:641} INFO - Processing file /home/airflow/.local/lib/python3.7/site-packages/airflow/example_dags/example_task_group.py for tasks to queue
[2022-05-05 05:58:54,163] {logging_mixin.py:115} INFO - [2022-05-05 05:58:54,163] {dagbag.py:507} INFO - Filling up the DagBag from /home/airflow/.local/lib/python3.7/site-packages/airflow/example_dags/example_task_group.py
[2022-05-05 05:58:54,168] {processor.py:651} INFO - DAG(s) dict_keys(['example_task_group']) retrieved from /home/airflow/.local/lib/python3.7/site-packages/airflow/example_dags/example_task_group.py
[2022-05-05 05:58:54,195] {logging_mixin.py:115} INFO - [2022-05-05 05:58:54,195] {dag.py:2371} INFO - Sync 1 DAGs
[2022-05-05 05:58:54,310] {logging_mixin.py:115} INFO - [2022-05-05 05:58:54,310] {dag.py:2919} INFO - Setting next_dagrun for example_task_group to 2022-05-04T05:58:54.310382+00:00, run_after=2022-05-05T05:58:54.310382+00:00
[2022-05-05 05:58:54,324] {processor.py:161} INFO - Processing /home/airflow/.local/lib/python3.7/site-packages/airflow/example_dags/example_task_group.py took 0.164 seconds
[2022-05-05 05:59:24,476] {processor.py:153} INFO - Started process (PID=709) to work on /home/airflow/.local/lib/python3.7/site-packages/airflow/example_dags/example_task_group.py
[2022-05-05 05:59:24,476] {processor.py:641} INFO - Processing file /home/airflow/.local/lib/python3.7/site-packages/airflow/example_dags/example_task_group.py for tasks to queue
[2022-05-05 05:59:24,476] {logging_mixin.py:115} INFO - [2022-05-05 05:59:24,476] {dagbag.py:507} INFO - Filling up the DagBag from /home/airflow/.local/lib/python3.7/site-packages/airflow/example_dags/example_task_group.py
[2022-05-05 05:59:24,483] {processor.py:651} INFO - DAG(s) dict_keys(['example_task_group']) retrieved from /home/airflow/.local/lib/python3.7/site-packages/airflow/example_dags/example_task_group.py
[2022-05-05 05:59:24,513] {logging_mixin.py:115} INFO - [2022-05-05 05:59:24,513] {dag.py:2371} INFO - Sync 1 DAGs
[2022-05-05 05:59:24,651] {logging_mixin.py:115} INFO - [2022-05-05 05:59:24,651] {dag.py:2919} INFO - Setting next_dagrun for example_task_group to 2022-05-04T05:59:24.651662+00:00, run_after=2022-05-05T05:59:24.651662+00:00
[2022-05-05 05:59:24,667] {processor.py:161} INFO - Processing /home/airflow/.local/lib/python3.7/site-packages/airflow/example_dags/example_task_group.py took 0.194 seconds
[2022-05-05 05:59:54,836] {processor.py:153} INFO - Started process (PID=772) to work on /home/airflow/.local/lib/python3.7/site-packages/airflow/example_dags/example_task_group.py
[2022-05-05 05:59:54,837] {processor.py:641} INFO - Processing file /home/airflow/.local/lib/python3.7/site-packages/airflow/example_dags/example_task_group.py for tasks to queue
[2022-05-05 05:59:54,838] {logging_mixin.py:115} INFO - [2022-05-05 05:59:54,838] {dagbag.py:507} INFO - Filling up the DagBag from /home/airflow/.local/lib/python3.7/site-packages/airflow/example_dags/example_task_group.py
[2022-05-05 05:59:54,845] {processor.py:651} INFO - DAG(s) dict_keys(['example_task_group']) retrieved from /home/airflow/.local/lib/python3.7/site-packages/airflow/example_dags/example_task_group.py
[2022-05-05 05:59:54,878] {logging_mixin.py:115} INFO - [2022-05-05 05:59:54,878] {dag.py:2371} INFO - Sync 1 DAGs
[2022-05-05 05:59:55,004] {logging_mixin.py:115} INFO - [2022-05-05 05:59:55,004] {dag.py:2919} INFO - Setting next_dagrun for example_task_group to 2022-05-04T05:59:55.003861+00:00, run_after=2022-05-05T05:59:55.003861+00:00
[2022-05-05 05:59:55,018] {processor.py:161} INFO - Processing /home/airflow/.local/lib/python3.7/site-packages/airflow/example_dags/example_task_group.py took 0.184 seconds
[2022-05-05 06:00:25,760] {processor.py:153} INFO - Started process (PID=825) to work on /home/airflow/.local/lib/python3.7/site-packages/airflow/example_dags/example_task_group.py
[2022-05-05 06:00:25,761] {processor.py:641} INFO - Processing file /home/airflow/.local/lib/python3.7/site-packages/airflow/example_dags/example_task_group.py for tasks to queue
[2022-05-05 06:00:25,761] {logging_mixin.py:115} INFO - [2022-05-05 06:00:25,761] {dagbag.py:507} INFO - Filling up the DagBag from /home/airflow/.local/lib/python3.7/site-packages/airflow/example_dags/example_task_group.py
[2022-05-05 06:00:25,766] {processor.py:651} INFO - DAG(s) dict_keys(['example_task_group']) retrieved from /home/airflow/.local/lib/python3.7/site-packages/airflow/example_dags/example_task_group.py
[2022-05-05 06:00:25,793] {logging_mixin.py:115} INFO - [2022-05-05 06:00:25,793] {dag.py:2371} INFO - Sync 1 DAGs
[2022-05-05 06:00:25,915] {logging_mixin.py:115} INFO - [2022-05-05 06:00:25,914] {dag.py:2919} INFO - Setting next_dagrun for example_task_group to 2022-05-04T06:00:25.914792+00:00, run_after=2022-05-05T06:00:25.914792+00:00
[2022-05-05 06:00:25,929] {processor.py:161} INFO - Processing /home/airflow/.local/lib/python3.7/site-packages/airflow/example_dags/example_task_group.py took 0.172 seconds
[2022-05-05 06:00:56,321] {processor.py:153} INFO - Started process (PID=887) to work on /home/airflow/.local/lib/python3.7/site-packages/airflow/example_dags/example_task_group.py
[2022-05-05 06:00:56,321] {processor.py:641} INFO - Processing file /home/airflow/.local/lib/python3.7/site-packages/airflow/example_dags/example_task_group.py for tasks to queue
[2022-05-05 06:00:56,322] {logging_mixin.py:115} INFO - [2022-05-05 06:00:56,322] {dagbag.py:507} INFO - Filling up the DagBag from /home/airflow/.local/lib/python3.7/site-packages/airflow/example_dags/example_task_group.py
[2022-05-05 06:00:56,327] {processor.py:651} INFO - DAG(s) dict_keys(['example_task_group']) retrieved from /home/airflow/.local/lib/python3.7/site-packages/airflow/example_dags/example_task_group.py
[2022-05-05 06:00:56,354] {logging_mixin.py:115} INFO - [2022-05-05 06:00:56,354] {dag.py:2371} INFO - Sync 1 DAGs
[2022-05-05 06:00:56,491] {logging_mixin.py:115} INFO - [2022-05-05 06:00:56,491] {dag.py:2919} INFO - Setting next_dagrun for example_task_group to 2022-05-04T06:00:56.491319+00:00, run_after=2022-05-05T06:00:56.491319+00:00
[2022-05-05 06:00:56,509] {processor.py:161} INFO - Processing /home/airflow/.local/lib/python3.7/site-packages/airflow/example_dags/example_task_group.py took 0.190 seconds
[2022-05-05 06:01:26,855] {processor.py:153} INFO - Started process (PID=950) to work on /home/airflow/.local/lib/python3.7/site-packages/airflow/example_dags/example_task_group.py
[2022-05-05 06:01:26,856] {processor.py:641} INFO - Processing file /home/airflow/.local/lib/python3.7/site-packages/airflow/example_dags/example_task_group.py for tasks to queue
[2022-05-05 06:01:26,857] {logging_mixin.py:115} INFO - [2022-05-05 06:01:26,857] {dagbag.py:507} INFO - Filling up the DagBag from /home/airflow/.local/lib/python3.7/site-packages/airflow/example_dags/example_task_group.py
[2022-05-05 06:01:26,862] {processor.py:651} INFO - DAG(s) dict_keys(['example_task_group']) retrieved from /home/airflow/.local/lib/python3.7/site-packages/airflow/example_dags/example_task_group.py
[2022-05-05 06:01:26,890] {logging_mixin.py:115} INFO - [2022-05-05 06:01:26,890] {dag.py:2371} INFO - Sync 1 DAGs
[2022-05-05 06:01:27,023] {logging_mixin.py:115} INFO - [2022-05-05 06:01:27,023] {dag.py:2919} INFO - Setting next_dagrun for example_task_group to 2022-05-04T06:01:27.023314+00:00, run_after=2022-05-05T06:01:27.023314+00:00
[2022-05-05 06:01:27,037] {processor.py:161} INFO - Processing /home/airflow/.local/lib/python3.7/site-packages/airflow/example_dags/example_task_group.py took 0.184 seconds
[2022-05-05 06:01:57,143] {processor.py:153} INFO - Started process (PID=1002) to work on /home/airflow/.local/lib/python3.7/site-packages/airflow/example_dags/example_task_group.py
[2022-05-05 06:01:57,144] {processor.py:641} INFO - Processing file /home/airflow/.local/lib/python3.7/site-packages/airflow/example_dags/example_task_group.py for tasks to queue
[2022-05-05 06:01:57,144] {logging_mixin.py:115} INFO - [2022-05-05 06:01:57,144] {dagbag.py:507} INFO - Filling up the DagBag from /home/airflow/.local/lib/python3.7/site-packages/airflow/example_dags/example_task_group.py
[2022-05-05 06:01:57,149] {processor.py:651} INFO - DAG(s) dict_keys(['example_task_group']) retrieved from /home/airflow/.local/lib/python3.7/site-packages/airflow/example_dags/example_task_group.py
[2022-05-05 06:01:57,175] {logging_mixin.py:115} INFO - [2022-05-05 06:01:57,175] {dag.py:2371} INFO - Sync 1 DAGs
[2022-05-05 06:01:57,294] {logging_mixin.py:115} INFO - [2022-05-05 06:01:57,294] {dag.py:2919} INFO - Setting next_dagrun for example_task_group to 2022-05-04T06:01:57.294366+00:00, run_after=2022-05-05T06:01:57.294366+00:00
[2022-05-05 06:01:57,307] {processor.py:161} INFO - Processing /home/airflow/.local/lib/python3.7/site-packages/airflow/example_dags/example_task_group.py took 0.165 seconds
[2022-05-05 06:02:27,454] {processor.py:153} INFO - Started process (PID=1066) to work on /home/airflow/.local/lib/python3.7/site-packages/airflow/example_dags/example_task_group.py
[2022-05-05 06:02:27,455] {processor.py:641} INFO - Processing file /home/airflow/.local/lib/python3.7/site-packages/airflow/example_dags/example_task_group.py for tasks to queue
[2022-05-05 06:02:27,456] {logging_mixin.py:115} INFO - [2022-05-05 06:02:27,455] {dagbag.py:507} INFO - Filling up the DagBag from /home/airflow/.local/lib/python3.7/site-packages/airflow/example_dags/example_task_group.py
[2022-05-05 06:02:27,461] {processor.py:651} INFO - DAG(s) dict_keys(['example_task_group']) retrieved from /home/airflow/.local/lib/python3.7/site-packages/airflow/example_dags/example_task_group.py
[2022-05-05 06:02:27,489] {logging_mixin.py:115} INFO - [2022-05-05 06:02:27,489] {dag.py:2371} INFO - Sync 1 DAGs
[2022-05-05 06:02:27,615] {logging_mixin.py:115} INFO - [2022-05-05 06:02:27,615] {dag.py:2919} INFO - Setting next_dagrun for example_task_group to 2022-05-04T06:02:27.615047+00:00, run_after=2022-05-05T06:02:27.615047+00:00
[2022-05-05 06:02:27,630] {processor.py:161} INFO - Processing /home/airflow/.local/lib/python3.7/site-packages/airflow/example_dags/example_task_group.py took 0.178 seconds
[2022-05-05 06:02:57,856] {processor.py:153} INFO - Started process (PID=1129) to work on /home/airflow/.local/lib/python3.7/site-packages/airflow/example_dags/example_task_group.py
[2022-05-05 06:02:57,857] {processor.py:641} INFO - Processing file /home/airflow/.local/lib/python3.7/site-packages/airflow/example_dags/example_task_group.py for tasks to queue
[2022-05-05 06:02:57,857] {logging_mixin.py:115} INFO - [2022-05-05 06:02:57,857] {dagbag.py:507} INFO - Filling up the DagBag from /home/airflow/.local/lib/python3.7/site-packages/airflow/example_dags/example_task_group.py
[2022-05-05 06:02:57,863] {processor.py:651} INFO - DAG(s) dict_keys(['example_task_group']) retrieved from /home/airflow/.local/lib/python3.7/site-packages/airflow/example_dags/example_task_group.py
[2022-05-05 06:02:57,889] {logging_mixin.py:115} INFO - [2022-05-05 06:02:57,888] {dag.py:2371} INFO - Sync 1 DAGs
[2022-05-05 06:02:58,023] {logging_mixin.py:115} INFO - [2022-05-05 06:02:58,022] {dag.py:2919} INFO - Setting next_dagrun for example_task_group to 2022-05-04T06:02:58.022668+00:00, run_after=2022-05-05T06:02:58.022668+00:00
[2022-05-05 06:02:58,037] {processor.py:161} INFO - Processing /home/airflow/.local/lib/python3.7/site-packages/airflow/example_dags/example_task_group.py took 0.183 seconds
[2022-05-05 06:03:28,151] {processor.py:153} INFO - Started process (PID=1183) to work on /home/airflow/.local/lib/python3.7/site-packages/airflow/example_dags/example_task_group.py
[2022-05-05 06:03:28,152] {processor.py:641} INFO - Processing file /home/airflow/.local/lib/python3.7/site-packages/airflow/example_dags/example_task_group.py for tasks to queue
[2022-05-05 06:03:28,153] {logging_mixin.py:115} INFO - [2022-05-05 06:03:28,153] {dagbag.py:507} INFO - Filling up the DagBag from /home/airflow/.local/lib/python3.7/site-packages/airflow/example_dags/example_task_group.py
[2022-05-05 06:03:28,159] {processor.py:651} INFO - DAG(s) dict_keys(['example_task_group']) retrieved from /home/airflow/.local/lib/python3.7/site-packages/airflow/example_dags/example_task_group.py
[2022-05-05 06:03:28,190] {logging_mixin.py:115} INFO - [2022-05-05 06:03:28,190] {dag.py:2371} INFO - Sync 1 DAGs
[2022-05-05 06:03:28,334] {logging_mixin.py:115} INFO - [2022-05-05 06:03:28,334] {dag.py:2919} INFO - Setting next_dagrun for example_task_group to 2022-05-04T06:03:28.333571+00:00, run_after=2022-05-05T06:03:28.333571+00:00
[2022-05-05 06:03:28,355] {processor.py:161} INFO - Processing /home/airflow/.local/lib/python3.7/site-packages/airflow/example_dags/example_task_group.py took 0.206 seconds
[2022-05-05 06:03:59,324] {processor.py:153} INFO - Started process (PID=1246) to work on /home/airflow/.local/lib/python3.7/site-packages/airflow/example_dags/example_task_group.py
[2022-05-05 06:03:59,325] {processor.py:641} INFO - Processing file /home/airflow/.local/lib/python3.7/site-packages/airflow/example_dags/example_task_group.py for tasks to queue
[2022-05-05 06:03:59,325] {logging_mixin.py:115} INFO - [2022-05-05 06:03:59,325] {dagbag.py:507} INFO - Filling up the DagBag from /home/airflow/.local/lib/python3.7/site-packages/airflow/example_dags/example_task_group.py
[2022-05-05 06:03:59,330] {processor.py:651} INFO - DAG(s) dict_keys(['example_task_group']) retrieved from /home/airflow/.local/lib/python3.7/site-packages/airflow/example_dags/example_task_group.py
[2022-05-05 06:03:59,356] {logging_mixin.py:115} INFO - [2022-05-05 06:03:59,356] {dag.py:2371} INFO - Sync 1 DAGs
[2022-05-05 06:03:59,378] {logging_mixin.py:115} INFO - [2022-05-05 06:03:59,378] {dag.py:2919} INFO - Setting next_dagrun for example_task_group to 2022-05-04T06:03:59.378522+00:00, run_after=2022-05-05T06:03:59.378522+00:00
[2022-05-05 06:03:59,392] {processor.py:161} INFO - Processing /home/airflow/.local/lib/python3.7/site-packages/airflow/example_dags/example_task_group.py took 0.070 seconds
[2022-05-05 06:04:30,290] {processor.py:153} INFO - Started process (PID=1308) to work on /home/airflow/.local/lib/python3.7/site-packages/airflow/example_dags/example_task_group.py
[2022-05-05 06:04:30,291] {processor.py:641} INFO - Processing file /home/airflow/.local/lib/python3.7/site-packages/airflow/example_dags/example_task_group.py for tasks to queue
[2022-05-05 06:04:30,291] {logging_mixin.py:115} INFO - [2022-05-05 06:04:30,291] {dagbag.py:507} INFO - Filling up the DagBag from /home/airflow/.local/lib/python3.7/site-packages/airflow/example_dags/example_task_group.py
[2022-05-05 06:04:30,296] {processor.py:651} INFO - DAG(s) dict_keys(['example_task_group']) retrieved from /home/airflow/.local/lib/python3.7/site-packages/airflow/example_dags/example_task_group.py
[2022-05-05 06:04:30,324] {logging_mixin.py:115} INFO - [2022-05-05 06:04:30,324] {dag.py:2371} INFO - Sync 1 DAGs
[2022-05-05 06:04:30,346] {logging_mixin.py:115} INFO - [2022-05-05 06:04:30,345] {dag.py:2919} INFO - Setting next_dagrun for example_task_group to 2022-05-04T06:04:30.345422+00:00, run_after=2022-05-05T06:04:30.345422+00:00
[2022-05-05 06:04:30,361] {processor.py:161} INFO - Processing /home/airflow/.local/lib/python3.7/site-packages/airflow/example_dags/example_task_group.py took 0.073 seconds
[2022-05-05 06:05:00,924] {processor.py:153} INFO - Started process (PID=1361) to work on /home/airflow/.local/lib/python3.7/site-packages/airflow/example_dags/example_task_group.py
[2022-05-05 06:05:00,925] {processor.py:641} INFO - Processing file /home/airflow/.local/lib/python3.7/site-packages/airflow/example_dags/example_task_group.py for tasks to queue
[2022-05-05 06:05:00,925] {logging_mixin.py:115} INFO - [2022-05-05 06:05:00,925] {dagbag.py:507} INFO - Filling up the DagBag from /home/airflow/.local/lib/python3.7/site-packages/airflow/example_dags/example_task_group.py
[2022-05-05 06:05:00,932] {processor.py:651} INFO - DAG(s) dict_keys(['example_task_group']) retrieved from /home/airflow/.local/lib/python3.7/site-packages/airflow/example_dags/example_task_group.py
[2022-05-05 06:05:00,963] {logging_mixin.py:115} INFO - [2022-05-05 06:05:00,963] {dag.py:2371} INFO - Sync 1 DAGs
[2022-05-05 06:05:00,993] {logging_mixin.py:115} INFO - [2022-05-05 06:05:00,993] {dag.py:2919} INFO - Setting next_dagrun for example_task_group to 2022-05-04T06:05:00.993303+00:00, run_after=2022-05-05T06:05:00.993303+00:00
[2022-05-05 06:05:01,009] {processor.py:161} INFO - Processing /home/airflow/.local/lib/python3.7/site-packages/airflow/example_dags/example_task_group.py took 0.086 seconds
[2022-05-05 06:05:31,571] {processor.py:153} INFO - Started process (PID=1422) to work on /home/airflow/.local/lib/python3.7/site-packages/airflow/example_dags/example_task_group.py
[2022-05-05 06:05:31,572] {processor.py:641} INFO - Processing file /home/airflow/.local/lib/python3.7/site-packages/airflow/example_dags/example_task_group.py for tasks to queue
[2022-05-05 06:05:31,573] {logging_mixin.py:115} INFO - [2022-05-05 06:05:31,573] {dagbag.py:507} INFO - Filling up the DagBag from /home/airflow/.local/lib/python3.7/site-packages/airflow/example_dags/example_task_group.py
[2022-05-05 06:05:31,578] {processor.py:651} INFO - DAG(s) dict_keys(['example_task_group']) retrieved from /home/airflow/.local/lib/python3.7/site-packages/airflow/example_dags/example_task_group.py
[2022-05-05 06:05:31,605] {logging_mixin.py:115} INFO - [2022-05-05 06:05:31,605] {dag.py:2371} INFO - Sync 1 DAGs
[2022-05-05 06:05:31,626] {logging_mixin.py:115} INFO - [2022-05-05 06:05:31,626] {dag.py:2919} INFO - Setting next_dagrun for example_task_group to 2022-05-04T06:05:31.626172+00:00, run_after=2022-05-05T06:05:31.626172+00:00
[2022-05-05 06:05:31,639] {processor.py:161} INFO - Processing /home/airflow/.local/lib/python3.7/site-packages/airflow/example_dags/example_task_group.py took 0.070 seconds
[2022-05-05 06:06:02,223] {processor.py:153} INFO - Started process (PID=1485) to work on /home/airflow/.local/lib/python3.7/site-packages/airflow/example_dags/example_task_group.py
[2022-05-05 06:06:02,223] {processor.py:641} INFO - Processing file /home/airflow/.local/lib/python3.7/site-packages/airflow/example_dags/example_task_group.py for tasks to queue
[2022-05-05 06:06:02,224] {logging_mixin.py:115} INFO - [2022-05-05 06:06:02,224] {dagbag.py:507} INFO - Filling up the DagBag from /home/airflow/.local/lib/python3.7/site-packages/airflow/example_dags/example_task_group.py
[2022-05-05 06:06:02,229] {processor.py:651} INFO - DAG(s) dict_keys(['example_task_group']) retrieved from /home/airflow/.local/lib/python3.7/site-packages/airflow/example_dags/example_task_group.py
[2022-05-05 06:06:02,257] {logging_mixin.py:115} INFO - [2022-05-05 06:06:02,257] {dag.py:2371} INFO - Sync 1 DAGs
[2022-05-05 06:06:02,277] {logging_mixin.py:115} INFO - [2022-05-05 06:06:02,277] {dag.py:2919} INFO - Setting next_dagrun for example_task_group to 2022-05-04T06:06:02.277024+00:00, run_after=2022-05-05T06:06:02.277024+00:00
[2022-05-05 06:06:02,291] {processor.py:161} INFO - Processing /home/airflow/.local/lib/python3.7/site-packages/airflow/example_dags/example_task_group.py took 0.071 seconds
[2022-05-05 06:06:32,999] {processor.py:153} INFO - Started process (PID=1537) to work on /home/airflow/.local/lib/python3.7/site-packages/airflow/example_dags/example_task_group.py
[2022-05-05 06:06:32,999] {processor.py:641} INFO - Processing file /home/airflow/.local/lib/python3.7/site-packages/airflow/example_dags/example_task_group.py for tasks to queue
[2022-05-05 06:06:33,000] {logging_mixin.py:115} INFO - [2022-05-05 06:06:33,000] {dagbag.py:507} INFO - Filling up the DagBag from /home/airflow/.local/lib/python3.7/site-packages/airflow/example_dags/example_task_group.py
[2022-05-05 06:06:33,005] {processor.py:651} INFO - DAG(s) dict_keys(['example_task_group']) retrieved from /home/airflow/.local/lib/python3.7/site-packages/airflow/example_dags/example_task_group.py
[2022-05-05 06:06:33,031] {logging_mixin.py:115} INFO - [2022-05-05 06:06:33,031] {dag.py:2371} INFO - Sync 1 DAGs
[2022-05-05 06:06:33,053] {logging_mixin.py:115} INFO - [2022-05-05 06:06:33,053] {dag.py:2919} INFO - Setting next_dagrun for example_task_group to 2022-05-04T06:06:33.053088+00:00, run_after=2022-05-05T06:06:33.053088+00:00
[2022-05-05 06:06:33,066] {processor.py:161} INFO - Processing /home/airflow/.local/lib/python3.7/site-packages/airflow/example_dags/example_task_group.py took 0.070 seconds
[2022-05-05 06:07:03,899] {processor.py:153} INFO - Started process (PID=1600) to work on /home/airflow/.local/lib/python3.7/site-packages/airflow/example_dags/example_task_group.py
[2022-05-05 06:07:03,899] {processor.py:641} INFO - Processing file /home/airflow/.local/lib/python3.7/site-packages/airflow/example_dags/example_task_group.py for tasks to queue
[2022-05-05 06:07:03,900] {logging_mixin.py:115} INFO - [2022-05-05 06:07:03,900] {dagbag.py:507} INFO - Filling up the DagBag from /home/airflow/.local/lib/python3.7/site-packages/airflow/example_dags/example_task_group.py
[2022-05-05 06:07:03,906] {processor.py:651} INFO - DAG(s) dict_keys(['example_task_group']) retrieved from /home/airflow/.local/lib/python3.7/site-packages/airflow/example_dags/example_task_group.py
[2022-05-05 06:07:03,935] {logging_mixin.py:115} INFO - [2022-05-05 06:07:03,935] {dag.py:2371} INFO - Sync 1 DAGs
[2022-05-05 06:07:03,957] {logging_mixin.py:115} INFO - [2022-05-05 06:07:03,957] {dag.py:2919} INFO - Setting next_dagrun for example_task_group to 2022-05-04T06:07:03.957400+00:00, run_after=2022-05-05T06:07:03.957400+00:00
[2022-05-05 06:07:03,972] {processor.py:161} INFO - Processing /home/airflow/.local/lib/python3.7/site-packages/airflow/example_dags/example_task_group.py took 0.076 seconds
[2022-05-05 06:07:34,689] {processor.py:153} INFO - Started process (PID=1661) to work on /home/airflow/.local/lib/python3.7/site-packages/airflow/example_dags/example_task_group.py
[2022-05-05 06:07:34,690] {processor.py:641} INFO - Processing file /home/airflow/.local/lib/python3.7/site-packages/airflow/example_dags/example_task_group.py for tasks to queue
[2022-05-05 06:07:34,690] {logging_mixin.py:115} INFO - [2022-05-05 06:07:34,690] {dagbag.py:507} INFO - Filling up the DagBag from /home/airflow/.local/lib/python3.7/site-packages/airflow/example_dags/example_task_group.py
[2022-05-05 06:07:34,696] {processor.py:651} INFO - DAG(s) dict_keys(['example_task_group']) retrieved from /home/airflow/.local/lib/python3.7/site-packages/airflow/example_dags/example_task_group.py
[2022-05-05 06:07:34,726] {logging_mixin.py:115} INFO - [2022-05-05 06:07:34,726] {dag.py:2371} INFO - Sync 1 DAGs
[2022-05-05 06:07:34,751] {logging_mixin.py:115} INFO - [2022-05-05 06:07:34,751] {dag.py:2919} INFO - Setting next_dagrun for example_task_group to 2022-05-04T06:07:34.750975+00:00, run_after=2022-05-05T06:07:34.750975+00:00
[2022-05-05 06:07:34,768] {processor.py:161} INFO - Processing /home/airflow/.local/lib/python3.7/site-packages/airflow/example_dags/example_task_group.py took 0.081 seconds
[2022-05-05 06:08:05,396] {processor.py:153} INFO - Started process (PID=1714) to work on /home/airflow/.local/lib/python3.7/site-packages/airflow/example_dags/example_task_group.py
[2022-05-05 06:08:05,397] {processor.py:641} INFO - Processing file /home/airflow/.local/lib/python3.7/site-packages/airflow/example_dags/example_task_group.py for tasks to queue
[2022-05-05 06:08:05,397] {logging_mixin.py:115} INFO - [2022-05-05 06:08:05,397] {dagbag.py:507} INFO - Filling up the DagBag from /home/airflow/.local/lib/python3.7/site-packages/airflow/example_dags/example_task_group.py
[2022-05-05 06:08:05,402] {processor.py:651} INFO - DAG(s) dict_keys(['example_task_group']) retrieved from /home/airflow/.local/lib/python3.7/site-packages/airflow/example_dags/example_task_group.py
[2022-05-05 06:08:05,428] {logging_mixin.py:115} INFO - [2022-05-05 06:08:05,428] {dag.py:2371} INFO - Sync 1 DAGs
[2022-05-05 06:08:05,449] {logging_mixin.py:115} INFO - [2022-05-05 06:08:05,448] {dag.py:2919} INFO - Setting next_dagrun for example_task_group to 2022-05-04T06:08:05.448429+00:00, run_after=2022-05-05T06:08:05.448429+00:00
[2022-05-05 06:08:05,463] {processor.py:161} INFO - Processing /home/airflow/.local/lib/python3.7/site-packages/airflow/example_dags/example_task_group.py took 0.070 seconds
[2022-05-05 06:08:36,161] {processor.py:153} INFO - Started process (PID=1777) to work on /home/airflow/.local/lib/python3.7/site-packages/airflow/example_dags/example_task_group.py
[2022-05-05 06:08:36,161] {processor.py:641} INFO - Processing file /home/airflow/.local/lib/python3.7/site-packages/airflow/example_dags/example_task_group.py for tasks to queue
[2022-05-05 06:08:36,162] {logging_mixin.py:115} INFO - [2022-05-05 06:08:36,162] {dagbag.py:507} INFO - Filling up the DagBag from /home/airflow/.local/lib/python3.7/site-packages/airflow/example_dags/example_task_group.py
[2022-05-05 06:08:36,167] {processor.py:651} INFO - DAG(s) dict_keys(['example_task_group']) retrieved from /home/airflow/.local/lib/python3.7/site-packages/airflow/example_dags/example_task_group.py
[2022-05-05 06:08:36,192] {logging_mixin.py:115} INFO - [2022-05-05 06:08:36,192] {dag.py:2371} INFO - Sync 1 DAGs
[2022-05-05 06:08:36,212] {logging_mixin.py:115} INFO - [2022-05-05 06:08:36,212] {dag.py:2919} INFO - Setting next_dagrun for example_task_group to 2022-05-04T06:08:36.212356+00:00, run_after=2022-05-05T06:08:36.212356+00:00
[2022-05-05 06:08:36,227] {processor.py:161} INFO - Processing /home/airflow/.local/lib/python3.7/site-packages/airflow/example_dags/example_task_group.py took 0.068 seconds
[2022-05-05 06:09:06,927] {processor.py:153} INFO - Started process (PID=1840) to work on /home/airflow/.local/lib/python3.7/site-packages/airflow/example_dags/example_task_group.py
[2022-05-05 06:09:06,927] {processor.py:641} INFO - Processing file /home/airflow/.local/lib/python3.7/site-packages/airflow/example_dags/example_task_group.py for tasks to queue
[2022-05-05 06:09:06,928] {logging_mixin.py:115} INFO - [2022-05-05 06:09:06,928] {dagbag.py:507} INFO - Filling up the DagBag from /home/airflow/.local/lib/python3.7/site-packages/airflow/example_dags/example_task_group.py
[2022-05-05 06:09:06,934] {processor.py:651} INFO - DAG(s) dict_keys(['example_task_group']) retrieved from /home/airflow/.local/lib/python3.7/site-packages/airflow/example_dags/example_task_group.py
[2022-05-05 06:09:07,075] {logging_mixin.py:115} INFO - [2022-05-05 06:09:07,075] {dag.py:2371} INFO - Sync 1 DAGs
[2022-05-05 06:09:07,096] {logging_mixin.py:115} INFO - [2022-05-05 06:09:07,096] {dag.py:2919} INFO - Setting next_dagrun for example_task_group to 2022-05-04T06:09:07.095943+00:00, run_after=2022-05-05T06:09:07.095943+00:00
[2022-05-05 06:09:07,111] {processor.py:161} INFO - Processing /home/airflow/.local/lib/python3.7/site-packages/airflow/example_dags/example_task_group.py took 0.187 seconds
[2022-05-05 06:09:37,177] {processor.py:153} INFO - Started process (PID=1892) to work on /home/airflow/.local/lib/python3.7/site-packages/airflow/example_dags/example_task_group.py
[2022-05-05 06:09:37,177] {processor.py:641} INFO - Processing file /home/airflow/.local/lib/python3.7/site-packages/airflow/example_dags/example_task_group.py for tasks to queue
[2022-05-05 06:09:37,177] {logging_mixin.py:115} INFO - [2022-05-05 06:09:37,177] {dagbag.py:507} INFO - Filling up the DagBag from /home/airflow/.local/lib/python3.7/site-packages/airflow/example_dags/example_task_group.py
[2022-05-05 06:09:37,186] {processor.py:651} INFO - DAG(s) dict_keys(['example_task_group']) retrieved from /home/airflow/.local/lib/python3.7/site-packages/airflow/example_dags/example_task_group.py
[2022-05-05 06:09:37,351] {logging_mixin.py:115} INFO - [2022-05-05 06:09:37,351] {dag.py:2371} INFO - Sync 1 DAGs
[2022-05-05 06:09:37,375] {logging_mixin.py:115} INFO - [2022-05-05 06:09:37,375] {dag.py:2919} INFO - Setting next_dagrun for example_task_group to 2022-05-04T06:09:37.375354+00:00, run_after=2022-05-05T06:09:37.375354+00:00
[2022-05-05 06:09:37,395] {processor.py:161} INFO - Processing /home/airflow/.local/lib/python3.7/site-packages/airflow/example_dags/example_task_group.py took 0.223 seconds
[2022-05-05 06:10:07,832] {processor.py:153} INFO - Started process (PID=1954) to work on /home/airflow/.local/lib/python3.7/site-packages/airflow/example_dags/example_task_group.py
[2022-05-05 06:10:07,833] {processor.py:641} INFO - Processing file /home/airflow/.local/lib/python3.7/site-packages/airflow/example_dags/example_task_group.py for tasks to queue
[2022-05-05 06:10:07,833] {logging_mixin.py:115} INFO - [2022-05-05 06:10:07,833] {dagbag.py:507} INFO - Filling up the DagBag from /home/airflow/.local/lib/python3.7/site-packages/airflow/example_dags/example_task_group.py
[2022-05-05 06:10:07,839] {processor.py:651} INFO - DAG(s) dict_keys(['example_task_group']) retrieved from /home/airflow/.local/lib/python3.7/site-packages/airflow/example_dags/example_task_group.py
[2022-05-05 06:10:07,970] {logging_mixin.py:115} INFO - [2022-05-05 06:10:07,970] {dag.py:2371} INFO - Sync 1 DAGs
[2022-05-05 06:10:07,992] {logging_mixin.py:115} INFO - [2022-05-05 06:10:07,992] {dag.py:2919} INFO - Setting next_dagrun for example_task_group to 2022-05-04T06:10:07.991988+00:00, run_after=2022-05-05T06:10:07.991988+00:00
[2022-05-05 06:10:08,007] {processor.py:161} INFO - Processing /home/airflow/.local/lib/python3.7/site-packages/airflow/example_dags/example_task_group.py took 0.178 seconds
[2022-05-05 06:10:38,193] {processor.py:153} INFO - Started process (PID=2015) to work on /home/airflow/.local/lib/python3.7/site-packages/airflow/example_dags/example_task_group.py
[2022-05-05 06:10:38,194] {processor.py:641} INFO - Processing file /home/airflow/.local/lib/python3.7/site-packages/airflow/example_dags/example_task_group.py for tasks to queue
[2022-05-05 06:10:38,194] {logging_mixin.py:115} INFO - [2022-05-05 06:10:38,194] {dagbag.py:507} INFO - Filling up the DagBag from /home/airflow/.local/lib/python3.7/site-packages/airflow/example_dags/example_task_group.py
[2022-05-05 06:10:38,201] {processor.py:651} INFO - DAG(s) dict_keys(['example_task_group']) retrieved from /home/airflow/.local/lib/python3.7/site-packages/airflow/example_dags/example_task_group.py
[2022-05-05 06:10:38,340] {logging_mixin.py:115} INFO - [2022-05-05 06:10:38,340] {dag.py:2371} INFO - Sync 1 DAGs
[2022-05-05 06:10:38,363] {logging_mixin.py:115} INFO - [2022-05-05 06:10:38,363] {dag.py:2919} INFO - Setting next_dagrun for example_task_group to 2022-05-04T06:10:38.363074+00:00, run_after=2022-05-05T06:10:38.363074+00:00
[2022-05-05 06:10:38,380] {processor.py:161} INFO - Processing /home/airflow/.local/lib/python3.7/site-packages/airflow/example_dags/example_task_group.py took 0.190 seconds
[2022-05-05 06:11:08,940] {processor.py:153} INFO - Started process (PID=2069) to work on /home/airflow/.local/lib/python3.7/site-packages/airflow/example_dags/example_task_group.py
[2022-05-05 06:11:08,941] {processor.py:641} INFO - Processing file /home/airflow/.local/lib/python3.7/site-packages/airflow/example_dags/example_task_group.py for tasks to queue
[2022-05-05 06:11:08,941] {logging_mixin.py:115} INFO - [2022-05-05 06:11:08,941] {dagbag.py:507} INFO - Filling up the DagBag from /home/airflow/.local/lib/python3.7/site-packages/airflow/example_dags/example_task_group.py
[2022-05-05 06:11:08,947] {processor.py:651} INFO - DAG(s) dict_keys(['example_task_group']) retrieved from /home/airflow/.local/lib/python3.7/site-packages/airflow/example_dags/example_task_group.py
[2022-05-05 06:11:09,084] {logging_mixin.py:115} INFO - [2022-05-05 06:11:09,084] {dag.py:2371} INFO - Sync 1 DAGs
[2022-05-05 06:11:09,106] {logging_mixin.py:115} INFO - [2022-05-05 06:11:09,106] {dag.py:2919} INFO - Setting next_dagrun for example_task_group to 2022-05-04T06:11:09.106422+00:00, run_after=2022-05-05T06:11:09.106422+00:00
[2022-05-05 06:11:09,121] {processor.py:161} INFO - Processing /home/airflow/.local/lib/python3.7/site-packages/airflow/example_dags/example_task_group.py took 0.185 seconds
[2022-05-05 06:11:39,913] {processor.py:153} INFO - Started process (PID=2130) to work on /home/airflow/.local/lib/python3.7/site-packages/airflow/example_dags/example_task_group.py
[2022-05-05 06:11:39,914] {processor.py:641} INFO - Processing file /home/airflow/.local/lib/python3.7/site-packages/airflow/example_dags/example_task_group.py for tasks to queue
[2022-05-05 06:11:39,914] {logging_mixin.py:115} INFO - [2022-05-05 06:11:39,914] {dagbag.py:507} INFO - Filling up the DagBag from /home/airflow/.local/lib/python3.7/site-packages/airflow/example_dags/example_task_group.py
[2022-05-05 06:11:39,920] {processor.py:651} INFO - DAG(s) dict_keys(['example_task_group']) retrieved from /home/airflow/.local/lib/python3.7/site-packages/airflow/example_dags/example_task_group.py
[2022-05-05 06:11:40,059] {logging_mixin.py:115} INFO - [2022-05-05 06:11:40,059] {dag.py:2371} INFO - Sync 1 DAGs
[2022-05-05 06:11:40,081] {logging_mixin.py:115} INFO - [2022-05-05 06:11:40,081] {dag.py:2919} INFO - Setting next_dagrun for example_task_group to 2022-05-04T06:11:40.081108+00:00, run_after=2022-05-05T06:11:40.081108+00:00
[2022-05-05 06:11:40,096] {processor.py:161} INFO - Processing /home/airflow/.local/lib/python3.7/site-packages/airflow/example_dags/example_task_group.py took 0.186 seconds
[2022-05-05 06:12:10,222] {processor.py:153} INFO - Started process (PID=2191) to work on /home/airflow/.local/lib/python3.7/site-packages/airflow/example_dags/example_task_group.py
[2022-05-05 06:12:10,222] {processor.py:641} INFO - Processing file /home/airflow/.local/lib/python3.7/site-packages/airflow/example_dags/example_task_group.py for tasks to queue
[2022-05-05 06:12:10,223] {logging_mixin.py:115} INFO - [2022-05-05 06:12:10,223] {dagbag.py:507} INFO - Filling up the DagBag from /home/airflow/.local/lib/python3.7/site-packages/airflow/example_dags/example_task_group.py
[2022-05-05 06:12:10,228] {processor.py:651} INFO - DAG(s) dict_keys(['example_task_group']) retrieved from /home/airflow/.local/lib/python3.7/site-packages/airflow/example_dags/example_task_group.py
[2022-05-05 06:12:10,392] {logging_mixin.py:115} INFO - [2022-05-05 06:12:10,392] {dag.py:2371} INFO - Sync 1 DAGs
[2022-05-05 06:12:10,415] {logging_mixin.py:115} INFO - [2022-05-05 06:12:10,415] {dag.py:2919} INFO - Setting next_dagrun for example_task_group to 2022-05-04T06:12:10.414830+00:00, run_after=2022-05-05T06:12:10.414830+00:00
[2022-05-05 06:12:10,431] {processor.py:161} INFO - Processing /home/airflow/.local/lib/python3.7/site-packages/airflow/example_dags/example_task_group.py took 0.211 seconds
[2022-05-05 06:12:40,631] {processor.py:153} INFO - Started process (PID=2243) to work on /home/airflow/.local/lib/python3.7/site-packages/airflow/example_dags/example_task_group.py
[2022-05-05 06:12:40,633] {processor.py:641} INFO - Processing file /home/airflow/.local/lib/python3.7/site-packages/airflow/example_dags/example_task_group.py for tasks to queue
[2022-05-05 06:12:40,634] {logging_mixin.py:115} INFO - [2022-05-05 06:12:40,634] {dagbag.py:507} INFO - Filling up the DagBag from /home/airflow/.local/lib/python3.7/site-packages/airflow/example_dags/example_task_group.py
[2022-05-05 06:12:40,641] {processor.py:651} INFO - DAG(s) dict_keys(['example_task_group']) retrieved from /home/airflow/.local/lib/python3.7/site-packages/airflow/example_dags/example_task_group.py
[2022-05-05 06:12:40,770] {logging_mixin.py:115} INFO - [2022-05-05 06:12:40,770] {dag.py:2371} INFO - Sync 1 DAGs
[2022-05-05 06:12:40,794] {logging_mixin.py:115} INFO - [2022-05-05 06:12:40,794] {dag.py:2919} INFO - Setting next_dagrun for example_task_group to 2022-05-04T06:12:40.794216+00:00, run_after=2022-05-05T06:12:40.794216+00:00
[2022-05-05 06:12:40,810] {processor.py:161} INFO - Processing /home/airflow/.local/lib/python3.7/site-packages/airflow/example_dags/example_task_group.py took 0.181 seconds
[2022-05-05 06:13:11,006] {processor.py:153} INFO - Started process (PID=2305) to work on /home/airflow/.local/lib/python3.7/site-packages/airflow/example_dags/example_task_group.py
[2022-05-05 06:13:11,007] {processor.py:641} INFO - Processing file /home/airflow/.local/lib/python3.7/site-packages/airflow/example_dags/example_task_group.py for tasks to queue
[2022-05-05 06:13:11,007] {logging_mixin.py:115} INFO - [2022-05-05 06:13:11,007] {dagbag.py:507} INFO - Filling up the DagBag from /home/airflow/.local/lib/python3.7/site-packages/airflow/example_dags/example_task_group.py
[2022-05-05 06:13:11,012] {processor.py:651} INFO - DAG(s) dict_keys(['example_task_group']) retrieved from /home/airflow/.local/lib/python3.7/site-packages/airflow/example_dags/example_task_group.py
[2022-05-05 06:13:11,151] {logging_mixin.py:115} INFO - [2022-05-05 06:13:11,151] {dag.py:2371} INFO - Sync 1 DAGs
[2022-05-05 06:13:11,171] {logging_mixin.py:115} INFO - [2022-05-05 06:13:11,171] {dag.py:2919} INFO - Setting next_dagrun for example_task_group to 2022-05-04T06:13:11.171711+00:00, run_after=2022-05-05T06:13:11.171711+00:00
[2022-05-05 06:13:11,186] {processor.py:161} INFO - Processing /home/airflow/.local/lib/python3.7/site-packages/airflow/example_dags/example_task_group.py took 0.182 seconds
[2022-05-05 06:13:41,267] {processor.py:153} INFO - Started process (PID=2358) to work on /home/airflow/.local/lib/python3.7/site-packages/airflow/example_dags/example_task_group.py
[2022-05-05 06:13:41,270] {processor.py:641} INFO - Processing file /home/airflow/.local/lib/python3.7/site-packages/airflow/example_dags/example_task_group.py for tasks to queue
[2022-05-05 06:13:41,271] {logging_mixin.py:115} INFO - [2022-05-05 06:13:41,271] {dagbag.py:507} INFO - Filling up the DagBag from /home/airflow/.local/lib/python3.7/site-packages/airflow/example_dags/example_task_group.py
[2022-05-05 06:13:41,276] {processor.py:651} INFO - DAG(s) dict_keys(['example_task_group']) retrieved from /home/airflow/.local/lib/python3.7/site-packages/airflow/example_dags/example_task_group.py
[2022-05-05 06:13:41,445] {logging_mixin.py:115} INFO - [2022-05-05 06:13:41,444] {dag.py:2371} INFO - Sync 1 DAGs
[2022-05-05 06:13:41,474] {logging_mixin.py:115} INFO - [2022-05-05 06:13:41,474] {dag.py:2919} INFO - Setting next_dagrun for example_task_group to 2022-05-04T06:13:41.473999+00:00, run_after=2022-05-05T06:13:41.473999+00:00
[2022-05-05 06:13:41,490] {processor.py:161} INFO - Processing /home/airflow/.local/lib/python3.7/site-packages/airflow/example_dags/example_task_group.py took 0.225 seconds
[2022-05-05 06:14:12,278] {processor.py:153} INFO - Started process (PID=2420) to work on /home/airflow/.local/lib/python3.7/site-packages/airflow/example_dags/example_task_group.py
[2022-05-05 06:14:12,278] {processor.py:641} INFO - Processing file /home/airflow/.local/lib/python3.7/site-packages/airflow/example_dags/example_task_group.py for tasks to queue
[2022-05-05 06:14:12,278] {logging_mixin.py:115} INFO - [2022-05-05 06:14:12,278] {dagbag.py:507} INFO - Filling up the DagBag from /home/airflow/.local/lib/python3.7/site-packages/airflow/example_dags/example_task_group.py
[2022-05-05 06:14:12,291] {processor.py:651} INFO - DAG(s) dict_keys(['example_task_group']) retrieved from /home/airflow/.local/lib/python3.7/site-packages/airflow/example_dags/example_task_group.py
[2022-05-05 06:14:12,319] {logging_mixin.py:115} INFO - [2022-05-05 06:14:12,319] {dag.py:2371} INFO - Sync 1 DAGs
[2022-05-05 06:14:12,342] {logging_mixin.py:115} INFO - [2022-05-05 06:14:12,342] {dag.py:2919} INFO - Setting next_dagrun for example_task_group to 2022-05-04T06:14:12.342534+00:00, run_after=2022-05-05T06:14:12.342534+00:00
[2022-05-05 06:14:12,357] {processor.py:161} INFO - Processing /home/airflow/.local/lib/python3.7/site-packages/airflow/example_dags/example_task_group.py took 0.082 seconds
[2022-05-05 06:14:43,021] {processor.py:153} INFO - Started process (PID=2481) to work on /home/airflow/.local/lib/python3.7/site-packages/airflow/example_dags/example_task_group.py
[2022-05-05 06:14:43,024] {processor.py:641} INFO - Processing file /home/airflow/.local/lib/python3.7/site-packages/airflow/example_dags/example_task_group.py for tasks to queue
[2022-05-05 06:14:43,024] {logging_mixin.py:115} INFO - [2022-05-05 06:14:43,024] {dagbag.py:507} INFO - Filling up the DagBag from /home/airflow/.local/lib/python3.7/site-packages/airflow/example_dags/example_task_group.py
[2022-05-05 06:14:43,032] {processor.py:651} INFO - DAG(s) dict_keys(['example_task_group']) retrieved from /home/airflow/.local/lib/python3.7/site-packages/airflow/example_dags/example_task_group.py
[2022-05-05 06:14:43,056] {logging_mixin.py:115} INFO - [2022-05-05 06:14:43,056] {dag.py:2371} INFO - Sync 1 DAGs
[2022-05-05 06:14:43,081] {logging_mixin.py:115} INFO - [2022-05-05 06:14:43,081] {dag.py:2919} INFO - Setting next_dagrun for example_task_group to 2022-05-04T06:14:43.081039+00:00, run_after=2022-05-05T06:14:43.081039+00:00
[2022-05-05 06:14:43,096] {processor.py:161} INFO - Processing /home/airflow/.local/lib/python3.7/site-packages/airflow/example_dags/example_task_group.py took 0.077 seconds
[2022-05-05 06:15:13,691] {processor.py:153} INFO - Started process (PID=2534) to work on /home/airflow/.local/lib/python3.7/site-packages/airflow/example_dags/example_task_group.py
[2022-05-05 06:15:13,691] {processor.py:641} INFO - Processing file /home/airflow/.local/lib/python3.7/site-packages/airflow/example_dags/example_task_group.py for tasks to queue
[2022-05-05 06:15:13,692] {logging_mixin.py:115} INFO - [2022-05-05 06:15:13,692] {dagbag.py:507} INFO - Filling up the DagBag from /home/airflow/.local/lib/python3.7/site-packages/airflow/example_dags/example_task_group.py
[2022-05-05 06:15:13,701] {processor.py:651} INFO - DAG(s) dict_keys(['example_task_group']) retrieved from /home/airflow/.local/lib/python3.7/site-packages/airflow/example_dags/example_task_group.py
[2022-05-05 06:15:13,729] {logging_mixin.py:115} INFO - [2022-05-05 06:15:13,728] {dag.py:2371} INFO - Sync 1 DAGs
[2022-05-05 06:15:13,750] {logging_mixin.py:115} INFO - [2022-05-05 06:15:13,750] {dag.py:2919} INFO - Setting next_dagrun for example_task_group to 2022-05-04T06:15:13.750301+00:00, run_after=2022-05-05T06:15:13.750301+00:00
[2022-05-05 06:15:13,765] {processor.py:161} INFO - Processing /home/airflow/.local/lib/python3.7/site-packages/airflow/example_dags/example_task_group.py took 0.078 seconds
[2022-05-05 06:15:44,542] {processor.py:153} INFO - Started process (PID=2596) to work on /home/airflow/.local/lib/python3.7/site-packages/airflow/example_dags/example_task_group.py
[2022-05-05 06:15:44,542] {processor.py:641} INFO - Processing file /home/airflow/.local/lib/python3.7/site-packages/airflow/example_dags/example_task_group.py for tasks to queue
[2022-05-05 06:15:44,543] {logging_mixin.py:115} INFO - [2022-05-05 06:15:44,543] {dagbag.py:507} INFO - Filling up the DagBag from /home/airflow/.local/lib/python3.7/site-packages/airflow/example_dags/example_task_group.py
[2022-05-05 06:15:44,549] {processor.py:651} INFO - DAG(s) dict_keys(['example_task_group']) retrieved from /home/airflow/.local/lib/python3.7/site-packages/airflow/example_dags/example_task_group.py
[2022-05-05 06:15:44,577] {logging_mixin.py:115} INFO - [2022-05-05 06:15:44,577] {dag.py:2371} INFO - Sync 1 DAGs
[2022-05-05 06:15:44,601] {logging_mixin.py:115} INFO - [2022-05-05 06:15:44,601] {dag.py:2919} INFO - Setting next_dagrun for example_task_group to 2022-05-04T06:15:44.601371+00:00, run_after=2022-05-05T06:15:44.601371+00:00
[2022-05-05 06:15:44,619] {processor.py:161} INFO - Processing /home/airflow/.local/lib/python3.7/site-packages/airflow/example_dags/example_task_group.py took 0.080 seconds
[2022-05-05 06:16:15,198] {processor.py:153} INFO - Started process (PID=2659) to work on /home/airflow/.local/lib/python3.7/site-packages/airflow/example_dags/example_task_group.py
[2022-05-05 06:16:15,198] {processor.py:641} INFO - Processing file /home/airflow/.local/lib/python3.7/site-packages/airflow/example_dags/example_task_group.py for tasks to queue
[2022-05-05 06:16:15,199] {logging_mixin.py:115} INFO - [2022-05-05 06:16:15,198] {dagbag.py:507} INFO - Filling up the DagBag from /home/airflow/.local/lib/python3.7/site-packages/airflow/example_dags/example_task_group.py
[2022-05-05 06:16:15,204] {processor.py:651} INFO - DAG(s) dict_keys(['example_task_group']) retrieved from /home/airflow/.local/lib/python3.7/site-packages/airflow/example_dags/example_task_group.py
[2022-05-05 06:16:15,229] {logging_mixin.py:115} INFO - [2022-05-05 06:16:15,229] {dag.py:2371} INFO - Sync 1 DAGs
[2022-05-05 06:16:15,253] {logging_mixin.py:115} INFO - [2022-05-05 06:16:15,253] {dag.py:2919} INFO - Setting next_dagrun for example_task_group to 2022-05-04T06:16:15.252814+00:00, run_after=2022-05-05T06:16:15.252814+00:00
[2022-05-05 06:16:15,268] {processor.py:161} INFO - Processing /home/airflow/.local/lib/python3.7/site-packages/airflow/example_dags/example_task_group.py took 0.072 seconds
[2022-05-05 06:16:45,977] {processor.py:153} INFO - Started process (PID=2712) to work on /home/airflow/.local/lib/python3.7/site-packages/airflow/example_dags/example_task_group.py
[2022-05-05 06:16:45,977] {processor.py:641} INFO - Processing file /home/airflow/.local/lib/python3.7/site-packages/airflow/example_dags/example_task_group.py for tasks to queue
[2022-05-05 06:16:45,978] {logging_mixin.py:115} INFO - [2022-05-05 06:16:45,978] {dagbag.py:507} INFO - Filling up the DagBag from /home/airflow/.local/lib/python3.7/site-packages/airflow/example_dags/example_task_group.py
[2022-05-05 06:16:45,984] {processor.py:651} INFO - DAG(s) dict_keys(['example_task_group']) retrieved from /home/airflow/.local/lib/python3.7/site-packages/airflow/example_dags/example_task_group.py
[2022-05-05 06:16:46,009] {logging_mixin.py:115} INFO - [2022-05-05 06:16:46,009] {dag.py:2371} INFO - Sync 1 DAGs
[2022-05-05 06:16:46,030] {logging_mixin.py:115} INFO - [2022-05-05 06:16:46,030] {dag.py:2919} INFO - Setting next_dagrun for example_task_group to 2022-05-04T06:16:46.030440+00:00, run_after=2022-05-05T06:16:46.030440+00:00
[2022-05-05 06:16:46,047] {processor.py:161} INFO - Processing /home/airflow/.local/lib/python3.7/site-packages/airflow/example_dags/example_task_group.py took 0.072 seconds
[2022-05-05 06:17:16,665] {processor.py:153} INFO - Started process (PID=2775) to work on /home/airflow/.local/lib/python3.7/site-packages/airflow/example_dags/example_task_group.py
[2022-05-05 06:17:16,665] {processor.py:641} INFO - Processing file /home/airflow/.local/lib/python3.7/site-packages/airflow/example_dags/example_task_group.py for tasks to queue
[2022-05-05 06:17:16,666] {logging_mixin.py:115} INFO - [2022-05-05 06:17:16,666] {dagbag.py:507} INFO - Filling up the DagBag from /home/airflow/.local/lib/python3.7/site-packages/airflow/example_dags/example_task_group.py
[2022-05-05 06:17:16,671] {processor.py:651} INFO - DAG(s) dict_keys(['example_task_group']) retrieved from /home/airflow/.local/lib/python3.7/site-packages/airflow/example_dags/example_task_group.py
[2022-05-05 06:17:16,698] {logging_mixin.py:115} INFO - [2022-05-05 06:17:16,698] {dag.py:2371} INFO - Sync 1 DAGs
[2022-05-05 06:17:16,720] {logging_mixin.py:115} INFO - [2022-05-05 06:17:16,720] {dag.py:2919} INFO - Setting next_dagrun for example_task_group to 2022-05-04T06:17:16.720202+00:00, run_after=2022-05-05T06:17:16.720202+00:00
[2022-05-05 06:17:16,733] {processor.py:161} INFO - Processing /home/airflow/.local/lib/python3.7/site-packages/airflow/example_dags/example_task_group.py took 0.071 seconds
[2022-05-05 06:17:47,263] {processor.py:153} INFO - Started process (PID=2837) to work on /home/airflow/.local/lib/python3.7/site-packages/airflow/example_dags/example_task_group.py
[2022-05-05 06:17:47,264] {processor.py:641} INFO - Processing file /home/airflow/.local/lib/python3.7/site-packages/airflow/example_dags/example_task_group.py for tasks to queue
[2022-05-05 06:17:47,264] {logging_mixin.py:115} INFO - [2022-05-05 06:17:47,264] {dagbag.py:507} INFO - Filling up the DagBag from /home/airflow/.local/lib/python3.7/site-packages/airflow/example_dags/example_task_group.py
[2022-05-05 06:17:47,271] {processor.py:651} INFO - DAG(s) dict_keys(['example_task_group']) retrieved from /home/airflow/.local/lib/python3.7/site-packages/airflow/example_dags/example_task_group.py
[2022-05-05 06:17:47,297] {logging_mixin.py:115} INFO - [2022-05-05 06:17:47,297] {dag.py:2371} INFO - Sync 1 DAGs
[2022-05-05 06:17:47,322] {logging_mixin.py:115} INFO - [2022-05-05 06:17:47,321] {dag.py:2919} INFO - Setting next_dagrun for example_task_group to 2022-05-04T06:17:47.321655+00:00, run_after=2022-05-05T06:17:47.321655+00:00
[2022-05-05 06:17:47,337] {processor.py:161} INFO - Processing /home/airflow/.local/lib/python3.7/site-packages/airflow/example_dags/example_task_group.py took 0.076 seconds
[2022-05-05 06:18:18,047] {processor.py:153} INFO - Started process (PID=2889) to work on /home/airflow/.local/lib/python3.7/site-packages/airflow/example_dags/example_task_group.py
[2022-05-05 06:18:18,047] {processor.py:641} INFO - Processing file /home/airflow/.local/lib/python3.7/site-packages/airflow/example_dags/example_task_group.py for tasks to queue
[2022-05-05 06:18:18,048] {logging_mixin.py:115} INFO - [2022-05-05 06:18:18,048] {dagbag.py:507} INFO - Filling up the DagBag from /home/airflow/.local/lib/python3.7/site-packages/airflow/example_dags/example_task_group.py
[2022-05-05 06:18:18,054] {processor.py:651} INFO - DAG(s) dict_keys(['example_task_group']) retrieved from /home/airflow/.local/lib/python3.7/site-packages/airflow/example_dags/example_task_group.py
[2022-05-05 06:18:18,083] {logging_mixin.py:115} INFO - [2022-05-05 06:18:18,083] {dag.py:2371} INFO - Sync 1 DAGs
[2022-05-05 06:18:18,108] {logging_mixin.py:115} INFO - [2022-05-05 06:18:18,108] {dag.py:2919} INFO - Setting next_dagrun for example_task_group to 2022-05-04T06:18:18.108053+00:00, run_after=2022-05-05T06:18:18.108053+00:00
[2022-05-05 06:18:18,125] {processor.py:161} INFO - Processing /home/airflow/.local/lib/python3.7/site-packages/airflow/example_dags/example_task_group.py took 0.081 seconds
[2022-05-05 06:18:48,688] {processor.py:153} INFO - Started process (PID=2953) to work on /home/airflow/.local/lib/python3.7/site-packages/airflow/example_dags/example_task_group.py
[2022-05-05 06:18:48,691] {processor.py:641} INFO - Processing file /home/airflow/.local/lib/python3.7/site-packages/airflow/example_dags/example_task_group.py for tasks to queue
[2022-05-05 06:18:48,692] {logging_mixin.py:115} INFO - [2022-05-05 06:18:48,692] {dagbag.py:507} INFO - Filling up the DagBag from /home/airflow/.local/lib/python3.7/site-packages/airflow/example_dags/example_task_group.py
[2022-05-05 06:18:48,698] {processor.py:651} INFO - DAG(s) dict_keys(['example_task_group']) retrieved from /home/airflow/.local/lib/python3.7/site-packages/airflow/example_dags/example_task_group.py
[2022-05-05 06:18:48,723] {logging_mixin.py:115} INFO - [2022-05-05 06:18:48,723] {dag.py:2371} INFO - Sync 1 DAGs
[2022-05-05 06:18:48,744] {logging_mixin.py:115} INFO - [2022-05-05 06:18:48,744] {dag.py:2919} INFO - Setting next_dagrun for example_task_group to 2022-05-04T06:18:48.744593+00:00, run_after=2022-05-05T06:18:48.744593+00:00
[2022-05-05 06:18:48,760] {processor.py:161} INFO - Processing /home/airflow/.local/lib/python3.7/site-packages/airflow/example_dags/example_task_group.py took 0.074 seconds
[2022-05-05 06:19:19,506] {processor.py:153} INFO - Started process (PID=3015) to work on /home/airflow/.local/lib/python3.7/site-packages/airflow/example_dags/example_task_group.py
[2022-05-05 06:19:19,506] {processor.py:641} INFO - Processing file /home/airflow/.local/lib/python3.7/site-packages/airflow/example_dags/example_task_group.py for tasks to queue
[2022-05-05 06:19:19,507] {logging_mixin.py:115} INFO - [2022-05-05 06:19:19,507] {dagbag.py:507} INFO - Filling up the DagBag from /home/airflow/.local/lib/python3.7/site-packages/airflow/example_dags/example_task_group.py
[2022-05-05 06:19:19,512] {processor.py:651} INFO - DAG(s) dict_keys(['example_task_group']) retrieved from /home/airflow/.local/lib/python3.7/site-packages/airflow/example_dags/example_task_group.py
[2022-05-05 06:19:19,536] {logging_mixin.py:115} INFO - [2022-05-05 06:19:19,535] {dag.py:2371} INFO - Sync 1 DAGs
[2022-05-05 06:19:19,556] {logging_mixin.py:115} INFO - [2022-05-05 06:19:19,556] {dag.py:2919} INFO - Setting next_dagrun for example_task_group to 2022-05-04T06:19:19.556432+00:00, run_after=2022-05-05T06:19:19.556432+00:00
[2022-05-05 06:19:19,573] {processor.py:161} INFO - Processing /home/airflow/.local/lib/python3.7/site-packages/airflow/example_dags/example_task_group.py took 0.070 seconds
[2022-05-05 06:19:50,274] {processor.py:153} INFO - Started process (PID=3069) to work on /home/airflow/.local/lib/python3.7/site-packages/airflow/example_dags/example_task_group.py
[2022-05-05 06:19:50,275] {processor.py:641} INFO - Processing file /home/airflow/.local/lib/python3.7/site-packages/airflow/example_dags/example_task_group.py for tasks to queue
[2022-05-05 06:19:50,276] {logging_mixin.py:115} INFO - [2022-05-05 06:19:50,276] {dagbag.py:507} INFO - Filling up the DagBag from /home/airflow/.local/lib/python3.7/site-packages/airflow/example_dags/example_task_group.py
[2022-05-05 06:19:50,281] {processor.py:651} INFO - DAG(s) dict_keys(['example_task_group']) retrieved from /home/airflow/.local/lib/python3.7/site-packages/airflow/example_dags/example_task_group.py
[2022-05-05 06:19:50,311] {logging_mixin.py:115} INFO - [2022-05-05 06:19:50,311] {dag.py:2371} INFO - Sync 1 DAGs
[2022-05-05 06:19:50,334] {logging_mixin.py:115} INFO - [2022-05-05 06:19:50,334] {dag.py:2919} INFO - Setting next_dagrun for example_task_group to 2022-05-04T06:19:50.334169+00:00, run_after=2022-05-05T06:19:50.334169+00:00
[2022-05-05 06:19:50,349] {processor.py:161} INFO - Processing /home/airflow/.local/lib/python3.7/site-packages/airflow/example_dags/example_task_group.py took 0.077 seconds
[2022-05-05 06:20:21,190] {processor.py:153} INFO - Started process (PID=3133) to work on /home/airflow/.local/lib/python3.7/site-packages/airflow/example_dags/example_task_group.py
[2022-05-05 06:20:21,190] {processor.py:641} INFO - Processing file /home/airflow/.local/lib/python3.7/site-packages/airflow/example_dags/example_task_group.py for tasks to queue
[2022-05-05 06:20:21,190] {logging_mixin.py:115} INFO - [2022-05-05 06:20:21,190] {dagbag.py:507} INFO - Filling up the DagBag from /home/airflow/.local/lib/python3.7/site-packages/airflow/example_dags/example_task_group.py
[2022-05-05 06:20:21,196] {processor.py:651} INFO - DAG(s) dict_keys(['example_task_group']) retrieved from /home/airflow/.local/lib/python3.7/site-packages/airflow/example_dags/example_task_group.py
[2022-05-05 06:20:21,222] {logging_mixin.py:115} INFO - [2022-05-05 06:20:21,222] {dag.py:2371} INFO - Sync 1 DAGs
[2022-05-05 06:20:21,247] {logging_mixin.py:115} INFO - [2022-05-05 06:20:21,247] {dag.py:2919} INFO - Setting next_dagrun for example_task_group to 2022-05-04T06:20:21.246946+00:00, run_after=2022-05-05T06:20:21.246946+00:00
[2022-05-05 06:20:21,261] {processor.py:161} INFO - Processing /home/airflow/.local/lib/python3.7/site-packages/airflow/example_dags/example_task_group.py took 0.074 seconds
[2022-05-05 06:20:51,993] {processor.py:153} INFO - Started process (PID=3196) to work on /home/airflow/.local/lib/python3.7/site-packages/airflow/example_dags/example_task_group.py
[2022-05-05 06:20:51,994] {processor.py:641} INFO - Processing file /home/airflow/.local/lib/python3.7/site-packages/airflow/example_dags/example_task_group.py for tasks to queue
[2022-05-05 06:20:51,994] {logging_mixin.py:115} INFO - [2022-05-05 06:20:51,994] {dagbag.py:507} INFO - Filling up the DagBag from /home/airflow/.local/lib/python3.7/site-packages/airflow/example_dags/example_task_group.py
[2022-05-05 06:20:52,000] {processor.py:651} INFO - DAG(s) dict_keys(['example_task_group']) retrieved from /home/airflow/.local/lib/python3.7/site-packages/airflow/example_dags/example_task_group.py
[2022-05-05 06:20:52,034] {logging_mixin.py:115} INFO - [2022-05-05 06:20:52,033] {dag.py:2371} INFO - Sync 1 DAGs
[2022-05-05 06:20:52,057] {logging_mixin.py:115} INFO - [2022-05-05 06:20:52,057] {dag.py:2919} INFO - Setting next_dagrun for example_task_group to 2022-05-04T06:20:52.056483+00:00, run_after=2022-05-05T06:20:52.056483+00:00
[2022-05-05 06:20:52,072] {processor.py:161} INFO - Processing /home/airflow/.local/lib/python3.7/site-packages/airflow/example_dags/example_task_group.py took 0.081 seconds
[2022-05-05 06:21:22,724] {processor.py:153} INFO - Started process (PID=3249) to work on /home/airflow/.local/lib/python3.7/site-packages/airflow/example_dags/example_task_group.py
[2022-05-05 06:21:22,724] {processor.py:641} INFO - Processing file /home/airflow/.local/lib/python3.7/site-packages/airflow/example_dags/example_task_group.py for tasks to queue
[2022-05-05 06:21:22,724] {logging_mixin.py:115} INFO - [2022-05-05 06:21:22,724] {dagbag.py:507} INFO - Filling up the DagBag from /home/airflow/.local/lib/python3.7/site-packages/airflow/example_dags/example_task_group.py
[2022-05-05 06:21:22,731] {processor.py:651} INFO - DAG(s) dict_keys(['example_task_group']) retrieved from /home/airflow/.local/lib/python3.7/site-packages/airflow/example_dags/example_task_group.py
[2022-05-05 06:21:22,755] {logging_mixin.py:115} INFO - [2022-05-05 06:21:22,754] {dag.py:2371} INFO - Sync 1 DAGs
[2022-05-05 06:21:22,778] {logging_mixin.py:115} INFO - [2022-05-05 06:21:22,777] {dag.py:2919} INFO - Setting next_dagrun for example_task_group to 2022-05-04T06:21:22.777681+00:00, run_after=2022-05-05T06:21:22.777681+00:00
[2022-05-05 06:21:22,793] {processor.py:161} INFO - Processing /home/airflow/.local/lib/python3.7/site-packages/airflow/example_dags/example_task_group.py took 0.071 seconds
