[2022-05-05 05:41:32,602] {processor.py:153} INFO - Started process (PID=76) to work on /home/airflow/.local/lib/python3.7/site-packages/airflow/example_dags/example_bash_operator.py
[2022-05-05 05:41:32,602] {processor.py:641} INFO - Processing file /home/airflow/.local/lib/python3.7/site-packages/airflow/example_dags/example_bash_operator.py for tasks to queue
[2022-05-05 05:41:32,603] {logging_mixin.py:115} INFO - [2022-05-05 05:41:32,602] {dagbag.py:507} INFO - Filling up the DagBag from /home/airflow/.local/lib/python3.7/site-packages/airflow/example_dags/example_bash_operator.py
[2022-05-05 05:41:32,614] {processor.py:651} INFO - DAG(s) dict_keys(['example_bash_operator']) retrieved from /home/airflow/.local/lib/python3.7/site-packages/airflow/example_dags/example_bash_operator.py
[2022-05-05 05:41:32,860] {logging_mixin.py:115} INFO - [2022-05-05 05:41:32,860] {manager.py:508} INFO - Created Permission View: can delete on DAG:example_bash_operator
[2022-05-05 05:41:32,876] {logging_mixin.py:115} INFO - [2022-05-05 05:41:32,875] {manager.py:508} INFO - Created Permission View: can edit on DAG:example_bash_operator
[2022-05-05 05:41:32,889] {logging_mixin.py:115} INFO - [2022-05-05 05:41:32,889] {manager.py:508} INFO - Created Permission View: can read on DAG:example_bash_operator
[2022-05-05 05:41:32,889] {logging_mixin.py:115} INFO - [2022-05-05 05:41:32,889] {dag.py:2371} INFO - Sync 1 DAGs
[2022-05-05 05:41:32,899] {logging_mixin.py:115} INFO - [2022-05-05 05:41:32,899] {dag.py:2390} INFO - Creating ORM DAG for example_bash_operator
[2022-05-05 05:41:32,916] {logging_mixin.py:115} INFO - [2022-05-05 05:41:32,916] {dag.py:2919} INFO - Setting next_dagrun for example_bash_operator to 2022-05-04T00:00:00+00:00, run_after=2022-05-05T00:00:00+00:00
[2022-05-05 05:41:32,943] {processor.py:161} INFO - Processing /home/airflow/.local/lib/python3.7/site-packages/airflow/example_dags/example_bash_operator.py took 0.344 seconds
[2022-05-05 05:42:02,978] {processor.py:153} INFO - Started process (PID=137) to work on /home/airflow/.local/lib/python3.7/site-packages/airflow/example_dags/example_bash_operator.py
[2022-05-05 05:42:02,979] {processor.py:641} INFO - Processing file /home/airflow/.local/lib/python3.7/site-packages/airflow/example_dags/example_bash_operator.py for tasks to queue
[2022-05-05 05:42:02,979] {logging_mixin.py:115} INFO - [2022-05-05 05:42:02,979] {dagbag.py:507} INFO - Filling up the DagBag from /home/airflow/.local/lib/python3.7/site-packages/airflow/example_dags/example_bash_operator.py
[2022-05-05 05:42:02,988] {processor.py:651} INFO - DAG(s) dict_keys(['example_bash_operator']) retrieved from /home/airflow/.local/lib/python3.7/site-packages/airflow/example_dags/example_bash_operator.py
[2022-05-05 05:42:03,014] {logging_mixin.py:115} INFO - [2022-05-05 05:42:03,014] {dag.py:2371} INFO - Sync 1 DAGs
[2022-05-05 05:42:03,150] {logging_mixin.py:115} INFO - [2022-05-05 05:42:03,149] {dag.py:2919} INFO - Setting next_dagrun for example_bash_operator to 2022-05-04T00:00:00+00:00, run_after=2022-05-05T00:00:00+00:00
[2022-05-05 05:42:03,165] {processor.py:161} INFO - Processing /home/airflow/.local/lib/python3.7/site-packages/airflow/example_dags/example_bash_operator.py took 0.189 seconds
[2022-05-05 05:42:33,427] {processor.py:153} INFO - Started process (PID=189) to work on /home/airflow/.local/lib/python3.7/site-packages/airflow/example_dags/example_bash_operator.py
[2022-05-05 05:42:33,428] {processor.py:641} INFO - Processing file /home/airflow/.local/lib/python3.7/site-packages/airflow/example_dags/example_bash_operator.py for tasks to queue
[2022-05-05 05:42:33,428] {logging_mixin.py:115} INFO - [2022-05-05 05:42:33,428] {dagbag.py:507} INFO - Filling up the DagBag from /home/airflow/.local/lib/python3.7/site-packages/airflow/example_dags/example_bash_operator.py
[2022-05-05 05:42:33,437] {processor.py:651} INFO - DAG(s) dict_keys(['example_bash_operator']) retrieved from /home/airflow/.local/lib/python3.7/site-packages/airflow/example_dags/example_bash_operator.py
[2022-05-05 05:42:33,468] {logging_mixin.py:115} INFO - [2022-05-05 05:42:33,468] {dag.py:2371} INFO - Sync 1 DAGs
[2022-05-05 05:42:33,597] {logging_mixin.py:115} INFO - [2022-05-05 05:42:33,596] {dag.py:2919} INFO - Setting next_dagrun for example_bash_operator to 2022-05-04T00:00:00+00:00, run_after=2022-05-05T00:00:00+00:00
[2022-05-05 05:42:33,611] {processor.py:161} INFO - Processing /home/airflow/.local/lib/python3.7/site-packages/airflow/example_dags/example_bash_operator.py took 0.186 seconds
[2022-05-05 05:43:04,452] {processor.py:153} INFO - Started process (PID=252) to work on /home/airflow/.local/lib/python3.7/site-packages/airflow/example_dags/example_bash_operator.py
[2022-05-05 05:43:04,453] {processor.py:641} INFO - Processing file /home/airflow/.local/lib/python3.7/site-packages/airflow/example_dags/example_bash_operator.py for tasks to queue
[2022-05-05 05:43:04,454] {logging_mixin.py:115} INFO - [2022-05-05 05:43:04,454] {dagbag.py:507} INFO - Filling up the DagBag from /home/airflow/.local/lib/python3.7/site-packages/airflow/example_dags/example_bash_operator.py
[2022-05-05 05:43:04,463] {processor.py:651} INFO - DAG(s) dict_keys(['example_bash_operator']) retrieved from /home/airflow/.local/lib/python3.7/site-packages/airflow/example_dags/example_bash_operator.py
[2022-05-05 05:43:04,493] {logging_mixin.py:115} INFO - [2022-05-05 05:43:04,493] {dag.py:2371} INFO - Sync 1 DAGs
[2022-05-05 05:43:04,621] {logging_mixin.py:115} INFO - [2022-05-05 05:43:04,621] {dag.py:2919} INFO - Setting next_dagrun for example_bash_operator to 2022-05-04T00:00:00+00:00, run_after=2022-05-05T00:00:00+00:00
[2022-05-05 05:43:04,637] {processor.py:161} INFO - Processing /home/airflow/.local/lib/python3.7/site-packages/airflow/example_dags/example_bash_operator.py took 0.188 seconds
[2022-05-05 05:43:35,539] {processor.py:153} INFO - Started process (PID=314) to work on /home/airflow/.local/lib/python3.7/site-packages/airflow/example_dags/example_bash_operator.py
[2022-05-05 05:43:35,540] {processor.py:641} INFO - Processing file /home/airflow/.local/lib/python3.7/site-packages/airflow/example_dags/example_bash_operator.py for tasks to queue
[2022-05-05 05:43:35,540] {logging_mixin.py:115} INFO - [2022-05-05 05:43:35,540] {dagbag.py:507} INFO - Filling up the DagBag from /home/airflow/.local/lib/python3.7/site-packages/airflow/example_dags/example_bash_operator.py
[2022-05-05 05:43:35,552] {processor.py:651} INFO - DAG(s) dict_keys(['example_bash_operator']) retrieved from /home/airflow/.local/lib/python3.7/site-packages/airflow/example_dags/example_bash_operator.py
[2022-05-05 05:43:35,583] {logging_mixin.py:115} INFO - [2022-05-05 05:43:35,583] {dag.py:2371} INFO - Sync 1 DAGs
[2022-05-05 05:43:35,738] {logging_mixin.py:115} INFO - [2022-05-05 05:43:35,738] {dag.py:2919} INFO - Setting next_dagrun for example_bash_operator to 2022-05-04T00:00:00+00:00, run_after=2022-05-05T00:00:00+00:00
[2022-05-05 05:43:35,758] {processor.py:161} INFO - Processing /home/airflow/.local/lib/python3.7/site-packages/airflow/example_dags/example_bash_operator.py took 0.222 seconds
[2022-05-05 05:44:06,326] {processor.py:153} INFO - Started process (PID=366) to work on /home/airflow/.local/lib/python3.7/site-packages/airflow/example_dags/example_bash_operator.py
[2022-05-05 05:44:06,326] {processor.py:641} INFO - Processing file /home/airflow/.local/lib/python3.7/site-packages/airflow/example_dags/example_bash_operator.py for tasks to queue
[2022-05-05 05:44:06,327] {logging_mixin.py:115} INFO - [2022-05-05 05:44:06,327] {dagbag.py:507} INFO - Filling up the DagBag from /home/airflow/.local/lib/python3.7/site-packages/airflow/example_dags/example_bash_operator.py
[2022-05-05 05:44:06,335] {processor.py:651} INFO - DAG(s) dict_keys(['example_bash_operator']) retrieved from /home/airflow/.local/lib/python3.7/site-packages/airflow/example_dags/example_bash_operator.py
[2022-05-05 05:44:06,365] {logging_mixin.py:115} INFO - [2022-05-05 05:44:06,364] {dag.py:2371} INFO - Sync 1 DAGs
[2022-05-05 05:44:06,479] {logging_mixin.py:115} INFO - [2022-05-05 05:44:06,479] {dag.py:2919} INFO - Setting next_dagrun for example_bash_operator to 2022-05-04T00:00:00+00:00, run_after=2022-05-05T00:00:00+00:00
[2022-05-05 05:44:06,493] {processor.py:161} INFO - Processing /home/airflow/.local/lib/python3.7/site-packages/airflow/example_dags/example_bash_operator.py took 0.169 seconds
[2022-05-05 05:44:37,020] {processor.py:153} INFO - Started process (PID=430) to work on /home/airflow/.local/lib/python3.7/site-packages/airflow/example_dags/example_bash_operator.py
[2022-05-05 05:44:37,021] {processor.py:641} INFO - Processing file /home/airflow/.local/lib/python3.7/site-packages/airflow/example_dags/example_bash_operator.py for tasks to queue
[2022-05-05 05:44:37,021] {logging_mixin.py:115} INFO - [2022-05-05 05:44:37,021] {dagbag.py:507} INFO - Filling up the DagBag from /home/airflow/.local/lib/python3.7/site-packages/airflow/example_dags/example_bash_operator.py
[2022-05-05 05:44:37,029] {processor.py:651} INFO - DAG(s) dict_keys(['example_bash_operator']) retrieved from /home/airflow/.local/lib/python3.7/site-packages/airflow/example_dags/example_bash_operator.py
[2022-05-05 05:44:37,057] {logging_mixin.py:115} INFO - [2022-05-05 05:44:37,057] {dag.py:2371} INFO - Sync 1 DAGs
[2022-05-05 05:44:37,174] {logging_mixin.py:115} INFO - [2022-05-05 05:44:37,174] {dag.py:2919} INFO - Setting next_dagrun for example_bash_operator to 2022-05-04T00:00:00+00:00, run_after=2022-05-05T00:00:00+00:00
[2022-05-05 05:44:37,186] {processor.py:161} INFO - Processing /home/airflow/.local/lib/python3.7/site-packages/airflow/example_dags/example_bash_operator.py took 0.169 seconds
[2022-05-05 05:45:07,445] {processor.py:153} INFO - Started process (PID=491) to work on /home/airflow/.local/lib/python3.7/site-packages/airflow/example_dags/example_bash_operator.py
[2022-05-05 05:45:07,445] {processor.py:641} INFO - Processing file /home/airflow/.local/lib/python3.7/site-packages/airflow/example_dags/example_bash_operator.py for tasks to queue
[2022-05-05 05:45:07,445] {logging_mixin.py:115} INFO - [2022-05-05 05:45:07,445] {dagbag.py:507} INFO - Filling up the DagBag from /home/airflow/.local/lib/python3.7/site-packages/airflow/example_dags/example_bash_operator.py
[2022-05-05 05:45:07,455] {processor.py:651} INFO - DAG(s) dict_keys(['example_bash_operator']) retrieved from /home/airflow/.local/lib/python3.7/site-packages/airflow/example_dags/example_bash_operator.py
[2022-05-05 05:45:07,480] {logging_mixin.py:115} INFO - [2022-05-05 05:45:07,480] {dag.py:2371} INFO - Sync 1 DAGs
[2022-05-05 05:45:07,603] {logging_mixin.py:115} INFO - [2022-05-05 05:45:07,603] {dag.py:2919} INFO - Setting next_dagrun for example_bash_operator to 2022-05-04T00:00:00+00:00, run_after=2022-05-05T00:00:00+00:00
[2022-05-05 05:45:07,617] {processor.py:161} INFO - Processing /home/airflow/.local/lib/python3.7/site-packages/airflow/example_dags/example_bash_operator.py took 0.175 seconds
[2022-05-05 05:45:37,918] {processor.py:153} INFO - Started process (PID=545) to work on /home/airflow/.local/lib/python3.7/site-packages/airflow/example_dags/example_bash_operator.py
[2022-05-05 05:45:37,919] {processor.py:641} INFO - Processing file /home/airflow/.local/lib/python3.7/site-packages/airflow/example_dags/example_bash_operator.py for tasks to queue
[2022-05-05 05:45:37,919] {logging_mixin.py:115} INFO - [2022-05-05 05:45:37,919] {dagbag.py:507} INFO - Filling up the DagBag from /home/airflow/.local/lib/python3.7/site-packages/airflow/example_dags/example_bash_operator.py
[2022-05-05 05:45:37,927] {processor.py:651} INFO - DAG(s) dict_keys(['example_bash_operator']) retrieved from /home/airflow/.local/lib/python3.7/site-packages/airflow/example_dags/example_bash_operator.py
[2022-05-05 05:45:37,955] {logging_mixin.py:115} INFO - [2022-05-05 05:45:37,955] {dag.py:2371} INFO - Sync 1 DAGs
[2022-05-05 05:45:38,083] {logging_mixin.py:115} INFO - [2022-05-05 05:45:38,083] {dag.py:2919} INFO - Setting next_dagrun for example_bash_operator to 2022-05-04T00:00:00+00:00, run_after=2022-05-05T00:00:00+00:00
[2022-05-05 05:45:38,095] {processor.py:161} INFO - Processing /home/airflow/.local/lib/python3.7/site-packages/airflow/example_dags/example_bash_operator.py took 0.180 seconds
[2022-05-05 05:46:08,353] {processor.py:153} INFO - Started process (PID=607) to work on /home/airflow/.local/lib/python3.7/site-packages/airflow/example_dags/example_bash_operator.py
[2022-05-05 05:46:08,354] {processor.py:641} INFO - Processing file /home/airflow/.local/lib/python3.7/site-packages/airflow/example_dags/example_bash_operator.py for tasks to queue
[2022-05-05 05:46:08,355] {logging_mixin.py:115} INFO - [2022-05-05 05:46:08,355] {dagbag.py:507} INFO - Filling up the DagBag from /home/airflow/.local/lib/python3.7/site-packages/airflow/example_dags/example_bash_operator.py
[2022-05-05 05:46:08,366] {processor.py:651} INFO - DAG(s) dict_keys(['example_bash_operator']) retrieved from /home/airflow/.local/lib/python3.7/site-packages/airflow/example_dags/example_bash_operator.py
[2022-05-05 05:46:08,397] {logging_mixin.py:115} INFO - [2022-05-05 05:46:08,397] {dag.py:2371} INFO - Sync 1 DAGs
[2022-05-05 05:46:08,539] {logging_mixin.py:115} INFO - [2022-05-05 05:46:08,539] {dag.py:2919} INFO - Setting next_dagrun for example_bash_operator to 2022-05-04T00:00:00+00:00, run_after=2022-05-05T00:00:00+00:00
[2022-05-05 05:46:08,552] {processor.py:161} INFO - Processing /home/airflow/.local/lib/python3.7/site-packages/airflow/example_dags/example_bash_operator.py took 0.201 seconds
[2022-05-05 05:46:39,061] {processor.py:153} INFO - Started process (PID=670) to work on /home/airflow/.local/lib/python3.7/site-packages/airflow/example_dags/example_bash_operator.py
[2022-05-05 05:46:39,061] {processor.py:641} INFO - Processing file /home/airflow/.local/lib/python3.7/site-packages/airflow/example_dags/example_bash_operator.py for tasks to queue
[2022-05-05 05:46:39,062] {logging_mixin.py:115} INFO - [2022-05-05 05:46:39,062] {dagbag.py:507} INFO - Filling up the DagBag from /home/airflow/.local/lib/python3.7/site-packages/airflow/example_dags/example_bash_operator.py
[2022-05-05 05:46:39,076] {processor.py:651} INFO - DAG(s) dict_keys(['example_bash_operator']) retrieved from /home/airflow/.local/lib/python3.7/site-packages/airflow/example_dags/example_bash_operator.py
[2022-05-05 05:46:39,220] {logging_mixin.py:115} INFO - [2022-05-05 05:46:39,219] {dag.py:2371} INFO - Sync 1 DAGs
[2022-05-05 05:46:39,245] {logging_mixin.py:115} INFO - [2022-05-05 05:46:39,244] {dag.py:2919} INFO - Setting next_dagrun for example_bash_operator to 2022-05-04T00:00:00+00:00, run_after=2022-05-05T00:00:00+00:00
[2022-05-05 05:46:39,260] {processor.py:161} INFO - Processing /home/airflow/.local/lib/python3.7/site-packages/airflow/example_dags/example_bash_operator.py took 0.203 seconds
[2022-05-05 05:47:09,602] {processor.py:153} INFO - Started process (PID=723) to work on /home/airflow/.local/lib/python3.7/site-packages/airflow/example_dags/example_bash_operator.py
[2022-05-05 05:47:09,603] {processor.py:641} INFO - Processing file /home/airflow/.local/lib/python3.7/site-packages/airflow/example_dags/example_bash_operator.py for tasks to queue
[2022-05-05 05:47:09,604] {logging_mixin.py:115} INFO - [2022-05-05 05:47:09,604] {dagbag.py:507} INFO - Filling up the DagBag from /home/airflow/.local/lib/python3.7/site-packages/airflow/example_dags/example_bash_operator.py
[2022-05-05 05:47:09,613] {processor.py:651} INFO - DAG(s) dict_keys(['example_bash_operator']) retrieved from /home/airflow/.local/lib/python3.7/site-packages/airflow/example_dags/example_bash_operator.py
[2022-05-05 05:47:09,638] {logging_mixin.py:115} INFO - [2022-05-05 05:47:09,637] {dag.py:2371} INFO - Sync 1 DAGs
[2022-05-05 05:47:09,757] {logging_mixin.py:115} INFO - [2022-05-05 05:47:09,757] {dag.py:2919} INFO - Setting next_dagrun for example_bash_operator to 2022-05-04T00:00:00+00:00, run_after=2022-05-05T00:00:00+00:00
[2022-05-05 05:47:09,770] {processor.py:161} INFO - Processing /home/airflow/.local/lib/python3.7/site-packages/airflow/example_dags/example_bash_operator.py took 0.170 seconds
[2022-05-05 05:47:40,497] {processor.py:153} INFO - Started process (PID=786) to work on /home/airflow/.local/lib/python3.7/site-packages/airflow/example_dags/example_bash_operator.py
[2022-05-05 05:47:40,497] {processor.py:641} INFO - Processing file /home/airflow/.local/lib/python3.7/site-packages/airflow/example_dags/example_bash_operator.py for tasks to queue
[2022-05-05 05:47:40,497] {logging_mixin.py:115} INFO - [2022-05-05 05:47:40,497] {dagbag.py:507} INFO - Filling up the DagBag from /home/airflow/.local/lib/python3.7/site-packages/airflow/example_dags/example_bash_operator.py
[2022-05-05 05:47:40,506] {processor.py:651} INFO - DAG(s) dict_keys(['example_bash_operator']) retrieved from /home/airflow/.local/lib/python3.7/site-packages/airflow/example_dags/example_bash_operator.py
[2022-05-05 05:47:40,648] {logging_mixin.py:115} INFO - [2022-05-05 05:47:40,647] {dag.py:2371} INFO - Sync 1 DAGs
[2022-05-05 05:47:40,669] {logging_mixin.py:115} INFO - [2022-05-05 05:47:40,669] {dag.py:2919} INFO - Setting next_dagrun for example_bash_operator to 2022-05-04T00:00:00+00:00, run_after=2022-05-05T00:00:00+00:00
[2022-05-05 05:47:40,683] {processor.py:161} INFO - Processing /home/airflow/.local/lib/python3.7/site-packages/airflow/example_dags/example_bash_operator.py took 0.188 seconds
[2022-05-05 05:48:11,256] {processor.py:153} INFO - Started process (PID=847) to work on /home/airflow/.local/lib/python3.7/site-packages/airflow/example_dags/example_bash_operator.py
[2022-05-05 05:48:11,257] {processor.py:641} INFO - Processing file /home/airflow/.local/lib/python3.7/site-packages/airflow/example_dags/example_bash_operator.py for tasks to queue
[2022-05-05 05:48:11,258] {logging_mixin.py:115} INFO - [2022-05-05 05:48:11,258] {dagbag.py:507} INFO - Filling up the DagBag from /home/airflow/.local/lib/python3.7/site-packages/airflow/example_dags/example_bash_operator.py
[2022-05-05 05:48:11,267] {processor.py:651} INFO - DAG(s) dict_keys(['example_bash_operator']) retrieved from /home/airflow/.local/lib/python3.7/site-packages/airflow/example_dags/example_bash_operator.py
[2022-05-05 05:48:11,393] {logging_mixin.py:115} INFO - [2022-05-05 05:48:11,393] {dag.py:2371} INFO - Sync 1 DAGs
[2022-05-05 05:48:11,414] {logging_mixin.py:115} INFO - [2022-05-05 05:48:11,413] {dag.py:2919} INFO - Setting next_dagrun for example_bash_operator to 2022-05-04T00:00:00+00:00, run_after=2022-05-05T00:00:00+00:00
[2022-05-05 05:48:11,426] {processor.py:161} INFO - Processing /home/airflow/.local/lib/python3.7/site-packages/airflow/example_dags/example_bash_operator.py took 0.171 seconds
[2022-05-05 05:48:41,885] {processor.py:153} INFO - Started process (PID=899) to work on /home/airflow/.local/lib/python3.7/site-packages/airflow/example_dags/example_bash_operator.py
[2022-05-05 05:48:41,886] {processor.py:641} INFO - Processing file /home/airflow/.local/lib/python3.7/site-packages/airflow/example_dags/example_bash_operator.py for tasks to queue
[2022-05-05 05:48:41,886] {logging_mixin.py:115} INFO - [2022-05-05 05:48:41,886] {dagbag.py:507} INFO - Filling up the DagBag from /home/airflow/.local/lib/python3.7/site-packages/airflow/example_dags/example_bash_operator.py
[2022-05-05 05:48:41,895] {processor.py:651} INFO - DAG(s) dict_keys(['example_bash_operator']) retrieved from /home/airflow/.local/lib/python3.7/site-packages/airflow/example_dags/example_bash_operator.py
[2022-05-05 05:48:41,921] {logging_mixin.py:115} INFO - [2022-05-05 05:48:41,921] {dag.py:2371} INFO - Sync 1 DAGs
[2022-05-05 05:48:42,041] {logging_mixin.py:115} INFO - [2022-05-05 05:48:42,041] {dag.py:2919} INFO - Setting next_dagrun for example_bash_operator to 2022-05-04T00:00:00+00:00, run_after=2022-05-05T00:00:00+00:00
[2022-05-05 05:48:42,056] {processor.py:161} INFO - Processing /home/airflow/.local/lib/python3.7/site-packages/airflow/example_dags/example_bash_operator.py took 0.173 seconds
[2022-05-05 05:49:12,346] {processor.py:153} INFO - Started process (PID=963) to work on /home/airflow/.local/lib/python3.7/site-packages/airflow/example_dags/example_bash_operator.py
[2022-05-05 05:49:12,347] {processor.py:641} INFO - Processing file /home/airflow/.local/lib/python3.7/site-packages/airflow/example_dags/example_bash_operator.py for tasks to queue
[2022-05-05 05:49:12,348] {logging_mixin.py:115} INFO - [2022-05-05 05:49:12,348] {dagbag.py:507} INFO - Filling up the DagBag from /home/airflow/.local/lib/python3.7/site-packages/airflow/example_dags/example_bash_operator.py
[2022-05-05 05:49:12,361] {processor.py:651} INFO - DAG(s) dict_keys(['example_bash_operator']) retrieved from /home/airflow/.local/lib/python3.7/site-packages/airflow/example_dags/example_bash_operator.py
[2022-05-05 05:49:12,531] {logging_mixin.py:115} INFO - [2022-05-05 05:49:12,531] {dag.py:2371} INFO - Sync 1 DAGs
[2022-05-05 05:49:12,561] {logging_mixin.py:115} INFO - [2022-05-05 05:49:12,561] {dag.py:2919} INFO - Setting next_dagrun for example_bash_operator to 2022-05-04T00:00:00+00:00, run_after=2022-05-05T00:00:00+00:00
[2022-05-05 05:49:12,576] {processor.py:161} INFO - Processing /home/airflow/.local/lib/python3.7/site-packages/airflow/example_dags/example_bash_operator.py took 0.232 seconds
[2022-05-05 05:49:42,967] {processor.py:153} INFO - Started process (PID=1026) to work on /home/airflow/.local/lib/python3.7/site-packages/airflow/example_dags/example_bash_operator.py
[2022-05-05 05:49:42,968] {processor.py:641} INFO - Processing file /home/airflow/.local/lib/python3.7/site-packages/airflow/example_dags/example_bash_operator.py for tasks to queue
[2022-05-05 05:49:42,968] {logging_mixin.py:115} INFO - [2022-05-05 05:49:42,968] {dagbag.py:507} INFO - Filling up the DagBag from /home/airflow/.local/lib/python3.7/site-packages/airflow/example_dags/example_bash_operator.py
[2022-05-05 05:49:42,980] {processor.py:651} INFO - DAG(s) dict_keys(['example_bash_operator']) retrieved from /home/airflow/.local/lib/python3.7/site-packages/airflow/example_dags/example_bash_operator.py
[2022-05-05 05:49:43,128] {logging_mixin.py:115} INFO - [2022-05-05 05:49:43,128] {dag.py:2371} INFO - Sync 1 DAGs
[2022-05-05 05:49:43,149] {logging_mixin.py:115} INFO - [2022-05-05 05:49:43,149] {dag.py:2919} INFO - Setting next_dagrun for example_bash_operator to 2022-05-04T00:00:00+00:00, run_after=2022-05-05T00:00:00+00:00
[2022-05-05 05:49:43,161] {processor.py:161} INFO - Processing /home/airflow/.local/lib/python3.7/site-packages/airflow/example_dags/example_bash_operator.py took 0.196 seconds
[2022-05-05 05:50:13,464] {processor.py:153} INFO - Started process (PID=1079) to work on /home/airflow/.local/lib/python3.7/site-packages/airflow/example_dags/example_bash_operator.py
[2022-05-05 05:50:13,465] {processor.py:641} INFO - Processing file /home/airflow/.local/lib/python3.7/site-packages/airflow/example_dags/example_bash_operator.py for tasks to queue
[2022-05-05 05:50:13,466] {logging_mixin.py:115} INFO - [2022-05-05 05:50:13,465] {dagbag.py:507} INFO - Filling up the DagBag from /home/airflow/.local/lib/python3.7/site-packages/airflow/example_dags/example_bash_operator.py
[2022-05-05 05:50:13,476] {processor.py:651} INFO - DAG(s) dict_keys(['example_bash_operator']) retrieved from /home/airflow/.local/lib/python3.7/site-packages/airflow/example_dags/example_bash_operator.py
[2022-05-05 05:50:13,600] {logging_mixin.py:115} INFO - [2022-05-05 05:50:13,600] {dag.py:2371} INFO - Sync 1 DAGs
[2022-05-05 05:50:13,621] {logging_mixin.py:115} INFO - [2022-05-05 05:50:13,621] {dag.py:2919} INFO - Setting next_dagrun for example_bash_operator to 2022-05-04T00:00:00+00:00, run_after=2022-05-05T00:00:00+00:00
[2022-05-05 05:50:13,634] {processor.py:161} INFO - Processing /home/airflow/.local/lib/python3.7/site-packages/airflow/example_dags/example_bash_operator.py took 0.172 seconds
[2022-05-05 05:50:43,710] {processor.py:153} INFO - Started process (PID=1142) to work on /home/airflow/.local/lib/python3.7/site-packages/airflow/example_dags/example_bash_operator.py
[2022-05-05 05:50:43,711] {processor.py:641} INFO - Processing file /home/airflow/.local/lib/python3.7/site-packages/airflow/example_dags/example_bash_operator.py for tasks to queue
[2022-05-05 05:50:43,711] {logging_mixin.py:115} INFO - [2022-05-05 05:50:43,711] {dagbag.py:507} INFO - Filling up the DagBag from /home/airflow/.local/lib/python3.7/site-packages/airflow/example_dags/example_bash_operator.py
[2022-05-05 05:50:43,719] {processor.py:651} INFO - DAG(s) dict_keys(['example_bash_operator']) retrieved from /home/airflow/.local/lib/python3.7/site-packages/airflow/example_dags/example_bash_operator.py
[2022-05-05 05:50:43,840] {logging_mixin.py:115} INFO - [2022-05-05 05:50:43,840] {dag.py:2371} INFO - Sync 1 DAGs
[2022-05-05 05:50:43,861] {logging_mixin.py:115} INFO - [2022-05-05 05:50:43,860] {dag.py:2919} INFO - Setting next_dagrun for example_bash_operator to 2022-05-04T00:00:00+00:00, run_after=2022-05-05T00:00:00+00:00
[2022-05-05 05:50:43,873] {processor.py:161} INFO - Processing /home/airflow/.local/lib/python3.7/site-packages/airflow/example_dags/example_bash_operator.py took 0.165 seconds
[2022-05-05 05:52:22,871] {processor.py:153} INFO - Started process (PID=77) to work on /home/airflow/.local/lib/python3.7/site-packages/airflow/example_dags/example_bash_operator.py
[2022-05-05 05:52:22,873] {processor.py:641} INFO - Processing file /home/airflow/.local/lib/python3.7/site-packages/airflow/example_dags/example_bash_operator.py for tasks to queue
[2022-05-05 05:52:22,874] {logging_mixin.py:115} INFO - [2022-05-05 05:52:22,874] {dagbag.py:507} INFO - Filling up the DagBag from /home/airflow/.local/lib/python3.7/site-packages/airflow/example_dags/example_bash_operator.py
[2022-05-05 05:52:22,894] {processor.py:651} INFO - DAG(s) dict_keys(['example_bash_operator']) retrieved from /home/airflow/.local/lib/python3.7/site-packages/airflow/example_dags/example_bash_operator.py
[2022-05-05 05:52:22,934] {logging_mixin.py:115} INFO - [2022-05-05 05:52:22,933] {dag.py:2371} INFO - Sync 1 DAGs
[2022-05-05 05:52:23,159] {logging_mixin.py:115} INFO - [2022-05-05 05:52:23,159] {dag.py:2919} INFO - Setting next_dagrun for example_bash_operator to 2022-05-04T00:00:00+00:00, run_after=2022-05-05T00:00:00+00:00
[2022-05-05 05:52:23,179] {processor.py:161} INFO - Processing /home/airflow/.local/lib/python3.7/site-packages/airflow/example_dags/example_bash_operator.py took 0.312 seconds
[2022-05-05 05:52:53,279] {processor.py:153} INFO - Started process (PID=140) to work on /home/airflow/.local/lib/python3.7/site-packages/airflow/example_dags/example_bash_operator.py
[2022-05-05 05:52:53,280] {processor.py:641} INFO - Processing file /home/airflow/.local/lib/python3.7/site-packages/airflow/example_dags/example_bash_operator.py for tasks to queue
[2022-05-05 05:52:53,281] {logging_mixin.py:115} INFO - [2022-05-05 05:52:53,281] {dagbag.py:507} INFO - Filling up the DagBag from /home/airflow/.local/lib/python3.7/site-packages/airflow/example_dags/example_bash_operator.py
[2022-05-05 05:52:53,293] {processor.py:651} INFO - DAG(s) dict_keys(['example_bash_operator']) retrieved from /home/airflow/.local/lib/python3.7/site-packages/airflow/example_dags/example_bash_operator.py
[2022-05-05 05:52:53,325] {logging_mixin.py:115} INFO - [2022-05-05 05:52:53,325] {dag.py:2371} INFO - Sync 1 DAGs
[2022-05-05 05:52:53,490] {logging_mixin.py:115} INFO - [2022-05-05 05:52:53,489] {dag.py:2919} INFO - Setting next_dagrun for example_bash_operator to 2022-05-04T00:00:00+00:00, run_after=2022-05-05T00:00:00+00:00
[2022-05-05 05:52:53,509] {processor.py:161} INFO - Processing /home/airflow/.local/lib/python3.7/site-packages/airflow/example_dags/example_bash_operator.py took 0.232 seconds
[2022-05-05 05:53:51,089] {processor.py:153} INFO - Started process (PID=77) to work on /home/airflow/.local/lib/python3.7/site-packages/airflow/example_dags/example_bash_operator.py
[2022-05-05 05:53:51,091] {processor.py:641} INFO - Processing file /home/airflow/.local/lib/python3.7/site-packages/airflow/example_dags/example_bash_operator.py for tasks to queue
[2022-05-05 05:53:51,092] {logging_mixin.py:115} INFO - [2022-05-05 05:53:51,091] {dagbag.py:507} INFO - Filling up the DagBag from /home/airflow/.local/lib/python3.7/site-packages/airflow/example_dags/example_bash_operator.py
[2022-05-05 05:53:51,104] {processor.py:651} INFO - DAG(s) dict_keys(['example_bash_operator']) retrieved from /home/airflow/.local/lib/python3.7/site-packages/airflow/example_dags/example_bash_operator.py
[2022-05-05 05:53:51,134] {logging_mixin.py:115} INFO - [2022-05-05 05:53:51,134] {dag.py:2371} INFO - Sync 1 DAGs
[2022-05-05 05:53:51,286] {logging_mixin.py:115} INFO - [2022-05-05 05:53:51,286] {dag.py:2919} INFO - Setting next_dagrun for example_bash_operator to 2022-05-04T00:00:00+00:00, run_after=2022-05-05T00:00:00+00:00
[2022-05-05 05:53:51,300] {processor.py:161} INFO - Processing /home/airflow/.local/lib/python3.7/site-packages/airflow/example_dags/example_bash_operator.py took 0.213 seconds
[2022-05-05 05:54:21,391] {processor.py:153} INFO - Started process (PID=140) to work on /home/airflow/.local/lib/python3.7/site-packages/airflow/example_dags/example_bash_operator.py
[2022-05-05 05:54:21,392] {processor.py:641} INFO - Processing file /home/airflow/.local/lib/python3.7/site-packages/airflow/example_dags/example_bash_operator.py for tasks to queue
[2022-05-05 05:54:21,392] {logging_mixin.py:115} INFO - [2022-05-05 05:54:21,392] {dagbag.py:507} INFO - Filling up the DagBag from /home/airflow/.local/lib/python3.7/site-packages/airflow/example_dags/example_bash_operator.py
[2022-05-05 05:54:21,402] {processor.py:651} INFO - DAG(s) dict_keys(['example_bash_operator']) retrieved from /home/airflow/.local/lib/python3.7/site-packages/airflow/example_dags/example_bash_operator.py
[2022-05-05 05:54:21,430] {logging_mixin.py:115} INFO - [2022-05-05 05:54:21,430] {dag.py:2371} INFO - Sync 1 DAGs
[2022-05-05 05:54:21,562] {logging_mixin.py:115} INFO - [2022-05-05 05:54:21,562] {dag.py:2919} INFO - Setting next_dagrun for example_bash_operator to 2022-05-04T00:00:00+00:00, run_after=2022-05-05T00:00:00+00:00
[2022-05-05 05:54:21,576] {processor.py:161} INFO - Processing /home/airflow/.local/lib/python3.7/site-packages/airflow/example_dags/example_bash_operator.py took 0.187 seconds
[2022-05-05 05:54:52,064] {processor.py:153} INFO - Started process (PID=193) to work on /home/airflow/.local/lib/python3.7/site-packages/airflow/example_dags/example_bash_operator.py
[2022-05-05 05:54:52,065] {processor.py:641} INFO - Processing file /home/airflow/.local/lib/python3.7/site-packages/airflow/example_dags/example_bash_operator.py for tasks to queue
[2022-05-05 05:54:52,066] {logging_mixin.py:115} INFO - [2022-05-05 05:54:52,066] {dagbag.py:507} INFO - Filling up the DagBag from /home/airflow/.local/lib/python3.7/site-packages/airflow/example_dags/example_bash_operator.py
[2022-05-05 05:54:52,075] {processor.py:651} INFO - DAG(s) dict_keys(['example_bash_operator']) retrieved from /home/airflow/.local/lib/python3.7/site-packages/airflow/example_dags/example_bash_operator.py
[2022-05-05 05:54:52,105] {logging_mixin.py:115} INFO - [2022-05-05 05:54:52,105] {dag.py:2371} INFO - Sync 1 DAGs
[2022-05-05 05:54:52,228] {logging_mixin.py:115} INFO - [2022-05-05 05:54:52,228] {dag.py:2919} INFO - Setting next_dagrun for example_bash_operator to 2022-05-04T00:00:00+00:00, run_after=2022-05-05T00:00:00+00:00
[2022-05-05 05:54:52,242] {processor.py:161} INFO - Processing /home/airflow/.local/lib/python3.7/site-packages/airflow/example_dags/example_bash_operator.py took 0.180 seconds
[2022-05-05 05:55:22,677] {processor.py:153} INFO - Started process (PID=255) to work on /home/airflow/.local/lib/python3.7/site-packages/airflow/example_dags/example_bash_operator.py
[2022-05-05 05:55:22,677] {processor.py:641} INFO - Processing file /home/airflow/.local/lib/python3.7/site-packages/airflow/example_dags/example_bash_operator.py for tasks to queue
[2022-05-05 05:55:22,678] {logging_mixin.py:115} INFO - [2022-05-05 05:55:22,678] {dagbag.py:507} INFO - Filling up the DagBag from /home/airflow/.local/lib/python3.7/site-packages/airflow/example_dags/example_bash_operator.py
[2022-05-05 05:55:22,686] {processor.py:651} INFO - DAG(s) dict_keys(['example_bash_operator']) retrieved from /home/airflow/.local/lib/python3.7/site-packages/airflow/example_dags/example_bash_operator.py
[2022-05-05 05:55:22,714] {logging_mixin.py:115} INFO - [2022-05-05 05:55:22,713] {dag.py:2371} INFO - Sync 1 DAGs
[2022-05-05 05:55:22,836] {logging_mixin.py:115} INFO - [2022-05-05 05:55:22,836] {dag.py:2919} INFO - Setting next_dagrun for example_bash_operator to 2022-05-04T00:00:00+00:00, run_after=2022-05-05T00:00:00+00:00
[2022-05-05 05:55:22,851] {processor.py:161} INFO - Processing /home/airflow/.local/lib/python3.7/site-packages/airflow/example_dags/example_bash_operator.py took 0.176 seconds
[2022-05-05 05:55:53,417] {processor.py:153} INFO - Started process (PID=317) to work on /home/airflow/.local/lib/python3.7/site-packages/airflow/example_dags/example_bash_operator.py
[2022-05-05 05:55:53,418] {processor.py:641} INFO - Processing file /home/airflow/.local/lib/python3.7/site-packages/airflow/example_dags/example_bash_operator.py for tasks to queue
[2022-05-05 05:55:53,419] {logging_mixin.py:115} INFO - [2022-05-05 05:55:53,419] {dagbag.py:507} INFO - Filling up the DagBag from /home/airflow/.local/lib/python3.7/site-packages/airflow/example_dags/example_bash_operator.py
[2022-05-05 05:55:53,428] {processor.py:651} INFO - DAG(s) dict_keys(['example_bash_operator']) retrieved from /home/airflow/.local/lib/python3.7/site-packages/airflow/example_dags/example_bash_operator.py
[2022-05-05 05:55:53,458] {logging_mixin.py:115} INFO - [2022-05-05 05:55:53,458] {dag.py:2371} INFO - Sync 1 DAGs
[2022-05-05 05:55:53,583] {logging_mixin.py:115} INFO - [2022-05-05 05:55:53,583] {dag.py:2919} INFO - Setting next_dagrun for example_bash_operator to 2022-05-04T00:00:00+00:00, run_after=2022-05-05T00:00:00+00:00
[2022-05-05 05:55:53,597] {processor.py:161} INFO - Processing /home/airflow/.local/lib/python3.7/site-packages/airflow/example_dags/example_bash_operator.py took 0.182 seconds
[2022-05-05 05:56:24,302] {processor.py:153} INFO - Started process (PID=370) to work on /home/airflow/.local/lib/python3.7/site-packages/airflow/example_dags/example_bash_operator.py
[2022-05-05 05:56:24,302] {processor.py:641} INFO - Processing file /home/airflow/.local/lib/python3.7/site-packages/airflow/example_dags/example_bash_operator.py for tasks to queue
[2022-05-05 05:56:24,302] {logging_mixin.py:115} INFO - [2022-05-05 05:56:24,302] {dagbag.py:507} INFO - Filling up the DagBag from /home/airflow/.local/lib/python3.7/site-packages/airflow/example_dags/example_bash_operator.py
[2022-05-05 05:56:24,312] {processor.py:651} INFO - DAG(s) dict_keys(['example_bash_operator']) retrieved from /home/airflow/.local/lib/python3.7/site-packages/airflow/example_dags/example_bash_operator.py
[2022-05-05 05:56:24,337] {logging_mixin.py:115} INFO - [2022-05-05 05:56:24,336] {dag.py:2371} INFO - Sync 1 DAGs
[2022-05-05 05:56:24,461] {logging_mixin.py:115} INFO - [2022-05-05 05:56:24,461] {dag.py:2919} INFO - Setting next_dagrun for example_bash_operator to 2022-05-04T00:00:00+00:00, run_after=2022-05-05T00:00:00+00:00
[2022-05-05 05:56:24,476] {processor.py:161} INFO - Processing /home/airflow/.local/lib/python3.7/site-packages/airflow/example_dags/example_bash_operator.py took 0.177 seconds
[2022-05-05 05:56:54,706] {processor.py:153} INFO - Started process (PID=432) to work on /home/airflow/.local/lib/python3.7/site-packages/airflow/example_dags/example_bash_operator.py
[2022-05-05 05:56:54,707] {processor.py:641} INFO - Processing file /home/airflow/.local/lib/python3.7/site-packages/airflow/example_dags/example_bash_operator.py for tasks to queue
[2022-05-05 05:56:54,707] {logging_mixin.py:115} INFO - [2022-05-05 05:56:54,707] {dagbag.py:507} INFO - Filling up the DagBag from /home/airflow/.local/lib/python3.7/site-packages/airflow/example_dags/example_bash_operator.py
[2022-05-05 05:56:54,717] {processor.py:651} INFO - DAG(s) dict_keys(['example_bash_operator']) retrieved from /home/airflow/.local/lib/python3.7/site-packages/airflow/example_dags/example_bash_operator.py
[2022-05-05 05:56:54,743] {logging_mixin.py:115} INFO - [2022-05-05 05:56:54,743] {dag.py:2371} INFO - Sync 1 DAGs
[2022-05-05 05:56:54,869] {logging_mixin.py:115} INFO - [2022-05-05 05:56:54,868] {dag.py:2919} INFO - Setting next_dagrun for example_bash_operator to 2022-05-04T00:00:00+00:00, run_after=2022-05-05T00:00:00+00:00
[2022-05-05 05:56:54,883] {processor.py:161} INFO - Processing /home/airflow/.local/lib/python3.7/site-packages/airflow/example_dags/example_bash_operator.py took 0.178 seconds
[2022-05-05 05:57:24,938] {processor.py:153} INFO - Started process (PID=494) to work on /home/airflow/.local/lib/python3.7/site-packages/airflow/example_dags/example_bash_operator.py
[2022-05-05 05:57:24,939] {processor.py:641} INFO - Processing file /home/airflow/.local/lib/python3.7/site-packages/airflow/example_dags/example_bash_operator.py for tasks to queue
[2022-05-05 05:57:24,939] {logging_mixin.py:115} INFO - [2022-05-05 05:57:24,939] {dagbag.py:507} INFO - Filling up the DagBag from /home/airflow/.local/lib/python3.7/site-packages/airflow/example_dags/example_bash_operator.py
[2022-05-05 05:57:24,948] {processor.py:651} INFO - DAG(s) dict_keys(['example_bash_operator']) retrieved from /home/airflow/.local/lib/python3.7/site-packages/airflow/example_dags/example_bash_operator.py
[2022-05-05 05:57:24,979] {logging_mixin.py:115} INFO - [2022-05-05 05:57:24,979] {dag.py:2371} INFO - Sync 1 DAGs
[2022-05-05 05:57:25,098] {logging_mixin.py:115} INFO - [2022-05-05 05:57:25,098] {dag.py:2919} INFO - Setting next_dagrun for example_bash_operator to 2022-05-04T00:00:00+00:00, run_after=2022-05-05T00:00:00+00:00
[2022-05-05 05:57:25,110] {processor.py:161} INFO - Processing /home/airflow/.local/lib/python3.7/site-packages/airflow/example_dags/example_bash_operator.py took 0.175 seconds
[2022-05-05 05:57:55,379] {processor.py:153} INFO - Started process (PID=547) to work on /home/airflow/.local/lib/python3.7/site-packages/airflow/example_dags/example_bash_operator.py
[2022-05-05 05:57:55,380] {processor.py:641} INFO - Processing file /home/airflow/.local/lib/python3.7/site-packages/airflow/example_dags/example_bash_operator.py for tasks to queue
[2022-05-05 05:57:55,380] {logging_mixin.py:115} INFO - [2022-05-05 05:57:55,380] {dagbag.py:507} INFO - Filling up the DagBag from /home/airflow/.local/lib/python3.7/site-packages/airflow/example_dags/example_bash_operator.py
[2022-05-05 05:57:55,388] {processor.py:651} INFO - DAG(s) dict_keys(['example_bash_operator']) retrieved from /home/airflow/.local/lib/python3.7/site-packages/airflow/example_dags/example_bash_operator.py
[2022-05-05 05:57:55,413] {logging_mixin.py:115} INFO - [2022-05-05 05:57:55,413] {dag.py:2371} INFO - Sync 1 DAGs
[2022-05-05 05:57:55,526] {logging_mixin.py:115} INFO - [2022-05-05 05:57:55,526] {dag.py:2919} INFO - Setting next_dagrun for example_bash_operator to 2022-05-04T00:00:00+00:00, run_after=2022-05-05T00:00:00+00:00
[2022-05-05 05:57:55,539] {processor.py:161} INFO - Processing /home/airflow/.local/lib/python3.7/site-packages/airflow/example_dags/example_bash_operator.py took 0.162 seconds
[2022-05-05 05:58:25,612] {processor.py:153} INFO - Started process (PID=610) to work on /home/airflow/.local/lib/python3.7/site-packages/airflow/example_dags/example_bash_operator.py
[2022-05-05 05:58:25,613] {processor.py:641} INFO - Processing file /home/airflow/.local/lib/python3.7/site-packages/airflow/example_dags/example_bash_operator.py for tasks to queue
[2022-05-05 05:58:25,613] {logging_mixin.py:115} INFO - [2022-05-05 05:58:25,613] {dagbag.py:507} INFO - Filling up the DagBag from /home/airflow/.local/lib/python3.7/site-packages/airflow/example_dags/example_bash_operator.py
[2022-05-05 05:58:25,622] {processor.py:651} INFO - DAG(s) dict_keys(['example_bash_operator']) retrieved from /home/airflow/.local/lib/python3.7/site-packages/airflow/example_dags/example_bash_operator.py
[2022-05-05 05:58:25,654] {logging_mixin.py:115} INFO - [2022-05-05 05:58:25,654] {dag.py:2371} INFO - Sync 1 DAGs
[2022-05-05 05:58:25,783] {logging_mixin.py:115} INFO - [2022-05-05 05:58:25,783] {dag.py:2919} INFO - Setting next_dagrun for example_bash_operator to 2022-05-04T00:00:00+00:00, run_after=2022-05-05T00:00:00+00:00
[2022-05-05 05:58:25,797] {processor.py:161} INFO - Processing /home/airflow/.local/lib/python3.7/site-packages/airflow/example_dags/example_bash_operator.py took 0.188 seconds
[2022-05-05 05:58:56,112] {processor.py:153} INFO - Started process (PID=671) to work on /home/airflow/.local/lib/python3.7/site-packages/airflow/example_dags/example_bash_operator.py
[2022-05-05 05:58:56,112] {processor.py:641} INFO - Processing file /home/airflow/.local/lib/python3.7/site-packages/airflow/example_dags/example_bash_operator.py for tasks to queue
[2022-05-05 05:58:56,113] {logging_mixin.py:115} INFO - [2022-05-05 05:58:56,113] {dagbag.py:507} INFO - Filling up the DagBag from /home/airflow/.local/lib/python3.7/site-packages/airflow/example_dags/example_bash_operator.py
[2022-05-05 05:58:56,121] {processor.py:651} INFO - DAG(s) dict_keys(['example_bash_operator']) retrieved from /home/airflow/.local/lib/python3.7/site-packages/airflow/example_dags/example_bash_operator.py
[2022-05-05 05:58:56,147] {logging_mixin.py:115} INFO - [2022-05-05 05:58:56,147] {dag.py:2371} INFO - Sync 1 DAGs
[2022-05-05 05:58:56,264] {logging_mixin.py:115} INFO - [2022-05-05 05:58:56,264] {dag.py:2919} INFO - Setting next_dagrun for example_bash_operator to 2022-05-04T00:00:00+00:00, run_after=2022-05-05T00:00:00+00:00
[2022-05-05 05:58:56,277] {processor.py:161} INFO - Processing /home/airflow/.local/lib/python3.7/site-packages/airflow/example_dags/example_bash_operator.py took 0.167 seconds
[2022-05-05 05:59:26,371] {processor.py:153} INFO - Started process (PID=723) to work on /home/airflow/.local/lib/python3.7/site-packages/airflow/example_dags/example_bash_operator.py
[2022-05-05 05:59:26,372] {processor.py:641} INFO - Processing file /home/airflow/.local/lib/python3.7/site-packages/airflow/example_dags/example_bash_operator.py for tasks to queue
[2022-05-05 05:59:26,372] {logging_mixin.py:115} INFO - [2022-05-05 05:59:26,372] {dagbag.py:507} INFO - Filling up the DagBag from /home/airflow/.local/lib/python3.7/site-packages/airflow/example_dags/example_bash_operator.py
[2022-05-05 05:59:26,381] {processor.py:651} INFO - DAG(s) dict_keys(['example_bash_operator']) retrieved from /home/airflow/.local/lib/python3.7/site-packages/airflow/example_dags/example_bash_operator.py
[2022-05-05 05:59:26,410] {logging_mixin.py:115} INFO - [2022-05-05 05:59:26,410] {dag.py:2371} INFO - Sync 1 DAGs
[2022-05-05 05:59:26,526] {logging_mixin.py:115} INFO - [2022-05-05 05:59:26,526] {dag.py:2919} INFO - Setting next_dagrun for example_bash_operator to 2022-05-04T00:00:00+00:00, run_after=2022-05-05T00:00:00+00:00
[2022-05-05 05:59:26,540] {processor.py:161} INFO - Processing /home/airflow/.local/lib/python3.7/site-packages/airflow/example_dags/example_bash_operator.py took 0.171 seconds
[2022-05-05 05:59:56,782] {processor.py:153} INFO - Started process (PID=786) to work on /home/airflow/.local/lib/python3.7/site-packages/airflow/example_dags/example_bash_operator.py
[2022-05-05 05:59:56,782] {processor.py:641} INFO - Processing file /home/airflow/.local/lib/python3.7/site-packages/airflow/example_dags/example_bash_operator.py for tasks to queue
[2022-05-05 05:59:56,783] {logging_mixin.py:115} INFO - [2022-05-05 05:59:56,782] {dagbag.py:507} INFO - Filling up the DagBag from /home/airflow/.local/lib/python3.7/site-packages/airflow/example_dags/example_bash_operator.py
[2022-05-05 05:59:56,791] {processor.py:651} INFO - DAG(s) dict_keys(['example_bash_operator']) retrieved from /home/airflow/.local/lib/python3.7/site-packages/airflow/example_dags/example_bash_operator.py
[2022-05-05 05:59:56,817] {logging_mixin.py:115} INFO - [2022-05-05 05:59:56,817] {dag.py:2371} INFO - Sync 1 DAGs
[2022-05-05 05:59:56,939] {logging_mixin.py:115} INFO - [2022-05-05 05:59:56,939] {dag.py:2919} INFO - Setting next_dagrun for example_bash_operator to 2022-05-04T00:00:00+00:00, run_after=2022-05-05T00:00:00+00:00
[2022-05-05 05:59:56,952] {processor.py:161} INFO - Processing /home/airflow/.local/lib/python3.7/site-packages/airflow/example_dags/example_bash_operator.py took 0.172 seconds
[2022-05-05 06:00:27,488] {processor.py:153} INFO - Started process (PID=849) to work on /home/airflow/.local/lib/python3.7/site-packages/airflow/example_dags/example_bash_operator.py
[2022-05-05 06:00:27,490] {processor.py:641} INFO - Processing file /home/airflow/.local/lib/python3.7/site-packages/airflow/example_dags/example_bash_operator.py for tasks to queue
[2022-05-05 06:00:27,490] {logging_mixin.py:115} INFO - [2022-05-05 06:00:27,490] {dagbag.py:507} INFO - Filling up the DagBag from /home/airflow/.local/lib/python3.7/site-packages/airflow/example_dags/example_bash_operator.py
[2022-05-05 06:00:27,501] {processor.py:651} INFO - DAG(s) dict_keys(['example_bash_operator']) retrieved from /home/airflow/.local/lib/python3.7/site-packages/airflow/example_dags/example_bash_operator.py
[2022-05-05 06:00:27,533] {logging_mixin.py:115} INFO - [2022-05-05 06:00:27,533] {dag.py:2371} INFO - Sync 1 DAGs
[2022-05-05 06:00:27,681] {logging_mixin.py:115} INFO - [2022-05-05 06:00:27,680] {dag.py:2919} INFO - Setting next_dagrun for example_bash_operator to 2022-05-04T00:00:00+00:00, run_after=2022-05-05T00:00:00+00:00
[2022-05-05 06:00:27,695] {processor.py:161} INFO - Processing /home/airflow/.local/lib/python3.7/site-packages/airflow/example_dags/example_bash_operator.py took 0.209 seconds
[2022-05-05 06:00:58,011] {processor.py:153} INFO - Started process (PID=901) to work on /home/airflow/.local/lib/python3.7/site-packages/airflow/example_dags/example_bash_operator.py
[2022-05-05 06:00:58,011] {processor.py:641} INFO - Processing file /home/airflow/.local/lib/python3.7/site-packages/airflow/example_dags/example_bash_operator.py for tasks to queue
[2022-05-05 06:00:58,011] {logging_mixin.py:115} INFO - [2022-05-05 06:00:58,011] {dagbag.py:507} INFO - Filling up the DagBag from /home/airflow/.local/lib/python3.7/site-packages/airflow/example_dags/example_bash_operator.py
[2022-05-05 06:00:58,022] {processor.py:651} INFO - DAG(s) dict_keys(['example_bash_operator']) retrieved from /home/airflow/.local/lib/python3.7/site-packages/airflow/example_dags/example_bash_operator.py
[2022-05-05 06:00:58,051] {logging_mixin.py:115} INFO - [2022-05-05 06:00:58,051] {dag.py:2371} INFO - Sync 1 DAGs
[2022-05-05 06:00:58,183] {logging_mixin.py:115} INFO - [2022-05-05 06:00:58,183] {dag.py:2919} INFO - Setting next_dagrun for example_bash_operator to 2022-05-04T00:00:00+00:00, run_after=2022-05-05T00:00:00+00:00
[2022-05-05 06:00:58,197] {processor.py:161} INFO - Processing /home/airflow/.local/lib/python3.7/site-packages/airflow/example_dags/example_bash_operator.py took 0.188 seconds
[2022-05-05 06:01:28,292] {processor.py:153} INFO - Started process (PID=964) to work on /home/airflow/.local/lib/python3.7/site-packages/airflow/example_dags/example_bash_operator.py
[2022-05-05 06:01:28,293] {processor.py:641} INFO - Processing file /home/airflow/.local/lib/python3.7/site-packages/airflow/example_dags/example_bash_operator.py for tasks to queue
[2022-05-05 06:01:28,293] {logging_mixin.py:115} INFO - [2022-05-05 06:01:28,293] {dagbag.py:507} INFO - Filling up the DagBag from /home/airflow/.local/lib/python3.7/site-packages/airflow/example_dags/example_bash_operator.py
[2022-05-05 06:01:28,303] {processor.py:651} INFO - DAG(s) dict_keys(['example_bash_operator']) retrieved from /home/airflow/.local/lib/python3.7/site-packages/airflow/example_dags/example_bash_operator.py
[2022-05-05 06:01:28,332] {logging_mixin.py:115} INFO - [2022-05-05 06:01:28,332] {dag.py:2371} INFO - Sync 1 DAGs
[2022-05-05 06:01:28,467] {logging_mixin.py:115} INFO - [2022-05-05 06:01:28,467] {dag.py:2919} INFO - Setting next_dagrun for example_bash_operator to 2022-05-04T00:00:00+00:00, run_after=2022-05-05T00:00:00+00:00
[2022-05-05 06:01:28,481] {processor.py:161} INFO - Processing /home/airflow/.local/lib/python3.7/site-packages/airflow/example_dags/example_bash_operator.py took 0.191 seconds
[2022-05-05 06:01:58,547] {processor.py:153} INFO - Started process (PID=1016) to work on /home/airflow/.local/lib/python3.7/site-packages/airflow/example_dags/example_bash_operator.py
[2022-05-05 06:01:58,548] {processor.py:641} INFO - Processing file /home/airflow/.local/lib/python3.7/site-packages/airflow/example_dags/example_bash_operator.py for tasks to queue
[2022-05-05 06:01:58,548] {logging_mixin.py:115} INFO - [2022-05-05 06:01:58,548] {dagbag.py:507} INFO - Filling up the DagBag from /home/airflow/.local/lib/python3.7/site-packages/airflow/example_dags/example_bash_operator.py
[2022-05-05 06:01:58,567] {processor.py:651} INFO - DAG(s) dict_keys(['example_bash_operator']) retrieved from /home/airflow/.local/lib/python3.7/site-packages/airflow/example_dags/example_bash_operator.py
[2022-05-05 06:01:58,607] {logging_mixin.py:115} INFO - [2022-05-05 06:01:58,607] {dag.py:2371} INFO - Sync 1 DAGs
[2022-05-05 06:01:58,743] {logging_mixin.py:115} INFO - [2022-05-05 06:01:58,742] {dag.py:2919} INFO - Setting next_dagrun for example_bash_operator to 2022-05-04T00:00:00+00:00, run_after=2022-05-05T00:00:00+00:00
[2022-05-05 06:01:58,759] {processor.py:161} INFO - Processing /home/airflow/.local/lib/python3.7/site-packages/airflow/example_dags/example_bash_operator.py took 0.213 seconds
[2022-05-05 06:02:28,829] {processor.py:153} INFO - Started process (PID=1080) to work on /home/airflow/.local/lib/python3.7/site-packages/airflow/example_dags/example_bash_operator.py
[2022-05-05 06:02:28,830] {processor.py:641} INFO - Processing file /home/airflow/.local/lib/python3.7/site-packages/airflow/example_dags/example_bash_operator.py for tasks to queue
[2022-05-05 06:02:28,830] {logging_mixin.py:115} INFO - [2022-05-05 06:02:28,830] {dagbag.py:507} INFO - Filling up the DagBag from /home/airflow/.local/lib/python3.7/site-packages/airflow/example_dags/example_bash_operator.py
[2022-05-05 06:02:28,839] {processor.py:651} INFO - DAG(s) dict_keys(['example_bash_operator']) retrieved from /home/airflow/.local/lib/python3.7/site-packages/airflow/example_dags/example_bash_operator.py
[2022-05-05 06:02:28,864] {logging_mixin.py:115} INFO - [2022-05-05 06:02:28,864] {dag.py:2371} INFO - Sync 1 DAGs
[2022-05-05 06:02:28,977] {logging_mixin.py:115} INFO - [2022-05-05 06:02:28,977] {dag.py:2919} INFO - Setting next_dagrun for example_bash_operator to 2022-05-04T00:00:00+00:00, run_after=2022-05-05T00:00:00+00:00
[2022-05-05 06:02:28,991] {processor.py:161} INFO - Processing /home/airflow/.local/lib/python3.7/site-packages/airflow/example_dags/example_bash_operator.py took 0.165 seconds
[2022-05-05 06:02:59,203] {processor.py:153} INFO - Started process (PID=1143) to work on /home/airflow/.local/lib/python3.7/site-packages/airflow/example_dags/example_bash_operator.py
[2022-05-05 06:02:59,203] {processor.py:641} INFO - Processing file /home/airflow/.local/lib/python3.7/site-packages/airflow/example_dags/example_bash_operator.py for tasks to queue
[2022-05-05 06:02:59,204] {logging_mixin.py:115} INFO - [2022-05-05 06:02:59,204] {dagbag.py:507} INFO - Filling up the DagBag from /home/airflow/.local/lib/python3.7/site-packages/airflow/example_dags/example_bash_operator.py
[2022-05-05 06:02:59,213] {processor.py:651} INFO - DAG(s) dict_keys(['example_bash_operator']) retrieved from /home/airflow/.local/lib/python3.7/site-packages/airflow/example_dags/example_bash_operator.py
[2022-05-05 06:02:59,239] {logging_mixin.py:115} INFO - [2022-05-05 06:02:59,239] {dag.py:2371} INFO - Sync 1 DAGs
[2022-05-05 06:02:59,363] {logging_mixin.py:115} INFO - [2022-05-05 06:02:59,363] {dag.py:2919} INFO - Setting next_dagrun for example_bash_operator to 2022-05-04T00:00:00+00:00, run_after=2022-05-05T00:00:00+00:00
[2022-05-05 06:02:59,377] {processor.py:161} INFO - Processing /home/airflow/.local/lib/python3.7/site-packages/airflow/example_dags/example_bash_operator.py took 0.176 seconds
[2022-05-05 06:03:29,673] {processor.py:153} INFO - Started process (PID=1197) to work on /home/airflow/.local/lib/python3.7/site-packages/airflow/example_dags/example_bash_operator.py
[2022-05-05 06:03:29,674] {processor.py:641} INFO - Processing file /home/airflow/.local/lib/python3.7/site-packages/airflow/example_dags/example_bash_operator.py for tasks to queue
[2022-05-05 06:03:29,675] {logging_mixin.py:115} INFO - [2022-05-05 06:03:29,675] {dagbag.py:507} INFO - Filling up the DagBag from /home/airflow/.local/lib/python3.7/site-packages/airflow/example_dags/example_bash_operator.py
[2022-05-05 06:03:29,684] {processor.py:651} INFO - DAG(s) dict_keys(['example_bash_operator']) retrieved from /home/airflow/.local/lib/python3.7/site-packages/airflow/example_dags/example_bash_operator.py
[2022-05-05 06:03:29,711] {logging_mixin.py:115} INFO - [2022-05-05 06:03:29,711] {dag.py:2371} INFO - Sync 1 DAGs
[2022-05-05 06:03:29,833] {logging_mixin.py:115} INFO - [2022-05-05 06:03:29,833] {dag.py:2919} INFO - Setting next_dagrun for example_bash_operator to 2022-05-04T00:00:00+00:00, run_after=2022-05-05T00:00:00+00:00
[2022-05-05 06:03:29,846] {processor.py:161} INFO - Processing /home/airflow/.local/lib/python3.7/site-packages/airflow/example_dags/example_bash_operator.py took 0.174 seconds
[2022-05-05 06:03:59,985] {processor.py:153} INFO - Started process (PID=1260) to work on /home/airflow/.local/lib/python3.7/site-packages/airflow/example_dags/example_bash_operator.py
[2022-05-05 06:03:59,985] {processor.py:641} INFO - Processing file /home/airflow/.local/lib/python3.7/site-packages/airflow/example_dags/example_bash_operator.py for tasks to queue
[2022-05-05 06:03:59,986] {logging_mixin.py:115} INFO - [2022-05-05 06:03:59,986] {dagbag.py:507} INFO - Filling up the DagBag from /home/airflow/.local/lib/python3.7/site-packages/airflow/example_dags/example_bash_operator.py
[2022-05-05 06:03:59,997] {processor.py:651} INFO - DAG(s) dict_keys(['example_bash_operator']) retrieved from /home/airflow/.local/lib/python3.7/site-packages/airflow/example_dags/example_bash_operator.py
[2022-05-05 06:04:00,024] {logging_mixin.py:115} INFO - [2022-05-05 06:04:00,024] {dag.py:2371} INFO - Sync 1 DAGs
[2022-05-05 06:04:00,047] {logging_mixin.py:115} INFO - [2022-05-05 06:04:00,047] {dag.py:2919} INFO - Setting next_dagrun for example_bash_operator to 2022-05-04T00:00:00+00:00, run_after=2022-05-05T00:00:00+00:00
[2022-05-05 06:04:00,062] {processor.py:161} INFO - Processing /home/airflow/.local/lib/python3.7/site-packages/airflow/example_dags/example_bash_operator.py took 0.080 seconds
[2022-05-05 06:04:30,998] {processor.py:153} INFO - Started process (PID=1322) to work on /home/airflow/.local/lib/python3.7/site-packages/airflow/example_dags/example_bash_operator.py
[2022-05-05 06:04:31,000] {processor.py:641} INFO - Processing file /home/airflow/.local/lib/python3.7/site-packages/airflow/example_dags/example_bash_operator.py for tasks to queue
[2022-05-05 06:04:31,001] {logging_mixin.py:115} INFO - [2022-05-05 06:04:31,000] {dagbag.py:507} INFO - Filling up the DagBag from /home/airflow/.local/lib/python3.7/site-packages/airflow/example_dags/example_bash_operator.py
[2022-05-05 06:04:31,011] {processor.py:651} INFO - DAG(s) dict_keys(['example_bash_operator']) retrieved from /home/airflow/.local/lib/python3.7/site-packages/airflow/example_dags/example_bash_operator.py
[2022-05-05 06:04:31,035] {logging_mixin.py:115} INFO - [2022-05-05 06:04:31,035] {dag.py:2371} INFO - Sync 1 DAGs
[2022-05-05 06:04:31,056] {logging_mixin.py:115} INFO - [2022-05-05 06:04:31,056] {dag.py:2919} INFO - Setting next_dagrun for example_bash_operator to 2022-05-04T00:00:00+00:00, run_after=2022-05-05T00:00:00+00:00
[2022-05-05 06:04:31,069] {processor.py:161} INFO - Processing /home/airflow/.local/lib/python3.7/site-packages/airflow/example_dags/example_bash_operator.py took 0.073 seconds
[2022-05-05 06:05:01,739] {processor.py:153} INFO - Started process (PID=1375) to work on /home/airflow/.local/lib/python3.7/site-packages/airflow/example_dags/example_bash_operator.py
[2022-05-05 06:05:01,739] {processor.py:641} INFO - Processing file /home/airflow/.local/lib/python3.7/site-packages/airflow/example_dags/example_bash_operator.py for tasks to queue
[2022-05-05 06:05:01,739] {logging_mixin.py:115} INFO - [2022-05-05 06:05:01,739] {dagbag.py:507} INFO - Filling up the DagBag from /home/airflow/.local/lib/python3.7/site-packages/airflow/example_dags/example_bash_operator.py
[2022-05-05 06:05:01,751] {processor.py:651} INFO - DAG(s) dict_keys(['example_bash_operator']) retrieved from /home/airflow/.local/lib/python3.7/site-packages/airflow/example_dags/example_bash_operator.py
[2022-05-05 06:05:01,779] {logging_mixin.py:115} INFO - [2022-05-05 06:05:01,779] {dag.py:2371} INFO - Sync 1 DAGs
[2022-05-05 06:05:01,804] {logging_mixin.py:115} INFO - [2022-05-05 06:05:01,803] {dag.py:2919} INFO - Setting next_dagrun for example_bash_operator to 2022-05-04T00:00:00+00:00, run_after=2022-05-05T00:00:00+00:00
[2022-05-05 06:05:01,818] {processor.py:161} INFO - Processing /home/airflow/.local/lib/python3.7/site-packages/airflow/example_dags/example_bash_operator.py took 0.081 seconds
[2022-05-05 06:05:32,291] {processor.py:153} INFO - Started process (PID=1436) to work on /home/airflow/.local/lib/python3.7/site-packages/airflow/example_dags/example_bash_operator.py
[2022-05-05 06:05:32,292] {processor.py:641} INFO - Processing file /home/airflow/.local/lib/python3.7/site-packages/airflow/example_dags/example_bash_operator.py for tasks to queue
[2022-05-05 06:05:32,292] {logging_mixin.py:115} INFO - [2022-05-05 06:05:32,292] {dagbag.py:507} INFO - Filling up the DagBag from /home/airflow/.local/lib/python3.7/site-packages/airflow/example_dags/example_bash_operator.py
[2022-05-05 06:05:32,303] {processor.py:651} INFO - DAG(s) dict_keys(['example_bash_operator']) retrieved from /home/airflow/.local/lib/python3.7/site-packages/airflow/example_dags/example_bash_operator.py
[2022-05-05 06:05:32,328] {logging_mixin.py:115} INFO - [2022-05-05 06:05:32,328] {dag.py:2371} INFO - Sync 1 DAGs
[2022-05-05 06:05:32,353] {logging_mixin.py:115} INFO - [2022-05-05 06:05:32,353] {dag.py:2919} INFO - Setting next_dagrun for example_bash_operator to 2022-05-04T00:00:00+00:00, run_after=2022-05-05T00:00:00+00:00
[2022-05-05 06:05:32,367] {processor.py:161} INFO - Processing /home/airflow/.local/lib/python3.7/site-packages/airflow/example_dags/example_bash_operator.py took 0.078 seconds
[2022-05-05 06:06:02,939] {processor.py:153} INFO - Started process (PID=1499) to work on /home/airflow/.local/lib/python3.7/site-packages/airflow/example_dags/example_bash_operator.py
[2022-05-05 06:06:02,939] {processor.py:641} INFO - Processing file /home/airflow/.local/lib/python3.7/site-packages/airflow/example_dags/example_bash_operator.py for tasks to queue
[2022-05-05 06:06:02,939] {logging_mixin.py:115} INFO - [2022-05-05 06:06:02,939] {dagbag.py:507} INFO - Filling up the DagBag from /home/airflow/.local/lib/python3.7/site-packages/airflow/example_dags/example_bash_operator.py
[2022-05-05 06:06:02,950] {processor.py:651} INFO - DAG(s) dict_keys(['example_bash_operator']) retrieved from /home/airflow/.local/lib/python3.7/site-packages/airflow/example_dags/example_bash_operator.py
[2022-05-05 06:06:02,973] {logging_mixin.py:115} INFO - [2022-05-05 06:06:02,973] {dag.py:2371} INFO - Sync 1 DAGs
[2022-05-05 06:06:02,994] {logging_mixin.py:115} INFO - [2022-05-05 06:06:02,994] {dag.py:2919} INFO - Setting next_dagrun for example_bash_operator to 2022-05-04T00:00:00+00:00, run_after=2022-05-05T00:00:00+00:00
[2022-05-05 06:06:03,007] {processor.py:161} INFO - Processing /home/airflow/.local/lib/python3.7/site-packages/airflow/example_dags/example_bash_operator.py took 0.070 seconds
[2022-05-05 06:06:33,866] {processor.py:153} INFO - Started process (PID=1551) to work on /home/airflow/.local/lib/python3.7/site-packages/airflow/example_dags/example_bash_operator.py
[2022-05-05 06:06:33,867] {processor.py:641} INFO - Processing file /home/airflow/.local/lib/python3.7/site-packages/airflow/example_dags/example_bash_operator.py for tasks to queue
[2022-05-05 06:06:33,867] {logging_mixin.py:115} INFO - [2022-05-05 06:06:33,867] {dagbag.py:507} INFO - Filling up the DagBag from /home/airflow/.local/lib/python3.7/site-packages/airflow/example_dags/example_bash_operator.py
[2022-05-05 06:06:33,881] {processor.py:651} INFO - DAG(s) dict_keys(['example_bash_operator']) retrieved from /home/airflow/.local/lib/python3.7/site-packages/airflow/example_dags/example_bash_operator.py
[2022-05-05 06:06:33,907] {logging_mixin.py:115} INFO - [2022-05-05 06:06:33,907] {dag.py:2371} INFO - Sync 1 DAGs
[2022-05-05 06:06:33,933] {logging_mixin.py:115} INFO - [2022-05-05 06:06:33,932] {dag.py:2919} INFO - Setting next_dagrun for example_bash_operator to 2022-05-04T00:00:00+00:00, run_after=2022-05-05T00:00:00+00:00
[2022-05-05 06:06:33,948] {processor.py:161} INFO - Processing /home/airflow/.local/lib/python3.7/site-packages/airflow/example_dags/example_bash_operator.py took 0.085 seconds
[2022-05-05 06:07:04,752] {processor.py:153} INFO - Started process (PID=1614) to work on /home/airflow/.local/lib/python3.7/site-packages/airflow/example_dags/example_bash_operator.py
[2022-05-05 06:07:04,752] {processor.py:641} INFO - Processing file /home/airflow/.local/lib/python3.7/site-packages/airflow/example_dags/example_bash_operator.py for tasks to queue
[2022-05-05 06:07:04,753] {logging_mixin.py:115} INFO - [2022-05-05 06:07:04,753] {dagbag.py:507} INFO - Filling up the DagBag from /home/airflow/.local/lib/python3.7/site-packages/airflow/example_dags/example_bash_operator.py
[2022-05-05 06:07:04,767] {processor.py:651} INFO - DAG(s) dict_keys(['example_bash_operator']) retrieved from /home/airflow/.local/lib/python3.7/site-packages/airflow/example_dags/example_bash_operator.py
[2022-05-05 06:07:04,792] {logging_mixin.py:115} INFO - [2022-05-05 06:07:04,792] {dag.py:2371} INFO - Sync 1 DAGs
[2022-05-05 06:07:04,818] {logging_mixin.py:115} INFO - [2022-05-05 06:07:04,818] {dag.py:2919} INFO - Setting next_dagrun for example_bash_operator to 2022-05-04T00:00:00+00:00, run_after=2022-05-05T00:00:00+00:00
[2022-05-05 06:07:04,833] {processor.py:161} INFO - Processing /home/airflow/.local/lib/python3.7/site-packages/airflow/example_dags/example_bash_operator.py took 0.084 seconds
[2022-05-05 06:07:35,533] {processor.py:153} INFO - Started process (PID=1675) to work on /home/airflow/.local/lib/python3.7/site-packages/airflow/example_dags/example_bash_operator.py
[2022-05-05 06:07:35,533] {processor.py:641} INFO - Processing file /home/airflow/.local/lib/python3.7/site-packages/airflow/example_dags/example_bash_operator.py for tasks to queue
[2022-05-05 06:07:35,534] {logging_mixin.py:115} INFO - [2022-05-05 06:07:35,534] {dagbag.py:507} INFO - Filling up the DagBag from /home/airflow/.local/lib/python3.7/site-packages/airflow/example_dags/example_bash_operator.py
[2022-05-05 06:07:35,544] {processor.py:651} INFO - DAG(s) dict_keys(['example_bash_operator']) retrieved from /home/airflow/.local/lib/python3.7/site-packages/airflow/example_dags/example_bash_operator.py
[2022-05-05 06:07:35,568] {logging_mixin.py:115} INFO - [2022-05-05 06:07:35,568] {dag.py:2371} INFO - Sync 1 DAGs
[2022-05-05 06:07:35,590] {logging_mixin.py:115} INFO - [2022-05-05 06:07:35,590] {dag.py:2919} INFO - Setting next_dagrun for example_bash_operator to 2022-05-04T00:00:00+00:00, run_after=2022-05-05T00:00:00+00:00
[2022-05-05 06:07:35,604] {processor.py:161} INFO - Processing /home/airflow/.local/lib/python3.7/site-packages/airflow/example_dags/example_bash_operator.py took 0.074 seconds
[2022-05-05 06:08:06,219] {processor.py:153} INFO - Started process (PID=1728) to work on /home/airflow/.local/lib/python3.7/site-packages/airflow/example_dags/example_bash_operator.py
[2022-05-05 06:08:06,219] {processor.py:641} INFO - Processing file /home/airflow/.local/lib/python3.7/site-packages/airflow/example_dags/example_bash_operator.py for tasks to queue
[2022-05-05 06:08:06,220] {logging_mixin.py:115} INFO - [2022-05-05 06:08:06,219] {dagbag.py:507} INFO - Filling up the DagBag from /home/airflow/.local/lib/python3.7/site-packages/airflow/example_dags/example_bash_operator.py
[2022-05-05 06:08:06,232] {processor.py:651} INFO - DAG(s) dict_keys(['example_bash_operator']) retrieved from /home/airflow/.local/lib/python3.7/site-packages/airflow/example_dags/example_bash_operator.py
[2022-05-05 06:08:06,259] {logging_mixin.py:115} INFO - [2022-05-05 06:08:06,259] {dag.py:2371} INFO - Sync 1 DAGs
[2022-05-05 06:08:06,285] {logging_mixin.py:115} INFO - [2022-05-05 06:08:06,285] {dag.py:2919} INFO - Setting next_dagrun for example_bash_operator to 2022-05-04T00:00:00+00:00, run_after=2022-05-05T00:00:00+00:00
[2022-05-05 06:08:06,299] {processor.py:161} INFO - Processing /home/airflow/.local/lib/python3.7/site-packages/airflow/example_dags/example_bash_operator.py took 0.083 seconds
[2022-05-05 06:08:36,827] {processor.py:153} INFO - Started process (PID=1791) to work on /home/airflow/.local/lib/python3.7/site-packages/airflow/example_dags/example_bash_operator.py
[2022-05-05 06:08:36,828] {processor.py:641} INFO - Processing file /home/airflow/.local/lib/python3.7/site-packages/airflow/example_dags/example_bash_operator.py for tasks to queue
[2022-05-05 06:08:36,828] {logging_mixin.py:115} INFO - [2022-05-05 06:08:36,828] {dagbag.py:507} INFO - Filling up the DagBag from /home/airflow/.local/lib/python3.7/site-packages/airflow/example_dags/example_bash_operator.py
[2022-05-05 06:08:36,841] {processor.py:651} INFO - DAG(s) dict_keys(['example_bash_operator']) retrieved from /home/airflow/.local/lib/python3.7/site-packages/airflow/example_dags/example_bash_operator.py
[2022-05-05 06:08:36,867] {logging_mixin.py:115} INFO - [2022-05-05 06:08:36,866] {dag.py:2371} INFO - Sync 1 DAGs
[2022-05-05 06:08:36,889] {logging_mixin.py:115} INFO - [2022-05-05 06:08:36,888] {dag.py:2919} INFO - Setting next_dagrun for example_bash_operator to 2022-05-04T00:00:00+00:00, run_after=2022-05-05T00:00:00+00:00
[2022-05-05 06:08:36,902] {processor.py:161} INFO - Processing /home/airflow/.local/lib/python3.7/site-packages/airflow/example_dags/example_bash_operator.py took 0.077 seconds
[2022-05-05 06:09:08,578] {processor.py:153} INFO - Started process (PID=1854) to work on /home/airflow/.local/lib/python3.7/site-packages/airflow/example_dags/example_bash_operator.py
[2022-05-05 06:09:08,578] {processor.py:641} INFO - Processing file /home/airflow/.local/lib/python3.7/site-packages/airflow/example_dags/example_bash_operator.py for tasks to queue
[2022-05-05 06:09:08,579] {logging_mixin.py:115} INFO - [2022-05-05 06:09:08,578] {dagbag.py:507} INFO - Filling up the DagBag from /home/airflow/.local/lib/python3.7/site-packages/airflow/example_dags/example_bash_operator.py
[2022-05-05 06:09:08,690] {processor.py:651} INFO - DAG(s) dict_keys(['example_bash_operator']) retrieved from /home/airflow/.local/lib/python3.7/site-packages/airflow/example_dags/example_bash_operator.py
[2022-05-05 06:09:08,710] {logging_mixin.py:115} INFO - [2022-05-05 06:09:08,710] {dag.py:2371} INFO - Sync 1 DAGs
[2022-05-05 06:09:08,735] {logging_mixin.py:115} INFO - [2022-05-05 06:09:08,735] {dag.py:2919} INFO - Setting next_dagrun for example_bash_operator to 2022-05-04T00:00:00+00:00, run_after=2022-05-05T00:00:00+00:00
[2022-05-05 06:09:08,749] {processor.py:161} INFO - Processing /home/airflow/.local/lib/python3.7/site-packages/airflow/example_dags/example_bash_operator.py took 0.173 seconds
[2022-05-05 06:09:39,734] {processor.py:153} INFO - Started process (PID=1916) to work on /home/airflow/.local/lib/python3.7/site-packages/airflow/example_dags/example_bash_operator.py
[2022-05-05 06:09:39,735] {processor.py:641} INFO - Processing file /home/airflow/.local/lib/python3.7/site-packages/airflow/example_dags/example_bash_operator.py for tasks to queue
[2022-05-05 06:09:39,736] {logging_mixin.py:115} INFO - [2022-05-05 06:09:39,736] {dagbag.py:507} INFO - Filling up the DagBag from /home/airflow/.local/lib/python3.7/site-packages/airflow/example_dags/example_bash_operator.py
[2022-05-05 06:09:39,858] {processor.py:651} INFO - DAG(s) dict_keys(['example_bash_operator']) retrieved from /home/airflow/.local/lib/python3.7/site-packages/airflow/example_dags/example_bash_operator.py
[2022-05-05 06:09:39,883] {logging_mixin.py:115} INFO - [2022-05-05 06:09:39,882] {dag.py:2371} INFO - Sync 1 DAGs
[2022-05-05 06:09:39,906] {logging_mixin.py:115} INFO - [2022-05-05 06:09:39,906] {dag.py:2919} INFO - Setting next_dagrun for example_bash_operator to 2022-05-04T00:00:00+00:00, run_after=2022-05-05T00:00:00+00:00
[2022-05-05 06:09:39,920] {processor.py:161} INFO - Processing /home/airflow/.local/lib/python3.7/site-packages/airflow/example_dags/example_bash_operator.py took 0.188 seconds
[2022-05-05 06:10:10,361] {processor.py:153} INFO - Started process (PID=1968) to work on /home/airflow/.local/lib/python3.7/site-packages/airflow/example_dags/example_bash_operator.py
[2022-05-05 06:10:10,362] {processor.py:641} INFO - Processing file /home/airflow/.local/lib/python3.7/site-packages/airflow/example_dags/example_bash_operator.py for tasks to queue
[2022-05-05 06:10:10,363] {logging_mixin.py:115} INFO - [2022-05-05 06:10:10,363] {dagbag.py:507} INFO - Filling up the DagBag from /home/airflow/.local/lib/python3.7/site-packages/airflow/example_dags/example_bash_operator.py
[2022-05-05 06:10:10,476] {processor.py:651} INFO - DAG(s) dict_keys(['example_bash_operator']) retrieved from /home/airflow/.local/lib/python3.7/site-packages/airflow/example_dags/example_bash_operator.py
[2022-05-05 06:10:10,498] {logging_mixin.py:115} INFO - [2022-05-05 06:10:10,497] {dag.py:2371} INFO - Sync 1 DAGs
[2022-05-05 06:10:10,519] {logging_mixin.py:115} INFO - [2022-05-05 06:10:10,519] {dag.py:2919} INFO - Setting next_dagrun for example_bash_operator to 2022-05-04T00:00:00+00:00, run_after=2022-05-05T00:00:00+00:00
[2022-05-05 06:10:10,533] {processor.py:161} INFO - Processing /home/airflow/.local/lib/python3.7/site-packages/airflow/example_dags/example_bash_operator.py took 0.174 seconds
[2022-05-05 06:10:40,991] {processor.py:153} INFO - Started process (PID=2029) to work on /home/airflow/.local/lib/python3.7/site-packages/airflow/example_dags/example_bash_operator.py
[2022-05-05 06:10:40,992] {processor.py:641} INFO - Processing file /home/airflow/.local/lib/python3.7/site-packages/airflow/example_dags/example_bash_operator.py for tasks to queue
[2022-05-05 06:10:40,992] {logging_mixin.py:115} INFO - [2022-05-05 06:10:40,992] {dagbag.py:507} INFO - Filling up the DagBag from /home/airflow/.local/lib/python3.7/site-packages/airflow/example_dags/example_bash_operator.py
[2022-05-05 06:10:41,142] {processor.py:651} INFO - DAG(s) dict_keys(['example_bash_operator']) retrieved from /home/airflow/.local/lib/python3.7/site-packages/airflow/example_dags/example_bash_operator.py
[2022-05-05 06:10:41,173] {logging_mixin.py:115} INFO - [2022-05-05 06:10:41,172] {dag.py:2371} INFO - Sync 1 DAGs
[2022-05-05 06:10:41,200] {logging_mixin.py:115} INFO - [2022-05-05 06:10:41,200] {dag.py:2919} INFO - Setting next_dagrun for example_bash_operator to 2022-05-04T00:00:00+00:00, run_after=2022-05-05T00:00:00+00:00
[2022-05-05 06:10:41,217] {processor.py:161} INFO - Processing /home/airflow/.local/lib/python3.7/site-packages/airflow/example_dags/example_bash_operator.py took 0.229 seconds
[2022-05-05 06:11:11,661] {processor.py:153} INFO - Started process (PID=2090) to work on /home/airflow/.local/lib/python3.7/site-packages/airflow/example_dags/example_bash_operator.py
[2022-05-05 06:11:11,662] {processor.py:641} INFO - Processing file /home/airflow/.local/lib/python3.7/site-packages/airflow/example_dags/example_bash_operator.py for tasks to queue
[2022-05-05 06:11:11,662] {logging_mixin.py:115} INFO - [2022-05-05 06:11:11,662] {dagbag.py:507} INFO - Filling up the DagBag from /home/airflow/.local/lib/python3.7/site-packages/airflow/example_dags/example_bash_operator.py
[2022-05-05 06:11:11,822] {processor.py:651} INFO - DAG(s) dict_keys(['example_bash_operator']) retrieved from /home/airflow/.local/lib/python3.7/site-packages/airflow/example_dags/example_bash_operator.py
[2022-05-05 06:11:11,847] {logging_mixin.py:115} INFO - [2022-05-05 06:11:11,847] {dag.py:2371} INFO - Sync 1 DAGs
[2022-05-05 06:11:11,875] {logging_mixin.py:115} INFO - [2022-05-05 06:11:11,875] {dag.py:2919} INFO - Setting next_dagrun for example_bash_operator to 2022-05-04T00:00:00+00:00, run_after=2022-05-05T00:00:00+00:00
[2022-05-05 06:11:11,892] {processor.py:161} INFO - Processing /home/airflow/.local/lib/python3.7/site-packages/airflow/example_dags/example_bash_operator.py took 0.234 seconds
[2022-05-05 06:11:42,027] {processor.py:153} INFO - Started process (PID=2144) to work on /home/airflow/.local/lib/python3.7/site-packages/airflow/example_dags/example_bash_operator.py
[2022-05-05 06:11:42,028] {processor.py:641} INFO - Processing file /home/airflow/.local/lib/python3.7/site-packages/airflow/example_dags/example_bash_operator.py for tasks to queue
[2022-05-05 06:11:42,029] {logging_mixin.py:115} INFO - [2022-05-05 06:11:42,029] {dagbag.py:507} INFO - Filling up the DagBag from /home/airflow/.local/lib/python3.7/site-packages/airflow/example_dags/example_bash_operator.py
[2022-05-05 06:11:42,135] {processor.py:651} INFO - DAG(s) dict_keys(['example_bash_operator']) retrieved from /home/airflow/.local/lib/python3.7/site-packages/airflow/example_dags/example_bash_operator.py
[2022-05-05 06:11:42,155] {logging_mixin.py:115} INFO - [2022-05-05 06:11:42,155] {dag.py:2371} INFO - Sync 1 DAGs
[2022-05-05 06:11:42,180] {logging_mixin.py:115} INFO - [2022-05-05 06:11:42,180] {dag.py:2919} INFO - Setting next_dagrun for example_bash_operator to 2022-05-04T00:00:00+00:00, run_after=2022-05-05T00:00:00+00:00
[2022-05-05 06:11:42,193] {processor.py:161} INFO - Processing /home/airflow/.local/lib/python3.7/site-packages/airflow/example_dags/example_bash_operator.py took 0.168 seconds
[2022-05-05 06:12:12,329] {processor.py:153} INFO - Started process (PID=2205) to work on /home/airflow/.local/lib/python3.7/site-packages/airflow/example_dags/example_bash_operator.py
[2022-05-05 06:12:12,330] {processor.py:641} INFO - Processing file /home/airflow/.local/lib/python3.7/site-packages/airflow/example_dags/example_bash_operator.py for tasks to queue
[2022-05-05 06:12:12,330] {logging_mixin.py:115} INFO - [2022-05-05 06:12:12,330] {dagbag.py:507} INFO - Filling up the DagBag from /home/airflow/.local/lib/python3.7/site-packages/airflow/example_dags/example_bash_operator.py
[2022-05-05 06:12:12,437] {processor.py:651} INFO - DAG(s) dict_keys(['example_bash_operator']) retrieved from /home/airflow/.local/lib/python3.7/site-packages/airflow/example_dags/example_bash_operator.py
[2022-05-05 06:12:12,459] {logging_mixin.py:115} INFO - [2022-05-05 06:12:12,459] {dag.py:2371} INFO - Sync 1 DAGs
[2022-05-05 06:12:12,480] {logging_mixin.py:115} INFO - [2022-05-05 06:12:12,480] {dag.py:2919} INFO - Setting next_dagrun for example_bash_operator to 2022-05-04T00:00:00+00:00, run_after=2022-05-05T00:00:00+00:00
[2022-05-05 06:12:12,495] {processor.py:161} INFO - Processing /home/airflow/.local/lib/python3.7/site-packages/airflow/example_dags/example_bash_operator.py took 0.168 seconds
[2022-05-05 06:12:42,710] {processor.py:153} INFO - Started process (PID=2257) to work on /home/airflow/.local/lib/python3.7/site-packages/airflow/example_dags/example_bash_operator.py
[2022-05-05 06:12:42,711] {processor.py:641} INFO - Processing file /home/airflow/.local/lib/python3.7/site-packages/airflow/example_dags/example_bash_operator.py for tasks to queue
[2022-05-05 06:12:42,712] {logging_mixin.py:115} INFO - [2022-05-05 06:12:42,712] {dagbag.py:507} INFO - Filling up the DagBag from /home/airflow/.local/lib/python3.7/site-packages/airflow/example_dags/example_bash_operator.py
[2022-05-05 06:12:42,835] {processor.py:651} INFO - DAG(s) dict_keys(['example_bash_operator']) retrieved from /home/airflow/.local/lib/python3.7/site-packages/airflow/example_dags/example_bash_operator.py
[2022-05-05 06:12:42,856] {logging_mixin.py:115} INFO - [2022-05-05 06:12:42,856] {dag.py:2371} INFO - Sync 1 DAGs
[2022-05-05 06:12:42,878] {logging_mixin.py:115} INFO - [2022-05-05 06:12:42,877] {dag.py:2919} INFO - Setting next_dagrun for example_bash_operator to 2022-05-04T00:00:00+00:00, run_after=2022-05-05T00:00:00+00:00
[2022-05-05 06:12:42,892] {processor.py:161} INFO - Processing /home/airflow/.local/lib/python3.7/site-packages/airflow/example_dags/example_bash_operator.py took 0.184 seconds
[2022-05-05 06:13:13,037] {processor.py:153} INFO - Started process (PID=2319) to work on /home/airflow/.local/lib/python3.7/site-packages/airflow/example_dags/example_bash_operator.py
[2022-05-05 06:13:13,038] {processor.py:641} INFO - Processing file /home/airflow/.local/lib/python3.7/site-packages/airflow/example_dags/example_bash_operator.py for tasks to queue
[2022-05-05 06:13:13,038] {logging_mixin.py:115} INFO - [2022-05-05 06:13:13,038] {dagbag.py:507} INFO - Filling up the DagBag from /home/airflow/.local/lib/python3.7/site-packages/airflow/example_dags/example_bash_operator.py
[2022-05-05 06:13:13,172] {processor.py:651} INFO - DAG(s) dict_keys(['example_bash_operator']) retrieved from /home/airflow/.local/lib/python3.7/site-packages/airflow/example_dags/example_bash_operator.py
[2022-05-05 06:13:13,215] {logging_mixin.py:115} INFO - [2022-05-05 06:13:13,215] {dag.py:2371} INFO - Sync 1 DAGs
[2022-05-05 06:13:13,247] {logging_mixin.py:115} INFO - [2022-05-05 06:13:13,247] {dag.py:2919} INFO - Setting next_dagrun for example_bash_operator to 2022-05-04T00:00:00+00:00, run_after=2022-05-05T00:00:00+00:00
[2022-05-05 06:13:13,262] {processor.py:161} INFO - Processing /home/airflow/.local/lib/python3.7/site-packages/airflow/example_dags/example_bash_operator.py took 0.226 seconds
[2022-05-05 06:13:43,442] {processor.py:153} INFO - Started process (PID=2381) to work on /home/airflow/.local/lib/python3.7/site-packages/airflow/example_dags/example_bash_operator.py
[2022-05-05 06:13:43,443] {processor.py:641} INFO - Processing file /home/airflow/.local/lib/python3.7/site-packages/airflow/example_dags/example_bash_operator.py for tasks to queue
[2022-05-05 06:13:43,444] {logging_mixin.py:115} INFO - [2022-05-05 06:13:43,444] {dagbag.py:507} INFO - Filling up the DagBag from /home/airflow/.local/lib/python3.7/site-packages/airflow/example_dags/example_bash_operator.py
[2022-05-05 06:13:43,572] {processor.py:651} INFO - DAG(s) dict_keys(['example_bash_operator']) retrieved from /home/airflow/.local/lib/python3.7/site-packages/airflow/example_dags/example_bash_operator.py
[2022-05-05 06:13:43,598] {logging_mixin.py:115} INFO - [2022-05-05 06:13:43,598] {dag.py:2371} INFO - Sync 1 DAGs
[2022-05-05 06:13:43,626] {logging_mixin.py:115} INFO - [2022-05-05 06:13:43,626] {dag.py:2919} INFO - Setting next_dagrun for example_bash_operator to 2022-05-04T00:00:00+00:00, run_after=2022-05-05T00:00:00+00:00
[2022-05-05 06:13:43,640] {processor.py:161} INFO - Processing /home/airflow/.local/lib/python3.7/site-packages/airflow/example_dags/example_bash_operator.py took 0.201 seconds
[2022-05-05 06:14:14,063] {processor.py:153} INFO - Started process (PID=2434) to work on /home/airflow/.local/lib/python3.7/site-packages/airflow/example_dags/example_bash_operator.py
[2022-05-05 06:14:14,063] {processor.py:641} INFO - Processing file /home/airflow/.local/lib/python3.7/site-packages/airflow/example_dags/example_bash_operator.py for tasks to queue
[2022-05-05 06:14:14,064] {logging_mixin.py:115} INFO - [2022-05-05 06:14:14,064] {dagbag.py:507} INFO - Filling up the DagBag from /home/airflow/.local/lib/python3.7/site-packages/airflow/example_dags/example_bash_operator.py
[2022-05-05 06:14:14,075] {processor.py:651} INFO - DAG(s) dict_keys(['example_bash_operator']) retrieved from /home/airflow/.local/lib/python3.7/site-packages/airflow/example_dags/example_bash_operator.py
[2022-05-05 06:14:14,100] {logging_mixin.py:115} INFO - [2022-05-05 06:14:14,100] {dag.py:2371} INFO - Sync 1 DAGs
[2022-05-05 06:14:14,123] {logging_mixin.py:115} INFO - [2022-05-05 06:14:14,123] {dag.py:2919} INFO - Setting next_dagrun for example_bash_operator to 2022-05-04T00:00:00+00:00, run_after=2022-05-05T00:00:00+00:00
[2022-05-05 06:14:14,137] {processor.py:161} INFO - Processing /home/airflow/.local/lib/python3.7/site-packages/airflow/example_dags/example_bash_operator.py took 0.078 seconds
[2022-05-05 06:14:44,675] {processor.py:153} INFO - Started process (PID=2495) to work on /home/airflow/.local/lib/python3.7/site-packages/airflow/example_dags/example_bash_operator.py
[2022-05-05 06:14:44,676] {processor.py:641} INFO - Processing file /home/airflow/.local/lib/python3.7/site-packages/airflow/example_dags/example_bash_operator.py for tasks to queue
[2022-05-05 06:14:44,677] {logging_mixin.py:115} INFO - [2022-05-05 06:14:44,676] {dagbag.py:507} INFO - Filling up the DagBag from /home/airflow/.local/lib/python3.7/site-packages/airflow/example_dags/example_bash_operator.py
[2022-05-05 06:14:44,687] {processor.py:651} INFO - DAG(s) dict_keys(['example_bash_operator']) retrieved from /home/airflow/.local/lib/python3.7/site-packages/airflow/example_dags/example_bash_operator.py
[2022-05-05 06:14:44,714] {logging_mixin.py:115} INFO - [2022-05-05 06:14:44,713] {dag.py:2371} INFO - Sync 1 DAGs
[2022-05-05 06:14:44,740] {logging_mixin.py:115} INFO - [2022-05-05 06:14:44,740] {dag.py:2919} INFO - Setting next_dagrun for example_bash_operator to 2022-05-04T00:00:00+00:00, run_after=2022-05-05T00:00:00+00:00
[2022-05-05 06:14:44,755] {processor.py:161} INFO - Processing /home/airflow/.local/lib/python3.7/site-packages/airflow/example_dags/example_bash_operator.py took 0.082 seconds
[2022-05-05 06:15:15,528] {processor.py:153} INFO - Started process (PID=2557) to work on /home/airflow/.local/lib/python3.7/site-packages/airflow/example_dags/example_bash_operator.py
[2022-05-05 06:15:15,529] {processor.py:641} INFO - Processing file /home/airflow/.local/lib/python3.7/site-packages/airflow/example_dags/example_bash_operator.py for tasks to queue
[2022-05-05 06:15:15,530] {logging_mixin.py:115} INFO - [2022-05-05 06:15:15,530] {dagbag.py:507} INFO - Filling up the DagBag from /home/airflow/.local/lib/python3.7/site-packages/airflow/example_dags/example_bash_operator.py
[2022-05-05 06:15:15,541] {processor.py:651} INFO - DAG(s) dict_keys(['example_bash_operator']) retrieved from /home/airflow/.local/lib/python3.7/site-packages/airflow/example_dags/example_bash_operator.py
[2022-05-05 06:15:15,568] {logging_mixin.py:115} INFO - [2022-05-05 06:15:15,568] {dag.py:2371} INFO - Sync 1 DAGs
[2022-05-05 06:15:15,595] {logging_mixin.py:115} INFO - [2022-05-05 06:15:15,595] {dag.py:2919} INFO - Setting next_dagrun for example_bash_operator to 2022-05-04T00:00:00+00:00, run_after=2022-05-05T00:00:00+00:00
[2022-05-05 06:15:15,616] {processor.py:161} INFO - Processing /home/airflow/.local/lib/python3.7/site-packages/airflow/example_dags/example_bash_operator.py took 0.091 seconds
[2022-05-05 06:15:46,332] {processor.py:153} INFO - Started process (PID=2610) to work on /home/airflow/.local/lib/python3.7/site-packages/airflow/example_dags/example_bash_operator.py
[2022-05-05 06:15:46,333] {processor.py:641} INFO - Processing file /home/airflow/.local/lib/python3.7/site-packages/airflow/example_dags/example_bash_operator.py for tasks to queue
[2022-05-05 06:15:46,333] {logging_mixin.py:115} INFO - [2022-05-05 06:15:46,333] {dagbag.py:507} INFO - Filling up the DagBag from /home/airflow/.local/lib/python3.7/site-packages/airflow/example_dags/example_bash_operator.py
[2022-05-05 06:15:46,345] {processor.py:651} INFO - DAG(s) dict_keys(['example_bash_operator']) retrieved from /home/airflow/.local/lib/python3.7/site-packages/airflow/example_dags/example_bash_operator.py
[2022-05-05 06:15:46,373] {logging_mixin.py:115} INFO - [2022-05-05 06:15:46,372] {dag.py:2371} INFO - Sync 1 DAGs
[2022-05-05 06:15:46,401] {logging_mixin.py:115} INFO - [2022-05-05 06:15:46,401] {dag.py:2919} INFO - Setting next_dagrun for example_bash_operator to 2022-05-04T00:00:00+00:00, run_after=2022-05-05T00:00:00+00:00
[2022-05-05 06:15:46,417] {processor.py:161} INFO - Processing /home/airflow/.local/lib/python3.7/site-packages/airflow/example_dags/example_bash_operator.py took 0.087 seconds
[2022-05-05 06:16:16,916] {processor.py:153} INFO - Started process (PID=2673) to work on /home/airflow/.local/lib/python3.7/site-packages/airflow/example_dags/example_bash_operator.py
[2022-05-05 06:16:16,917] {processor.py:641} INFO - Processing file /home/airflow/.local/lib/python3.7/site-packages/airflow/example_dags/example_bash_operator.py for tasks to queue
[2022-05-05 06:16:16,918] {logging_mixin.py:115} INFO - [2022-05-05 06:16:16,917] {dagbag.py:507} INFO - Filling up the DagBag from /home/airflow/.local/lib/python3.7/site-packages/airflow/example_dags/example_bash_operator.py
[2022-05-05 06:16:16,927] {processor.py:651} INFO - DAG(s) dict_keys(['example_bash_operator']) retrieved from /home/airflow/.local/lib/python3.7/site-packages/airflow/example_dags/example_bash_operator.py
[2022-05-05 06:16:16,954] {logging_mixin.py:115} INFO - [2022-05-05 06:16:16,954] {dag.py:2371} INFO - Sync 1 DAGs
[2022-05-05 06:16:16,984] {logging_mixin.py:115} INFO - [2022-05-05 06:16:16,984] {dag.py:2919} INFO - Setting next_dagrun for example_bash_operator to 2022-05-04T00:00:00+00:00, run_after=2022-05-05T00:00:00+00:00
[2022-05-05 06:16:16,998] {processor.py:161} INFO - Processing /home/airflow/.local/lib/python3.7/site-packages/airflow/example_dags/example_bash_operator.py took 0.085 seconds
[2022-05-05 06:16:47,657] {processor.py:153} INFO - Started process (PID=2726) to work on /home/airflow/.local/lib/python3.7/site-packages/airflow/example_dags/example_bash_operator.py
[2022-05-05 06:16:47,657] {processor.py:641} INFO - Processing file /home/airflow/.local/lib/python3.7/site-packages/airflow/example_dags/example_bash_operator.py for tasks to queue
[2022-05-05 06:16:47,657] {logging_mixin.py:115} INFO - [2022-05-05 06:16:47,657] {dagbag.py:507} INFO - Filling up the DagBag from /home/airflow/.local/lib/python3.7/site-packages/airflow/example_dags/example_bash_operator.py
[2022-05-05 06:16:47,667] {processor.py:651} INFO - DAG(s) dict_keys(['example_bash_operator']) retrieved from /home/airflow/.local/lib/python3.7/site-packages/airflow/example_dags/example_bash_operator.py
[2022-05-05 06:16:47,698] {logging_mixin.py:115} INFO - [2022-05-05 06:16:47,698] {dag.py:2371} INFO - Sync 1 DAGs
[2022-05-05 06:16:47,722] {logging_mixin.py:115} INFO - [2022-05-05 06:16:47,722] {dag.py:2919} INFO - Setting next_dagrun for example_bash_operator to 2022-05-04T00:00:00+00:00, run_after=2022-05-05T00:00:00+00:00
[2022-05-05 06:16:47,737] {processor.py:161} INFO - Processing /home/airflow/.local/lib/python3.7/site-packages/airflow/example_dags/example_bash_operator.py took 0.083 seconds
[2022-05-05 06:17:18,352] {processor.py:153} INFO - Started process (PID=2789) to work on /home/airflow/.local/lib/python3.7/site-packages/airflow/example_dags/example_bash_operator.py
[2022-05-05 06:17:18,353] {processor.py:641} INFO - Processing file /home/airflow/.local/lib/python3.7/site-packages/airflow/example_dags/example_bash_operator.py for tasks to queue
[2022-05-05 06:17:18,354] {logging_mixin.py:115} INFO - [2022-05-05 06:17:18,354] {dagbag.py:507} INFO - Filling up the DagBag from /home/airflow/.local/lib/python3.7/site-packages/airflow/example_dags/example_bash_operator.py
[2022-05-05 06:17:18,363] {processor.py:651} INFO - DAG(s) dict_keys(['example_bash_operator']) retrieved from /home/airflow/.local/lib/python3.7/site-packages/airflow/example_dags/example_bash_operator.py
[2022-05-05 06:17:18,389] {logging_mixin.py:115} INFO - [2022-05-05 06:17:18,389] {dag.py:2371} INFO - Sync 1 DAGs
[2022-05-05 06:17:18,413] {logging_mixin.py:115} INFO - [2022-05-05 06:17:18,413] {dag.py:2919} INFO - Setting next_dagrun for example_bash_operator to 2022-05-04T00:00:00+00:00, run_after=2022-05-05T00:00:00+00:00
[2022-05-05 06:17:18,426] {processor.py:161} INFO - Processing /home/airflow/.local/lib/python3.7/site-packages/airflow/example_dags/example_bash_operator.py took 0.076 seconds
[2022-05-05 06:17:49,036] {processor.py:153} INFO - Started process (PID=2851) to work on /home/airflow/.local/lib/python3.7/site-packages/airflow/example_dags/example_bash_operator.py
[2022-05-05 06:17:49,036] {processor.py:641} INFO - Processing file /home/airflow/.local/lib/python3.7/site-packages/airflow/example_dags/example_bash_operator.py for tasks to queue
[2022-05-05 06:17:49,037] {logging_mixin.py:115} INFO - [2022-05-05 06:17:49,037] {dagbag.py:507} INFO - Filling up the DagBag from /home/airflow/.local/lib/python3.7/site-packages/airflow/example_dags/example_bash_operator.py
[2022-05-05 06:17:49,045] {processor.py:651} INFO - DAG(s) dict_keys(['example_bash_operator']) retrieved from /home/airflow/.local/lib/python3.7/site-packages/airflow/example_dags/example_bash_operator.py
[2022-05-05 06:17:49,070] {logging_mixin.py:115} INFO - [2022-05-05 06:17:49,070] {dag.py:2371} INFO - Sync 1 DAGs
[2022-05-05 06:17:49,093] {logging_mixin.py:115} INFO - [2022-05-05 06:17:49,093] {dag.py:2919} INFO - Setting next_dagrun for example_bash_operator to 2022-05-04T00:00:00+00:00, run_after=2022-05-05T00:00:00+00:00
[2022-05-05 06:17:49,109] {processor.py:161} INFO - Processing /home/airflow/.local/lib/python3.7/site-packages/airflow/example_dags/example_bash_operator.py took 0.076 seconds
[2022-05-05 06:18:19,795] {processor.py:153} INFO - Started process (PID=2903) to work on /home/airflow/.local/lib/python3.7/site-packages/airflow/example_dags/example_bash_operator.py
[2022-05-05 06:18:19,796] {processor.py:641} INFO - Processing file /home/airflow/.local/lib/python3.7/site-packages/airflow/example_dags/example_bash_operator.py for tasks to queue
[2022-05-05 06:18:19,796] {logging_mixin.py:115} INFO - [2022-05-05 06:18:19,796] {dagbag.py:507} INFO - Filling up the DagBag from /home/airflow/.local/lib/python3.7/site-packages/airflow/example_dags/example_bash_operator.py
[2022-05-05 06:18:19,805] {processor.py:651} INFO - DAG(s) dict_keys(['example_bash_operator']) retrieved from /home/airflow/.local/lib/python3.7/site-packages/airflow/example_dags/example_bash_operator.py
[2022-05-05 06:18:19,833] {logging_mixin.py:115} INFO - [2022-05-05 06:18:19,833] {dag.py:2371} INFO - Sync 1 DAGs
[2022-05-05 06:18:19,856] {logging_mixin.py:115} INFO - [2022-05-05 06:18:19,856] {dag.py:2919} INFO - Setting next_dagrun for example_bash_operator to 2022-05-04T00:00:00+00:00, run_after=2022-05-05T00:00:00+00:00
[2022-05-05 06:18:19,869] {processor.py:161} INFO - Processing /home/airflow/.local/lib/python3.7/site-packages/airflow/example_dags/example_bash_operator.py took 0.077 seconds
[2022-05-05 06:18:50,412] {processor.py:153} INFO - Started process (PID=2967) to work on /home/airflow/.local/lib/python3.7/site-packages/airflow/example_dags/example_bash_operator.py
[2022-05-05 06:18:50,412] {processor.py:641} INFO - Processing file /home/airflow/.local/lib/python3.7/site-packages/airflow/example_dags/example_bash_operator.py for tasks to queue
[2022-05-05 06:18:50,413] {logging_mixin.py:115} INFO - [2022-05-05 06:18:50,413] {dagbag.py:507} INFO - Filling up the DagBag from /home/airflow/.local/lib/python3.7/site-packages/airflow/example_dags/example_bash_operator.py
[2022-05-05 06:18:50,423] {processor.py:651} INFO - DAG(s) dict_keys(['example_bash_operator']) retrieved from /home/airflow/.local/lib/python3.7/site-packages/airflow/example_dags/example_bash_operator.py
[2022-05-05 06:18:50,445] {logging_mixin.py:115} INFO - [2022-05-05 06:18:50,445] {dag.py:2371} INFO - Sync 1 DAGs
[2022-05-05 06:18:50,468] {logging_mixin.py:115} INFO - [2022-05-05 06:18:50,468] {dag.py:2919} INFO - Setting next_dagrun for example_bash_operator to 2022-05-04T00:00:00+00:00, run_after=2022-05-05T00:00:00+00:00
[2022-05-05 06:18:50,483] {processor.py:161} INFO - Processing /home/airflow/.local/lib/python3.7/site-packages/airflow/example_dags/example_bash_operator.py took 0.074 seconds
[2022-05-05 06:19:21,216] {processor.py:153} INFO - Started process (PID=3029) to work on /home/airflow/.local/lib/python3.7/site-packages/airflow/example_dags/example_bash_operator.py
[2022-05-05 06:19:21,217] {processor.py:641} INFO - Processing file /home/airflow/.local/lib/python3.7/site-packages/airflow/example_dags/example_bash_operator.py for tasks to queue
[2022-05-05 06:19:21,217] {logging_mixin.py:115} INFO - [2022-05-05 06:19:21,217] {dagbag.py:507} INFO - Filling up the DagBag from /home/airflow/.local/lib/python3.7/site-packages/airflow/example_dags/example_bash_operator.py
[2022-05-05 06:19:21,226] {processor.py:651} INFO - DAG(s) dict_keys(['example_bash_operator']) retrieved from /home/airflow/.local/lib/python3.7/site-packages/airflow/example_dags/example_bash_operator.py
[2022-05-05 06:19:21,250] {logging_mixin.py:115} INFO - [2022-05-05 06:19:21,250] {dag.py:2371} INFO - Sync 1 DAGs
[2022-05-05 06:19:21,272] {logging_mixin.py:115} INFO - [2022-05-05 06:19:21,271] {dag.py:2919} INFO - Setting next_dagrun for example_bash_operator to 2022-05-04T00:00:00+00:00, run_after=2022-05-05T00:00:00+00:00
[2022-05-05 06:19:21,289] {processor.py:161} INFO - Processing /home/airflow/.local/lib/python3.7/site-packages/airflow/example_dags/example_bash_operator.py took 0.075 seconds
[2022-05-05 06:19:52,184] {processor.py:153} INFO - Started process (PID=3090) to work on /home/airflow/.local/lib/python3.7/site-packages/airflow/example_dags/example_bash_operator.py
[2022-05-05 06:19:52,185] {processor.py:641} INFO - Processing file /home/airflow/.local/lib/python3.7/site-packages/airflow/example_dags/example_bash_operator.py for tasks to queue
[2022-05-05 06:19:52,186] {logging_mixin.py:115} INFO - [2022-05-05 06:19:52,186] {dagbag.py:507} INFO - Filling up the DagBag from /home/airflow/.local/lib/python3.7/site-packages/airflow/example_dags/example_bash_operator.py
[2022-05-05 06:19:52,201] {processor.py:651} INFO - DAG(s) dict_keys(['example_bash_operator']) retrieved from /home/airflow/.local/lib/python3.7/site-packages/airflow/example_dags/example_bash_operator.py
[2022-05-05 06:19:52,240] {logging_mixin.py:115} INFO - [2022-05-05 06:19:52,240] {dag.py:2371} INFO - Sync 1 DAGs
[2022-05-05 06:19:52,275] {logging_mixin.py:115} INFO - [2022-05-05 06:19:52,275] {dag.py:2919} INFO - Setting next_dagrun for example_bash_operator to 2022-05-04T00:00:00+00:00, run_after=2022-05-05T00:00:00+00:00
[2022-05-05 06:19:52,293] {processor.py:161} INFO - Processing /home/airflow/.local/lib/python3.7/site-packages/airflow/example_dags/example_bash_operator.py took 0.113 seconds
[2022-05-05 06:20:22,969] {processor.py:153} INFO - Started process (PID=3147) to work on /home/airflow/.local/lib/python3.7/site-packages/airflow/example_dags/example_bash_operator.py
[2022-05-05 06:20:22,970] {processor.py:641} INFO - Processing file /home/airflow/.local/lib/python3.7/site-packages/airflow/example_dags/example_bash_operator.py for tasks to queue
[2022-05-05 06:20:22,971] {logging_mixin.py:115} INFO - [2022-05-05 06:20:22,971] {dagbag.py:507} INFO - Filling up the DagBag from /home/airflow/.local/lib/python3.7/site-packages/airflow/example_dags/example_bash_operator.py
[2022-05-05 06:20:22,980] {processor.py:651} INFO - DAG(s) dict_keys(['example_bash_operator']) retrieved from /home/airflow/.local/lib/python3.7/site-packages/airflow/example_dags/example_bash_operator.py
[2022-05-05 06:20:23,004] {logging_mixin.py:115} INFO - [2022-05-05 06:20:23,004] {dag.py:2371} INFO - Sync 1 DAGs
[2022-05-05 06:20:23,027] {logging_mixin.py:115} INFO - [2022-05-05 06:20:23,027] {dag.py:2919} INFO - Setting next_dagrun for example_bash_operator to 2022-05-04T00:00:00+00:00, run_after=2022-05-05T00:00:00+00:00
[2022-05-05 06:20:23,043] {processor.py:161} INFO - Processing /home/airflow/.local/lib/python3.7/site-packages/airflow/example_dags/example_bash_operator.py took 0.076 seconds
[2022-05-05 06:20:53,771] {processor.py:153} INFO - Started process (PID=3210) to work on /home/airflow/.local/lib/python3.7/site-packages/airflow/example_dags/example_bash_operator.py
[2022-05-05 06:20:53,772] {processor.py:641} INFO - Processing file /home/airflow/.local/lib/python3.7/site-packages/airflow/example_dags/example_bash_operator.py for tasks to queue
[2022-05-05 06:20:53,773] {logging_mixin.py:115} INFO - [2022-05-05 06:20:53,773] {dagbag.py:507} INFO - Filling up the DagBag from /home/airflow/.local/lib/python3.7/site-packages/airflow/example_dags/example_bash_operator.py
[2022-05-05 06:20:53,782] {processor.py:651} INFO - DAG(s) dict_keys(['example_bash_operator']) retrieved from /home/airflow/.local/lib/python3.7/site-packages/airflow/example_dags/example_bash_operator.py
[2022-05-05 06:20:53,811] {logging_mixin.py:115} INFO - [2022-05-05 06:20:53,811] {dag.py:2371} INFO - Sync 1 DAGs
[2022-05-05 06:20:53,834] {logging_mixin.py:115} INFO - [2022-05-05 06:20:53,834] {dag.py:2919} INFO - Setting next_dagrun for example_bash_operator to 2022-05-04T00:00:00+00:00, run_after=2022-05-05T00:00:00+00:00
[2022-05-05 06:20:53,848] {processor.py:161} INFO - Processing /home/airflow/.local/lib/python3.7/site-packages/airflow/example_dags/example_bash_operator.py took 0.079 seconds
[2022-05-05 06:21:24,536] {processor.py:153} INFO - Started process (PID=3263) to work on /home/airflow/.local/lib/python3.7/site-packages/airflow/example_dags/example_bash_operator.py
[2022-05-05 06:21:24,537] {processor.py:641} INFO - Processing file /home/airflow/.local/lib/python3.7/site-packages/airflow/example_dags/example_bash_operator.py for tasks to queue
[2022-05-05 06:21:24,537] {logging_mixin.py:115} INFO - [2022-05-05 06:21:24,537] {dagbag.py:507} INFO - Filling up the DagBag from /home/airflow/.local/lib/python3.7/site-packages/airflow/example_dags/example_bash_operator.py
[2022-05-05 06:21:24,547] {processor.py:651} INFO - DAG(s) dict_keys(['example_bash_operator']) retrieved from /home/airflow/.local/lib/python3.7/site-packages/airflow/example_dags/example_bash_operator.py
[2022-05-05 06:21:24,578] {logging_mixin.py:115} INFO - [2022-05-05 06:21:24,578] {dag.py:2371} INFO - Sync 1 DAGs
[2022-05-05 06:21:24,609] {logging_mixin.py:115} INFO - [2022-05-05 06:21:24,609] {dag.py:2919} INFO - Setting next_dagrun for example_bash_operator to 2022-05-04T00:00:00+00:00, run_after=2022-05-05T00:00:00+00:00
[2022-05-05 06:21:24,625] {processor.py:161} INFO - Processing /home/airflow/.local/lib/python3.7/site-packages/airflow/example_dags/example_bash_operator.py took 0.091 seconds
