[2022-05-05 05:41:30,650] {processor.py:153} INFO - Started process (PID=63) to work on /home/airflow/.local/lib/python3.7/site-packages/airflow/example_dags/example_complex.py
[2022-05-05 05:41:30,650] {processor.py:641} INFO - Processing file /home/airflow/.local/lib/python3.7/site-packages/airflow/example_dags/example_complex.py for tasks to queue
[2022-05-05 05:41:30,651] {logging_mixin.py:115} INFO - [2022-05-05 05:41:30,651] {dagbag.py:507} INFO - Filling up the DagBag from /home/airflow/.local/lib/python3.7/site-packages/airflow/example_dags/example_complex.py
[2022-05-05 05:41:30,673] {processor.py:651} INFO - DAG(s) dict_keys(['example_complex']) retrieved from /home/airflow/.local/lib/python3.7/site-packages/airflow/example_dags/example_complex.py
[2022-05-05 05:41:30,961] {logging_mixin.py:115} INFO - [2022-05-05 05:41:30,961] {manager.py:508} INFO - Created Permission View: can delete on DAG:example_complex
[2022-05-05 05:41:30,975] {logging_mixin.py:115} INFO - [2022-05-05 05:41:30,975] {manager.py:508} INFO - Created Permission View: can edit on DAG:example_complex
[2022-05-05 05:41:30,989] {logging_mixin.py:115} INFO - [2022-05-05 05:41:30,989] {manager.py:508} INFO - Created Permission View: can read on DAG:example_complex
[2022-05-05 05:41:30,990] {logging_mixin.py:115} INFO - [2022-05-05 05:41:30,990] {dag.py:2371} INFO - Sync 1 DAGs
[2022-05-05 05:41:31,001] {logging_mixin.py:115} INFO - [2022-05-05 05:41:31,001] {dag.py:2390} INFO - Creating ORM DAG for example_complex
[2022-05-05 05:41:31,016] {logging_mixin.py:115} INFO - [2022-05-05 05:41:31,016] {dag.py:2919} INFO - Setting next_dagrun for example_complex to None, run_after=None
[2022-05-05 05:41:31,038] {processor.py:161} INFO - Processing /home/airflow/.local/lib/python3.7/site-packages/airflow/example_dags/example_complex.py took 0.393 seconds
[2022-05-05 05:42:01,197] {processor.py:153} INFO - Started process (PID=124) to work on /home/airflow/.local/lib/python3.7/site-packages/airflow/example_dags/example_complex.py
[2022-05-05 05:42:01,198] {processor.py:641} INFO - Processing file /home/airflow/.local/lib/python3.7/site-packages/airflow/example_dags/example_complex.py for tasks to queue
[2022-05-05 05:42:01,198] {logging_mixin.py:115} INFO - [2022-05-05 05:42:01,198] {dagbag.py:507} INFO - Filling up the DagBag from /home/airflow/.local/lib/python3.7/site-packages/airflow/example_dags/example_complex.py
[2022-05-05 05:42:01,210] {processor.py:651} INFO - DAG(s) dict_keys(['example_complex']) retrieved from /home/airflow/.local/lib/python3.7/site-packages/airflow/example_dags/example_complex.py
[2022-05-05 05:42:01,246] {logging_mixin.py:115} INFO - [2022-05-05 05:42:01,246] {dag.py:2371} INFO - Sync 1 DAGs
[2022-05-05 05:42:01,400] {logging_mixin.py:115} INFO - [2022-05-05 05:42:01,399] {dag.py:2919} INFO - Setting next_dagrun for example_complex to None, run_after=None
[2022-05-05 05:42:01,415] {processor.py:161} INFO - Processing /home/airflow/.local/lib/python3.7/site-packages/airflow/example_dags/example_complex.py took 0.220 seconds
[2022-05-05 05:42:32,141] {processor.py:153} INFO - Started process (PID=176) to work on /home/airflow/.local/lib/python3.7/site-packages/airflow/example_dags/example_complex.py
[2022-05-05 05:42:32,142] {processor.py:641} INFO - Processing file /home/airflow/.local/lib/python3.7/site-packages/airflow/example_dags/example_complex.py for tasks to queue
[2022-05-05 05:42:32,143] {logging_mixin.py:115} INFO - [2022-05-05 05:42:32,143] {dagbag.py:507} INFO - Filling up the DagBag from /home/airflow/.local/lib/python3.7/site-packages/airflow/example_dags/example_complex.py
[2022-05-05 05:42:32,155] {processor.py:651} INFO - DAG(s) dict_keys(['example_complex']) retrieved from /home/airflow/.local/lib/python3.7/site-packages/airflow/example_dags/example_complex.py
[2022-05-05 05:42:32,190] {logging_mixin.py:115} INFO - [2022-05-05 05:42:32,190] {dag.py:2371} INFO - Sync 1 DAGs
[2022-05-05 05:42:32,327] {logging_mixin.py:115} INFO - [2022-05-05 05:42:32,327] {dag.py:2919} INFO - Setting next_dagrun for example_complex to None, run_after=None
[2022-05-05 05:42:32,344] {processor.py:161} INFO - Processing /home/airflow/.local/lib/python3.7/site-packages/airflow/example_dags/example_complex.py took 0.206 seconds
[2022-05-05 05:43:02,751] {processor.py:153} INFO - Started process (PID=239) to work on /home/airflow/.local/lib/python3.7/site-packages/airflow/example_dags/example_complex.py
[2022-05-05 05:43:02,752] {processor.py:641} INFO - Processing file /home/airflow/.local/lib/python3.7/site-packages/airflow/example_dags/example_complex.py for tasks to queue
[2022-05-05 05:43:02,752] {logging_mixin.py:115} INFO - [2022-05-05 05:43:02,752] {dagbag.py:507} INFO - Filling up the DagBag from /home/airflow/.local/lib/python3.7/site-packages/airflow/example_dags/example_complex.py
[2022-05-05 05:43:02,764] {processor.py:651} INFO - DAG(s) dict_keys(['example_complex']) retrieved from /home/airflow/.local/lib/python3.7/site-packages/airflow/example_dags/example_complex.py
[2022-05-05 05:43:02,799] {logging_mixin.py:115} INFO - [2022-05-05 05:43:02,798] {dag.py:2371} INFO - Sync 1 DAGs
[2022-05-05 05:43:02,948] {logging_mixin.py:115} INFO - [2022-05-05 05:43:02,947] {dag.py:2919} INFO - Setting next_dagrun for example_complex to None, run_after=None
[2022-05-05 05:43:02,962] {processor.py:161} INFO - Processing /home/airflow/.local/lib/python3.7/site-packages/airflow/example_dags/example_complex.py took 0.214 seconds
[2022-05-05 05:43:33,887] {processor.py:153} INFO - Started process (PID=301) to work on /home/airflow/.local/lib/python3.7/site-packages/airflow/example_dags/example_complex.py
[2022-05-05 05:43:33,888] {processor.py:641} INFO - Processing file /home/airflow/.local/lib/python3.7/site-packages/airflow/example_dags/example_complex.py for tasks to queue
[2022-05-05 05:43:33,889] {logging_mixin.py:115} INFO - [2022-05-05 05:43:33,889] {dagbag.py:507} INFO - Filling up the DagBag from /home/airflow/.local/lib/python3.7/site-packages/airflow/example_dags/example_complex.py
[2022-05-05 05:43:33,923] {processor.py:651} INFO - DAG(s) dict_keys(['example_complex']) retrieved from /home/airflow/.local/lib/python3.7/site-packages/airflow/example_dags/example_complex.py
[2022-05-05 05:43:33,981] {logging_mixin.py:115} INFO - [2022-05-05 05:43:33,980] {dag.py:2371} INFO - Sync 1 DAGs
[2022-05-05 05:43:34,202] {logging_mixin.py:115} INFO - [2022-05-05 05:43:34,202] {dag.py:2919} INFO - Setting next_dagrun for example_complex to None, run_after=None
[2022-05-05 05:43:34,228] {processor.py:161} INFO - Processing /home/airflow/.local/lib/python3.7/site-packages/airflow/example_dags/example_complex.py took 0.346 seconds
[2022-05-05 05:44:05,117] {processor.py:153} INFO - Started process (PID=353) to work on /home/airflow/.local/lib/python3.7/site-packages/airflow/example_dags/example_complex.py
[2022-05-05 05:44:05,119] {processor.py:641} INFO - Processing file /home/airflow/.local/lib/python3.7/site-packages/airflow/example_dags/example_complex.py for tasks to queue
[2022-05-05 05:44:05,119] {logging_mixin.py:115} INFO - [2022-05-05 05:44:05,119] {dagbag.py:507} INFO - Filling up the DagBag from /home/airflow/.local/lib/python3.7/site-packages/airflow/example_dags/example_complex.py
[2022-05-05 05:44:05,130] {processor.py:651} INFO - DAG(s) dict_keys(['example_complex']) retrieved from /home/airflow/.local/lib/python3.7/site-packages/airflow/example_dags/example_complex.py
[2022-05-05 05:44:05,160] {logging_mixin.py:115} INFO - [2022-05-05 05:44:05,160] {dag.py:2371} INFO - Sync 1 DAGs
[2022-05-05 05:44:05,278] {logging_mixin.py:115} INFO - [2022-05-05 05:44:05,278] {dag.py:2919} INFO - Setting next_dagrun for example_complex to None, run_after=None
[2022-05-05 05:44:05,291] {processor.py:161} INFO - Processing /home/airflow/.local/lib/python3.7/site-packages/airflow/example_dags/example_complex.py took 0.176 seconds
[2022-05-05 05:44:35,648] {processor.py:153} INFO - Started process (PID=417) to work on /home/airflow/.local/lib/python3.7/site-packages/airflow/example_dags/example_complex.py
[2022-05-05 05:44:35,649] {processor.py:641} INFO - Processing file /home/airflow/.local/lib/python3.7/site-packages/airflow/example_dags/example_complex.py for tasks to queue
[2022-05-05 05:44:35,649] {logging_mixin.py:115} INFO - [2022-05-05 05:44:35,649] {dagbag.py:507} INFO - Filling up the DagBag from /home/airflow/.local/lib/python3.7/site-packages/airflow/example_dags/example_complex.py
[2022-05-05 05:44:35,662] {processor.py:651} INFO - DAG(s) dict_keys(['example_complex']) retrieved from /home/airflow/.local/lib/python3.7/site-packages/airflow/example_dags/example_complex.py
[2022-05-05 05:44:35,693] {logging_mixin.py:115} INFO - [2022-05-05 05:44:35,693] {dag.py:2371} INFO - Sync 1 DAGs
[2022-05-05 05:44:35,809] {logging_mixin.py:115} INFO - [2022-05-05 05:44:35,809] {dag.py:2919} INFO - Setting next_dagrun for example_complex to None, run_after=None
[2022-05-05 05:44:35,825] {processor.py:161} INFO - Processing /home/airflow/.local/lib/python3.7/site-packages/airflow/example_dags/example_complex.py took 0.180 seconds
[2022-05-05 05:45:06,104] {processor.py:153} INFO - Started process (PID=478) to work on /home/airflow/.local/lib/python3.7/site-packages/airflow/example_dags/example_complex.py
[2022-05-05 05:45:06,105] {processor.py:641} INFO - Processing file /home/airflow/.local/lib/python3.7/site-packages/airflow/example_dags/example_complex.py for tasks to queue
[2022-05-05 05:45:06,105] {logging_mixin.py:115} INFO - [2022-05-05 05:45:06,105] {dagbag.py:507} INFO - Filling up the DagBag from /home/airflow/.local/lib/python3.7/site-packages/airflow/example_dags/example_complex.py
[2022-05-05 05:45:06,119] {processor.py:651} INFO - DAG(s) dict_keys(['example_complex']) retrieved from /home/airflow/.local/lib/python3.7/site-packages/airflow/example_dags/example_complex.py
[2022-05-05 05:45:06,217] {logging_mixin.py:115} INFO - [2022-05-05 05:45:06,217] {dag.py:2371} INFO - Sync 1 DAGs
[2022-05-05 05:45:06,363] {logging_mixin.py:115} INFO - [2022-05-05 05:45:06,363] {dag.py:2919} INFO - Setting next_dagrun for example_complex to None, run_after=None
[2022-05-05 05:45:06,380] {processor.py:161} INFO - Processing /home/airflow/.local/lib/python3.7/site-packages/airflow/example_dags/example_complex.py took 0.280 seconds
[2022-05-05 05:45:36,531] {processor.py:153} INFO - Started process (PID=532) to work on /home/airflow/.local/lib/python3.7/site-packages/airflow/example_dags/example_complex.py
[2022-05-05 05:45:36,538] {processor.py:641} INFO - Processing file /home/airflow/.local/lib/python3.7/site-packages/airflow/example_dags/example_complex.py for tasks to queue
[2022-05-05 05:45:36,539] {logging_mixin.py:115} INFO - [2022-05-05 05:45:36,538] {dagbag.py:507} INFO - Filling up the DagBag from /home/airflow/.local/lib/python3.7/site-packages/airflow/example_dags/example_complex.py
[2022-05-05 05:45:36,549] {processor.py:651} INFO - DAG(s) dict_keys(['example_complex']) retrieved from /home/airflow/.local/lib/python3.7/site-packages/airflow/example_dags/example_complex.py
[2022-05-05 05:45:36,580] {logging_mixin.py:115} INFO - [2022-05-05 05:45:36,580] {dag.py:2371} INFO - Sync 1 DAGs
[2022-05-05 05:45:36,708] {logging_mixin.py:115} INFO - [2022-05-05 05:45:36,708] {dag.py:2919} INFO - Setting next_dagrun for example_complex to None, run_after=None
[2022-05-05 05:45:36,721] {processor.py:161} INFO - Processing /home/airflow/.local/lib/python3.7/site-packages/airflow/example_dags/example_complex.py took 0.193 seconds
[2022-05-05 05:46:06,981] {processor.py:153} INFO - Started process (PID=594) to work on /home/airflow/.local/lib/python3.7/site-packages/airflow/example_dags/example_complex.py
[2022-05-05 05:46:06,982] {processor.py:641} INFO - Processing file /home/airflow/.local/lib/python3.7/site-packages/airflow/example_dags/example_complex.py for tasks to queue
[2022-05-05 05:46:06,982] {logging_mixin.py:115} INFO - [2022-05-05 05:46:06,982] {dagbag.py:507} INFO - Filling up the DagBag from /home/airflow/.local/lib/python3.7/site-packages/airflow/example_dags/example_complex.py
[2022-05-05 05:46:06,997] {processor.py:651} INFO - DAG(s) dict_keys(['example_complex']) retrieved from /home/airflow/.local/lib/python3.7/site-packages/airflow/example_dags/example_complex.py
[2022-05-05 05:46:07,032] {logging_mixin.py:115} INFO - [2022-05-05 05:46:07,032] {dag.py:2371} INFO - Sync 1 DAGs
[2022-05-05 05:46:07,179] {logging_mixin.py:115} INFO - [2022-05-05 05:46:07,179] {dag.py:2919} INFO - Setting next_dagrun for example_complex to None, run_after=None
[2022-05-05 05:46:07,197] {processor.py:161} INFO - Processing /home/airflow/.local/lib/python3.7/site-packages/airflow/example_dags/example_complex.py took 0.218 seconds
[2022-05-05 05:46:37,546] {processor.py:153} INFO - Started process (PID=655) to work on /home/airflow/.local/lib/python3.7/site-packages/airflow/example_dags/example_complex.py
[2022-05-05 05:46:37,548] {processor.py:641} INFO - Processing file /home/airflow/.local/lib/python3.7/site-packages/airflow/example_dags/example_complex.py for tasks to queue
[2022-05-05 05:46:37,549] {logging_mixin.py:115} INFO - [2022-05-05 05:46:37,549] {dagbag.py:507} INFO - Filling up the DagBag from /home/airflow/.local/lib/python3.7/site-packages/airflow/example_dags/example_complex.py
[2022-05-05 05:46:37,561] {processor.py:651} INFO - DAG(s) dict_keys(['example_complex']) retrieved from /home/airflow/.local/lib/python3.7/site-packages/airflow/example_dags/example_complex.py
[2022-05-05 05:46:37,592] {logging_mixin.py:115} INFO - [2022-05-05 05:46:37,592] {dag.py:2371} INFO - Sync 1 DAGs
[2022-05-05 05:46:37,726] {logging_mixin.py:115} INFO - [2022-05-05 05:46:37,726] {dag.py:2919} INFO - Setting next_dagrun for example_complex to None, run_after=None
[2022-05-05 05:46:37,741] {processor.py:161} INFO - Processing /home/airflow/.local/lib/python3.7/site-packages/airflow/example_dags/example_complex.py took 0.197 seconds
[2022-05-05 05:47:08,201] {processor.py:153} INFO - Started process (PID=710) to work on /home/airflow/.local/lib/python3.7/site-packages/airflow/example_dags/example_complex.py
[2022-05-05 05:47:08,202] {processor.py:641} INFO - Processing file /home/airflow/.local/lib/python3.7/site-packages/airflow/example_dags/example_complex.py for tasks to queue
[2022-05-05 05:47:08,202] {logging_mixin.py:115} INFO - [2022-05-05 05:47:08,202] {dagbag.py:507} INFO - Filling up the DagBag from /home/airflow/.local/lib/python3.7/site-packages/airflow/example_dags/example_complex.py
[2022-05-05 05:47:08,213] {processor.py:651} INFO - DAG(s) dict_keys(['example_complex']) retrieved from /home/airflow/.local/lib/python3.7/site-packages/airflow/example_dags/example_complex.py
[2022-05-05 05:47:08,242] {logging_mixin.py:115} INFO - [2022-05-05 05:47:08,241] {dag.py:2371} INFO - Sync 1 DAGs
[2022-05-05 05:47:08,364] {logging_mixin.py:115} INFO - [2022-05-05 05:47:08,364] {dag.py:2919} INFO - Setting next_dagrun for example_complex to None, run_after=None
[2022-05-05 05:47:08,377] {processor.py:161} INFO - Processing /home/airflow/.local/lib/python3.7/site-packages/airflow/example_dags/example_complex.py took 0.179 seconds
[2022-05-05 05:47:38,746] {processor.py:153} INFO - Started process (PID=773) to work on /home/airflow/.local/lib/python3.7/site-packages/airflow/example_dags/example_complex.py
[2022-05-05 05:47:38,746] {processor.py:641} INFO - Processing file /home/airflow/.local/lib/python3.7/site-packages/airflow/example_dags/example_complex.py for tasks to queue
[2022-05-05 05:47:38,746] {logging_mixin.py:115} INFO - [2022-05-05 05:47:38,746] {dagbag.py:507} INFO - Filling up the DagBag from /home/airflow/.local/lib/python3.7/site-packages/airflow/example_dags/example_complex.py
[2022-05-05 05:47:38,758] {processor.py:651} INFO - DAG(s) dict_keys(['example_complex']) retrieved from /home/airflow/.local/lib/python3.7/site-packages/airflow/example_dags/example_complex.py
[2022-05-05 05:47:38,785] {logging_mixin.py:115} INFO - [2022-05-05 05:47:38,785] {dag.py:2371} INFO - Sync 1 DAGs
[2022-05-05 05:47:38,916] {logging_mixin.py:115} INFO - [2022-05-05 05:47:38,916] {dag.py:2919} INFO - Setting next_dagrun for example_complex to None, run_after=None
[2022-05-05 05:47:38,928] {processor.py:161} INFO - Processing /home/airflow/.local/lib/python3.7/site-packages/airflow/example_dags/example_complex.py took 0.184 seconds
[2022-05-05 05:48:09,481] {processor.py:153} INFO - Started process (PID=832) to work on /home/airflow/.local/lib/python3.7/site-packages/airflow/example_dags/example_complex.py
[2022-05-05 05:48:09,488] {processor.py:641} INFO - Processing file /home/airflow/.local/lib/python3.7/site-packages/airflow/example_dags/example_complex.py for tasks to queue
[2022-05-05 05:48:09,489] {logging_mixin.py:115} INFO - [2022-05-05 05:48:09,489] {dagbag.py:507} INFO - Filling up the DagBag from /home/airflow/.local/lib/python3.7/site-packages/airflow/example_dags/example_complex.py
[2022-05-05 05:48:09,500] {processor.py:651} INFO - DAG(s) dict_keys(['example_complex']) retrieved from /home/airflow/.local/lib/python3.7/site-packages/airflow/example_dags/example_complex.py
[2022-05-05 05:48:09,532] {logging_mixin.py:115} INFO - [2022-05-05 05:48:09,532] {dag.py:2371} INFO - Sync 1 DAGs
[2022-05-05 05:48:09,668] {logging_mixin.py:115} INFO - [2022-05-05 05:48:09,668] {dag.py:2919} INFO - Setting next_dagrun for example_complex to None, run_after=None
[2022-05-05 05:48:09,684] {processor.py:161} INFO - Processing /home/airflow/.local/lib/python3.7/site-packages/airflow/example_dags/example_complex.py took 0.206 seconds
[2022-05-05 05:48:40,322] {processor.py:153} INFO - Started process (PID=886) to work on /home/airflow/.local/lib/python3.7/site-packages/airflow/example_dags/example_complex.py
[2022-05-05 05:48:40,322] {processor.py:641} INFO - Processing file /home/airflow/.local/lib/python3.7/site-packages/airflow/example_dags/example_complex.py for tasks to queue
[2022-05-05 05:48:40,323] {logging_mixin.py:115} INFO - [2022-05-05 05:48:40,323] {dagbag.py:507} INFO - Filling up the DagBag from /home/airflow/.local/lib/python3.7/site-packages/airflow/example_dags/example_complex.py
[2022-05-05 05:48:40,333] {processor.py:651} INFO - DAG(s) dict_keys(['example_complex']) retrieved from /home/airflow/.local/lib/python3.7/site-packages/airflow/example_dags/example_complex.py
[2022-05-05 05:48:40,361] {logging_mixin.py:115} INFO - [2022-05-05 05:48:40,361] {dag.py:2371} INFO - Sync 1 DAGs
[2022-05-05 05:48:40,477] {logging_mixin.py:115} INFO - [2022-05-05 05:48:40,477] {dag.py:2919} INFO - Setting next_dagrun for example_complex to None, run_after=None
[2022-05-05 05:48:40,490] {processor.py:161} INFO - Processing /home/airflow/.local/lib/python3.7/site-packages/airflow/example_dags/example_complex.py took 0.170 seconds
[2022-05-05 05:49:11,026] {processor.py:153} INFO - Started process (PID=950) to work on /home/airflow/.local/lib/python3.7/site-packages/airflow/example_dags/example_complex.py
[2022-05-05 05:49:11,033] {processor.py:641} INFO - Processing file /home/airflow/.local/lib/python3.7/site-packages/airflow/example_dags/example_complex.py for tasks to queue
[2022-05-05 05:49:11,034] {logging_mixin.py:115} INFO - [2022-05-05 05:49:11,033] {dagbag.py:507} INFO - Filling up the DagBag from /home/airflow/.local/lib/python3.7/site-packages/airflow/example_dags/example_complex.py
[2022-05-05 05:49:11,048] {processor.py:651} INFO - DAG(s) dict_keys(['example_complex']) retrieved from /home/airflow/.local/lib/python3.7/site-packages/airflow/example_dags/example_complex.py
[2022-05-05 05:49:11,080] {logging_mixin.py:115} INFO - [2022-05-05 05:49:11,080] {dag.py:2371} INFO - Sync 1 DAGs
[2022-05-05 05:49:11,199] {logging_mixin.py:115} INFO - [2022-05-05 05:49:11,199] {dag.py:2919} INFO - Setting next_dagrun for example_complex to None, run_after=None
[2022-05-05 05:49:11,212] {processor.py:161} INFO - Processing /home/airflow/.local/lib/python3.7/site-packages/airflow/example_dags/example_complex.py took 0.189 seconds
[2022-05-05 05:49:41,437] {processor.py:153} INFO - Started process (PID=1004) to work on /home/airflow/.local/lib/python3.7/site-packages/airflow/example_dags/example_complex.py
[2022-05-05 05:49:41,437] {processor.py:641} INFO - Processing file /home/airflow/.local/lib/python3.7/site-packages/airflow/example_dags/example_complex.py for tasks to queue
[2022-05-05 05:49:41,438] {logging_mixin.py:115} INFO - [2022-05-05 05:49:41,438] {dagbag.py:507} INFO - Filling up the DagBag from /home/airflow/.local/lib/python3.7/site-packages/airflow/example_dags/example_complex.py
[2022-05-05 05:49:41,451] {processor.py:651} INFO - DAG(s) dict_keys(['example_complex']) retrieved from /home/airflow/.local/lib/python3.7/site-packages/airflow/example_dags/example_complex.py
[2022-05-05 05:49:41,504] {logging_mixin.py:115} INFO - [2022-05-05 05:49:41,504] {dag.py:2371} INFO - Sync 1 DAGs
[2022-05-05 05:49:41,653] {logging_mixin.py:115} INFO - [2022-05-05 05:49:41,653] {dag.py:2919} INFO - Setting next_dagrun for example_complex to None, run_after=None
[2022-05-05 05:49:41,668] {processor.py:161} INFO - Processing /home/airflow/.local/lib/python3.7/site-packages/airflow/example_dags/example_complex.py took 0.235 seconds
[2022-05-05 05:50:12,274] {processor.py:153} INFO - Started process (PID=1066) to work on /home/airflow/.local/lib/python3.7/site-packages/airflow/example_dags/example_complex.py
[2022-05-05 05:50:12,276] {processor.py:641} INFO - Processing file /home/airflow/.local/lib/python3.7/site-packages/airflow/example_dags/example_complex.py for tasks to queue
[2022-05-05 05:50:12,277] {logging_mixin.py:115} INFO - [2022-05-05 05:50:12,277] {dagbag.py:507} INFO - Filling up the DagBag from /home/airflow/.local/lib/python3.7/site-packages/airflow/example_dags/example_complex.py
[2022-05-05 05:50:12,288] {processor.py:651} INFO - DAG(s) dict_keys(['example_complex']) retrieved from /home/airflow/.local/lib/python3.7/site-packages/airflow/example_dags/example_complex.py
[2022-05-05 05:50:12,320] {logging_mixin.py:115} INFO - [2022-05-05 05:50:12,320] {dag.py:2371} INFO - Sync 1 DAGs
[2022-05-05 05:50:12,442] {logging_mixin.py:115} INFO - [2022-05-05 05:50:12,442] {dag.py:2919} INFO - Setting next_dagrun for example_complex to None, run_after=None
[2022-05-05 05:50:12,456] {processor.py:161} INFO - Processing /home/airflow/.local/lib/python3.7/site-packages/airflow/example_dags/example_complex.py took 0.186 seconds
[2022-05-05 05:50:42,526] {processor.py:153} INFO - Started process (PID=1129) to work on /home/airflow/.local/lib/python3.7/site-packages/airflow/example_dags/example_complex.py
[2022-05-05 05:50:42,527] {processor.py:641} INFO - Processing file /home/airflow/.local/lib/python3.7/site-packages/airflow/example_dags/example_complex.py for tasks to queue
[2022-05-05 05:50:42,528] {logging_mixin.py:115} INFO - [2022-05-05 05:50:42,527] {dagbag.py:507} INFO - Filling up the DagBag from /home/airflow/.local/lib/python3.7/site-packages/airflow/example_dags/example_complex.py
[2022-05-05 05:50:42,539] {processor.py:651} INFO - DAG(s) dict_keys(['example_complex']) retrieved from /home/airflow/.local/lib/python3.7/site-packages/airflow/example_dags/example_complex.py
[2022-05-05 05:50:42,569] {logging_mixin.py:115} INFO - [2022-05-05 05:50:42,569] {dag.py:2371} INFO - Sync 1 DAGs
[2022-05-05 05:50:42,692] {logging_mixin.py:115} INFO - [2022-05-05 05:50:42,692] {dag.py:2919} INFO - Setting next_dagrun for example_complex to None, run_after=None
[2022-05-05 05:50:42,704] {processor.py:161} INFO - Processing /home/airflow/.local/lib/python3.7/site-packages/airflow/example_dags/example_complex.py took 0.182 seconds
[2022-05-05 05:52:21,072] {processor.py:153} INFO - Started process (PID=64) to work on /home/airflow/.local/lib/python3.7/site-packages/airflow/example_dags/example_complex.py
[2022-05-05 05:52:21,073] {processor.py:641} INFO - Processing file /home/airflow/.local/lib/python3.7/site-packages/airflow/example_dags/example_complex.py for tasks to queue
[2022-05-05 05:52:21,074] {logging_mixin.py:115} INFO - [2022-05-05 05:52:21,074] {dagbag.py:507} INFO - Filling up the DagBag from /home/airflow/.local/lib/python3.7/site-packages/airflow/example_dags/example_complex.py
[2022-05-05 05:52:21,091] {processor.py:651} INFO - DAG(s) dict_keys(['example_complex']) retrieved from /home/airflow/.local/lib/python3.7/site-packages/airflow/example_dags/example_complex.py
[2022-05-05 05:52:21,138] {logging_mixin.py:115} INFO - [2022-05-05 05:52:21,138] {dag.py:2371} INFO - Sync 1 DAGs
[2022-05-05 05:52:21,325] {logging_mixin.py:115} INFO - [2022-05-05 05:52:21,325] {dag.py:2919} INFO - Setting next_dagrun for example_complex to None, run_after=None
[2022-05-05 05:52:21,348] {processor.py:161} INFO - Processing /home/airflow/.local/lib/python3.7/site-packages/airflow/example_dags/example_complex.py took 0.279 seconds
[2022-05-05 05:52:51,383] {processor.py:153} INFO - Started process (PID=117) to work on /home/airflow/.local/lib/python3.7/site-packages/airflow/example_dags/example_complex.py
[2022-05-05 05:52:51,384] {processor.py:641} INFO - Processing file /home/airflow/.local/lib/python3.7/site-packages/airflow/example_dags/example_complex.py for tasks to queue
[2022-05-05 05:52:51,384] {logging_mixin.py:115} INFO - [2022-05-05 05:52:51,384] {dagbag.py:507} INFO - Filling up the DagBag from /home/airflow/.local/lib/python3.7/site-packages/airflow/example_dags/example_complex.py
[2022-05-05 05:52:51,395] {processor.py:651} INFO - DAG(s) dict_keys(['example_complex']) retrieved from /home/airflow/.local/lib/python3.7/site-packages/airflow/example_dags/example_complex.py
[2022-05-05 05:52:51,422] {logging_mixin.py:115} INFO - [2022-05-05 05:52:51,422] {dag.py:2371} INFO - Sync 1 DAGs
[2022-05-05 05:52:51,536] {logging_mixin.py:115} INFO - [2022-05-05 05:52:51,535] {dag.py:2919} INFO - Setting next_dagrun for example_complex to None, run_after=None
[2022-05-05 05:52:51,548] {processor.py:161} INFO - Processing /home/airflow/.local/lib/python3.7/site-packages/airflow/example_dags/example_complex.py took 0.168 seconds
[2022-05-05 05:53:49,326] {processor.py:153} INFO - Started process (PID=64) to work on /home/airflow/.local/lib/python3.7/site-packages/airflow/example_dags/example_complex.py
[2022-05-05 05:53:49,329] {processor.py:641} INFO - Processing file /home/airflow/.local/lib/python3.7/site-packages/airflow/example_dags/example_complex.py for tasks to queue
[2022-05-05 05:53:49,330] {logging_mixin.py:115} INFO - [2022-05-05 05:53:49,330] {dagbag.py:507} INFO - Filling up the DagBag from /home/airflow/.local/lib/python3.7/site-packages/airflow/example_dags/example_complex.py
[2022-05-05 05:53:49,350] {processor.py:651} INFO - DAG(s) dict_keys(['example_complex']) retrieved from /home/airflow/.local/lib/python3.7/site-packages/airflow/example_dags/example_complex.py
[2022-05-05 05:53:49,396] {logging_mixin.py:115} INFO - [2022-05-05 05:53:49,395] {dag.py:2371} INFO - Sync 1 DAGs
[2022-05-05 05:53:49,541] {logging_mixin.py:115} INFO - [2022-05-05 05:53:49,541] {dag.py:2919} INFO - Setting next_dagrun for example_complex to None, run_after=None
[2022-05-05 05:53:49,556] {processor.py:161} INFO - Processing /home/airflow/.local/lib/python3.7/site-packages/airflow/example_dags/example_complex.py took 0.235 seconds
[2022-05-05 05:54:19,886] {processor.py:153} INFO - Started process (PID=127) to work on /home/airflow/.local/lib/python3.7/site-packages/airflow/example_dags/example_complex.py
[2022-05-05 05:54:19,887] {processor.py:641} INFO - Processing file /home/airflow/.local/lib/python3.7/site-packages/airflow/example_dags/example_complex.py for tasks to queue
[2022-05-05 05:54:19,887] {logging_mixin.py:115} INFO - [2022-05-05 05:54:19,887] {dagbag.py:507} INFO - Filling up the DagBag from /home/airflow/.local/lib/python3.7/site-packages/airflow/example_dags/example_complex.py
[2022-05-05 05:54:19,905] {processor.py:651} INFO - DAG(s) dict_keys(['example_complex']) retrieved from /home/airflow/.local/lib/python3.7/site-packages/airflow/example_dags/example_complex.py
[2022-05-05 05:54:19,952] {logging_mixin.py:115} INFO - [2022-05-05 05:54:19,952] {dag.py:2371} INFO - Sync 1 DAGs
[2022-05-05 05:54:20,114] {logging_mixin.py:115} INFO - [2022-05-05 05:54:20,114] {dag.py:2919} INFO - Setting next_dagrun for example_complex to None, run_after=None
[2022-05-05 05:54:20,129] {processor.py:161} INFO - Processing /home/airflow/.local/lib/python3.7/site-packages/airflow/example_dags/example_complex.py took 0.246 seconds
[2022-05-05 05:54:50,676] {processor.py:153} INFO - Started process (PID=180) to work on /home/airflow/.local/lib/python3.7/site-packages/airflow/example_dags/example_complex.py
[2022-05-05 05:54:50,677] {processor.py:641} INFO - Processing file /home/airflow/.local/lib/python3.7/site-packages/airflow/example_dags/example_complex.py for tasks to queue
[2022-05-05 05:54:50,677] {logging_mixin.py:115} INFO - [2022-05-05 05:54:50,677] {dagbag.py:507} INFO - Filling up the DagBag from /home/airflow/.local/lib/python3.7/site-packages/airflow/example_dags/example_complex.py
[2022-05-05 05:54:50,688] {processor.py:651} INFO - DAG(s) dict_keys(['example_complex']) retrieved from /home/airflow/.local/lib/python3.7/site-packages/airflow/example_dags/example_complex.py
[2022-05-05 05:54:50,718] {logging_mixin.py:115} INFO - [2022-05-05 05:54:50,718] {dag.py:2371} INFO - Sync 1 DAGs
[2022-05-05 05:54:50,840] {logging_mixin.py:115} INFO - [2022-05-05 05:54:50,839] {dag.py:2919} INFO - Setting next_dagrun for example_complex to None, run_after=None
[2022-05-05 05:54:50,853] {processor.py:161} INFO - Processing /home/airflow/.local/lib/python3.7/site-packages/airflow/example_dags/example_complex.py took 0.179 seconds
[2022-05-05 05:55:21,379] {processor.py:153} INFO - Started process (PID=242) to work on /home/airflow/.local/lib/python3.7/site-packages/airflow/example_dags/example_complex.py
[2022-05-05 05:55:21,379] {processor.py:641} INFO - Processing file /home/airflow/.local/lib/python3.7/site-packages/airflow/example_dags/example_complex.py for tasks to queue
[2022-05-05 05:55:21,379] {logging_mixin.py:115} INFO - [2022-05-05 05:55:21,379] {dagbag.py:507} INFO - Filling up the DagBag from /home/airflow/.local/lib/python3.7/site-packages/airflow/example_dags/example_complex.py
[2022-05-05 05:55:21,390] {processor.py:651} INFO - DAG(s) dict_keys(['example_complex']) retrieved from /home/airflow/.local/lib/python3.7/site-packages/airflow/example_dags/example_complex.py
[2022-05-05 05:55:21,419] {logging_mixin.py:115} INFO - [2022-05-05 05:55:21,419] {dag.py:2371} INFO - Sync 1 DAGs
[2022-05-05 05:55:21,538] {logging_mixin.py:115} INFO - [2022-05-05 05:55:21,538] {dag.py:2919} INFO - Setting next_dagrun for example_complex to None, run_after=None
[2022-05-05 05:55:21,553] {processor.py:161} INFO - Processing /home/airflow/.local/lib/python3.7/site-packages/airflow/example_dags/example_complex.py took 0.177 seconds
[2022-05-05 05:55:51,983] {processor.py:153} INFO - Started process (PID=304) to work on /home/airflow/.local/lib/python3.7/site-packages/airflow/example_dags/example_complex.py
[2022-05-05 05:55:51,984] {processor.py:641} INFO - Processing file /home/airflow/.local/lib/python3.7/site-packages/airflow/example_dags/example_complex.py for tasks to queue
[2022-05-05 05:55:51,984] {logging_mixin.py:115} INFO - [2022-05-05 05:55:51,984] {dagbag.py:507} INFO - Filling up the DagBag from /home/airflow/.local/lib/python3.7/site-packages/airflow/example_dags/example_complex.py
[2022-05-05 05:55:51,996] {processor.py:651} INFO - DAG(s) dict_keys(['example_complex']) retrieved from /home/airflow/.local/lib/python3.7/site-packages/airflow/example_dags/example_complex.py
[2022-05-05 05:55:52,038] {logging_mixin.py:115} INFO - [2022-05-05 05:55:52,038] {dag.py:2371} INFO - Sync 1 DAGs
[2022-05-05 05:55:52,199] {logging_mixin.py:115} INFO - [2022-05-05 05:55:52,199] {dag.py:2919} INFO - Setting next_dagrun for example_complex to None, run_after=None
[2022-05-05 05:55:52,219] {processor.py:161} INFO - Processing /home/airflow/.local/lib/python3.7/site-packages/airflow/example_dags/example_complex.py took 0.239 seconds
[2022-05-05 05:56:22,525] {processor.py:153} INFO - Started process (PID=357) to work on /home/airflow/.local/lib/python3.7/site-packages/airflow/example_dags/example_complex.py
[2022-05-05 05:56:22,526] {processor.py:641} INFO - Processing file /home/airflow/.local/lib/python3.7/site-packages/airflow/example_dags/example_complex.py for tasks to queue
[2022-05-05 05:56:22,527] {logging_mixin.py:115} INFO - [2022-05-05 05:56:22,527] {dagbag.py:507} INFO - Filling up the DagBag from /home/airflow/.local/lib/python3.7/site-packages/airflow/example_dags/example_complex.py
[2022-05-05 05:56:22,537] {processor.py:651} INFO - DAG(s) dict_keys(['example_complex']) retrieved from /home/airflow/.local/lib/python3.7/site-packages/airflow/example_dags/example_complex.py
[2022-05-05 05:56:22,567] {logging_mixin.py:115} INFO - [2022-05-05 05:56:22,567] {dag.py:2371} INFO - Sync 1 DAGs
[2022-05-05 05:56:22,678] {logging_mixin.py:115} INFO - [2022-05-05 05:56:22,678] {dag.py:2919} INFO - Setting next_dagrun for example_complex to None, run_after=None
[2022-05-05 05:56:22,691] {processor.py:161} INFO - Processing /home/airflow/.local/lib/python3.7/site-packages/airflow/example_dags/example_complex.py took 0.168 seconds
[2022-05-05 05:56:52,897] {processor.py:153} INFO - Started process (PID=419) to work on /home/airflow/.local/lib/python3.7/site-packages/airflow/example_dags/example_complex.py
[2022-05-05 05:56:52,898] {processor.py:641} INFO - Processing file /home/airflow/.local/lib/python3.7/site-packages/airflow/example_dags/example_complex.py for tasks to queue
[2022-05-05 05:56:52,898] {logging_mixin.py:115} INFO - [2022-05-05 05:56:52,898] {dagbag.py:507} INFO - Filling up the DagBag from /home/airflow/.local/lib/python3.7/site-packages/airflow/example_dags/example_complex.py
[2022-05-05 05:56:52,911] {processor.py:651} INFO - DAG(s) dict_keys(['example_complex']) retrieved from /home/airflow/.local/lib/python3.7/site-packages/airflow/example_dags/example_complex.py
[2022-05-05 05:56:52,944] {logging_mixin.py:115} INFO - [2022-05-05 05:56:52,944] {dag.py:2371} INFO - Sync 1 DAGs
[2022-05-05 05:56:53,073] {logging_mixin.py:115} INFO - [2022-05-05 05:56:53,072] {dag.py:2919} INFO - Setting next_dagrun for example_complex to None, run_after=None
[2022-05-05 05:56:53,087] {processor.py:161} INFO - Processing /home/airflow/.local/lib/python3.7/site-packages/airflow/example_dags/example_complex.py took 0.193 seconds
[2022-05-05 05:57:23,443] {processor.py:153} INFO - Started process (PID=481) to work on /home/airflow/.local/lib/python3.7/site-packages/airflow/example_dags/example_complex.py
[2022-05-05 05:57:23,443] {processor.py:641} INFO - Processing file /home/airflow/.local/lib/python3.7/site-packages/airflow/example_dags/example_complex.py for tasks to queue
[2022-05-05 05:57:23,444] {logging_mixin.py:115} INFO - [2022-05-05 05:57:23,444] {dagbag.py:507} INFO - Filling up the DagBag from /home/airflow/.local/lib/python3.7/site-packages/airflow/example_dags/example_complex.py
[2022-05-05 05:57:23,457] {processor.py:651} INFO - DAG(s) dict_keys(['example_complex']) retrieved from /home/airflow/.local/lib/python3.7/site-packages/airflow/example_dags/example_complex.py
[2022-05-05 05:57:23,492] {logging_mixin.py:115} INFO - [2022-05-05 05:57:23,492] {dag.py:2371} INFO - Sync 1 DAGs
[2022-05-05 05:57:23,632] {logging_mixin.py:115} INFO - [2022-05-05 05:57:23,632] {dag.py:2919} INFO - Setting next_dagrun for example_complex to None, run_after=None
[2022-05-05 05:57:23,648] {processor.py:161} INFO - Processing /home/airflow/.local/lib/python3.7/site-packages/airflow/example_dags/example_complex.py took 0.207 seconds
[2022-05-05 05:57:53,774] {processor.py:153} INFO - Started process (PID=534) to work on /home/airflow/.local/lib/python3.7/site-packages/airflow/example_dags/example_complex.py
[2022-05-05 05:57:53,776] {processor.py:641} INFO - Processing file /home/airflow/.local/lib/python3.7/site-packages/airflow/example_dags/example_complex.py for tasks to queue
[2022-05-05 05:57:53,776] {logging_mixin.py:115} INFO - [2022-05-05 05:57:53,776] {dagbag.py:507} INFO - Filling up the DagBag from /home/airflow/.local/lib/python3.7/site-packages/airflow/example_dags/example_complex.py
[2022-05-05 05:57:53,787] {processor.py:651} INFO - DAG(s) dict_keys(['example_complex']) retrieved from /home/airflow/.local/lib/python3.7/site-packages/airflow/example_dags/example_complex.py
[2022-05-05 05:57:53,817] {logging_mixin.py:115} INFO - [2022-05-05 05:57:53,817] {dag.py:2371} INFO - Sync 1 DAGs
[2022-05-05 05:57:53,938] {logging_mixin.py:115} INFO - [2022-05-05 05:57:53,938] {dag.py:2919} INFO - Setting next_dagrun for example_complex to None, run_after=None
[2022-05-05 05:57:53,951] {processor.py:161} INFO - Processing /home/airflow/.local/lib/python3.7/site-packages/airflow/example_dags/example_complex.py took 0.179 seconds
[2022-05-05 05:58:24,033] {processor.py:153} INFO - Started process (PID=597) to work on /home/airflow/.local/lib/python3.7/site-packages/airflow/example_dags/example_complex.py
[2022-05-05 05:58:24,033] {processor.py:641} INFO - Processing file /home/airflow/.local/lib/python3.7/site-packages/airflow/example_dags/example_complex.py for tasks to queue
[2022-05-05 05:58:24,034] {logging_mixin.py:115} INFO - [2022-05-05 05:58:24,034] {dagbag.py:507} INFO - Filling up the DagBag from /home/airflow/.local/lib/python3.7/site-packages/airflow/example_dags/example_complex.py
[2022-05-05 05:58:24,045] {processor.py:651} INFO - DAG(s) dict_keys(['example_complex']) retrieved from /home/airflow/.local/lib/python3.7/site-packages/airflow/example_dags/example_complex.py
[2022-05-05 05:58:24,076] {logging_mixin.py:115} INFO - [2022-05-05 05:58:24,076] {dag.py:2371} INFO - Sync 1 DAGs
[2022-05-05 05:58:24,203] {logging_mixin.py:115} INFO - [2022-05-05 05:58:24,203] {dag.py:2919} INFO - Setting next_dagrun for example_complex to None, run_after=None
[2022-05-05 05:58:24,219] {processor.py:161} INFO - Processing /home/airflow/.local/lib/python3.7/site-packages/airflow/example_dags/example_complex.py took 0.188 seconds
[2022-05-05 05:58:54,343] {processor.py:153} INFO - Started process (PID=649) to work on /home/airflow/.local/lib/python3.7/site-packages/airflow/example_dags/example_complex.py
[2022-05-05 05:58:54,344] {processor.py:641} INFO - Processing file /home/airflow/.local/lib/python3.7/site-packages/airflow/example_dags/example_complex.py for tasks to queue
[2022-05-05 05:58:54,345] {logging_mixin.py:115} INFO - [2022-05-05 05:58:54,345] {dagbag.py:507} INFO - Filling up the DagBag from /home/airflow/.local/lib/python3.7/site-packages/airflow/example_dags/example_complex.py
[2022-05-05 05:58:54,357] {processor.py:651} INFO - DAG(s) dict_keys(['example_complex']) retrieved from /home/airflow/.local/lib/python3.7/site-packages/airflow/example_dags/example_complex.py
[2022-05-05 05:58:54,400] {logging_mixin.py:115} INFO - [2022-05-05 05:58:54,400] {dag.py:2371} INFO - Sync 1 DAGs
[2022-05-05 05:58:54,528] {logging_mixin.py:115} INFO - [2022-05-05 05:58:54,528] {dag.py:2919} INFO - Setting next_dagrun for example_complex to None, run_after=None
[2022-05-05 05:58:54,546] {processor.py:161} INFO - Processing /home/airflow/.local/lib/python3.7/site-packages/airflow/example_dags/example_complex.py took 0.206 seconds
[2022-05-05 05:59:24,686] {processor.py:153} INFO - Started process (PID=710) to work on /home/airflow/.local/lib/python3.7/site-packages/airflow/example_dags/example_complex.py
[2022-05-05 05:59:24,686] {processor.py:641} INFO - Processing file /home/airflow/.local/lib/python3.7/site-packages/airflow/example_dags/example_complex.py for tasks to queue
[2022-05-05 05:59:24,687] {logging_mixin.py:115} INFO - [2022-05-05 05:59:24,687] {dagbag.py:507} INFO - Filling up the DagBag from /home/airflow/.local/lib/python3.7/site-packages/airflow/example_dags/example_complex.py
[2022-05-05 05:59:24,698] {processor.py:651} INFO - DAG(s) dict_keys(['example_complex']) retrieved from /home/airflow/.local/lib/python3.7/site-packages/airflow/example_dags/example_complex.py
[2022-05-05 05:59:24,732] {logging_mixin.py:115} INFO - [2022-05-05 05:59:24,732] {dag.py:2371} INFO - Sync 1 DAGs
[2022-05-05 05:59:24,899] {logging_mixin.py:115} INFO - [2022-05-05 05:59:24,899] {dag.py:2919} INFO - Setting next_dagrun for example_complex to None, run_after=None
[2022-05-05 05:59:24,917] {processor.py:161} INFO - Processing /home/airflow/.local/lib/python3.7/site-packages/airflow/example_dags/example_complex.py took 0.233 seconds
[2022-05-05 05:59:55,035] {processor.py:153} INFO - Started process (PID=773) to work on /home/airflow/.local/lib/python3.7/site-packages/airflow/example_dags/example_complex.py
[2022-05-05 05:59:55,036] {processor.py:641} INFO - Processing file /home/airflow/.local/lib/python3.7/site-packages/airflow/example_dags/example_complex.py for tasks to queue
[2022-05-05 05:59:55,036] {logging_mixin.py:115} INFO - [2022-05-05 05:59:55,036] {dagbag.py:507} INFO - Filling up the DagBag from /home/airflow/.local/lib/python3.7/site-packages/airflow/example_dags/example_complex.py
[2022-05-05 05:59:55,049] {processor.py:651} INFO - DAG(s) dict_keys(['example_complex']) retrieved from /home/airflow/.local/lib/python3.7/site-packages/airflow/example_dags/example_complex.py
[2022-05-05 05:59:55,079] {logging_mixin.py:115} INFO - [2022-05-05 05:59:55,079] {dag.py:2371} INFO - Sync 1 DAGs
[2022-05-05 05:59:55,207] {logging_mixin.py:115} INFO - [2022-05-05 05:59:55,207] {dag.py:2919} INFO - Setting next_dagrun for example_complex to None, run_after=None
[2022-05-05 05:59:55,222] {processor.py:161} INFO - Processing /home/airflow/.local/lib/python3.7/site-packages/airflow/example_dags/example_complex.py took 0.189 seconds
[2022-05-05 06:00:25,823] {processor.py:153} INFO - Started process (PID=826) to work on /home/airflow/.local/lib/python3.7/site-packages/airflow/example_dags/example_complex.py
[2022-05-05 06:00:25,824] {processor.py:641} INFO - Processing file /home/airflow/.local/lib/python3.7/site-packages/airflow/example_dags/example_complex.py for tasks to queue
[2022-05-05 06:00:25,825] {logging_mixin.py:115} INFO - [2022-05-05 06:00:25,825] {dagbag.py:507} INFO - Filling up the DagBag from /home/airflow/.local/lib/python3.7/site-packages/airflow/example_dags/example_complex.py
[2022-05-05 06:00:25,835] {processor.py:651} INFO - DAG(s) dict_keys(['example_complex']) retrieved from /home/airflow/.local/lib/python3.7/site-packages/airflow/example_dags/example_complex.py
[2022-05-05 06:00:25,866] {logging_mixin.py:115} INFO - [2022-05-05 06:00:25,866] {dag.py:2371} INFO - Sync 1 DAGs
[2022-05-05 06:00:25,979] {logging_mixin.py:115} INFO - [2022-05-05 06:00:25,978] {dag.py:2919} INFO - Setting next_dagrun for example_complex to None, run_after=None
[2022-05-05 06:00:25,992] {processor.py:161} INFO - Processing /home/airflow/.local/lib/python3.7/site-packages/airflow/example_dags/example_complex.py took 0.171 seconds
[2022-05-05 06:00:56,335] {processor.py:153} INFO - Started process (PID=888) to work on /home/airflow/.local/lib/python3.7/site-packages/airflow/example_dags/example_complex.py
[2022-05-05 06:00:56,335] {processor.py:641} INFO - Processing file /home/airflow/.local/lib/python3.7/site-packages/airflow/example_dags/example_complex.py for tasks to queue
[2022-05-05 06:00:56,335] {logging_mixin.py:115} INFO - [2022-05-05 06:00:56,335] {dagbag.py:507} INFO - Filling up the DagBag from /home/airflow/.local/lib/python3.7/site-packages/airflow/example_dags/example_complex.py
[2022-05-05 06:00:56,347] {processor.py:651} INFO - DAG(s) dict_keys(['example_complex']) retrieved from /home/airflow/.local/lib/python3.7/site-packages/airflow/example_dags/example_complex.py
[2022-05-05 06:00:56,379] {logging_mixin.py:115} INFO - [2022-05-05 06:00:56,379] {dag.py:2371} INFO - Sync 1 DAGs
[2022-05-05 06:00:56,509] {logging_mixin.py:115} INFO - [2022-05-05 06:00:56,509] {dag.py:2919} INFO - Setting next_dagrun for example_complex to None, run_after=None
[2022-05-05 06:00:56,523] {processor.py:161} INFO - Processing /home/airflow/.local/lib/python3.7/site-packages/airflow/example_dags/example_complex.py took 0.190 seconds
[2022-05-05 06:01:26,885] {processor.py:153} INFO - Started process (PID=951) to work on /home/airflow/.local/lib/python3.7/site-packages/airflow/example_dags/example_complex.py
[2022-05-05 06:01:26,886] {processor.py:641} INFO - Processing file /home/airflow/.local/lib/python3.7/site-packages/airflow/example_dags/example_complex.py for tasks to queue
[2022-05-05 06:01:26,886] {logging_mixin.py:115} INFO - [2022-05-05 06:01:26,886] {dagbag.py:507} INFO - Filling up the DagBag from /home/airflow/.local/lib/python3.7/site-packages/airflow/example_dags/example_complex.py
[2022-05-05 06:01:26,897] {processor.py:651} INFO - DAG(s) dict_keys(['example_complex']) retrieved from /home/airflow/.local/lib/python3.7/site-packages/airflow/example_dags/example_complex.py
[2022-05-05 06:01:26,930] {logging_mixin.py:115} INFO - [2022-05-05 06:01:26,930] {dag.py:2371} INFO - Sync 1 DAGs
[2022-05-05 06:01:27,055] {logging_mixin.py:115} INFO - [2022-05-05 06:01:27,055] {dag.py:2919} INFO - Setting next_dagrun for example_complex to None, run_after=None
[2022-05-05 06:01:27,069] {processor.py:161} INFO - Processing /home/airflow/.local/lib/python3.7/site-packages/airflow/example_dags/example_complex.py took 0.187 seconds
[2022-05-05 06:01:57,156] {processor.py:153} INFO - Started process (PID=1003) to work on /home/airflow/.local/lib/python3.7/site-packages/airflow/example_dags/example_complex.py
[2022-05-05 06:01:57,156] {processor.py:641} INFO - Processing file /home/airflow/.local/lib/python3.7/site-packages/airflow/example_dags/example_complex.py for tasks to queue
[2022-05-05 06:01:57,156] {logging_mixin.py:115} INFO - [2022-05-05 06:01:57,156] {dagbag.py:507} INFO - Filling up the DagBag from /home/airflow/.local/lib/python3.7/site-packages/airflow/example_dags/example_complex.py
[2022-05-05 06:01:57,167] {processor.py:651} INFO - DAG(s) dict_keys(['example_complex']) retrieved from /home/airflow/.local/lib/python3.7/site-packages/airflow/example_dags/example_complex.py
[2022-05-05 06:01:57,196] {logging_mixin.py:115} INFO - [2022-05-05 06:01:57,196] {dag.py:2371} INFO - Sync 1 DAGs
[2022-05-05 06:01:57,312] {logging_mixin.py:115} INFO - [2022-05-05 06:01:57,311] {dag.py:2919} INFO - Setting next_dagrun for example_complex to None, run_after=None
[2022-05-05 06:01:57,325] {processor.py:161} INFO - Processing /home/airflow/.local/lib/python3.7/site-packages/airflow/example_dags/example_complex.py took 0.172 seconds
[2022-05-05 06:02:27,471] {processor.py:153} INFO - Started process (PID=1067) to work on /home/airflow/.local/lib/python3.7/site-packages/airflow/example_dags/example_complex.py
[2022-05-05 06:02:27,472] {processor.py:641} INFO - Processing file /home/airflow/.local/lib/python3.7/site-packages/airflow/example_dags/example_complex.py for tasks to queue
[2022-05-05 06:02:27,472] {logging_mixin.py:115} INFO - [2022-05-05 06:02:27,472] {dagbag.py:507} INFO - Filling up the DagBag from /home/airflow/.local/lib/python3.7/site-packages/airflow/example_dags/example_complex.py
[2022-05-05 06:02:27,484] {processor.py:651} INFO - DAG(s) dict_keys(['example_complex']) retrieved from /home/airflow/.local/lib/python3.7/site-packages/airflow/example_dags/example_complex.py
[2022-05-05 06:02:27,516] {logging_mixin.py:115} INFO - [2022-05-05 06:02:27,515] {dag.py:2371} INFO - Sync 1 DAGs
[2022-05-05 06:02:27,634] {logging_mixin.py:115} INFO - [2022-05-05 06:02:27,633] {dag.py:2919} INFO - Setting next_dagrun for example_complex to None, run_after=None
[2022-05-05 06:02:27,649] {processor.py:161} INFO - Processing /home/airflow/.local/lib/python3.7/site-packages/airflow/example_dags/example_complex.py took 0.180 seconds
[2022-05-05 06:02:57,910] {processor.py:153} INFO - Started process (PID=1130) to work on /home/airflow/.local/lib/python3.7/site-packages/airflow/example_dags/example_complex.py
[2022-05-05 06:02:57,911] {processor.py:641} INFO - Processing file /home/airflow/.local/lib/python3.7/site-packages/airflow/example_dags/example_complex.py for tasks to queue
[2022-05-05 06:02:57,911] {logging_mixin.py:115} INFO - [2022-05-05 06:02:57,911] {dagbag.py:507} INFO - Filling up the DagBag from /home/airflow/.local/lib/python3.7/site-packages/airflow/example_dags/example_complex.py
[2022-05-05 06:02:57,922] {processor.py:651} INFO - DAG(s) dict_keys(['example_complex']) retrieved from /home/airflow/.local/lib/python3.7/site-packages/airflow/example_dags/example_complex.py
[2022-05-05 06:02:57,953] {logging_mixin.py:115} INFO - [2022-05-05 06:02:57,953] {dag.py:2371} INFO - Sync 1 DAGs
[2022-05-05 06:02:58,072] {logging_mixin.py:115} INFO - [2022-05-05 06:02:58,072] {dag.py:2919} INFO - Setting next_dagrun for example_complex to None, run_after=None
[2022-05-05 06:02:58,085] {processor.py:161} INFO - Processing /home/airflow/.local/lib/python3.7/site-packages/airflow/example_dags/example_complex.py took 0.177 seconds
[2022-05-05 06:03:28,377] {processor.py:153} INFO - Started process (PID=1184) to work on /home/airflow/.local/lib/python3.7/site-packages/airflow/example_dags/example_complex.py
[2022-05-05 06:03:28,378] {processor.py:641} INFO - Processing file /home/airflow/.local/lib/python3.7/site-packages/airflow/example_dags/example_complex.py for tasks to queue
[2022-05-05 06:03:28,379] {logging_mixin.py:115} INFO - [2022-05-05 06:03:28,379] {dagbag.py:507} INFO - Filling up the DagBag from /home/airflow/.local/lib/python3.7/site-packages/airflow/example_dags/example_complex.py
[2022-05-05 06:03:28,392] {processor.py:651} INFO - DAG(s) dict_keys(['example_complex']) retrieved from /home/airflow/.local/lib/python3.7/site-packages/airflow/example_dags/example_complex.py
[2022-05-05 06:03:28,428] {logging_mixin.py:115} INFO - [2022-05-05 06:03:28,427] {dag.py:2371} INFO - Sync 1 DAGs
[2022-05-05 06:03:28,564] {logging_mixin.py:115} INFO - [2022-05-05 06:03:28,564] {dag.py:2919} INFO - Setting next_dagrun for example_complex to None, run_after=None
[2022-05-05 06:03:28,578] {processor.py:161} INFO - Processing /home/airflow/.local/lib/python3.7/site-packages/airflow/example_dags/example_complex.py took 0.203 seconds
[2022-05-05 06:03:59,328] {processor.py:153} INFO - Started process (PID=1247) to work on /home/airflow/.local/lib/python3.7/site-packages/airflow/example_dags/example_complex.py
[2022-05-05 06:03:59,328] {processor.py:641} INFO - Processing file /home/airflow/.local/lib/python3.7/site-packages/airflow/example_dags/example_complex.py for tasks to queue
[2022-05-05 06:03:59,328] {logging_mixin.py:115} INFO - [2022-05-05 06:03:59,328] {dagbag.py:507} INFO - Filling up the DagBag from /home/airflow/.local/lib/python3.7/site-packages/airflow/example_dags/example_complex.py
[2022-05-05 06:03:59,341] {processor.py:651} INFO - DAG(s) dict_keys(['example_complex']) retrieved from /home/airflow/.local/lib/python3.7/site-packages/airflow/example_dags/example_complex.py
[2022-05-05 06:03:59,369] {logging_mixin.py:115} INFO - [2022-05-05 06:03:59,369] {dag.py:2371} INFO - Sync 1 DAGs
[2022-05-05 06:03:59,390] {logging_mixin.py:115} INFO - [2022-05-05 06:03:59,390] {dag.py:2919} INFO - Setting next_dagrun for example_complex to None, run_after=None
[2022-05-05 06:03:59,404] {processor.py:161} INFO - Processing /home/airflow/.local/lib/python3.7/site-packages/airflow/example_dags/example_complex.py took 0.079 seconds
[2022-05-05 06:04:30,375] {processor.py:153} INFO - Started process (PID=1309) to work on /home/airflow/.local/lib/python3.7/site-packages/airflow/example_dags/example_complex.py
[2022-05-05 06:04:30,376] {processor.py:641} INFO - Processing file /home/airflow/.local/lib/python3.7/site-packages/airflow/example_dags/example_complex.py for tasks to queue
[2022-05-05 06:04:30,376] {logging_mixin.py:115} INFO - [2022-05-05 06:04:30,376] {dagbag.py:507} INFO - Filling up the DagBag from /home/airflow/.local/lib/python3.7/site-packages/airflow/example_dags/example_complex.py
[2022-05-05 06:04:30,390] {processor.py:651} INFO - DAG(s) dict_keys(['example_complex']) retrieved from /home/airflow/.local/lib/python3.7/site-packages/airflow/example_dags/example_complex.py
[2022-05-05 06:04:30,419] {logging_mixin.py:115} INFO - [2022-05-05 06:04:30,419] {dag.py:2371} INFO - Sync 1 DAGs
[2022-05-05 06:04:30,444] {logging_mixin.py:115} INFO - [2022-05-05 06:04:30,444] {dag.py:2919} INFO - Setting next_dagrun for example_complex to None, run_after=None
[2022-05-05 06:04:30,461] {processor.py:161} INFO - Processing /home/airflow/.local/lib/python3.7/site-packages/airflow/example_dags/example_complex.py took 0.089 seconds
[2022-05-05 06:05:01,027] {processor.py:153} INFO - Started process (PID=1362) to work on /home/airflow/.local/lib/python3.7/site-packages/airflow/example_dags/example_complex.py
[2022-05-05 06:05:01,028] {processor.py:641} INFO - Processing file /home/airflow/.local/lib/python3.7/site-packages/airflow/example_dags/example_complex.py for tasks to queue
[2022-05-05 06:05:01,028] {logging_mixin.py:115} INFO - [2022-05-05 06:05:01,028] {dagbag.py:507} INFO - Filling up the DagBag from /home/airflow/.local/lib/python3.7/site-packages/airflow/example_dags/example_complex.py
[2022-05-05 06:05:01,047] {processor.py:651} INFO - DAG(s) dict_keys(['example_complex']) retrieved from /home/airflow/.local/lib/python3.7/site-packages/airflow/example_dags/example_complex.py
[2022-05-05 06:05:01,085] {logging_mixin.py:115} INFO - [2022-05-05 06:05:01,085] {dag.py:2371} INFO - Sync 1 DAGs
[2022-05-05 06:05:01,111] {logging_mixin.py:115} INFO - [2022-05-05 06:05:01,110] {dag.py:2919} INFO - Setting next_dagrun for example_complex to None, run_after=None
[2022-05-05 06:05:01,127] {processor.py:161} INFO - Processing /home/airflow/.local/lib/python3.7/site-packages/airflow/example_dags/example_complex.py took 0.103 seconds
[2022-05-05 06:05:31,653] {processor.py:153} INFO - Started process (PID=1423) to work on /home/airflow/.local/lib/python3.7/site-packages/airflow/example_dags/example_complex.py
[2022-05-05 06:05:31,654] {processor.py:641} INFO - Processing file /home/airflow/.local/lib/python3.7/site-packages/airflow/example_dags/example_complex.py for tasks to queue
[2022-05-05 06:05:31,654] {logging_mixin.py:115} INFO - [2022-05-05 06:05:31,654] {dagbag.py:507} INFO - Filling up the DagBag from /home/airflow/.local/lib/python3.7/site-packages/airflow/example_dags/example_complex.py
[2022-05-05 06:05:31,667] {processor.py:651} INFO - DAG(s) dict_keys(['example_complex']) retrieved from /home/airflow/.local/lib/python3.7/site-packages/airflow/example_dags/example_complex.py
[2022-05-05 06:05:31,694] {logging_mixin.py:115} INFO - [2022-05-05 06:05:31,694] {dag.py:2371} INFO - Sync 1 DAGs
[2022-05-05 06:05:31,715] {logging_mixin.py:115} INFO - [2022-05-05 06:05:31,715] {dag.py:2919} INFO - Setting next_dagrun for example_complex to None, run_after=None
[2022-05-05 06:05:31,727] {processor.py:161} INFO - Processing /home/airflow/.local/lib/python3.7/site-packages/airflow/example_dags/example_complex.py took 0.076 seconds
[2022-05-05 06:06:02,307] {processor.py:153} INFO - Started process (PID=1486) to work on /home/airflow/.local/lib/python3.7/site-packages/airflow/example_dags/example_complex.py
[2022-05-05 06:06:02,307] {processor.py:641} INFO - Processing file /home/airflow/.local/lib/python3.7/site-packages/airflow/example_dags/example_complex.py for tasks to queue
[2022-05-05 06:06:02,308] {logging_mixin.py:115} INFO - [2022-05-05 06:06:02,307] {dagbag.py:507} INFO - Filling up the DagBag from /home/airflow/.local/lib/python3.7/site-packages/airflow/example_dags/example_complex.py
[2022-05-05 06:06:02,321] {processor.py:651} INFO - DAG(s) dict_keys(['example_complex']) retrieved from /home/airflow/.local/lib/python3.7/site-packages/airflow/example_dags/example_complex.py
[2022-05-05 06:06:02,347] {logging_mixin.py:115} INFO - [2022-05-05 06:06:02,347] {dag.py:2371} INFO - Sync 1 DAGs
[2022-05-05 06:06:02,369] {logging_mixin.py:115} INFO - [2022-05-05 06:06:02,369] {dag.py:2919} INFO - Setting next_dagrun for example_complex to None, run_after=None
[2022-05-05 06:06:02,382] {processor.py:161} INFO - Processing /home/airflow/.local/lib/python3.7/site-packages/airflow/example_dags/example_complex.py took 0.077 seconds
[2022-05-05 06:06:33,081] {processor.py:153} INFO - Started process (PID=1538) to work on /home/airflow/.local/lib/python3.7/site-packages/airflow/example_dags/example_complex.py
[2022-05-05 06:06:33,082] {processor.py:641} INFO - Processing file /home/airflow/.local/lib/python3.7/site-packages/airflow/example_dags/example_complex.py for tasks to queue
[2022-05-05 06:06:33,083] {logging_mixin.py:115} INFO - [2022-05-05 06:06:33,083] {dagbag.py:507} INFO - Filling up the DagBag from /home/airflow/.local/lib/python3.7/site-packages/airflow/example_dags/example_complex.py
[2022-05-05 06:06:33,098] {processor.py:651} INFO - DAG(s) dict_keys(['example_complex']) retrieved from /home/airflow/.local/lib/python3.7/site-packages/airflow/example_dags/example_complex.py
[2022-05-05 06:06:33,130] {logging_mixin.py:115} INFO - [2022-05-05 06:06:33,130] {dag.py:2371} INFO - Sync 1 DAGs
[2022-05-05 06:06:33,154] {logging_mixin.py:115} INFO - [2022-05-05 06:06:33,154] {dag.py:2919} INFO - Setting next_dagrun for example_complex to None, run_after=None
[2022-05-05 06:06:33,171] {processor.py:161} INFO - Processing /home/airflow/.local/lib/python3.7/site-packages/airflow/example_dags/example_complex.py took 0.092 seconds
[2022-05-05 06:07:03,991] {processor.py:153} INFO - Started process (PID=1601) to work on /home/airflow/.local/lib/python3.7/site-packages/airflow/example_dags/example_complex.py
[2022-05-05 06:07:03,992] {processor.py:641} INFO - Processing file /home/airflow/.local/lib/python3.7/site-packages/airflow/example_dags/example_complex.py for tasks to queue
[2022-05-05 06:07:03,993] {logging_mixin.py:115} INFO - [2022-05-05 06:07:03,993] {dagbag.py:507} INFO - Filling up the DagBag from /home/airflow/.local/lib/python3.7/site-packages/airflow/example_dags/example_complex.py
[2022-05-05 06:07:04,009] {processor.py:651} INFO - DAG(s) dict_keys(['example_complex']) retrieved from /home/airflow/.local/lib/python3.7/site-packages/airflow/example_dags/example_complex.py
[2022-05-05 06:07:04,131] {logging_mixin.py:115} INFO - [2022-05-05 06:07:04,131] {dag.py:2371} INFO - Sync 1 DAGs
[2022-05-05 06:07:04,161] {logging_mixin.py:115} INFO - [2022-05-05 06:07:04,160] {dag.py:2919} INFO - Setting next_dagrun for example_complex to None, run_after=None
[2022-05-05 06:07:04,176] {processor.py:161} INFO - Processing /home/airflow/.local/lib/python3.7/site-packages/airflow/example_dags/example_complex.py took 0.188 seconds
[2022-05-05 06:07:34,783] {processor.py:153} INFO - Started process (PID=1662) to work on /home/airflow/.local/lib/python3.7/site-packages/airflow/example_dags/example_complex.py
[2022-05-05 06:07:34,784] {processor.py:641} INFO - Processing file /home/airflow/.local/lib/python3.7/site-packages/airflow/example_dags/example_complex.py for tasks to queue
[2022-05-05 06:07:34,785] {logging_mixin.py:115} INFO - [2022-05-05 06:07:34,784] {dagbag.py:507} INFO - Filling up the DagBag from /home/airflow/.local/lib/python3.7/site-packages/airflow/example_dags/example_complex.py
[2022-05-05 06:07:34,798] {processor.py:651} INFO - DAG(s) dict_keys(['example_complex']) retrieved from /home/airflow/.local/lib/python3.7/site-packages/airflow/example_dags/example_complex.py
[2022-05-05 06:07:34,831] {logging_mixin.py:115} INFO - [2022-05-05 06:07:34,831] {dag.py:2371} INFO - Sync 1 DAGs
[2022-05-05 06:07:34,856] {logging_mixin.py:115} INFO - [2022-05-05 06:07:34,856] {dag.py:2919} INFO - Setting next_dagrun for example_complex to None, run_after=None
[2022-05-05 06:07:34,871] {processor.py:161} INFO - Processing /home/airflow/.local/lib/python3.7/site-packages/airflow/example_dags/example_complex.py took 0.091 seconds
[2022-05-05 06:08:05,478] {processor.py:153} INFO - Started process (PID=1715) to work on /home/airflow/.local/lib/python3.7/site-packages/airflow/example_dags/example_complex.py
[2022-05-05 06:08:05,478] {processor.py:641} INFO - Processing file /home/airflow/.local/lib/python3.7/site-packages/airflow/example_dags/example_complex.py for tasks to queue
[2022-05-05 06:08:05,479] {logging_mixin.py:115} INFO - [2022-05-05 06:08:05,479] {dagbag.py:507} INFO - Filling up the DagBag from /home/airflow/.local/lib/python3.7/site-packages/airflow/example_dags/example_complex.py
[2022-05-05 06:08:05,493] {processor.py:651} INFO - DAG(s) dict_keys(['example_complex']) retrieved from /home/airflow/.local/lib/python3.7/site-packages/airflow/example_dags/example_complex.py
[2022-05-05 06:08:05,522] {logging_mixin.py:115} INFO - [2022-05-05 06:08:05,522] {dag.py:2371} INFO - Sync 1 DAGs
[2022-05-05 06:08:05,546] {logging_mixin.py:115} INFO - [2022-05-05 06:08:05,546] {dag.py:2919} INFO - Setting next_dagrun for example_complex to None, run_after=None
[2022-05-05 06:08:05,561] {processor.py:161} INFO - Processing /home/airflow/.local/lib/python3.7/site-packages/airflow/example_dags/example_complex.py took 0.086 seconds
[2022-05-05 06:08:36,242] {processor.py:153} INFO - Started process (PID=1778) to work on /home/airflow/.local/lib/python3.7/site-packages/airflow/example_dags/example_complex.py
[2022-05-05 06:08:36,242] {processor.py:641} INFO - Processing file /home/airflow/.local/lib/python3.7/site-packages/airflow/example_dags/example_complex.py for tasks to queue
[2022-05-05 06:08:36,242] {logging_mixin.py:115} INFO - [2022-05-05 06:08:36,242] {dagbag.py:507} INFO - Filling up the DagBag from /home/airflow/.local/lib/python3.7/site-packages/airflow/example_dags/example_complex.py
[2022-05-05 06:08:36,256] {processor.py:651} INFO - DAG(s) dict_keys(['example_complex']) retrieved from /home/airflow/.local/lib/python3.7/site-packages/airflow/example_dags/example_complex.py
[2022-05-05 06:08:36,286] {logging_mixin.py:115} INFO - [2022-05-05 06:08:36,286] {dag.py:2371} INFO - Sync 1 DAGs
[2022-05-05 06:08:36,309] {logging_mixin.py:115} INFO - [2022-05-05 06:08:36,309] {dag.py:2919} INFO - Setting next_dagrun for example_complex to None, run_after=None
[2022-05-05 06:08:36,323] {processor.py:161} INFO - Processing /home/airflow/.local/lib/python3.7/site-packages/airflow/example_dags/example_complex.py took 0.085 seconds
[2022-05-05 06:09:07,128] {processor.py:153} INFO - Started process (PID=1841) to work on /home/airflow/.local/lib/python3.7/site-packages/airflow/example_dags/example_complex.py
[2022-05-05 06:09:07,129] {processor.py:641} INFO - Processing file /home/airflow/.local/lib/python3.7/site-packages/airflow/example_dags/example_complex.py for tasks to queue
[2022-05-05 06:09:07,130] {logging_mixin.py:115} INFO - [2022-05-05 06:09:07,130] {dagbag.py:507} INFO - Filling up the DagBag from /home/airflow/.local/lib/python3.7/site-packages/airflow/example_dags/example_complex.py
[2022-05-05 06:09:07,262] {processor.py:651} INFO - DAG(s) dict_keys(['example_complex']) retrieved from /home/airflow/.local/lib/python3.7/site-packages/airflow/example_dags/example_complex.py
[2022-05-05 06:09:07,294] {logging_mixin.py:115} INFO - [2022-05-05 06:09:07,294] {dag.py:2371} INFO - Sync 1 DAGs
[2022-05-05 06:09:07,317] {logging_mixin.py:115} INFO - [2022-05-05 06:09:07,317] {dag.py:2919} INFO - Setting next_dagrun for example_complex to None, run_after=None
[2022-05-05 06:09:07,332] {processor.py:161} INFO - Processing /home/airflow/.local/lib/python3.7/site-packages/airflow/example_dags/example_complex.py took 0.206 seconds
[2022-05-05 06:09:37,417] {processor.py:153} INFO - Started process (PID=1894) to work on /home/airflow/.local/lib/python3.7/site-packages/airflow/example_dags/example_complex.py
[2022-05-05 06:09:37,417] {processor.py:641} INFO - Processing file /home/airflow/.local/lib/python3.7/site-packages/airflow/example_dags/example_complex.py for tasks to queue
[2022-05-05 06:09:37,417] {logging_mixin.py:115} INFO - [2022-05-05 06:09:37,417] {dagbag.py:507} INFO - Filling up the DagBag from /home/airflow/.local/lib/python3.7/site-packages/airflow/example_dags/example_complex.py
[2022-05-05 06:09:37,542] {processor.py:651} INFO - DAG(s) dict_keys(['example_complex']) retrieved from /home/airflow/.local/lib/python3.7/site-packages/airflow/example_dags/example_complex.py
[2022-05-05 06:09:37,569] {logging_mixin.py:115} INFO - [2022-05-05 06:09:37,569] {dag.py:2371} INFO - Sync 1 DAGs
[2022-05-05 06:09:37,591] {logging_mixin.py:115} INFO - [2022-05-05 06:09:37,591] {dag.py:2919} INFO - Setting next_dagrun for example_complex to None, run_after=None
[2022-05-05 06:09:37,606] {processor.py:161} INFO - Processing /home/airflow/.local/lib/python3.7/site-packages/airflow/example_dags/example_complex.py took 0.192 seconds
[2022-05-05 06:10:08,027] {processor.py:153} INFO - Started process (PID=1955) to work on /home/airflow/.local/lib/python3.7/site-packages/airflow/example_dags/example_complex.py
[2022-05-05 06:10:08,028] {processor.py:641} INFO - Processing file /home/airflow/.local/lib/python3.7/site-packages/airflow/example_dags/example_complex.py for tasks to queue
[2022-05-05 06:10:08,029] {logging_mixin.py:115} INFO - [2022-05-05 06:10:08,029] {dagbag.py:507} INFO - Filling up the DagBag from /home/airflow/.local/lib/python3.7/site-packages/airflow/example_dags/example_complex.py
[2022-05-05 06:10:08,164] {processor.py:651} INFO - DAG(s) dict_keys(['example_complex']) retrieved from /home/airflow/.local/lib/python3.7/site-packages/airflow/example_dags/example_complex.py
[2022-05-05 06:10:08,211] {logging_mixin.py:115} INFO - [2022-05-05 06:10:08,211] {dag.py:2371} INFO - Sync 1 DAGs
[2022-05-05 06:10:08,234] {logging_mixin.py:115} INFO - [2022-05-05 06:10:08,234] {dag.py:2919} INFO - Setting next_dagrun for example_complex to None, run_after=None
[2022-05-05 06:10:08,248] {processor.py:161} INFO - Processing /home/airflow/.local/lib/python3.7/site-packages/airflow/example_dags/example_complex.py took 0.223 seconds
[2022-05-05 06:10:38,402] {processor.py:153} INFO - Started process (PID=2016) to work on /home/airflow/.local/lib/python3.7/site-packages/airflow/example_dags/example_complex.py
[2022-05-05 06:10:38,402] {processor.py:641} INFO - Processing file /home/airflow/.local/lib/python3.7/site-packages/airflow/example_dags/example_complex.py for tasks to queue
[2022-05-05 06:10:38,403] {logging_mixin.py:115} INFO - [2022-05-05 06:10:38,403] {dagbag.py:507} INFO - Filling up the DagBag from /home/airflow/.local/lib/python3.7/site-packages/airflow/example_dags/example_complex.py
[2022-05-05 06:10:38,551] {processor.py:651} INFO - DAG(s) dict_keys(['example_complex']) retrieved from /home/airflow/.local/lib/python3.7/site-packages/airflow/example_dags/example_complex.py
[2022-05-05 06:10:38,577] {logging_mixin.py:115} INFO - [2022-05-05 06:10:38,577] {dag.py:2371} INFO - Sync 1 DAGs
[2022-05-05 06:10:38,599] {logging_mixin.py:115} INFO - [2022-05-05 06:10:38,599] {dag.py:2919} INFO - Setting next_dagrun for example_complex to None, run_after=None
[2022-05-05 06:10:38,614] {processor.py:161} INFO - Processing /home/airflow/.local/lib/python3.7/site-packages/airflow/example_dags/example_complex.py took 0.216 seconds
[2022-05-05 06:11:09,138] {processor.py:153} INFO - Started process (PID=2070) to work on /home/airflow/.local/lib/python3.7/site-packages/airflow/example_dags/example_complex.py
[2022-05-05 06:11:09,139] {processor.py:641} INFO - Processing file /home/airflow/.local/lib/python3.7/site-packages/airflow/example_dags/example_complex.py for tasks to queue
[2022-05-05 06:11:09,140] {logging_mixin.py:115} INFO - [2022-05-05 06:11:09,140] {dagbag.py:507} INFO - Filling up the DagBag from /home/airflow/.local/lib/python3.7/site-packages/airflow/example_dags/example_complex.py
[2022-05-05 06:11:09,289] {processor.py:651} INFO - DAG(s) dict_keys(['example_complex']) retrieved from /home/airflow/.local/lib/python3.7/site-packages/airflow/example_dags/example_complex.py
[2022-05-05 06:11:09,315] {logging_mixin.py:115} INFO - [2022-05-05 06:11:09,315] {dag.py:2371} INFO - Sync 1 DAGs
[2022-05-05 06:11:09,340] {logging_mixin.py:115} INFO - [2022-05-05 06:11:09,340] {dag.py:2919} INFO - Setting next_dagrun for example_complex to None, run_after=None
[2022-05-05 06:11:09,356] {processor.py:161} INFO - Processing /home/airflow/.local/lib/python3.7/site-packages/airflow/example_dags/example_complex.py took 0.220 seconds
[2022-05-05 06:11:40,160] {processor.py:153} INFO - Started process (PID=2131) to work on /home/airflow/.local/lib/python3.7/site-packages/airflow/example_dags/example_complex.py
[2022-05-05 06:11:40,161] {processor.py:641} INFO - Processing file /home/airflow/.local/lib/python3.7/site-packages/airflow/example_dags/example_complex.py for tasks to queue
[2022-05-05 06:11:40,162] {logging_mixin.py:115} INFO - [2022-05-05 06:11:40,162] {dagbag.py:507} INFO - Filling up the DagBag from /home/airflow/.local/lib/python3.7/site-packages/airflow/example_dags/example_complex.py
[2022-05-05 06:11:40,287] {processor.py:651} INFO - DAG(s) dict_keys(['example_complex']) retrieved from /home/airflow/.local/lib/python3.7/site-packages/airflow/example_dags/example_complex.py
[2022-05-05 06:11:40,314] {logging_mixin.py:115} INFO - [2022-05-05 06:11:40,314] {dag.py:2371} INFO - Sync 1 DAGs
[2022-05-05 06:11:40,334] {logging_mixin.py:115} INFO - [2022-05-05 06:11:40,334] {dag.py:2919} INFO - Setting next_dagrun for example_complex to None, run_after=None
[2022-05-05 06:11:40,347] {processor.py:161} INFO - Processing /home/airflow/.local/lib/python3.7/site-packages/airflow/example_dags/example_complex.py took 0.192 seconds
[2022-05-05 06:12:10,456] {processor.py:153} INFO - Started process (PID=2192) to work on /home/airflow/.local/lib/python3.7/site-packages/airflow/example_dags/example_complex.py
[2022-05-05 06:12:10,456] {processor.py:641} INFO - Processing file /home/airflow/.local/lib/python3.7/site-packages/airflow/example_dags/example_complex.py for tasks to queue
[2022-05-05 06:12:10,457] {logging_mixin.py:115} INFO - [2022-05-05 06:12:10,457] {dagbag.py:507} INFO - Filling up the DagBag from /home/airflow/.local/lib/python3.7/site-packages/airflow/example_dags/example_complex.py
[2022-05-05 06:12:10,614] {processor.py:651} INFO - DAG(s) dict_keys(['example_complex']) retrieved from /home/airflow/.local/lib/python3.7/site-packages/airflow/example_dags/example_complex.py
[2022-05-05 06:12:10,648] {logging_mixin.py:115} INFO - [2022-05-05 06:12:10,648] {dag.py:2371} INFO - Sync 1 DAGs
[2022-05-05 06:12:10,673] {logging_mixin.py:115} INFO - [2022-05-05 06:12:10,673] {dag.py:2919} INFO - Setting next_dagrun for example_complex to None, run_after=None
[2022-05-05 06:12:10,692] {processor.py:161} INFO - Processing /home/airflow/.local/lib/python3.7/site-packages/airflow/example_dags/example_complex.py took 0.240 seconds
[2022-05-05 06:12:40,827] {processor.py:153} INFO - Started process (PID=2244) to work on /home/airflow/.local/lib/python3.7/site-packages/airflow/example_dags/example_complex.py
[2022-05-05 06:12:40,828] {processor.py:641} INFO - Processing file /home/airflow/.local/lib/python3.7/site-packages/airflow/example_dags/example_complex.py for tasks to queue
[2022-05-05 06:12:40,829] {logging_mixin.py:115} INFO - [2022-05-05 06:12:40,829] {dagbag.py:507} INFO - Filling up the DagBag from /home/airflow/.local/lib/python3.7/site-packages/airflow/example_dags/example_complex.py
[2022-05-05 06:12:40,962] {processor.py:651} INFO - DAG(s) dict_keys(['example_complex']) retrieved from /home/airflow/.local/lib/python3.7/site-packages/airflow/example_dags/example_complex.py
[2022-05-05 06:12:41,016] {logging_mixin.py:115} INFO - [2022-05-05 06:12:41,016] {dag.py:2371} INFO - Sync 1 DAGs
[2022-05-05 06:12:41,044] {logging_mixin.py:115} INFO - [2022-05-05 06:12:41,043] {dag.py:2919} INFO - Setting next_dagrun for example_complex to None, run_after=None
[2022-05-05 06:12:41,058] {processor.py:161} INFO - Processing /home/airflow/.local/lib/python3.7/site-packages/airflow/example_dags/example_complex.py took 0.233 seconds
[2022-05-05 06:13:11,203] {processor.py:153} INFO - Started process (PID=2306) to work on /home/airflow/.local/lib/python3.7/site-packages/airflow/example_dags/example_complex.py
[2022-05-05 06:13:11,204] {processor.py:641} INFO - Processing file /home/airflow/.local/lib/python3.7/site-packages/airflow/example_dags/example_complex.py for tasks to queue
[2022-05-05 06:13:11,204] {logging_mixin.py:115} INFO - [2022-05-05 06:13:11,204] {dagbag.py:507} INFO - Filling up the DagBag from /home/airflow/.local/lib/python3.7/site-packages/airflow/example_dags/example_complex.py
[2022-05-05 06:13:11,314] {processor.py:651} INFO - DAG(s) dict_keys(['example_complex']) retrieved from /home/airflow/.local/lib/python3.7/site-packages/airflow/example_dags/example_complex.py
[2022-05-05 06:13:11,342] {logging_mixin.py:115} INFO - [2022-05-05 06:13:11,342] {dag.py:2371} INFO - Sync 1 DAGs
[2022-05-05 06:13:11,362] {logging_mixin.py:115} INFO - [2022-05-05 06:13:11,361] {dag.py:2919} INFO - Setting next_dagrun for example_complex to None, run_after=None
[2022-05-05 06:13:11,379] {processor.py:161} INFO - Processing /home/airflow/.local/lib/python3.7/site-packages/airflow/example_dags/example_complex.py took 0.177 seconds
[2022-05-05 06:13:41,507] {processor.py:153} INFO - Started process (PID=2359) to work on /home/airflow/.local/lib/python3.7/site-packages/airflow/example_dags/example_complex.py
[2022-05-05 06:13:41,508] {processor.py:641} INFO - Processing file /home/airflow/.local/lib/python3.7/site-packages/airflow/example_dags/example_complex.py for tasks to queue
[2022-05-05 06:13:41,509] {logging_mixin.py:115} INFO - [2022-05-05 06:13:41,509] {dagbag.py:507} INFO - Filling up the DagBag from /home/airflow/.local/lib/python3.7/site-packages/airflow/example_dags/example_complex.py
[2022-05-05 06:13:41,635] {processor.py:651} INFO - DAG(s) dict_keys(['example_complex']) retrieved from /home/airflow/.local/lib/python3.7/site-packages/airflow/example_dags/example_complex.py
[2022-05-05 06:13:41,667] {logging_mixin.py:115} INFO - [2022-05-05 06:13:41,667] {dag.py:2371} INFO - Sync 1 DAGs
[2022-05-05 06:13:41,689] {logging_mixin.py:115} INFO - [2022-05-05 06:13:41,689] {dag.py:2919} INFO - Setting next_dagrun for example_complex to None, run_after=None
[2022-05-05 06:13:41,705] {processor.py:161} INFO - Processing /home/airflow/.local/lib/python3.7/site-packages/airflow/example_dags/example_complex.py took 0.200 seconds
[2022-05-05 06:14:12,372] {processor.py:153} INFO - Started process (PID=2421) to work on /home/airflow/.local/lib/python3.7/site-packages/airflow/example_dags/example_complex.py
[2022-05-05 06:14:12,372] {processor.py:641} INFO - Processing file /home/airflow/.local/lib/python3.7/site-packages/airflow/example_dags/example_complex.py for tasks to queue
[2022-05-05 06:14:12,373] {logging_mixin.py:115} INFO - [2022-05-05 06:14:12,373] {dagbag.py:507} INFO - Filling up the DagBag from /home/airflow/.local/lib/python3.7/site-packages/airflow/example_dags/example_complex.py
[2022-05-05 06:14:12,385] {processor.py:651} INFO - DAG(s) dict_keys(['example_complex']) retrieved from /home/airflow/.local/lib/python3.7/site-packages/airflow/example_dags/example_complex.py
[2022-05-05 06:14:12,414] {logging_mixin.py:115} INFO - [2022-05-05 06:14:12,414] {dag.py:2371} INFO - Sync 1 DAGs
[2022-05-05 06:14:12,438] {logging_mixin.py:115} INFO - [2022-05-05 06:14:12,438] {dag.py:2919} INFO - Setting next_dagrun for example_complex to None, run_after=None
[2022-05-05 06:14:12,451] {processor.py:161} INFO - Processing /home/airflow/.local/lib/python3.7/site-packages/airflow/example_dags/example_complex.py took 0.082 seconds
[2022-05-05 06:14:43,110] {processor.py:153} INFO - Started process (PID=2482) to work on /home/airflow/.local/lib/python3.7/site-packages/airflow/example_dags/example_complex.py
[2022-05-05 06:14:43,110] {processor.py:641} INFO - Processing file /home/airflow/.local/lib/python3.7/site-packages/airflow/example_dags/example_complex.py for tasks to queue
[2022-05-05 06:14:43,111] {logging_mixin.py:115} INFO - [2022-05-05 06:14:43,111] {dagbag.py:507} INFO - Filling up the DagBag from /home/airflow/.local/lib/python3.7/site-packages/airflow/example_dags/example_complex.py
[2022-05-05 06:14:43,122] {processor.py:651} INFO - DAG(s) dict_keys(['example_complex']) retrieved from /home/airflow/.local/lib/python3.7/site-packages/airflow/example_dags/example_complex.py
[2022-05-05 06:14:43,150] {logging_mixin.py:115} INFO - [2022-05-05 06:14:43,150] {dag.py:2371} INFO - Sync 1 DAGs
[2022-05-05 06:14:43,172] {logging_mixin.py:115} INFO - [2022-05-05 06:14:43,172] {dag.py:2919} INFO - Setting next_dagrun for example_complex to None, run_after=None
[2022-05-05 06:14:43,187] {processor.py:161} INFO - Processing /home/airflow/.local/lib/python3.7/site-packages/airflow/example_dags/example_complex.py took 0.079 seconds
[2022-05-05 06:15:13,779] {processor.py:153} INFO - Started process (PID=2535) to work on /home/airflow/.local/lib/python3.7/site-packages/airflow/example_dags/example_complex.py
[2022-05-05 06:15:13,780] {processor.py:641} INFO - Processing file /home/airflow/.local/lib/python3.7/site-packages/airflow/example_dags/example_complex.py for tasks to queue
[2022-05-05 06:15:13,780] {logging_mixin.py:115} INFO - [2022-05-05 06:15:13,780] {dagbag.py:507} INFO - Filling up the DagBag from /home/airflow/.local/lib/python3.7/site-packages/airflow/example_dags/example_complex.py
[2022-05-05 06:15:13,791] {processor.py:651} INFO - DAG(s) dict_keys(['example_complex']) retrieved from /home/airflow/.local/lib/python3.7/site-packages/airflow/example_dags/example_complex.py
[2022-05-05 06:15:13,820] {logging_mixin.py:115} INFO - [2022-05-05 06:15:13,820] {dag.py:2371} INFO - Sync 1 DAGs
[2022-05-05 06:15:13,841] {logging_mixin.py:115} INFO - [2022-05-05 06:15:13,840] {dag.py:2919} INFO - Setting next_dagrun for example_complex to None, run_after=None
[2022-05-05 06:15:13,854] {processor.py:161} INFO - Processing /home/airflow/.local/lib/python3.7/site-packages/airflow/example_dags/example_complex.py took 0.077 seconds
[2022-05-05 06:15:44,635] {processor.py:153} INFO - Started process (PID=2597) to work on /home/airflow/.local/lib/python3.7/site-packages/airflow/example_dags/example_complex.py
[2022-05-05 06:15:44,636] {processor.py:641} INFO - Processing file /home/airflow/.local/lib/python3.7/site-packages/airflow/example_dags/example_complex.py for tasks to queue
[2022-05-05 06:15:44,636] {logging_mixin.py:115} INFO - [2022-05-05 06:15:44,636] {dagbag.py:507} INFO - Filling up the DagBag from /home/airflow/.local/lib/python3.7/site-packages/airflow/example_dags/example_complex.py
[2022-05-05 06:15:44,648] {processor.py:651} INFO - DAG(s) dict_keys(['example_complex']) retrieved from /home/airflow/.local/lib/python3.7/site-packages/airflow/example_dags/example_complex.py
[2022-05-05 06:15:44,678] {logging_mixin.py:115} INFO - [2022-05-05 06:15:44,678] {dag.py:2371} INFO - Sync 1 DAGs
[2022-05-05 06:15:44,703] {logging_mixin.py:115} INFO - [2022-05-05 06:15:44,703] {dag.py:2919} INFO - Setting next_dagrun for example_complex to None, run_after=None
[2022-05-05 06:15:44,719] {processor.py:161} INFO - Processing /home/airflow/.local/lib/python3.7/site-packages/airflow/example_dags/example_complex.py took 0.087 seconds
[2022-05-05 06:16:15,283] {processor.py:153} INFO - Started process (PID=2660) to work on /home/airflow/.local/lib/python3.7/site-packages/airflow/example_dags/example_complex.py
[2022-05-05 06:16:15,283] {processor.py:641} INFO - Processing file /home/airflow/.local/lib/python3.7/site-packages/airflow/example_dags/example_complex.py for tasks to queue
[2022-05-05 06:16:15,284] {logging_mixin.py:115} INFO - [2022-05-05 06:16:15,284] {dagbag.py:507} INFO - Filling up the DagBag from /home/airflow/.local/lib/python3.7/site-packages/airflow/example_dags/example_complex.py
[2022-05-05 06:16:15,295] {processor.py:651} INFO - DAG(s) dict_keys(['example_complex']) retrieved from /home/airflow/.local/lib/python3.7/site-packages/airflow/example_dags/example_complex.py
[2022-05-05 06:16:15,323] {logging_mixin.py:115} INFO - [2022-05-05 06:16:15,323] {dag.py:2371} INFO - Sync 1 DAGs
[2022-05-05 06:16:15,344] {logging_mixin.py:115} INFO - [2022-05-05 06:16:15,344] {dag.py:2919} INFO - Setting next_dagrun for example_complex to None, run_after=None
[2022-05-05 06:16:15,359] {processor.py:161} INFO - Processing /home/airflow/.local/lib/python3.7/site-packages/airflow/example_dags/example_complex.py took 0.078 seconds
[2022-05-05 06:16:46,066] {processor.py:153} INFO - Started process (PID=2713) to work on /home/airflow/.local/lib/python3.7/site-packages/airflow/example_dags/example_complex.py
[2022-05-05 06:16:46,067] {processor.py:641} INFO - Processing file /home/airflow/.local/lib/python3.7/site-packages/airflow/example_dags/example_complex.py for tasks to queue
[2022-05-05 06:16:46,068] {logging_mixin.py:115} INFO - [2022-05-05 06:16:46,068] {dagbag.py:507} INFO - Filling up the DagBag from /home/airflow/.local/lib/python3.7/site-packages/airflow/example_dags/example_complex.py
[2022-05-05 06:16:46,090] {processor.py:651} INFO - DAG(s) dict_keys(['example_complex']) retrieved from /home/airflow/.local/lib/python3.7/site-packages/airflow/example_dags/example_complex.py
[2022-05-05 06:16:46,125] {logging_mixin.py:115} INFO - [2022-05-05 06:16:46,125] {dag.py:2371} INFO - Sync 1 DAGs
[2022-05-05 06:16:46,148] {logging_mixin.py:115} INFO - [2022-05-05 06:16:46,148] {dag.py:2919} INFO - Setting next_dagrun for example_complex to None, run_after=None
[2022-05-05 06:16:46,163] {processor.py:161} INFO - Processing /home/airflow/.local/lib/python3.7/site-packages/airflow/example_dags/example_complex.py took 0.101 seconds
[2022-05-05 06:17:16,748] {processor.py:153} INFO - Started process (PID=2776) to work on /home/airflow/.local/lib/python3.7/site-packages/airflow/example_dags/example_complex.py
[2022-05-05 06:17:16,748] {processor.py:641} INFO - Processing file /home/airflow/.local/lib/python3.7/site-packages/airflow/example_dags/example_complex.py for tasks to queue
[2022-05-05 06:17:16,749] {logging_mixin.py:115} INFO - [2022-05-05 06:17:16,749] {dagbag.py:507} INFO - Filling up the DagBag from /home/airflow/.local/lib/python3.7/site-packages/airflow/example_dags/example_complex.py
[2022-05-05 06:17:16,761] {processor.py:651} INFO - DAG(s) dict_keys(['example_complex']) retrieved from /home/airflow/.local/lib/python3.7/site-packages/airflow/example_dags/example_complex.py
[2022-05-05 06:17:16,790] {logging_mixin.py:115} INFO - [2022-05-05 06:17:16,790] {dag.py:2371} INFO - Sync 1 DAGs
[2022-05-05 06:17:16,811] {logging_mixin.py:115} INFO - [2022-05-05 06:17:16,811] {dag.py:2919} INFO - Setting next_dagrun for example_complex to None, run_after=None
[2022-05-05 06:17:16,827] {processor.py:161} INFO - Processing /home/airflow/.local/lib/python3.7/site-packages/airflow/example_dags/example_complex.py took 0.081 seconds
[2022-05-05 06:17:47,351] {processor.py:153} INFO - Started process (PID=2838) to work on /home/airflow/.local/lib/python3.7/site-packages/airflow/example_dags/example_complex.py
[2022-05-05 06:17:47,352] {processor.py:641} INFO - Processing file /home/airflow/.local/lib/python3.7/site-packages/airflow/example_dags/example_complex.py for tasks to queue
[2022-05-05 06:17:47,353] {logging_mixin.py:115} INFO - [2022-05-05 06:17:47,353] {dagbag.py:507} INFO - Filling up the DagBag from /home/airflow/.local/lib/python3.7/site-packages/airflow/example_dags/example_complex.py
[2022-05-05 06:17:47,364] {processor.py:651} INFO - DAG(s) dict_keys(['example_complex']) retrieved from /home/airflow/.local/lib/python3.7/site-packages/airflow/example_dags/example_complex.py
[2022-05-05 06:17:47,393] {logging_mixin.py:115} INFO - [2022-05-05 06:17:47,393] {dag.py:2371} INFO - Sync 1 DAGs
[2022-05-05 06:17:47,416] {logging_mixin.py:115} INFO - [2022-05-05 06:17:47,416] {dag.py:2919} INFO - Setting next_dagrun for example_complex to None, run_after=None
[2022-05-05 06:17:47,431] {processor.py:161} INFO - Processing /home/airflow/.local/lib/python3.7/site-packages/airflow/example_dags/example_complex.py took 0.082 seconds
[2022-05-05 06:18:18,141] {processor.py:153} INFO - Started process (PID=2890) to work on /home/airflow/.local/lib/python3.7/site-packages/airflow/example_dags/example_complex.py
[2022-05-05 06:18:18,141] {processor.py:641} INFO - Processing file /home/airflow/.local/lib/python3.7/site-packages/airflow/example_dags/example_complex.py for tasks to queue
[2022-05-05 06:18:18,142] {logging_mixin.py:115} INFO - [2022-05-05 06:18:18,142] {dagbag.py:507} INFO - Filling up the DagBag from /home/airflow/.local/lib/python3.7/site-packages/airflow/example_dags/example_complex.py
[2022-05-05 06:18:18,155] {processor.py:651} INFO - DAG(s) dict_keys(['example_complex']) retrieved from /home/airflow/.local/lib/python3.7/site-packages/airflow/example_dags/example_complex.py
[2022-05-05 06:18:18,184] {logging_mixin.py:115} INFO - [2022-05-05 06:18:18,184] {dag.py:2371} INFO - Sync 1 DAGs
[2022-05-05 06:18:18,208] {logging_mixin.py:115} INFO - [2022-05-05 06:18:18,208] {dag.py:2919} INFO - Setting next_dagrun for example_complex to None, run_after=None
[2022-05-05 06:18:18,222] {processor.py:161} INFO - Processing /home/airflow/.local/lib/python3.7/site-packages/airflow/example_dags/example_complex.py took 0.083 seconds
[2022-05-05 06:18:48,776] {processor.py:153} INFO - Started process (PID=2954) to work on /home/airflow/.local/lib/python3.7/site-packages/airflow/example_dags/example_complex.py
[2022-05-05 06:18:48,777] {processor.py:641} INFO - Processing file /home/airflow/.local/lib/python3.7/site-packages/airflow/example_dags/example_complex.py for tasks to queue
[2022-05-05 06:18:48,778] {logging_mixin.py:115} INFO - [2022-05-05 06:18:48,778] {dagbag.py:507} INFO - Filling up the DagBag from /home/airflow/.local/lib/python3.7/site-packages/airflow/example_dags/example_complex.py
[2022-05-05 06:18:48,789] {processor.py:651} INFO - DAG(s) dict_keys(['example_complex']) retrieved from /home/airflow/.local/lib/python3.7/site-packages/airflow/example_dags/example_complex.py
[2022-05-05 06:18:48,818] {logging_mixin.py:115} INFO - [2022-05-05 06:18:48,817] {dag.py:2371} INFO - Sync 1 DAGs
[2022-05-05 06:18:48,840] {logging_mixin.py:115} INFO - [2022-05-05 06:18:48,840] {dag.py:2919} INFO - Setting next_dagrun for example_complex to None, run_after=None
[2022-05-05 06:18:48,854] {processor.py:161} INFO - Processing /home/airflow/.local/lib/python3.7/site-packages/airflow/example_dags/example_complex.py took 0.080 seconds
[2022-05-05 06:19:19,587] {processor.py:153} INFO - Started process (PID=3016) to work on /home/airflow/.local/lib/python3.7/site-packages/airflow/example_dags/example_complex.py
[2022-05-05 06:19:19,587] {processor.py:641} INFO - Processing file /home/airflow/.local/lib/python3.7/site-packages/airflow/example_dags/example_complex.py for tasks to queue
[2022-05-05 06:19:19,587] {logging_mixin.py:115} INFO - [2022-05-05 06:19:19,587] {dagbag.py:507} INFO - Filling up the DagBag from /home/airflow/.local/lib/python3.7/site-packages/airflow/example_dags/example_complex.py
[2022-05-05 06:19:19,599] {processor.py:651} INFO - DAG(s) dict_keys(['example_complex']) retrieved from /home/airflow/.local/lib/python3.7/site-packages/airflow/example_dags/example_complex.py
[2022-05-05 06:19:19,626] {logging_mixin.py:115} INFO - [2022-05-05 06:19:19,626] {dag.py:2371} INFO - Sync 1 DAGs
[2022-05-05 06:19:19,649] {logging_mixin.py:115} INFO - [2022-05-05 06:19:19,649] {dag.py:2919} INFO - Setting next_dagrun for example_complex to None, run_after=None
[2022-05-05 06:19:19,664] {processor.py:161} INFO - Processing /home/airflow/.local/lib/python3.7/site-packages/airflow/example_dags/example_complex.py took 0.079 seconds
[2022-05-05 06:19:50,364] {processor.py:153} INFO - Started process (PID=3070) to work on /home/airflow/.local/lib/python3.7/site-packages/airflow/example_dags/example_complex.py
[2022-05-05 06:19:50,364] {processor.py:641} INFO - Processing file /home/airflow/.local/lib/python3.7/site-packages/airflow/example_dags/example_complex.py for tasks to queue
[2022-05-05 06:19:50,365] {logging_mixin.py:115} INFO - [2022-05-05 06:19:50,365] {dagbag.py:507} INFO - Filling up the DagBag from /home/airflow/.local/lib/python3.7/site-packages/airflow/example_dags/example_complex.py
[2022-05-05 06:19:50,379] {processor.py:651} INFO - DAG(s) dict_keys(['example_complex']) retrieved from /home/airflow/.local/lib/python3.7/site-packages/airflow/example_dags/example_complex.py
[2022-05-05 06:19:50,409] {logging_mixin.py:115} INFO - [2022-05-05 06:19:50,409] {dag.py:2371} INFO - Sync 1 DAGs
[2022-05-05 06:19:50,429] {logging_mixin.py:115} INFO - [2022-05-05 06:19:50,429] {dag.py:2919} INFO - Setting next_dagrun for example_complex to None, run_after=None
[2022-05-05 06:19:50,444] {processor.py:161} INFO - Processing /home/airflow/.local/lib/python3.7/site-packages/airflow/example_dags/example_complex.py took 0.082 seconds
[2022-05-05 06:20:21,275] {processor.py:153} INFO - Started process (PID=3134) to work on /home/airflow/.local/lib/python3.7/site-packages/airflow/example_dags/example_complex.py
[2022-05-05 06:20:21,275] {processor.py:641} INFO - Processing file /home/airflow/.local/lib/python3.7/site-packages/airflow/example_dags/example_complex.py for tasks to queue
[2022-05-05 06:20:21,276] {logging_mixin.py:115} INFO - [2022-05-05 06:20:21,276] {dagbag.py:507} INFO - Filling up the DagBag from /home/airflow/.local/lib/python3.7/site-packages/airflow/example_dags/example_complex.py
[2022-05-05 06:20:21,286] {processor.py:651} INFO - DAG(s) dict_keys(['example_complex']) retrieved from /home/airflow/.local/lib/python3.7/site-packages/airflow/example_dags/example_complex.py
[2022-05-05 06:20:21,317] {logging_mixin.py:115} INFO - [2022-05-05 06:20:21,317] {dag.py:2371} INFO - Sync 1 DAGs
[2022-05-05 06:20:21,338] {logging_mixin.py:115} INFO - [2022-05-05 06:20:21,338] {dag.py:2919} INFO - Setting next_dagrun for example_complex to None, run_after=None
[2022-05-05 06:20:21,353] {processor.py:161} INFO - Processing /home/airflow/.local/lib/python3.7/site-packages/airflow/example_dags/example_complex.py took 0.080 seconds
[2022-05-05 06:20:52,090] {processor.py:153} INFO - Started process (PID=3197) to work on /home/airflow/.local/lib/python3.7/site-packages/airflow/example_dags/example_complex.py
[2022-05-05 06:20:52,092] {processor.py:641} INFO - Processing file /home/airflow/.local/lib/python3.7/site-packages/airflow/example_dags/example_complex.py for tasks to queue
[2022-05-05 06:20:52,092] {logging_mixin.py:115} INFO - [2022-05-05 06:20:52,092] {dagbag.py:507} INFO - Filling up the DagBag from /home/airflow/.local/lib/python3.7/site-packages/airflow/example_dags/example_complex.py
[2022-05-05 06:20:52,107] {processor.py:651} INFO - DAG(s) dict_keys(['example_complex']) retrieved from /home/airflow/.local/lib/python3.7/site-packages/airflow/example_dags/example_complex.py
[2022-05-05 06:20:52,143] {logging_mixin.py:115} INFO - [2022-05-05 06:20:52,143] {dag.py:2371} INFO - Sync 1 DAGs
[2022-05-05 06:20:52,171] {logging_mixin.py:115} INFO - [2022-05-05 06:20:52,170] {dag.py:2919} INFO - Setting next_dagrun for example_complex to None, run_after=None
[2022-05-05 06:20:52,188] {processor.py:161} INFO - Processing /home/airflow/.local/lib/python3.7/site-packages/airflow/example_dags/example_complex.py took 0.101 seconds
[2022-05-05 06:21:22,808] {processor.py:153} INFO - Started process (PID=3250) to work on /home/airflow/.local/lib/python3.7/site-packages/airflow/example_dags/example_complex.py
[2022-05-05 06:21:22,808] {processor.py:641} INFO - Processing file /home/airflow/.local/lib/python3.7/site-packages/airflow/example_dags/example_complex.py for tasks to queue
[2022-05-05 06:21:22,809] {logging_mixin.py:115} INFO - [2022-05-05 06:21:22,808] {dagbag.py:507} INFO - Filling up the DagBag from /home/airflow/.local/lib/python3.7/site-packages/airflow/example_dags/example_complex.py
[2022-05-05 06:21:22,820] {processor.py:651} INFO - DAG(s) dict_keys(['example_complex']) retrieved from /home/airflow/.local/lib/python3.7/site-packages/airflow/example_dags/example_complex.py
[2022-05-05 06:21:22,848] {logging_mixin.py:115} INFO - [2022-05-05 06:21:22,847] {dag.py:2371} INFO - Sync 1 DAGs
[2022-05-05 06:21:22,872] {logging_mixin.py:115} INFO - [2022-05-05 06:21:22,872] {dag.py:2919} INFO - Setting next_dagrun for example_complex to None, run_after=None
[2022-05-05 06:21:22,886] {processor.py:161} INFO - Processing /home/airflow/.local/lib/python3.7/site-packages/airflow/example_dags/example_complex.py took 0.081 seconds
