[2022-05-05 05:41:31,665] {processor.py:153} INFO - Started process (PID=69) to work on /home/airflow/.local/lib/python3.7/site-packages/airflow/example_dags/example_latest_only.py
[2022-05-05 05:41:31,665] {processor.py:641} INFO - Processing file /home/airflow/.local/lib/python3.7/site-packages/airflow/example_dags/example_latest_only.py for tasks to queue
[2022-05-05 05:41:31,666] {logging_mixin.py:115} INFO - [2022-05-05 05:41:31,666] {dagbag.py:507} INFO - Filling up the DagBag from /home/airflow/.local/lib/python3.7/site-packages/airflow/example_dags/example_latest_only.py
[2022-05-05 05:41:31,671] {processor.py:651} INFO - DAG(s) dict_keys(['latest_only']) retrieved from /home/airflow/.local/lib/python3.7/site-packages/airflow/example_dags/example_latest_only.py
[2022-05-05 05:41:31,874] {logging_mixin.py:115} INFO - [2022-05-05 05:41:31,874] {manager.py:508} INFO - Created Permission View: can delete on DAG:latest_only
[2022-05-05 05:41:31,887] {logging_mixin.py:115} INFO - [2022-05-05 05:41:31,887] {manager.py:508} INFO - Created Permission View: can edit on DAG:latest_only
[2022-05-05 05:41:31,898] {logging_mixin.py:115} INFO - [2022-05-05 05:41:31,898] {manager.py:508} INFO - Created Permission View: can read on DAG:latest_only
[2022-05-05 05:41:31,898] {logging_mixin.py:115} INFO - [2022-05-05 05:41:31,898] {dag.py:2371} INFO - Sync 1 DAGs
[2022-05-05 05:41:31,907] {logging_mixin.py:115} INFO - [2022-05-05 05:41:31,907] {dag.py:2390} INFO - Creating ORM DAG for latest_only
[2022-05-05 05:41:31,920] {logging_mixin.py:115} INFO - [2022-05-05 05:41:31,920] {dag.py:2919} INFO - Setting next_dagrun for latest_only to 2022-05-05T01:41:31.919968+00:00, run_after=2022-05-05T05:41:31.919968+00:00
[2022-05-05 05:41:31,937] {processor.py:161} INFO - Processing /home/airflow/.local/lib/python3.7/site-packages/airflow/example_dags/example_latest_only.py took 0.275 seconds
[2022-05-05 05:42:01,972] {processor.py:153} INFO - Started process (PID=130) to work on /home/airflow/.local/lib/python3.7/site-packages/airflow/example_dags/example_latest_only.py
[2022-05-05 05:42:01,973] {processor.py:641} INFO - Processing file /home/airflow/.local/lib/python3.7/site-packages/airflow/example_dags/example_latest_only.py for tasks to queue
[2022-05-05 05:42:01,974] {logging_mixin.py:115} INFO - [2022-05-05 05:42:01,974] {dagbag.py:507} INFO - Filling up the DagBag from /home/airflow/.local/lib/python3.7/site-packages/airflow/example_dags/example_latest_only.py
[2022-05-05 05:42:01,978] {processor.py:651} INFO - DAG(s) dict_keys(['latest_only']) retrieved from /home/airflow/.local/lib/python3.7/site-packages/airflow/example_dags/example_latest_only.py
[2022-05-05 05:42:02,002] {logging_mixin.py:115} INFO - [2022-05-05 05:42:02,002] {dag.py:2371} INFO - Sync 1 DAGs
[2022-05-05 05:42:02,130] {logging_mixin.py:115} INFO - [2022-05-05 05:42:02,130] {dag.py:2919} INFO - Setting next_dagrun for latest_only to 2022-05-05T01:42:02.130056+00:00, run_after=2022-05-05T05:42:02.130056+00:00
[2022-05-05 05:42:02,143] {processor.py:161} INFO - Processing /home/airflow/.local/lib/python3.7/site-packages/airflow/example_dags/example_latest_only.py took 0.173 seconds
[2022-05-05 05:42:32,789] {processor.py:153} INFO - Started process (PID=182) to work on /home/airflow/.local/lib/python3.7/site-packages/airflow/example_dags/example_latest_only.py
[2022-05-05 05:42:32,789] {processor.py:641} INFO - Processing file /home/airflow/.local/lib/python3.7/site-packages/airflow/example_dags/example_latest_only.py for tasks to queue
[2022-05-05 05:42:32,790] {logging_mixin.py:115} INFO - [2022-05-05 05:42:32,790] {dagbag.py:507} INFO - Filling up the DagBag from /home/airflow/.local/lib/python3.7/site-packages/airflow/example_dags/example_latest_only.py
[2022-05-05 05:42:32,794] {processor.py:651} INFO - DAG(s) dict_keys(['latest_only']) retrieved from /home/airflow/.local/lib/python3.7/site-packages/airflow/example_dags/example_latest_only.py
[2022-05-05 05:42:32,819] {logging_mixin.py:115} INFO - [2022-05-05 05:42:32,819] {dag.py:2371} INFO - Sync 1 DAGs
[2022-05-05 05:42:32,950] {logging_mixin.py:115} INFO - [2022-05-05 05:42:32,950] {dag.py:2919} INFO - Setting next_dagrun for latest_only to 2022-05-05T01:42:32.950554+00:00, run_after=2022-05-05T05:42:32.950554+00:00
[2022-05-05 05:42:32,963] {processor.py:161} INFO - Processing /home/airflow/.local/lib/python3.7/site-packages/airflow/example_dags/example_latest_only.py took 0.176 seconds
[2022-05-05 05:43:03,620] {processor.py:153} INFO - Started process (PID=245) to work on /home/airflow/.local/lib/python3.7/site-packages/airflow/example_dags/example_latest_only.py
[2022-05-05 05:43:03,620] {processor.py:641} INFO - Processing file /home/airflow/.local/lib/python3.7/site-packages/airflow/example_dags/example_latest_only.py for tasks to queue
[2022-05-05 05:43:03,621] {logging_mixin.py:115} INFO - [2022-05-05 05:43:03,621] {dagbag.py:507} INFO - Filling up the DagBag from /home/airflow/.local/lib/python3.7/site-packages/airflow/example_dags/example_latest_only.py
[2022-05-05 05:43:03,626] {processor.py:651} INFO - DAG(s) dict_keys(['latest_only']) retrieved from /home/airflow/.local/lib/python3.7/site-packages/airflow/example_dags/example_latest_only.py
[2022-05-05 05:43:03,661] {logging_mixin.py:115} INFO - [2022-05-05 05:43:03,660] {dag.py:2371} INFO - Sync 1 DAGs
[2022-05-05 05:43:03,805] {logging_mixin.py:115} INFO - [2022-05-05 05:43:03,805] {dag.py:2919} INFO - Setting next_dagrun for latest_only to 2022-05-05T01:43:03.805103+00:00, run_after=2022-05-05T05:43:03.805103+00:00
[2022-05-05 05:43:03,818] {processor.py:161} INFO - Processing /home/airflow/.local/lib/python3.7/site-packages/airflow/example_dags/example_latest_only.py took 0.201 seconds
[2022-05-05 05:43:34,760] {processor.py:153} INFO - Started process (PID=307) to work on /home/airflow/.local/lib/python3.7/site-packages/airflow/example_dags/example_latest_only.py
[2022-05-05 05:43:34,761] {processor.py:641} INFO - Processing file /home/airflow/.local/lib/python3.7/site-packages/airflow/example_dags/example_latest_only.py for tasks to queue
[2022-05-05 05:43:34,761] {logging_mixin.py:115} INFO - [2022-05-05 05:43:34,761] {dagbag.py:507} INFO - Filling up the DagBag from /home/airflow/.local/lib/python3.7/site-packages/airflow/example_dags/example_latest_only.py
[2022-05-05 05:43:34,766] {processor.py:651} INFO - DAG(s) dict_keys(['latest_only']) retrieved from /home/airflow/.local/lib/python3.7/site-packages/airflow/example_dags/example_latest_only.py
[2022-05-05 05:43:34,801] {logging_mixin.py:115} INFO - [2022-05-05 05:43:34,800] {dag.py:2371} INFO - Sync 1 DAGs
[2022-05-05 05:43:34,933] {logging_mixin.py:115} INFO - [2022-05-05 05:43:34,933] {dag.py:2919} INFO - Setting next_dagrun for latest_only to 2022-05-05T01:43:34.933400+00:00, run_after=2022-05-05T05:43:34.933400+00:00
[2022-05-05 05:43:34,949] {processor.py:161} INFO - Processing /home/airflow/.local/lib/python3.7/site-packages/airflow/example_dags/example_latest_only.py took 0.192 seconds
[2022-05-05 05:44:05,681] {processor.py:153} INFO - Started process (PID=359) to work on /home/airflow/.local/lib/python3.7/site-packages/airflow/example_dags/example_latest_only.py
[2022-05-05 05:44:05,681] {processor.py:641} INFO - Processing file /home/airflow/.local/lib/python3.7/site-packages/airflow/example_dags/example_latest_only.py for tasks to queue
[2022-05-05 05:44:05,682] {logging_mixin.py:115} INFO - [2022-05-05 05:44:05,682] {dagbag.py:507} INFO - Filling up the DagBag from /home/airflow/.local/lib/python3.7/site-packages/airflow/example_dags/example_latest_only.py
[2022-05-05 05:44:05,686] {processor.py:651} INFO - DAG(s) dict_keys(['latest_only']) retrieved from /home/airflow/.local/lib/python3.7/site-packages/airflow/example_dags/example_latest_only.py
[2022-05-05 05:44:05,710] {logging_mixin.py:115} INFO - [2022-05-05 05:44:05,710] {dag.py:2371} INFO - Sync 1 DAGs
[2022-05-05 05:44:05,843] {logging_mixin.py:115} INFO - [2022-05-05 05:44:05,842] {dag.py:2919} INFO - Setting next_dagrun for latest_only to 2022-05-05T01:44:05.842722+00:00, run_after=2022-05-05T05:44:05.842722+00:00
[2022-05-05 05:44:05,856] {processor.py:161} INFO - Processing /home/airflow/.local/lib/python3.7/site-packages/airflow/example_dags/example_latest_only.py took 0.178 seconds
[2022-05-05 05:44:36,216] {processor.py:153} INFO - Started process (PID=423) to work on /home/airflow/.local/lib/python3.7/site-packages/airflow/example_dags/example_latest_only.py
[2022-05-05 05:44:36,217] {processor.py:641} INFO - Processing file /home/airflow/.local/lib/python3.7/site-packages/airflow/example_dags/example_latest_only.py for tasks to queue
[2022-05-05 05:44:36,217] {logging_mixin.py:115} INFO - [2022-05-05 05:44:36,217] {dagbag.py:507} INFO - Filling up the DagBag from /home/airflow/.local/lib/python3.7/site-packages/airflow/example_dags/example_latest_only.py
[2022-05-05 05:44:36,220] {processor.py:651} INFO - DAG(s) dict_keys(['latest_only']) retrieved from /home/airflow/.local/lib/python3.7/site-packages/airflow/example_dags/example_latest_only.py
[2022-05-05 05:44:36,242] {logging_mixin.py:115} INFO - [2022-05-05 05:44:36,242] {dag.py:2371} INFO - Sync 1 DAGs
[2022-05-05 05:44:36,377] {logging_mixin.py:115} INFO - [2022-05-05 05:44:36,377] {dag.py:2919} INFO - Setting next_dagrun for latest_only to 2022-05-05T01:44:36.377142+00:00, run_after=2022-05-05T05:44:36.377142+00:00
[2022-05-05 05:44:36,389] {processor.py:161} INFO - Processing /home/airflow/.local/lib/python3.7/site-packages/airflow/example_dags/example_latest_only.py took 0.175 seconds
[2022-05-05 05:45:06,751] {processor.py:153} INFO - Started process (PID=484) to work on /home/airflow/.local/lib/python3.7/site-packages/airflow/example_dags/example_latest_only.py
[2022-05-05 05:45:06,751] {processor.py:641} INFO - Processing file /home/airflow/.local/lib/python3.7/site-packages/airflow/example_dags/example_latest_only.py for tasks to queue
[2022-05-05 05:45:06,752] {logging_mixin.py:115} INFO - [2022-05-05 05:45:06,752] {dagbag.py:507} INFO - Filling up the DagBag from /home/airflow/.local/lib/python3.7/site-packages/airflow/example_dags/example_latest_only.py
[2022-05-05 05:45:06,755] {processor.py:651} INFO - DAG(s) dict_keys(['latest_only']) retrieved from /home/airflow/.local/lib/python3.7/site-packages/airflow/example_dags/example_latest_only.py
[2022-05-05 05:45:06,778] {logging_mixin.py:115} INFO - [2022-05-05 05:45:06,778] {dag.py:2371} INFO - Sync 1 DAGs
[2022-05-05 05:45:06,903] {logging_mixin.py:115} INFO - [2022-05-05 05:45:06,903] {dag.py:2919} INFO - Setting next_dagrun for latest_only to 2022-05-05T01:45:06.902748+00:00, run_after=2022-05-05T05:45:06.902748+00:00
[2022-05-05 05:45:06,919] {processor.py:161} INFO - Processing /home/airflow/.local/lib/python3.7/site-packages/airflow/example_dags/example_latest_only.py took 0.170 seconds
[2022-05-05 05:45:37,165] {processor.py:153} INFO - Started process (PID=538) to work on /home/airflow/.local/lib/python3.7/site-packages/airflow/example_dags/example_latest_only.py
[2022-05-05 05:45:37,166] {processor.py:641} INFO - Processing file /home/airflow/.local/lib/python3.7/site-packages/airflow/example_dags/example_latest_only.py for tasks to queue
[2022-05-05 05:45:37,167] {logging_mixin.py:115} INFO - [2022-05-05 05:45:37,167] {dagbag.py:507} INFO - Filling up the DagBag from /home/airflow/.local/lib/python3.7/site-packages/airflow/example_dags/example_latest_only.py
[2022-05-05 05:45:37,171] {processor.py:651} INFO - DAG(s) dict_keys(['latest_only']) retrieved from /home/airflow/.local/lib/python3.7/site-packages/airflow/example_dags/example_latest_only.py
[2022-05-05 05:45:37,198] {logging_mixin.py:115} INFO - [2022-05-05 05:45:37,197] {dag.py:2371} INFO - Sync 1 DAGs
[2022-05-05 05:45:37,345] {logging_mixin.py:115} INFO - [2022-05-05 05:45:37,345] {dag.py:2919} INFO - Setting next_dagrun for latest_only to 2022-05-05T01:45:37.345362+00:00, run_after=2022-05-05T05:45:37.345362+00:00
[2022-05-05 05:45:37,360] {processor.py:161} INFO - Processing /home/airflow/.local/lib/python3.7/site-packages/airflow/example_dags/example_latest_only.py took 0.197 seconds
[2022-05-05 05:46:07,626] {processor.py:153} INFO - Started process (PID=600) to work on /home/airflow/.local/lib/python3.7/site-packages/airflow/example_dags/example_latest_only.py
[2022-05-05 05:46:07,627] {processor.py:641} INFO - Processing file /home/airflow/.local/lib/python3.7/site-packages/airflow/example_dags/example_latest_only.py for tasks to queue
[2022-05-05 05:46:07,628] {logging_mixin.py:115} INFO - [2022-05-05 05:46:07,628] {dagbag.py:507} INFO - Filling up the DagBag from /home/airflow/.local/lib/python3.7/site-packages/airflow/example_dags/example_latest_only.py
[2022-05-05 05:46:07,634] {processor.py:651} INFO - DAG(s) dict_keys(['latest_only']) retrieved from /home/airflow/.local/lib/python3.7/site-packages/airflow/example_dags/example_latest_only.py
[2022-05-05 05:46:07,658] {logging_mixin.py:115} INFO - [2022-05-05 05:46:07,658] {dag.py:2371} INFO - Sync 1 DAGs
[2022-05-05 05:46:07,802] {logging_mixin.py:115} INFO - [2022-05-05 05:46:07,802] {dag.py:2919} INFO - Setting next_dagrun for latest_only to 2022-05-05T01:46:07.801787+00:00, run_after=2022-05-05T05:46:07.801787+00:00
[2022-05-05 05:46:07,820] {processor.py:161} INFO - Processing /home/airflow/.local/lib/python3.7/site-packages/airflow/example_dags/example_latest_only.py took 0.197 seconds
[2022-05-05 05:46:38,210] {processor.py:153} INFO - Started process (PID=663) to work on /home/airflow/.local/lib/python3.7/site-packages/airflow/example_dags/example_latest_only.py
[2022-05-05 05:46:38,210] {processor.py:641} INFO - Processing file /home/airflow/.local/lib/python3.7/site-packages/airflow/example_dags/example_latest_only.py for tasks to queue
[2022-05-05 05:46:38,211] {logging_mixin.py:115} INFO - [2022-05-05 05:46:38,211] {dagbag.py:507} INFO - Filling up the DagBag from /home/airflow/.local/lib/python3.7/site-packages/airflow/example_dags/example_latest_only.py
[2022-05-05 05:46:38,215] {processor.py:651} INFO - DAG(s) dict_keys(['latest_only']) retrieved from /home/airflow/.local/lib/python3.7/site-packages/airflow/example_dags/example_latest_only.py
[2022-05-05 05:46:38,243] {logging_mixin.py:115} INFO - [2022-05-05 05:46:38,243] {dag.py:2371} INFO - Sync 1 DAGs
[2022-05-05 05:46:38,382] {logging_mixin.py:115} INFO - [2022-05-05 05:46:38,382] {dag.py:2919} INFO - Setting next_dagrun for latest_only to 2022-05-05T01:46:38.381991+00:00, run_after=2022-05-05T05:46:38.381991+00:00
[2022-05-05 05:46:38,397] {processor.py:161} INFO - Processing /home/airflow/.local/lib/python3.7/site-packages/airflow/example_dags/example_latest_only.py took 0.190 seconds
[2022-05-05 05:47:08,752] {processor.py:153} INFO - Started process (PID=716) to work on /home/airflow/.local/lib/python3.7/site-packages/airflow/example_dags/example_latest_only.py
[2022-05-05 05:47:08,753] {processor.py:641} INFO - Processing file /home/airflow/.local/lib/python3.7/site-packages/airflow/example_dags/example_latest_only.py for tasks to queue
[2022-05-05 05:47:08,753] {logging_mixin.py:115} INFO - [2022-05-05 05:47:08,753] {dagbag.py:507} INFO - Filling up the DagBag from /home/airflow/.local/lib/python3.7/site-packages/airflow/example_dags/example_latest_only.py
[2022-05-05 05:47:08,756] {processor.py:651} INFO - DAG(s) dict_keys(['latest_only']) retrieved from /home/airflow/.local/lib/python3.7/site-packages/airflow/example_dags/example_latest_only.py
[2022-05-05 05:47:08,783] {logging_mixin.py:115} INFO - [2022-05-05 05:47:08,783] {dag.py:2371} INFO - Sync 1 DAGs
[2022-05-05 05:47:08,904] {logging_mixin.py:115} INFO - [2022-05-05 05:47:08,904] {dag.py:2919} INFO - Setting next_dagrun for latest_only to 2022-05-05T01:47:08.904055+00:00, run_after=2022-05-05T05:47:08.904055+00:00
[2022-05-05 05:47:08,918] {processor.py:161} INFO - Processing /home/airflow/.local/lib/python3.7/site-packages/airflow/example_dags/example_latest_only.py took 0.168 seconds
[2022-05-05 05:47:39,464] {processor.py:153} INFO - Started process (PID=779) to work on /home/airflow/.local/lib/python3.7/site-packages/airflow/example_dags/example_latest_only.py
[2022-05-05 05:47:39,465] {processor.py:641} INFO - Processing file /home/airflow/.local/lib/python3.7/site-packages/airflow/example_dags/example_latest_only.py for tasks to queue
[2022-05-05 05:47:39,465] {logging_mixin.py:115} INFO - [2022-05-05 05:47:39,465] {dagbag.py:507} INFO - Filling up the DagBag from /home/airflow/.local/lib/python3.7/site-packages/airflow/example_dags/example_latest_only.py
[2022-05-05 05:47:39,469] {processor.py:651} INFO - DAG(s) dict_keys(['latest_only']) retrieved from /home/airflow/.local/lib/python3.7/site-packages/airflow/example_dags/example_latest_only.py
[2022-05-05 05:47:39,505] {logging_mixin.py:115} INFO - [2022-05-05 05:47:39,505] {dag.py:2371} INFO - Sync 1 DAGs
[2022-05-05 05:47:39,656] {logging_mixin.py:115} INFO - [2022-05-05 05:47:39,656] {dag.py:2919} INFO - Setting next_dagrun for latest_only to 2022-05-05T01:47:39.656505+00:00, run_after=2022-05-05T05:47:39.656505+00:00
[2022-05-05 05:47:39,670] {processor.py:161} INFO - Processing /home/airflow/.local/lib/python3.7/site-packages/airflow/example_dags/example_latest_only.py took 0.209 seconds
[2022-05-05 05:48:10,248] {processor.py:153} INFO - Started process (PID=840) to work on /home/airflow/.local/lib/python3.7/site-packages/airflow/example_dags/example_latest_only.py
[2022-05-05 05:48:10,250] {processor.py:641} INFO - Processing file /home/airflow/.local/lib/python3.7/site-packages/airflow/example_dags/example_latest_only.py for tasks to queue
[2022-05-05 05:48:10,251] {logging_mixin.py:115} INFO - [2022-05-05 05:48:10,250] {dagbag.py:507} INFO - Filling up the DagBag from /home/airflow/.local/lib/python3.7/site-packages/airflow/example_dags/example_latest_only.py
[2022-05-05 05:48:10,258] {processor.py:651} INFO - DAG(s) dict_keys(['latest_only']) retrieved from /home/airflow/.local/lib/python3.7/site-packages/airflow/example_dags/example_latest_only.py
[2022-05-05 05:48:10,299] {logging_mixin.py:115} INFO - [2022-05-05 05:48:10,299] {dag.py:2371} INFO - Sync 1 DAGs
[2022-05-05 05:48:10,446] {logging_mixin.py:115} INFO - [2022-05-05 05:48:10,446] {dag.py:2919} INFO - Setting next_dagrun for latest_only to 2022-05-05T01:48:10.446232+00:00, run_after=2022-05-05T05:48:10.446232+00:00
[2022-05-05 05:48:10,462] {processor.py:161} INFO - Processing /home/airflow/.local/lib/python3.7/site-packages/airflow/example_dags/example_latest_only.py took 0.218 seconds
[2022-05-05 05:48:41,050] {processor.py:153} INFO - Started process (PID=892) to work on /home/airflow/.local/lib/python3.7/site-packages/airflow/example_dags/example_latest_only.py
[2022-05-05 05:48:41,050] {processor.py:641} INFO - Processing file /home/airflow/.local/lib/python3.7/site-packages/airflow/example_dags/example_latest_only.py for tasks to queue
[2022-05-05 05:48:41,051] {logging_mixin.py:115} INFO - [2022-05-05 05:48:41,050] {dagbag.py:507} INFO - Filling up the DagBag from /home/airflow/.local/lib/python3.7/site-packages/airflow/example_dags/example_latest_only.py
[2022-05-05 05:48:41,054] {processor.py:651} INFO - DAG(s) dict_keys(['latest_only']) retrieved from /home/airflow/.local/lib/python3.7/site-packages/airflow/example_dags/example_latest_only.py
[2022-05-05 05:48:41,079] {logging_mixin.py:115} INFO - [2022-05-05 05:48:41,079] {dag.py:2371} INFO - Sync 1 DAGs
[2022-05-05 05:48:41,199] {logging_mixin.py:115} INFO - [2022-05-05 05:48:41,199] {dag.py:2919} INFO - Setting next_dagrun for latest_only to 2022-05-05T01:48:41.199180+00:00, run_after=2022-05-05T05:48:41.199180+00:00
[2022-05-05 05:48:41,214] {processor.py:161} INFO - Processing /home/airflow/.local/lib/python3.7/site-packages/airflow/example_dags/example_latest_only.py took 0.166 seconds
[2022-05-05 05:49:11,594] {processor.py:153} INFO - Started process (PID=956) to work on /home/airflow/.local/lib/python3.7/site-packages/airflow/example_dags/example_latest_only.py
[2022-05-05 05:49:11,595] {processor.py:641} INFO - Processing file /home/airflow/.local/lib/python3.7/site-packages/airflow/example_dags/example_latest_only.py for tasks to queue
[2022-05-05 05:49:11,596] {logging_mixin.py:115} INFO - [2022-05-05 05:49:11,596] {dagbag.py:507} INFO - Filling up the DagBag from /home/airflow/.local/lib/python3.7/site-packages/airflow/example_dags/example_latest_only.py
[2022-05-05 05:49:11,599] {processor.py:651} INFO - DAG(s) dict_keys(['latest_only']) retrieved from /home/airflow/.local/lib/python3.7/site-packages/airflow/example_dags/example_latest_only.py
[2022-05-05 05:49:11,623] {logging_mixin.py:115} INFO - [2022-05-05 05:49:11,622] {dag.py:2371} INFO - Sync 1 DAGs
[2022-05-05 05:49:11,756] {logging_mixin.py:115} INFO - [2022-05-05 05:49:11,756] {dag.py:2919} INFO - Setting next_dagrun for latest_only to 2022-05-05T01:49:11.755866+00:00, run_after=2022-05-05T05:49:11.755866+00:00
[2022-05-05 05:49:11,771] {processor.py:161} INFO - Processing /home/airflow/.local/lib/python3.7/site-packages/airflow/example_dags/example_latest_only.py took 0.179 seconds
[2022-05-05 05:49:42,139] {processor.py:153} INFO - Started process (PID=1019) to work on /home/airflow/.local/lib/python3.7/site-packages/airflow/example_dags/example_latest_only.py
[2022-05-05 05:49:42,139] {processor.py:641} INFO - Processing file /home/airflow/.local/lib/python3.7/site-packages/airflow/example_dags/example_latest_only.py for tasks to queue
[2022-05-05 05:49:42,140] {logging_mixin.py:115} INFO - [2022-05-05 05:49:42,140] {dagbag.py:507} INFO - Filling up the DagBag from /home/airflow/.local/lib/python3.7/site-packages/airflow/example_dags/example_latest_only.py
[2022-05-05 05:49:42,145] {processor.py:651} INFO - DAG(s) dict_keys(['latest_only']) retrieved from /home/airflow/.local/lib/python3.7/site-packages/airflow/example_dags/example_latest_only.py
[2022-05-05 05:49:42,176] {logging_mixin.py:115} INFO - [2022-05-05 05:49:42,176] {dag.py:2371} INFO - Sync 1 DAGs
[2022-05-05 05:49:42,306] {logging_mixin.py:115} INFO - [2022-05-05 05:49:42,305] {dag.py:2919} INFO - Setting next_dagrun for latest_only to 2022-05-05T01:49:42.305743+00:00, run_after=2022-05-05T05:49:42.305743+00:00
[2022-05-05 05:49:42,319] {processor.py:161} INFO - Processing /home/airflow/.local/lib/python3.7/site-packages/airflow/example_dags/example_latest_only.py took 0.183 seconds
[2022-05-05 05:50:12,856] {processor.py:153} INFO - Started process (PID=1072) to work on /home/airflow/.local/lib/python3.7/site-packages/airflow/example_dags/example_latest_only.py
[2022-05-05 05:50:12,857] {processor.py:641} INFO - Processing file /home/airflow/.local/lib/python3.7/site-packages/airflow/example_dags/example_latest_only.py for tasks to queue
[2022-05-05 05:50:12,858] {logging_mixin.py:115} INFO - [2022-05-05 05:50:12,858] {dagbag.py:507} INFO - Filling up the DagBag from /home/airflow/.local/lib/python3.7/site-packages/airflow/example_dags/example_latest_only.py
[2022-05-05 05:50:12,861] {processor.py:651} INFO - DAG(s) dict_keys(['latest_only']) retrieved from /home/airflow/.local/lib/python3.7/site-packages/airflow/example_dags/example_latest_only.py
[2022-05-05 05:50:12,887] {logging_mixin.py:115} INFO - [2022-05-05 05:50:12,887] {dag.py:2371} INFO - Sync 1 DAGs
[2022-05-05 05:50:13,010] {logging_mixin.py:115} INFO - [2022-05-05 05:50:13,010] {dag.py:2919} INFO - Setting next_dagrun for latest_only to 2022-05-05T01:50:13.010430+00:00, run_after=2022-05-05T05:50:13.010430+00:00
[2022-05-05 05:50:13,027] {processor.py:161} INFO - Processing /home/airflow/.local/lib/python3.7/site-packages/airflow/example_dags/example_latest_only.py took 0.173 seconds
[2022-05-05 05:50:43,088] {processor.py:153} INFO - Started process (PID=1135) to work on /home/airflow/.local/lib/python3.7/site-packages/airflow/example_dags/example_latest_only.py
[2022-05-05 05:50:43,088] {processor.py:641} INFO - Processing file /home/airflow/.local/lib/python3.7/site-packages/airflow/example_dags/example_latest_only.py for tasks to queue
[2022-05-05 05:50:43,089] {logging_mixin.py:115} INFO - [2022-05-05 05:50:43,089] {dagbag.py:507} INFO - Filling up the DagBag from /home/airflow/.local/lib/python3.7/site-packages/airflow/example_dags/example_latest_only.py
[2022-05-05 05:50:43,093] {processor.py:651} INFO - DAG(s) dict_keys(['latest_only']) retrieved from /home/airflow/.local/lib/python3.7/site-packages/airflow/example_dags/example_latest_only.py
[2022-05-05 05:50:43,121] {logging_mixin.py:115} INFO - [2022-05-05 05:50:43,121] {dag.py:2371} INFO - Sync 1 DAGs
[2022-05-05 05:50:43,247] {logging_mixin.py:115} INFO - [2022-05-05 05:50:43,246] {dag.py:2919} INFO - Setting next_dagrun for latest_only to 2022-05-05T01:50:43.246810+00:00, run_after=2022-05-05T05:50:43.246810+00:00
[2022-05-05 05:50:43,259] {processor.py:161} INFO - Processing /home/airflow/.local/lib/python3.7/site-packages/airflow/example_dags/example_latest_only.py took 0.173 seconds
[2022-05-05 05:52:21,888] {processor.py:153} INFO - Started process (PID=70) to work on /home/airflow/.local/lib/python3.7/site-packages/airflow/example_dags/example_latest_only.py
[2022-05-05 05:52:21,890] {processor.py:641} INFO - Processing file /home/airflow/.local/lib/python3.7/site-packages/airflow/example_dags/example_latest_only.py for tasks to queue
[2022-05-05 05:52:21,891] {logging_mixin.py:115} INFO - [2022-05-05 05:52:21,890] {dagbag.py:507} INFO - Filling up the DagBag from /home/airflow/.local/lib/python3.7/site-packages/airflow/example_dags/example_latest_only.py
[2022-05-05 05:52:21,899] {processor.py:651} INFO - DAG(s) dict_keys(['latest_only']) retrieved from /home/airflow/.local/lib/python3.7/site-packages/airflow/example_dags/example_latest_only.py
[2022-05-05 05:52:21,932] {logging_mixin.py:115} INFO - [2022-05-05 05:52:21,932] {dag.py:2371} INFO - Sync 1 DAGs
[2022-05-05 05:52:22,096] {logging_mixin.py:115} INFO - [2022-05-05 05:52:22,096] {dag.py:2919} INFO - Setting next_dagrun for latest_only to 2022-05-05T01:52:22.095780+00:00, run_after=2022-05-05T05:52:22.095780+00:00
[2022-05-05 05:52:22,114] {processor.py:161} INFO - Processing /home/airflow/.local/lib/python3.7/site-packages/airflow/example_dags/example_latest_only.py took 0.229 seconds
[2022-05-05 05:52:52,410] {processor.py:153} INFO - Started process (PID=133) to work on /home/airflow/.local/lib/python3.7/site-packages/airflow/example_dags/example_latest_only.py
[2022-05-05 05:52:52,411] {processor.py:641} INFO - Processing file /home/airflow/.local/lib/python3.7/site-packages/airflow/example_dags/example_latest_only.py for tasks to queue
[2022-05-05 05:52:52,412] {logging_mixin.py:115} INFO - [2022-05-05 05:52:52,412] {dagbag.py:507} INFO - Filling up the DagBag from /home/airflow/.local/lib/python3.7/site-packages/airflow/example_dags/example_latest_only.py
[2022-05-05 05:52:52,416] {processor.py:651} INFO - DAG(s) dict_keys(['latest_only']) retrieved from /home/airflow/.local/lib/python3.7/site-packages/airflow/example_dags/example_latest_only.py
[2022-05-05 05:52:52,442] {logging_mixin.py:115} INFO - [2022-05-05 05:52:52,442] {dag.py:2371} INFO - Sync 1 DAGs
[2022-05-05 05:52:52,588] {logging_mixin.py:115} INFO - [2022-05-05 05:52:52,588] {dag.py:2919} INFO - Setting next_dagrun for latest_only to 2022-05-05T01:52:52.588227+00:00, run_after=2022-05-05T05:52:52.588227+00:00
[2022-05-05 05:52:52,605] {processor.py:161} INFO - Processing /home/airflow/.local/lib/python3.7/site-packages/airflow/example_dags/example_latest_only.py took 0.197 seconds
[2022-05-05 05:53:50,120] {processor.py:153} INFO - Started process (PID=70) to work on /home/airflow/.local/lib/python3.7/site-packages/airflow/example_dags/example_latest_only.py
[2022-05-05 05:53:50,121] {processor.py:641} INFO - Processing file /home/airflow/.local/lib/python3.7/site-packages/airflow/example_dags/example_latest_only.py for tasks to queue
[2022-05-05 05:53:50,122] {logging_mixin.py:115} INFO - [2022-05-05 05:53:50,122] {dagbag.py:507} INFO - Filling up the DagBag from /home/airflow/.local/lib/python3.7/site-packages/airflow/example_dags/example_latest_only.py
[2022-05-05 05:53:50,128] {processor.py:651} INFO - DAG(s) dict_keys(['latest_only']) retrieved from /home/airflow/.local/lib/python3.7/site-packages/airflow/example_dags/example_latest_only.py
[2022-05-05 05:53:50,161] {logging_mixin.py:115} INFO - [2022-05-05 05:53:50,160] {dag.py:2371} INFO - Sync 1 DAGs
[2022-05-05 05:53:50,313] {logging_mixin.py:115} INFO - [2022-05-05 05:53:50,313] {dag.py:2919} INFO - Setting next_dagrun for latest_only to 2022-05-05T01:53:50.313014+00:00, run_after=2022-05-05T05:53:50.313014+00:00
[2022-05-05 05:53:50,331] {processor.py:161} INFO - Processing /home/airflow/.local/lib/python3.7/site-packages/airflow/example_dags/example_latest_only.py took 0.214 seconds
[2022-05-05 05:54:20,650] {processor.py:153} INFO - Started process (PID=133) to work on /home/airflow/.local/lib/python3.7/site-packages/airflow/example_dags/example_latest_only.py
[2022-05-05 05:54:20,651] {processor.py:641} INFO - Processing file /home/airflow/.local/lib/python3.7/site-packages/airflow/example_dags/example_latest_only.py for tasks to queue
[2022-05-05 05:54:20,651] {logging_mixin.py:115} INFO - [2022-05-05 05:54:20,651] {dagbag.py:507} INFO - Filling up the DagBag from /home/airflow/.local/lib/python3.7/site-packages/airflow/example_dags/example_latest_only.py
[2022-05-05 05:54:20,654] {processor.py:651} INFO - DAG(s) dict_keys(['latest_only']) retrieved from /home/airflow/.local/lib/python3.7/site-packages/airflow/example_dags/example_latest_only.py
[2022-05-05 05:54:20,682] {logging_mixin.py:115} INFO - [2022-05-05 05:54:20,681] {dag.py:2371} INFO - Sync 1 DAGs
[2022-05-05 05:54:20,831] {logging_mixin.py:115} INFO - [2022-05-05 05:54:20,830] {dag.py:2919} INFO - Setting next_dagrun for latest_only to 2022-05-05T01:54:20.830573+00:00, run_after=2022-05-05T05:54:20.830573+00:00
[2022-05-05 05:54:20,848] {processor.py:161} INFO - Processing /home/airflow/.local/lib/python3.7/site-packages/airflow/example_dags/example_latest_only.py took 0.201 seconds
[2022-05-05 05:54:51,264] {processor.py:153} INFO - Started process (PID=186) to work on /home/airflow/.local/lib/python3.7/site-packages/airflow/example_dags/example_latest_only.py
[2022-05-05 05:54:51,265] {processor.py:641} INFO - Processing file /home/airflow/.local/lib/python3.7/site-packages/airflow/example_dags/example_latest_only.py for tasks to queue
[2022-05-05 05:54:51,266] {logging_mixin.py:115} INFO - [2022-05-05 05:54:51,265] {dagbag.py:507} INFO - Filling up the DagBag from /home/airflow/.local/lib/python3.7/site-packages/airflow/example_dags/example_latest_only.py
[2022-05-05 05:54:51,270] {processor.py:651} INFO - DAG(s) dict_keys(['latest_only']) retrieved from /home/airflow/.local/lib/python3.7/site-packages/airflow/example_dags/example_latest_only.py
[2022-05-05 05:54:51,293] {logging_mixin.py:115} INFO - [2022-05-05 05:54:51,293] {dag.py:2371} INFO - Sync 1 DAGs
[2022-05-05 05:54:51,417] {logging_mixin.py:115} INFO - [2022-05-05 05:54:51,417] {dag.py:2919} INFO - Setting next_dagrun for latest_only to 2022-05-05T01:54:51.417087+00:00, run_after=2022-05-05T05:54:51.417087+00:00
[2022-05-05 05:54:51,429] {processor.py:161} INFO - Processing /home/airflow/.local/lib/python3.7/site-packages/airflow/example_dags/example_latest_only.py took 0.168 seconds
[2022-05-05 05:55:21,956] {processor.py:153} INFO - Started process (PID=248) to work on /home/airflow/.local/lib/python3.7/site-packages/airflow/example_dags/example_latest_only.py
[2022-05-05 05:55:21,957] {processor.py:641} INFO - Processing file /home/airflow/.local/lib/python3.7/site-packages/airflow/example_dags/example_latest_only.py for tasks to queue
[2022-05-05 05:55:21,958] {logging_mixin.py:115} INFO - [2022-05-05 05:55:21,958] {dagbag.py:507} INFO - Filling up the DagBag from /home/airflow/.local/lib/python3.7/site-packages/airflow/example_dags/example_latest_only.py
[2022-05-05 05:55:21,962] {processor.py:651} INFO - DAG(s) dict_keys(['latest_only']) retrieved from /home/airflow/.local/lib/python3.7/site-packages/airflow/example_dags/example_latest_only.py
[2022-05-05 05:55:21,985] {logging_mixin.py:115} INFO - [2022-05-05 05:55:21,985] {dag.py:2371} INFO - Sync 1 DAGs
[2022-05-05 05:55:22,101] {logging_mixin.py:115} INFO - [2022-05-05 05:55:22,101] {dag.py:2919} INFO - Setting next_dagrun for latest_only to 2022-05-05T01:55:22.101329+00:00, run_after=2022-05-05T05:55:22.101329+00:00
[2022-05-05 05:55:22,114] {processor.py:161} INFO - Processing /home/airflow/.local/lib/python3.7/site-packages/airflow/example_dags/example_latest_only.py took 0.161 seconds
[2022-05-05 05:55:52,720] {processor.py:153} INFO - Started process (PID=310) to work on /home/airflow/.local/lib/python3.7/site-packages/airflow/example_dags/example_latest_only.py
[2022-05-05 05:55:52,721] {processor.py:641} INFO - Processing file /home/airflow/.local/lib/python3.7/site-packages/airflow/example_dags/example_latest_only.py for tasks to queue
[2022-05-05 05:55:52,722] {logging_mixin.py:115} INFO - [2022-05-05 05:55:52,722] {dagbag.py:507} INFO - Filling up the DagBag from /home/airflow/.local/lib/python3.7/site-packages/airflow/example_dags/example_latest_only.py
[2022-05-05 05:55:52,731] {processor.py:651} INFO - DAG(s) dict_keys(['latest_only']) retrieved from /home/airflow/.local/lib/python3.7/site-packages/airflow/example_dags/example_latest_only.py
[2022-05-05 05:55:52,758] {logging_mixin.py:115} INFO - [2022-05-05 05:55:52,758] {dag.py:2371} INFO - Sync 1 DAGs
[2022-05-05 05:55:52,901] {logging_mixin.py:115} INFO - [2022-05-05 05:55:52,900] {dag.py:2919} INFO - Setting next_dagrun for latest_only to 2022-05-05T01:55:52.900773+00:00, run_after=2022-05-05T05:55:52.900773+00:00
[2022-05-05 05:55:52,917] {processor.py:161} INFO - Processing /home/airflow/.local/lib/python3.7/site-packages/airflow/example_dags/example_latest_only.py took 0.200 seconds
[2022-05-05 05:56:23,336] {processor.py:153} INFO - Started process (PID=363) to work on /home/airflow/.local/lib/python3.7/site-packages/airflow/example_dags/example_latest_only.py
[2022-05-05 05:56:23,337] {processor.py:641} INFO - Processing file /home/airflow/.local/lib/python3.7/site-packages/airflow/example_dags/example_latest_only.py for tasks to queue
[2022-05-05 05:56:23,337] {logging_mixin.py:115} INFO - [2022-05-05 05:56:23,337] {dagbag.py:507} INFO - Filling up the DagBag from /home/airflow/.local/lib/python3.7/site-packages/airflow/example_dags/example_latest_only.py
[2022-05-05 05:56:23,341] {processor.py:651} INFO - DAG(s) dict_keys(['latest_only']) retrieved from /home/airflow/.local/lib/python3.7/site-packages/airflow/example_dags/example_latest_only.py
[2022-05-05 05:56:23,366] {logging_mixin.py:115} INFO - [2022-05-05 05:56:23,365] {dag.py:2371} INFO - Sync 1 DAGs
[2022-05-05 05:56:23,482] {logging_mixin.py:115} INFO - [2022-05-05 05:56:23,482] {dag.py:2919} INFO - Setting next_dagrun for latest_only to 2022-05-05T01:56:23.482368+00:00, run_after=2022-05-05T05:56:23.482368+00:00
[2022-05-05 05:56:23,496] {processor.py:161} INFO - Processing /home/airflow/.local/lib/python3.7/site-packages/airflow/example_dags/example_latest_only.py took 0.162 seconds
[2022-05-05 05:56:53,657] {processor.py:153} INFO - Started process (PID=425) to work on /home/airflow/.local/lib/python3.7/site-packages/airflow/example_dags/example_latest_only.py
[2022-05-05 05:56:53,658] {processor.py:641} INFO - Processing file /home/airflow/.local/lib/python3.7/site-packages/airflow/example_dags/example_latest_only.py for tasks to queue
[2022-05-05 05:56:53,659] {logging_mixin.py:115} INFO - [2022-05-05 05:56:53,659] {dagbag.py:507} INFO - Filling up the DagBag from /home/airflow/.local/lib/python3.7/site-packages/airflow/example_dags/example_latest_only.py
[2022-05-05 05:56:53,663] {processor.py:651} INFO - DAG(s) dict_keys(['latest_only']) retrieved from /home/airflow/.local/lib/python3.7/site-packages/airflow/example_dags/example_latest_only.py
[2022-05-05 05:56:53,686] {logging_mixin.py:115} INFO - [2022-05-05 05:56:53,685] {dag.py:2371} INFO - Sync 1 DAGs
[2022-05-05 05:56:53,803] {logging_mixin.py:115} INFO - [2022-05-05 05:56:53,802] {dag.py:2919} INFO - Setting next_dagrun for latest_only to 2022-05-05T01:56:53.802379+00:00, run_after=2022-05-05T05:56:53.802379+00:00
[2022-05-05 05:56:53,816] {processor.py:161} INFO - Processing /home/airflow/.local/lib/python3.7/site-packages/airflow/example_dags/example_latest_only.py took 0.161 seconds
[2022-05-05 05:57:24,118] {processor.py:153} INFO - Started process (PID=487) to work on /home/airflow/.local/lib/python3.7/site-packages/airflow/example_dags/example_latest_only.py
[2022-05-05 05:57:24,119] {processor.py:641} INFO - Processing file /home/airflow/.local/lib/python3.7/site-packages/airflow/example_dags/example_latest_only.py for tasks to queue
[2022-05-05 05:57:24,120] {logging_mixin.py:115} INFO - [2022-05-05 05:57:24,120] {dagbag.py:507} INFO - Filling up the DagBag from /home/airflow/.local/lib/python3.7/site-packages/airflow/example_dags/example_latest_only.py
[2022-05-05 05:57:24,124] {processor.py:651} INFO - DAG(s) dict_keys(['latest_only']) retrieved from /home/airflow/.local/lib/python3.7/site-packages/airflow/example_dags/example_latest_only.py
[2022-05-05 05:57:24,150] {logging_mixin.py:115} INFO - [2022-05-05 05:57:24,150] {dag.py:2371} INFO - Sync 1 DAGs
[2022-05-05 05:57:24,327] {logging_mixin.py:115} INFO - [2022-05-05 05:57:24,327] {dag.py:2919} INFO - Setting next_dagrun for latest_only to 2022-05-05T01:57:24.326823+00:00, run_after=2022-05-05T05:57:24.326823+00:00
[2022-05-05 05:57:24,344] {processor.py:161} INFO - Processing /home/airflow/.local/lib/python3.7/site-packages/airflow/example_dags/example_latest_only.py took 0.228 seconds
[2022-05-05 05:57:54,416] {processor.py:153} INFO - Started process (PID=540) to work on /home/airflow/.local/lib/python3.7/site-packages/airflow/example_dags/example_latest_only.py
[2022-05-05 05:57:54,416] {processor.py:641} INFO - Processing file /home/airflow/.local/lib/python3.7/site-packages/airflow/example_dags/example_latest_only.py for tasks to queue
[2022-05-05 05:57:54,416] {logging_mixin.py:115} INFO - [2022-05-05 05:57:54,416] {dagbag.py:507} INFO - Filling up the DagBag from /home/airflow/.local/lib/python3.7/site-packages/airflow/example_dags/example_latest_only.py
[2022-05-05 05:57:54,420] {processor.py:651} INFO - DAG(s) dict_keys(['latest_only']) retrieved from /home/airflow/.local/lib/python3.7/site-packages/airflow/example_dags/example_latest_only.py
[2022-05-05 05:57:54,443] {logging_mixin.py:115} INFO - [2022-05-05 05:57:54,443] {dag.py:2371} INFO - Sync 1 DAGs
[2022-05-05 05:57:54,561] {logging_mixin.py:115} INFO - [2022-05-05 05:57:54,561] {dag.py:2919} INFO - Setting next_dagrun for latest_only to 2022-05-05T01:57:54.560951+00:00, run_after=2022-05-05T05:57:54.560951+00:00
[2022-05-05 05:57:54,574] {processor.py:161} INFO - Processing /home/airflow/.local/lib/python3.7/site-packages/airflow/example_dags/example_latest_only.py took 0.161 seconds
[2022-05-05 05:58:24,614] {processor.py:153} INFO - Started process (PID=603) to work on /home/airflow/.local/lib/python3.7/site-packages/airflow/example_dags/example_latest_only.py
[2022-05-05 05:58:24,615] {processor.py:641} INFO - Processing file /home/airflow/.local/lib/python3.7/site-packages/airflow/example_dags/example_latest_only.py for tasks to queue
[2022-05-05 05:58:24,616] {logging_mixin.py:115} INFO - [2022-05-05 05:58:24,616] {dagbag.py:507} INFO - Filling up the DagBag from /home/airflow/.local/lib/python3.7/site-packages/airflow/example_dags/example_latest_only.py
[2022-05-05 05:58:24,620] {processor.py:651} INFO - DAG(s) dict_keys(['latest_only']) retrieved from /home/airflow/.local/lib/python3.7/site-packages/airflow/example_dags/example_latest_only.py
[2022-05-05 05:58:24,645] {logging_mixin.py:115} INFO - [2022-05-05 05:58:24,645] {dag.py:2371} INFO - Sync 1 DAGs
[2022-05-05 05:58:24,764] {logging_mixin.py:115} INFO - [2022-05-05 05:58:24,764] {dag.py:2919} INFO - Setting next_dagrun for latest_only to 2022-05-05T01:58:24.764573+00:00, run_after=2022-05-05T05:58:24.764573+00:00
[2022-05-05 05:58:24,778] {processor.py:161} INFO - Processing /home/airflow/.local/lib/python3.7/site-packages/airflow/example_dags/example_latest_only.py took 0.165 seconds
[2022-05-05 05:58:54,997] {processor.py:153} INFO - Started process (PID=664) to work on /home/airflow/.local/lib/python3.7/site-packages/airflow/example_dags/example_latest_only.py
[2022-05-05 05:58:54,997] {processor.py:641} INFO - Processing file /home/airflow/.local/lib/python3.7/site-packages/airflow/example_dags/example_latest_only.py for tasks to queue
[2022-05-05 05:58:54,997] {logging_mixin.py:115} INFO - [2022-05-05 05:58:54,997] {dagbag.py:507} INFO - Filling up the DagBag from /home/airflow/.local/lib/python3.7/site-packages/airflow/example_dags/example_latest_only.py
[2022-05-05 05:58:55,002] {processor.py:651} INFO - DAG(s) dict_keys(['latest_only']) retrieved from /home/airflow/.local/lib/python3.7/site-packages/airflow/example_dags/example_latest_only.py
[2022-05-05 05:58:55,032] {logging_mixin.py:115} INFO - [2022-05-05 05:58:55,032] {dag.py:2371} INFO - Sync 1 DAGs
[2022-05-05 05:58:55,162] {logging_mixin.py:115} INFO - [2022-05-05 05:58:55,161] {dag.py:2919} INFO - Setting next_dagrun for latest_only to 2022-05-05T01:58:55.161793+00:00, run_after=2022-05-05T05:58:55.161793+00:00
[2022-05-05 05:58:55,177] {processor.py:161} INFO - Processing /home/airflow/.local/lib/python3.7/site-packages/airflow/example_dags/example_latest_only.py took 0.183 seconds
[2022-05-05 05:59:25,444] {processor.py:153} INFO - Started process (PID=716) to work on /home/airflow/.local/lib/python3.7/site-packages/airflow/example_dags/example_latest_only.py
[2022-05-05 05:59:25,445] {processor.py:641} INFO - Processing file /home/airflow/.local/lib/python3.7/site-packages/airflow/example_dags/example_latest_only.py for tasks to queue
[2022-05-05 05:59:25,446] {logging_mixin.py:115} INFO - [2022-05-05 05:59:25,446] {dagbag.py:507} INFO - Filling up the DagBag from /home/airflow/.local/lib/python3.7/site-packages/airflow/example_dags/example_latest_only.py
[2022-05-05 05:59:25,450] {processor.py:651} INFO - DAG(s) dict_keys(['latest_only']) retrieved from /home/airflow/.local/lib/python3.7/site-packages/airflow/example_dags/example_latest_only.py
[2022-05-05 05:59:25,477] {logging_mixin.py:115} INFO - [2022-05-05 05:59:25,476] {dag.py:2371} INFO - Sync 1 DAGs
[2022-05-05 05:59:25,595] {logging_mixin.py:115} INFO - [2022-05-05 05:59:25,595] {dag.py:2919} INFO - Setting next_dagrun for latest_only to 2022-05-05T01:59:25.595719+00:00, run_after=2022-05-05T05:59:25.595719+00:00
[2022-05-05 05:59:25,608] {processor.py:161} INFO - Processing /home/airflow/.local/lib/python3.7/site-packages/airflow/example_dags/example_latest_only.py took 0.166 seconds
[2022-05-05 05:59:55,846] {processor.py:153} INFO - Started process (PID=779) to work on /home/airflow/.local/lib/python3.7/site-packages/airflow/example_dags/example_latest_only.py
[2022-05-05 05:59:55,847] {processor.py:641} INFO - Processing file /home/airflow/.local/lib/python3.7/site-packages/airflow/example_dags/example_latest_only.py for tasks to queue
[2022-05-05 05:59:55,847] {logging_mixin.py:115} INFO - [2022-05-05 05:59:55,847] {dagbag.py:507} INFO - Filling up the DagBag from /home/airflow/.local/lib/python3.7/site-packages/airflow/example_dags/example_latest_only.py
[2022-05-05 05:59:55,850] {processor.py:651} INFO - DAG(s) dict_keys(['latest_only']) retrieved from /home/airflow/.local/lib/python3.7/site-packages/airflow/example_dags/example_latest_only.py
[2022-05-05 05:59:55,874] {logging_mixin.py:115} INFO - [2022-05-05 05:59:55,874] {dag.py:2371} INFO - Sync 1 DAGs
[2022-05-05 05:59:55,993] {logging_mixin.py:115} INFO - [2022-05-05 05:59:55,993] {dag.py:2919} INFO - Setting next_dagrun for latest_only to 2022-05-05T01:59:55.992998+00:00, run_after=2022-05-05T05:59:55.992998+00:00
[2022-05-05 05:59:56,009] {processor.py:161} INFO - Processing /home/airflow/.local/lib/python3.7/site-packages/airflow/example_dags/example_latest_only.py took 0.165 seconds
[2022-05-05 06:00:26,389] {processor.py:153} INFO - Started process (PID=832) to work on /home/airflow/.local/lib/python3.7/site-packages/airflow/example_dags/example_latest_only.py
[2022-05-05 06:00:26,390] {processor.py:641} INFO - Processing file /home/airflow/.local/lib/python3.7/site-packages/airflow/example_dags/example_latest_only.py for tasks to queue
[2022-05-05 06:00:26,391] {logging_mixin.py:115} INFO - [2022-05-05 06:00:26,391] {dagbag.py:507} INFO - Filling up the DagBag from /home/airflow/.local/lib/python3.7/site-packages/airflow/example_dags/example_latest_only.py
[2022-05-05 06:00:26,397] {processor.py:651} INFO - DAG(s) dict_keys(['latest_only']) retrieved from /home/airflow/.local/lib/python3.7/site-packages/airflow/example_dags/example_latest_only.py
[2022-05-05 06:00:26,487] {logging_mixin.py:115} INFO - [2022-05-05 06:00:26,487] {dag.py:2371} INFO - Sync 1 DAGs
[2022-05-05 06:00:26,628] {logging_mixin.py:115} INFO - [2022-05-05 06:00:26,628] {dag.py:2919} INFO - Setting next_dagrun for latest_only to 2022-05-05T02:00:26.628481+00:00, run_after=2022-05-05T06:00:26.628481+00:00
[2022-05-05 06:00:26,643] {processor.py:161} INFO - Processing /home/airflow/.local/lib/python3.7/site-packages/airflow/example_dags/example_latest_only.py took 0.258 seconds
[2022-05-05 06:00:57,236] {processor.py:153} INFO - Started process (PID=894) to work on /home/airflow/.local/lib/python3.7/site-packages/airflow/example_dags/example_latest_only.py
[2022-05-05 06:00:57,236] {processor.py:641} INFO - Processing file /home/airflow/.local/lib/python3.7/site-packages/airflow/example_dags/example_latest_only.py for tasks to queue
[2022-05-05 06:00:57,236] {logging_mixin.py:115} INFO - [2022-05-05 06:00:57,236] {dagbag.py:507} INFO - Filling up the DagBag from /home/airflow/.local/lib/python3.7/site-packages/airflow/example_dags/example_latest_only.py
[2022-05-05 06:00:57,241] {processor.py:651} INFO - DAG(s) dict_keys(['latest_only']) retrieved from /home/airflow/.local/lib/python3.7/site-packages/airflow/example_dags/example_latest_only.py
[2022-05-05 06:00:57,269] {logging_mixin.py:115} INFO - [2022-05-05 06:00:57,269] {dag.py:2371} INFO - Sync 1 DAGs
[2022-05-05 06:00:57,387] {logging_mixin.py:115} INFO - [2022-05-05 06:00:57,387] {dag.py:2919} INFO - Setting next_dagrun for latest_only to 2022-05-05T02:00:57.387292+00:00, run_after=2022-05-05T06:00:57.387292+00:00
[2022-05-05 06:00:57,402] {processor.py:161} INFO - Processing /home/airflow/.local/lib/python3.7/site-packages/airflow/example_dags/example_latest_only.py took 0.168 seconds
[2022-05-05 06:01:27,511] {processor.py:153} INFO - Started process (PID=957) to work on /home/airflow/.local/lib/python3.7/site-packages/airflow/example_dags/example_latest_only.py
[2022-05-05 06:01:27,513] {processor.py:641} INFO - Processing file /home/airflow/.local/lib/python3.7/site-packages/airflow/example_dags/example_latest_only.py for tasks to queue
[2022-05-05 06:01:27,513] {logging_mixin.py:115} INFO - [2022-05-05 06:01:27,513] {dagbag.py:507} INFO - Filling up the DagBag from /home/airflow/.local/lib/python3.7/site-packages/airflow/example_dags/example_latest_only.py
[2022-05-05 06:01:27,519] {processor.py:651} INFO - DAG(s) dict_keys(['latest_only']) retrieved from /home/airflow/.local/lib/python3.7/site-packages/airflow/example_dags/example_latest_only.py
[2022-05-05 06:01:27,553] {logging_mixin.py:115} INFO - [2022-05-05 06:01:27,553] {dag.py:2371} INFO - Sync 1 DAGs
[2022-05-05 06:01:27,676] {logging_mixin.py:115} INFO - [2022-05-05 06:01:27,676] {dag.py:2919} INFO - Setting next_dagrun for latest_only to 2022-05-05T02:01:27.675911+00:00, run_after=2022-05-05T06:01:27.675911+00:00
[2022-05-05 06:01:27,691] {processor.py:161} INFO - Processing /home/airflow/.local/lib/python3.7/site-packages/airflow/example_dags/example_latest_only.py took 0.183 seconds
[2022-05-05 06:01:57,794] {processor.py:153} INFO - Started process (PID=1009) to work on /home/airflow/.local/lib/python3.7/site-packages/airflow/example_dags/example_latest_only.py
[2022-05-05 06:01:57,794] {processor.py:641} INFO - Processing file /home/airflow/.local/lib/python3.7/site-packages/airflow/example_dags/example_latest_only.py for tasks to queue
[2022-05-05 06:01:57,795] {logging_mixin.py:115} INFO - [2022-05-05 06:01:57,794] {dagbag.py:507} INFO - Filling up the DagBag from /home/airflow/.local/lib/python3.7/site-packages/airflow/example_dags/example_latest_only.py
[2022-05-05 06:01:57,799] {processor.py:651} INFO - DAG(s) dict_keys(['latest_only']) retrieved from /home/airflow/.local/lib/python3.7/site-packages/airflow/example_dags/example_latest_only.py
[2022-05-05 06:01:57,828] {logging_mixin.py:115} INFO - [2022-05-05 06:01:57,828] {dag.py:2371} INFO - Sync 1 DAGs
[2022-05-05 06:01:57,948] {logging_mixin.py:115} INFO - [2022-05-05 06:01:57,948] {dag.py:2919} INFO - Setting next_dagrun for latest_only to 2022-05-05T02:01:57.947853+00:00, run_after=2022-05-05T06:01:57.947853+00:00
[2022-05-05 06:01:57,962] {processor.py:161} INFO - Processing /home/airflow/.local/lib/python3.7/site-packages/airflow/example_dags/example_latest_only.py took 0.171 seconds
[2022-05-05 06:02:28,081] {processor.py:153} INFO - Started process (PID=1073) to work on /home/airflow/.local/lib/python3.7/site-packages/airflow/example_dags/example_latest_only.py
[2022-05-05 06:02:28,082] {processor.py:641} INFO - Processing file /home/airflow/.local/lib/python3.7/site-packages/airflow/example_dags/example_latest_only.py for tasks to queue
[2022-05-05 06:02:28,082] {logging_mixin.py:115} INFO - [2022-05-05 06:02:28,082] {dagbag.py:507} INFO - Filling up the DagBag from /home/airflow/.local/lib/python3.7/site-packages/airflow/example_dags/example_latest_only.py
[2022-05-05 06:02:28,086] {processor.py:651} INFO - DAG(s) dict_keys(['latest_only']) retrieved from /home/airflow/.local/lib/python3.7/site-packages/airflow/example_dags/example_latest_only.py
[2022-05-05 06:02:28,113] {logging_mixin.py:115} INFO - [2022-05-05 06:02:28,113] {dag.py:2371} INFO - Sync 1 DAGs
[2022-05-05 06:02:28,231] {logging_mixin.py:115} INFO - [2022-05-05 06:02:28,231] {dag.py:2919} INFO - Setting next_dagrun for latest_only to 2022-05-05T02:02:28.231206+00:00, run_after=2022-05-05T06:02:28.231206+00:00
[2022-05-05 06:02:28,245] {processor.py:161} INFO - Processing /home/airflow/.local/lib/python3.7/site-packages/airflow/example_dags/example_latest_only.py took 0.166 seconds
[2022-05-05 06:02:58,455] {processor.py:153} INFO - Started process (PID=1136) to work on /home/airflow/.local/lib/python3.7/site-packages/airflow/example_dags/example_latest_only.py
[2022-05-05 06:02:58,456] {processor.py:641} INFO - Processing file /home/airflow/.local/lib/python3.7/site-packages/airflow/example_dags/example_latest_only.py for tasks to queue
[2022-05-05 06:02:58,456] {logging_mixin.py:115} INFO - [2022-05-05 06:02:58,456] {dagbag.py:507} INFO - Filling up the DagBag from /home/airflow/.local/lib/python3.7/site-packages/airflow/example_dags/example_latest_only.py
[2022-05-05 06:02:58,460] {processor.py:651} INFO - DAG(s) dict_keys(['latest_only']) retrieved from /home/airflow/.local/lib/python3.7/site-packages/airflow/example_dags/example_latest_only.py
[2022-05-05 06:02:58,485] {logging_mixin.py:115} INFO - [2022-05-05 06:02:58,485] {dag.py:2371} INFO - Sync 1 DAGs
[2022-05-05 06:02:58,602] {logging_mixin.py:115} INFO - [2022-05-05 06:02:58,602] {dag.py:2919} INFO - Setting next_dagrun for latest_only to 2022-05-05T02:02:58.602431+00:00, run_after=2022-05-05T06:02:58.602431+00:00
[2022-05-05 06:02:58,614] {processor.py:161} INFO - Processing /home/airflow/.local/lib/python3.7/site-packages/airflow/example_dags/example_latest_only.py took 0.161 seconds
[2022-05-05 06:03:28,996] {processor.py:153} INFO - Started process (PID=1190) to work on /home/airflow/.local/lib/python3.7/site-packages/airflow/example_dags/example_latest_only.py
[2022-05-05 06:03:28,997] {processor.py:641} INFO - Processing file /home/airflow/.local/lib/python3.7/site-packages/airflow/example_dags/example_latest_only.py for tasks to queue
[2022-05-05 06:03:28,998] {logging_mixin.py:115} INFO - [2022-05-05 06:03:28,998] {dagbag.py:507} INFO - Filling up the DagBag from /home/airflow/.local/lib/python3.7/site-packages/airflow/example_dags/example_latest_only.py
[2022-05-05 06:03:29,002] {processor.py:651} INFO - DAG(s) dict_keys(['latest_only']) retrieved from /home/airflow/.local/lib/python3.7/site-packages/airflow/example_dags/example_latest_only.py
[2022-05-05 06:03:29,029] {logging_mixin.py:115} INFO - [2022-05-05 06:03:29,029] {dag.py:2371} INFO - Sync 1 DAGs
[2022-05-05 06:03:29,161] {logging_mixin.py:115} INFO - [2022-05-05 06:03:29,161] {dag.py:2919} INFO - Setting next_dagrun for latest_only to 2022-05-05T02:03:29.161104+00:00, run_after=2022-05-05T06:03:29.161104+00:00
[2022-05-05 06:03:29,176] {processor.py:161} INFO - Processing /home/airflow/.local/lib/python3.7/site-packages/airflow/example_dags/example_latest_only.py took 0.182 seconds
[2022-05-05 06:03:59,628] {processor.py:153} INFO - Started process (PID=1253) to work on /home/airflow/.local/lib/python3.7/site-packages/airflow/example_dags/example_latest_only.py
[2022-05-05 06:03:59,628] {processor.py:641} INFO - Processing file /home/airflow/.local/lib/python3.7/site-packages/airflow/example_dags/example_latest_only.py for tasks to queue
[2022-05-05 06:03:59,629] {logging_mixin.py:115} INFO - [2022-05-05 06:03:59,629] {dagbag.py:507} INFO - Filling up the DagBag from /home/airflow/.local/lib/python3.7/site-packages/airflow/example_dags/example_latest_only.py
[2022-05-05 06:03:59,632] {processor.py:651} INFO - DAG(s) dict_keys(['latest_only']) retrieved from /home/airflow/.local/lib/python3.7/site-packages/airflow/example_dags/example_latest_only.py
[2022-05-05 06:03:59,658] {logging_mixin.py:115} INFO - [2022-05-05 06:03:59,657] {dag.py:2371} INFO - Sync 1 DAGs
[2022-05-05 06:03:59,679] {logging_mixin.py:115} INFO - [2022-05-05 06:03:59,679] {dag.py:2919} INFO - Setting next_dagrun for latest_only to 2022-05-05T02:03:59.678865+00:00, run_after=2022-05-05T06:03:59.678865+00:00
[2022-05-05 06:03:59,693] {processor.py:161} INFO - Processing /home/airflow/.local/lib/python3.7/site-packages/airflow/example_dags/example_latest_only.py took 0.067 seconds
[2022-05-05 06:04:30,678] {processor.py:153} INFO - Started process (PID=1315) to work on /home/airflow/.local/lib/python3.7/site-packages/airflow/example_dags/example_latest_only.py
[2022-05-05 06:04:30,679] {processor.py:641} INFO - Processing file /home/airflow/.local/lib/python3.7/site-packages/airflow/example_dags/example_latest_only.py for tasks to queue
[2022-05-05 06:04:30,680] {logging_mixin.py:115} INFO - [2022-05-05 06:04:30,680] {dagbag.py:507} INFO - Filling up the DagBag from /home/airflow/.local/lib/python3.7/site-packages/airflow/example_dags/example_latest_only.py
[2022-05-05 06:04:30,683] {processor.py:651} INFO - DAG(s) dict_keys(['latest_only']) retrieved from /home/airflow/.local/lib/python3.7/site-packages/airflow/example_dags/example_latest_only.py
[2022-05-05 06:04:30,710] {logging_mixin.py:115} INFO - [2022-05-05 06:04:30,710] {dag.py:2371} INFO - Sync 1 DAGs
[2022-05-05 06:04:30,732] {logging_mixin.py:115} INFO - [2022-05-05 06:04:30,732] {dag.py:2919} INFO - Setting next_dagrun for latest_only to 2022-05-05T02:04:30.732477+00:00, run_after=2022-05-05T06:04:30.732477+00:00
[2022-05-05 06:04:30,745] {processor.py:161} INFO - Processing /home/airflow/.local/lib/python3.7/site-packages/airflow/example_dags/example_latest_only.py took 0.069 seconds
[2022-05-05 06:05:01,454] {processor.py:153} INFO - Started process (PID=1368) to work on /home/airflow/.local/lib/python3.7/site-packages/airflow/example_dags/example_latest_only.py
[2022-05-05 06:05:01,454] {processor.py:641} INFO - Processing file /home/airflow/.local/lib/python3.7/site-packages/airflow/example_dags/example_latest_only.py for tasks to queue
[2022-05-05 06:05:01,455] {logging_mixin.py:115} INFO - [2022-05-05 06:05:01,455] {dagbag.py:507} INFO - Filling up the DagBag from /home/airflow/.local/lib/python3.7/site-packages/airflow/example_dags/example_latest_only.py
[2022-05-05 06:05:01,459] {processor.py:651} INFO - DAG(s) dict_keys(['latest_only']) retrieved from /home/airflow/.local/lib/python3.7/site-packages/airflow/example_dags/example_latest_only.py
[2022-05-05 06:05:01,485] {logging_mixin.py:115} INFO - [2022-05-05 06:05:01,485] {dag.py:2371} INFO - Sync 1 DAGs
[2022-05-05 06:05:01,507] {logging_mixin.py:115} INFO - [2022-05-05 06:05:01,507] {dag.py:2919} INFO - Setting next_dagrun for latest_only to 2022-05-05T02:05:01.507210+00:00, run_after=2022-05-05T06:05:01.507210+00:00
[2022-05-05 06:05:01,522] {processor.py:161} INFO - Processing /home/airflow/.local/lib/python3.7/site-packages/airflow/example_dags/example_latest_only.py took 0.070 seconds
[2022-05-05 06:05:31,962] {processor.py:153} INFO - Started process (PID=1429) to work on /home/airflow/.local/lib/python3.7/site-packages/airflow/example_dags/example_latest_only.py
[2022-05-05 06:05:31,963] {processor.py:641} INFO - Processing file /home/airflow/.local/lib/python3.7/site-packages/airflow/example_dags/example_latest_only.py for tasks to queue
[2022-05-05 06:05:31,963] {logging_mixin.py:115} INFO - [2022-05-05 06:05:31,963] {dagbag.py:507} INFO - Filling up the DagBag from /home/airflow/.local/lib/python3.7/site-packages/airflow/example_dags/example_latest_only.py
[2022-05-05 06:05:31,967] {processor.py:651} INFO - DAG(s) dict_keys(['latest_only']) retrieved from /home/airflow/.local/lib/python3.7/site-packages/airflow/example_dags/example_latest_only.py
[2022-05-05 06:05:31,992] {logging_mixin.py:115} INFO - [2022-05-05 06:05:31,992] {dag.py:2371} INFO - Sync 1 DAGs
[2022-05-05 06:05:32,012] {logging_mixin.py:115} INFO - [2022-05-05 06:05:32,012] {dag.py:2919} INFO - Setting next_dagrun for latest_only to 2022-05-05T02:05:32.011951+00:00, run_after=2022-05-05T06:05:32.011951+00:00
[2022-05-05 06:05:32,026] {processor.py:161} INFO - Processing /home/airflow/.local/lib/python3.7/site-packages/airflow/example_dags/example_latest_only.py took 0.066 seconds
[2022-05-05 06:06:02,597] {processor.py:153} INFO - Started process (PID=1492) to work on /home/airflow/.local/lib/python3.7/site-packages/airflow/example_dags/example_latest_only.py
[2022-05-05 06:06:02,597] {processor.py:641} INFO - Processing file /home/airflow/.local/lib/python3.7/site-packages/airflow/example_dags/example_latest_only.py for tasks to queue
[2022-05-05 06:06:02,598] {logging_mixin.py:115} INFO - [2022-05-05 06:06:02,598] {dagbag.py:507} INFO - Filling up the DagBag from /home/airflow/.local/lib/python3.7/site-packages/airflow/example_dags/example_latest_only.py
[2022-05-05 06:06:02,601] {processor.py:651} INFO - DAG(s) dict_keys(['latest_only']) retrieved from /home/airflow/.local/lib/python3.7/site-packages/airflow/example_dags/example_latest_only.py
[2022-05-05 06:06:02,628] {logging_mixin.py:115} INFO - [2022-05-05 06:06:02,628] {dag.py:2371} INFO - Sync 1 DAGs
[2022-05-05 06:06:02,649] {logging_mixin.py:115} INFO - [2022-05-05 06:06:02,649] {dag.py:2919} INFO - Setting next_dagrun for latest_only to 2022-05-05T02:06:02.649545+00:00, run_after=2022-05-05T06:06:02.649545+00:00
[2022-05-05 06:06:02,663] {processor.py:161} INFO - Processing /home/airflow/.local/lib/python3.7/site-packages/airflow/example_dags/example_latest_only.py took 0.068 seconds
[2022-05-05 06:06:33,475] {processor.py:153} INFO - Started process (PID=1544) to work on /home/airflow/.local/lib/python3.7/site-packages/airflow/example_dags/example_latest_only.py
[2022-05-05 06:06:33,476] {processor.py:641} INFO - Processing file /home/airflow/.local/lib/python3.7/site-packages/airflow/example_dags/example_latest_only.py for tasks to queue
[2022-05-05 06:06:33,476] {logging_mixin.py:115} INFO - [2022-05-05 06:06:33,476] {dagbag.py:507} INFO - Filling up the DagBag from /home/airflow/.local/lib/python3.7/site-packages/airflow/example_dags/example_latest_only.py
[2022-05-05 06:06:33,480] {processor.py:651} INFO - DAG(s) dict_keys(['latest_only']) retrieved from /home/airflow/.local/lib/python3.7/site-packages/airflow/example_dags/example_latest_only.py
[2022-05-05 06:06:33,505] {logging_mixin.py:115} INFO - [2022-05-05 06:06:33,505] {dag.py:2371} INFO - Sync 1 DAGs
[2022-05-05 06:06:33,526] {logging_mixin.py:115} INFO - [2022-05-05 06:06:33,526] {dag.py:2919} INFO - Setting next_dagrun for latest_only to 2022-05-05T02:06:33.526167+00:00, run_after=2022-05-05T06:06:33.526167+00:00
[2022-05-05 06:06:33,540] {processor.py:161} INFO - Processing /home/airflow/.local/lib/python3.7/site-packages/airflow/example_dags/example_latest_only.py took 0.067 seconds
[2022-05-05 06:07:04,405] {processor.py:153} INFO - Started process (PID=1607) to work on /home/airflow/.local/lib/python3.7/site-packages/airflow/example_dags/example_latest_only.py
[2022-05-05 06:07:04,405] {processor.py:641} INFO - Processing file /home/airflow/.local/lib/python3.7/site-packages/airflow/example_dags/example_latest_only.py for tasks to queue
[2022-05-05 06:07:04,405] {logging_mixin.py:115} INFO - [2022-05-05 06:07:04,405] {dagbag.py:507} INFO - Filling up the DagBag from /home/airflow/.local/lib/python3.7/site-packages/airflow/example_dags/example_latest_only.py
[2022-05-05 06:07:04,409] {processor.py:651} INFO - DAG(s) dict_keys(['latest_only']) retrieved from /home/airflow/.local/lib/python3.7/site-packages/airflow/example_dags/example_latest_only.py
[2022-05-05 06:07:04,435] {logging_mixin.py:115} INFO - [2022-05-05 06:07:04,435] {dag.py:2371} INFO - Sync 1 DAGs
[2022-05-05 06:07:04,458] {logging_mixin.py:115} INFO - [2022-05-05 06:07:04,458] {dag.py:2919} INFO - Setting next_dagrun for latest_only to 2022-05-05T02:07:04.457895+00:00, run_after=2022-05-05T06:07:04.457895+00:00
[2022-05-05 06:07:04,474] {processor.py:161} INFO - Processing /home/airflow/.local/lib/python3.7/site-packages/airflow/example_dags/example_latest_only.py took 0.071 seconds
[2022-05-05 06:07:35,117] {processor.py:153} INFO - Started process (PID=1668) to work on /home/airflow/.local/lib/python3.7/site-packages/airflow/example_dags/example_latest_only.py
[2022-05-05 06:07:35,118] {processor.py:641} INFO - Processing file /home/airflow/.local/lib/python3.7/site-packages/airflow/example_dags/example_latest_only.py for tasks to queue
[2022-05-05 06:07:35,119] {logging_mixin.py:115} INFO - [2022-05-05 06:07:35,119] {dagbag.py:507} INFO - Filling up the DagBag from /home/airflow/.local/lib/python3.7/site-packages/airflow/example_dags/example_latest_only.py
[2022-05-05 06:07:35,123] {processor.py:651} INFO - DAG(s) dict_keys(['latest_only']) retrieved from /home/airflow/.local/lib/python3.7/site-packages/airflow/example_dags/example_latest_only.py
[2022-05-05 06:07:35,154] {logging_mixin.py:115} INFO - [2022-05-05 06:07:35,154] {dag.py:2371} INFO - Sync 1 DAGs
[2022-05-05 06:07:35,179] {logging_mixin.py:115} INFO - [2022-05-05 06:07:35,179] {dag.py:2919} INFO - Setting next_dagrun for latest_only to 2022-05-05T02:07:35.179446+00:00, run_after=2022-05-05T06:07:35.179446+00:00
[2022-05-05 06:07:35,198] {processor.py:161} INFO - Processing /home/airflow/.local/lib/python3.7/site-packages/airflow/example_dags/example_latest_only.py took 0.083 seconds
[2022-05-05 06:08:05,813] {processor.py:153} INFO - Started process (PID=1721) to work on /home/airflow/.local/lib/python3.7/site-packages/airflow/example_dags/example_latest_only.py
[2022-05-05 06:08:05,813] {processor.py:641} INFO - Processing file /home/airflow/.local/lib/python3.7/site-packages/airflow/example_dags/example_latest_only.py for tasks to queue
[2022-05-05 06:08:05,813] {logging_mixin.py:115} INFO - [2022-05-05 06:08:05,813] {dagbag.py:507} INFO - Filling up the DagBag from /home/airflow/.local/lib/python3.7/site-packages/airflow/example_dags/example_latest_only.py
[2022-05-05 06:08:05,817] {processor.py:651} INFO - DAG(s) dict_keys(['latest_only']) retrieved from /home/airflow/.local/lib/python3.7/site-packages/airflow/example_dags/example_latest_only.py
[2022-05-05 06:08:05,844] {logging_mixin.py:115} INFO - [2022-05-05 06:08:05,844] {dag.py:2371} INFO - Sync 1 DAGs
[2022-05-05 06:08:05,866] {logging_mixin.py:115} INFO - [2022-05-05 06:08:05,866] {dag.py:2919} INFO - Setting next_dagrun for latest_only to 2022-05-05T02:08:05.865909+00:00, run_after=2022-05-05T06:08:05.865909+00:00
[2022-05-05 06:08:05,879] {processor.py:161} INFO - Processing /home/airflow/.local/lib/python3.7/site-packages/airflow/example_dags/example_latest_only.py took 0.069 seconds
[2022-05-05 06:08:36,490] {processor.py:153} INFO - Started process (PID=1784) to work on /home/airflow/.local/lib/python3.7/site-packages/airflow/example_dags/example_latest_only.py
[2022-05-05 06:08:36,491] {processor.py:641} INFO - Processing file /home/airflow/.local/lib/python3.7/site-packages/airflow/example_dags/example_latest_only.py for tasks to queue
[2022-05-05 06:08:36,492] {logging_mixin.py:115} INFO - [2022-05-05 06:08:36,492] {dagbag.py:507} INFO - Filling up the DagBag from /home/airflow/.local/lib/python3.7/site-packages/airflow/example_dags/example_latest_only.py
[2022-05-05 06:08:36,496] {processor.py:651} INFO - DAG(s) dict_keys(['latest_only']) retrieved from /home/airflow/.local/lib/python3.7/site-packages/airflow/example_dags/example_latest_only.py
[2022-05-05 06:08:36,520] {logging_mixin.py:115} INFO - [2022-05-05 06:08:36,520] {dag.py:2371} INFO - Sync 1 DAGs
[2022-05-05 06:08:36,541] {logging_mixin.py:115} INFO - [2022-05-05 06:08:36,541] {dag.py:2919} INFO - Setting next_dagrun for latest_only to 2022-05-05T02:08:36.541185+00:00, run_after=2022-05-05T06:08:36.541185+00:00
[2022-05-05 06:08:36,555] {processor.py:161} INFO - Processing /home/airflow/.local/lib/python3.7/site-packages/airflow/example_dags/example_latest_only.py took 0.067 seconds
[2022-05-05 06:09:07,779] {processor.py:153} INFO - Started process (PID=1847) to work on /home/airflow/.local/lib/python3.7/site-packages/airflow/example_dags/example_latest_only.py
[2022-05-05 06:09:07,779] {processor.py:641} INFO - Processing file /home/airflow/.local/lib/python3.7/site-packages/airflow/example_dags/example_latest_only.py for tasks to queue
[2022-05-05 06:09:07,780] {logging_mixin.py:115} INFO - [2022-05-05 06:09:07,780] {dagbag.py:507} INFO - Filling up the DagBag from /home/airflow/.local/lib/python3.7/site-packages/airflow/example_dags/example_latest_only.py
[2022-05-05 06:09:07,784] {processor.py:651} INFO - DAG(s) dict_keys(['latest_only']) retrieved from /home/airflow/.local/lib/python3.7/site-packages/airflow/example_dags/example_latest_only.py
[2022-05-05 06:09:07,937] {logging_mixin.py:115} INFO - [2022-05-05 06:09:07,937] {dag.py:2371} INFO - Sync 1 DAGs
[2022-05-05 06:09:07,962] {logging_mixin.py:115} INFO - [2022-05-05 06:09:07,962] {dag.py:2919} INFO - Setting next_dagrun for latest_only to 2022-05-05T02:09:07.962504+00:00, run_after=2022-05-05T06:09:07.962504+00:00
[2022-05-05 06:09:07,976] {processor.py:161} INFO - Processing /home/airflow/.local/lib/python3.7/site-packages/airflow/example_dags/example_latest_only.py took 0.200 seconds
[2022-05-05 06:09:39,023] {processor.py:153} INFO - Started process (PID=1907) to work on /home/airflow/.local/lib/python3.7/site-packages/airflow/example_dags/example_latest_only.py
[2022-05-05 06:09:39,025] {processor.py:641} INFO - Processing file /home/airflow/.local/lib/python3.7/site-packages/airflow/example_dags/example_latest_only.py for tasks to queue
[2022-05-05 06:09:39,025] {logging_mixin.py:115} INFO - [2022-05-05 06:09:39,025] {dagbag.py:507} INFO - Filling up the DagBag from /home/airflow/.local/lib/python3.7/site-packages/airflow/example_dags/example_latest_only.py
[2022-05-05 06:09:39,030] {processor.py:651} INFO - DAG(s) dict_keys(['latest_only']) retrieved from /home/airflow/.local/lib/python3.7/site-packages/airflow/example_dags/example_latest_only.py
[2022-05-05 06:09:39,185] {logging_mixin.py:115} INFO - [2022-05-05 06:09:39,185] {dag.py:2371} INFO - Sync 1 DAGs
[2022-05-05 06:09:39,208] {logging_mixin.py:115} INFO - [2022-05-05 06:09:39,208] {dag.py:2919} INFO - Setting next_dagrun for latest_only to 2022-05-05T02:09:39.208492+00:00, run_after=2022-05-05T06:09:39.208492+00:00
[2022-05-05 06:09:39,225] {processor.py:161} INFO - Processing /home/airflow/.local/lib/python3.7/site-packages/airflow/example_dags/example_latest_only.py took 0.204 seconds
[2022-05-05 06:10:09,683] {processor.py:153} INFO - Started process (PID=1961) to work on /home/airflow/.local/lib/python3.7/site-packages/airflow/example_dags/example_latest_only.py
[2022-05-05 06:10:09,684] {processor.py:641} INFO - Processing file /home/airflow/.local/lib/python3.7/site-packages/airflow/example_dags/example_latest_only.py for tasks to queue
[2022-05-05 06:10:09,684] {logging_mixin.py:115} INFO - [2022-05-05 06:10:09,684] {dagbag.py:507} INFO - Filling up the DagBag from /home/airflow/.local/lib/python3.7/site-packages/airflow/example_dags/example_latest_only.py
[2022-05-05 06:10:09,689] {processor.py:651} INFO - DAG(s) dict_keys(['latest_only']) retrieved from /home/airflow/.local/lib/python3.7/site-packages/airflow/example_dags/example_latest_only.py
[2022-05-05 06:10:09,826] {logging_mixin.py:115} INFO - [2022-05-05 06:10:09,826] {dag.py:2371} INFO - Sync 1 DAGs
[2022-05-05 06:10:09,848] {logging_mixin.py:115} INFO - [2022-05-05 06:10:09,848] {dag.py:2919} INFO - Setting next_dagrun for latest_only to 2022-05-05T02:10:09.848070+00:00, run_after=2022-05-05T06:10:09.848070+00:00
[2022-05-05 06:10:09,863] {processor.py:161} INFO - Processing /home/airflow/.local/lib/python3.7/site-packages/airflow/example_dags/example_latest_only.py took 0.182 seconds
[2022-05-05 06:10:39,886] {processor.py:153} INFO - Started process (PID=2022) to work on /home/airflow/.local/lib/python3.7/site-packages/airflow/example_dags/example_latest_only.py
[2022-05-05 06:10:39,887] {processor.py:641} INFO - Processing file /home/airflow/.local/lib/python3.7/site-packages/airflow/example_dags/example_latest_only.py for tasks to queue
[2022-05-05 06:10:39,887] {logging_mixin.py:115} INFO - [2022-05-05 06:10:39,887] {dagbag.py:507} INFO - Filling up the DagBag from /home/airflow/.local/lib/python3.7/site-packages/airflow/example_dags/example_latest_only.py
[2022-05-05 06:10:39,891] {processor.py:651} INFO - DAG(s) dict_keys(['latest_only']) retrieved from /home/airflow/.local/lib/python3.7/site-packages/airflow/example_dags/example_latest_only.py
[2022-05-05 06:10:40,036] {logging_mixin.py:115} INFO - [2022-05-05 06:10:40,036] {dag.py:2371} INFO - Sync 1 DAGs
[2022-05-05 06:10:40,056] {logging_mixin.py:115} INFO - [2022-05-05 06:10:40,056] {dag.py:2919} INFO - Setting next_dagrun for latest_only to 2022-05-05T02:10:40.056061+00:00, run_after=2022-05-05T06:10:40.056061+00:00
[2022-05-05 06:10:40,073] {processor.py:161} INFO - Processing /home/airflow/.local/lib/python3.7/site-packages/airflow/example_dags/example_latest_only.py took 0.190 seconds
[2022-05-05 06:11:10,798] {processor.py:153} INFO - Started process (PID=2076) to work on /home/airflow/.local/lib/python3.7/site-packages/airflow/example_dags/example_latest_only.py
[2022-05-05 06:11:10,805] {processor.py:641} INFO - Processing file /home/airflow/.local/lib/python3.7/site-packages/airflow/example_dags/example_latest_only.py for tasks to queue
[2022-05-05 06:11:10,806] {logging_mixin.py:115} INFO - [2022-05-05 06:11:10,806] {dagbag.py:507} INFO - Filling up the DagBag from /home/airflow/.local/lib/python3.7/site-packages/airflow/example_dags/example_latest_only.py
[2022-05-05 06:11:10,810] {processor.py:651} INFO - DAG(s) dict_keys(['latest_only']) retrieved from /home/airflow/.local/lib/python3.7/site-packages/airflow/example_dags/example_latest_only.py
[2022-05-05 06:11:10,938] {logging_mixin.py:115} INFO - [2022-05-05 06:11:10,938] {dag.py:2371} INFO - Sync 1 DAGs
[2022-05-05 06:11:10,960] {logging_mixin.py:115} INFO - [2022-05-05 06:11:10,960] {dag.py:2919} INFO - Setting next_dagrun for latest_only to 2022-05-05T02:11:10.960604+00:00, run_after=2022-05-05T06:11:10.960604+00:00
[2022-05-05 06:11:10,975] {processor.py:161} INFO - Processing /home/airflow/.local/lib/python3.7/site-packages/airflow/example_dags/example_latest_only.py took 0.180 seconds
[2022-05-05 06:11:41,013] {processor.py:153} INFO - Started process (PID=2137) to work on /home/airflow/.local/lib/python3.7/site-packages/airflow/example_dags/example_latest_only.py
[2022-05-05 06:11:41,014] {processor.py:641} INFO - Processing file /home/airflow/.local/lib/python3.7/site-packages/airflow/example_dags/example_latest_only.py for tasks to queue
[2022-05-05 06:11:41,014] {logging_mixin.py:115} INFO - [2022-05-05 06:11:41,014] {dagbag.py:507} INFO - Filling up the DagBag from /home/airflow/.local/lib/python3.7/site-packages/airflow/example_dags/example_latest_only.py
[2022-05-05 06:11:41,018] {processor.py:651} INFO - DAG(s) dict_keys(['latest_only']) retrieved from /home/airflow/.local/lib/python3.7/site-packages/airflow/example_dags/example_latest_only.py
[2022-05-05 06:11:41,146] {logging_mixin.py:115} INFO - [2022-05-05 06:11:41,146] {dag.py:2371} INFO - Sync 1 DAGs
[2022-05-05 06:11:41,169] {logging_mixin.py:115} INFO - [2022-05-05 06:11:41,169] {dag.py:2919} INFO - Setting next_dagrun for latest_only to 2022-05-05T02:11:41.169147+00:00, run_after=2022-05-05T06:11:41.169147+00:00
[2022-05-05 06:11:41,183] {processor.py:161} INFO - Processing /home/airflow/.local/lib/python3.7/site-packages/airflow/example_dags/example_latest_only.py took 0.173 seconds
[2022-05-05 06:12:11,301] {processor.py:153} INFO - Started process (PID=2198) to work on /home/airflow/.local/lib/python3.7/site-packages/airflow/example_dags/example_latest_only.py
[2022-05-05 06:12:11,301] {processor.py:641} INFO - Processing file /home/airflow/.local/lib/python3.7/site-packages/airflow/example_dags/example_latest_only.py for tasks to queue
[2022-05-05 06:12:11,302] {logging_mixin.py:115} INFO - [2022-05-05 06:12:11,302] {dagbag.py:507} INFO - Filling up the DagBag from /home/airflow/.local/lib/python3.7/site-packages/airflow/example_dags/example_latest_only.py
[2022-05-05 06:12:11,307] {processor.py:651} INFO - DAG(s) dict_keys(['latest_only']) retrieved from /home/airflow/.local/lib/python3.7/site-packages/airflow/example_dags/example_latest_only.py
[2022-05-05 06:12:11,435] {logging_mixin.py:115} INFO - [2022-05-05 06:12:11,435] {dag.py:2371} INFO - Sync 1 DAGs
[2022-05-05 06:12:11,456] {logging_mixin.py:115} INFO - [2022-05-05 06:12:11,456] {dag.py:2919} INFO - Setting next_dagrun for latest_only to 2022-05-05T02:12:11.455856+00:00, run_after=2022-05-05T06:12:11.455856+00:00
[2022-05-05 06:12:11,471] {processor.py:161} INFO - Processing /home/airflow/.local/lib/python3.7/site-packages/airflow/example_dags/example_latest_only.py took 0.173 seconds
[2022-05-05 06:12:41,514] {processor.py:153} INFO - Started process (PID=2250) to work on /home/airflow/.local/lib/python3.7/site-packages/airflow/example_dags/example_latest_only.py
[2022-05-05 06:12:41,515] {processor.py:641} INFO - Processing file /home/airflow/.local/lib/python3.7/site-packages/airflow/example_dags/example_latest_only.py for tasks to queue
[2022-05-05 06:12:41,515] {logging_mixin.py:115} INFO - [2022-05-05 06:12:41,515] {dagbag.py:507} INFO - Filling up the DagBag from /home/airflow/.local/lib/python3.7/site-packages/airflow/example_dags/example_latest_only.py
[2022-05-05 06:12:41,519] {processor.py:651} INFO - DAG(s) dict_keys(['latest_only']) retrieved from /home/airflow/.local/lib/python3.7/site-packages/airflow/example_dags/example_latest_only.py
[2022-05-05 06:12:41,656] {logging_mixin.py:115} INFO - [2022-05-05 06:12:41,656] {dag.py:2371} INFO - Sync 1 DAGs
[2022-05-05 06:12:41,682] {logging_mixin.py:115} INFO - [2022-05-05 06:12:41,682] {dag.py:2919} INFO - Setting next_dagrun for latest_only to 2022-05-05T02:12:41.682208+00:00, run_after=2022-05-05T06:12:41.682208+00:00
[2022-05-05 06:12:41,699] {processor.py:161} INFO - Processing /home/airflow/.local/lib/python3.7/site-packages/airflow/example_dags/example_latest_only.py took 0.187 seconds
[2022-05-05 06:13:12,030] {processor.py:153} INFO - Started process (PID=2312) to work on /home/airflow/.local/lib/python3.7/site-packages/airflow/example_dags/example_latest_only.py
[2022-05-05 06:13:12,030] {processor.py:641} INFO - Processing file /home/airflow/.local/lib/python3.7/site-packages/airflow/example_dags/example_latest_only.py for tasks to queue
[2022-05-05 06:13:12,031] {logging_mixin.py:115} INFO - [2022-05-05 06:13:12,031] {dagbag.py:507} INFO - Filling up the DagBag from /home/airflow/.local/lib/python3.7/site-packages/airflow/example_dags/example_latest_only.py
[2022-05-05 06:13:12,034] {processor.py:651} INFO - DAG(s) dict_keys(['latest_only']) retrieved from /home/airflow/.local/lib/python3.7/site-packages/airflow/example_dags/example_latest_only.py
[2022-05-05 06:13:12,169] {logging_mixin.py:115} INFO - [2022-05-05 06:13:12,169] {dag.py:2371} INFO - Sync 1 DAGs
[2022-05-05 06:13:12,190] {logging_mixin.py:115} INFO - [2022-05-05 06:13:12,189] {dag.py:2919} INFO - Setting next_dagrun for latest_only to 2022-05-05T02:13:12.189724+00:00, run_after=2022-05-05T06:13:12.189724+00:00
[2022-05-05 06:13:12,206] {processor.py:161} INFO - Processing /home/airflow/.local/lib/python3.7/site-packages/airflow/example_dags/example_latest_only.py took 0.179 seconds
[2022-05-05 06:13:42,463] {processor.py:153} INFO - Started process (PID=2374) to work on /home/airflow/.local/lib/python3.7/site-packages/airflow/example_dags/example_latest_only.py
[2022-05-05 06:13:42,464] {processor.py:641} INFO - Processing file /home/airflow/.local/lib/python3.7/site-packages/airflow/example_dags/example_latest_only.py for tasks to queue
[2022-05-05 06:13:42,464] {logging_mixin.py:115} INFO - [2022-05-05 06:13:42,464] {dagbag.py:507} INFO - Filling up the DagBag from /home/airflow/.local/lib/python3.7/site-packages/airflow/example_dags/example_latest_only.py
[2022-05-05 06:13:42,469] {processor.py:651} INFO - DAG(s) dict_keys(['latest_only']) retrieved from /home/airflow/.local/lib/python3.7/site-packages/airflow/example_dags/example_latest_only.py
[2022-05-05 06:13:42,629] {logging_mixin.py:115} INFO - [2022-05-05 06:13:42,629] {dag.py:2371} INFO - Sync 1 DAGs
[2022-05-05 06:13:42,656] {logging_mixin.py:115} INFO - [2022-05-05 06:13:42,656] {dag.py:2919} INFO - Setting next_dagrun for latest_only to 2022-05-05T02:13:42.656307+00:00, run_after=2022-05-05T06:13:42.656307+00:00
[2022-05-05 06:13:42,672] {processor.py:161} INFO - Processing /home/airflow/.local/lib/python3.7/site-packages/airflow/example_dags/example_latest_only.py took 0.212 seconds
[2022-05-05 06:14:12,732] {processor.py:153} INFO - Started process (PID=2427) to work on /home/airflow/.local/lib/python3.7/site-packages/airflow/example_dags/example_latest_only.py
[2022-05-05 06:14:12,733] {processor.py:641} INFO - Processing file /home/airflow/.local/lib/python3.7/site-packages/airflow/example_dags/example_latest_only.py for tasks to queue
[2022-05-05 06:14:12,733] {logging_mixin.py:115} INFO - [2022-05-05 06:14:12,733] {dagbag.py:507} INFO - Filling up the DagBag from /home/airflow/.local/lib/python3.7/site-packages/airflow/example_dags/example_latest_only.py
[2022-05-05 06:14:12,739] {processor.py:651} INFO - DAG(s) dict_keys(['latest_only']) retrieved from /home/airflow/.local/lib/python3.7/site-packages/airflow/example_dags/example_latest_only.py
[2022-05-05 06:14:12,765] {logging_mixin.py:115} INFO - [2022-05-05 06:14:12,765] {dag.py:2371} INFO - Sync 1 DAGs
[2022-05-05 06:14:12,790] {logging_mixin.py:115} INFO - [2022-05-05 06:14:12,790] {dag.py:2919} INFO - Setting next_dagrun for latest_only to 2022-05-05T02:14:12.790074+00:00, run_after=2022-05-05T06:14:12.790074+00:00
[2022-05-05 06:14:12,805] {processor.py:161} INFO - Processing /home/airflow/.local/lib/python3.7/site-packages/airflow/example_dags/example_latest_only.py took 0.076 seconds
[2022-05-05 06:14:43,365] {processor.py:153} INFO - Started process (PID=2488) to work on /home/airflow/.local/lib/python3.7/site-packages/airflow/example_dags/example_latest_only.py
[2022-05-05 06:14:43,366] {processor.py:641} INFO - Processing file /home/airflow/.local/lib/python3.7/site-packages/airflow/example_dags/example_latest_only.py for tasks to queue
[2022-05-05 06:14:43,367] {logging_mixin.py:115} INFO - [2022-05-05 06:14:43,367] {dagbag.py:507} INFO - Filling up the DagBag from /home/airflow/.local/lib/python3.7/site-packages/airflow/example_dags/example_latest_only.py
[2022-05-05 06:14:43,372] {processor.py:651} INFO - DAG(s) dict_keys(['latest_only']) retrieved from /home/airflow/.local/lib/python3.7/site-packages/airflow/example_dags/example_latest_only.py
[2022-05-05 06:14:43,400] {logging_mixin.py:115} INFO - [2022-05-05 06:14:43,400] {dag.py:2371} INFO - Sync 1 DAGs
[2022-05-05 06:14:43,422] {logging_mixin.py:115} INFO - [2022-05-05 06:14:43,422] {dag.py:2919} INFO - Setting next_dagrun for latest_only to 2022-05-05T02:14:43.422312+00:00, run_after=2022-05-05T06:14:43.422312+00:00
[2022-05-05 06:14:43,435] {processor.py:161} INFO - Processing /home/airflow/.local/lib/python3.7/site-packages/airflow/example_dags/example_latest_only.py took 0.073 seconds
[2022-05-05 06:15:14,127] {processor.py:153} INFO - Started process (PID=2541) to work on /home/airflow/.local/lib/python3.7/site-packages/airflow/example_dags/example_latest_only.py
[2022-05-05 06:15:14,128] {processor.py:641} INFO - Processing file /home/airflow/.local/lib/python3.7/site-packages/airflow/example_dags/example_latest_only.py for tasks to queue
[2022-05-05 06:15:14,128] {logging_mixin.py:115} INFO - [2022-05-05 06:15:14,128] {dagbag.py:507} INFO - Filling up the DagBag from /home/airflow/.local/lib/python3.7/site-packages/airflow/example_dags/example_latest_only.py
[2022-05-05 06:15:14,132] {processor.py:651} INFO - DAG(s) dict_keys(['latest_only']) retrieved from /home/airflow/.local/lib/python3.7/site-packages/airflow/example_dags/example_latest_only.py
[2022-05-05 06:15:14,155] {logging_mixin.py:115} INFO - [2022-05-05 06:15:14,155] {dag.py:2371} INFO - Sync 1 DAGs
[2022-05-05 06:15:14,177] {logging_mixin.py:115} INFO - [2022-05-05 06:15:14,177] {dag.py:2919} INFO - Setting next_dagrun for latest_only to 2022-05-05T02:15:14.177393+00:00, run_after=2022-05-05T06:15:14.177393+00:00
[2022-05-05 06:15:14,193] {processor.py:161} INFO - Processing /home/airflow/.local/lib/python3.7/site-packages/airflow/example_dags/example_latest_only.py took 0.068 seconds
[2022-05-05 06:15:44,922] {processor.py:153} INFO - Started process (PID=2603) to work on /home/airflow/.local/lib/python3.7/site-packages/airflow/example_dags/example_latest_only.py
[2022-05-05 06:15:44,923] {processor.py:641} INFO - Processing file /home/airflow/.local/lib/python3.7/site-packages/airflow/example_dags/example_latest_only.py for tasks to queue
[2022-05-05 06:15:44,923] {logging_mixin.py:115} INFO - [2022-05-05 06:15:44,923] {dagbag.py:507} INFO - Filling up the DagBag from /home/airflow/.local/lib/python3.7/site-packages/airflow/example_dags/example_latest_only.py
[2022-05-05 06:15:44,929] {processor.py:651} INFO - DAG(s) dict_keys(['latest_only']) retrieved from /home/airflow/.local/lib/python3.7/site-packages/airflow/example_dags/example_latest_only.py
[2022-05-05 06:15:44,956] {logging_mixin.py:115} INFO - [2022-05-05 06:15:44,956] {dag.py:2371} INFO - Sync 1 DAGs
[2022-05-05 06:15:44,982] {logging_mixin.py:115} INFO - [2022-05-05 06:15:44,981] {dag.py:2919} INFO - Setting next_dagrun for latest_only to 2022-05-05T02:15:44.981643+00:00, run_after=2022-05-05T06:15:44.981643+00:00
[2022-05-05 06:15:44,998] {processor.py:161} INFO - Processing /home/airflow/.local/lib/python3.7/site-packages/airflow/example_dags/example_latest_only.py took 0.079 seconds
[2022-05-05 06:16:15,567] {processor.py:153} INFO - Started process (PID=2666) to work on /home/airflow/.local/lib/python3.7/site-packages/airflow/example_dags/example_latest_only.py
[2022-05-05 06:16:15,568] {processor.py:641} INFO - Processing file /home/airflow/.local/lib/python3.7/site-packages/airflow/example_dags/example_latest_only.py for tasks to queue
[2022-05-05 06:16:15,568] {logging_mixin.py:115} INFO - [2022-05-05 06:16:15,568] {dagbag.py:507} INFO - Filling up the DagBag from /home/airflow/.local/lib/python3.7/site-packages/airflow/example_dags/example_latest_only.py
[2022-05-05 06:16:15,573] {processor.py:651} INFO - DAG(s) dict_keys(['latest_only']) retrieved from /home/airflow/.local/lib/python3.7/site-packages/airflow/example_dags/example_latest_only.py
[2022-05-05 06:16:15,596] {logging_mixin.py:115} INFO - [2022-05-05 06:16:15,596] {dag.py:2371} INFO - Sync 1 DAGs
[2022-05-05 06:16:15,619] {logging_mixin.py:115} INFO - [2022-05-05 06:16:15,618] {dag.py:2919} INFO - Setting next_dagrun for latest_only to 2022-05-05T02:16:15.618704+00:00, run_after=2022-05-05T06:16:15.618704+00:00
[2022-05-05 06:16:15,634] {processor.py:161} INFO - Processing /home/airflow/.local/lib/python3.7/site-packages/airflow/example_dags/example_latest_only.py took 0.069 seconds
[2022-05-05 06:16:46,341] {processor.py:153} INFO - Started process (PID=2719) to work on /home/airflow/.local/lib/python3.7/site-packages/airflow/example_dags/example_latest_only.py
[2022-05-05 06:16:46,342] {processor.py:641} INFO - Processing file /home/airflow/.local/lib/python3.7/site-packages/airflow/example_dags/example_latest_only.py for tasks to queue
[2022-05-05 06:16:46,343] {logging_mixin.py:115} INFO - [2022-05-05 06:16:46,343] {dagbag.py:507} INFO - Filling up the DagBag from /home/airflow/.local/lib/python3.7/site-packages/airflow/example_dags/example_latest_only.py
[2022-05-05 06:16:46,347] {processor.py:651} INFO - DAG(s) dict_keys(['latest_only']) retrieved from /home/airflow/.local/lib/python3.7/site-packages/airflow/example_dags/example_latest_only.py
[2022-05-05 06:16:46,371] {logging_mixin.py:115} INFO - [2022-05-05 06:16:46,371] {dag.py:2371} INFO - Sync 1 DAGs
[2022-05-05 06:16:46,393] {logging_mixin.py:115} INFO - [2022-05-05 06:16:46,393] {dag.py:2919} INFO - Setting next_dagrun for latest_only to 2022-05-05T02:16:46.393066+00:00, run_after=2022-05-05T06:16:46.393066+00:00
[2022-05-05 06:16:46,410] {processor.py:161} INFO - Processing /home/airflow/.local/lib/python3.7/site-packages/airflow/example_dags/example_latest_only.py took 0.071 seconds
[2022-05-05 06:17:17,027] {processor.py:153} INFO - Started process (PID=2782) to work on /home/airflow/.local/lib/python3.7/site-packages/airflow/example_dags/example_latest_only.py
[2022-05-05 06:17:17,027] {processor.py:641} INFO - Processing file /home/airflow/.local/lib/python3.7/site-packages/airflow/example_dags/example_latest_only.py for tasks to queue
[2022-05-05 06:17:17,028] {logging_mixin.py:115} INFO - [2022-05-05 06:17:17,028] {dagbag.py:507} INFO - Filling up the DagBag from /home/airflow/.local/lib/python3.7/site-packages/airflow/example_dags/example_latest_only.py
[2022-05-05 06:17:17,033] {processor.py:651} INFO - DAG(s) dict_keys(['latest_only']) retrieved from /home/airflow/.local/lib/python3.7/site-packages/airflow/example_dags/example_latest_only.py
[2022-05-05 06:17:17,057] {logging_mixin.py:115} INFO - [2022-05-05 06:17:17,057] {dag.py:2371} INFO - Sync 1 DAGs
[2022-05-05 06:17:17,081] {logging_mixin.py:115} INFO - [2022-05-05 06:17:17,081] {dag.py:2919} INFO - Setting next_dagrun for latest_only to 2022-05-05T02:17:17.081461+00:00, run_after=2022-05-05T06:17:17.081461+00:00
[2022-05-05 06:17:17,096] {processor.py:161} INFO - Processing /home/airflow/.local/lib/python3.7/site-packages/airflow/example_dags/example_latest_only.py took 0.073 seconds
[2022-05-05 06:17:47,662] {processor.py:153} INFO - Started process (PID=2844) to work on /home/airflow/.local/lib/python3.7/site-packages/airflow/example_dags/example_latest_only.py
[2022-05-05 06:17:47,663] {processor.py:641} INFO - Processing file /home/airflow/.local/lib/python3.7/site-packages/airflow/example_dags/example_latest_only.py for tasks to queue
[2022-05-05 06:17:47,664] {logging_mixin.py:115} INFO - [2022-05-05 06:17:47,664] {dagbag.py:507} INFO - Filling up the DagBag from /home/airflow/.local/lib/python3.7/site-packages/airflow/example_dags/example_latest_only.py
[2022-05-05 06:17:47,668] {processor.py:651} INFO - DAG(s) dict_keys(['latest_only']) retrieved from /home/airflow/.local/lib/python3.7/site-packages/airflow/example_dags/example_latest_only.py
[2022-05-05 06:17:47,694] {logging_mixin.py:115} INFO - [2022-05-05 06:17:47,693] {dag.py:2371} INFO - Sync 1 DAGs
[2022-05-05 06:17:47,720] {logging_mixin.py:115} INFO - [2022-05-05 06:17:47,720] {dag.py:2919} INFO - Setting next_dagrun for latest_only to 2022-05-05T02:17:47.720605+00:00, run_after=2022-05-05T06:17:47.720605+00:00
[2022-05-05 06:17:47,736] {processor.py:161} INFO - Processing /home/airflow/.local/lib/python3.7/site-packages/airflow/example_dags/example_latest_only.py took 0.077 seconds
[2022-05-05 06:18:18,473] {processor.py:153} INFO - Started process (PID=2896) to work on /home/airflow/.local/lib/python3.7/site-packages/airflow/example_dags/example_latest_only.py
[2022-05-05 06:18:18,474] {processor.py:641} INFO - Processing file /home/airflow/.local/lib/python3.7/site-packages/airflow/example_dags/example_latest_only.py for tasks to queue
[2022-05-05 06:18:18,474] {logging_mixin.py:115} INFO - [2022-05-05 06:18:18,474] {dagbag.py:507} INFO - Filling up the DagBag from /home/airflow/.local/lib/python3.7/site-packages/airflow/example_dags/example_latest_only.py
[2022-05-05 06:18:18,480] {processor.py:651} INFO - DAG(s) dict_keys(['latest_only']) retrieved from /home/airflow/.local/lib/python3.7/site-packages/airflow/example_dags/example_latest_only.py
[2022-05-05 06:18:18,509] {logging_mixin.py:115} INFO - [2022-05-05 06:18:18,509] {dag.py:2371} INFO - Sync 1 DAGs
[2022-05-05 06:18:18,531] {logging_mixin.py:115} INFO - [2022-05-05 06:18:18,531] {dag.py:2919} INFO - Setting next_dagrun for latest_only to 2022-05-05T02:18:18.531232+00:00, run_after=2022-05-05T06:18:18.531232+00:00
[2022-05-05 06:18:18,545] {processor.py:161} INFO - Processing /home/airflow/.local/lib/python3.7/site-packages/airflow/example_dags/example_latest_only.py took 0.075 seconds
[2022-05-05 06:18:49,102] {processor.py:153} INFO - Started process (PID=2960) to work on /home/airflow/.local/lib/python3.7/site-packages/airflow/example_dags/example_latest_only.py
[2022-05-05 06:18:49,103] {processor.py:641} INFO - Processing file /home/airflow/.local/lib/python3.7/site-packages/airflow/example_dags/example_latest_only.py for tasks to queue
[2022-05-05 06:18:49,103] {logging_mixin.py:115} INFO - [2022-05-05 06:18:49,103] {dagbag.py:507} INFO - Filling up the DagBag from /home/airflow/.local/lib/python3.7/site-packages/airflow/example_dags/example_latest_only.py
[2022-05-05 06:18:49,107] {processor.py:651} INFO - DAG(s) dict_keys(['latest_only']) retrieved from /home/airflow/.local/lib/python3.7/site-packages/airflow/example_dags/example_latest_only.py
[2022-05-05 06:18:49,130] {logging_mixin.py:115} INFO - [2022-05-05 06:18:49,130] {dag.py:2371} INFO - Sync 1 DAGs
[2022-05-05 06:18:49,153] {logging_mixin.py:115} INFO - [2022-05-05 06:18:49,152] {dag.py:2919} INFO - Setting next_dagrun for latest_only to 2022-05-05T02:18:49.152762+00:00, run_after=2022-05-05T06:18:49.152762+00:00
[2022-05-05 06:18:49,167] {processor.py:161} INFO - Processing /home/airflow/.local/lib/python3.7/site-packages/airflow/example_dags/example_latest_only.py took 0.068 seconds
[2022-05-05 06:19:19,842] {processor.py:153} INFO - Started process (PID=3022) to work on /home/airflow/.local/lib/python3.7/site-packages/airflow/example_dags/example_latest_only.py
[2022-05-05 06:19:19,843] {processor.py:641} INFO - Processing file /home/airflow/.local/lib/python3.7/site-packages/airflow/example_dags/example_latest_only.py for tasks to queue
[2022-05-05 06:19:19,843] {logging_mixin.py:115} INFO - [2022-05-05 06:19:19,843] {dagbag.py:507} INFO - Filling up the DagBag from /home/airflow/.local/lib/python3.7/site-packages/airflow/example_dags/example_latest_only.py
[2022-05-05 06:19:19,847] {processor.py:651} INFO - DAG(s) dict_keys(['latest_only']) retrieved from /home/airflow/.local/lib/python3.7/site-packages/airflow/example_dags/example_latest_only.py
[2022-05-05 06:19:19,874] {logging_mixin.py:115} INFO - [2022-05-05 06:19:19,874] {dag.py:2371} INFO - Sync 1 DAGs
[2022-05-05 06:19:19,900] {logging_mixin.py:115} INFO - [2022-05-05 06:19:19,899] {dag.py:2919} INFO - Setting next_dagrun for latest_only to 2022-05-05T02:19:19.899664+00:00, run_after=2022-05-05T06:19:19.899664+00:00
[2022-05-05 06:19:19,915] {processor.py:161} INFO - Processing /home/airflow/.local/lib/python3.7/site-packages/airflow/example_dags/example_latest_only.py took 0.075 seconds
[2022-05-05 06:19:50,684] {processor.py:153} INFO - Started process (PID=3076) to work on /home/airflow/.local/lib/python3.7/site-packages/airflow/example_dags/example_latest_only.py
[2022-05-05 06:19:50,685] {processor.py:641} INFO - Processing file /home/airflow/.local/lib/python3.7/site-packages/airflow/example_dags/example_latest_only.py for tasks to queue
[2022-05-05 06:19:50,686] {logging_mixin.py:115} INFO - [2022-05-05 06:19:50,686] {dagbag.py:507} INFO - Filling up the DagBag from /home/airflow/.local/lib/python3.7/site-packages/airflow/example_dags/example_latest_only.py
[2022-05-05 06:19:50,691] {processor.py:651} INFO - DAG(s) dict_keys(['latest_only']) retrieved from /home/airflow/.local/lib/python3.7/site-packages/airflow/example_dags/example_latest_only.py
[2022-05-05 06:19:50,717] {logging_mixin.py:115} INFO - [2022-05-05 06:19:50,717] {dag.py:2371} INFO - Sync 1 DAGs
[2022-05-05 06:19:50,740] {logging_mixin.py:115} INFO - [2022-05-05 06:19:50,740] {dag.py:2919} INFO - Setting next_dagrun for latest_only to 2022-05-05T02:19:50.739748+00:00, run_after=2022-05-05T06:19:50.739748+00:00
[2022-05-05 06:19:50,754] {processor.py:161} INFO - Processing /home/airflow/.local/lib/python3.7/site-packages/airflow/example_dags/example_latest_only.py took 0.072 seconds
[2022-05-05 06:20:21,686] {processor.py:153} INFO - Started process (PID=3140) to work on /home/airflow/.local/lib/python3.7/site-packages/airflow/example_dags/example_latest_only.py
[2022-05-05 06:20:21,686] {processor.py:641} INFO - Processing file /home/airflow/.local/lib/python3.7/site-packages/airflow/example_dags/example_latest_only.py for tasks to queue
[2022-05-05 06:20:21,687] {logging_mixin.py:115} INFO - [2022-05-05 06:20:21,687] {dagbag.py:507} INFO - Filling up the DagBag from /home/airflow/.local/lib/python3.7/site-packages/airflow/example_dags/example_latest_only.py
[2022-05-05 06:20:21,691] {processor.py:651} INFO - DAG(s) dict_keys(['latest_only']) retrieved from /home/airflow/.local/lib/python3.7/site-packages/airflow/example_dags/example_latest_only.py
[2022-05-05 06:20:21,717] {logging_mixin.py:115} INFO - [2022-05-05 06:20:21,717] {dag.py:2371} INFO - Sync 1 DAGs
[2022-05-05 06:20:21,739] {logging_mixin.py:115} INFO - [2022-05-05 06:20:21,739] {dag.py:2919} INFO - Setting next_dagrun for latest_only to 2022-05-05T02:20:21.739037+00:00, run_after=2022-05-05T06:20:21.739037+00:00
[2022-05-05 06:20:21,753] {processor.py:161} INFO - Processing /home/airflow/.local/lib/python3.7/site-packages/airflow/example_dags/example_latest_only.py took 0.070 seconds
[2022-05-05 06:20:52,381] {processor.py:153} INFO - Started process (PID=3203) to work on /home/airflow/.local/lib/python3.7/site-packages/airflow/example_dags/example_latest_only.py
[2022-05-05 06:20:52,382] {processor.py:641} INFO - Processing file /home/airflow/.local/lib/python3.7/site-packages/airflow/example_dags/example_latest_only.py for tasks to queue
[2022-05-05 06:20:52,383] {logging_mixin.py:115} INFO - [2022-05-05 06:20:52,383] {dagbag.py:507} INFO - Filling up the DagBag from /home/airflow/.local/lib/python3.7/site-packages/airflow/example_dags/example_latest_only.py
[2022-05-05 06:20:52,387] {processor.py:651} INFO - DAG(s) dict_keys(['latest_only']) retrieved from /home/airflow/.local/lib/python3.7/site-packages/airflow/example_dags/example_latest_only.py
[2022-05-05 06:20:52,416] {logging_mixin.py:115} INFO - [2022-05-05 06:20:52,415] {dag.py:2371} INFO - Sync 1 DAGs
[2022-05-05 06:20:52,443] {logging_mixin.py:115} INFO - [2022-05-05 06:20:52,443] {dag.py:2919} INFO - Setting next_dagrun for latest_only to 2022-05-05T02:20:52.443085+00:00, run_after=2022-05-05T06:20:52.443085+00:00
[2022-05-05 06:20:52,461] {processor.py:161} INFO - Processing /home/airflow/.local/lib/python3.7/site-packages/airflow/example_dags/example_latest_only.py took 0.082 seconds
[2022-05-05 06:21:23,206] {processor.py:153} INFO - Started process (PID=3256) to work on /home/airflow/.local/lib/python3.7/site-packages/airflow/example_dags/example_latest_only.py
[2022-05-05 06:21:23,207] {processor.py:641} INFO - Processing file /home/airflow/.local/lib/python3.7/site-packages/airflow/example_dags/example_latest_only.py for tasks to queue
[2022-05-05 06:21:23,207] {logging_mixin.py:115} INFO - [2022-05-05 06:21:23,207] {dagbag.py:507} INFO - Filling up the DagBag from /home/airflow/.local/lib/python3.7/site-packages/airflow/example_dags/example_latest_only.py
[2022-05-05 06:21:23,211] {processor.py:651} INFO - DAG(s) dict_keys(['latest_only']) retrieved from /home/airflow/.local/lib/python3.7/site-packages/airflow/example_dags/example_latest_only.py
[2022-05-05 06:21:23,235] {logging_mixin.py:115} INFO - [2022-05-05 06:21:23,235] {dag.py:2371} INFO - Sync 1 DAGs
[2022-05-05 06:21:23,261] {logging_mixin.py:115} INFO - [2022-05-05 06:21:23,261] {dag.py:2919} INFO - Setting next_dagrun for latest_only to 2022-05-05T02:21:23.260865+00:00, run_after=2022-05-05T06:21:23.260865+00:00
[2022-05-05 06:21:23,275] {processor.py:161} INFO - Processing /home/airflow/.local/lib/python3.7/site-packages/airflow/example_dags/example_latest_only.py took 0.071 seconds
