[2022-05-05 05:41:31,358] {processor.py:153} INFO - Started process (PID=67) to work on /home/airflow/.local/lib/python3.7/site-packages/airflow/example_dags/tutorial.py
[2022-05-05 05:41:31,358] {processor.py:641} INFO - Processing file /home/airflow/.local/lib/python3.7/site-packages/airflow/example_dags/tutorial.py for tasks to queue
[2022-05-05 05:41:31,358] {logging_mixin.py:115} INFO - [2022-05-05 05:41:31,358] {dagbag.py:507} INFO - Filling up the DagBag from /home/airflow/.local/lib/python3.7/site-packages/airflow/example_dags/tutorial.py
[2022-05-05 05:41:31,363] {processor.py:651} INFO - DAG(s) dict_keys(['tutorial']) retrieved from /home/airflow/.local/lib/python3.7/site-packages/airflow/example_dags/tutorial.py
[2022-05-05 05:41:31,577] {logging_mixin.py:115} INFO - [2022-05-05 05:41:31,577] {manager.py:508} INFO - Created Permission View: can delete on DAG:tutorial
[2022-05-05 05:41:31,590] {logging_mixin.py:115} INFO - [2022-05-05 05:41:31,590] {manager.py:508} INFO - Created Permission View: can edit on DAG:tutorial
[2022-05-05 05:41:31,603] {logging_mixin.py:115} INFO - [2022-05-05 05:41:31,602] {manager.py:508} INFO - Created Permission View: can read on DAG:tutorial
[2022-05-05 05:41:31,603] {logging_mixin.py:115} INFO - [2022-05-05 05:41:31,603] {dag.py:2371} INFO - Sync 1 DAGs
[2022-05-05 05:41:31,612] {logging_mixin.py:115} INFO - [2022-05-05 05:41:31,612] {dag.py:2390} INFO - Creating ORM DAG for tutorial
[2022-05-05 05:41:31,626] {logging_mixin.py:115} INFO - [2022-05-05 05:41:31,625] {dag.py:2919} INFO - Setting next_dagrun for tutorial to 2022-05-04T05:41:31.625627+00:00, run_after=2022-05-05T05:41:31.625627+00:00
[2022-05-05 05:41:31,645] {processor.py:161} INFO - Processing /home/airflow/.local/lib/python3.7/site-packages/airflow/example_dags/tutorial.py took 0.290 seconds
[2022-05-05 05:42:01,693] {processor.py:153} INFO - Started process (PID=128) to work on /home/airflow/.local/lib/python3.7/site-packages/airflow/example_dags/tutorial.py
[2022-05-05 05:42:01,694] {processor.py:641} INFO - Processing file /home/airflow/.local/lib/python3.7/site-packages/airflow/example_dags/tutorial.py for tasks to queue
[2022-05-05 05:42:01,694] {logging_mixin.py:115} INFO - [2022-05-05 05:42:01,694] {dagbag.py:507} INFO - Filling up the DagBag from /home/airflow/.local/lib/python3.7/site-packages/airflow/example_dags/tutorial.py
[2022-05-05 05:42:01,698] {processor.py:651} INFO - DAG(s) dict_keys(['tutorial']) retrieved from /home/airflow/.local/lib/python3.7/site-packages/airflow/example_dags/tutorial.py
[2022-05-05 05:42:01,725] {logging_mixin.py:115} INFO - [2022-05-05 05:42:01,725] {dag.py:2371} INFO - Sync 1 DAGs
[2022-05-05 05:42:01,864] {logging_mixin.py:115} INFO - [2022-05-05 05:42:01,864] {dag.py:2919} INFO - Setting next_dagrun for tutorial to 2022-05-04T05:42:01.863985+00:00, run_after=2022-05-05T05:42:01.863985+00:00
[2022-05-05 05:42:01,880] {processor.py:161} INFO - Processing /home/airflow/.local/lib/python3.7/site-packages/airflow/example_dags/tutorial.py took 0.190 seconds
[2022-05-05 05:42:32,586] {processor.py:153} INFO - Started process (PID=180) to work on /home/airflow/.local/lib/python3.7/site-packages/airflow/example_dags/tutorial.py
[2022-05-05 05:42:32,586] {processor.py:641} INFO - Processing file /home/airflow/.local/lib/python3.7/site-packages/airflow/example_dags/tutorial.py for tasks to queue
[2022-05-05 05:42:32,586] {logging_mixin.py:115} INFO - [2022-05-05 05:42:32,586] {dagbag.py:507} INFO - Filling up the DagBag from /home/airflow/.local/lib/python3.7/site-packages/airflow/example_dags/tutorial.py
[2022-05-05 05:42:32,591] {processor.py:651} INFO - DAG(s) dict_keys(['tutorial']) retrieved from /home/airflow/.local/lib/python3.7/site-packages/airflow/example_dags/tutorial.py
[2022-05-05 05:42:32,617] {logging_mixin.py:115} INFO - [2022-05-05 05:42:32,617] {dag.py:2371} INFO - Sync 1 DAGs
[2022-05-05 05:42:32,757] {logging_mixin.py:115} INFO - [2022-05-05 05:42:32,757] {dag.py:2919} INFO - Setting next_dagrun for tutorial to 2022-05-04T05:42:32.756822+00:00, run_after=2022-05-05T05:42:32.756822+00:00
[2022-05-05 05:42:32,773] {processor.py:161} INFO - Processing /home/airflow/.local/lib/python3.7/site-packages/airflow/example_dags/tutorial.py took 0.190 seconds
[2022-05-05 05:43:03,412] {processor.py:153} INFO - Started process (PID=243) to work on /home/airflow/.local/lib/python3.7/site-packages/airflow/example_dags/tutorial.py
[2022-05-05 05:43:03,413] {processor.py:641} INFO - Processing file /home/airflow/.local/lib/python3.7/site-packages/airflow/example_dags/tutorial.py for tasks to queue
[2022-05-05 05:43:03,414] {logging_mixin.py:115} INFO - [2022-05-05 05:43:03,414] {dagbag.py:507} INFO - Filling up the DagBag from /home/airflow/.local/lib/python3.7/site-packages/airflow/example_dags/tutorial.py
[2022-05-05 05:43:03,421] {processor.py:651} INFO - DAG(s) dict_keys(['tutorial']) retrieved from /home/airflow/.local/lib/python3.7/site-packages/airflow/example_dags/tutorial.py
[2022-05-05 05:43:03,458] {logging_mixin.py:115} INFO - [2022-05-05 05:43:03,458] {dag.py:2371} INFO - Sync 1 DAGs
[2022-05-05 05:43:03,587] {logging_mixin.py:115} INFO - [2022-05-05 05:43:03,587] {dag.py:2919} INFO - Setting next_dagrun for tutorial to 2022-05-04T05:43:03.587477+00:00, run_after=2022-05-05T05:43:03.587477+00:00
[2022-05-05 05:43:03,603] {processor.py:161} INFO - Processing /home/airflow/.local/lib/python3.7/site-packages/airflow/example_dags/tutorial.py took 0.194 seconds
[2022-05-05 05:43:34,548] {processor.py:153} INFO - Started process (PID=305) to work on /home/airflow/.local/lib/python3.7/site-packages/airflow/example_dags/tutorial.py
[2022-05-05 05:43:34,549] {processor.py:641} INFO - Processing file /home/airflow/.local/lib/python3.7/site-packages/airflow/example_dags/tutorial.py for tasks to queue
[2022-05-05 05:43:34,550] {logging_mixin.py:115} INFO - [2022-05-05 05:43:34,550] {dagbag.py:507} INFO - Filling up the DagBag from /home/airflow/.local/lib/python3.7/site-packages/airflow/example_dags/tutorial.py
[2022-05-05 05:43:34,556] {processor.py:651} INFO - DAG(s) dict_keys(['tutorial']) retrieved from /home/airflow/.local/lib/python3.7/site-packages/airflow/example_dags/tutorial.py
[2022-05-05 05:43:34,585] {logging_mixin.py:115} INFO - [2022-05-05 05:43:34,585] {dag.py:2371} INFO - Sync 1 DAGs
[2022-05-05 05:43:34,727] {logging_mixin.py:115} INFO - [2022-05-05 05:43:34,726] {dag.py:2919} INFO - Setting next_dagrun for tutorial to 2022-05-04T05:43:34.726613+00:00, run_after=2022-05-05T05:43:34.726613+00:00
[2022-05-05 05:43:34,742] {processor.py:161} INFO - Processing /home/airflow/.local/lib/python3.7/site-packages/airflow/example_dags/tutorial.py took 0.197 seconds
[2022-05-05 05:44:05,499] {processor.py:153} INFO - Started process (PID=357) to work on /home/airflow/.local/lib/python3.7/site-packages/airflow/example_dags/tutorial.py
[2022-05-05 05:44:05,499] {processor.py:641} INFO - Processing file /home/airflow/.local/lib/python3.7/site-packages/airflow/example_dags/tutorial.py for tasks to queue
[2022-05-05 05:44:05,499] {logging_mixin.py:115} INFO - [2022-05-05 05:44:05,499] {dagbag.py:507} INFO - Filling up the DagBag from /home/airflow/.local/lib/python3.7/site-packages/airflow/example_dags/tutorial.py
[2022-05-05 05:44:05,504] {processor.py:651} INFO - DAG(s) dict_keys(['tutorial']) retrieved from /home/airflow/.local/lib/python3.7/site-packages/airflow/example_dags/tutorial.py
[2022-05-05 05:44:05,527] {logging_mixin.py:115} INFO - [2022-05-05 05:44:05,527] {dag.py:2371} INFO - Sync 1 DAGs
[2022-05-05 05:44:05,650] {logging_mixin.py:115} INFO - [2022-05-05 05:44:05,650] {dag.py:2919} INFO - Setting next_dagrun for tutorial to 2022-05-04T05:44:05.650322+00:00, run_after=2022-05-05T05:44:05.650322+00:00
[2022-05-05 05:44:05,664] {processor.py:161} INFO - Processing /home/airflow/.local/lib/python3.7/site-packages/airflow/example_dags/tutorial.py took 0.168 seconds
[2022-05-05 05:44:36,043] {processor.py:153} INFO - Started process (PID=421) to work on /home/airflow/.local/lib/python3.7/site-packages/airflow/example_dags/tutorial.py
[2022-05-05 05:44:36,043] {processor.py:641} INFO - Processing file /home/airflow/.local/lib/python3.7/site-packages/airflow/example_dags/tutorial.py for tasks to queue
[2022-05-05 05:44:36,044] {logging_mixin.py:115} INFO - [2022-05-05 05:44:36,044] {dagbag.py:507} INFO - Filling up the DagBag from /home/airflow/.local/lib/python3.7/site-packages/airflow/example_dags/tutorial.py
[2022-05-05 05:44:36,047] {processor.py:651} INFO - DAG(s) dict_keys(['tutorial']) retrieved from /home/airflow/.local/lib/python3.7/site-packages/airflow/example_dags/tutorial.py
[2022-05-05 05:44:36,070] {logging_mixin.py:115} INFO - [2022-05-05 05:44:36,070] {dag.py:2371} INFO - Sync 1 DAGs
[2022-05-05 05:44:36,184] {logging_mixin.py:115} INFO - [2022-05-05 05:44:36,183] {dag.py:2919} INFO - Setting next_dagrun for tutorial to 2022-05-04T05:44:36.183794+00:00, run_after=2022-05-05T05:44:36.183794+00:00
[2022-05-05 05:44:36,197] {processor.py:161} INFO - Processing /home/airflow/.local/lib/python3.7/site-packages/airflow/example_dags/tutorial.py took 0.157 seconds
[2022-05-05 05:45:06,570] {processor.py:153} INFO - Started process (PID=482) to work on /home/airflow/.local/lib/python3.7/site-packages/airflow/example_dags/tutorial.py
[2022-05-05 05:45:06,570] {processor.py:641} INFO - Processing file /home/airflow/.local/lib/python3.7/site-packages/airflow/example_dags/tutorial.py for tasks to queue
[2022-05-05 05:45:06,570] {logging_mixin.py:115} INFO - [2022-05-05 05:45:06,570] {dagbag.py:507} INFO - Filling up the DagBag from /home/airflow/.local/lib/python3.7/site-packages/airflow/example_dags/tutorial.py
[2022-05-05 05:45:06,575] {processor.py:651} INFO - DAG(s) dict_keys(['tutorial']) retrieved from /home/airflow/.local/lib/python3.7/site-packages/airflow/example_dags/tutorial.py
[2022-05-05 05:45:06,597] {logging_mixin.py:115} INFO - [2022-05-05 05:45:06,597] {dag.py:2371} INFO - Sync 1 DAGs
[2022-05-05 05:45:06,719] {logging_mixin.py:115} INFO - [2022-05-05 05:45:06,719] {dag.py:2919} INFO - Setting next_dagrun for tutorial to 2022-05-04T05:45:06.719384+00:00, run_after=2022-05-05T05:45:06.719384+00:00
[2022-05-05 05:45:06,735] {processor.py:161} INFO - Processing /home/airflow/.local/lib/python3.7/site-packages/airflow/example_dags/tutorial.py took 0.167 seconds
[2022-05-05 05:45:36,924] {processor.py:153} INFO - Started process (PID=536) to work on /home/airflow/.local/lib/python3.7/site-packages/airflow/example_dags/tutorial.py
[2022-05-05 05:45:36,925] {processor.py:641} INFO - Processing file /home/airflow/.local/lib/python3.7/site-packages/airflow/example_dags/tutorial.py for tasks to queue
[2022-05-05 05:45:36,926] {logging_mixin.py:115} INFO - [2022-05-05 05:45:36,926] {dagbag.py:507} INFO - Filling up the DagBag from /home/airflow/.local/lib/python3.7/site-packages/airflow/example_dags/tutorial.py
[2022-05-05 05:45:36,937] {processor.py:651} INFO - DAG(s) dict_keys(['tutorial']) retrieved from /home/airflow/.local/lib/python3.7/site-packages/airflow/example_dags/tutorial.py
[2022-05-05 05:45:36,968] {logging_mixin.py:115} INFO - [2022-05-05 05:45:36,967] {dag.py:2371} INFO - Sync 1 DAGs
[2022-05-05 05:45:37,126] {logging_mixin.py:115} INFO - [2022-05-05 05:45:37,126] {dag.py:2919} INFO - Setting next_dagrun for tutorial to 2022-05-04T05:45:37.126431+00:00, run_after=2022-05-05T05:45:37.126431+00:00
[2022-05-05 05:45:37,147] {processor.py:161} INFO - Processing /home/airflow/.local/lib/python3.7/site-packages/airflow/example_dags/tutorial.py took 0.225 seconds
[2022-05-05 05:46:07,423] {processor.py:153} INFO - Started process (PID=598) to work on /home/airflow/.local/lib/python3.7/site-packages/airflow/example_dags/tutorial.py
[2022-05-05 05:46:07,424] {processor.py:641} INFO - Processing file /home/airflow/.local/lib/python3.7/site-packages/airflow/example_dags/tutorial.py for tasks to queue
[2022-05-05 05:46:07,424] {logging_mixin.py:115} INFO - [2022-05-05 05:46:07,424] {dagbag.py:507} INFO - Filling up the DagBag from /home/airflow/.local/lib/python3.7/site-packages/airflow/example_dags/tutorial.py
[2022-05-05 05:46:07,429] {processor.py:651} INFO - DAG(s) dict_keys(['tutorial']) retrieved from /home/airflow/.local/lib/python3.7/site-packages/airflow/example_dags/tutorial.py
[2022-05-05 05:46:07,455] {logging_mixin.py:115} INFO - [2022-05-05 05:46:07,454] {dag.py:2371} INFO - Sync 1 DAGs
[2022-05-05 05:46:07,590] {logging_mixin.py:115} INFO - [2022-05-05 05:46:07,590] {dag.py:2919} INFO - Setting next_dagrun for tutorial to 2022-05-04T05:46:07.589983+00:00, run_after=2022-05-05T05:46:07.589983+00:00
[2022-05-05 05:46:07,606] {processor.py:161} INFO - Processing /home/airflow/.local/lib/python3.7/site-packages/airflow/example_dags/tutorial.py took 0.186 seconds
[2022-05-05 05:46:37,962] {processor.py:153} INFO - Started process (PID=661) to work on /home/airflow/.local/lib/python3.7/site-packages/airflow/example_dags/tutorial.py
[2022-05-05 05:46:37,963] {processor.py:641} INFO - Processing file /home/airflow/.local/lib/python3.7/site-packages/airflow/example_dags/tutorial.py for tasks to queue
[2022-05-05 05:46:37,964] {logging_mixin.py:115} INFO - [2022-05-05 05:46:37,964] {dagbag.py:507} INFO - Filling up the DagBag from /home/airflow/.local/lib/python3.7/site-packages/airflow/example_dags/tutorial.py
[2022-05-05 05:46:37,969] {processor.py:651} INFO - DAG(s) dict_keys(['tutorial']) retrieved from /home/airflow/.local/lib/python3.7/site-packages/airflow/example_dags/tutorial.py
[2022-05-05 05:46:37,995] {logging_mixin.py:115} INFO - [2022-05-05 05:46:37,995] {dag.py:2371} INFO - Sync 1 DAGs
[2022-05-05 05:46:38,176] {logging_mixin.py:115} INFO - [2022-05-05 05:46:38,176] {dag.py:2919} INFO - Setting next_dagrun for tutorial to 2022-05-04T05:46:38.176575+00:00, run_after=2022-05-05T05:46:38.176575+00:00
[2022-05-05 05:46:38,191] {processor.py:161} INFO - Processing /home/airflow/.local/lib/python3.7/site-packages/airflow/example_dags/tutorial.py took 0.231 seconds
[2022-05-05 05:47:08,569] {processor.py:153} INFO - Started process (PID=714) to work on /home/airflow/.local/lib/python3.7/site-packages/airflow/example_dags/tutorial.py
[2022-05-05 05:47:08,570] {processor.py:641} INFO - Processing file /home/airflow/.local/lib/python3.7/site-packages/airflow/example_dags/tutorial.py for tasks to queue
[2022-05-05 05:47:08,570] {logging_mixin.py:115} INFO - [2022-05-05 05:47:08,570] {dagbag.py:507} INFO - Filling up the DagBag from /home/airflow/.local/lib/python3.7/site-packages/airflow/example_dags/tutorial.py
[2022-05-05 05:47:08,574] {processor.py:651} INFO - DAG(s) dict_keys(['tutorial']) retrieved from /home/airflow/.local/lib/python3.7/site-packages/airflow/example_dags/tutorial.py
[2022-05-05 05:47:08,600] {logging_mixin.py:115} INFO - [2022-05-05 05:47:08,600] {dag.py:2371} INFO - Sync 1 DAGs
[2022-05-05 05:47:08,722] {logging_mixin.py:115} INFO - [2022-05-05 05:47:08,722] {dag.py:2919} INFO - Setting next_dagrun for tutorial to 2022-05-04T05:47:08.722669+00:00, run_after=2022-05-05T05:47:08.722669+00:00
[2022-05-05 05:47:08,736] {processor.py:161} INFO - Processing /home/airflow/.local/lib/python3.7/site-packages/airflow/example_dags/tutorial.py took 0.169 seconds
[2022-05-05 05:47:39,251] {processor.py:153} INFO - Started process (PID=777) to work on /home/airflow/.local/lib/python3.7/site-packages/airflow/example_dags/tutorial.py
[2022-05-05 05:47:39,252] {processor.py:641} INFO - Processing file /home/airflow/.local/lib/python3.7/site-packages/airflow/example_dags/tutorial.py for tasks to queue
[2022-05-05 05:47:39,252] {logging_mixin.py:115} INFO - [2022-05-05 05:47:39,252] {dagbag.py:507} INFO - Filling up the DagBag from /home/airflow/.local/lib/python3.7/site-packages/airflow/example_dags/tutorial.py
[2022-05-05 05:47:39,256] {processor.py:651} INFO - DAG(s) dict_keys(['tutorial']) retrieved from /home/airflow/.local/lib/python3.7/site-packages/airflow/example_dags/tutorial.py
[2022-05-05 05:47:39,285] {logging_mixin.py:115} INFO - [2022-05-05 05:47:39,285] {dag.py:2371} INFO - Sync 1 DAGs
[2022-05-05 05:47:39,429] {logging_mixin.py:115} INFO - [2022-05-05 05:47:39,429] {dag.py:2919} INFO - Setting next_dagrun for tutorial to 2022-05-04T05:47:39.429237+00:00, run_after=2022-05-05T05:47:39.429237+00:00
[2022-05-05 05:47:39,445] {processor.py:161} INFO - Processing /home/airflow/.local/lib/python3.7/site-packages/airflow/example_dags/tutorial.py took 0.197 seconds
[2022-05-05 05:48:09,892] {processor.py:153} INFO - Started process (PID=838) to work on /home/airflow/.local/lib/python3.7/site-packages/airflow/example_dags/tutorial.py
[2022-05-05 05:48:09,893] {processor.py:641} INFO - Processing file /home/airflow/.local/lib/python3.7/site-packages/airflow/example_dags/tutorial.py for tasks to queue
[2022-05-05 05:48:09,893] {logging_mixin.py:115} INFO - [2022-05-05 05:48:09,893] {dagbag.py:507} INFO - Filling up the DagBag from /home/airflow/.local/lib/python3.7/site-packages/airflow/example_dags/tutorial.py
[2022-05-05 05:48:09,898] {processor.py:651} INFO - DAG(s) dict_keys(['tutorial']) retrieved from /home/airflow/.local/lib/python3.7/site-packages/airflow/example_dags/tutorial.py
[2022-05-05 05:48:09,939] {logging_mixin.py:115} INFO - [2022-05-05 05:48:09,939] {dag.py:2371} INFO - Sync 1 DAGs
[2022-05-05 05:48:10,103] {logging_mixin.py:115} INFO - [2022-05-05 05:48:10,103] {dag.py:2919} INFO - Setting next_dagrun for tutorial to 2022-05-04T05:48:10.103123+00:00, run_after=2022-05-05T05:48:10.103123+00:00
[2022-05-05 05:48:10,125] {processor.py:161} INFO - Processing /home/airflow/.local/lib/python3.7/site-packages/airflow/example_dags/tutorial.py took 0.235 seconds
[2022-05-05 05:48:40,688] {processor.py:153} INFO - Started process (PID=890) to work on /home/airflow/.local/lib/python3.7/site-packages/airflow/example_dags/tutorial.py
[2022-05-05 05:48:40,689] {processor.py:641} INFO - Processing file /home/airflow/.local/lib/python3.7/site-packages/airflow/example_dags/tutorial.py for tasks to queue
[2022-05-05 05:48:40,690] {logging_mixin.py:115} INFO - [2022-05-05 05:48:40,690] {dagbag.py:507} INFO - Filling up the DagBag from /home/airflow/.local/lib/python3.7/site-packages/airflow/example_dags/tutorial.py
[2022-05-05 05:48:40,697] {processor.py:651} INFO - DAG(s) dict_keys(['tutorial']) retrieved from /home/airflow/.local/lib/python3.7/site-packages/airflow/example_dags/tutorial.py
[2022-05-05 05:48:40,725] {logging_mixin.py:115} INFO - [2022-05-05 05:48:40,724] {dag.py:2371} INFO - Sync 1 DAGs
[2022-05-05 05:48:40,846] {logging_mixin.py:115} INFO - [2022-05-05 05:48:40,846] {dag.py:2919} INFO - Setting next_dagrun for tutorial to 2022-05-04T05:48:40.845754+00:00, run_after=2022-05-05T05:48:40.845754+00:00
[2022-05-05 05:48:40,860] {processor.py:161} INFO - Processing /home/airflow/.local/lib/python3.7/site-packages/airflow/example_dags/tutorial.py took 0.175 seconds
[2022-05-05 05:49:11,410] {processor.py:153} INFO - Started process (PID=954) to work on /home/airflow/.local/lib/python3.7/site-packages/airflow/example_dags/tutorial.py
[2022-05-05 05:49:11,410] {processor.py:641} INFO - Processing file /home/airflow/.local/lib/python3.7/site-packages/airflow/example_dags/tutorial.py for tasks to queue
[2022-05-05 05:49:11,410] {logging_mixin.py:115} INFO - [2022-05-05 05:49:11,410] {dagbag.py:507} INFO - Filling up the DagBag from /home/airflow/.local/lib/python3.7/site-packages/airflow/example_dags/tutorial.py
[2022-05-05 05:49:11,415] {processor.py:651} INFO - DAG(s) dict_keys(['tutorial']) retrieved from /home/airflow/.local/lib/python3.7/site-packages/airflow/example_dags/tutorial.py
[2022-05-05 05:49:11,439] {logging_mixin.py:115} INFO - [2022-05-05 05:49:11,439] {dag.py:2371} INFO - Sync 1 DAGs
[2022-05-05 05:49:11,562] {logging_mixin.py:115} INFO - [2022-05-05 05:49:11,562] {dag.py:2919} INFO - Setting next_dagrun for tutorial to 2022-05-04T05:49:11.561835+00:00, run_after=2022-05-05T05:49:11.561835+00:00
[2022-05-05 05:49:11,578] {processor.py:161} INFO - Processing /home/airflow/.local/lib/python3.7/site-packages/airflow/example_dags/tutorial.py took 0.170 seconds
[2022-05-05 05:49:41,885] {processor.py:153} INFO - Started process (PID=1017) to work on /home/airflow/.local/lib/python3.7/site-packages/airflow/example_dags/tutorial.py
[2022-05-05 05:49:41,886] {processor.py:641} INFO - Processing file /home/airflow/.local/lib/python3.7/site-packages/airflow/example_dags/tutorial.py for tasks to queue
[2022-05-05 05:49:41,887] {logging_mixin.py:115} INFO - [2022-05-05 05:49:41,887] {dagbag.py:507} INFO - Filling up the DagBag from /home/airflow/.local/lib/python3.7/site-packages/airflow/example_dags/tutorial.py
[2022-05-05 05:49:41,891] {processor.py:651} INFO - DAG(s) dict_keys(['tutorial']) retrieved from /home/airflow/.local/lib/python3.7/site-packages/airflow/example_dags/tutorial.py
[2022-05-05 05:49:41,919] {logging_mixin.py:115} INFO - [2022-05-05 05:49:41,919] {dag.py:2371} INFO - Sync 1 DAGs
[2022-05-05 05:49:42,062] {logging_mixin.py:115} INFO - [2022-05-05 05:49:42,062] {dag.py:2919} INFO - Setting next_dagrun for tutorial to 2022-05-04T05:49:42.062703+00:00, run_after=2022-05-05T05:49:42.062703+00:00
[2022-05-05 05:49:42,079] {processor.py:161} INFO - Processing /home/airflow/.local/lib/python3.7/site-packages/airflow/example_dags/tutorial.py took 0.196 seconds
[2022-05-05 05:50:12,669] {processor.py:153} INFO - Started process (PID=1070) to work on /home/airflow/.local/lib/python3.7/site-packages/airflow/example_dags/tutorial.py
[2022-05-05 05:50:12,669] {processor.py:641} INFO - Processing file /home/airflow/.local/lib/python3.7/site-packages/airflow/example_dags/tutorial.py for tasks to queue
[2022-05-05 05:50:12,669] {logging_mixin.py:115} INFO - [2022-05-05 05:50:12,669] {dagbag.py:507} INFO - Filling up the DagBag from /home/airflow/.local/lib/python3.7/site-packages/airflow/example_dags/tutorial.py
[2022-05-05 05:50:12,673] {processor.py:651} INFO - DAG(s) dict_keys(['tutorial']) retrieved from /home/airflow/.local/lib/python3.7/site-packages/airflow/example_dags/tutorial.py
[2022-05-05 05:50:12,701] {logging_mixin.py:115} INFO - [2022-05-05 05:50:12,701] {dag.py:2371} INFO - Sync 1 DAGs
[2022-05-05 05:50:12,821] {logging_mixin.py:115} INFO - [2022-05-05 05:50:12,821] {dag.py:2919} INFO - Setting next_dagrun for tutorial to 2022-05-04T05:50:12.821477+00:00, run_after=2022-05-05T05:50:12.821477+00:00
[2022-05-05 05:50:12,839] {processor.py:161} INFO - Processing /home/airflow/.local/lib/python3.7/site-packages/airflow/example_dags/tutorial.py took 0.173 seconds
[2022-05-05 05:50:42,902] {processor.py:153} INFO - Started process (PID=1133) to work on /home/airflow/.local/lib/python3.7/site-packages/airflow/example_dags/tutorial.py
[2022-05-05 05:50:42,903] {processor.py:641} INFO - Processing file /home/airflow/.local/lib/python3.7/site-packages/airflow/example_dags/tutorial.py for tasks to queue
[2022-05-05 05:50:42,903] {logging_mixin.py:115} INFO - [2022-05-05 05:50:42,903] {dagbag.py:507} INFO - Filling up the DagBag from /home/airflow/.local/lib/python3.7/site-packages/airflow/example_dags/tutorial.py
[2022-05-05 05:50:42,907] {processor.py:651} INFO - DAG(s) dict_keys(['tutorial']) retrieved from /home/airflow/.local/lib/python3.7/site-packages/airflow/example_dags/tutorial.py
[2022-05-05 05:50:42,931] {logging_mixin.py:115} INFO - [2022-05-05 05:50:42,931] {dag.py:2371} INFO - Sync 1 DAGs
[2022-05-05 05:50:43,056] {logging_mixin.py:115} INFO - [2022-05-05 05:50:43,055] {dag.py:2919} INFO - Setting next_dagrun for tutorial to 2022-05-04T05:50:43.055777+00:00, run_after=2022-05-05T05:50:43.055777+00:00
[2022-05-05 05:50:43,070] {processor.py:161} INFO - Processing /home/airflow/.local/lib/python3.7/site-packages/airflow/example_dags/tutorial.py took 0.170 seconds
[2022-05-05 05:52:21,626] {processor.py:153} INFO - Started process (PID=68) to work on /home/airflow/.local/lib/python3.7/site-packages/airflow/example_dags/tutorial.py
[2022-05-05 05:52:21,627] {processor.py:641} INFO - Processing file /home/airflow/.local/lib/python3.7/site-packages/airflow/example_dags/tutorial.py for tasks to queue
[2022-05-05 05:52:21,628] {logging_mixin.py:115} INFO - [2022-05-05 05:52:21,628] {dagbag.py:507} INFO - Filling up the DagBag from /home/airflow/.local/lib/python3.7/site-packages/airflow/example_dags/tutorial.py
[2022-05-05 05:52:21,635] {processor.py:651} INFO - DAG(s) dict_keys(['tutorial']) retrieved from /home/airflow/.local/lib/python3.7/site-packages/airflow/example_dags/tutorial.py
[2022-05-05 05:52:21,668] {logging_mixin.py:115} INFO - [2022-05-05 05:52:21,668] {dag.py:2371} INFO - Sync 1 DAGs
[2022-05-05 05:52:21,846] {logging_mixin.py:115} INFO - [2022-05-05 05:52:21,846] {dag.py:2919} INFO - Setting next_dagrun for tutorial to 2022-05-04T05:52:21.846084+00:00, run_after=2022-05-05T05:52:21.846084+00:00
[2022-05-05 05:52:21,866] {processor.py:161} INFO - Processing /home/airflow/.local/lib/python3.7/site-packages/airflow/example_dags/tutorial.py took 0.243 seconds
[2022-05-05 05:52:52,083] {processor.py:153} INFO - Started process (PID=131) to work on /home/airflow/.local/lib/python3.7/site-packages/airflow/example_dags/tutorial.py
[2022-05-05 05:52:52,085] {processor.py:641} INFO - Processing file /home/airflow/.local/lib/python3.7/site-packages/airflow/example_dags/tutorial.py for tasks to queue
[2022-05-05 05:52:52,087] {logging_mixin.py:115} INFO - [2022-05-05 05:52:52,086] {dagbag.py:507} INFO - Filling up the DagBag from /home/airflow/.local/lib/python3.7/site-packages/airflow/example_dags/tutorial.py
[2022-05-05 05:52:52,097] {processor.py:651} INFO - DAG(s) dict_keys(['tutorial']) retrieved from /home/airflow/.local/lib/python3.7/site-packages/airflow/example_dags/tutorial.py
[2022-05-05 05:52:52,148] {logging_mixin.py:115} INFO - [2022-05-05 05:52:52,148] {dag.py:2371} INFO - Sync 1 DAGs
[2022-05-05 05:52:52,370] {logging_mixin.py:115} INFO - [2022-05-05 05:52:52,370] {dag.py:2919} INFO - Setting next_dagrun for tutorial to 2022-05-04T05:52:52.370342+00:00, run_after=2022-05-05T05:52:52.370342+00:00
[2022-05-05 05:52:52,390] {processor.py:161} INFO - Processing /home/airflow/.local/lib/python3.7/site-packages/airflow/example_dags/tutorial.py took 0.314 seconds
[2022-05-05 05:53:49,822] {processor.py:153} INFO - Started process (PID=68) to work on /home/airflow/.local/lib/python3.7/site-packages/airflow/example_dags/tutorial.py
[2022-05-05 05:53:49,823] {processor.py:641} INFO - Processing file /home/airflow/.local/lib/python3.7/site-packages/airflow/example_dags/tutorial.py for tasks to queue
[2022-05-05 05:53:49,824] {logging_mixin.py:115} INFO - [2022-05-05 05:53:49,824] {dagbag.py:507} INFO - Filling up the DagBag from /home/airflow/.local/lib/python3.7/site-packages/airflow/example_dags/tutorial.py
[2022-05-05 05:53:49,830] {processor.py:651} INFO - DAG(s) dict_keys(['tutorial']) retrieved from /home/airflow/.local/lib/python3.7/site-packages/airflow/example_dags/tutorial.py
[2022-05-05 05:53:49,859] {logging_mixin.py:115} INFO - [2022-05-05 05:53:49,859] {dag.py:2371} INFO - Sync 1 DAGs
[2022-05-05 05:53:50,015] {logging_mixin.py:115} INFO - [2022-05-05 05:53:50,015] {dag.py:2919} INFO - Setting next_dagrun for tutorial to 2022-05-04T05:53:50.014858+00:00, run_after=2022-05-05T05:53:50.014858+00:00
[2022-05-05 05:53:50,035] {processor.py:161} INFO - Processing /home/airflow/.local/lib/python3.7/site-packages/airflow/example_dags/tutorial.py took 0.216 seconds
[2022-05-05 05:54:20,425] {processor.py:153} INFO - Started process (PID=131) to work on /home/airflow/.local/lib/python3.7/site-packages/airflow/example_dags/tutorial.py
[2022-05-05 05:54:20,425] {processor.py:641} INFO - Processing file /home/airflow/.local/lib/python3.7/site-packages/airflow/example_dags/tutorial.py for tasks to queue
[2022-05-05 05:54:20,426] {logging_mixin.py:115} INFO - [2022-05-05 05:54:20,426] {dagbag.py:507} INFO - Filling up the DagBag from /home/airflow/.local/lib/python3.7/site-packages/airflow/example_dags/tutorial.py
[2022-05-05 05:54:20,432] {processor.py:651} INFO - DAG(s) dict_keys(['tutorial']) retrieved from /home/airflow/.local/lib/python3.7/site-packages/airflow/example_dags/tutorial.py
[2022-05-05 05:54:20,462] {logging_mixin.py:115} INFO - [2022-05-05 05:54:20,462] {dag.py:2371} INFO - Sync 1 DAGs
[2022-05-05 05:54:20,615] {logging_mixin.py:115} INFO - [2022-05-05 05:54:20,615] {dag.py:2919} INFO - Setting next_dagrun for tutorial to 2022-05-04T05:54:20.615188+00:00, run_after=2022-05-05T05:54:20.615188+00:00
[2022-05-05 05:54:20,630] {processor.py:161} INFO - Processing /home/airflow/.local/lib/python3.7/site-packages/airflow/example_dags/tutorial.py took 0.208 seconds
[2022-05-05 05:54:51,070] {processor.py:153} INFO - Started process (PID=184) to work on /home/airflow/.local/lib/python3.7/site-packages/airflow/example_dags/tutorial.py
[2022-05-05 05:54:51,071] {processor.py:641} INFO - Processing file /home/airflow/.local/lib/python3.7/site-packages/airflow/example_dags/tutorial.py for tasks to queue
[2022-05-05 05:54:51,072] {logging_mixin.py:115} INFO - [2022-05-05 05:54:51,071] {dagbag.py:507} INFO - Filling up the DagBag from /home/airflow/.local/lib/python3.7/site-packages/airflow/example_dags/tutorial.py
[2022-05-05 05:54:51,076] {processor.py:651} INFO - DAG(s) dict_keys(['tutorial']) retrieved from /home/airflow/.local/lib/python3.7/site-packages/airflow/example_dags/tutorial.py
[2022-05-05 05:54:51,107] {logging_mixin.py:115} INFO - [2022-05-05 05:54:51,107] {dag.py:2371} INFO - Sync 1 DAGs
[2022-05-05 05:54:51,235] {logging_mixin.py:115} INFO - [2022-05-05 05:54:51,234] {dag.py:2919} INFO - Setting next_dagrun for tutorial to 2022-05-04T05:54:51.234795+00:00, run_after=2022-05-05T05:54:51.234795+00:00
[2022-05-05 05:54:51,246] {processor.py:161} INFO - Processing /home/airflow/.local/lib/python3.7/site-packages/airflow/example_dags/tutorial.py took 0.179 seconds
[2022-05-05 05:55:21,753] {processor.py:153} INFO - Started process (PID=246) to work on /home/airflow/.local/lib/python3.7/site-packages/airflow/example_dags/tutorial.py
[2022-05-05 05:55:21,753] {processor.py:641} INFO - Processing file /home/airflow/.local/lib/python3.7/site-packages/airflow/example_dags/tutorial.py for tasks to queue
[2022-05-05 05:55:21,753] {logging_mixin.py:115} INFO - [2022-05-05 05:55:21,753] {dagbag.py:507} INFO - Filling up the DagBag from /home/airflow/.local/lib/python3.7/site-packages/airflow/example_dags/tutorial.py
[2022-05-05 05:55:21,757] {processor.py:651} INFO - DAG(s) dict_keys(['tutorial']) retrieved from /home/airflow/.local/lib/python3.7/site-packages/airflow/example_dags/tutorial.py
[2022-05-05 05:55:21,781] {logging_mixin.py:115} INFO - [2022-05-05 05:55:21,781] {dag.py:2371} INFO - Sync 1 DAGs
[2022-05-05 05:55:21,919] {logging_mixin.py:115} INFO - [2022-05-05 05:55:21,919] {dag.py:2919} INFO - Setting next_dagrun for tutorial to 2022-05-04T05:55:21.919242+00:00, run_after=2022-05-05T05:55:21.919242+00:00
[2022-05-05 05:55:21,934] {processor.py:161} INFO - Processing /home/airflow/.local/lib/python3.7/site-packages/airflow/example_dags/tutorial.py took 0.184 seconds
[2022-05-05 05:55:52,451] {processor.py:153} INFO - Started process (PID=308) to work on /home/airflow/.local/lib/python3.7/site-packages/airflow/example_dags/tutorial.py
[2022-05-05 05:55:52,452] {processor.py:641} INFO - Processing file /home/airflow/.local/lib/python3.7/site-packages/airflow/example_dags/tutorial.py for tasks to queue
[2022-05-05 05:55:52,453] {logging_mixin.py:115} INFO - [2022-05-05 05:55:52,452] {dagbag.py:507} INFO - Filling up the DagBag from /home/airflow/.local/lib/python3.7/site-packages/airflow/example_dags/tutorial.py
[2022-05-05 05:55:52,457] {processor.py:651} INFO - DAG(s) dict_keys(['tutorial']) retrieved from /home/airflow/.local/lib/python3.7/site-packages/airflow/example_dags/tutorial.py
[2022-05-05 05:55:52,484] {logging_mixin.py:115} INFO - [2022-05-05 05:55:52,484] {dag.py:2371} INFO - Sync 1 DAGs
[2022-05-05 05:55:52,657] {logging_mixin.py:115} INFO - [2022-05-05 05:55:52,657] {dag.py:2919} INFO - Setting next_dagrun for tutorial to 2022-05-04T05:55:52.657458+00:00, run_after=2022-05-05T05:55:52.657458+00:00
[2022-05-05 05:55:52,673] {processor.py:161} INFO - Processing /home/airflow/.local/lib/python3.7/site-packages/airflow/example_dags/tutorial.py took 0.224 seconds
[2022-05-05 05:56:23,118] {processor.py:153} INFO - Started process (PID=361) to work on /home/airflow/.local/lib/python3.7/site-packages/airflow/example_dags/tutorial.py
[2022-05-05 05:56:23,118] {processor.py:641} INFO - Processing file /home/airflow/.local/lib/python3.7/site-packages/airflow/example_dags/tutorial.py for tasks to queue
[2022-05-05 05:56:23,119] {logging_mixin.py:115} INFO - [2022-05-05 05:56:23,119] {dagbag.py:507} INFO - Filling up the DagBag from /home/airflow/.local/lib/python3.7/site-packages/airflow/example_dags/tutorial.py
[2022-05-05 05:56:23,126] {processor.py:651} INFO - DAG(s) dict_keys(['tutorial']) retrieved from /home/airflow/.local/lib/python3.7/site-packages/airflow/example_dags/tutorial.py
[2022-05-05 05:56:23,155] {logging_mixin.py:115} INFO - [2022-05-05 05:56:23,155] {dag.py:2371} INFO - Sync 1 DAGs
[2022-05-05 05:56:23,305] {logging_mixin.py:115} INFO - [2022-05-05 05:56:23,305] {dag.py:2919} INFO - Setting next_dagrun for tutorial to 2022-05-04T05:56:23.305046+00:00, run_after=2022-05-05T05:56:23.305046+00:00
[2022-05-05 05:56:23,318] {processor.py:161} INFO - Processing /home/airflow/.local/lib/python3.7/site-packages/airflow/example_dags/tutorial.py took 0.202 seconds
[2022-05-05 05:56:53,468] {processor.py:153} INFO - Started process (PID=423) to work on /home/airflow/.local/lib/python3.7/site-packages/airflow/example_dags/tutorial.py
[2022-05-05 05:56:53,469] {processor.py:641} INFO - Processing file /home/airflow/.local/lib/python3.7/site-packages/airflow/example_dags/tutorial.py for tasks to queue
[2022-05-05 05:56:53,470] {logging_mixin.py:115} INFO - [2022-05-05 05:56:53,470] {dagbag.py:507} INFO - Filling up the DagBag from /home/airflow/.local/lib/python3.7/site-packages/airflow/example_dags/tutorial.py
[2022-05-05 05:56:53,474] {processor.py:651} INFO - DAG(s) dict_keys(['tutorial']) retrieved from /home/airflow/.local/lib/python3.7/site-packages/airflow/example_dags/tutorial.py
[2022-05-05 05:56:53,498] {logging_mixin.py:115} INFO - [2022-05-05 05:56:53,498] {dag.py:2371} INFO - Sync 1 DAGs
[2022-05-05 05:56:53,627] {logging_mixin.py:115} INFO - [2022-05-05 05:56:53,626] {dag.py:2919} INFO - Setting next_dagrun for tutorial to 2022-05-04T05:56:53.626778+00:00, run_after=2022-05-05T05:56:53.626778+00:00
[2022-05-05 05:56:53,639] {processor.py:161} INFO - Processing /home/airflow/.local/lib/python3.7/site-packages/airflow/example_dags/tutorial.py took 0.173 seconds
[2022-05-05 05:57:23,897] {processor.py:153} INFO - Started process (PID=485) to work on /home/airflow/.local/lib/python3.7/site-packages/airflow/example_dags/tutorial.py
[2022-05-05 05:57:23,899] {processor.py:641} INFO - Processing file /home/airflow/.local/lib/python3.7/site-packages/airflow/example_dags/tutorial.py for tasks to queue
[2022-05-05 05:57:23,899] {logging_mixin.py:115} INFO - [2022-05-05 05:57:23,899] {dagbag.py:507} INFO - Filling up the DagBag from /home/airflow/.local/lib/python3.7/site-packages/airflow/example_dags/tutorial.py
[2022-05-05 05:57:23,906] {processor.py:651} INFO - DAG(s) dict_keys(['tutorial']) retrieved from /home/airflow/.local/lib/python3.7/site-packages/airflow/example_dags/tutorial.py
[2022-05-05 05:57:23,933] {logging_mixin.py:115} INFO - [2022-05-05 05:57:23,933] {dag.py:2371} INFO - Sync 1 DAGs
[2022-05-05 05:57:24,083] {logging_mixin.py:115} INFO - [2022-05-05 05:57:24,083] {dag.py:2919} INFO - Setting next_dagrun for tutorial to 2022-05-04T05:57:24.083306+00:00, run_after=2022-05-05T05:57:24.083306+00:00
[2022-05-05 05:57:24,098] {processor.py:161} INFO - Processing /home/airflow/.local/lib/python3.7/site-packages/airflow/example_dags/tutorial.py took 0.203 seconds
[2022-05-05 05:57:54,153] {processor.py:153} INFO - Started process (PID=538) to work on /home/airflow/.local/lib/python3.7/site-packages/airflow/example_dags/tutorial.py
[2022-05-05 05:57:54,153] {processor.py:641} INFO - Processing file /home/airflow/.local/lib/python3.7/site-packages/airflow/example_dags/tutorial.py for tasks to queue
[2022-05-05 05:57:54,154] {logging_mixin.py:115} INFO - [2022-05-05 05:57:54,154] {dagbag.py:507} INFO - Filling up the DagBag from /home/airflow/.local/lib/python3.7/site-packages/airflow/example_dags/tutorial.py
[2022-05-05 05:57:54,158] {processor.py:651} INFO - DAG(s) dict_keys(['tutorial']) retrieved from /home/airflow/.local/lib/python3.7/site-packages/airflow/example_dags/tutorial.py
[2022-05-05 05:57:54,182] {logging_mixin.py:115} INFO - [2022-05-05 05:57:54,182] {dag.py:2371} INFO - Sync 1 DAGs
[2022-05-05 05:57:54,309] {logging_mixin.py:115} INFO - [2022-05-05 05:57:54,309] {dag.py:2919} INFO - Setting next_dagrun for tutorial to 2022-05-04T05:57:54.308989+00:00, run_after=2022-05-05T05:57:54.308989+00:00
[2022-05-05 05:57:54,326] {processor.py:161} INFO - Processing /home/airflow/.local/lib/python3.7/site-packages/airflow/example_dags/tutorial.py took 0.175 seconds
[2022-05-05 05:58:24,430] {processor.py:153} INFO - Started process (PID=601) to work on /home/airflow/.local/lib/python3.7/site-packages/airflow/example_dags/tutorial.py
[2022-05-05 05:58:24,431] {processor.py:641} INFO - Processing file /home/airflow/.local/lib/python3.7/site-packages/airflow/example_dags/tutorial.py for tasks to queue
[2022-05-05 05:58:24,432] {logging_mixin.py:115} INFO - [2022-05-05 05:58:24,432] {dagbag.py:507} INFO - Filling up the DagBag from /home/airflow/.local/lib/python3.7/site-packages/airflow/example_dags/tutorial.py
[2022-05-05 05:58:24,436] {processor.py:651} INFO - DAG(s) dict_keys(['tutorial']) retrieved from /home/airflow/.local/lib/python3.7/site-packages/airflow/example_dags/tutorial.py
[2022-05-05 05:58:24,460] {logging_mixin.py:115} INFO - [2022-05-05 05:58:24,459] {dag.py:2371} INFO - Sync 1 DAGs
[2022-05-05 05:58:24,584] {logging_mixin.py:115} INFO - [2022-05-05 05:58:24,584] {dag.py:2919} INFO - Setting next_dagrun for tutorial to 2022-05-04T05:58:24.583786+00:00, run_after=2022-05-05T05:58:24.583786+00:00
[2022-05-05 05:58:24,597] {processor.py:161} INFO - Processing /home/airflow/.local/lib/python3.7/site-packages/airflow/example_dags/tutorial.py took 0.169 seconds
[2022-05-05 05:58:54,786] {processor.py:153} INFO - Started process (PID=662) to work on /home/airflow/.local/lib/python3.7/site-packages/airflow/example_dags/tutorial.py
[2022-05-05 05:58:54,787] {processor.py:641} INFO - Processing file /home/airflow/.local/lib/python3.7/site-packages/airflow/example_dags/tutorial.py for tasks to queue
[2022-05-05 05:58:54,788] {logging_mixin.py:115} INFO - [2022-05-05 05:58:54,788] {dagbag.py:507} INFO - Filling up the DagBag from /home/airflow/.local/lib/python3.7/site-packages/airflow/example_dags/tutorial.py
[2022-05-05 05:58:54,793] {processor.py:651} INFO - DAG(s) dict_keys(['tutorial']) retrieved from /home/airflow/.local/lib/python3.7/site-packages/airflow/example_dags/tutorial.py
[2022-05-05 05:58:54,826] {logging_mixin.py:115} INFO - [2022-05-05 05:58:54,826] {dag.py:2371} INFO - Sync 1 DAGs
[2022-05-05 05:58:54,962] {logging_mixin.py:115} INFO - [2022-05-05 05:58:54,962] {dag.py:2919} INFO - Setting next_dagrun for tutorial to 2022-05-04T05:58:54.962355+00:00, run_after=2022-05-05T05:58:54.962355+00:00
[2022-05-05 05:58:54,977] {processor.py:161} INFO - Processing /home/airflow/.local/lib/python3.7/site-packages/airflow/example_dags/tutorial.py took 0.194 seconds
[2022-05-05 05:59:25,172] {processor.py:153} INFO - Started process (PID=714) to work on /home/airflow/.local/lib/python3.7/site-packages/airflow/example_dags/tutorial.py
[2022-05-05 05:59:25,173] {processor.py:641} INFO - Processing file /home/airflow/.local/lib/python3.7/site-packages/airflow/example_dags/tutorial.py for tasks to queue
[2022-05-05 05:59:25,173] {logging_mixin.py:115} INFO - [2022-05-05 05:59:25,173] {dagbag.py:507} INFO - Filling up the DagBag from /home/airflow/.local/lib/python3.7/site-packages/airflow/example_dags/tutorial.py
[2022-05-05 05:59:25,178] {processor.py:651} INFO - DAG(s) dict_keys(['tutorial']) retrieved from /home/airflow/.local/lib/python3.7/site-packages/airflow/example_dags/tutorial.py
[2022-05-05 05:59:25,207] {logging_mixin.py:115} INFO - [2022-05-05 05:59:25,207] {dag.py:2371} INFO - Sync 1 DAGs
[2022-05-05 05:59:25,349] {logging_mixin.py:115} INFO - [2022-05-05 05:59:25,349] {dag.py:2919} INFO - Setting next_dagrun for tutorial to 2022-05-04T05:59:25.348672+00:00, run_after=2022-05-05T05:59:25.348672+00:00
[2022-05-05 05:59:25,366] {processor.py:161} INFO - Processing /home/airflow/.local/lib/python3.7/site-packages/airflow/example_dags/tutorial.py took 0.197 seconds
[2022-05-05 05:59:55,460] {processor.py:153} INFO - Started process (PID=777) to work on /home/airflow/.local/lib/python3.7/site-packages/airflow/example_dags/tutorial.py
[2022-05-05 05:59:55,461] {processor.py:641} INFO - Processing file /home/airflow/.local/lib/python3.7/site-packages/airflow/example_dags/tutorial.py for tasks to queue
[2022-05-05 05:59:55,462] {logging_mixin.py:115} INFO - [2022-05-05 05:59:55,462] {dagbag.py:507} INFO - Filling up the DagBag from /home/airflow/.local/lib/python3.7/site-packages/airflow/example_dags/tutorial.py
[2022-05-05 05:59:55,481] {processor.py:651} INFO - DAG(s) dict_keys(['tutorial']) retrieved from /home/airflow/.local/lib/python3.7/site-packages/airflow/example_dags/tutorial.py
[2022-05-05 05:59:55,514] {logging_mixin.py:115} INFO - [2022-05-05 05:59:55,514] {dag.py:2371} INFO - Sync 1 DAGs
[2022-05-05 05:59:55,637] {logging_mixin.py:115} INFO - [2022-05-05 05:59:55,637] {dag.py:2919} INFO - Setting next_dagrun for tutorial to 2022-05-04T05:59:55.637445+00:00, run_after=2022-05-05T05:59:55.637445+00:00
[2022-05-05 05:59:55,652] {processor.py:161} INFO - Processing /home/airflow/.local/lib/python3.7/site-packages/airflow/example_dags/tutorial.py took 0.196 seconds
[2022-05-05 06:00:26,186] {processor.py:153} INFO - Started process (PID=830) to work on /home/airflow/.local/lib/python3.7/site-packages/airflow/example_dags/tutorial.py
[2022-05-05 06:00:26,187] {processor.py:641} INFO - Processing file /home/airflow/.local/lib/python3.7/site-packages/airflow/example_dags/tutorial.py for tasks to queue
[2022-05-05 06:00:26,187] {logging_mixin.py:115} INFO - [2022-05-05 06:00:26,187] {dagbag.py:507} INFO - Filling up the DagBag from /home/airflow/.local/lib/python3.7/site-packages/airflow/example_dags/tutorial.py
[2022-05-05 06:00:26,193] {processor.py:651} INFO - DAG(s) dict_keys(['tutorial']) retrieved from /home/airflow/.local/lib/python3.7/site-packages/airflow/example_dags/tutorial.py
[2022-05-05 06:00:26,220] {logging_mixin.py:115} INFO - [2022-05-05 06:00:26,220] {dag.py:2371} INFO - Sync 1 DAGs
[2022-05-05 06:00:26,337] {logging_mixin.py:115} INFO - [2022-05-05 06:00:26,337] {dag.py:2919} INFO - Setting next_dagrun for tutorial to 2022-05-04T06:00:26.337591+00:00, run_after=2022-05-05T06:00:26.337591+00:00
[2022-05-05 06:00:26,351] {processor.py:161} INFO - Processing /home/airflow/.local/lib/python3.7/site-packages/airflow/example_dags/tutorial.py took 0.168 seconds
[2022-05-05 06:00:57,002] {processor.py:153} INFO - Started process (PID=892) to work on /home/airflow/.local/lib/python3.7/site-packages/airflow/example_dags/tutorial.py
[2022-05-05 06:00:57,002] {processor.py:641} INFO - Processing file /home/airflow/.local/lib/python3.7/site-packages/airflow/example_dags/tutorial.py for tasks to queue
[2022-05-05 06:00:57,003] {logging_mixin.py:115} INFO - [2022-05-05 06:00:57,003] {dagbag.py:507} INFO - Filling up the DagBag from /home/airflow/.local/lib/python3.7/site-packages/airflow/example_dags/tutorial.py
[2022-05-05 06:00:57,007] {processor.py:651} INFO - DAG(s) dict_keys(['tutorial']) retrieved from /home/airflow/.local/lib/python3.7/site-packages/airflow/example_dags/tutorial.py
[2022-05-05 06:00:57,035] {logging_mixin.py:115} INFO - [2022-05-05 06:00:57,035] {dag.py:2371} INFO - Sync 1 DAGs
[2022-05-05 06:00:57,162] {logging_mixin.py:115} INFO - [2022-05-05 06:00:57,162] {dag.py:2919} INFO - Setting next_dagrun for tutorial to 2022-05-04T06:00:57.162261+00:00, run_after=2022-05-05T06:00:57.162261+00:00
[2022-05-05 06:00:57,175] {processor.py:161} INFO - Processing /home/airflow/.local/lib/python3.7/site-packages/airflow/example_dags/tutorial.py took 0.175 seconds
[2022-05-05 06:01:27,281] {processor.py:153} INFO - Started process (PID=955) to work on /home/airflow/.local/lib/python3.7/site-packages/airflow/example_dags/tutorial.py
[2022-05-05 06:01:27,282] {processor.py:641} INFO - Processing file /home/airflow/.local/lib/python3.7/site-packages/airflow/example_dags/tutorial.py for tasks to queue
[2022-05-05 06:01:27,283] {logging_mixin.py:115} INFO - [2022-05-05 06:01:27,283] {dagbag.py:507} INFO - Filling up the DagBag from /home/airflow/.local/lib/python3.7/site-packages/airflow/example_dags/tutorial.py
[2022-05-05 06:01:27,287] {processor.py:651} INFO - DAG(s) dict_keys(['tutorial']) retrieved from /home/airflow/.local/lib/python3.7/site-packages/airflow/example_dags/tutorial.py
[2022-05-05 06:01:27,317] {logging_mixin.py:115} INFO - [2022-05-05 06:01:27,317] {dag.py:2371} INFO - Sync 1 DAGs
[2022-05-05 06:01:27,440] {logging_mixin.py:115} INFO - [2022-05-05 06:01:27,440] {dag.py:2919} INFO - Setting next_dagrun for tutorial to 2022-05-04T06:01:27.440222+00:00, run_after=2022-05-05T06:01:27.440222+00:00
[2022-05-05 06:01:27,455] {processor.py:161} INFO - Processing /home/airflow/.local/lib/python3.7/site-packages/airflow/example_dags/tutorial.py took 0.176 seconds
[2022-05-05 06:01:57,526] {processor.py:153} INFO - Started process (PID=1007) to work on /home/airflow/.local/lib/python3.7/site-packages/airflow/example_dags/tutorial.py
[2022-05-05 06:01:57,526] {processor.py:641} INFO - Processing file /home/airflow/.local/lib/python3.7/site-packages/airflow/example_dags/tutorial.py for tasks to queue
[2022-05-05 06:01:57,527] {logging_mixin.py:115} INFO - [2022-05-05 06:01:57,526] {dagbag.py:507} INFO - Filling up the DagBag from /home/airflow/.local/lib/python3.7/site-packages/airflow/example_dags/tutorial.py
[2022-05-05 06:01:57,530] {processor.py:651} INFO - DAG(s) dict_keys(['tutorial']) retrieved from /home/airflow/.local/lib/python3.7/site-packages/airflow/example_dags/tutorial.py
[2022-05-05 06:01:57,560] {logging_mixin.py:115} INFO - [2022-05-05 06:01:57,560] {dag.py:2371} INFO - Sync 1 DAGs
[2022-05-05 06:01:57,698] {logging_mixin.py:115} INFO - [2022-05-05 06:01:57,698] {dag.py:2919} INFO - Setting next_dagrun for tutorial to 2022-05-04T06:01:57.698011+00:00, run_after=2022-05-05T06:01:57.698011+00:00
[2022-05-05 06:01:57,711] {processor.py:161} INFO - Processing /home/airflow/.local/lib/python3.7/site-packages/airflow/example_dags/tutorial.py took 0.187 seconds
[2022-05-05 06:02:27,857] {processor.py:153} INFO - Started process (PID=1071) to work on /home/airflow/.local/lib/python3.7/site-packages/airflow/example_dags/tutorial.py
[2022-05-05 06:02:27,858] {processor.py:641} INFO - Processing file /home/airflow/.local/lib/python3.7/site-packages/airflow/example_dags/tutorial.py for tasks to queue
[2022-05-05 06:02:27,858] {logging_mixin.py:115} INFO - [2022-05-05 06:02:27,858] {dagbag.py:507} INFO - Filling up the DagBag from /home/airflow/.local/lib/python3.7/site-packages/airflow/example_dags/tutorial.py
[2022-05-05 06:02:27,863] {processor.py:651} INFO - DAG(s) dict_keys(['tutorial']) retrieved from /home/airflow/.local/lib/python3.7/site-packages/airflow/example_dags/tutorial.py
[2022-05-05 06:02:27,890] {logging_mixin.py:115} INFO - [2022-05-05 06:02:27,890] {dag.py:2371} INFO - Sync 1 DAGs
[2022-05-05 06:02:28,012] {logging_mixin.py:115} INFO - [2022-05-05 06:02:28,012] {dag.py:2919} INFO - Setting next_dagrun for tutorial to 2022-05-04T06:02:28.012117+00:00, run_after=2022-05-05T06:02:28.012117+00:00
[2022-05-05 06:02:28,025] {processor.py:161} INFO - Processing /home/airflow/.local/lib/python3.7/site-packages/airflow/example_dags/tutorial.py took 0.170 seconds
[2022-05-05 06:02:58,279] {processor.py:153} INFO - Started process (PID=1134) to work on /home/airflow/.local/lib/python3.7/site-packages/airflow/example_dags/tutorial.py
[2022-05-05 06:02:58,280] {processor.py:641} INFO - Processing file /home/airflow/.local/lib/python3.7/site-packages/airflow/example_dags/tutorial.py for tasks to queue
[2022-05-05 06:02:58,280] {logging_mixin.py:115} INFO - [2022-05-05 06:02:58,280] {dagbag.py:507} INFO - Filling up the DagBag from /home/airflow/.local/lib/python3.7/site-packages/airflow/example_dags/tutorial.py
[2022-05-05 06:02:58,284] {processor.py:651} INFO - DAG(s) dict_keys(['tutorial']) retrieved from /home/airflow/.local/lib/python3.7/site-packages/airflow/example_dags/tutorial.py
[2022-05-05 06:02:58,311] {logging_mixin.py:115} INFO - [2022-05-05 06:02:58,311] {dag.py:2371} INFO - Sync 1 DAGs
[2022-05-05 06:02:58,425] {logging_mixin.py:115} INFO - [2022-05-05 06:02:58,425] {dag.py:2919} INFO - Setting next_dagrun for tutorial to 2022-05-04T06:02:58.425232+00:00, run_after=2022-05-05T06:02:58.425232+00:00
[2022-05-05 06:02:58,438] {processor.py:161} INFO - Processing /home/airflow/.local/lib/python3.7/site-packages/airflow/example_dags/tutorial.py took 0.161 seconds
[2022-05-05 06:03:28,805] {processor.py:153} INFO - Started process (PID=1188) to work on /home/airflow/.local/lib/python3.7/site-packages/airflow/example_dags/tutorial.py
[2022-05-05 06:03:28,806] {processor.py:641} INFO - Processing file /home/airflow/.local/lib/python3.7/site-packages/airflow/example_dags/tutorial.py for tasks to queue
[2022-05-05 06:03:28,807] {logging_mixin.py:115} INFO - [2022-05-05 06:03:28,807] {dagbag.py:507} INFO - Filling up the DagBag from /home/airflow/.local/lib/python3.7/site-packages/airflow/example_dags/tutorial.py
[2022-05-05 06:03:28,811] {processor.py:651} INFO - DAG(s) dict_keys(['tutorial']) retrieved from /home/airflow/.local/lib/python3.7/site-packages/airflow/example_dags/tutorial.py
[2022-05-05 06:03:28,839] {logging_mixin.py:115} INFO - [2022-05-05 06:03:28,839] {dag.py:2371} INFO - Sync 1 DAGs
[2022-05-05 06:03:28,964] {logging_mixin.py:115} INFO - [2022-05-05 06:03:28,964] {dag.py:2919} INFO - Setting next_dagrun for tutorial to 2022-05-04T06:03:28.964197+00:00, run_after=2022-05-05T06:03:28.964197+00:00
[2022-05-05 06:03:28,978] {processor.py:161} INFO - Processing /home/airflow/.local/lib/python3.7/site-packages/airflow/example_dags/tutorial.py took 0.175 seconds
[2022-05-05 06:03:59,502] {processor.py:153} INFO - Started process (PID=1251) to work on /home/airflow/.local/lib/python3.7/site-packages/airflow/example_dags/tutorial.py
[2022-05-05 06:03:59,502] {processor.py:641} INFO - Processing file /home/airflow/.local/lib/python3.7/site-packages/airflow/example_dags/tutorial.py for tasks to queue
[2022-05-05 06:03:59,502] {logging_mixin.py:115} INFO - [2022-05-05 06:03:59,502] {dagbag.py:507} INFO - Filling up the DagBag from /home/airflow/.local/lib/python3.7/site-packages/airflow/example_dags/tutorial.py
[2022-05-05 06:03:59,506] {processor.py:651} INFO - DAG(s) dict_keys(['tutorial']) retrieved from /home/airflow/.local/lib/python3.7/site-packages/airflow/example_dags/tutorial.py
[2022-05-05 06:03:59,532] {logging_mixin.py:115} INFO - [2022-05-05 06:03:59,532] {dag.py:2371} INFO - Sync 1 DAGs
[2022-05-05 06:03:59,555] {logging_mixin.py:115} INFO - [2022-05-05 06:03:59,555] {dag.py:2919} INFO - Setting next_dagrun for tutorial to 2022-05-04T06:03:59.555210+00:00, run_after=2022-05-05T06:03:59.555210+00:00
[2022-05-05 06:03:59,569] {processor.py:161} INFO - Processing /home/airflow/.local/lib/python3.7/site-packages/airflow/example_dags/tutorial.py took 0.069 seconds
[2022-05-05 06:04:30,598] {processor.py:153} INFO - Started process (PID=1313) to work on /home/airflow/.local/lib/python3.7/site-packages/airflow/example_dags/tutorial.py
[2022-05-05 06:04:30,599] {processor.py:641} INFO - Processing file /home/airflow/.local/lib/python3.7/site-packages/airflow/example_dags/tutorial.py for tasks to queue
[2022-05-05 06:04:30,600] {logging_mixin.py:115} INFO - [2022-05-05 06:04:30,600] {dagbag.py:507} INFO - Filling up the DagBag from /home/airflow/.local/lib/python3.7/site-packages/airflow/example_dags/tutorial.py
[2022-05-05 06:04:30,604] {processor.py:651} INFO - DAG(s) dict_keys(['tutorial']) retrieved from /home/airflow/.local/lib/python3.7/site-packages/airflow/example_dags/tutorial.py
[2022-05-05 06:04:30,628] {logging_mixin.py:115} INFO - [2022-05-05 06:04:30,628] {dag.py:2371} INFO - Sync 1 DAGs
[2022-05-05 06:04:30,650] {logging_mixin.py:115} INFO - [2022-05-05 06:04:30,649] {dag.py:2919} INFO - Setting next_dagrun for tutorial to 2022-05-04T06:04:30.649709+00:00, run_after=2022-05-05T06:04:30.649709+00:00
[2022-05-05 06:04:30,664] {processor.py:161} INFO - Processing /home/airflow/.local/lib/python3.7/site-packages/airflow/example_dags/tutorial.py took 0.068 seconds
[2022-05-05 06:05:01,290] {processor.py:153} INFO - Started process (PID=1366) to work on /home/airflow/.local/lib/python3.7/site-packages/airflow/example_dags/tutorial.py
[2022-05-05 06:05:01,290] {processor.py:641} INFO - Processing file /home/airflow/.local/lib/python3.7/site-packages/airflow/example_dags/tutorial.py for tasks to queue
[2022-05-05 06:05:01,291] {logging_mixin.py:115} INFO - [2022-05-05 06:05:01,291] {dagbag.py:507} INFO - Filling up the DagBag from /home/airflow/.local/lib/python3.7/site-packages/airflow/example_dags/tutorial.py
[2022-05-05 06:05:01,296] {processor.py:651} INFO - DAG(s) dict_keys(['tutorial']) retrieved from /home/airflow/.local/lib/python3.7/site-packages/airflow/example_dags/tutorial.py
[2022-05-05 06:05:01,321] {logging_mixin.py:115} INFO - [2022-05-05 06:05:01,321] {dag.py:2371} INFO - Sync 1 DAGs
[2022-05-05 06:05:01,343] {logging_mixin.py:115} INFO - [2022-05-05 06:05:01,343] {dag.py:2919} INFO - Setting next_dagrun for tutorial to 2022-05-04T06:05:01.343374+00:00, run_after=2022-05-05T06:05:01.343374+00:00
[2022-05-05 06:05:01,358] {processor.py:161} INFO - Processing /home/airflow/.local/lib/python3.7/site-packages/airflow/example_dags/tutorial.py took 0.070 seconds
[2022-05-05 06:05:31,879] {processor.py:153} INFO - Started process (PID=1427) to work on /home/airflow/.local/lib/python3.7/site-packages/airflow/example_dags/tutorial.py
[2022-05-05 06:05:31,880] {processor.py:641} INFO - Processing file /home/airflow/.local/lib/python3.7/site-packages/airflow/example_dags/tutorial.py for tasks to queue
[2022-05-05 06:05:31,880] {logging_mixin.py:115} INFO - [2022-05-05 06:05:31,880] {dagbag.py:507} INFO - Filling up the DagBag from /home/airflow/.local/lib/python3.7/site-packages/airflow/example_dags/tutorial.py
[2022-05-05 06:05:31,884] {processor.py:651} INFO - DAG(s) dict_keys(['tutorial']) retrieved from /home/airflow/.local/lib/python3.7/site-packages/airflow/example_dags/tutorial.py
[2022-05-05 06:05:31,910] {logging_mixin.py:115} INFO - [2022-05-05 06:05:31,910] {dag.py:2371} INFO - Sync 1 DAGs
[2022-05-05 06:05:31,933] {logging_mixin.py:115} INFO - [2022-05-05 06:05:31,933] {dag.py:2919} INFO - Setting next_dagrun for tutorial to 2022-05-04T06:05:31.933220+00:00, run_after=2022-05-05T06:05:31.933220+00:00
[2022-05-05 06:05:31,947] {processor.py:161} INFO - Processing /home/airflow/.local/lib/python3.7/site-packages/airflow/example_dags/tutorial.py took 0.070 seconds
[2022-05-05 06:06:02,471] {processor.py:153} INFO - Started process (PID=1490) to work on /home/airflow/.local/lib/python3.7/site-packages/airflow/example_dags/tutorial.py
[2022-05-05 06:06:02,472] {processor.py:641} INFO - Processing file /home/airflow/.local/lib/python3.7/site-packages/airflow/example_dags/tutorial.py for tasks to queue
[2022-05-05 06:06:02,472] {logging_mixin.py:115} INFO - [2022-05-05 06:06:02,472] {dagbag.py:507} INFO - Filling up the DagBag from /home/airflow/.local/lib/python3.7/site-packages/airflow/example_dags/tutorial.py
[2022-05-05 06:06:02,476] {processor.py:651} INFO - DAG(s) dict_keys(['tutorial']) retrieved from /home/airflow/.local/lib/python3.7/site-packages/airflow/example_dags/tutorial.py
[2022-05-05 06:06:02,501] {logging_mixin.py:115} INFO - [2022-05-05 06:06:02,501] {dag.py:2371} INFO - Sync 1 DAGs
[2022-05-05 06:06:02,522] {logging_mixin.py:115} INFO - [2022-05-05 06:06:02,522] {dag.py:2919} INFO - Setting next_dagrun for tutorial to 2022-05-04T06:06:02.521643+00:00, run_after=2022-05-05T06:06:02.521643+00:00
[2022-05-05 06:06:02,535] {processor.py:161} INFO - Processing /home/airflow/.local/lib/python3.7/site-packages/airflow/example_dags/tutorial.py took 0.066 seconds
[2022-05-05 06:06:33,351] {processor.py:153} INFO - Started process (PID=1542) to work on /home/airflow/.local/lib/python3.7/site-packages/airflow/example_dags/tutorial.py
[2022-05-05 06:06:33,352] {processor.py:641} INFO - Processing file /home/airflow/.local/lib/python3.7/site-packages/airflow/example_dags/tutorial.py for tasks to queue
[2022-05-05 06:06:33,352] {logging_mixin.py:115} INFO - [2022-05-05 06:06:33,352] {dagbag.py:507} INFO - Filling up the DagBag from /home/airflow/.local/lib/python3.7/site-packages/airflow/example_dags/tutorial.py
[2022-05-05 06:06:33,358] {processor.py:651} INFO - DAG(s) dict_keys(['tutorial']) retrieved from /home/airflow/.local/lib/python3.7/site-packages/airflow/example_dags/tutorial.py
[2022-05-05 06:06:33,383] {logging_mixin.py:115} INFO - [2022-05-05 06:06:33,383] {dag.py:2371} INFO - Sync 1 DAGs
[2022-05-05 06:06:33,407] {logging_mixin.py:115} INFO - [2022-05-05 06:06:33,407] {dag.py:2919} INFO - Setting next_dagrun for tutorial to 2022-05-04T06:06:33.406558+00:00, run_after=2022-05-05T06:06:33.406558+00:00
[2022-05-05 06:06:33,423] {processor.py:161} INFO - Processing /home/airflow/.local/lib/python3.7/site-packages/airflow/example_dags/tutorial.py took 0.074 seconds
[2022-05-05 06:07:04,288] {processor.py:153} INFO - Started process (PID=1605) to work on /home/airflow/.local/lib/python3.7/site-packages/airflow/example_dags/tutorial.py
[2022-05-05 06:07:04,289] {processor.py:641} INFO - Processing file /home/airflow/.local/lib/python3.7/site-packages/airflow/example_dags/tutorial.py for tasks to queue
[2022-05-05 06:07:04,290] {logging_mixin.py:115} INFO - [2022-05-05 06:07:04,289] {dagbag.py:507} INFO - Filling up the DagBag from /home/airflow/.local/lib/python3.7/site-packages/airflow/example_dags/tutorial.py
[2022-05-05 06:07:04,294] {processor.py:651} INFO - DAG(s) dict_keys(['tutorial']) retrieved from /home/airflow/.local/lib/python3.7/site-packages/airflow/example_dags/tutorial.py
[2022-05-05 06:07:04,322] {logging_mixin.py:115} INFO - [2022-05-05 06:07:04,322] {dag.py:2371} INFO - Sync 1 DAGs
[2022-05-05 06:07:04,346] {logging_mixin.py:115} INFO - [2022-05-05 06:07:04,346] {dag.py:2919} INFO - Setting next_dagrun for tutorial to 2022-05-04T06:07:04.345820+00:00, run_after=2022-05-05T06:07:04.345820+00:00
[2022-05-05 06:07:04,360] {processor.py:161} INFO - Processing /home/airflow/.local/lib/python3.7/site-packages/airflow/example_dags/tutorial.py took 0.074 seconds
[2022-05-05 06:07:35,028] {processor.py:153} INFO - Started process (PID=1666) to work on /home/airflow/.local/lib/python3.7/site-packages/airflow/example_dags/tutorial.py
[2022-05-05 06:07:35,029] {processor.py:641} INFO - Processing file /home/airflow/.local/lib/python3.7/site-packages/airflow/example_dags/tutorial.py for tasks to queue
[2022-05-05 06:07:35,029] {logging_mixin.py:115} INFO - [2022-05-05 06:07:35,029] {dagbag.py:507} INFO - Filling up the DagBag from /home/airflow/.local/lib/python3.7/site-packages/airflow/example_dags/tutorial.py
[2022-05-05 06:07:35,033] {processor.py:651} INFO - DAG(s) dict_keys(['tutorial']) retrieved from /home/airflow/.local/lib/python3.7/site-packages/airflow/example_dags/tutorial.py
[2022-05-05 06:07:35,058] {logging_mixin.py:115} INFO - [2022-05-05 06:07:35,058] {dag.py:2371} INFO - Sync 1 DAGs
[2022-05-05 06:07:35,078] {logging_mixin.py:115} INFO - [2022-05-05 06:07:35,078] {dag.py:2919} INFO - Setting next_dagrun for tutorial to 2022-05-04T06:07:35.078444+00:00, run_after=2022-05-05T06:07:35.078444+00:00
[2022-05-05 06:07:35,093] {processor.py:161} INFO - Processing /home/airflow/.local/lib/python3.7/site-packages/airflow/example_dags/tutorial.py took 0.067 seconds
[2022-05-05 06:08:05,726] {processor.py:153} INFO - Started process (PID=1719) to work on /home/airflow/.local/lib/python3.7/site-packages/airflow/example_dags/tutorial.py
[2022-05-05 06:08:05,727] {processor.py:641} INFO - Processing file /home/airflow/.local/lib/python3.7/site-packages/airflow/example_dags/tutorial.py for tasks to queue
[2022-05-05 06:08:05,727] {logging_mixin.py:115} INFO - [2022-05-05 06:08:05,727] {dagbag.py:507} INFO - Filling up the DagBag from /home/airflow/.local/lib/python3.7/site-packages/airflow/example_dags/tutorial.py
[2022-05-05 06:08:05,732] {processor.py:651} INFO - DAG(s) dict_keys(['tutorial']) retrieved from /home/airflow/.local/lib/python3.7/site-packages/airflow/example_dags/tutorial.py
[2022-05-05 06:08:05,761] {logging_mixin.py:115} INFO - [2022-05-05 06:08:05,761] {dag.py:2371} INFO - Sync 1 DAGs
[2022-05-05 06:08:05,783] {logging_mixin.py:115} INFO - [2022-05-05 06:08:05,783] {dag.py:2919} INFO - Setting next_dagrun for tutorial to 2022-05-04T06:08:05.782918+00:00, run_after=2022-05-05T06:08:05.782918+00:00
[2022-05-05 06:08:05,797] {processor.py:161} INFO - Processing /home/airflow/.local/lib/python3.7/site-packages/airflow/example_dags/tutorial.py took 0.074 seconds
[2022-05-05 06:08:36,410] {processor.py:153} INFO - Started process (PID=1782) to work on /home/airflow/.local/lib/python3.7/site-packages/airflow/example_dags/tutorial.py
[2022-05-05 06:08:36,410] {processor.py:641} INFO - Processing file /home/airflow/.local/lib/python3.7/site-packages/airflow/example_dags/tutorial.py for tasks to queue
[2022-05-05 06:08:36,411] {logging_mixin.py:115} INFO - [2022-05-05 06:08:36,411] {dagbag.py:507} INFO - Filling up the DagBag from /home/airflow/.local/lib/python3.7/site-packages/airflow/example_dags/tutorial.py
[2022-05-05 06:08:36,415] {processor.py:651} INFO - DAG(s) dict_keys(['tutorial']) retrieved from /home/airflow/.local/lib/python3.7/site-packages/airflow/example_dags/tutorial.py
[2022-05-05 06:08:36,440] {logging_mixin.py:115} INFO - [2022-05-05 06:08:36,440] {dag.py:2371} INFO - Sync 1 DAGs
[2022-05-05 06:08:36,461] {logging_mixin.py:115} INFO - [2022-05-05 06:08:36,461] {dag.py:2919} INFO - Setting next_dagrun for tutorial to 2022-05-04T06:08:36.461663+00:00, run_after=2022-05-05T06:08:36.461663+00:00
[2022-05-05 06:08:36,476] {processor.py:161} INFO - Processing /home/airflow/.local/lib/python3.7/site-packages/airflow/example_dags/tutorial.py took 0.068 seconds
[2022-05-05 06:09:07,566] {processor.py:153} INFO - Started process (PID=1845) to work on /home/airflow/.local/lib/python3.7/site-packages/airflow/example_dags/tutorial.py
[2022-05-05 06:09:07,567] {processor.py:641} INFO - Processing file /home/airflow/.local/lib/python3.7/site-packages/airflow/example_dags/tutorial.py for tasks to queue
[2022-05-05 06:09:07,568] {logging_mixin.py:115} INFO - [2022-05-05 06:09:07,568] {dagbag.py:507} INFO - Filling up the DagBag from /home/airflow/.local/lib/python3.7/site-packages/airflow/example_dags/tutorial.py
[2022-05-05 06:09:07,573] {processor.py:651} INFO - DAG(s) dict_keys(['tutorial']) retrieved from /home/airflow/.local/lib/python3.7/site-packages/airflow/example_dags/tutorial.py
[2022-05-05 06:09:07,718] {logging_mixin.py:115} INFO - [2022-05-05 06:09:07,718] {dag.py:2371} INFO - Sync 1 DAGs
[2022-05-05 06:09:07,743] {logging_mixin.py:115} INFO - [2022-05-05 06:09:07,743] {dag.py:2919} INFO - Setting next_dagrun for tutorial to 2022-05-04T06:09:07.742727+00:00, run_after=2022-05-05T06:09:07.742727+00:00
[2022-05-05 06:09:07,759] {processor.py:161} INFO - Processing /home/airflow/.local/lib/python3.7/site-packages/airflow/example_dags/tutorial.py took 0.194 seconds
[2022-05-05 06:09:37,819] {processor.py:153} INFO - Started process (PID=1898) to work on /home/airflow/.local/lib/python3.7/site-packages/airflow/example_dags/tutorial.py
[2022-05-05 06:09:37,819] {processor.py:641} INFO - Processing file /home/airflow/.local/lib/python3.7/site-packages/airflow/example_dags/tutorial.py for tasks to queue
[2022-05-05 06:09:37,820] {logging_mixin.py:115} INFO - [2022-05-05 06:09:37,819] {dagbag.py:507} INFO - Filling up the DagBag from /home/airflow/.local/lib/python3.7/site-packages/airflow/example_dags/tutorial.py
[2022-05-05 06:09:37,825] {processor.py:651} INFO - DAG(s) dict_keys(['tutorial']) retrieved from /home/airflow/.local/lib/python3.7/site-packages/airflow/example_dags/tutorial.py
[2022-05-05 06:09:37,967] {logging_mixin.py:115} INFO - [2022-05-05 06:09:37,967] {dag.py:2371} INFO - Sync 1 DAGs
[2022-05-05 06:09:37,986] {logging_mixin.py:115} INFO - [2022-05-05 06:09:37,986] {dag.py:2919} INFO - Setting next_dagrun for tutorial to 2022-05-04T06:09:37.985963+00:00, run_after=2022-05-05T06:09:37.985963+00:00
[2022-05-05 06:09:38,001] {processor.py:161} INFO - Processing /home/airflow/.local/lib/python3.7/site-packages/airflow/example_dags/tutorial.py took 0.184 seconds
[2022-05-05 06:10:08,485] {processor.py:153} INFO - Started process (PID=1959) to work on /home/airflow/.local/lib/python3.7/site-packages/airflow/example_dags/tutorial.py
[2022-05-05 06:10:08,486] {processor.py:641} INFO - Processing file /home/airflow/.local/lib/python3.7/site-packages/airflow/example_dags/tutorial.py for tasks to queue
[2022-05-05 06:10:08,487] {logging_mixin.py:115} INFO - [2022-05-05 06:10:08,487] {dagbag.py:507} INFO - Filling up the DagBag from /home/airflow/.local/lib/python3.7/site-packages/airflow/example_dags/tutorial.py
[2022-05-05 06:10:08,491] {processor.py:651} INFO - DAG(s) dict_keys(['tutorial']) retrieved from /home/airflow/.local/lib/python3.7/site-packages/airflow/example_dags/tutorial.py
[2022-05-05 06:10:08,625] {logging_mixin.py:115} INFO - [2022-05-05 06:10:08,625] {dag.py:2371} INFO - Sync 1 DAGs
[2022-05-05 06:10:08,646] {logging_mixin.py:115} INFO - [2022-05-05 06:10:08,646] {dag.py:2919} INFO - Setting next_dagrun for tutorial to 2022-05-04T06:10:08.646617+00:00, run_after=2022-05-05T06:10:08.646617+00:00
[2022-05-05 06:10:08,661] {processor.py:161} INFO - Processing /home/airflow/.local/lib/python3.7/site-packages/airflow/example_dags/tutorial.py took 0.178 seconds
[2022-05-05 06:10:38,857] {processor.py:153} INFO - Started process (PID=2020) to work on /home/airflow/.local/lib/python3.7/site-packages/airflow/example_dags/tutorial.py
[2022-05-05 06:10:38,858] {processor.py:641} INFO - Processing file /home/airflow/.local/lib/python3.7/site-packages/airflow/example_dags/tutorial.py for tasks to queue
[2022-05-05 06:10:38,859] {logging_mixin.py:115} INFO - [2022-05-05 06:10:38,859] {dagbag.py:507} INFO - Filling up the DagBag from /home/airflow/.local/lib/python3.7/site-packages/airflow/example_dags/tutorial.py
[2022-05-05 06:10:38,865] {processor.py:651} INFO - DAG(s) dict_keys(['tutorial']) retrieved from /home/airflow/.local/lib/python3.7/site-packages/airflow/example_dags/tutorial.py
[2022-05-05 06:10:39,035] {logging_mixin.py:115} INFO - [2022-05-05 06:10:39,035] {dag.py:2371} INFO - Sync 1 DAGs
[2022-05-05 06:10:39,059] {logging_mixin.py:115} INFO - [2022-05-05 06:10:39,059] {dag.py:2919} INFO - Setting next_dagrun for tutorial to 2022-05-04T06:10:39.059454+00:00, run_after=2022-05-05T06:10:39.059454+00:00
[2022-05-05 06:10:39,077] {processor.py:161} INFO - Processing /home/airflow/.local/lib/python3.7/site-packages/airflow/example_dags/tutorial.py took 0.224 seconds
[2022-05-05 06:11:09,587] {processor.py:153} INFO - Started process (PID=2074) to work on /home/airflow/.local/lib/python3.7/site-packages/airflow/example_dags/tutorial.py
[2022-05-05 06:11:09,587] {processor.py:641} INFO - Processing file /home/airflow/.local/lib/python3.7/site-packages/airflow/example_dags/tutorial.py for tasks to queue
[2022-05-05 06:11:09,588] {logging_mixin.py:115} INFO - [2022-05-05 06:11:09,588] {dagbag.py:507} INFO - Filling up the DagBag from /home/airflow/.local/lib/python3.7/site-packages/airflow/example_dags/tutorial.py
[2022-05-05 06:11:09,592] {processor.py:651} INFO - DAG(s) dict_keys(['tutorial']) retrieved from /home/airflow/.local/lib/python3.7/site-packages/airflow/example_dags/tutorial.py
[2022-05-05 06:11:09,741] {logging_mixin.py:115} INFO - [2022-05-05 06:11:09,741] {dag.py:2371} INFO - Sync 1 DAGs
[2022-05-05 06:11:09,763] {logging_mixin.py:115} INFO - [2022-05-05 06:11:09,763] {dag.py:2919} INFO - Setting next_dagrun for tutorial to 2022-05-04T06:11:09.762934+00:00, run_after=2022-05-05T06:11:09.762934+00:00
[2022-05-05 06:11:09,776] {processor.py:161} INFO - Processing /home/airflow/.local/lib/python3.7/site-packages/airflow/example_dags/tutorial.py took 0.191 seconds
[2022-05-05 06:11:40,548] {processor.py:153} INFO - Started process (PID=2135) to work on /home/airflow/.local/lib/python3.7/site-packages/airflow/example_dags/tutorial.py
[2022-05-05 06:11:40,549] {processor.py:641} INFO - Processing file /home/airflow/.local/lib/python3.7/site-packages/airflow/example_dags/tutorial.py for tasks to queue
[2022-05-05 06:11:40,549] {logging_mixin.py:115} INFO - [2022-05-05 06:11:40,549] {dagbag.py:507} INFO - Filling up the DagBag from /home/airflow/.local/lib/python3.7/site-packages/airflow/example_dags/tutorial.py
[2022-05-05 06:11:40,554] {processor.py:651} INFO - DAG(s) dict_keys(['tutorial']) retrieved from /home/airflow/.local/lib/python3.7/site-packages/airflow/example_dags/tutorial.py
[2022-05-05 06:11:40,693] {logging_mixin.py:115} INFO - [2022-05-05 06:11:40,693] {dag.py:2371} INFO - Sync 1 DAGs
[2022-05-05 06:11:40,714] {logging_mixin.py:115} INFO - [2022-05-05 06:11:40,714] {dag.py:2919} INFO - Setting next_dagrun for tutorial to 2022-05-04T06:11:40.713917+00:00, run_after=2022-05-05T06:11:40.713917+00:00
[2022-05-05 06:11:40,730] {processor.py:161} INFO - Processing /home/airflow/.local/lib/python3.7/site-packages/airflow/example_dags/tutorial.py took 0.184 seconds
[2022-05-05 06:12:10,908] {processor.py:153} INFO - Started process (PID=2196) to work on /home/airflow/.local/lib/python3.7/site-packages/airflow/example_dags/tutorial.py
[2022-05-05 06:12:10,908] {processor.py:641} INFO - Processing file /home/airflow/.local/lib/python3.7/site-packages/airflow/example_dags/tutorial.py for tasks to queue
[2022-05-05 06:12:10,909] {logging_mixin.py:115} INFO - [2022-05-05 06:12:10,908] {dagbag.py:507} INFO - Filling up the DagBag from /home/airflow/.local/lib/python3.7/site-packages/airflow/example_dags/tutorial.py
[2022-05-05 06:12:10,914] {processor.py:651} INFO - DAG(s) dict_keys(['tutorial']) retrieved from /home/airflow/.local/lib/python3.7/site-packages/airflow/example_dags/tutorial.py
[2022-05-05 06:12:11,050] {logging_mixin.py:115} INFO - [2022-05-05 06:12:11,050] {dag.py:2371} INFO - Sync 1 DAGs
[2022-05-05 06:12:11,072] {logging_mixin.py:115} INFO - [2022-05-05 06:12:11,071] {dag.py:2919} INFO - Setting next_dagrun for tutorial to 2022-05-04T06:12:11.071559+00:00, run_after=2022-05-05T06:12:11.071559+00:00
[2022-05-05 06:12:11,086] {processor.py:161} INFO - Processing /home/airflow/.local/lib/python3.7/site-packages/airflow/example_dags/tutorial.py took 0.181 seconds
[2022-05-05 06:12:41,265] {processor.py:153} INFO - Started process (PID=2248) to work on /home/airflow/.local/lib/python3.7/site-packages/airflow/example_dags/tutorial.py
[2022-05-05 06:12:41,267] {processor.py:641} INFO - Processing file /home/airflow/.local/lib/python3.7/site-packages/airflow/example_dags/tutorial.py for tasks to queue
[2022-05-05 06:12:41,268] {logging_mixin.py:115} INFO - [2022-05-05 06:12:41,268] {dagbag.py:507} INFO - Filling up the DagBag from /home/airflow/.local/lib/python3.7/site-packages/airflow/example_dags/tutorial.py
[2022-05-05 06:12:41,272] {processor.py:651} INFO - DAG(s) dict_keys(['tutorial']) retrieved from /home/airflow/.local/lib/python3.7/site-packages/airflow/example_dags/tutorial.py
[2022-05-05 06:12:41,409] {logging_mixin.py:115} INFO - [2022-05-05 06:12:41,409] {dag.py:2371} INFO - Sync 1 DAGs
[2022-05-05 06:12:41,430] {logging_mixin.py:115} INFO - [2022-05-05 06:12:41,430] {dag.py:2919} INFO - Setting next_dagrun for tutorial to 2022-05-04T06:12:41.429817+00:00, run_after=2022-05-05T06:12:41.429817+00:00
[2022-05-05 06:12:41,444] {processor.py:161} INFO - Processing /home/airflow/.local/lib/python3.7/site-packages/airflow/example_dags/tutorial.py took 0.181 seconds
[2022-05-05 06:13:11,837] {processor.py:153} INFO - Started process (PID=2310) to work on /home/airflow/.local/lib/python3.7/site-packages/airflow/example_dags/tutorial.py
[2022-05-05 06:13:11,837] {processor.py:641} INFO - Processing file /home/airflow/.local/lib/python3.7/site-packages/airflow/example_dags/tutorial.py for tasks to queue
[2022-05-05 06:13:11,838] {logging_mixin.py:115} INFO - [2022-05-05 06:13:11,838] {dagbag.py:507} INFO - Filling up the DagBag from /home/airflow/.local/lib/python3.7/site-packages/airflow/example_dags/tutorial.py
[2022-05-05 06:13:11,843] {processor.py:651} INFO - DAG(s) dict_keys(['tutorial']) retrieved from /home/airflow/.local/lib/python3.7/site-packages/airflow/example_dags/tutorial.py
[2022-05-05 06:13:11,976] {logging_mixin.py:115} INFO - [2022-05-05 06:13:11,975] {dag.py:2371} INFO - Sync 1 DAGs
[2022-05-05 06:13:11,998] {logging_mixin.py:115} INFO - [2022-05-05 06:13:11,997] {dag.py:2919} INFO - Setting next_dagrun for tutorial to 2022-05-04T06:13:11.997778+00:00, run_after=2022-05-05T06:13:11.997778+00:00
[2022-05-05 06:13:12,011] {processor.py:161} INFO - Processing /home/airflow/.local/lib/python3.7/site-packages/airflow/example_dags/tutorial.py took 0.177 seconds
[2022-05-05 06:13:42,221] {processor.py:153} INFO - Started process (PID=2370) to work on /home/airflow/.local/lib/python3.7/site-packages/airflow/example_dags/tutorial.py
[2022-05-05 06:13:42,222] {processor.py:641} INFO - Processing file /home/airflow/.local/lib/python3.7/site-packages/airflow/example_dags/tutorial.py for tasks to queue
[2022-05-05 06:13:42,223] {logging_mixin.py:115} INFO - [2022-05-05 06:13:42,223] {dagbag.py:507} INFO - Filling up the DagBag from /home/airflow/.local/lib/python3.7/site-packages/airflow/example_dags/tutorial.py
[2022-05-05 06:13:42,228] {processor.py:651} INFO - DAG(s) dict_keys(['tutorial']) retrieved from /home/airflow/.local/lib/python3.7/site-packages/airflow/example_dags/tutorial.py
[2022-05-05 06:13:42,401] {logging_mixin.py:115} INFO - [2022-05-05 06:13:42,401] {dag.py:2371} INFO - Sync 1 DAGs
[2022-05-05 06:13:42,427] {logging_mixin.py:115} INFO - [2022-05-05 06:13:42,426] {dag.py:2919} INFO - Setting next_dagrun for tutorial to 2022-05-04T06:13:42.426679+00:00, run_after=2022-05-05T06:13:42.426679+00:00
[2022-05-05 06:13:42,442] {processor.py:161} INFO - Processing /home/airflow/.local/lib/python3.7/site-packages/airflow/example_dags/tutorial.py took 0.224 seconds
[2022-05-05 06:14:12,554] {processor.py:153} INFO - Started process (PID=2425) to work on /home/airflow/.local/lib/python3.7/site-packages/airflow/example_dags/tutorial.py
[2022-05-05 06:14:12,554] {processor.py:641} INFO - Processing file /home/airflow/.local/lib/python3.7/site-packages/airflow/example_dags/tutorial.py for tasks to queue
[2022-05-05 06:14:12,555] {logging_mixin.py:115} INFO - [2022-05-05 06:14:12,555] {dagbag.py:507} INFO - Filling up the DagBag from /home/airflow/.local/lib/python3.7/site-packages/airflow/example_dags/tutorial.py
[2022-05-05 06:14:12,559] {processor.py:651} INFO - DAG(s) dict_keys(['tutorial']) retrieved from /home/airflow/.local/lib/python3.7/site-packages/airflow/example_dags/tutorial.py
[2022-05-05 06:14:12,585] {logging_mixin.py:115} INFO - [2022-05-05 06:14:12,585] {dag.py:2371} INFO - Sync 1 DAGs
[2022-05-05 06:14:12,608] {logging_mixin.py:115} INFO - [2022-05-05 06:14:12,607] {dag.py:2919} INFO - Setting next_dagrun for tutorial to 2022-05-04T06:14:12.607740+00:00, run_after=2022-05-05T06:14:12.607740+00:00
[2022-05-05 06:14:12,622] {processor.py:161} INFO - Processing /home/airflow/.local/lib/python3.7/site-packages/airflow/example_dags/tutorial.py took 0.071 seconds
[2022-05-05 06:14:43,279] {processor.py:153} INFO - Started process (PID=2486) to work on /home/airflow/.local/lib/python3.7/site-packages/airflow/example_dags/tutorial.py
[2022-05-05 06:14:43,280] {processor.py:641} INFO - Processing file /home/airflow/.local/lib/python3.7/site-packages/airflow/example_dags/tutorial.py for tasks to queue
[2022-05-05 06:14:43,280] {logging_mixin.py:115} INFO - [2022-05-05 06:14:43,280] {dagbag.py:507} INFO - Filling up the DagBag from /home/airflow/.local/lib/python3.7/site-packages/airflow/example_dags/tutorial.py
[2022-05-05 06:14:43,285] {processor.py:651} INFO - DAG(s) dict_keys(['tutorial']) retrieved from /home/airflow/.local/lib/python3.7/site-packages/airflow/example_dags/tutorial.py
[2022-05-05 06:14:43,311] {logging_mixin.py:115} INFO - [2022-05-05 06:14:43,311] {dag.py:2371} INFO - Sync 1 DAGs
[2022-05-05 06:14:43,333] {logging_mixin.py:115} INFO - [2022-05-05 06:14:43,333] {dag.py:2919} INFO - Setting next_dagrun for tutorial to 2022-05-04T06:14:43.332778+00:00, run_after=2022-05-05T06:14:43.332778+00:00
[2022-05-05 06:14:43,348] {processor.py:161} INFO - Processing /home/airflow/.local/lib/python3.7/site-packages/airflow/example_dags/tutorial.py took 0.072 seconds
[2022-05-05 06:15:13,965] {processor.py:153} INFO - Started process (PID=2539) to work on /home/airflow/.local/lib/python3.7/site-packages/airflow/example_dags/tutorial.py
[2022-05-05 06:15:13,965] {processor.py:641} INFO - Processing file /home/airflow/.local/lib/python3.7/site-packages/airflow/example_dags/tutorial.py for tasks to queue
[2022-05-05 06:15:13,966] {logging_mixin.py:115} INFO - [2022-05-05 06:15:13,966] {dagbag.py:507} INFO - Filling up the DagBag from /home/airflow/.local/lib/python3.7/site-packages/airflow/example_dags/tutorial.py
[2022-05-05 06:15:13,972] {processor.py:651} INFO - DAG(s) dict_keys(['tutorial']) retrieved from /home/airflow/.local/lib/python3.7/site-packages/airflow/example_dags/tutorial.py
[2022-05-05 06:15:13,994] {logging_mixin.py:115} INFO - [2022-05-05 06:15:13,994] {dag.py:2371} INFO - Sync 1 DAGs
[2022-05-05 06:15:14,015] {logging_mixin.py:115} INFO - [2022-05-05 06:15:14,015] {dag.py:2919} INFO - Setting next_dagrun for tutorial to 2022-05-04T06:15:14.014905+00:00, run_after=2022-05-05T06:15:14.014905+00:00
[2022-05-05 06:15:14,029] {processor.py:161} INFO - Processing /home/airflow/.local/lib/python3.7/site-packages/airflow/example_dags/tutorial.py took 0.067 seconds
[2022-05-05 06:15:44,826] {processor.py:153} INFO - Started process (PID=2601) to work on /home/airflow/.local/lib/python3.7/site-packages/airflow/example_dags/tutorial.py
[2022-05-05 06:15:44,827] {processor.py:641} INFO - Processing file /home/airflow/.local/lib/python3.7/site-packages/airflow/example_dags/tutorial.py for tasks to queue
[2022-05-05 06:15:44,828] {logging_mixin.py:115} INFO - [2022-05-05 06:15:44,828] {dagbag.py:507} INFO - Filling up the DagBag from /home/airflow/.local/lib/python3.7/site-packages/airflow/example_dags/tutorial.py
[2022-05-05 06:15:44,832] {processor.py:651} INFO - DAG(s) dict_keys(['tutorial']) retrieved from /home/airflow/.local/lib/python3.7/site-packages/airflow/example_dags/tutorial.py
[2022-05-05 06:15:44,863] {logging_mixin.py:115} INFO - [2022-05-05 06:15:44,863] {dag.py:2371} INFO - Sync 1 DAGs
[2022-05-05 06:15:44,890] {logging_mixin.py:115} INFO - [2022-05-05 06:15:44,890] {dag.py:2919} INFO - Setting next_dagrun for tutorial to 2022-05-04T06:15:44.890363+00:00, run_after=2022-05-05T06:15:44.890363+00:00
[2022-05-05 06:15:44,906] {processor.py:161} INFO - Processing /home/airflow/.local/lib/python3.7/site-packages/airflow/example_dags/tutorial.py took 0.082 seconds
[2022-05-05 06:16:15,462] {processor.py:153} INFO - Started process (PID=2664) to work on /home/airflow/.local/lib/python3.7/site-packages/airflow/example_dags/tutorial.py
[2022-05-05 06:16:15,462] {processor.py:641} INFO - Processing file /home/airflow/.local/lib/python3.7/site-packages/airflow/example_dags/tutorial.py for tasks to queue
[2022-05-05 06:16:15,462] {logging_mixin.py:115} INFO - [2022-05-05 06:16:15,462] {dagbag.py:507} INFO - Filling up the DagBag from /home/airflow/.local/lib/python3.7/site-packages/airflow/example_dags/tutorial.py
[2022-05-05 06:16:15,468] {processor.py:651} INFO - DAG(s) dict_keys(['tutorial']) retrieved from /home/airflow/.local/lib/python3.7/site-packages/airflow/example_dags/tutorial.py
[2022-05-05 06:16:15,493] {logging_mixin.py:115} INFO - [2022-05-05 06:16:15,493] {dag.py:2371} INFO - Sync 1 DAGs
[2022-05-05 06:16:15,513] {logging_mixin.py:115} INFO - [2022-05-05 06:16:15,513] {dag.py:2919} INFO - Setting next_dagrun for tutorial to 2022-05-04T06:16:15.513389+00:00, run_after=2022-05-05T06:16:15.513389+00:00
[2022-05-05 06:16:15,529] {processor.py:161} INFO - Processing /home/airflow/.local/lib/python3.7/site-packages/airflow/example_dags/tutorial.py took 0.070 seconds
[2022-05-05 06:16:46,256] {processor.py:153} INFO - Started process (PID=2717) to work on /home/airflow/.local/lib/python3.7/site-packages/airflow/example_dags/tutorial.py
[2022-05-05 06:16:46,256] {processor.py:641} INFO - Processing file /home/airflow/.local/lib/python3.7/site-packages/airflow/example_dags/tutorial.py for tasks to queue
[2022-05-05 06:16:46,257] {logging_mixin.py:115} INFO - [2022-05-05 06:16:46,257] {dagbag.py:507} INFO - Filling up the DagBag from /home/airflow/.local/lib/python3.7/site-packages/airflow/example_dags/tutorial.py
[2022-05-05 06:16:46,262] {processor.py:651} INFO - DAG(s) dict_keys(['tutorial']) retrieved from /home/airflow/.local/lib/python3.7/site-packages/airflow/example_dags/tutorial.py
[2022-05-05 06:16:46,286] {logging_mixin.py:115} INFO - [2022-05-05 06:16:46,286] {dag.py:2371} INFO - Sync 1 DAGs
[2022-05-05 06:16:46,309] {logging_mixin.py:115} INFO - [2022-05-05 06:16:46,309] {dag.py:2919} INFO - Setting next_dagrun for tutorial to 2022-05-04T06:16:46.309231+00:00, run_after=2022-05-05T06:16:46.309231+00:00
[2022-05-05 06:16:46,324] {processor.py:161} INFO - Processing /home/airflow/.local/lib/python3.7/site-packages/airflow/example_dags/tutorial.py took 0.071 seconds
[2022-05-05 06:17:16,933] {processor.py:153} INFO - Started process (PID=2780) to work on /home/airflow/.local/lib/python3.7/site-packages/airflow/example_dags/tutorial.py
[2022-05-05 06:17:16,933] {processor.py:641} INFO - Processing file /home/airflow/.local/lib/python3.7/site-packages/airflow/example_dags/tutorial.py for tasks to queue
[2022-05-05 06:17:16,934] {logging_mixin.py:115} INFO - [2022-05-05 06:17:16,934] {dagbag.py:507} INFO - Filling up the DagBag from /home/airflow/.local/lib/python3.7/site-packages/airflow/example_dags/tutorial.py
[2022-05-05 06:17:16,941] {processor.py:651} INFO - DAG(s) dict_keys(['tutorial']) retrieved from /home/airflow/.local/lib/python3.7/site-packages/airflow/example_dags/tutorial.py
[2022-05-05 06:17:16,965] {logging_mixin.py:115} INFO - [2022-05-05 06:17:16,965] {dag.py:2371} INFO - Sync 1 DAGs
[2022-05-05 06:17:16,988] {logging_mixin.py:115} INFO - [2022-05-05 06:17:16,988] {dag.py:2919} INFO - Setting next_dagrun for tutorial to 2022-05-04T06:17:16.987962+00:00, run_after=2022-05-05T06:17:16.987962+00:00
[2022-05-05 06:17:17,004] {processor.py:161} INFO - Processing /home/airflow/.local/lib/python3.7/site-packages/airflow/example_dags/tutorial.py took 0.073 seconds
[2022-05-05 06:17:47,531] {processor.py:153} INFO - Started process (PID=2842) to work on /home/airflow/.local/lib/python3.7/site-packages/airflow/example_dags/tutorial.py
[2022-05-05 06:17:47,532] {processor.py:641} INFO - Processing file /home/airflow/.local/lib/python3.7/site-packages/airflow/example_dags/tutorial.py for tasks to queue
[2022-05-05 06:17:47,533] {logging_mixin.py:115} INFO - [2022-05-05 06:17:47,533] {dagbag.py:507} INFO - Filling up the DagBag from /home/airflow/.local/lib/python3.7/site-packages/airflow/example_dags/tutorial.py
[2022-05-05 06:17:47,538] {processor.py:651} INFO - DAG(s) dict_keys(['tutorial']) retrieved from /home/airflow/.local/lib/python3.7/site-packages/airflow/example_dags/tutorial.py
[2022-05-05 06:17:47,563] {logging_mixin.py:115} INFO - [2022-05-05 06:17:47,563] {dag.py:2371} INFO - Sync 1 DAGs
[2022-05-05 06:17:47,587] {logging_mixin.py:115} INFO - [2022-05-05 06:17:47,587] {dag.py:2919} INFO - Setting next_dagrun for tutorial to 2022-05-04T06:17:47.587542+00:00, run_after=2022-05-05T06:17:47.587542+00:00
[2022-05-05 06:17:47,602] {processor.py:161} INFO - Processing /home/airflow/.local/lib/python3.7/site-packages/airflow/example_dags/tutorial.py took 0.073 seconds
[2022-05-05 06:18:18,327] {processor.py:153} INFO - Started process (PID=2894) to work on /home/airflow/.local/lib/python3.7/site-packages/airflow/example_dags/tutorial.py
[2022-05-05 06:18:18,328] {processor.py:641} INFO - Processing file /home/airflow/.local/lib/python3.7/site-packages/airflow/example_dags/tutorial.py for tasks to queue
[2022-05-05 06:18:18,329] {logging_mixin.py:115} INFO - [2022-05-05 06:18:18,328] {dagbag.py:507} INFO - Filling up the DagBag from /home/airflow/.local/lib/python3.7/site-packages/airflow/example_dags/tutorial.py
[2022-05-05 06:18:18,337] {processor.py:651} INFO - DAG(s) dict_keys(['tutorial']) retrieved from /home/airflow/.local/lib/python3.7/site-packages/airflow/example_dags/tutorial.py
[2022-05-05 06:18:18,367] {logging_mixin.py:115} INFO - [2022-05-05 06:18:18,367] {dag.py:2371} INFO - Sync 1 DAGs
[2022-05-05 06:18:18,390] {logging_mixin.py:115} INFO - [2022-05-05 06:18:18,390] {dag.py:2919} INFO - Setting next_dagrun for tutorial to 2022-05-04T06:18:18.390652+00:00, run_after=2022-05-05T06:18:18.390652+00:00
[2022-05-05 06:18:18,406] {processor.py:161} INFO - Processing /home/airflow/.local/lib/python3.7/site-packages/airflow/example_dags/tutorial.py took 0.082 seconds
[2022-05-05 06:18:48,969] {processor.py:153} INFO - Started process (PID=2958) to work on /home/airflow/.local/lib/python3.7/site-packages/airflow/example_dags/tutorial.py
[2022-05-05 06:18:48,970] {processor.py:641} INFO - Processing file /home/airflow/.local/lib/python3.7/site-packages/airflow/example_dags/tutorial.py for tasks to queue
[2022-05-05 06:18:48,970] {logging_mixin.py:115} INFO - [2022-05-05 06:18:48,970] {dagbag.py:507} INFO - Filling up the DagBag from /home/airflow/.local/lib/python3.7/site-packages/airflow/example_dags/tutorial.py
[2022-05-05 06:18:48,974] {processor.py:651} INFO - DAG(s) dict_keys(['tutorial']) retrieved from /home/airflow/.local/lib/python3.7/site-packages/airflow/example_dags/tutorial.py
[2022-05-05 06:18:48,998] {logging_mixin.py:115} INFO - [2022-05-05 06:18:48,998] {dag.py:2371} INFO - Sync 1 DAGs
[2022-05-05 06:18:49,021] {logging_mixin.py:115} INFO - [2022-05-05 06:18:49,021] {dag.py:2919} INFO - Setting next_dagrun for tutorial to 2022-05-04T06:18:49.020826+00:00, run_after=2022-05-05T06:18:49.020826+00:00
[2022-05-05 06:18:49,035] {processor.py:161} INFO - Processing /home/airflow/.local/lib/python3.7/site-packages/airflow/example_dags/tutorial.py took 0.068 seconds
[2022-05-05 06:19:19,759] {processor.py:153} INFO - Started process (PID=3020) to work on /home/airflow/.local/lib/python3.7/site-packages/airflow/example_dags/tutorial.py
[2022-05-05 06:19:19,759] {processor.py:641} INFO - Processing file /home/airflow/.local/lib/python3.7/site-packages/airflow/example_dags/tutorial.py for tasks to queue
[2022-05-05 06:19:19,759] {logging_mixin.py:115} INFO - [2022-05-05 06:19:19,759] {dagbag.py:507} INFO - Filling up the DagBag from /home/airflow/.local/lib/python3.7/site-packages/airflow/example_dags/tutorial.py
[2022-05-05 06:19:19,764] {processor.py:651} INFO - DAG(s) dict_keys(['tutorial']) retrieved from /home/airflow/.local/lib/python3.7/site-packages/airflow/example_dags/tutorial.py
[2022-05-05 06:19:19,786] {logging_mixin.py:115} INFO - [2022-05-05 06:19:19,786] {dag.py:2371} INFO - Sync 1 DAGs
[2022-05-05 06:19:19,809] {logging_mixin.py:115} INFO - [2022-05-05 06:19:19,809] {dag.py:2919} INFO - Setting next_dagrun for tutorial to 2022-05-04T06:19:19.809237+00:00, run_after=2022-05-05T06:19:19.809237+00:00
[2022-05-05 06:19:19,825] {processor.py:161} INFO - Processing /home/airflow/.local/lib/python3.7/site-packages/airflow/example_dags/tutorial.py took 0.068 seconds
[2022-05-05 06:19:50,547] {processor.py:153} INFO - Started process (PID=3074) to work on /home/airflow/.local/lib/python3.7/site-packages/airflow/example_dags/tutorial.py
[2022-05-05 06:19:50,548] {processor.py:641} INFO - Processing file /home/airflow/.local/lib/python3.7/site-packages/airflow/example_dags/tutorial.py for tasks to queue
[2022-05-05 06:19:50,549] {logging_mixin.py:115} INFO - [2022-05-05 06:19:50,549] {dagbag.py:507} INFO - Filling up the DagBag from /home/airflow/.local/lib/python3.7/site-packages/airflow/example_dags/tutorial.py
[2022-05-05 06:19:50,556] {processor.py:651} INFO - DAG(s) dict_keys(['tutorial']) retrieved from /home/airflow/.local/lib/python3.7/site-packages/airflow/example_dags/tutorial.py
[2022-05-05 06:19:50,582] {logging_mixin.py:115} INFO - [2022-05-05 06:19:50,582] {dag.py:2371} INFO - Sync 1 DAGs
[2022-05-05 06:19:50,603] {logging_mixin.py:115} INFO - [2022-05-05 06:19:50,603] {dag.py:2919} INFO - Setting next_dagrun for tutorial to 2022-05-04T06:19:50.603503+00:00, run_after=2022-05-05T06:19:50.603503+00:00
[2022-05-05 06:19:50,620] {processor.py:161} INFO - Processing /home/airflow/.local/lib/python3.7/site-packages/airflow/example_dags/tutorial.py took 0.076 seconds
[2022-05-05 06:20:21,601] {processor.py:153} INFO - Started process (PID=3138) to work on /home/airflow/.local/lib/python3.7/site-packages/airflow/example_dags/tutorial.py
[2022-05-05 06:20:21,601] {processor.py:641} INFO - Processing file /home/airflow/.local/lib/python3.7/site-packages/airflow/example_dags/tutorial.py for tasks to queue
[2022-05-05 06:20:21,602] {logging_mixin.py:115} INFO - [2022-05-05 06:20:21,601] {dagbag.py:507} INFO - Filling up the DagBag from /home/airflow/.local/lib/python3.7/site-packages/airflow/example_dags/tutorial.py
[2022-05-05 06:20:21,606] {processor.py:651} INFO - DAG(s) dict_keys(['tutorial']) retrieved from /home/airflow/.local/lib/python3.7/site-packages/airflow/example_dags/tutorial.py
[2022-05-05 06:20:21,634] {logging_mixin.py:115} INFO - [2022-05-05 06:20:21,634] {dag.py:2371} INFO - Sync 1 DAGs
[2022-05-05 06:20:21,654] {logging_mixin.py:115} INFO - [2022-05-05 06:20:21,654] {dag.py:2919} INFO - Setting next_dagrun for tutorial to 2022-05-04T06:20:21.654630+00:00, run_after=2022-05-05T06:20:21.654630+00:00
[2022-05-05 06:20:21,669] {processor.py:161} INFO - Processing /home/airflow/.local/lib/python3.7/site-packages/airflow/example_dags/tutorial.py took 0.071 seconds
[2022-05-05 06:20:52,288] {processor.py:153} INFO - Started process (PID=3201) to work on /home/airflow/.local/lib/python3.7/site-packages/airflow/example_dags/tutorial.py
[2022-05-05 06:20:52,289] {processor.py:641} INFO - Processing file /home/airflow/.local/lib/python3.7/site-packages/airflow/example_dags/tutorial.py for tasks to queue
[2022-05-05 06:20:52,290] {logging_mixin.py:115} INFO - [2022-05-05 06:20:52,289] {dagbag.py:507} INFO - Filling up the DagBag from /home/airflow/.local/lib/python3.7/site-packages/airflow/example_dags/tutorial.py
[2022-05-05 06:20:52,294] {processor.py:651} INFO - DAG(s) dict_keys(['tutorial']) retrieved from /home/airflow/.local/lib/python3.7/site-packages/airflow/example_dags/tutorial.py
[2022-05-05 06:20:52,321] {logging_mixin.py:115} INFO - [2022-05-05 06:20:52,321] {dag.py:2371} INFO - Sync 1 DAGs
[2022-05-05 06:20:52,350] {logging_mixin.py:115} INFO - [2022-05-05 06:20:52,350] {dag.py:2919} INFO - Setting next_dagrun for tutorial to 2022-05-04T06:20:52.350216+00:00, run_after=2022-05-05T06:20:52.350216+00:00
[2022-05-05 06:20:52,365] {processor.py:161} INFO - Processing /home/airflow/.local/lib/python3.7/site-packages/airflow/example_dags/tutorial.py took 0.080 seconds
[2022-05-05 06:21:23,122] {processor.py:153} INFO - Started process (PID=3254) to work on /home/airflow/.local/lib/python3.7/site-packages/airflow/example_dags/tutorial.py
[2022-05-05 06:21:23,123] {processor.py:641} INFO - Processing file /home/airflow/.local/lib/python3.7/site-packages/airflow/example_dags/tutorial.py for tasks to queue
[2022-05-05 06:21:23,123] {logging_mixin.py:115} INFO - [2022-05-05 06:21:23,123] {dagbag.py:507} INFO - Filling up the DagBag from /home/airflow/.local/lib/python3.7/site-packages/airflow/example_dags/tutorial.py
[2022-05-05 06:21:23,127] {processor.py:651} INFO - DAG(s) dict_keys(['tutorial']) retrieved from /home/airflow/.local/lib/python3.7/site-packages/airflow/example_dags/tutorial.py
[2022-05-05 06:21:23,151] {logging_mixin.py:115} INFO - [2022-05-05 06:21:23,151] {dag.py:2371} INFO - Sync 1 DAGs
[2022-05-05 06:21:23,176] {logging_mixin.py:115} INFO - [2022-05-05 06:21:23,176] {dag.py:2919} INFO - Setting next_dagrun for tutorial to 2022-05-04T06:21:23.175971+00:00, run_after=2022-05-05T06:21:23.175971+00:00
[2022-05-05 06:21:23,191] {processor.py:161} INFO - Processing /home/airflow/.local/lib/python3.7/site-packages/airflow/example_dags/tutorial.py took 0.071 seconds
