[2022-05-05 05:41:31,057] {processor.py:153} INFO - Started process (PID=66) to work on /home/airflow/.local/lib/python3.7/site-packages/airflow/example_dags/tutorial_taskflow_api_etl.py
[2022-05-05 05:41:31,058] {processor.py:641} INFO - Processing file /home/airflow/.local/lib/python3.7/site-packages/airflow/example_dags/tutorial_taskflow_api_etl.py for tasks to queue
[2022-05-05 05:41:31,058] {logging_mixin.py:115} INFO - [2022-05-05 05:41:31,058] {dagbag.py:507} INFO - Filling up the DagBag from /home/airflow/.local/lib/python3.7/site-packages/airflow/example_dags/tutorial_taskflow_api_etl.py
[2022-05-05 05:41:31,079] {processor.py:651} INFO - DAG(s) dict_keys(['tutorial_taskflow_api_etl']) retrieved from /home/airflow/.local/lib/python3.7/site-packages/airflow/example_dags/tutorial_taskflow_api_etl.py
[2022-05-05 05:41:31,314] {logging_mixin.py:115} INFO - [2022-05-05 05:41:31,314] {manager.py:508} INFO - Created Permission View: can delete on DAG:tutorial_taskflow_api_etl
[2022-05-05 05:41:31,328] {logging_mixin.py:115} INFO - [2022-05-05 05:41:31,328] {manager.py:508} INFO - Created Permission View: can edit on DAG:tutorial_taskflow_api_etl
[2022-05-05 05:41:31,339] {logging_mixin.py:115} INFO - [2022-05-05 05:41:31,339] {manager.py:508} INFO - Created Permission View: can read on DAG:tutorial_taskflow_api_etl
[2022-05-05 05:41:31,339] {logging_mixin.py:115} INFO - [2022-05-05 05:41:31,339] {dag.py:2371} INFO - Sync 1 DAGs
[2022-05-05 05:41:31,348] {logging_mixin.py:115} INFO - [2022-05-05 05:41:31,348] {dag.py:2390} INFO - Creating ORM DAG for tutorial_taskflow_api_etl
[2022-05-05 05:41:31,364] {logging_mixin.py:115} INFO - [2022-05-05 05:41:31,364] {dag.py:2919} INFO - Setting next_dagrun for tutorial_taskflow_api_etl to None, run_after=None
[2022-05-05 05:41:31,384] {processor.py:161} INFO - Processing /home/airflow/.local/lib/python3.7/site-packages/airflow/example_dags/tutorial_taskflow_api_etl.py took 0.329 seconds
[2022-05-05 05:42:01,460] {processor.py:153} INFO - Started process (PID=127) to work on /home/airflow/.local/lib/python3.7/site-packages/airflow/example_dags/tutorial_taskflow_api_etl.py
[2022-05-05 05:42:01,461] {processor.py:641} INFO - Processing file /home/airflow/.local/lib/python3.7/site-packages/airflow/example_dags/tutorial_taskflow_api_etl.py for tasks to queue
[2022-05-05 05:42:01,461] {logging_mixin.py:115} INFO - [2022-05-05 05:42:01,461] {dagbag.py:507} INFO - Filling up the DagBag from /home/airflow/.local/lib/python3.7/site-packages/airflow/example_dags/tutorial_taskflow_api_etl.py
[2022-05-05 05:42:01,476] {processor.py:651} INFO - DAG(s) dict_keys(['tutorial_taskflow_api_etl']) retrieved from /home/airflow/.local/lib/python3.7/site-packages/airflow/example_dags/tutorial_taskflow_api_etl.py
[2022-05-05 05:42:01,553] {logging_mixin.py:115} INFO - [2022-05-05 05:42:01,552] {dag.py:2371} INFO - Sync 1 DAGs
[2022-05-05 05:42:01,708] {logging_mixin.py:115} INFO - [2022-05-05 05:42:01,708] {dag.py:2919} INFO - Setting next_dagrun for tutorial_taskflow_api_etl to None, run_after=None
[2022-05-05 05:42:01,723] {processor.py:161} INFO - Processing /home/airflow/.local/lib/python3.7/site-packages/airflow/example_dags/tutorial_taskflow_api_etl.py took 0.267 seconds
[2022-05-05 05:42:32,386] {processor.py:153} INFO - Started process (PID=179) to work on /home/airflow/.local/lib/python3.7/site-packages/airflow/example_dags/tutorial_taskflow_api_etl.py
[2022-05-05 05:42:32,388] {processor.py:641} INFO - Processing file /home/airflow/.local/lib/python3.7/site-packages/airflow/example_dags/tutorial_taskflow_api_etl.py for tasks to queue
[2022-05-05 05:42:32,388] {logging_mixin.py:115} INFO - [2022-05-05 05:42:32,388] {dagbag.py:507} INFO - Filling up the DagBag from /home/airflow/.local/lib/python3.7/site-packages/airflow/example_dags/tutorial_taskflow_api_etl.py
[2022-05-05 05:42:32,408] {processor.py:651} INFO - DAG(s) dict_keys(['tutorial_taskflow_api_etl']) retrieved from /home/airflow/.local/lib/python3.7/site-packages/airflow/example_dags/tutorial_taskflow_api_etl.py
[2022-05-05 05:42:32,588] {logging_mixin.py:115} INFO - [2022-05-05 05:42:32,588] {dag.py:2371} INFO - Sync 1 DAGs
[2022-05-05 05:42:32,611] {logging_mixin.py:115} INFO - [2022-05-05 05:42:32,611] {dag.py:2919} INFO - Setting next_dagrun for tutorial_taskflow_api_etl to None, run_after=None
[2022-05-05 05:42:32,627] {processor.py:161} INFO - Processing /home/airflow/.local/lib/python3.7/site-packages/airflow/example_dags/tutorial_taskflow_api_etl.py took 0.244 seconds
[2022-05-05 05:43:03,199] {processor.py:153} INFO - Started process (PID=242) to work on /home/airflow/.local/lib/python3.7/site-packages/airflow/example_dags/tutorial_taskflow_api_etl.py
[2022-05-05 05:43:03,200] {processor.py:641} INFO - Processing file /home/airflow/.local/lib/python3.7/site-packages/airflow/example_dags/tutorial_taskflow_api_etl.py for tasks to queue
[2022-05-05 05:43:03,201] {logging_mixin.py:115} INFO - [2022-05-05 05:43:03,200] {dagbag.py:507} INFO - Filling up the DagBag from /home/airflow/.local/lib/python3.7/site-packages/airflow/example_dags/tutorial_taskflow_api_etl.py
[2022-05-05 05:43:03,218] {processor.py:651} INFO - DAG(s) dict_keys(['tutorial_taskflow_api_etl']) retrieved from /home/airflow/.local/lib/python3.7/site-packages/airflow/example_dags/tutorial_taskflow_api_etl.py
[2022-05-05 05:43:03,244] {logging_mixin.py:115} INFO - [2022-05-05 05:43:03,244] {dag.py:2371} INFO - Sync 1 DAGs
[2022-05-05 05:43:03,370] {logging_mixin.py:115} INFO - [2022-05-05 05:43:03,370] {dag.py:2919} INFO - Setting next_dagrun for tutorial_taskflow_api_etl to None, run_after=None
[2022-05-05 05:43:03,391] {processor.py:161} INFO - Processing /home/airflow/.local/lib/python3.7/site-packages/airflow/example_dags/tutorial_taskflow_api_etl.py took 0.197 seconds
[2022-05-05 05:43:34,256] {processor.py:153} INFO - Started process (PID=304) to work on /home/airflow/.local/lib/python3.7/site-packages/airflow/example_dags/tutorial_taskflow_api_etl.py
[2022-05-05 05:43:34,257] {processor.py:641} INFO - Processing file /home/airflow/.local/lib/python3.7/site-packages/airflow/example_dags/tutorial_taskflow_api_etl.py for tasks to queue
[2022-05-05 05:43:34,258] {logging_mixin.py:115} INFO - [2022-05-05 05:43:34,258] {dagbag.py:507} INFO - Filling up the DagBag from /home/airflow/.local/lib/python3.7/site-packages/airflow/example_dags/tutorial_taskflow_api_etl.py
[2022-05-05 05:43:34,285] {processor.py:651} INFO - DAG(s) dict_keys(['tutorial_taskflow_api_etl']) retrieved from /home/airflow/.local/lib/python3.7/site-packages/airflow/example_dags/tutorial_taskflow_api_etl.py
[2022-05-05 05:43:34,332] {logging_mixin.py:115} INFO - [2022-05-05 05:43:34,332] {dag.py:2371} INFO - Sync 1 DAGs
[2022-05-05 05:43:34,526] {logging_mixin.py:115} INFO - [2022-05-05 05:43:34,525] {dag.py:2919} INFO - Setting next_dagrun for tutorial_taskflow_api_etl to None, run_after=None
[2022-05-05 05:43:34,550] {processor.py:161} INFO - Processing /home/airflow/.local/lib/python3.7/site-packages/airflow/example_dags/tutorial_taskflow_api_etl.py took 0.298 seconds
[2022-05-05 05:44:05,309] {processor.py:153} INFO - Started process (PID=356) to work on /home/airflow/.local/lib/python3.7/site-packages/airflow/example_dags/tutorial_taskflow_api_etl.py
[2022-05-05 05:44:05,309] {processor.py:641} INFO - Processing file /home/airflow/.local/lib/python3.7/site-packages/airflow/example_dags/tutorial_taskflow_api_etl.py for tasks to queue
[2022-05-05 05:44:05,310] {logging_mixin.py:115} INFO - [2022-05-05 05:44:05,309] {dagbag.py:507} INFO - Filling up the DagBag from /home/airflow/.local/lib/python3.7/site-packages/airflow/example_dags/tutorial_taskflow_api_etl.py
[2022-05-05 05:44:05,324] {processor.py:651} INFO - DAG(s) dict_keys(['tutorial_taskflow_api_etl']) retrieved from /home/airflow/.local/lib/python3.7/site-packages/airflow/example_dags/tutorial_taskflow_api_etl.py
[2022-05-05 05:44:05,503] {logging_mixin.py:115} INFO - [2022-05-05 05:44:05,502] {dag.py:2371} INFO - Sync 1 DAGs
[2022-05-05 05:44:05,524] {logging_mixin.py:115} INFO - [2022-05-05 05:44:05,524] {dag.py:2919} INFO - Setting next_dagrun for tutorial_taskflow_api_etl to None, run_after=None
[2022-05-05 05:44:05,538] {processor.py:161} INFO - Processing /home/airflow/.local/lib/python3.7/site-packages/airflow/example_dags/tutorial_taskflow_api_etl.py took 0.232 seconds
[2022-05-05 05:44:35,843] {processor.py:153} INFO - Started process (PID=420) to work on /home/airflow/.local/lib/python3.7/site-packages/airflow/example_dags/tutorial_taskflow_api_etl.py
[2022-05-05 05:44:35,843] {processor.py:641} INFO - Processing file /home/airflow/.local/lib/python3.7/site-packages/airflow/example_dags/tutorial_taskflow_api_etl.py for tasks to queue
[2022-05-05 05:44:35,844] {logging_mixin.py:115} INFO - [2022-05-05 05:44:35,844] {dagbag.py:507} INFO - Filling up the DagBag from /home/airflow/.local/lib/python3.7/site-packages/airflow/example_dags/tutorial_taskflow_api_etl.py
[2022-05-05 05:44:35,859] {processor.py:651} INFO - DAG(s) dict_keys(['tutorial_taskflow_api_etl']) retrieved from /home/airflow/.local/lib/python3.7/site-packages/airflow/example_dags/tutorial_taskflow_api_etl.py
[2022-05-05 05:44:35,884] {logging_mixin.py:115} INFO - [2022-05-05 05:44:35,884] {dag.py:2371} INFO - Sync 1 DAGs
[2022-05-05 05:44:36,014] {logging_mixin.py:115} INFO - [2022-05-05 05:44:36,014] {dag.py:2919} INFO - Setting next_dagrun for tutorial_taskflow_api_etl to None, run_after=None
[2022-05-05 05:44:36,026] {processor.py:161} INFO - Processing /home/airflow/.local/lib/python3.7/site-packages/airflow/example_dags/tutorial_taskflow_api_etl.py took 0.186 seconds
[2022-05-05 05:45:06,399] {processor.py:153} INFO - Started process (PID=481) to work on /home/airflow/.local/lib/python3.7/site-packages/airflow/example_dags/tutorial_taskflow_api_etl.py
[2022-05-05 05:45:06,400] {processor.py:641} INFO - Processing file /home/airflow/.local/lib/python3.7/site-packages/airflow/example_dags/tutorial_taskflow_api_etl.py for tasks to queue
[2022-05-05 05:45:06,400] {logging_mixin.py:115} INFO - [2022-05-05 05:45:06,400] {dagbag.py:507} INFO - Filling up the DagBag from /home/airflow/.local/lib/python3.7/site-packages/airflow/example_dags/tutorial_taskflow_api_etl.py
[2022-05-05 05:45:06,418] {processor.py:651} INFO - DAG(s) dict_keys(['tutorial_taskflow_api_etl']) retrieved from /home/airflow/.local/lib/python3.7/site-packages/airflow/example_dags/tutorial_taskflow_api_etl.py
[2022-05-05 05:45:06,602] {logging_mixin.py:115} INFO - [2022-05-05 05:45:06,602] {dag.py:2371} INFO - Sync 1 DAGs
[2022-05-05 05:45:06,622] {logging_mixin.py:115} INFO - [2022-05-05 05:45:06,622] {dag.py:2919} INFO - Setting next_dagrun for tutorial_taskflow_api_etl to None, run_after=None
[2022-05-05 05:45:06,639] {processor.py:161} INFO - Processing /home/airflow/.local/lib/python3.7/site-packages/airflow/example_dags/tutorial_taskflow_api_etl.py took 0.243 seconds
[2022-05-05 05:45:36,737] {processor.py:153} INFO - Started process (PID=535) to work on /home/airflow/.local/lib/python3.7/site-packages/airflow/example_dags/tutorial_taskflow_api_etl.py
[2022-05-05 05:45:36,738] {processor.py:641} INFO - Processing file /home/airflow/.local/lib/python3.7/site-packages/airflow/example_dags/tutorial_taskflow_api_etl.py for tasks to queue
[2022-05-05 05:45:36,739] {logging_mixin.py:115} INFO - [2022-05-05 05:45:36,739] {dagbag.py:507} INFO - Filling up the DagBag from /home/airflow/.local/lib/python3.7/site-packages/airflow/example_dags/tutorial_taskflow_api_etl.py
[2022-05-05 05:45:36,753] {processor.py:651} INFO - DAG(s) dict_keys(['tutorial_taskflow_api_etl']) retrieved from /home/airflow/.local/lib/python3.7/site-packages/airflow/example_dags/tutorial_taskflow_api_etl.py
[2022-05-05 05:45:36,917] {logging_mixin.py:115} INFO - [2022-05-05 05:45:36,917] {dag.py:2371} INFO - Sync 1 DAGs
[2022-05-05 05:45:36,946] {logging_mixin.py:115} INFO - [2022-05-05 05:45:36,946] {dag.py:2919} INFO - Setting next_dagrun for tutorial_taskflow_api_etl to None, run_after=None
[2022-05-05 05:45:36,965] {processor.py:161} INFO - Processing /home/airflow/.local/lib/python3.7/site-packages/airflow/example_dags/tutorial_taskflow_api_etl.py took 0.230 seconds
[2022-05-05 05:46:07,219] {processor.py:153} INFO - Started process (PID=597) to work on /home/airflow/.local/lib/python3.7/site-packages/airflow/example_dags/tutorial_taskflow_api_etl.py
[2022-05-05 05:46:07,220] {processor.py:641} INFO - Processing file /home/airflow/.local/lib/python3.7/site-packages/airflow/example_dags/tutorial_taskflow_api_etl.py for tasks to queue
[2022-05-05 05:46:07,221] {logging_mixin.py:115} INFO - [2022-05-05 05:46:07,221] {dagbag.py:507} INFO - Filling up the DagBag from /home/airflow/.local/lib/python3.7/site-packages/airflow/example_dags/tutorial_taskflow_api_etl.py
[2022-05-05 05:46:07,237] {processor.py:651} INFO - DAG(s) dict_keys(['tutorial_taskflow_api_etl']) retrieved from /home/airflow/.local/lib/python3.7/site-packages/airflow/example_dags/tutorial_taskflow_api_etl.py
[2022-05-05 05:46:07,429] {logging_mixin.py:115} INFO - [2022-05-05 05:46:07,429] {dag.py:2371} INFO - Sync 1 DAGs
[2022-05-05 05:46:07,449] {logging_mixin.py:115} INFO - [2022-05-05 05:46:07,449] {dag.py:2919} INFO - Setting next_dagrun for tutorial_taskflow_api_etl to None, run_after=None
[2022-05-05 05:46:07,466] {processor.py:161} INFO - Processing /home/airflow/.local/lib/python3.7/site-packages/airflow/example_dags/tutorial_taskflow_api_etl.py took 0.250 seconds
[2022-05-05 05:46:37,759] {processor.py:153} INFO - Started process (PID=660) to work on /home/airflow/.local/lib/python3.7/site-packages/airflow/example_dags/tutorial_taskflow_api_etl.py
[2022-05-05 05:46:37,761] {processor.py:641} INFO - Processing file /home/airflow/.local/lib/python3.7/site-packages/airflow/example_dags/tutorial_taskflow_api_etl.py for tasks to queue
[2022-05-05 05:46:37,762] {logging_mixin.py:115} INFO - [2022-05-05 05:46:37,761] {dagbag.py:507} INFO - Filling up the DagBag from /home/airflow/.local/lib/python3.7/site-packages/airflow/example_dags/tutorial_taskflow_api_etl.py
[2022-05-05 05:46:37,780] {processor.py:651} INFO - DAG(s) dict_keys(['tutorial_taskflow_api_etl']) retrieved from /home/airflow/.local/lib/python3.7/site-packages/airflow/example_dags/tutorial_taskflow_api_etl.py
[2022-05-05 05:46:37,960] {logging_mixin.py:115} INFO - [2022-05-05 05:46:37,960] {dag.py:2371} INFO - Sync 1 DAGs
[2022-05-05 05:46:37,980] {logging_mixin.py:115} INFO - [2022-05-05 05:46:37,980] {dag.py:2919} INFO - Setting next_dagrun for tutorial_taskflow_api_etl to None, run_after=None
[2022-05-05 05:46:37,996] {processor.py:161} INFO - Processing /home/airflow/.local/lib/python3.7/site-packages/airflow/example_dags/tutorial_taskflow_api_etl.py took 0.239 seconds
[2022-05-05 05:47:08,394] {processor.py:153} INFO - Started process (PID=713) to work on /home/airflow/.local/lib/python3.7/site-packages/airflow/example_dags/tutorial_taskflow_api_etl.py
[2022-05-05 05:47:08,394] {processor.py:641} INFO - Processing file /home/airflow/.local/lib/python3.7/site-packages/airflow/example_dags/tutorial_taskflow_api_etl.py for tasks to queue
[2022-05-05 05:47:08,394] {logging_mixin.py:115} INFO - [2022-05-05 05:47:08,394] {dagbag.py:507} INFO - Filling up the DagBag from /home/airflow/.local/lib/python3.7/site-packages/airflow/example_dags/tutorial_taskflow_api_etl.py
[2022-05-05 05:47:08,410] {processor.py:651} INFO - DAG(s) dict_keys(['tutorial_taskflow_api_etl']) retrieved from /home/airflow/.local/lib/python3.7/site-packages/airflow/example_dags/tutorial_taskflow_api_etl.py
[2022-05-05 05:47:08,531] {logging_mixin.py:115} INFO - [2022-05-05 05:47:08,531] {dag.py:2371} INFO - Sync 1 DAGs
[2022-05-05 05:47:08,549] {logging_mixin.py:115} INFO - [2022-05-05 05:47:08,549] {dag.py:2919} INFO - Setting next_dagrun for tutorial_taskflow_api_etl to None, run_after=None
[2022-05-05 05:47:08,563] {processor.py:161} INFO - Processing /home/airflow/.local/lib/python3.7/site-packages/airflow/example_dags/tutorial_taskflow_api_etl.py took 0.171 seconds
[2022-05-05 05:47:39,023] {processor.py:153} INFO - Started process (PID=776) to work on /home/airflow/.local/lib/python3.7/site-packages/airflow/example_dags/tutorial_taskflow_api_etl.py
[2022-05-05 05:47:39,024] {processor.py:641} INFO - Processing file /home/airflow/.local/lib/python3.7/site-packages/airflow/example_dags/tutorial_taskflow_api_etl.py for tasks to queue
[2022-05-05 05:47:39,024] {logging_mixin.py:115} INFO - [2022-05-05 05:47:39,024] {dagbag.py:507} INFO - Filling up the DagBag from /home/airflow/.local/lib/python3.7/site-packages/airflow/example_dags/tutorial_taskflow_api_etl.py
[2022-05-05 05:47:39,043] {processor.py:651} INFO - DAG(s) dict_keys(['tutorial_taskflow_api_etl']) retrieved from /home/airflow/.local/lib/python3.7/site-packages/airflow/example_dags/tutorial_taskflow_api_etl.py
[2022-05-05 05:47:39,244] {logging_mixin.py:115} INFO - [2022-05-05 05:47:39,244] {dag.py:2371} INFO - Sync 1 DAGs
[2022-05-05 05:47:39,265] {logging_mixin.py:115} INFO - [2022-05-05 05:47:39,265] {dag.py:2919} INFO - Setting next_dagrun for tutorial_taskflow_api_etl to None, run_after=None
[2022-05-05 05:47:39,282] {processor.py:161} INFO - Processing /home/airflow/.local/lib/python3.7/site-packages/airflow/example_dags/tutorial_taskflow_api_etl.py took 0.262 seconds
[2022-05-05 05:48:09,888] {processor.py:153} INFO - Started process (PID=837) to work on /home/airflow/.local/lib/python3.7/site-packages/airflow/example_dags/tutorial_taskflow_api_etl.py
[2022-05-05 05:48:09,888] {processor.py:641} INFO - Processing file /home/airflow/.local/lib/python3.7/site-packages/airflow/example_dags/tutorial_taskflow_api_etl.py for tasks to queue
[2022-05-05 05:48:09,889] {logging_mixin.py:115} INFO - [2022-05-05 05:48:09,889] {dagbag.py:507} INFO - Filling up the DagBag from /home/airflow/.local/lib/python3.7/site-packages/airflow/example_dags/tutorial_taskflow_api_etl.py
[2022-05-05 05:48:09,915] {processor.py:651} INFO - DAG(s) dict_keys(['tutorial_taskflow_api_etl']) retrieved from /home/airflow/.local/lib/python3.7/site-packages/airflow/example_dags/tutorial_taskflow_api_etl.py
[2022-05-05 05:48:10,144] {logging_mixin.py:115} INFO - [2022-05-05 05:48:10,143] {dag.py:2371} INFO - Sync 1 DAGs
[2022-05-05 05:48:10,165] {logging_mixin.py:115} INFO - [2022-05-05 05:48:10,165] {dag.py:2919} INFO - Setting next_dagrun for tutorial_taskflow_api_etl to None, run_after=None
[2022-05-05 05:48:10,180] {processor.py:161} INFO - Processing /home/airflow/.local/lib/python3.7/site-packages/airflow/example_dags/tutorial_taskflow_api_etl.py took 0.295 seconds
[2022-05-05 05:48:40,684] {processor.py:153} INFO - Started process (PID=889) to work on /home/airflow/.local/lib/python3.7/site-packages/airflow/example_dags/tutorial_taskflow_api_etl.py
[2022-05-05 05:48:40,685] {processor.py:641} INFO - Processing file /home/airflow/.local/lib/python3.7/site-packages/airflow/example_dags/tutorial_taskflow_api_etl.py for tasks to queue
[2022-05-05 05:48:40,685] {logging_mixin.py:115} INFO - [2022-05-05 05:48:40,685] {dagbag.py:507} INFO - Filling up the DagBag from /home/airflow/.local/lib/python3.7/site-packages/airflow/example_dags/tutorial_taskflow_api_etl.py
[2022-05-05 05:48:40,708] {processor.py:651} INFO - DAG(s) dict_keys(['tutorial_taskflow_api_etl']) retrieved from /home/airflow/.local/lib/python3.7/site-packages/airflow/example_dags/tutorial_taskflow_api_etl.py
[2022-05-05 05:48:40,832] {logging_mixin.py:115} INFO - [2022-05-05 05:48:40,832] {dag.py:2371} INFO - Sync 1 DAGs
[2022-05-05 05:48:40,852] {logging_mixin.py:115} INFO - [2022-05-05 05:48:40,852] {dag.py:2919} INFO - Setting next_dagrun for tutorial_taskflow_api_etl to None, run_after=None
[2022-05-05 05:48:40,865] {processor.py:161} INFO - Processing /home/airflow/.local/lib/python3.7/site-packages/airflow/example_dags/tutorial_taskflow_api_etl.py took 0.184 seconds
[2022-05-05 05:49:11,228] {processor.py:153} INFO - Started process (PID=953) to work on /home/airflow/.local/lib/python3.7/site-packages/airflow/example_dags/tutorial_taskflow_api_etl.py
[2022-05-05 05:49:11,228] {processor.py:641} INFO - Processing file /home/airflow/.local/lib/python3.7/site-packages/airflow/example_dags/tutorial_taskflow_api_etl.py for tasks to queue
[2022-05-05 05:49:11,229] {logging_mixin.py:115} INFO - [2022-05-05 05:49:11,229] {dagbag.py:507} INFO - Filling up the DagBag from /home/airflow/.local/lib/python3.7/site-packages/airflow/example_dags/tutorial_taskflow_api_etl.py
[2022-05-05 05:49:11,244] {processor.py:651} INFO - DAG(s) dict_keys(['tutorial_taskflow_api_etl']) retrieved from /home/airflow/.local/lib/python3.7/site-packages/airflow/example_dags/tutorial_taskflow_api_etl.py
[2022-05-05 05:49:11,409] {logging_mixin.py:115} INFO - [2022-05-05 05:49:11,409] {dag.py:2371} INFO - Sync 1 DAGs
[2022-05-05 05:49:11,427] {logging_mixin.py:115} INFO - [2022-05-05 05:49:11,427] {dag.py:2919} INFO - Setting next_dagrun for tutorial_taskflow_api_etl to None, run_after=None
[2022-05-05 05:49:11,442] {processor.py:161} INFO - Processing /home/airflow/.local/lib/python3.7/site-packages/airflow/example_dags/tutorial_taskflow_api_etl.py took 0.216 seconds
[2022-05-05 05:49:41,881] {processor.py:153} INFO - Started process (PID=1016) to work on /home/airflow/.local/lib/python3.7/site-packages/airflow/example_dags/tutorial_taskflow_api_etl.py
[2022-05-05 05:49:41,882] {processor.py:641} INFO - Processing file /home/airflow/.local/lib/python3.7/site-packages/airflow/example_dags/tutorial_taskflow_api_etl.py for tasks to queue
[2022-05-05 05:49:41,883] {logging_mixin.py:115} INFO - [2022-05-05 05:49:41,882] {dagbag.py:507} INFO - Filling up the DagBag from /home/airflow/.local/lib/python3.7/site-packages/airflow/example_dags/tutorial_taskflow_api_etl.py
[2022-05-05 05:49:41,900] {processor.py:651} INFO - DAG(s) dict_keys(['tutorial_taskflow_api_etl']) retrieved from /home/airflow/.local/lib/python3.7/site-packages/airflow/example_dags/tutorial_taskflow_api_etl.py
[2022-05-05 05:49:42,084] {logging_mixin.py:115} INFO - [2022-05-05 05:49:42,084] {dag.py:2371} INFO - Sync 1 DAGs
[2022-05-05 05:49:42,104] {logging_mixin.py:115} INFO - [2022-05-05 05:49:42,104] {dag.py:2919} INFO - Setting next_dagrun for tutorial_taskflow_api_etl to None, run_after=None
[2022-05-05 05:49:42,120] {processor.py:161} INFO - Processing /home/airflow/.local/lib/python3.7/site-packages/airflow/example_dags/tutorial_taskflow_api_etl.py took 0.241 seconds
[2022-05-05 05:50:12,474] {processor.py:153} INFO - Started process (PID=1069) to work on /home/airflow/.local/lib/python3.7/site-packages/airflow/example_dags/tutorial_taskflow_api_etl.py
[2022-05-05 05:50:12,474] {processor.py:641} INFO - Processing file /home/airflow/.local/lib/python3.7/site-packages/airflow/example_dags/tutorial_taskflow_api_etl.py for tasks to queue
[2022-05-05 05:50:12,475] {logging_mixin.py:115} INFO - [2022-05-05 05:50:12,474] {dagbag.py:507} INFO - Filling up the DagBag from /home/airflow/.local/lib/python3.7/site-packages/airflow/example_dags/tutorial_taskflow_api_etl.py
[2022-05-05 05:50:12,491] {processor.py:651} INFO - DAG(s) dict_keys(['tutorial_taskflow_api_etl']) retrieved from /home/airflow/.local/lib/python3.7/site-packages/airflow/example_dags/tutorial_taskflow_api_etl.py
[2022-05-05 05:50:12,665] {logging_mixin.py:115} INFO - [2022-05-05 05:50:12,665] {dag.py:2371} INFO - Sync 1 DAGs
[2022-05-05 05:50:12,683] {logging_mixin.py:115} INFO - [2022-05-05 05:50:12,683] {dag.py:2919} INFO - Setting next_dagrun for tutorial_taskflow_api_etl to None, run_after=None
[2022-05-05 05:50:12,698] {processor.py:161} INFO - Processing /home/airflow/.local/lib/python3.7/site-packages/airflow/example_dags/tutorial_taskflow_api_etl.py took 0.227 seconds
[2022-05-05 05:50:42,721] {processor.py:153} INFO - Started process (PID=1132) to work on /home/airflow/.local/lib/python3.7/site-packages/airflow/example_dags/tutorial_taskflow_api_etl.py
[2022-05-05 05:50:42,722] {processor.py:641} INFO - Processing file /home/airflow/.local/lib/python3.7/site-packages/airflow/example_dags/tutorial_taskflow_api_etl.py for tasks to queue
[2022-05-05 05:50:42,723] {logging_mixin.py:115} INFO - [2022-05-05 05:50:42,723] {dagbag.py:507} INFO - Filling up the DagBag from /home/airflow/.local/lib/python3.7/site-packages/airflow/example_dags/tutorial_taskflow_api_etl.py
[2022-05-05 05:50:42,739] {processor.py:651} INFO - DAG(s) dict_keys(['tutorial_taskflow_api_etl']) retrieved from /home/airflow/.local/lib/python3.7/site-packages/airflow/example_dags/tutorial_taskflow_api_etl.py
[2022-05-05 05:50:42,903] {logging_mixin.py:115} INFO - [2022-05-05 05:50:42,903] {dag.py:2371} INFO - Sync 1 DAGs
[2022-05-05 05:50:42,921] {logging_mixin.py:115} INFO - [2022-05-05 05:50:42,921] {dag.py:2919} INFO - Setting next_dagrun for tutorial_taskflow_api_etl to None, run_after=None
[2022-05-05 05:50:42,937] {processor.py:161} INFO - Processing /home/airflow/.local/lib/python3.7/site-packages/airflow/example_dags/tutorial_taskflow_api_etl.py took 0.218 seconds
[2022-05-05 05:52:21,393] {processor.py:153} INFO - Started process (PID=67) to work on /home/airflow/.local/lib/python3.7/site-packages/airflow/example_dags/tutorial_taskflow_api_etl.py
[2022-05-05 05:52:21,394] {processor.py:641} INFO - Processing file /home/airflow/.local/lib/python3.7/site-packages/airflow/example_dags/tutorial_taskflow_api_etl.py for tasks to queue
[2022-05-05 05:52:21,395] {logging_mixin.py:115} INFO - [2022-05-05 05:52:21,395] {dagbag.py:507} INFO - Filling up the DagBag from /home/airflow/.local/lib/python3.7/site-packages/airflow/example_dags/tutorial_taskflow_api_etl.py
[2022-05-05 05:52:21,415] {processor.py:651} INFO - DAG(s) dict_keys(['tutorial_taskflow_api_etl']) retrieved from /home/airflow/.local/lib/python3.7/site-packages/airflow/example_dags/tutorial_taskflow_api_etl.py
[2022-05-05 05:52:21,643] {logging_mixin.py:115} INFO - [2022-05-05 05:52:21,643] {dag.py:2371} INFO - Sync 1 DAGs
[2022-05-05 05:52:21,669] {logging_mixin.py:115} INFO - [2022-05-05 05:52:21,669] {dag.py:2919} INFO - Setting next_dagrun for tutorial_taskflow_api_etl to None, run_after=None
[2022-05-05 05:52:21,689] {processor.py:161} INFO - Processing /home/airflow/.local/lib/python3.7/site-packages/airflow/example_dags/tutorial_taskflow_api_etl.py took 0.299 seconds
[2022-05-05 05:52:51,839] {processor.py:153} INFO - Started process (PID=128) to work on /home/airflow/.local/lib/python3.7/site-packages/airflow/example_dags/tutorial_taskflow_api_etl.py
[2022-05-05 05:52:51,840] {processor.py:641} INFO - Processing file /home/airflow/.local/lib/python3.7/site-packages/airflow/example_dags/tutorial_taskflow_api_etl.py for tasks to queue
[2022-05-05 05:52:51,840] {logging_mixin.py:115} INFO - [2022-05-05 05:52:51,840] {dagbag.py:507} INFO - Filling up the DagBag from /home/airflow/.local/lib/python3.7/site-packages/airflow/example_dags/tutorial_taskflow_api_etl.py
[2022-05-05 05:52:51,857] {processor.py:651} INFO - DAG(s) dict_keys(['tutorial_taskflow_api_etl']) retrieved from /home/airflow/.local/lib/python3.7/site-packages/airflow/example_dags/tutorial_taskflow_api_etl.py
[2022-05-05 05:52:52,140] {logging_mixin.py:115} INFO - [2022-05-05 05:52:52,140] {dag.py:2371} INFO - Sync 1 DAGs
[2022-05-05 05:52:52,176] {logging_mixin.py:115} INFO - [2022-05-05 05:52:52,176] {dag.py:2919} INFO - Setting next_dagrun for tutorial_taskflow_api_etl to None, run_after=None
[2022-05-05 05:52:52,211] {processor.py:161} INFO - Processing /home/airflow/.local/lib/python3.7/site-packages/airflow/example_dags/tutorial_taskflow_api_etl.py took 0.374 seconds
[2022-05-05 05:53:49,802] {processor.py:153} INFO - Started process (PID=67) to work on /home/airflow/.local/lib/python3.7/site-packages/airflow/example_dags/tutorial_taskflow_api_etl.py
[2022-05-05 05:53:49,804] {processor.py:641} INFO - Processing file /home/airflow/.local/lib/python3.7/site-packages/airflow/example_dags/tutorial_taskflow_api_etl.py for tasks to queue
[2022-05-05 05:53:49,804] {logging_mixin.py:115} INFO - [2022-05-05 05:53:49,804] {dagbag.py:507} INFO - Filling up the DagBag from /home/airflow/.local/lib/python3.7/site-packages/airflow/example_dags/tutorial_taskflow_api_etl.py
[2022-05-05 05:53:49,824] {processor.py:651} INFO - DAG(s) dict_keys(['tutorial_taskflow_api_etl']) retrieved from /home/airflow/.local/lib/python3.7/site-packages/airflow/example_dags/tutorial_taskflow_api_etl.py
[2022-05-05 05:53:50,055] {logging_mixin.py:115} INFO - [2022-05-05 05:53:50,055] {dag.py:2371} INFO - Sync 1 DAGs
[2022-05-05 05:53:50,080] {logging_mixin.py:115} INFO - [2022-05-05 05:53:50,080] {dag.py:2919} INFO - Setting next_dagrun for tutorial_taskflow_api_etl to None, run_after=None
[2022-05-05 05:53:50,099] {processor.py:161} INFO - Processing /home/airflow/.local/lib/python3.7/site-packages/airflow/example_dags/tutorial_taskflow_api_etl.py took 0.299 seconds
[2022-05-05 05:54:20,195] {processor.py:153} INFO - Started process (PID=130) to work on /home/airflow/.local/lib/python3.7/site-packages/airflow/example_dags/tutorial_taskflow_api_etl.py
[2022-05-05 05:54:20,195] {processor.py:641} INFO - Processing file /home/airflow/.local/lib/python3.7/site-packages/airflow/example_dags/tutorial_taskflow_api_etl.py for tasks to queue
[2022-05-05 05:54:20,196] {logging_mixin.py:115} INFO - [2022-05-05 05:54:20,196] {dagbag.py:507} INFO - Filling up the DagBag from /home/airflow/.local/lib/python3.7/site-packages/airflow/example_dags/tutorial_taskflow_api_etl.py
[2022-05-05 05:54:20,216] {processor.py:651} INFO - DAG(s) dict_keys(['tutorial_taskflow_api_etl']) retrieved from /home/airflow/.local/lib/python3.7/site-packages/airflow/example_dags/tutorial_taskflow_api_etl.py
[2022-05-05 05:54:20,425] {logging_mixin.py:115} INFO - [2022-05-05 05:54:20,425] {dag.py:2371} INFO - Sync 1 DAGs
[2022-05-05 05:54:20,447] {logging_mixin.py:115} INFO - [2022-05-05 05:54:20,446] {dag.py:2919} INFO - Setting next_dagrun for tutorial_taskflow_api_etl to None, run_after=None
[2022-05-05 05:54:20,466] {processor.py:161} INFO - Processing /home/airflow/.local/lib/python3.7/site-packages/airflow/example_dags/tutorial_taskflow_api_etl.py took 0.274 seconds
[2022-05-05 05:54:50,881] {processor.py:153} INFO - Started process (PID=183) to work on /home/airflow/.local/lib/python3.7/site-packages/airflow/example_dags/tutorial_taskflow_api_etl.py
[2022-05-05 05:54:50,882] {processor.py:641} INFO - Processing file /home/airflow/.local/lib/python3.7/site-packages/airflow/example_dags/tutorial_taskflow_api_etl.py for tasks to queue
[2022-05-05 05:54:50,883] {logging_mixin.py:115} INFO - [2022-05-05 05:54:50,883] {dagbag.py:507} INFO - Filling up the DagBag from /home/airflow/.local/lib/python3.7/site-packages/airflow/example_dags/tutorial_taskflow_api_etl.py
[2022-05-05 05:54:50,898] {processor.py:651} INFO - DAG(s) dict_keys(['tutorial_taskflow_api_etl']) retrieved from /home/airflow/.local/lib/python3.7/site-packages/airflow/example_dags/tutorial_taskflow_api_etl.py
[2022-05-05 05:54:51,206] {logging_mixin.py:115} INFO - [2022-05-05 05:54:51,206] {dag.py:2371} INFO - Sync 1 DAGs
[2022-05-05 05:54:51,225] {logging_mixin.py:115} INFO - [2022-05-05 05:54:51,224] {dag.py:2919} INFO - Setting next_dagrun for tutorial_taskflow_api_etl to None, run_after=None
[2022-05-05 05:54:51,239] {processor.py:161} INFO - Processing /home/airflow/.local/lib/python3.7/site-packages/airflow/example_dags/tutorial_taskflow_api_etl.py took 0.362 seconds
[2022-05-05 05:55:21,587] {processor.py:153} INFO - Started process (PID=245) to work on /home/airflow/.local/lib/python3.7/site-packages/airflow/example_dags/tutorial_taskflow_api_etl.py
[2022-05-05 05:55:21,587] {processor.py:641} INFO - Processing file /home/airflow/.local/lib/python3.7/site-packages/airflow/example_dags/tutorial_taskflow_api_etl.py for tasks to queue
[2022-05-05 05:55:21,587] {logging_mixin.py:115} INFO - [2022-05-05 05:55:21,587] {dagbag.py:507} INFO - Filling up the DagBag from /home/airflow/.local/lib/python3.7/site-packages/airflow/example_dags/tutorial_taskflow_api_etl.py
[2022-05-05 05:55:21,601] {processor.py:651} INFO - DAG(s) dict_keys(['tutorial_taskflow_api_etl']) retrieved from /home/airflow/.local/lib/python3.7/site-packages/airflow/example_dags/tutorial_taskflow_api_etl.py
[2022-05-05 05:55:21,758] {logging_mixin.py:115} INFO - [2022-05-05 05:55:21,758] {dag.py:2371} INFO - Sync 1 DAGs
[2022-05-05 05:55:21,777] {logging_mixin.py:115} INFO - [2022-05-05 05:55:21,777] {dag.py:2919} INFO - Setting next_dagrun for tutorial_taskflow_api_etl to None, run_after=None
[2022-05-05 05:55:21,794] {processor.py:161} INFO - Processing /home/airflow/.local/lib/python3.7/site-packages/airflow/example_dags/tutorial_taskflow_api_etl.py took 0.209 seconds
[2022-05-05 05:55:52,283] {processor.py:153} INFO - Started process (PID=307) to work on /home/airflow/.local/lib/python3.7/site-packages/airflow/example_dags/tutorial_taskflow_api_etl.py
[2022-05-05 05:55:52,284] {processor.py:641} INFO - Processing file /home/airflow/.local/lib/python3.7/site-packages/airflow/example_dags/tutorial_taskflow_api_etl.py for tasks to queue
[2022-05-05 05:55:52,285] {logging_mixin.py:115} INFO - [2022-05-05 05:55:52,285] {dagbag.py:507} INFO - Filling up the DagBag from /home/airflow/.local/lib/python3.7/site-packages/airflow/example_dags/tutorial_taskflow_api_etl.py
[2022-05-05 05:55:52,299] {processor.py:651} INFO - DAG(s) dict_keys(['tutorial_taskflow_api_etl']) retrieved from /home/airflow/.local/lib/python3.7/site-packages/airflow/example_dags/tutorial_taskflow_api_etl.py
[2022-05-05 05:55:52,486] {logging_mixin.py:115} INFO - [2022-05-05 05:55:52,486] {dag.py:2371} INFO - Sync 1 DAGs
[2022-05-05 05:55:52,505] {logging_mixin.py:115} INFO - [2022-05-05 05:55:52,505] {dag.py:2919} INFO - Setting next_dagrun for tutorial_taskflow_api_etl to None, run_after=None
[2022-05-05 05:55:52,523] {processor.py:161} INFO - Processing /home/airflow/.local/lib/python3.7/site-packages/airflow/example_dags/tutorial_taskflow_api_etl.py took 0.242 seconds
[2022-05-05 05:56:22,889] {processor.py:153} INFO - Started process (PID=360) to work on /home/airflow/.local/lib/python3.7/site-packages/airflow/example_dags/tutorial_taskflow_api_etl.py
[2022-05-05 05:56:22,889] {processor.py:641} INFO - Processing file /home/airflow/.local/lib/python3.7/site-packages/airflow/example_dags/tutorial_taskflow_api_etl.py for tasks to queue
[2022-05-05 05:56:22,890] {logging_mixin.py:115} INFO - [2022-05-05 05:56:22,890] {dagbag.py:507} INFO - Filling up the DagBag from /home/airflow/.local/lib/python3.7/site-packages/airflow/example_dags/tutorial_taskflow_api_etl.py
[2022-05-05 05:56:22,902] {processor.py:651} INFO - DAG(s) dict_keys(['tutorial_taskflow_api_etl']) retrieved from /home/airflow/.local/lib/python3.7/site-packages/airflow/example_dags/tutorial_taskflow_api_etl.py
[2022-05-05 05:56:23,066] {logging_mixin.py:115} INFO - [2022-05-05 05:56:23,065] {dag.py:2371} INFO - Sync 1 DAGs
[2022-05-05 05:56:23,084] {logging_mixin.py:115} INFO - [2022-05-05 05:56:23,084] {dag.py:2919} INFO - Setting next_dagrun for tutorial_taskflow_api_etl to None, run_after=None
[2022-05-05 05:56:23,102] {processor.py:161} INFO - Processing /home/airflow/.local/lib/python3.7/site-packages/airflow/example_dags/tutorial_taskflow_api_etl.py took 0.215 seconds
[2022-05-05 05:56:53,239] {processor.py:153} INFO - Started process (PID=422) to work on /home/airflow/.local/lib/python3.7/site-packages/airflow/example_dags/tutorial_taskflow_api_etl.py
[2022-05-05 05:56:53,240] {processor.py:641} INFO - Processing file /home/airflow/.local/lib/python3.7/site-packages/airflow/example_dags/tutorial_taskflow_api_etl.py for tasks to queue
[2022-05-05 05:56:53,241] {logging_mixin.py:115} INFO - [2022-05-05 05:56:53,240] {dagbag.py:507} INFO - Filling up the DagBag from /home/airflow/.local/lib/python3.7/site-packages/airflow/example_dags/tutorial_taskflow_api_etl.py
[2022-05-05 05:56:53,257] {processor.py:651} INFO - DAG(s) dict_keys(['tutorial_taskflow_api_etl']) retrieved from /home/airflow/.local/lib/python3.7/site-packages/airflow/example_dags/tutorial_taskflow_api_etl.py
[2022-05-05 05:56:53,416] {logging_mixin.py:115} INFO - [2022-05-05 05:56:53,416] {dag.py:2371} INFO - Sync 1 DAGs
[2022-05-05 05:56:53,436] {logging_mixin.py:115} INFO - [2022-05-05 05:56:53,436] {dag.py:2919} INFO - Setting next_dagrun for tutorial_taskflow_api_etl to None, run_after=None
[2022-05-05 05:56:53,451] {processor.py:161} INFO - Processing /home/airflow/.local/lib/python3.7/site-packages/airflow/example_dags/tutorial_taskflow_api_etl.py took 0.215 seconds
[2022-05-05 05:57:23,727] {processor.py:153} INFO - Started process (PID=484) to work on /home/airflow/.local/lib/python3.7/site-packages/airflow/example_dags/tutorial_taskflow_api_etl.py
[2022-05-05 05:57:23,728] {processor.py:641} INFO - Processing file /home/airflow/.local/lib/python3.7/site-packages/airflow/example_dags/tutorial_taskflow_api_etl.py for tasks to queue
[2022-05-05 05:57:23,728] {logging_mixin.py:115} INFO - [2022-05-05 05:57:23,728] {dagbag.py:507} INFO - Filling up the DagBag from /home/airflow/.local/lib/python3.7/site-packages/airflow/example_dags/tutorial_taskflow_api_etl.py
[2022-05-05 05:57:23,744] {processor.py:651} INFO - DAG(s) dict_keys(['tutorial_taskflow_api_etl']) retrieved from /home/airflow/.local/lib/python3.7/site-packages/airflow/example_dags/tutorial_taskflow_api_etl.py
[2022-05-05 05:57:23,933] {logging_mixin.py:115} INFO - [2022-05-05 05:57:23,933] {dag.py:2371} INFO - Sync 1 DAGs
[2022-05-05 05:57:23,953] {logging_mixin.py:115} INFO - [2022-05-05 05:57:23,953] {dag.py:2919} INFO - Setting next_dagrun for tutorial_taskflow_api_etl to None, run_after=None
[2022-05-05 05:57:23,972] {processor.py:161} INFO - Processing /home/airflow/.local/lib/python3.7/site-packages/airflow/example_dags/tutorial_taskflow_api_etl.py took 0.248 seconds
[2022-05-05 05:57:54,000] {processor.py:153} INFO - Started process (PID=537) to work on /home/airflow/.local/lib/python3.7/site-packages/airflow/example_dags/tutorial_taskflow_api_etl.py
[2022-05-05 05:57:54,001] {processor.py:641} INFO - Processing file /home/airflow/.local/lib/python3.7/site-packages/airflow/example_dags/tutorial_taskflow_api_etl.py for tasks to queue
[2022-05-05 05:57:54,001] {logging_mixin.py:115} INFO - [2022-05-05 05:57:54,001] {dagbag.py:507} INFO - Filling up the DagBag from /home/airflow/.local/lib/python3.7/site-packages/airflow/example_dags/tutorial_taskflow_api_etl.py
[2022-05-05 05:57:54,015] {processor.py:651} INFO - DAG(s) dict_keys(['tutorial_taskflow_api_etl']) retrieved from /home/airflow/.local/lib/python3.7/site-packages/airflow/example_dags/tutorial_taskflow_api_etl.py
[2022-05-05 05:57:54,177] {logging_mixin.py:115} INFO - [2022-05-05 05:57:54,177] {dag.py:2371} INFO - Sync 1 DAGs
[2022-05-05 05:57:54,198] {logging_mixin.py:115} INFO - [2022-05-05 05:57:54,198] {dag.py:2919} INFO - Setting next_dagrun for tutorial_taskflow_api_etl to None, run_after=None
[2022-05-05 05:57:54,214] {processor.py:161} INFO - Processing /home/airflow/.local/lib/python3.7/site-packages/airflow/example_dags/tutorial_taskflow_api_etl.py took 0.216 seconds
[2022-05-05 05:58:24,261] {processor.py:153} INFO - Started process (PID=600) to work on /home/airflow/.local/lib/python3.7/site-packages/airflow/example_dags/tutorial_taskflow_api_etl.py
[2022-05-05 05:58:24,262] {processor.py:641} INFO - Processing file /home/airflow/.local/lib/python3.7/site-packages/airflow/example_dags/tutorial_taskflow_api_etl.py for tasks to queue
[2022-05-05 05:58:24,262] {logging_mixin.py:115} INFO - [2022-05-05 05:58:24,262] {dagbag.py:507} INFO - Filling up the DagBag from /home/airflow/.local/lib/python3.7/site-packages/airflow/example_dags/tutorial_taskflow_api_etl.py
[2022-05-05 05:58:24,276] {processor.py:651} INFO - DAG(s) dict_keys(['tutorial_taskflow_api_etl']) retrieved from /home/airflow/.local/lib/python3.7/site-packages/airflow/example_dags/tutorial_taskflow_api_etl.py
[2022-05-05 05:58:24,450] {logging_mixin.py:115} INFO - [2022-05-05 05:58:24,450] {dag.py:2371} INFO - Sync 1 DAGs
[2022-05-05 05:58:24,470] {logging_mixin.py:115} INFO - [2022-05-05 05:58:24,470] {dag.py:2919} INFO - Setting next_dagrun for tutorial_taskflow_api_etl to None, run_after=None
[2022-05-05 05:58:24,487] {processor.py:161} INFO - Processing /home/airflow/.local/lib/python3.7/site-packages/airflow/example_dags/tutorial_taskflow_api_etl.py took 0.228 seconds
[2022-05-05 05:58:54,692] {processor.py:153} INFO - Started process (PID=659) to work on /home/airflow/.local/lib/python3.7/site-packages/airflow/example_dags/tutorial_taskflow_api_etl.py
[2022-05-05 05:58:54,693] {processor.py:641} INFO - Processing file /home/airflow/.local/lib/python3.7/site-packages/airflow/example_dags/tutorial_taskflow_api_etl.py for tasks to queue
[2022-05-05 05:58:54,694] {logging_mixin.py:115} INFO - [2022-05-05 05:58:54,694] {dagbag.py:507} INFO - Filling up the DagBag from /home/airflow/.local/lib/python3.7/site-packages/airflow/example_dags/tutorial_taskflow_api_etl.py
[2022-05-05 05:58:54,718] {processor.py:651} INFO - DAG(s) dict_keys(['tutorial_taskflow_api_etl']) retrieved from /home/airflow/.local/lib/python3.7/site-packages/airflow/example_dags/tutorial_taskflow_api_etl.py
[2022-05-05 05:58:54,912] {logging_mixin.py:115} INFO - [2022-05-05 05:58:54,912] {dag.py:2371} INFO - Sync 1 DAGs
[2022-05-05 05:58:54,933] {logging_mixin.py:115} INFO - [2022-05-05 05:58:54,933] {dag.py:2919} INFO - Setting next_dagrun for tutorial_taskflow_api_etl to None, run_after=None
[2022-05-05 05:58:54,952] {processor.py:161} INFO - Processing /home/airflow/.local/lib/python3.7/site-packages/airflow/example_dags/tutorial_taskflow_api_etl.py took 0.263 seconds
[2022-05-05 05:59:25,165] {processor.py:153} INFO - Started process (PID=713) to work on /home/airflow/.local/lib/python3.7/site-packages/airflow/example_dags/tutorial_taskflow_api_etl.py
[2022-05-05 05:59:25,167] {processor.py:641} INFO - Processing file /home/airflow/.local/lib/python3.7/site-packages/airflow/example_dags/tutorial_taskflow_api_etl.py for tasks to queue
[2022-05-05 05:59:25,167] {logging_mixin.py:115} INFO - [2022-05-05 05:59:25,167] {dagbag.py:507} INFO - Filling up the DagBag from /home/airflow/.local/lib/python3.7/site-packages/airflow/example_dags/tutorial_taskflow_api_etl.py
[2022-05-05 05:59:25,188] {processor.py:651} INFO - DAG(s) dict_keys(['tutorial_taskflow_api_etl']) retrieved from /home/airflow/.local/lib/python3.7/site-packages/airflow/example_dags/tutorial_taskflow_api_etl.py
[2022-05-05 05:59:25,383] {logging_mixin.py:115} INFO - [2022-05-05 05:59:25,383] {dag.py:2371} INFO - Sync 1 DAGs
[2022-05-05 05:59:25,407] {logging_mixin.py:115} INFO - [2022-05-05 05:59:25,407] {dag.py:2919} INFO - Setting next_dagrun for tutorial_taskflow_api_etl to None, run_after=None
[2022-05-05 05:59:25,425] {processor.py:161} INFO - Processing /home/airflow/.local/lib/python3.7/site-packages/airflow/example_dags/tutorial_taskflow_api_etl.py took 0.263 seconds
[2022-05-05 05:59:55,451] {processor.py:153} INFO - Started process (PID=776) to work on /home/airflow/.local/lib/python3.7/site-packages/airflow/example_dags/tutorial_taskflow_api_etl.py
[2022-05-05 05:59:55,452] {processor.py:641} INFO - Processing file /home/airflow/.local/lib/python3.7/site-packages/airflow/example_dags/tutorial_taskflow_api_etl.py for tasks to queue
[2022-05-05 05:59:55,453] {logging_mixin.py:115} INFO - [2022-05-05 05:59:55,453] {dagbag.py:507} INFO - Filling up the DagBag from /home/airflow/.local/lib/python3.7/site-packages/airflow/example_dags/tutorial_taskflow_api_etl.py
[2022-05-05 05:59:55,492] {processor.py:651} INFO - DAG(s) dict_keys(['tutorial_taskflow_api_etl']) retrieved from /home/airflow/.local/lib/python3.7/site-packages/airflow/example_dags/tutorial_taskflow_api_etl.py
[2022-05-05 05:59:55,619] {logging_mixin.py:115} INFO - [2022-05-05 05:59:55,619] {dag.py:2371} INFO - Sync 1 DAGs
[2022-05-05 05:59:55,641] {logging_mixin.py:115} INFO - [2022-05-05 05:59:55,641] {dag.py:2919} INFO - Setting next_dagrun for tutorial_taskflow_api_etl to None, run_after=None
[2022-05-05 05:59:55,654] {processor.py:161} INFO - Processing /home/airflow/.local/lib/python3.7/site-packages/airflow/example_dags/tutorial_taskflow_api_etl.py took 0.206 seconds
[2022-05-05 06:00:26,134] {processor.py:153} INFO - Started process (PID=829) to work on /home/airflow/.local/lib/python3.7/site-packages/airflow/example_dags/tutorial_taskflow_api_etl.py
[2022-05-05 06:00:26,135] {processor.py:641} INFO - Processing file /home/airflow/.local/lib/python3.7/site-packages/airflow/example_dags/tutorial_taskflow_api_etl.py for tasks to queue
[2022-05-05 06:00:26,135] {logging_mixin.py:115} INFO - [2022-05-05 06:00:26,135] {dagbag.py:507} INFO - Filling up the DagBag from /home/airflow/.local/lib/python3.7/site-packages/airflow/example_dags/tutorial_taskflow_api_etl.py
[2022-05-05 06:00:26,152] {processor.py:651} INFO - DAG(s) dict_keys(['tutorial_taskflow_api_etl']) retrieved from /home/airflow/.local/lib/python3.7/site-packages/airflow/example_dags/tutorial_taskflow_api_etl.py
[2022-05-05 06:00:26,326] {logging_mixin.py:115} INFO - [2022-05-05 06:00:26,326] {dag.py:2371} INFO - Sync 1 DAGs
[2022-05-05 06:00:26,344] {logging_mixin.py:115} INFO - [2022-05-05 06:00:26,344] {dag.py:2919} INFO - Setting next_dagrun for tutorial_taskflow_api_etl to None, run_after=None
[2022-05-05 06:00:26,360] {processor.py:161} INFO - Processing /home/airflow/.local/lib/python3.7/site-packages/airflow/example_dags/tutorial_taskflow_api_etl.py took 0.228 seconds
[2022-05-05 06:00:56,999] {processor.py:153} INFO - Started process (PID=891) to work on /home/airflow/.local/lib/python3.7/site-packages/airflow/example_dags/tutorial_taskflow_api_etl.py
[2022-05-05 06:00:56,999] {processor.py:641} INFO - Processing file /home/airflow/.local/lib/python3.7/site-packages/airflow/example_dags/tutorial_taskflow_api_etl.py for tasks to queue
[2022-05-05 06:00:57,000] {logging_mixin.py:115} INFO - [2022-05-05 06:00:57,000] {dagbag.py:507} INFO - Filling up the DagBag from /home/airflow/.local/lib/python3.7/site-packages/airflow/example_dags/tutorial_taskflow_api_etl.py
[2022-05-05 06:00:57,018] {processor.py:651} INFO - DAG(s) dict_keys(['tutorial_taskflow_api_etl']) retrieved from /home/airflow/.local/lib/python3.7/site-packages/airflow/example_dags/tutorial_taskflow_api_etl.py
[2022-05-05 06:00:57,180] {logging_mixin.py:115} INFO - [2022-05-05 06:00:57,180] {dag.py:2371} INFO - Sync 1 DAGs
[2022-05-05 06:00:57,200] {logging_mixin.py:115} INFO - [2022-05-05 06:00:57,200] {dag.py:2919} INFO - Setting next_dagrun for tutorial_taskflow_api_etl to None, run_after=None
[2022-05-05 06:00:57,217] {processor.py:161} INFO - Processing /home/airflow/.local/lib/python3.7/site-packages/airflow/example_dags/tutorial_taskflow_api_etl.py took 0.220 seconds
[2022-05-05 06:01:27,259] {processor.py:153} INFO - Started process (PID=954) to work on /home/airflow/.local/lib/python3.7/site-packages/airflow/example_dags/tutorial_taskflow_api_etl.py
[2022-05-05 06:01:27,260] {processor.py:641} INFO - Processing file /home/airflow/.local/lib/python3.7/site-packages/airflow/example_dags/tutorial_taskflow_api_etl.py for tasks to queue
[2022-05-05 06:01:27,261] {logging_mixin.py:115} INFO - [2022-05-05 06:01:27,261] {dagbag.py:507} INFO - Filling up the DagBag from /home/airflow/.local/lib/python3.7/site-packages/airflow/example_dags/tutorial_taskflow_api_etl.py
[2022-05-05 06:01:27,279] {processor.py:651} INFO - DAG(s) dict_keys(['tutorial_taskflow_api_etl']) retrieved from /home/airflow/.local/lib/python3.7/site-packages/airflow/example_dags/tutorial_taskflow_api_etl.py
[2022-05-05 06:01:27,454] {logging_mixin.py:115} INFO - [2022-05-05 06:01:27,454] {dag.py:2371} INFO - Sync 1 DAGs
[2022-05-05 06:01:27,474] {logging_mixin.py:115} INFO - [2022-05-05 06:01:27,474] {dag.py:2919} INFO - Setting next_dagrun for tutorial_taskflow_api_etl to None, run_after=None
[2022-05-05 06:01:27,491] {processor.py:161} INFO - Processing /home/airflow/.local/lib/python3.7/site-packages/airflow/example_dags/tutorial_taskflow_api_etl.py took 0.234 seconds
[2022-05-05 06:01:57,519] {processor.py:153} INFO - Started process (PID=1006) to work on /home/airflow/.local/lib/python3.7/site-packages/airflow/example_dags/tutorial_taskflow_api_etl.py
[2022-05-05 06:01:57,519] {processor.py:641} INFO - Processing file /home/airflow/.local/lib/python3.7/site-packages/airflow/example_dags/tutorial_taskflow_api_etl.py for tasks to queue
[2022-05-05 06:01:57,520] {logging_mixin.py:115} INFO - [2022-05-05 06:01:57,519] {dagbag.py:507} INFO - Filling up the DagBag from /home/airflow/.local/lib/python3.7/site-packages/airflow/example_dags/tutorial_taskflow_api_etl.py
[2022-05-05 06:01:57,536] {processor.py:651} INFO - DAG(s) dict_keys(['tutorial_taskflow_api_etl']) retrieved from /home/airflow/.local/lib/python3.7/site-packages/airflow/example_dags/tutorial_taskflow_api_etl.py
[2022-05-05 06:01:57,739] {logging_mixin.py:115} INFO - [2022-05-05 06:01:57,738] {dag.py:2371} INFO - Sync 1 DAGs
[2022-05-05 06:01:57,756] {logging_mixin.py:115} INFO - [2022-05-05 06:01:57,755] {dag.py:2919} INFO - Setting next_dagrun for tutorial_taskflow_api_etl to None, run_after=None
[2022-05-05 06:01:57,771] {processor.py:161} INFO - Processing /home/airflow/.local/lib/python3.7/site-packages/airflow/example_dags/tutorial_taskflow_api_etl.py took 0.255 seconds
[2022-05-05 06:02:27,848] {processor.py:153} INFO - Started process (PID=1070) to work on /home/airflow/.local/lib/python3.7/site-packages/airflow/example_dags/tutorial_taskflow_api_etl.py
[2022-05-05 06:02:27,849] {processor.py:641} INFO - Processing file /home/airflow/.local/lib/python3.7/site-packages/airflow/example_dags/tutorial_taskflow_api_etl.py for tasks to queue
[2022-05-05 06:02:27,849] {logging_mixin.py:115} INFO - [2022-05-05 06:02:27,849] {dagbag.py:507} INFO - Filling up the DagBag from /home/airflow/.local/lib/python3.7/site-packages/airflow/example_dags/tutorial_taskflow_api_etl.py
[2022-05-05 06:02:27,866] {processor.py:651} INFO - DAG(s) dict_keys(['tutorial_taskflow_api_etl']) retrieved from /home/airflow/.local/lib/python3.7/site-packages/airflow/example_dags/tutorial_taskflow_api_etl.py
[2022-05-05 06:02:28,030] {logging_mixin.py:115} INFO - [2022-05-05 06:02:28,030] {dag.py:2371} INFO - Sync 1 DAGs
[2022-05-05 06:02:28,049] {logging_mixin.py:115} INFO - [2022-05-05 06:02:28,049] {dag.py:2919} INFO - Setting next_dagrun for tutorial_taskflow_api_etl to None, run_after=None
[2022-05-05 06:02:28,064] {processor.py:161} INFO - Processing /home/airflow/.local/lib/python3.7/site-packages/airflow/example_dags/tutorial_taskflow_api_etl.py took 0.218 seconds
[2022-05-05 06:02:58,239] {processor.py:153} INFO - Started process (PID=1133) to work on /home/airflow/.local/lib/python3.7/site-packages/airflow/example_dags/tutorial_taskflow_api_etl.py
[2022-05-05 06:02:58,240] {processor.py:641} INFO - Processing file /home/airflow/.local/lib/python3.7/site-packages/airflow/example_dags/tutorial_taskflow_api_etl.py for tasks to queue
[2022-05-05 06:02:58,240] {logging_mixin.py:115} INFO - [2022-05-05 06:02:58,240] {dagbag.py:507} INFO - Filling up the DagBag from /home/airflow/.local/lib/python3.7/site-packages/airflow/example_dags/tutorial_taskflow_api_etl.py
[2022-05-05 06:02:58,255] {processor.py:651} INFO - DAG(s) dict_keys(['tutorial_taskflow_api_etl']) retrieved from /home/airflow/.local/lib/python3.7/site-packages/airflow/example_dags/tutorial_taskflow_api_etl.py
[2022-05-05 06:02:58,378] {logging_mixin.py:115} INFO - [2022-05-05 06:02:58,378] {dag.py:2371} INFO - Sync 1 DAGs
[2022-05-05 06:02:58,402] {logging_mixin.py:115} INFO - [2022-05-05 06:02:58,402] {dag.py:2919} INFO - Setting next_dagrun for tutorial_taskflow_api_etl to None, run_after=None
[2022-05-05 06:02:58,416] {processor.py:161} INFO - Processing /home/airflow/.local/lib/python3.7/site-packages/airflow/example_dags/tutorial_taskflow_api_etl.py took 0.178 seconds
[2022-05-05 06:03:28,625] {processor.py:153} INFO - Started process (PID=1187) to work on /home/airflow/.local/lib/python3.7/site-packages/airflow/example_dags/tutorial_taskflow_api_etl.py
[2022-05-05 06:03:28,626] {processor.py:641} INFO - Processing file /home/airflow/.local/lib/python3.7/site-packages/airflow/example_dags/tutorial_taskflow_api_etl.py for tasks to queue
[2022-05-05 06:03:28,626] {logging_mixin.py:115} INFO - [2022-05-05 06:03:28,626] {dagbag.py:507} INFO - Filling up the DagBag from /home/airflow/.local/lib/python3.7/site-packages/airflow/example_dags/tutorial_taskflow_api_etl.py
[2022-05-05 06:03:28,645] {processor.py:651} INFO - DAG(s) dict_keys(['tutorial_taskflow_api_etl']) retrieved from /home/airflow/.local/lib/python3.7/site-packages/airflow/example_dags/tutorial_taskflow_api_etl.py
[2022-05-05 06:03:28,784] {logging_mixin.py:115} INFO - [2022-05-05 06:03:28,783] {dag.py:2371} INFO - Sync 1 DAGs
[2022-05-05 06:03:28,804] {logging_mixin.py:115} INFO - [2022-05-05 06:03:28,804] {dag.py:2919} INFO - Setting next_dagrun for tutorial_taskflow_api_etl to None, run_after=None
[2022-05-05 06:03:28,820] {processor.py:161} INFO - Processing /home/airflow/.local/lib/python3.7/site-packages/airflow/example_dags/tutorial_taskflow_api_etl.py took 0.198 seconds
[2022-05-05 06:03:59,490] {processor.py:153} INFO - Started process (PID=1250) to work on /home/airflow/.local/lib/python3.7/site-packages/airflow/example_dags/tutorial_taskflow_api_etl.py
[2022-05-05 06:03:59,490] {processor.py:641} INFO - Processing file /home/airflow/.local/lib/python3.7/site-packages/airflow/example_dags/tutorial_taskflow_api_etl.py for tasks to queue
[2022-05-05 06:03:59,491] {logging_mixin.py:115} INFO - [2022-05-05 06:03:59,490] {dagbag.py:507} INFO - Filling up the DagBag from /home/airflow/.local/lib/python3.7/site-packages/airflow/example_dags/tutorial_taskflow_api_etl.py
[2022-05-05 06:03:59,506] {processor.py:651} INFO - DAG(s) dict_keys(['tutorial_taskflow_api_etl']) retrieved from /home/airflow/.local/lib/python3.7/site-packages/airflow/example_dags/tutorial_taskflow_api_etl.py
[2022-05-05 06:03:59,570] {logging_mixin.py:115} INFO - [2022-05-05 06:03:59,570] {dag.py:2371} INFO - Sync 1 DAGs
[2022-05-05 06:03:59,591] {logging_mixin.py:115} INFO - [2022-05-05 06:03:59,591] {dag.py:2919} INFO - Setting next_dagrun for tutorial_taskflow_api_etl to None, run_after=None
[2022-05-05 06:03:59,611] {processor.py:161} INFO - Processing /home/airflow/.local/lib/python3.7/site-packages/airflow/example_dags/tutorial_taskflow_api_etl.py took 0.123 seconds
[2022-05-05 06:04:30,559] {processor.py:153} INFO - Started process (PID=1312) to work on /home/airflow/.local/lib/python3.7/site-packages/airflow/example_dags/tutorial_taskflow_api_etl.py
[2022-05-05 06:04:30,560] {processor.py:641} INFO - Processing file /home/airflow/.local/lib/python3.7/site-packages/airflow/example_dags/tutorial_taskflow_api_etl.py for tasks to queue
[2022-05-05 06:04:30,561] {logging_mixin.py:115} INFO - [2022-05-05 06:04:30,561] {dagbag.py:507} INFO - Filling up the DagBag from /home/airflow/.local/lib/python3.7/site-packages/airflow/example_dags/tutorial_taskflow_api_etl.py
[2022-05-05 06:04:30,575] {processor.py:651} INFO - DAG(s) dict_keys(['tutorial_taskflow_api_etl']) retrieved from /home/airflow/.local/lib/python3.7/site-packages/airflow/example_dags/tutorial_taskflow_api_etl.py
[2022-05-05 06:04:30,598] {logging_mixin.py:115} INFO - [2022-05-05 06:04:30,598] {dag.py:2371} INFO - Sync 1 DAGs
[2022-05-05 06:04:30,618] {logging_mixin.py:115} INFO - [2022-05-05 06:04:30,618] {dag.py:2919} INFO - Setting next_dagrun for tutorial_taskflow_api_etl to None, run_after=None
[2022-05-05 06:04:30,632] {processor.py:161} INFO - Processing /home/airflow/.local/lib/python3.7/site-packages/airflow/example_dags/tutorial_taskflow_api_etl.py took 0.075 seconds
[2022-05-05 06:05:01,232] {processor.py:153} INFO - Started process (PID=1365) to work on /home/airflow/.local/lib/python3.7/site-packages/airflow/example_dags/tutorial_taskflow_api_etl.py
[2022-05-05 06:05:01,233] {processor.py:641} INFO - Processing file /home/airflow/.local/lib/python3.7/site-packages/airflow/example_dags/tutorial_taskflow_api_etl.py for tasks to queue
[2022-05-05 06:05:01,233] {logging_mixin.py:115} INFO - [2022-05-05 06:05:01,233] {dagbag.py:507} INFO - Filling up the DagBag from /home/airflow/.local/lib/python3.7/site-packages/airflow/example_dags/tutorial_taskflow_api_etl.py
[2022-05-05 06:05:01,249] {processor.py:651} INFO - DAG(s) dict_keys(['tutorial_taskflow_api_etl']) retrieved from /home/airflow/.local/lib/python3.7/site-packages/airflow/example_dags/tutorial_taskflow_api_etl.py
[2022-05-05 06:05:01,316] {logging_mixin.py:115} INFO - [2022-05-05 06:05:01,316] {dag.py:2371} INFO - Sync 1 DAGs
[2022-05-05 06:05:01,337] {logging_mixin.py:115} INFO - [2022-05-05 06:05:01,337] {dag.py:2919} INFO - Setting next_dagrun for tutorial_taskflow_api_etl to None, run_after=None
[2022-05-05 06:05:01,355] {processor.py:161} INFO - Processing /home/airflow/.local/lib/python3.7/site-packages/airflow/example_dags/tutorial_taskflow_api_etl.py took 0.126 seconds
[2022-05-05 06:05:31,818] {processor.py:153} INFO - Started process (PID=1426) to work on /home/airflow/.local/lib/python3.7/site-packages/airflow/example_dags/tutorial_taskflow_api_etl.py
[2022-05-05 06:05:31,819] {processor.py:641} INFO - Processing file /home/airflow/.local/lib/python3.7/site-packages/airflow/example_dags/tutorial_taskflow_api_etl.py for tasks to queue
[2022-05-05 06:05:31,820] {logging_mixin.py:115} INFO - [2022-05-05 06:05:31,820] {dagbag.py:507} INFO - Filling up the DagBag from /home/airflow/.local/lib/python3.7/site-packages/airflow/example_dags/tutorial_taskflow_api_etl.py
[2022-05-05 06:05:31,836] {processor.py:651} INFO - DAG(s) dict_keys(['tutorial_taskflow_api_etl']) retrieved from /home/airflow/.local/lib/python3.7/site-packages/airflow/example_dags/tutorial_taskflow_api_etl.py
[2022-05-05 06:05:31,857] {logging_mixin.py:115} INFO - [2022-05-05 06:05:31,857] {dag.py:2371} INFO - Sync 1 DAGs
[2022-05-05 06:05:31,878] {logging_mixin.py:115} INFO - [2022-05-05 06:05:31,878] {dag.py:2919} INFO - Setting next_dagrun for tutorial_taskflow_api_etl to None, run_after=None
[2022-05-05 06:05:31,893] {processor.py:161} INFO - Processing /home/airflow/.local/lib/python3.7/site-packages/airflow/example_dags/tutorial_taskflow_api_etl.py took 0.076 seconds
[2022-05-05 06:06:02,468] {processor.py:153} INFO - Started process (PID=1489) to work on /home/airflow/.local/lib/python3.7/site-packages/airflow/example_dags/tutorial_taskflow_api_etl.py
[2022-05-05 06:06:02,468] {processor.py:641} INFO - Processing file /home/airflow/.local/lib/python3.7/site-packages/airflow/example_dags/tutorial_taskflow_api_etl.py for tasks to queue
[2022-05-05 06:06:02,468] {logging_mixin.py:115} INFO - [2022-05-05 06:06:02,468] {dagbag.py:507} INFO - Filling up the DagBag from /home/airflow/.local/lib/python3.7/site-packages/airflow/example_dags/tutorial_taskflow_api_etl.py
[2022-05-05 06:06:02,483] {processor.py:651} INFO - DAG(s) dict_keys(['tutorial_taskflow_api_etl']) retrieved from /home/airflow/.local/lib/python3.7/site-packages/airflow/example_dags/tutorial_taskflow_api_etl.py
[2022-05-05 06:06:02,541] {logging_mixin.py:115} INFO - [2022-05-05 06:06:02,541] {dag.py:2371} INFO - Sync 1 DAGs
[2022-05-05 06:06:02,562] {logging_mixin.py:115} INFO - [2022-05-05 06:06:02,562] {dag.py:2919} INFO - Setting next_dagrun for tutorial_taskflow_api_etl to None, run_after=None
[2022-05-05 06:06:02,581] {processor.py:161} INFO - Processing /home/airflow/.local/lib/python3.7/site-packages/airflow/example_dags/tutorial_taskflow_api_etl.py took 0.115 seconds
[2022-05-05 06:06:33,346] {processor.py:153} INFO - Started process (PID=1541) to work on /home/airflow/.local/lib/python3.7/site-packages/airflow/example_dags/tutorial_taskflow_api_etl.py
[2022-05-05 06:06:33,347] {processor.py:641} INFO - Processing file /home/airflow/.local/lib/python3.7/site-packages/airflow/example_dags/tutorial_taskflow_api_etl.py for tasks to queue
[2022-05-05 06:06:33,348] {logging_mixin.py:115} INFO - [2022-05-05 06:06:33,348] {dagbag.py:507} INFO - Filling up the DagBag from /home/airflow/.local/lib/python3.7/site-packages/airflow/example_dags/tutorial_taskflow_api_etl.py
[2022-05-05 06:06:33,363] {processor.py:651} INFO - DAG(s) dict_keys(['tutorial_taskflow_api_etl']) retrieved from /home/airflow/.local/lib/python3.7/site-packages/airflow/example_dags/tutorial_taskflow_api_etl.py
[2022-05-05 06:06:33,424] {logging_mixin.py:115} INFO - [2022-05-05 06:06:33,424] {dag.py:2371} INFO - Sync 1 DAGs
[2022-05-05 06:06:33,443] {logging_mixin.py:115} INFO - [2022-05-05 06:06:33,443] {dag.py:2919} INFO - Setting next_dagrun for tutorial_taskflow_api_etl to None, run_after=None
[2022-05-05 06:06:33,460] {processor.py:161} INFO - Processing /home/airflow/.local/lib/python3.7/site-packages/airflow/example_dags/tutorial_taskflow_api_etl.py took 0.116 seconds
[2022-05-05 06:07:04,263] {processor.py:153} INFO - Started process (PID=1604) to work on /home/airflow/.local/lib/python3.7/site-packages/airflow/example_dags/tutorial_taskflow_api_etl.py
[2022-05-05 06:07:04,264] {processor.py:641} INFO - Processing file /home/airflow/.local/lib/python3.7/site-packages/airflow/example_dags/tutorial_taskflow_api_etl.py for tasks to queue
[2022-05-05 06:07:04,264] {logging_mixin.py:115} INFO - [2022-05-05 06:07:04,264] {dagbag.py:507} INFO - Filling up the DagBag from /home/airflow/.local/lib/python3.7/site-packages/airflow/example_dags/tutorial_taskflow_api_etl.py
[2022-05-05 06:07:04,281] {processor.py:651} INFO - DAG(s) dict_keys(['tutorial_taskflow_api_etl']) retrieved from /home/airflow/.local/lib/python3.7/site-packages/airflow/example_dags/tutorial_taskflow_api_etl.py
[2022-05-05 06:07:04,347] {logging_mixin.py:115} INFO - [2022-05-05 06:07:04,347] {dag.py:2371} INFO - Sync 1 DAGs
[2022-05-05 06:07:04,368] {logging_mixin.py:115} INFO - [2022-05-05 06:07:04,368] {dag.py:2919} INFO - Setting next_dagrun for tutorial_taskflow_api_etl to None, run_after=None
[2022-05-05 06:07:04,387] {processor.py:161} INFO - Processing /home/airflow/.local/lib/python3.7/site-packages/airflow/example_dags/tutorial_taskflow_api_etl.py took 0.130 seconds
[2022-05-05 06:07:34,978] {processor.py:153} INFO - Started process (PID=1665) to work on /home/airflow/.local/lib/python3.7/site-packages/airflow/example_dags/tutorial_taskflow_api_etl.py
[2022-05-05 06:07:34,978] {processor.py:641} INFO - Processing file /home/airflow/.local/lib/python3.7/site-packages/airflow/example_dags/tutorial_taskflow_api_etl.py for tasks to queue
[2022-05-05 06:07:34,978] {logging_mixin.py:115} INFO - [2022-05-05 06:07:34,978] {dagbag.py:507} INFO - Filling up the DagBag from /home/airflow/.local/lib/python3.7/site-packages/airflow/example_dags/tutorial_taskflow_api_etl.py
[2022-05-05 06:07:34,995] {processor.py:651} INFO - DAG(s) dict_keys(['tutorial_taskflow_api_etl']) retrieved from /home/airflow/.local/lib/python3.7/site-packages/airflow/example_dags/tutorial_taskflow_api_etl.py
[2022-05-05 06:07:35,061] {logging_mixin.py:115} INFO - [2022-05-05 06:07:35,061] {dag.py:2371} INFO - Sync 1 DAGs
[2022-05-05 06:07:35,081] {logging_mixin.py:115} INFO - [2022-05-05 06:07:35,081] {dag.py:2919} INFO - Setting next_dagrun for tutorial_taskflow_api_etl to None, run_after=None
[2022-05-05 06:07:35,101] {processor.py:161} INFO - Processing /home/airflow/.local/lib/python3.7/site-packages/airflow/example_dags/tutorial_taskflow_api_etl.py took 0.126 seconds
[2022-05-05 06:08:05,660] {processor.py:153} INFO - Started process (PID=1718) to work on /home/airflow/.local/lib/python3.7/site-packages/airflow/example_dags/tutorial_taskflow_api_etl.py
[2022-05-05 06:08:05,661] {processor.py:641} INFO - Processing file /home/airflow/.local/lib/python3.7/site-packages/airflow/example_dags/tutorial_taskflow_api_etl.py for tasks to queue
[2022-05-05 06:08:05,661] {logging_mixin.py:115} INFO - [2022-05-05 06:08:05,661] {dagbag.py:507} INFO - Filling up the DagBag from /home/airflow/.local/lib/python3.7/site-packages/airflow/example_dags/tutorial_taskflow_api_etl.py
[2022-05-05 06:08:05,679] {processor.py:651} INFO - DAG(s) dict_keys(['tutorial_taskflow_api_etl']) retrieved from /home/airflow/.local/lib/python3.7/site-packages/airflow/example_dags/tutorial_taskflow_api_etl.py
[2022-05-05 06:08:05,747] {logging_mixin.py:115} INFO - [2022-05-05 06:08:05,747] {dag.py:2371} INFO - Sync 1 DAGs
[2022-05-05 06:08:05,769] {logging_mixin.py:115} INFO - [2022-05-05 06:08:05,769] {dag.py:2919} INFO - Setting next_dagrun for tutorial_taskflow_api_etl to None, run_after=None
[2022-05-05 06:08:05,787] {processor.py:161} INFO - Processing /home/airflow/.local/lib/python3.7/site-packages/airflow/example_dags/tutorial_taskflow_api_etl.py took 0.129 seconds
[2022-05-05 06:08:36,338] {processor.py:153} INFO - Started process (PID=1781) to work on /home/airflow/.local/lib/python3.7/site-packages/airflow/example_dags/tutorial_taskflow_api_etl.py
[2022-05-05 06:08:36,338] {processor.py:641} INFO - Processing file /home/airflow/.local/lib/python3.7/site-packages/airflow/example_dags/tutorial_taskflow_api_etl.py for tasks to queue
[2022-05-05 06:08:36,339] {logging_mixin.py:115} INFO - [2022-05-05 06:08:36,339] {dagbag.py:507} INFO - Filling up the DagBag from /home/airflow/.local/lib/python3.7/site-packages/airflow/example_dags/tutorial_taskflow_api_etl.py
[2022-05-05 06:08:36,354] {processor.py:651} INFO - DAG(s) dict_keys(['tutorial_taskflow_api_etl']) retrieved from /home/airflow/.local/lib/python3.7/site-packages/airflow/example_dags/tutorial_taskflow_api_etl.py
[2022-05-05 06:08:36,417] {logging_mixin.py:115} INFO - [2022-05-05 06:08:36,417] {dag.py:2371} INFO - Sync 1 DAGs
[2022-05-05 06:08:36,436] {logging_mixin.py:115} INFO - [2022-05-05 06:08:36,436] {dag.py:2919} INFO - Setting next_dagrun for tutorial_taskflow_api_etl to None, run_after=None
[2022-05-05 06:08:36,453] {processor.py:161} INFO - Processing /home/airflow/.local/lib/python3.7/site-packages/airflow/example_dags/tutorial_taskflow_api_etl.py took 0.117 seconds
[2022-05-05 06:09:07,396] {processor.py:153} INFO - Started process (PID=1844) to work on /home/airflow/.local/lib/python3.7/site-packages/airflow/example_dags/tutorial_taskflow_api_etl.py
[2022-05-05 06:09:07,397] {processor.py:641} INFO - Processing file /home/airflow/.local/lib/python3.7/site-packages/airflow/example_dags/tutorial_taskflow_api_etl.py for tasks to queue
[2022-05-05 06:09:07,397] {logging_mixin.py:115} INFO - [2022-05-05 06:09:07,397] {dagbag.py:507} INFO - Filling up the DagBag from /home/airflow/.local/lib/python3.7/site-packages/airflow/example_dags/tutorial_taskflow_api_etl.py
[2022-05-05 06:09:07,520] {processor.py:651} INFO - DAG(s) dict_keys(['tutorial_taskflow_api_etl']) retrieved from /home/airflow/.local/lib/python3.7/site-packages/airflow/example_dags/tutorial_taskflow_api_etl.py
[2022-05-05 06:09:07,582] {logging_mixin.py:115} INFO - [2022-05-05 06:09:07,582] {dag.py:2371} INFO - Sync 1 DAGs
[2022-05-05 06:09:07,607] {logging_mixin.py:115} INFO - [2022-05-05 06:09:07,607] {dag.py:2919} INFO - Setting next_dagrun for tutorial_taskflow_api_etl to None, run_after=None
[2022-05-05 06:09:07,624] {processor.py:161} INFO - Processing /home/airflow/.local/lib/python3.7/site-packages/airflow/example_dags/tutorial_taskflow_api_etl.py took 0.230 seconds
[2022-05-05 06:09:37,675] {processor.py:153} INFO - Started process (PID=1897) to work on /home/airflow/.local/lib/python3.7/site-packages/airflow/example_dags/tutorial_taskflow_api_etl.py
[2022-05-05 06:09:37,676] {processor.py:641} INFO - Processing file /home/airflow/.local/lib/python3.7/site-packages/airflow/example_dags/tutorial_taskflow_api_etl.py for tasks to queue
[2022-05-05 06:09:37,676] {logging_mixin.py:115} INFO - [2022-05-05 06:09:37,676] {dagbag.py:507} INFO - Filling up the DagBag from /home/airflow/.local/lib/python3.7/site-packages/airflow/example_dags/tutorial_taskflow_api_etl.py
[2022-05-05 06:09:37,795] {processor.py:651} INFO - DAG(s) dict_keys(['tutorial_taskflow_api_etl']) retrieved from /home/airflow/.local/lib/python3.7/site-packages/airflow/example_dags/tutorial_taskflow_api_etl.py
[2022-05-05 06:09:37,815] {logging_mixin.py:115} INFO - [2022-05-05 06:09:37,815] {dag.py:2371} INFO - Sync 1 DAGs
[2022-05-05 06:09:37,835] {logging_mixin.py:115} INFO - [2022-05-05 06:09:37,835] {dag.py:2919} INFO - Setting next_dagrun for tutorial_taskflow_api_etl to None, run_after=None
[2022-05-05 06:09:37,850] {processor.py:161} INFO - Processing /home/airflow/.local/lib/python3.7/site-packages/airflow/example_dags/tutorial_taskflow_api_etl.py took 0.177 seconds
[2022-05-05 06:10:08,294] {processor.py:153} INFO - Started process (PID=1958) to work on /home/airflow/.local/lib/python3.7/site-packages/airflow/example_dags/tutorial_taskflow_api_etl.py
[2022-05-05 06:10:08,295] {processor.py:641} INFO - Processing file /home/airflow/.local/lib/python3.7/site-packages/airflow/example_dags/tutorial_taskflow_api_etl.py for tasks to queue
[2022-05-05 06:10:08,296] {logging_mixin.py:115} INFO - [2022-05-05 06:10:08,296] {dagbag.py:507} INFO - Filling up the DagBag from /home/airflow/.local/lib/python3.7/site-packages/airflow/example_dags/tutorial_taskflow_api_etl.py
[2022-05-05 06:10:08,426] {processor.py:651} INFO - DAG(s) dict_keys(['tutorial_taskflow_api_etl']) retrieved from /home/airflow/.local/lib/python3.7/site-packages/airflow/example_dags/tutorial_taskflow_api_etl.py
[2022-05-05 06:10:08,447] {logging_mixin.py:115} INFO - [2022-05-05 06:10:08,447] {dag.py:2371} INFO - Sync 1 DAGs
[2022-05-05 06:10:08,466] {logging_mixin.py:115} INFO - [2022-05-05 06:10:08,466] {dag.py:2919} INFO - Setting next_dagrun for tutorial_taskflow_api_etl to None, run_after=None
[2022-05-05 06:10:08,479] {processor.py:161} INFO - Processing /home/airflow/.local/lib/python3.7/site-packages/airflow/example_dags/tutorial_taskflow_api_etl.py took 0.187 seconds
[2022-05-05 06:10:38,658] {processor.py:153} INFO - Started process (PID=2019) to work on /home/airflow/.local/lib/python3.7/site-packages/airflow/example_dags/tutorial_taskflow_api_etl.py
[2022-05-05 06:10:38,658] {processor.py:641} INFO - Processing file /home/airflow/.local/lib/python3.7/site-packages/airflow/example_dags/tutorial_taskflow_api_etl.py for tasks to queue
[2022-05-05 06:10:38,659] {logging_mixin.py:115} INFO - [2022-05-05 06:10:38,659] {dagbag.py:507} INFO - Filling up the DagBag from /home/airflow/.local/lib/python3.7/site-packages/airflow/example_dags/tutorial_taskflow_api_etl.py
[2022-05-05 06:10:38,786] {processor.py:651} INFO - DAG(s) dict_keys(['tutorial_taskflow_api_etl']) retrieved from /home/airflow/.local/lib/python3.7/site-packages/airflow/example_dags/tutorial_taskflow_api_etl.py
[2022-05-05 06:10:38,810] {logging_mixin.py:115} INFO - [2022-05-05 06:10:38,809] {dag.py:2371} INFO - Sync 1 DAGs
[2022-05-05 06:10:38,838] {logging_mixin.py:115} INFO - [2022-05-05 06:10:38,838] {dag.py:2919} INFO - Setting next_dagrun for tutorial_taskflow_api_etl to None, run_after=None
[2022-05-05 06:10:38,855] {processor.py:161} INFO - Processing /home/airflow/.local/lib/python3.7/site-packages/airflow/example_dags/tutorial_taskflow_api_etl.py took 0.200 seconds
[2022-05-05 06:11:09,416] {processor.py:153} INFO - Started process (PID=2073) to work on /home/airflow/.local/lib/python3.7/site-packages/airflow/example_dags/tutorial_taskflow_api_etl.py
[2022-05-05 06:11:09,417] {processor.py:641} INFO - Processing file /home/airflow/.local/lib/python3.7/site-packages/airflow/example_dags/tutorial_taskflow_api_etl.py for tasks to queue
[2022-05-05 06:11:09,418] {logging_mixin.py:115} INFO - [2022-05-05 06:11:09,418] {dagbag.py:507} INFO - Filling up the DagBag from /home/airflow/.local/lib/python3.7/site-packages/airflow/example_dags/tutorial_taskflow_api_etl.py
[2022-05-05 06:11:09,545] {processor.py:651} INFO - DAG(s) dict_keys(['tutorial_taskflow_api_etl']) retrieved from /home/airflow/.local/lib/python3.7/site-packages/airflow/example_dags/tutorial_taskflow_api_etl.py
[2022-05-05 06:11:09,569] {logging_mixin.py:115} INFO - [2022-05-05 06:11:09,569] {dag.py:2371} INFO - Sync 1 DAGs
[2022-05-05 06:11:09,592] {logging_mixin.py:115} INFO - [2022-05-05 06:11:09,592] {dag.py:2919} INFO - Setting next_dagrun for tutorial_taskflow_api_etl to None, run_after=None
[2022-05-05 06:11:09,605] {processor.py:161} INFO - Processing /home/airflow/.local/lib/python3.7/site-packages/airflow/example_dags/tutorial_taskflow_api_etl.py took 0.192 seconds
[2022-05-05 06:11:40,542] {processor.py:153} INFO - Started process (PID=2134) to work on /home/airflow/.local/lib/python3.7/site-packages/airflow/example_dags/tutorial_taskflow_api_etl.py
[2022-05-05 06:11:40,543] {processor.py:641} INFO - Processing file /home/airflow/.local/lib/python3.7/site-packages/airflow/example_dags/tutorial_taskflow_api_etl.py for tasks to queue
[2022-05-05 06:11:40,544] {logging_mixin.py:115} INFO - [2022-05-05 06:11:40,543] {dagbag.py:507} INFO - Filling up the DagBag from /home/airflow/.local/lib/python3.7/site-packages/airflow/example_dags/tutorial_taskflow_api_etl.py
[2022-05-05 06:11:40,678] {processor.py:651} INFO - DAG(s) dict_keys(['tutorial_taskflow_api_etl']) retrieved from /home/airflow/.local/lib/python3.7/site-packages/airflow/example_dags/tutorial_taskflow_api_etl.py
[2022-05-05 06:11:40,745] {logging_mixin.py:115} INFO - [2022-05-05 06:11:40,745] {dag.py:2371} INFO - Sync 1 DAGs
[2022-05-05 06:11:40,766] {logging_mixin.py:115} INFO - [2022-05-05 06:11:40,766] {dag.py:2919} INFO - Setting next_dagrun for tutorial_taskflow_api_etl to None, run_after=None
[2022-05-05 06:11:40,782] {processor.py:161} INFO - Processing /home/airflow/.local/lib/python3.7/site-packages/airflow/example_dags/tutorial_taskflow_api_etl.py took 0.243 seconds
[2022-05-05 06:12:10,902] {processor.py:153} INFO - Started process (PID=2195) to work on /home/airflow/.local/lib/python3.7/site-packages/airflow/example_dags/tutorial_taskflow_api_etl.py
[2022-05-05 06:12:10,902] {processor.py:641} INFO - Processing file /home/airflow/.local/lib/python3.7/site-packages/airflow/example_dags/tutorial_taskflow_api_etl.py for tasks to queue
[2022-05-05 06:12:10,903] {logging_mixin.py:115} INFO - [2022-05-05 06:12:10,903] {dagbag.py:507} INFO - Filling up the DagBag from /home/airflow/.local/lib/python3.7/site-packages/airflow/example_dags/tutorial_taskflow_api_etl.py
[2022-05-05 06:12:11,034] {processor.py:651} INFO - DAG(s) dict_keys(['tutorial_taskflow_api_etl']) retrieved from /home/airflow/.local/lib/python3.7/site-packages/airflow/example_dags/tutorial_taskflow_api_etl.py
[2022-05-05 06:12:11,054] {logging_mixin.py:115} INFO - [2022-05-05 06:12:11,054] {dag.py:2371} INFO - Sync 1 DAGs
[2022-05-05 06:12:11,073] {logging_mixin.py:115} INFO - [2022-05-05 06:12:11,073] {dag.py:2919} INFO - Setting next_dagrun for tutorial_taskflow_api_etl to None, run_after=None
[2022-05-05 06:12:11,088] {processor.py:161} INFO - Processing /home/airflow/.local/lib/python3.7/site-packages/airflow/example_dags/tutorial_taskflow_api_etl.py took 0.188 seconds
[2022-05-05 06:12:41,260] {processor.py:153} INFO - Started process (PID=2247) to work on /home/airflow/.local/lib/python3.7/site-packages/airflow/example_dags/tutorial_taskflow_api_etl.py
[2022-05-05 06:12:41,261] {processor.py:641} INFO - Processing file /home/airflow/.local/lib/python3.7/site-packages/airflow/example_dags/tutorial_taskflow_api_etl.py for tasks to queue
[2022-05-05 06:12:41,262] {logging_mixin.py:115} INFO - [2022-05-05 06:12:41,262] {dagbag.py:507} INFO - Filling up the DagBag from /home/airflow/.local/lib/python3.7/site-packages/airflow/example_dags/tutorial_taskflow_api_etl.py
[2022-05-05 06:12:41,391] {processor.py:651} INFO - DAG(s) dict_keys(['tutorial_taskflow_api_etl']) retrieved from /home/airflow/.local/lib/python3.7/site-packages/airflow/example_dags/tutorial_taskflow_api_etl.py
[2022-05-05 06:12:41,449] {logging_mixin.py:115} INFO - [2022-05-05 06:12:41,449] {dag.py:2371} INFO - Sync 1 DAGs
[2022-05-05 06:12:41,472] {logging_mixin.py:115} INFO - [2022-05-05 06:12:41,472] {dag.py:2919} INFO - Setting next_dagrun for tutorial_taskflow_api_etl to None, run_after=None
[2022-05-05 06:12:41,493] {processor.py:161} INFO - Processing /home/airflow/.local/lib/python3.7/site-packages/airflow/example_dags/tutorial_taskflow_api_etl.py took 0.235 seconds
[2022-05-05 06:13:11,625] {processor.py:153} INFO - Started process (PID=2309) to work on /home/airflow/.local/lib/python3.7/site-packages/airflow/example_dags/tutorial_taskflow_api_etl.py
[2022-05-05 06:13:11,626] {processor.py:641} INFO - Processing file /home/airflow/.local/lib/python3.7/site-packages/airflow/example_dags/tutorial_taskflow_api_etl.py for tasks to queue
[2022-05-05 06:13:11,626] {logging_mixin.py:115} INFO - [2022-05-05 06:13:11,626] {dagbag.py:507} INFO - Filling up the DagBag from /home/airflow/.local/lib/python3.7/site-packages/airflow/example_dags/tutorial_taskflow_api_etl.py
[2022-05-05 06:13:11,766] {processor.py:651} INFO - DAG(s) dict_keys(['tutorial_taskflow_api_etl']) retrieved from /home/airflow/.local/lib/python3.7/site-packages/airflow/example_dags/tutorial_taskflow_api_etl.py
[2022-05-05 06:13:11,827] {logging_mixin.py:115} INFO - [2022-05-05 06:13:11,827] {dag.py:2371} INFO - Sync 1 DAGs
[2022-05-05 06:13:11,851] {logging_mixin.py:115} INFO - [2022-05-05 06:13:11,851] {dag.py:2919} INFO - Setting next_dagrun for tutorial_taskflow_api_etl to None, run_after=None
[2022-05-05 06:13:11,868] {processor.py:161} INFO - Processing /home/airflow/.local/lib/python3.7/site-packages/airflow/example_dags/tutorial_taskflow_api_etl.py took 0.245 seconds
[2022-05-05 06:13:41,966] {processor.py:153} INFO - Started process (PID=2369) to work on /home/airflow/.local/lib/python3.7/site-packages/airflow/example_dags/tutorial_taskflow_api_etl.py
[2022-05-05 06:13:41,968] {processor.py:641} INFO - Processing file /home/airflow/.local/lib/python3.7/site-packages/airflow/example_dags/tutorial_taskflow_api_etl.py for tasks to queue
[2022-05-05 06:13:41,968] {logging_mixin.py:115} INFO - [2022-05-05 06:13:41,968] {dagbag.py:507} INFO - Filling up the DagBag from /home/airflow/.local/lib/python3.7/site-packages/airflow/example_dags/tutorial_taskflow_api_etl.py
[2022-05-05 06:13:42,128] {processor.py:651} INFO - DAG(s) dict_keys(['tutorial_taskflow_api_etl']) retrieved from /home/airflow/.local/lib/python3.7/site-packages/airflow/example_dags/tutorial_taskflow_api_etl.py
[2022-05-05 06:13:42,205] {logging_mixin.py:115} INFO - [2022-05-05 06:13:42,205] {dag.py:2371} INFO - Sync 1 DAGs
[2022-05-05 06:13:42,231] {logging_mixin.py:115} INFO - [2022-05-05 06:13:42,231] {dag.py:2919} INFO - Setting next_dagrun for tutorial_taskflow_api_etl to None, run_after=None
[2022-05-05 06:13:42,253] {processor.py:161} INFO - Processing /home/airflow/.local/lib/python3.7/site-packages/airflow/example_dags/tutorial_taskflow_api_etl.py took 0.290 seconds
[2022-05-05 06:14:12,518] {processor.py:153} INFO - Started process (PID=2424) to work on /home/airflow/.local/lib/python3.7/site-packages/airflow/example_dags/tutorial_taskflow_api_etl.py
[2022-05-05 06:14:12,519] {processor.py:641} INFO - Processing file /home/airflow/.local/lib/python3.7/site-packages/airflow/example_dags/tutorial_taskflow_api_etl.py for tasks to queue
[2022-05-05 06:14:12,519] {logging_mixin.py:115} INFO - [2022-05-05 06:14:12,519] {dagbag.py:507} INFO - Filling up the DagBag from /home/airflow/.local/lib/python3.7/site-packages/airflow/example_dags/tutorial_taskflow_api_etl.py
[2022-05-05 06:14:12,534] {processor.py:651} INFO - DAG(s) dict_keys(['tutorial_taskflow_api_etl']) retrieved from /home/airflow/.local/lib/python3.7/site-packages/airflow/example_dags/tutorial_taskflow_api_etl.py
[2022-05-05 06:14:12,601] {logging_mixin.py:115} INFO - [2022-05-05 06:14:12,601] {dag.py:2371} INFO - Sync 1 DAGs
[2022-05-05 06:14:12,623] {logging_mixin.py:115} INFO - [2022-05-05 06:14:12,623] {dag.py:2919} INFO - Setting next_dagrun for tutorial_taskflow_api_etl to None, run_after=None
[2022-05-05 06:14:12,640] {processor.py:161} INFO - Processing /home/airflow/.local/lib/python3.7/site-packages/airflow/example_dags/tutorial_taskflow_api_etl.py took 0.124 seconds
[2022-05-05 06:14:43,202] {processor.py:153} INFO - Started process (PID=2485) to work on /home/airflow/.local/lib/python3.7/site-packages/airflow/example_dags/tutorial_taskflow_api_etl.py
[2022-05-05 06:14:43,203] {processor.py:641} INFO - Processing file /home/airflow/.local/lib/python3.7/site-packages/airflow/example_dags/tutorial_taskflow_api_etl.py for tasks to queue
[2022-05-05 06:14:43,204] {logging_mixin.py:115} INFO - [2022-05-05 06:14:43,203] {dagbag.py:507} INFO - Filling up the DagBag from /home/airflow/.local/lib/python3.7/site-packages/airflow/example_dags/tutorial_taskflow_api_etl.py
[2022-05-05 06:14:43,217] {processor.py:651} INFO - DAG(s) dict_keys(['tutorial_taskflow_api_etl']) retrieved from /home/airflow/.local/lib/python3.7/site-packages/airflow/example_dags/tutorial_taskflow_api_etl.py
[2022-05-05 06:14:43,241] {logging_mixin.py:115} INFO - [2022-05-05 06:14:43,241] {dag.py:2371} INFO - Sync 1 DAGs
[2022-05-05 06:14:43,261] {logging_mixin.py:115} INFO - [2022-05-05 06:14:43,261] {dag.py:2919} INFO - Setting next_dagrun for tutorial_taskflow_api_etl to None, run_after=None
[2022-05-05 06:14:43,274] {processor.py:161} INFO - Processing /home/airflow/.local/lib/python3.7/site-packages/airflow/example_dags/tutorial_taskflow_api_etl.py took 0.074 seconds
[2022-05-05 06:15:13,951] {processor.py:153} INFO - Started process (PID=2538) to work on /home/airflow/.local/lib/python3.7/site-packages/airflow/example_dags/tutorial_taskflow_api_etl.py
[2022-05-05 06:15:13,951] {processor.py:641} INFO - Processing file /home/airflow/.local/lib/python3.7/site-packages/airflow/example_dags/tutorial_taskflow_api_etl.py for tasks to queue
[2022-05-05 06:15:13,952] {logging_mixin.py:115} INFO - [2022-05-05 06:15:13,952] {dagbag.py:507} INFO - Filling up the DagBag from /home/airflow/.local/lib/python3.7/site-packages/airflow/example_dags/tutorial_taskflow_api_etl.py
[2022-05-05 06:15:13,969] {processor.py:651} INFO - DAG(s) dict_keys(['tutorial_taskflow_api_etl']) retrieved from /home/airflow/.local/lib/python3.7/site-packages/airflow/example_dags/tutorial_taskflow_api_etl.py
[2022-05-05 06:15:13,991] {logging_mixin.py:115} INFO - [2022-05-05 06:15:13,991] {dag.py:2371} INFO - Sync 1 DAGs
[2022-05-05 06:15:14,011] {logging_mixin.py:115} INFO - [2022-05-05 06:15:14,011] {dag.py:2919} INFO - Setting next_dagrun for tutorial_taskflow_api_etl to None, run_after=None
[2022-05-05 06:15:14,024] {processor.py:161} INFO - Processing /home/airflow/.local/lib/python3.7/site-packages/airflow/example_dags/tutorial_taskflow_api_etl.py took 0.076 seconds
[2022-05-05 06:15:44,744] {processor.py:153} INFO - Started process (PID=2600) to work on /home/airflow/.local/lib/python3.7/site-packages/airflow/example_dags/tutorial_taskflow_api_etl.py
[2022-05-05 06:15:44,745] {processor.py:641} INFO - Processing file /home/airflow/.local/lib/python3.7/site-packages/airflow/example_dags/tutorial_taskflow_api_etl.py for tasks to queue
[2022-05-05 06:15:44,746] {logging_mixin.py:115} INFO - [2022-05-05 06:15:44,746] {dagbag.py:507} INFO - Filling up the DagBag from /home/airflow/.local/lib/python3.7/site-packages/airflow/example_dags/tutorial_taskflow_api_etl.py
[2022-05-05 06:15:44,763] {processor.py:651} INFO - DAG(s) dict_keys(['tutorial_taskflow_api_etl']) retrieved from /home/airflow/.local/lib/python3.7/site-packages/airflow/example_dags/tutorial_taskflow_api_etl.py
[2022-05-05 06:15:44,788] {logging_mixin.py:115} INFO - [2022-05-05 06:15:44,788] {dag.py:2371} INFO - Sync 1 DAGs
[2022-05-05 06:15:44,812] {logging_mixin.py:115} INFO - [2022-05-05 06:15:44,812] {dag.py:2919} INFO - Setting next_dagrun for tutorial_taskflow_api_etl to None, run_after=None
[2022-05-05 06:15:44,829] {processor.py:161} INFO - Processing /home/airflow/.local/lib/python3.7/site-packages/airflow/example_dags/tutorial_taskflow_api_etl.py took 0.087 seconds
[2022-05-05 06:16:15,429] {processor.py:153} INFO - Started process (PID=2663) to work on /home/airflow/.local/lib/python3.7/site-packages/airflow/example_dags/tutorial_taskflow_api_etl.py
[2022-05-05 06:16:15,430] {processor.py:641} INFO - Processing file /home/airflow/.local/lib/python3.7/site-packages/airflow/example_dags/tutorial_taskflow_api_etl.py for tasks to queue
[2022-05-05 06:16:15,430] {logging_mixin.py:115} INFO - [2022-05-05 06:16:15,430] {dagbag.py:507} INFO - Filling up the DagBag from /home/airflow/.local/lib/python3.7/site-packages/airflow/example_dags/tutorial_taskflow_api_etl.py
[2022-05-05 06:16:15,445] {processor.py:651} INFO - DAG(s) dict_keys(['tutorial_taskflow_api_etl']) retrieved from /home/airflow/.local/lib/python3.7/site-packages/airflow/example_dags/tutorial_taskflow_api_etl.py
[2022-05-05 06:16:15,510] {logging_mixin.py:115} INFO - [2022-05-05 06:16:15,510] {dag.py:2371} INFO - Sync 1 DAGs
[2022-05-05 06:16:15,533] {logging_mixin.py:115} INFO - [2022-05-05 06:16:15,532] {dag.py:2919} INFO - Setting next_dagrun for tutorial_taskflow_api_etl to None, run_after=None
[2022-05-05 06:16:15,550] {processor.py:161} INFO - Processing /home/airflow/.local/lib/python3.7/site-packages/airflow/example_dags/tutorial_taskflow_api_etl.py took 0.123 seconds
[2022-05-05 06:16:46,182] {processor.py:153} INFO - Started process (PID=2716) to work on /home/airflow/.local/lib/python3.7/site-packages/airflow/example_dags/tutorial_taskflow_api_etl.py
[2022-05-05 06:16:46,183] {processor.py:641} INFO - Processing file /home/airflow/.local/lib/python3.7/site-packages/airflow/example_dags/tutorial_taskflow_api_etl.py for tasks to queue
[2022-05-05 06:16:46,184] {logging_mixin.py:115} INFO - [2022-05-05 06:16:46,183] {dagbag.py:507} INFO - Filling up the DagBag from /home/airflow/.local/lib/python3.7/site-packages/airflow/example_dags/tutorial_taskflow_api_etl.py
[2022-05-05 06:16:46,198] {processor.py:651} INFO - DAG(s) dict_keys(['tutorial_taskflow_api_etl']) retrieved from /home/airflow/.local/lib/python3.7/site-packages/airflow/example_dags/tutorial_taskflow_api_etl.py
[2022-05-05 06:16:46,262] {logging_mixin.py:115} INFO - [2022-05-05 06:16:46,262] {dag.py:2371} INFO - Sync 1 DAGs
[2022-05-05 06:16:46,286] {logging_mixin.py:115} INFO - [2022-05-05 06:16:46,286] {dag.py:2919} INFO - Setting next_dagrun for tutorial_taskflow_api_etl to None, run_after=None
[2022-05-05 06:16:46,302] {processor.py:161} INFO - Processing /home/airflow/.local/lib/python3.7/site-packages/airflow/example_dags/tutorial_taskflow_api_etl.py took 0.123 seconds
[2022-05-05 06:17:16,849] {processor.py:153} INFO - Started process (PID=2779) to work on /home/airflow/.local/lib/python3.7/site-packages/airflow/example_dags/tutorial_taskflow_api_etl.py
[2022-05-05 06:17:16,850] {processor.py:641} INFO - Processing file /home/airflow/.local/lib/python3.7/site-packages/airflow/example_dags/tutorial_taskflow_api_etl.py for tasks to queue
[2022-05-05 06:17:16,850] {logging_mixin.py:115} INFO - [2022-05-05 06:17:16,850] {dagbag.py:507} INFO - Filling up the DagBag from /home/airflow/.local/lib/python3.7/site-packages/airflow/example_dags/tutorial_taskflow_api_etl.py
[2022-05-05 06:17:16,864] {processor.py:651} INFO - DAG(s) dict_keys(['tutorial_taskflow_api_etl']) retrieved from /home/airflow/.local/lib/python3.7/site-packages/airflow/example_dags/tutorial_taskflow_api_etl.py
[2022-05-05 06:17:16,927] {logging_mixin.py:115} INFO - [2022-05-05 06:17:16,927] {dag.py:2371} INFO - Sync 1 DAGs
[2022-05-05 06:17:16,952] {logging_mixin.py:115} INFO - [2022-05-05 06:17:16,952] {dag.py:2919} INFO - Setting next_dagrun for tutorial_taskflow_api_etl to None, run_after=None
[2022-05-05 06:17:16,967] {processor.py:161} INFO - Processing /home/airflow/.local/lib/python3.7/site-packages/airflow/example_dags/tutorial_taskflow_api_etl.py took 0.120 seconds
[2022-05-05 06:17:47,525] {processor.py:153} INFO - Started process (PID=2841) to work on /home/airflow/.local/lib/python3.7/site-packages/airflow/example_dags/tutorial_taskflow_api_etl.py
[2022-05-05 06:17:47,526] {processor.py:641} INFO - Processing file /home/airflow/.local/lib/python3.7/site-packages/airflow/example_dags/tutorial_taskflow_api_etl.py for tasks to queue
[2022-05-05 06:17:47,527] {logging_mixin.py:115} INFO - [2022-05-05 06:17:47,527] {dagbag.py:507} INFO - Filling up the DagBag from /home/airflow/.local/lib/python3.7/site-packages/airflow/example_dags/tutorial_taskflow_api_etl.py
[2022-05-05 06:17:47,543] {processor.py:651} INFO - DAG(s) dict_keys(['tutorial_taskflow_api_etl']) retrieved from /home/airflow/.local/lib/python3.7/site-packages/airflow/example_dags/tutorial_taskflow_api_etl.py
[2022-05-05 06:17:47,604] {logging_mixin.py:115} INFO - [2022-05-05 06:17:47,604] {dag.py:2371} INFO - Sync 1 DAGs
[2022-05-05 06:17:47,627] {logging_mixin.py:115} INFO - [2022-05-05 06:17:47,627] {dag.py:2919} INFO - Setting next_dagrun for tutorial_taskflow_api_etl to None, run_after=None
[2022-05-05 06:17:47,645] {processor.py:161} INFO - Processing /home/airflow/.local/lib/python3.7/site-packages/airflow/example_dags/tutorial_taskflow_api_etl.py took 0.122 seconds
[2022-05-05 06:18:18,321] {processor.py:153} INFO - Started process (PID=2893) to work on /home/airflow/.local/lib/python3.7/site-packages/airflow/example_dags/tutorial_taskflow_api_etl.py
[2022-05-05 06:18:18,322] {processor.py:641} INFO - Processing file /home/airflow/.local/lib/python3.7/site-packages/airflow/example_dags/tutorial_taskflow_api_etl.py for tasks to queue
[2022-05-05 06:18:18,323] {logging_mixin.py:115} INFO - [2022-05-05 06:18:18,323] {dagbag.py:507} INFO - Filling up the DagBag from /home/airflow/.local/lib/python3.7/site-packages/airflow/example_dags/tutorial_taskflow_api_etl.py
[2022-05-05 06:18:18,345] {processor.py:651} INFO - DAG(s) dict_keys(['tutorial_taskflow_api_etl']) retrieved from /home/airflow/.local/lib/python3.7/site-packages/airflow/example_dags/tutorial_taskflow_api_etl.py
[2022-05-05 06:18:18,414] {logging_mixin.py:115} INFO - [2022-05-05 06:18:18,414] {dag.py:2371} INFO - Sync 1 DAGs
[2022-05-05 06:18:18,441] {logging_mixin.py:115} INFO - [2022-05-05 06:18:18,440] {dag.py:2919} INFO - Setting next_dagrun for tutorial_taskflow_api_etl to None, run_after=None
[2022-05-05 06:18:18,456] {processor.py:161} INFO - Processing /home/airflow/.local/lib/python3.7/site-packages/airflow/example_dags/tutorial_taskflow_api_etl.py took 0.138 seconds
[2022-05-05 06:18:48,965] {processor.py:153} INFO - Started process (PID=2957) to work on /home/airflow/.local/lib/python3.7/site-packages/airflow/example_dags/tutorial_taskflow_api_etl.py
[2022-05-05 06:18:48,966] {processor.py:641} INFO - Processing file /home/airflow/.local/lib/python3.7/site-packages/airflow/example_dags/tutorial_taskflow_api_etl.py for tasks to queue
[2022-05-05 06:18:48,966] {logging_mixin.py:115} INFO - [2022-05-05 06:18:48,966] {dagbag.py:507} INFO - Filling up the DagBag from /home/airflow/.local/lib/python3.7/site-packages/airflow/example_dags/tutorial_taskflow_api_etl.py
[2022-05-05 06:18:48,980] {processor.py:651} INFO - DAG(s) dict_keys(['tutorial_taskflow_api_etl']) retrieved from /home/airflow/.local/lib/python3.7/site-packages/airflow/example_dags/tutorial_taskflow_api_etl.py
[2022-05-05 06:18:49,045] {logging_mixin.py:115} INFO - [2022-05-05 06:18:49,045] {dag.py:2371} INFO - Sync 1 DAGs
[2022-05-05 06:18:49,066] {logging_mixin.py:115} INFO - [2022-05-05 06:18:49,066] {dag.py:2919} INFO - Setting next_dagrun for tutorial_taskflow_api_etl to None, run_after=None
[2022-05-05 06:18:49,087] {processor.py:161} INFO - Processing /home/airflow/.local/lib/python3.7/site-packages/airflow/example_dags/tutorial_taskflow_api_etl.py took 0.125 seconds
[2022-05-05 06:19:19,680] {processor.py:153} INFO - Started process (PID=3019) to work on /home/airflow/.local/lib/python3.7/site-packages/airflow/example_dags/tutorial_taskflow_api_etl.py
[2022-05-05 06:19:19,680] {processor.py:641} INFO - Processing file /home/airflow/.local/lib/python3.7/site-packages/airflow/example_dags/tutorial_taskflow_api_etl.py for tasks to queue
[2022-05-05 06:19:19,681] {logging_mixin.py:115} INFO - [2022-05-05 06:19:19,681] {dagbag.py:507} INFO - Filling up the DagBag from /home/airflow/.local/lib/python3.7/site-packages/airflow/example_dags/tutorial_taskflow_api_etl.py
[2022-05-05 06:19:19,694] {processor.py:651} INFO - DAG(s) dict_keys(['tutorial_taskflow_api_etl']) retrieved from /home/airflow/.local/lib/python3.7/site-packages/airflow/example_dags/tutorial_taskflow_api_etl.py
[2022-05-05 06:19:19,758] {logging_mixin.py:115} INFO - [2022-05-05 06:19:19,758] {dag.py:2371} INFO - Sync 1 DAGs
[2022-05-05 06:19:19,780] {logging_mixin.py:115} INFO - [2022-05-05 06:19:19,780] {dag.py:2919} INFO - Setting next_dagrun for tutorial_taskflow_api_etl to None, run_after=None
[2022-05-05 06:19:19,798] {processor.py:161} INFO - Processing /home/airflow/.local/lib/python3.7/site-packages/airflow/example_dags/tutorial_taskflow_api_etl.py took 0.121 seconds
[2022-05-05 06:19:50,542] {processor.py:153} INFO - Started process (PID=3073) to work on /home/airflow/.local/lib/python3.7/site-packages/airflow/example_dags/tutorial_taskflow_api_etl.py
[2022-05-05 06:19:50,543] {processor.py:641} INFO - Processing file /home/airflow/.local/lib/python3.7/site-packages/airflow/example_dags/tutorial_taskflow_api_etl.py for tasks to queue
[2022-05-05 06:19:50,543] {logging_mixin.py:115} INFO - [2022-05-05 06:19:50,543] {dagbag.py:507} INFO - Filling up the DagBag from /home/airflow/.local/lib/python3.7/site-packages/airflow/example_dags/tutorial_taskflow_api_etl.py
[2022-05-05 06:19:50,564] {processor.py:651} INFO - DAG(s) dict_keys(['tutorial_taskflow_api_etl']) retrieved from /home/airflow/.local/lib/python3.7/site-packages/airflow/example_dags/tutorial_taskflow_api_etl.py
[2022-05-05 06:19:50,627] {logging_mixin.py:115} INFO - [2022-05-05 06:19:50,627] {dag.py:2371} INFO - Sync 1 DAGs
[2022-05-05 06:19:50,650] {logging_mixin.py:115} INFO - [2022-05-05 06:19:50,650] {dag.py:2919} INFO - Setting next_dagrun for tutorial_taskflow_api_etl to None, run_after=None
[2022-05-05 06:19:50,669] {processor.py:161} INFO - Processing /home/airflow/.local/lib/python3.7/site-packages/airflow/example_dags/tutorial_taskflow_api_etl.py took 0.130 seconds
[2022-05-05 06:20:21,462] {processor.py:153} INFO - Started process (PID=3137) to work on /home/airflow/.local/lib/python3.7/site-packages/airflow/example_dags/tutorial_taskflow_api_etl.py
[2022-05-05 06:20:21,463] {processor.py:641} INFO - Processing file /home/airflow/.local/lib/python3.7/site-packages/airflow/example_dags/tutorial_taskflow_api_etl.py for tasks to queue
[2022-05-05 06:20:21,463] {logging_mixin.py:115} INFO - [2022-05-05 06:20:21,463] {dagbag.py:507} INFO - Filling up the DagBag from /home/airflow/.local/lib/python3.7/site-packages/airflow/example_dags/tutorial_taskflow_api_etl.py
[2022-05-05 06:20:21,482] {processor.py:651} INFO - DAG(s) dict_keys(['tutorial_taskflow_api_etl']) retrieved from /home/airflow/.local/lib/python3.7/site-packages/airflow/example_dags/tutorial_taskflow_api_etl.py
[2022-05-05 06:20:21,547] {logging_mixin.py:115} INFO - [2022-05-05 06:20:21,547] {dag.py:2371} INFO - Sync 1 DAGs
[2022-05-05 06:20:21,569] {logging_mixin.py:115} INFO - [2022-05-05 06:20:21,568] {dag.py:2919} INFO - Setting next_dagrun for tutorial_taskflow_api_etl to None, run_after=None
[2022-05-05 06:20:21,585] {processor.py:161} INFO - Processing /home/airflow/.local/lib/python3.7/site-packages/airflow/example_dags/tutorial_taskflow_api_etl.py took 0.126 seconds
[2022-05-05 06:20:52,205] {processor.py:153} INFO - Started process (PID=3200) to work on /home/airflow/.local/lib/python3.7/site-packages/airflow/example_dags/tutorial_taskflow_api_etl.py
[2022-05-05 06:20:52,206] {processor.py:641} INFO - Processing file /home/airflow/.local/lib/python3.7/site-packages/airflow/example_dags/tutorial_taskflow_api_etl.py for tasks to queue
[2022-05-05 06:20:52,206] {logging_mixin.py:115} INFO - [2022-05-05 06:20:52,206] {dagbag.py:507} INFO - Filling up the DagBag from /home/airflow/.local/lib/python3.7/site-packages/airflow/example_dags/tutorial_taskflow_api_etl.py
[2022-05-05 06:20:52,222] {processor.py:651} INFO - DAG(s) dict_keys(['tutorial_taskflow_api_etl']) retrieved from /home/airflow/.local/lib/python3.7/site-packages/airflow/example_dags/tutorial_taskflow_api_etl.py
[2022-05-05 06:20:52,295] {logging_mixin.py:115} INFO - [2022-05-05 06:20:52,295] {dag.py:2371} INFO - Sync 1 DAGs
[2022-05-05 06:20:52,319] {logging_mixin.py:115} INFO - [2022-05-05 06:20:52,319] {dag.py:2919} INFO - Setting next_dagrun for tutorial_taskflow_api_etl to None, run_after=None
[2022-05-05 06:20:52,342] {processor.py:161} INFO - Processing /home/airflow/.local/lib/python3.7/site-packages/airflow/example_dags/tutorial_taskflow_api_etl.py took 0.140 seconds
[2022-05-05 06:21:22,987] {processor.py:153} INFO - Started process (PID=3253) to work on /home/airflow/.local/lib/python3.7/site-packages/airflow/example_dags/tutorial_taskflow_api_etl.py
[2022-05-05 06:21:22,987] {processor.py:641} INFO - Processing file /home/airflow/.local/lib/python3.7/site-packages/airflow/example_dags/tutorial_taskflow_api_etl.py for tasks to queue
[2022-05-05 06:21:22,988] {logging_mixin.py:115} INFO - [2022-05-05 06:21:22,988] {dagbag.py:507} INFO - Filling up the DagBag from /home/airflow/.local/lib/python3.7/site-packages/airflow/example_dags/tutorial_taskflow_api_etl.py
[2022-05-05 06:21:23,003] {processor.py:651} INFO - DAG(s) dict_keys(['tutorial_taskflow_api_etl']) retrieved from /home/airflow/.local/lib/python3.7/site-packages/airflow/example_dags/tutorial_taskflow_api_etl.py
[2022-05-05 06:21:23,068] {logging_mixin.py:115} INFO - [2022-05-05 06:21:23,068] {dag.py:2371} INFO - Sync 1 DAGs
[2022-05-05 06:21:23,091] {logging_mixin.py:115} INFO - [2022-05-05 06:21:23,091] {dag.py:2919} INFO - Setting next_dagrun for tutorial_taskflow_api_etl to None, run_after=None
[2022-05-05 06:21:23,108] {processor.py:161} INFO - Processing /home/airflow/.local/lib/python3.7/site-packages/airflow/example_dags/tutorial_taskflow_api_etl.py took 0.123 seconds
