[2022-05-05 05:41:30,672] {processor.py:153} INFO - Started process (PID=64) to work on /home/airflow/.local/lib/python3.7/site-packages/airflow/example_dags/tutorial_etl_dag.py
[2022-05-05 05:41:30,673] {processor.py:641} INFO - Processing file /home/airflow/.local/lib/python3.7/site-packages/airflow/example_dags/tutorial_etl_dag.py for tasks to queue
[2022-05-05 05:41:30,674] {logging_mixin.py:115} INFO - [2022-05-05 05:41:30,673] {dagbag.py:507} INFO - Filling up the DagBag from /home/airflow/.local/lib/python3.7/site-packages/airflow/example_dags/tutorial_etl_dag.py
[2022-05-05 05:41:30,687] {processor.py:651} INFO - DAG(s) dict_keys(['tutorial_etl_dag']) retrieved from /home/airflow/.local/lib/python3.7/site-packages/airflow/example_dags/tutorial_etl_dag.py
[2022-05-05 05:41:30,962] {logging_mixin.py:115} INFO - [2022-05-05 05:41:30,962] {manager.py:508} INFO - Created Permission View: can delete on DAG:tutorial_etl_dag
[2022-05-05 05:41:30,974] {logging_mixin.py:115} INFO - [2022-05-05 05:41:30,974] {manager.py:508} INFO - Created Permission View: can edit on DAG:tutorial_etl_dag
[2022-05-05 05:41:30,986] {logging_mixin.py:115} INFO - [2022-05-05 05:41:30,986] {manager.py:508} INFO - Created Permission View: can read on DAG:tutorial_etl_dag
[2022-05-05 05:41:30,986] {logging_mixin.py:115} INFO - [2022-05-05 05:41:30,986] {dag.py:2371} INFO - Sync 1 DAGs
[2022-05-05 05:41:30,997] {logging_mixin.py:115} INFO - [2022-05-05 05:41:30,997] {dag.py:2390} INFO - Creating ORM DAG for tutorial_etl_dag
[2022-05-05 05:41:31,012] {logging_mixin.py:115} INFO - [2022-05-05 05:41:31,012] {dag.py:2919} INFO - Setting next_dagrun for tutorial_etl_dag to None, run_after=None
[2022-05-05 05:41:31,032] {processor.py:161} INFO - Processing /home/airflow/.local/lib/python3.7/site-packages/airflow/example_dags/tutorial_etl_dag.py took 0.366 seconds
[2022-05-05 05:42:01,235] {processor.py:153} INFO - Started process (PID=125) to work on /home/airflow/.local/lib/python3.7/site-packages/airflow/example_dags/tutorial_etl_dag.py
[2022-05-05 05:42:01,235] {processor.py:641} INFO - Processing file /home/airflow/.local/lib/python3.7/site-packages/airflow/example_dags/tutorial_etl_dag.py for tasks to queue
[2022-05-05 05:42:01,236] {logging_mixin.py:115} INFO - [2022-05-05 05:42:01,235] {dagbag.py:507} INFO - Filling up the DagBag from /home/airflow/.local/lib/python3.7/site-packages/airflow/example_dags/tutorial_etl_dag.py
[2022-05-05 05:42:01,242] {processor.py:651} INFO - DAG(s) dict_keys(['tutorial_etl_dag']) retrieved from /home/airflow/.local/lib/python3.7/site-packages/airflow/example_dags/tutorial_etl_dag.py
[2022-05-05 05:42:01,270] {logging_mixin.py:115} INFO - [2022-05-05 05:42:01,270] {dag.py:2371} INFO - Sync 1 DAGs
[2022-05-05 05:42:01,414] {logging_mixin.py:115} INFO - [2022-05-05 05:42:01,414] {dag.py:2919} INFO - Setting next_dagrun for tutorial_etl_dag to None, run_after=None
[2022-05-05 05:42:01,435] {processor.py:161} INFO - Processing /home/airflow/.local/lib/python3.7/site-packages/airflow/example_dags/tutorial_etl_dag.py took 0.204 seconds
[2022-05-05 05:42:32,175] {processor.py:153} INFO - Started process (PID=177) to work on /home/airflow/.local/lib/python3.7/site-packages/airflow/example_dags/tutorial_etl_dag.py
[2022-05-05 05:42:32,176] {processor.py:641} INFO - Processing file /home/airflow/.local/lib/python3.7/site-packages/airflow/example_dags/tutorial_etl_dag.py for tasks to queue
[2022-05-05 05:42:32,177] {logging_mixin.py:115} INFO - [2022-05-05 05:42:32,177] {dagbag.py:507} INFO - Filling up the DagBag from /home/airflow/.local/lib/python3.7/site-packages/airflow/example_dags/tutorial_etl_dag.py
[2022-05-05 05:42:32,182] {processor.py:651} INFO - DAG(s) dict_keys(['tutorial_etl_dag']) retrieved from /home/airflow/.local/lib/python3.7/site-packages/airflow/example_dags/tutorial_etl_dag.py
[2022-05-05 05:42:32,212] {logging_mixin.py:115} INFO - [2022-05-05 05:42:32,212] {dag.py:2371} INFO - Sync 1 DAGs
[2022-05-05 05:42:32,343] {logging_mixin.py:115} INFO - [2022-05-05 05:42:32,343] {dag.py:2919} INFO - Setting next_dagrun for tutorial_etl_dag to None, run_after=None
[2022-05-05 05:42:32,366] {processor.py:161} INFO - Processing /home/airflow/.local/lib/python3.7/site-packages/airflow/example_dags/tutorial_etl_dag.py took 0.193 seconds
[2022-05-05 05:43:02,786] {processor.py:153} INFO - Started process (PID=240) to work on /home/airflow/.local/lib/python3.7/site-packages/airflow/example_dags/tutorial_etl_dag.py
[2022-05-05 05:43:02,786] {processor.py:641} INFO - Processing file /home/airflow/.local/lib/python3.7/site-packages/airflow/example_dags/tutorial_etl_dag.py for tasks to queue
[2022-05-05 05:43:02,786] {logging_mixin.py:115} INFO - [2022-05-05 05:43:02,786] {dagbag.py:507} INFO - Filling up the DagBag from /home/airflow/.local/lib/python3.7/site-packages/airflow/example_dags/tutorial_etl_dag.py
[2022-05-05 05:43:02,792] {processor.py:651} INFO - DAG(s) dict_keys(['tutorial_etl_dag']) retrieved from /home/airflow/.local/lib/python3.7/site-packages/airflow/example_dags/tutorial_etl_dag.py
[2022-05-05 05:43:02,817] {logging_mixin.py:115} INFO - [2022-05-05 05:43:02,817] {dag.py:2371} INFO - Sync 1 DAGs
[2022-05-05 05:43:02,949] {logging_mixin.py:115} INFO - [2022-05-05 05:43:02,949] {dag.py:2919} INFO - Setting next_dagrun for tutorial_etl_dag to None, run_after=None
[2022-05-05 05:43:02,964] {processor.py:161} INFO - Processing /home/airflow/.local/lib/python3.7/site-packages/airflow/example_dags/tutorial_etl_dag.py took 0.180 seconds
[2022-05-05 05:43:33,903] {processor.py:153} INFO - Started process (PID=302) to work on /home/airflow/.local/lib/python3.7/site-packages/airflow/example_dags/tutorial_etl_dag.py
[2022-05-05 05:43:33,905] {processor.py:641} INFO - Processing file /home/airflow/.local/lib/python3.7/site-packages/airflow/example_dags/tutorial_etl_dag.py for tasks to queue
[2022-05-05 05:43:33,906] {logging_mixin.py:115} INFO - [2022-05-05 05:43:33,906] {dagbag.py:507} INFO - Filling up the DagBag from /home/airflow/.local/lib/python3.7/site-packages/airflow/example_dags/tutorial_etl_dag.py
[2022-05-05 05:43:33,918] {processor.py:651} INFO - DAG(s) dict_keys(['tutorial_etl_dag']) retrieved from /home/airflow/.local/lib/python3.7/site-packages/airflow/example_dags/tutorial_etl_dag.py
[2022-05-05 05:43:33,962] {logging_mixin.py:115} INFO - [2022-05-05 05:43:33,961] {dag.py:2371} INFO - Sync 1 DAGs
[2022-05-05 05:43:34,190] {logging_mixin.py:115} INFO - [2022-05-05 05:43:34,190] {dag.py:2919} INFO - Setting next_dagrun for tutorial_etl_dag to None, run_after=None
[2022-05-05 05:43:34,217] {processor.py:161} INFO - Processing /home/airflow/.local/lib/python3.7/site-packages/airflow/example_dags/tutorial_etl_dag.py took 0.324 seconds
[2022-05-05 05:44:05,120] {processor.py:153} INFO - Started process (PID=354) to work on /home/airflow/.local/lib/python3.7/site-packages/airflow/example_dags/tutorial_etl_dag.py
[2022-05-05 05:44:05,121] {processor.py:641} INFO - Processing file /home/airflow/.local/lib/python3.7/site-packages/airflow/example_dags/tutorial_etl_dag.py for tasks to queue
[2022-05-05 05:44:05,121] {logging_mixin.py:115} INFO - [2022-05-05 05:44:05,121] {dagbag.py:507} INFO - Filling up the DagBag from /home/airflow/.local/lib/python3.7/site-packages/airflow/example_dags/tutorial_etl_dag.py
[2022-05-05 05:44:05,126] {processor.py:651} INFO - DAG(s) dict_keys(['tutorial_etl_dag']) retrieved from /home/airflow/.local/lib/python3.7/site-packages/airflow/example_dags/tutorial_etl_dag.py
[2022-05-05 05:44:05,147] {logging_mixin.py:115} INFO - [2022-05-05 05:44:05,147] {dag.py:2371} INFO - Sync 1 DAGs
[2022-05-05 05:44:05,270] {logging_mixin.py:115} INFO - [2022-05-05 05:44:05,270] {dag.py:2919} INFO - Setting next_dagrun for tutorial_etl_dag to None, run_after=None
[2022-05-05 05:44:05,282] {processor.py:161} INFO - Processing /home/airflow/.local/lib/python3.7/site-packages/airflow/example_dags/tutorial_etl_dag.py took 0.165 seconds
[2022-05-05 05:44:35,653] {processor.py:153} INFO - Started process (PID=418) to work on /home/airflow/.local/lib/python3.7/site-packages/airflow/example_dags/tutorial_etl_dag.py
[2022-05-05 05:44:35,654] {processor.py:641} INFO - Processing file /home/airflow/.local/lib/python3.7/site-packages/airflow/example_dags/tutorial_etl_dag.py for tasks to queue
[2022-05-05 05:44:35,655] {logging_mixin.py:115} INFO - [2022-05-05 05:44:35,655] {dagbag.py:507} INFO - Filling up the DagBag from /home/airflow/.local/lib/python3.7/site-packages/airflow/example_dags/tutorial_etl_dag.py
[2022-05-05 05:44:35,662] {processor.py:651} INFO - DAG(s) dict_keys(['tutorial_etl_dag']) retrieved from /home/airflow/.local/lib/python3.7/site-packages/airflow/example_dags/tutorial_etl_dag.py
[2022-05-05 05:44:35,684] {logging_mixin.py:115} INFO - [2022-05-05 05:44:35,684] {dag.py:2371} INFO - Sync 1 DAGs
[2022-05-05 05:44:35,805] {logging_mixin.py:115} INFO - [2022-05-05 05:44:35,804] {dag.py:2919} INFO - Setting next_dagrun for tutorial_etl_dag to None, run_after=None
[2022-05-05 05:44:35,820] {processor.py:161} INFO - Processing /home/airflow/.local/lib/python3.7/site-packages/airflow/example_dags/tutorial_etl_dag.py took 0.171 seconds
[2022-05-05 05:45:06,109] {processor.py:153} INFO - Started process (PID=479) to work on /home/airflow/.local/lib/python3.7/site-packages/airflow/example_dags/tutorial_etl_dag.py
[2022-05-05 05:45:06,110] {processor.py:641} INFO - Processing file /home/airflow/.local/lib/python3.7/site-packages/airflow/example_dags/tutorial_etl_dag.py for tasks to queue
[2022-05-05 05:45:06,110] {logging_mixin.py:115} INFO - [2022-05-05 05:45:06,110] {dagbag.py:507} INFO - Filling up the DagBag from /home/airflow/.local/lib/python3.7/site-packages/airflow/example_dags/tutorial_etl_dag.py
[2022-05-05 05:45:06,116] {processor.py:651} INFO - DAG(s) dict_keys(['tutorial_etl_dag']) retrieved from /home/airflow/.local/lib/python3.7/site-packages/airflow/example_dags/tutorial_etl_dag.py
[2022-05-05 05:45:06,147] {logging_mixin.py:115} INFO - [2022-05-05 05:45:06,147] {dag.py:2371} INFO - Sync 1 DAGs
[2022-05-05 05:45:06,307] {logging_mixin.py:115} INFO - [2022-05-05 05:45:06,307] {dag.py:2919} INFO - Setting next_dagrun for tutorial_etl_dag to None, run_after=None
[2022-05-05 05:45:06,322] {processor.py:161} INFO - Processing /home/airflow/.local/lib/python3.7/site-packages/airflow/example_dags/tutorial_etl_dag.py took 0.216 seconds
[2022-05-05 05:45:36,535] {processor.py:153} INFO - Started process (PID=533) to work on /home/airflow/.local/lib/python3.7/site-packages/airflow/example_dags/tutorial_etl_dag.py
[2022-05-05 05:45:36,538] {processor.py:641} INFO - Processing file /home/airflow/.local/lib/python3.7/site-packages/airflow/example_dags/tutorial_etl_dag.py for tasks to queue
[2022-05-05 05:45:36,538] {logging_mixin.py:115} INFO - [2022-05-05 05:45:36,538] {dagbag.py:507} INFO - Filling up the DagBag from /home/airflow/.local/lib/python3.7/site-packages/airflow/example_dags/tutorial_etl_dag.py
[2022-05-05 05:45:36,543] {processor.py:651} INFO - DAG(s) dict_keys(['tutorial_etl_dag']) retrieved from /home/airflow/.local/lib/python3.7/site-packages/airflow/example_dags/tutorial_etl_dag.py
[2022-05-05 05:45:36,568] {logging_mixin.py:115} INFO - [2022-05-05 05:45:36,568] {dag.py:2371} INFO - Sync 1 DAGs
[2022-05-05 05:45:36,701] {logging_mixin.py:115} INFO - [2022-05-05 05:45:36,701] {dag.py:2919} INFO - Setting next_dagrun for tutorial_etl_dag to None, run_after=None
[2022-05-05 05:45:36,715] {processor.py:161} INFO - Processing /home/airflow/.local/lib/python3.7/site-packages/airflow/example_dags/tutorial_etl_dag.py took 0.182 seconds
[2022-05-05 05:46:06,985] {processor.py:153} INFO - Started process (PID=595) to work on /home/airflow/.local/lib/python3.7/site-packages/airflow/example_dags/tutorial_etl_dag.py
[2022-05-05 05:46:06,986] {processor.py:641} INFO - Processing file /home/airflow/.local/lib/python3.7/site-packages/airflow/example_dags/tutorial_etl_dag.py for tasks to queue
[2022-05-05 05:46:06,986] {logging_mixin.py:115} INFO - [2022-05-05 05:46:06,986] {dagbag.py:507} INFO - Filling up the DagBag from /home/airflow/.local/lib/python3.7/site-packages/airflow/example_dags/tutorial_etl_dag.py
[2022-05-05 05:46:06,996] {processor.py:651} INFO - DAG(s) dict_keys(['tutorial_etl_dag']) retrieved from /home/airflow/.local/lib/python3.7/site-packages/airflow/example_dags/tutorial_etl_dag.py
[2022-05-05 05:46:07,023] {logging_mixin.py:115} INFO - [2022-05-05 05:46:07,023] {dag.py:2371} INFO - Sync 1 DAGs
[2022-05-05 05:46:07,173] {logging_mixin.py:115} INFO - [2022-05-05 05:46:07,173] {dag.py:2919} INFO - Setting next_dagrun for tutorial_etl_dag to None, run_after=None
[2022-05-05 05:46:07,191] {processor.py:161} INFO - Processing /home/airflow/.local/lib/python3.7/site-packages/airflow/example_dags/tutorial_etl_dag.py took 0.209 seconds
[2022-05-05 05:46:37,551] {processor.py:153} INFO - Started process (PID=656) to work on /home/airflow/.local/lib/python3.7/site-packages/airflow/example_dags/tutorial_etl_dag.py
[2022-05-05 05:46:37,552] {processor.py:641} INFO - Processing file /home/airflow/.local/lib/python3.7/site-packages/airflow/example_dags/tutorial_etl_dag.py for tasks to queue
[2022-05-05 05:46:37,553] {logging_mixin.py:115} INFO - [2022-05-05 05:46:37,553] {dagbag.py:507} INFO - Filling up the DagBag from /home/airflow/.local/lib/python3.7/site-packages/airflow/example_dags/tutorial_etl_dag.py
[2022-05-05 05:46:37,558] {processor.py:651} INFO - DAG(s) dict_keys(['tutorial_etl_dag']) retrieved from /home/airflow/.local/lib/python3.7/site-packages/airflow/example_dags/tutorial_etl_dag.py
[2022-05-05 05:46:37,586] {logging_mixin.py:115} INFO - [2022-05-05 05:46:37,586] {dag.py:2371} INFO - Sync 1 DAGs
[2022-05-05 05:46:37,722] {logging_mixin.py:115} INFO - [2022-05-05 05:46:37,721] {dag.py:2919} INFO - Setting next_dagrun for tutorial_etl_dag to None, run_after=None
[2022-05-05 05:46:37,736] {processor.py:161} INFO - Processing /home/airflow/.local/lib/python3.7/site-packages/airflow/example_dags/tutorial_etl_dag.py took 0.187 seconds
[2022-05-05 05:47:08,205] {processor.py:153} INFO - Started process (PID=711) to work on /home/airflow/.local/lib/python3.7/site-packages/airflow/example_dags/tutorial_etl_dag.py
[2022-05-05 05:47:08,205] {processor.py:641} INFO - Processing file /home/airflow/.local/lib/python3.7/site-packages/airflow/example_dags/tutorial_etl_dag.py for tasks to queue
[2022-05-05 05:47:08,206] {logging_mixin.py:115} INFO - [2022-05-05 05:47:08,206] {dagbag.py:507} INFO - Filling up the DagBag from /home/airflow/.local/lib/python3.7/site-packages/airflow/example_dags/tutorial_etl_dag.py
[2022-05-05 05:47:08,211] {processor.py:651} INFO - DAG(s) dict_keys(['tutorial_etl_dag']) retrieved from /home/airflow/.local/lib/python3.7/site-packages/airflow/example_dags/tutorial_etl_dag.py
[2022-05-05 05:47:08,236] {logging_mixin.py:115} INFO - [2022-05-05 05:47:08,236] {dag.py:2371} INFO - Sync 1 DAGs
[2022-05-05 05:47:08,358] {logging_mixin.py:115} INFO - [2022-05-05 05:47:08,358] {dag.py:2919} INFO - Setting next_dagrun for tutorial_etl_dag to None, run_after=None
[2022-05-05 05:47:08,371] {processor.py:161} INFO - Processing /home/airflow/.local/lib/python3.7/site-packages/airflow/example_dags/tutorial_etl_dag.py took 0.169 seconds
[2022-05-05 05:47:38,749] {processor.py:153} INFO - Started process (PID=774) to work on /home/airflow/.local/lib/python3.7/site-packages/airflow/example_dags/tutorial_etl_dag.py
[2022-05-05 05:47:38,749] {processor.py:641} INFO - Processing file /home/airflow/.local/lib/python3.7/site-packages/airflow/example_dags/tutorial_etl_dag.py for tasks to queue
[2022-05-05 05:47:38,750] {logging_mixin.py:115} INFO - [2022-05-05 05:47:38,749] {dagbag.py:507} INFO - Filling up the DagBag from /home/airflow/.local/lib/python3.7/site-packages/airflow/example_dags/tutorial_etl_dag.py
[2022-05-05 05:47:38,754] {processor.py:651} INFO - DAG(s) dict_keys(['tutorial_etl_dag']) retrieved from /home/airflow/.local/lib/python3.7/site-packages/airflow/example_dags/tutorial_etl_dag.py
[2022-05-05 05:47:38,778] {logging_mixin.py:115} INFO - [2022-05-05 05:47:38,778] {dag.py:2371} INFO - Sync 1 DAGs
[2022-05-05 05:47:38,908] {logging_mixin.py:115} INFO - [2022-05-05 05:47:38,908] {dag.py:2919} INFO - Setting next_dagrun for tutorial_etl_dag to None, run_after=None
[2022-05-05 05:47:38,921] {processor.py:161} INFO - Processing /home/airflow/.local/lib/python3.7/site-packages/airflow/example_dags/tutorial_etl_dag.py took 0.174 seconds
[2022-05-05 05:48:09,483] {processor.py:153} INFO - Started process (PID=833) to work on /home/airflow/.local/lib/python3.7/site-packages/airflow/example_dags/tutorial_etl_dag.py
[2022-05-05 05:48:09,488] {processor.py:641} INFO - Processing file /home/airflow/.local/lib/python3.7/site-packages/airflow/example_dags/tutorial_etl_dag.py for tasks to queue
[2022-05-05 05:48:09,489] {logging_mixin.py:115} INFO - [2022-05-05 05:48:09,489] {dagbag.py:507} INFO - Filling up the DagBag from /home/airflow/.local/lib/python3.7/site-packages/airflow/example_dags/tutorial_etl_dag.py
[2022-05-05 05:48:09,494] {processor.py:651} INFO - DAG(s) dict_keys(['tutorial_etl_dag']) retrieved from /home/airflow/.local/lib/python3.7/site-packages/airflow/example_dags/tutorial_etl_dag.py
[2022-05-05 05:48:09,522] {logging_mixin.py:115} INFO - [2022-05-05 05:48:09,522] {dag.py:2371} INFO - Sync 1 DAGs
[2022-05-05 05:48:09,667] {logging_mixin.py:115} INFO - [2022-05-05 05:48:09,666] {dag.py:2919} INFO - Setting next_dagrun for tutorial_etl_dag to None, run_after=None
[2022-05-05 05:48:09,682] {processor.py:161} INFO - Processing /home/airflow/.local/lib/python3.7/site-packages/airflow/example_dags/tutorial_etl_dag.py took 0.200 seconds
[2022-05-05 05:48:40,325] {processor.py:153} INFO - Started process (PID=887) to work on /home/airflow/.local/lib/python3.7/site-packages/airflow/example_dags/tutorial_etl_dag.py
[2022-05-05 05:48:40,325] {processor.py:641} INFO - Processing file /home/airflow/.local/lib/python3.7/site-packages/airflow/example_dags/tutorial_etl_dag.py for tasks to queue
[2022-05-05 05:48:40,326] {logging_mixin.py:115} INFO - [2022-05-05 05:48:40,326] {dagbag.py:507} INFO - Filling up the DagBag from /home/airflow/.local/lib/python3.7/site-packages/airflow/example_dags/tutorial_etl_dag.py
[2022-05-05 05:48:40,330] {processor.py:651} INFO - DAG(s) dict_keys(['tutorial_etl_dag']) retrieved from /home/airflow/.local/lib/python3.7/site-packages/airflow/example_dags/tutorial_etl_dag.py
[2022-05-05 05:48:40,355] {logging_mixin.py:115} INFO - [2022-05-05 05:48:40,354] {dag.py:2371} INFO - Sync 1 DAGs
[2022-05-05 05:48:40,474] {logging_mixin.py:115} INFO - [2022-05-05 05:48:40,474] {dag.py:2919} INFO - Setting next_dagrun for tutorial_etl_dag to None, run_after=None
[2022-05-05 05:48:40,487] {processor.py:161} INFO - Processing /home/airflow/.local/lib/python3.7/site-packages/airflow/example_dags/tutorial_etl_dag.py took 0.164 seconds
[2022-05-05 05:49:11,029] {processor.py:153} INFO - Started process (PID=951) to work on /home/airflow/.local/lib/python3.7/site-packages/airflow/example_dags/tutorial_etl_dag.py
[2022-05-05 05:49:11,033] {processor.py:641} INFO - Processing file /home/airflow/.local/lib/python3.7/site-packages/airflow/example_dags/tutorial_etl_dag.py for tasks to queue
[2022-05-05 05:49:11,034] {logging_mixin.py:115} INFO - [2022-05-05 05:49:11,033] {dagbag.py:507} INFO - Filling up the DagBag from /home/airflow/.local/lib/python3.7/site-packages/airflow/example_dags/tutorial_etl_dag.py
[2022-05-05 05:49:11,039] {processor.py:651} INFO - DAG(s) dict_keys(['tutorial_etl_dag']) retrieved from /home/airflow/.local/lib/python3.7/site-packages/airflow/example_dags/tutorial_etl_dag.py
[2022-05-05 05:49:11,070] {logging_mixin.py:115} INFO - [2022-05-05 05:49:11,070] {dag.py:2371} INFO - Sync 1 DAGs
[2022-05-05 05:49:11,190] {logging_mixin.py:115} INFO - [2022-05-05 05:49:11,190] {dag.py:2919} INFO - Setting next_dagrun for tutorial_etl_dag to None, run_after=None
[2022-05-05 05:49:11,203] {processor.py:161} INFO - Processing /home/airflow/.local/lib/python3.7/site-packages/airflow/example_dags/tutorial_etl_dag.py took 0.176 seconds
[2022-05-05 05:49:41,443] {processor.py:153} INFO - Started process (PID=1005) to work on /home/airflow/.local/lib/python3.7/site-packages/airflow/example_dags/tutorial_etl_dag.py
[2022-05-05 05:49:41,443] {processor.py:641} INFO - Processing file /home/airflow/.local/lib/python3.7/site-packages/airflow/example_dags/tutorial_etl_dag.py for tasks to queue
[2022-05-05 05:49:41,444] {logging_mixin.py:115} INFO - [2022-05-05 05:49:41,444] {dagbag.py:507} INFO - Filling up the DagBag from /home/airflow/.local/lib/python3.7/site-packages/airflow/example_dags/tutorial_etl_dag.py
[2022-05-05 05:49:41,449] {processor.py:651} INFO - DAG(s) dict_keys(['tutorial_etl_dag']) retrieved from /home/airflow/.local/lib/python3.7/site-packages/airflow/example_dags/tutorial_etl_dag.py
[2022-05-05 05:49:41,494] {logging_mixin.py:115} INFO - [2022-05-05 05:49:41,494] {dag.py:2371} INFO - Sync 1 DAGs
[2022-05-05 05:49:41,649] {logging_mixin.py:115} INFO - [2022-05-05 05:49:41,649] {dag.py:2919} INFO - Setting next_dagrun for tutorial_etl_dag to None, run_after=None
[2022-05-05 05:49:41,664] {processor.py:161} INFO - Processing /home/airflow/.local/lib/python3.7/site-packages/airflow/example_dags/tutorial_etl_dag.py took 0.224 seconds
[2022-05-05 05:50:12,278] {processor.py:153} INFO - Started process (PID=1067) to work on /home/airflow/.local/lib/python3.7/site-packages/airflow/example_dags/tutorial_etl_dag.py
[2022-05-05 05:50:12,280] {processor.py:641} INFO - Processing file /home/airflow/.local/lib/python3.7/site-packages/airflow/example_dags/tutorial_etl_dag.py for tasks to queue
[2022-05-05 05:50:12,280] {logging_mixin.py:115} INFO - [2022-05-05 05:50:12,280] {dagbag.py:507} INFO - Filling up the DagBag from /home/airflow/.local/lib/python3.7/site-packages/airflow/example_dags/tutorial_etl_dag.py
[2022-05-05 05:50:12,285] {processor.py:651} INFO - DAG(s) dict_keys(['tutorial_etl_dag']) retrieved from /home/airflow/.local/lib/python3.7/site-packages/airflow/example_dags/tutorial_etl_dag.py
[2022-05-05 05:50:12,311] {logging_mixin.py:115} INFO - [2022-05-05 05:50:12,311] {dag.py:2371} INFO - Sync 1 DAGs
[2022-05-05 05:50:12,432] {logging_mixin.py:115} INFO - [2022-05-05 05:50:12,432] {dag.py:2919} INFO - Setting next_dagrun for tutorial_etl_dag to None, run_after=None
[2022-05-05 05:50:12,447] {processor.py:161} INFO - Processing /home/airflow/.local/lib/python3.7/site-packages/airflow/example_dags/tutorial_etl_dag.py took 0.173 seconds
[2022-05-05 05:50:42,530] {processor.py:153} INFO - Started process (PID=1130) to work on /home/airflow/.local/lib/python3.7/site-packages/airflow/example_dags/tutorial_etl_dag.py
[2022-05-05 05:50:42,530] {processor.py:641} INFO - Processing file /home/airflow/.local/lib/python3.7/site-packages/airflow/example_dags/tutorial_etl_dag.py for tasks to queue
[2022-05-05 05:50:42,531] {logging_mixin.py:115} INFO - [2022-05-05 05:50:42,531] {dagbag.py:507} INFO - Filling up the DagBag from /home/airflow/.local/lib/python3.7/site-packages/airflow/example_dags/tutorial_etl_dag.py
[2022-05-05 05:50:42,536] {processor.py:651} INFO - DAG(s) dict_keys(['tutorial_etl_dag']) retrieved from /home/airflow/.local/lib/python3.7/site-packages/airflow/example_dags/tutorial_etl_dag.py
[2022-05-05 05:50:42,563] {logging_mixin.py:115} INFO - [2022-05-05 05:50:42,563] {dag.py:2371} INFO - Sync 1 DAGs
[2022-05-05 05:50:42,688] {logging_mixin.py:115} INFO - [2022-05-05 05:50:42,688] {dag.py:2919} INFO - Setting next_dagrun for tutorial_etl_dag to None, run_after=None
[2022-05-05 05:50:42,701] {processor.py:161} INFO - Processing /home/airflow/.local/lib/python3.7/site-packages/airflow/example_dags/tutorial_etl_dag.py took 0.174 seconds
[2022-05-05 05:52:21,111] {processor.py:153} INFO - Started process (PID=65) to work on /home/airflow/.local/lib/python3.7/site-packages/airflow/example_dags/tutorial_etl_dag.py
[2022-05-05 05:52:21,112] {processor.py:641} INFO - Processing file /home/airflow/.local/lib/python3.7/site-packages/airflow/example_dags/tutorial_etl_dag.py for tasks to queue
[2022-05-05 05:52:21,113] {logging_mixin.py:115} INFO - [2022-05-05 05:52:21,113] {dagbag.py:507} INFO - Filling up the DagBag from /home/airflow/.local/lib/python3.7/site-packages/airflow/example_dags/tutorial_etl_dag.py
[2022-05-05 05:52:21,121] {processor.py:651} INFO - DAG(s) dict_keys(['tutorial_etl_dag']) retrieved from /home/airflow/.local/lib/python3.7/site-packages/airflow/example_dags/tutorial_etl_dag.py
[2022-05-05 05:52:21,154] {logging_mixin.py:115} INFO - [2022-05-05 05:52:21,153] {dag.py:2371} INFO - Sync 1 DAGs
[2022-05-05 05:52:21,355] {logging_mixin.py:115} INFO - [2022-05-05 05:52:21,355] {dag.py:2919} INFO - Setting next_dagrun for tutorial_etl_dag to None, run_after=None
[2022-05-05 05:52:21,373] {processor.py:161} INFO - Processing /home/airflow/.local/lib/python3.7/site-packages/airflow/example_dags/tutorial_etl_dag.py took 0.265 seconds
[2022-05-05 05:52:51,574] {processor.py:153} INFO - Started process (PID=118) to work on /home/airflow/.local/lib/python3.7/site-packages/airflow/example_dags/tutorial_etl_dag.py
[2022-05-05 05:52:51,575] {processor.py:641} INFO - Processing file /home/airflow/.local/lib/python3.7/site-packages/airflow/example_dags/tutorial_etl_dag.py for tasks to queue
[2022-05-05 05:52:51,575] {logging_mixin.py:115} INFO - [2022-05-05 05:52:51,575] {dagbag.py:507} INFO - Filling up the DagBag from /home/airflow/.local/lib/python3.7/site-packages/airflow/example_dags/tutorial_etl_dag.py
[2022-05-05 05:52:51,582] {processor.py:651} INFO - DAG(s) dict_keys(['tutorial_etl_dag']) retrieved from /home/airflow/.local/lib/python3.7/site-packages/airflow/example_dags/tutorial_etl_dag.py
[2022-05-05 05:52:51,663] {logging_mixin.py:115} INFO - [2022-05-05 05:52:51,663] {dag.py:2371} INFO - Sync 1 DAGs
[2022-05-05 05:52:51,799] {logging_mixin.py:115} INFO - [2022-05-05 05:52:51,799] {dag.py:2919} INFO - Setting next_dagrun for tutorial_etl_dag to None, run_after=None
[2022-05-05 05:52:51,814] {processor.py:161} INFO - Processing /home/airflow/.local/lib/python3.7/site-packages/airflow/example_dags/tutorial_etl_dag.py took 0.242 seconds
[2022-05-05 05:53:49,574] {processor.py:153} INFO - Started process (PID=65) to work on /home/airflow/.local/lib/python3.7/site-packages/airflow/example_dags/tutorial_etl_dag.py
[2022-05-05 05:53:49,575] {processor.py:641} INFO - Processing file /home/airflow/.local/lib/python3.7/site-packages/airflow/example_dags/tutorial_etl_dag.py for tasks to queue
[2022-05-05 05:53:49,575] {logging_mixin.py:115} INFO - [2022-05-05 05:53:49,575] {dagbag.py:507} INFO - Filling up the DagBag from /home/airflow/.local/lib/python3.7/site-packages/airflow/example_dags/tutorial_etl_dag.py
[2022-05-05 05:53:49,582] {processor.py:651} INFO - DAG(s) dict_keys(['tutorial_etl_dag']) retrieved from /home/airflow/.local/lib/python3.7/site-packages/airflow/example_dags/tutorial_etl_dag.py
[2022-05-05 05:53:49,611] {logging_mixin.py:115} INFO - [2022-05-05 05:53:49,611] {dag.py:2371} INFO - Sync 1 DAGs
[2022-05-05 05:53:49,768] {logging_mixin.py:115} INFO - [2022-05-05 05:53:49,768] {dag.py:2919} INFO - Setting next_dagrun for tutorial_etl_dag to None, run_after=None
[2022-05-05 05:53:49,784] {processor.py:161} INFO - Processing /home/airflow/.local/lib/python3.7/site-packages/airflow/example_dags/tutorial_etl_dag.py took 0.213 seconds
[2022-05-05 05:54:19,947] {processor.py:153} INFO - Started process (PID=128) to work on /home/airflow/.local/lib/python3.7/site-packages/airflow/example_dags/tutorial_etl_dag.py
[2022-05-05 05:54:19,948] {processor.py:641} INFO - Processing file /home/airflow/.local/lib/python3.7/site-packages/airflow/example_dags/tutorial_etl_dag.py for tasks to queue
[2022-05-05 05:54:19,948] {logging_mixin.py:115} INFO - [2022-05-05 05:54:19,948] {dagbag.py:507} INFO - Filling up the DagBag from /home/airflow/.local/lib/python3.7/site-packages/airflow/example_dags/tutorial_etl_dag.py
[2022-05-05 05:54:19,955] {processor.py:651} INFO - DAG(s) dict_keys(['tutorial_etl_dag']) retrieved from /home/airflow/.local/lib/python3.7/site-packages/airflow/example_dags/tutorial_etl_dag.py
[2022-05-05 05:54:19,984] {logging_mixin.py:115} INFO - [2022-05-05 05:54:19,984] {dag.py:2371} INFO - Sync 1 DAGs
[2022-05-05 05:54:20,144] {logging_mixin.py:115} INFO - [2022-05-05 05:54:20,144] {dag.py:2919} INFO - Setting next_dagrun for tutorial_etl_dag to None, run_after=None
[2022-05-05 05:54:20,164] {processor.py:161} INFO - Processing /home/airflow/.local/lib/python3.7/site-packages/airflow/example_dags/tutorial_etl_dag.py took 0.220 seconds
[2022-05-05 05:54:50,695] {processor.py:153} INFO - Started process (PID=181) to work on /home/airflow/.local/lib/python3.7/site-packages/airflow/example_dags/tutorial_etl_dag.py
[2022-05-05 05:54:50,696] {processor.py:641} INFO - Processing file /home/airflow/.local/lib/python3.7/site-packages/airflow/example_dags/tutorial_etl_dag.py for tasks to queue
[2022-05-05 05:54:50,697] {logging_mixin.py:115} INFO - [2022-05-05 05:54:50,697] {dagbag.py:507} INFO - Filling up the DagBag from /home/airflow/.local/lib/python3.7/site-packages/airflow/example_dags/tutorial_etl_dag.py
[2022-05-05 05:54:50,702] {processor.py:651} INFO - DAG(s) dict_keys(['tutorial_etl_dag']) retrieved from /home/airflow/.local/lib/python3.7/site-packages/airflow/example_dags/tutorial_etl_dag.py
[2022-05-05 05:54:50,727] {logging_mixin.py:115} INFO - [2022-05-05 05:54:50,726] {dag.py:2371} INFO - Sync 1 DAGs
[2022-05-05 05:54:50,847] {logging_mixin.py:115} INFO - [2022-05-05 05:54:50,847] {dag.py:2919} INFO - Setting next_dagrun for tutorial_etl_dag to None, run_after=None
[2022-05-05 05:54:50,861] {processor.py:161} INFO - Processing /home/airflow/.local/lib/python3.7/site-packages/airflow/example_dags/tutorial_etl_dag.py took 0.168 seconds
[2022-05-05 05:55:21,408] {processor.py:153} INFO - Started process (PID=243) to work on /home/airflow/.local/lib/python3.7/site-packages/airflow/example_dags/tutorial_etl_dag.py
[2022-05-05 05:55:21,408] {processor.py:641} INFO - Processing file /home/airflow/.local/lib/python3.7/site-packages/airflow/example_dags/tutorial_etl_dag.py for tasks to queue
[2022-05-05 05:55:21,408] {logging_mixin.py:115} INFO - [2022-05-05 05:55:21,408] {dagbag.py:507} INFO - Filling up the DagBag from /home/airflow/.local/lib/python3.7/site-packages/airflow/example_dags/tutorial_etl_dag.py
[2022-05-05 05:55:21,413] {processor.py:651} INFO - DAG(s) dict_keys(['tutorial_etl_dag']) retrieved from /home/airflow/.local/lib/python3.7/site-packages/airflow/example_dags/tutorial_etl_dag.py
[2022-05-05 05:55:21,436] {logging_mixin.py:115} INFO - [2022-05-05 05:55:21,436] {dag.py:2371} INFO - Sync 1 DAGs
[2022-05-05 05:55:21,556] {logging_mixin.py:115} INFO - [2022-05-05 05:55:21,556] {dag.py:2919} INFO - Setting next_dagrun for tutorial_etl_dag to None, run_after=None
[2022-05-05 05:55:21,570] {processor.py:161} INFO - Processing /home/airflow/.local/lib/python3.7/site-packages/airflow/example_dags/tutorial_etl_dag.py took 0.165 seconds
[2022-05-05 05:55:52,060] {processor.py:153} INFO - Started process (PID=305) to work on /home/airflow/.local/lib/python3.7/site-packages/airflow/example_dags/tutorial_etl_dag.py
[2022-05-05 05:55:52,061] {processor.py:641} INFO - Processing file /home/airflow/.local/lib/python3.7/site-packages/airflow/example_dags/tutorial_etl_dag.py for tasks to queue
[2022-05-05 05:55:52,062] {logging_mixin.py:115} INFO - [2022-05-05 05:55:52,061] {dagbag.py:507} INFO - Filling up the DagBag from /home/airflow/.local/lib/python3.7/site-packages/airflow/example_dags/tutorial_etl_dag.py
[2022-05-05 05:55:52,071] {processor.py:651} INFO - DAG(s) dict_keys(['tutorial_etl_dag']) retrieved from /home/airflow/.local/lib/python3.7/site-packages/airflow/example_dags/tutorial_etl_dag.py
[2022-05-05 05:55:52,101] {logging_mixin.py:115} INFO - [2022-05-05 05:55:52,101] {dag.py:2371} INFO - Sync 1 DAGs
[2022-05-05 05:55:52,247] {logging_mixin.py:115} INFO - [2022-05-05 05:55:52,247] {dag.py:2919} INFO - Setting next_dagrun for tutorial_etl_dag to None, run_after=None
[2022-05-05 05:55:52,262] {processor.py:161} INFO - Processing /home/airflow/.local/lib/python3.7/site-packages/airflow/example_dags/tutorial_etl_dag.py took 0.205 seconds
[2022-05-05 05:56:22,707] {processor.py:153} INFO - Started process (PID=358) to work on /home/airflow/.local/lib/python3.7/site-packages/airflow/example_dags/tutorial_etl_dag.py
[2022-05-05 05:56:22,708] {processor.py:641} INFO - Processing file /home/airflow/.local/lib/python3.7/site-packages/airflow/example_dags/tutorial_etl_dag.py for tasks to queue
[2022-05-05 05:56:22,709] {logging_mixin.py:115} INFO - [2022-05-05 05:56:22,709] {dagbag.py:507} INFO - Filling up the DagBag from /home/airflow/.local/lib/python3.7/site-packages/airflow/example_dags/tutorial_etl_dag.py
[2022-05-05 05:56:22,714] {processor.py:651} INFO - DAG(s) dict_keys(['tutorial_etl_dag']) retrieved from /home/airflow/.local/lib/python3.7/site-packages/airflow/example_dags/tutorial_etl_dag.py
[2022-05-05 05:56:22,737] {logging_mixin.py:115} INFO - [2022-05-05 05:56:22,737] {dag.py:2371} INFO - Sync 1 DAGs
[2022-05-05 05:56:22,859] {logging_mixin.py:115} INFO - [2022-05-05 05:56:22,859] {dag.py:2919} INFO - Setting next_dagrun for tutorial_etl_dag to None, run_after=None
[2022-05-05 05:56:22,872] {processor.py:161} INFO - Processing /home/airflow/.local/lib/python3.7/site-packages/airflow/example_dags/tutorial_etl_dag.py took 0.167 seconds
[2022-05-05 05:56:53,035] {processor.py:153} INFO - Started process (PID=420) to work on /home/airflow/.local/lib/python3.7/site-packages/airflow/example_dags/tutorial_etl_dag.py
[2022-05-05 05:56:53,036] {processor.py:641} INFO - Processing file /home/airflow/.local/lib/python3.7/site-packages/airflow/example_dags/tutorial_etl_dag.py for tasks to queue
[2022-05-05 05:56:53,037] {logging_mixin.py:115} INFO - [2022-05-05 05:56:53,037] {dagbag.py:507} INFO - Filling up the DagBag from /home/airflow/.local/lib/python3.7/site-packages/airflow/example_dags/tutorial_etl_dag.py
[2022-05-05 05:56:53,042] {processor.py:651} INFO - DAG(s) dict_keys(['tutorial_etl_dag']) retrieved from /home/airflow/.local/lib/python3.7/site-packages/airflow/example_dags/tutorial_etl_dag.py
[2022-05-05 05:56:53,064] {logging_mixin.py:115} INFO - [2022-05-05 05:56:53,063] {dag.py:2371} INFO - Sync 1 DAGs
[2022-05-05 05:56:53,201] {logging_mixin.py:115} INFO - [2022-05-05 05:56:53,201] {dag.py:2919} INFO - Setting next_dagrun for tutorial_etl_dag to None, run_after=None
[2022-05-05 05:56:53,219] {processor.py:161} INFO - Processing /home/airflow/.local/lib/python3.7/site-packages/airflow/example_dags/tutorial_etl_dag.py took 0.185 seconds
[2022-05-05 05:57:23,522] {processor.py:153} INFO - Started process (PID=482) to work on /home/airflow/.local/lib/python3.7/site-packages/airflow/example_dags/tutorial_etl_dag.py
[2022-05-05 05:57:23,522] {processor.py:641} INFO - Processing file /home/airflow/.local/lib/python3.7/site-packages/airflow/example_dags/tutorial_etl_dag.py for tasks to queue
[2022-05-05 05:57:23,523] {logging_mixin.py:115} INFO - [2022-05-05 05:57:23,523] {dagbag.py:507} INFO - Filling up the DagBag from /home/airflow/.local/lib/python3.7/site-packages/airflow/example_dags/tutorial_etl_dag.py
[2022-05-05 05:57:23,529] {processor.py:651} INFO - DAG(s) dict_keys(['tutorial_etl_dag']) retrieved from /home/airflow/.local/lib/python3.7/site-packages/airflow/example_dags/tutorial_etl_dag.py
[2022-05-05 05:57:23,557] {logging_mixin.py:115} INFO - [2022-05-05 05:57:23,557] {dag.py:2371} INFO - Sync 1 DAGs
[2022-05-05 05:57:23,693] {logging_mixin.py:115} INFO - [2022-05-05 05:57:23,693] {dag.py:2919} INFO - Setting next_dagrun for tutorial_etl_dag to None, run_after=None
[2022-05-05 05:57:23,708] {processor.py:161} INFO - Processing /home/airflow/.local/lib/python3.7/site-packages/airflow/example_dags/tutorial_etl_dag.py took 0.189 seconds
[2022-05-05 05:57:53,816] {processor.py:153} INFO - Started process (PID=535) to work on /home/airflow/.local/lib/python3.7/site-packages/airflow/example_dags/tutorial_etl_dag.py
[2022-05-05 05:57:53,817] {processor.py:641} INFO - Processing file /home/airflow/.local/lib/python3.7/site-packages/airflow/example_dags/tutorial_etl_dag.py for tasks to queue
[2022-05-05 05:57:53,817] {logging_mixin.py:115} INFO - [2022-05-05 05:57:53,817] {dagbag.py:507} INFO - Filling up the DagBag from /home/airflow/.local/lib/python3.7/site-packages/airflow/example_dags/tutorial_etl_dag.py
[2022-05-05 05:57:53,823] {processor.py:651} INFO - DAG(s) dict_keys(['tutorial_etl_dag']) retrieved from /home/airflow/.local/lib/python3.7/site-packages/airflow/example_dags/tutorial_etl_dag.py
[2022-05-05 05:57:53,851] {logging_mixin.py:115} INFO - [2022-05-05 05:57:53,851] {dag.py:2371} INFO - Sync 1 DAGs
[2022-05-05 05:57:53,970] {logging_mixin.py:115} INFO - [2022-05-05 05:57:53,970] {dag.py:2919} INFO - Setting next_dagrun for tutorial_etl_dag to None, run_after=None
[2022-05-05 05:57:53,983] {processor.py:161} INFO - Processing /home/airflow/.local/lib/python3.7/site-packages/airflow/example_dags/tutorial_etl_dag.py took 0.169 seconds
[2022-05-05 05:58:24,076] {processor.py:153} INFO - Started process (PID=598) to work on /home/airflow/.local/lib/python3.7/site-packages/airflow/example_dags/tutorial_etl_dag.py
[2022-05-05 05:58:24,076] {processor.py:641} INFO - Processing file /home/airflow/.local/lib/python3.7/site-packages/airflow/example_dags/tutorial_etl_dag.py for tasks to queue
[2022-05-05 05:58:24,077] {logging_mixin.py:115} INFO - [2022-05-05 05:58:24,077] {dagbag.py:507} INFO - Filling up the DagBag from /home/airflow/.local/lib/python3.7/site-packages/airflow/example_dags/tutorial_etl_dag.py
[2022-05-05 05:58:24,082] {processor.py:651} INFO - DAG(s) dict_keys(['tutorial_etl_dag']) retrieved from /home/airflow/.local/lib/python3.7/site-packages/airflow/example_dags/tutorial_etl_dag.py
[2022-05-05 05:58:24,108] {logging_mixin.py:115} INFO - [2022-05-05 05:58:24,108] {dag.py:2371} INFO - Sync 1 DAGs
[2022-05-05 05:58:24,231] {logging_mixin.py:115} INFO - [2022-05-05 05:58:24,230] {dag.py:2919} INFO - Setting next_dagrun for tutorial_etl_dag to None, run_after=None
[2022-05-05 05:58:24,244] {processor.py:161} INFO - Processing /home/airflow/.local/lib/python3.7/site-packages/airflow/example_dags/tutorial_etl_dag.py took 0.170 seconds
[2022-05-05 05:58:54,488] {processor.py:153} INFO - Started process (PID=650) to work on /home/airflow/.local/lib/python3.7/site-packages/airflow/example_dags/tutorial_etl_dag.py
[2022-05-05 05:58:54,489] {processor.py:641} INFO - Processing file /home/airflow/.local/lib/python3.7/site-packages/airflow/example_dags/tutorial_etl_dag.py for tasks to queue
[2022-05-05 05:58:54,489] {logging_mixin.py:115} INFO - [2022-05-05 05:58:54,489] {dagbag.py:507} INFO - Filling up the DagBag from /home/airflow/.local/lib/python3.7/site-packages/airflow/example_dags/tutorial_etl_dag.py
[2022-05-05 05:58:54,495] {processor.py:651} INFO - DAG(s) dict_keys(['tutorial_etl_dag']) retrieved from /home/airflow/.local/lib/python3.7/site-packages/airflow/example_dags/tutorial_etl_dag.py
[2022-05-05 05:58:54,524] {logging_mixin.py:115} INFO - [2022-05-05 05:58:54,524] {dag.py:2371} INFO - Sync 1 DAGs
[2022-05-05 05:58:54,658] {logging_mixin.py:115} INFO - [2022-05-05 05:58:54,658] {dag.py:2919} INFO - Setting next_dagrun for tutorial_etl_dag to None, run_after=None
[2022-05-05 05:58:54,671] {processor.py:161} INFO - Processing /home/airflow/.local/lib/python3.7/site-packages/airflow/example_dags/tutorial_etl_dag.py took 0.187 seconds
[2022-05-05 05:59:24,723] {processor.py:153} INFO - Started process (PID=711) to work on /home/airflow/.local/lib/python3.7/site-packages/airflow/example_dags/tutorial_etl_dag.py
[2022-05-05 05:59:24,723] {processor.py:641} INFO - Processing file /home/airflow/.local/lib/python3.7/site-packages/airflow/example_dags/tutorial_etl_dag.py for tasks to queue
[2022-05-05 05:59:24,724] {logging_mixin.py:115} INFO - [2022-05-05 05:59:24,723] {dagbag.py:507} INFO - Filling up the DagBag from /home/airflow/.local/lib/python3.7/site-packages/airflow/example_dags/tutorial_etl_dag.py
[2022-05-05 05:59:24,728] {processor.py:651} INFO - DAG(s) dict_keys(['tutorial_etl_dag']) retrieved from /home/airflow/.local/lib/python3.7/site-packages/airflow/example_dags/tutorial_etl_dag.py
[2022-05-05 05:59:24,762] {logging_mixin.py:115} INFO - [2022-05-05 05:59:24,762] {dag.py:2371} INFO - Sync 1 DAGs
[2022-05-05 05:59:24,904] {logging_mixin.py:115} INFO - [2022-05-05 05:59:24,904] {dag.py:2919} INFO - Setting next_dagrun for tutorial_etl_dag to None, run_after=None
[2022-05-05 05:59:24,919] {processor.py:161} INFO - Processing /home/airflow/.local/lib/python3.7/site-packages/airflow/example_dags/tutorial_etl_dag.py took 0.199 seconds
[2022-05-05 05:59:55,086] {processor.py:153} INFO - Started process (PID=774) to work on /home/airflow/.local/lib/python3.7/site-packages/airflow/example_dags/tutorial_etl_dag.py
[2022-05-05 05:59:55,087] {processor.py:641} INFO - Processing file /home/airflow/.local/lib/python3.7/site-packages/airflow/example_dags/tutorial_etl_dag.py for tasks to queue
[2022-05-05 05:59:55,087] {logging_mixin.py:115} INFO - [2022-05-05 05:59:55,087] {dagbag.py:507} INFO - Filling up the DagBag from /home/airflow/.local/lib/python3.7/site-packages/airflow/example_dags/tutorial_etl_dag.py
[2022-05-05 05:59:55,094] {processor.py:651} INFO - DAG(s) dict_keys(['tutorial_etl_dag']) retrieved from /home/airflow/.local/lib/python3.7/site-packages/airflow/example_dags/tutorial_etl_dag.py
[2022-05-05 05:59:55,124] {logging_mixin.py:115} INFO - [2022-05-05 05:59:55,124] {dag.py:2371} INFO - Sync 1 DAGs
[2022-05-05 05:59:55,242] {logging_mixin.py:115} INFO - [2022-05-05 05:59:55,242] {dag.py:2919} INFO - Setting next_dagrun for tutorial_etl_dag to None, run_after=None
[2022-05-05 05:59:55,255] {processor.py:161} INFO - Processing /home/airflow/.local/lib/python3.7/site-packages/airflow/example_dags/tutorial_etl_dag.py took 0.172 seconds
[2022-05-05 06:00:25,947] {processor.py:153} INFO - Started process (PID=827) to work on /home/airflow/.local/lib/python3.7/site-packages/airflow/example_dags/tutorial_etl_dag.py
[2022-05-05 06:00:25,948] {processor.py:641} INFO - Processing file /home/airflow/.local/lib/python3.7/site-packages/airflow/example_dags/tutorial_etl_dag.py for tasks to queue
[2022-05-05 06:00:25,948] {logging_mixin.py:115} INFO - [2022-05-05 06:00:25,948] {dagbag.py:507} INFO - Filling up the DagBag from /home/airflow/.local/lib/python3.7/site-packages/airflow/example_dags/tutorial_etl_dag.py
[2022-05-05 06:00:25,953] {processor.py:651} INFO - DAG(s) dict_keys(['tutorial_etl_dag']) retrieved from /home/airflow/.local/lib/python3.7/site-packages/airflow/example_dags/tutorial_etl_dag.py
[2022-05-05 06:00:25,977] {logging_mixin.py:115} INFO - [2022-05-05 06:00:25,977] {dag.py:2371} INFO - Sync 1 DAGs
[2022-05-05 06:00:26,102] {logging_mixin.py:115} INFO - [2022-05-05 06:00:26,102] {dag.py:2919} INFO - Setting next_dagrun for tutorial_etl_dag to None, run_after=None
[2022-05-05 06:00:26,116] {processor.py:161} INFO - Processing /home/airflow/.local/lib/python3.7/site-packages/airflow/example_dags/tutorial_etl_dag.py took 0.171 seconds
[2022-05-05 06:00:56,629] {processor.py:153} INFO - Started process (PID=889) to work on /home/airflow/.local/lib/python3.7/site-packages/airflow/example_dags/tutorial_etl_dag.py
[2022-05-05 06:00:56,630] {processor.py:641} INFO - Processing file /home/airflow/.local/lib/python3.7/site-packages/airflow/example_dags/tutorial_etl_dag.py for tasks to queue
[2022-05-05 06:00:56,631] {logging_mixin.py:115} INFO - [2022-05-05 06:00:56,630] {dagbag.py:507} INFO - Filling up the DagBag from /home/airflow/.local/lib/python3.7/site-packages/airflow/example_dags/tutorial_etl_dag.py
[2022-05-05 06:00:56,637] {processor.py:651} INFO - DAG(s) dict_keys(['tutorial_etl_dag']) retrieved from /home/airflow/.local/lib/python3.7/site-packages/airflow/example_dags/tutorial_etl_dag.py
[2022-05-05 06:00:56,661] {logging_mixin.py:115} INFO - [2022-05-05 06:00:56,661] {dag.py:2371} INFO - Sync 1 DAGs
[2022-05-05 06:00:56,782] {logging_mixin.py:115} INFO - [2022-05-05 06:00:56,782] {dag.py:2919} INFO - Setting next_dagrun for tutorial_etl_dag to None, run_after=None
[2022-05-05 06:00:56,796] {processor.py:161} INFO - Processing /home/airflow/.local/lib/python3.7/site-packages/airflow/example_dags/tutorial_etl_dag.py took 0.169 seconds
[2022-05-05 06:01:27,055] {processor.py:153} INFO - Started process (PID=952) to work on /home/airflow/.local/lib/python3.7/site-packages/airflow/example_dags/tutorial_etl_dag.py
[2022-05-05 06:01:27,056] {processor.py:641} INFO - Processing file /home/airflow/.local/lib/python3.7/site-packages/airflow/example_dags/tutorial_etl_dag.py for tasks to queue
[2022-05-05 06:01:27,056] {logging_mixin.py:115} INFO - [2022-05-05 06:01:27,056] {dagbag.py:507} INFO - Filling up the DagBag from /home/airflow/.local/lib/python3.7/site-packages/airflow/example_dags/tutorial_etl_dag.py
[2022-05-05 06:01:27,062] {processor.py:651} INFO - DAG(s) dict_keys(['tutorial_etl_dag']) retrieved from /home/airflow/.local/lib/python3.7/site-packages/airflow/example_dags/tutorial_etl_dag.py
[2022-05-05 06:01:27,089] {logging_mixin.py:115} INFO - [2022-05-05 06:01:27,089] {dag.py:2371} INFO - Sync 1 DAGs
[2022-05-05 06:01:27,225] {logging_mixin.py:115} INFO - [2022-05-05 06:01:27,225] {dag.py:2919} INFO - Setting next_dagrun for tutorial_etl_dag to None, run_after=None
[2022-05-05 06:01:27,240] {processor.py:161} INFO - Processing /home/airflow/.local/lib/python3.7/site-packages/airflow/example_dags/tutorial_etl_dag.py took 0.187 seconds
[2022-05-05 06:01:57,324] {processor.py:153} INFO - Started process (PID=1004) to work on /home/airflow/.local/lib/python3.7/site-packages/airflow/example_dags/tutorial_etl_dag.py
[2022-05-05 06:01:57,325] {processor.py:641} INFO - Processing file /home/airflow/.local/lib/python3.7/site-packages/airflow/example_dags/tutorial_etl_dag.py for tasks to queue
[2022-05-05 06:01:57,325] {logging_mixin.py:115} INFO - [2022-05-05 06:01:57,325] {dagbag.py:507} INFO - Filling up the DagBag from /home/airflow/.local/lib/python3.7/site-packages/airflow/example_dags/tutorial_etl_dag.py
[2022-05-05 06:01:57,331] {processor.py:651} INFO - DAG(s) dict_keys(['tutorial_etl_dag']) retrieved from /home/airflow/.local/lib/python3.7/site-packages/airflow/example_dags/tutorial_etl_dag.py
[2022-05-05 06:01:57,358] {logging_mixin.py:115} INFO - [2022-05-05 06:01:57,358] {dag.py:2371} INFO - Sync 1 DAGs
[2022-05-05 06:01:57,484] {logging_mixin.py:115} INFO - [2022-05-05 06:01:57,484] {dag.py:2919} INFO - Setting next_dagrun for tutorial_etl_dag to None, run_after=None
[2022-05-05 06:01:57,499] {processor.py:161} INFO - Processing /home/airflow/.local/lib/python3.7/site-packages/airflow/example_dags/tutorial_etl_dag.py took 0.177 seconds
[2022-05-05 06:02:27,650] {processor.py:153} INFO - Started process (PID=1068) to work on /home/airflow/.local/lib/python3.7/site-packages/airflow/example_dags/tutorial_etl_dag.py
[2022-05-05 06:02:27,651] {processor.py:641} INFO - Processing file /home/airflow/.local/lib/python3.7/site-packages/airflow/example_dags/tutorial_etl_dag.py for tasks to queue
[2022-05-05 06:02:27,651] {logging_mixin.py:115} INFO - [2022-05-05 06:02:27,651] {dagbag.py:507} INFO - Filling up the DagBag from /home/airflow/.local/lib/python3.7/site-packages/airflow/example_dags/tutorial_etl_dag.py
[2022-05-05 06:02:27,657] {processor.py:651} INFO - DAG(s) dict_keys(['tutorial_etl_dag']) retrieved from /home/airflow/.local/lib/python3.7/site-packages/airflow/example_dags/tutorial_etl_dag.py
[2022-05-05 06:02:27,685] {logging_mixin.py:115} INFO - [2022-05-05 06:02:27,685] {dag.py:2371} INFO - Sync 1 DAGs
[2022-05-05 06:02:27,814] {logging_mixin.py:115} INFO - [2022-05-05 06:02:27,814] {dag.py:2919} INFO - Setting next_dagrun for tutorial_etl_dag to None, run_after=None
[2022-05-05 06:02:27,830] {processor.py:161} INFO - Processing /home/airflow/.local/lib/python3.7/site-packages/airflow/example_dags/tutorial_etl_dag.py took 0.183 seconds
[2022-05-05 06:02:58,055] {processor.py:153} INFO - Started process (PID=1131) to work on /home/airflow/.local/lib/python3.7/site-packages/airflow/example_dags/tutorial_etl_dag.py
[2022-05-05 06:02:58,056] {processor.py:641} INFO - Processing file /home/airflow/.local/lib/python3.7/site-packages/airflow/example_dags/tutorial_etl_dag.py for tasks to queue
[2022-05-05 06:02:58,056] {logging_mixin.py:115} INFO - [2022-05-05 06:02:58,056] {dagbag.py:507} INFO - Filling up the DagBag from /home/airflow/.local/lib/python3.7/site-packages/airflow/example_dags/tutorial_etl_dag.py
[2022-05-05 06:02:58,060] {processor.py:651} INFO - DAG(s) dict_keys(['tutorial_etl_dag']) retrieved from /home/airflow/.local/lib/python3.7/site-packages/airflow/example_dags/tutorial_etl_dag.py
[2022-05-05 06:02:58,085] {logging_mixin.py:115} INFO - [2022-05-05 06:02:58,085] {dag.py:2371} INFO - Sync 1 DAGs
[2022-05-05 06:02:58,206] {logging_mixin.py:115} INFO - [2022-05-05 06:02:58,206] {dag.py:2919} INFO - Setting next_dagrun for tutorial_etl_dag to None, run_after=None
[2022-05-05 06:02:58,221] {processor.py:161} INFO - Processing /home/airflow/.local/lib/python3.7/site-packages/airflow/example_dags/tutorial_etl_dag.py took 0.168 seconds
[2022-05-05 06:03:28,405] {processor.py:153} INFO - Started process (PID=1185) to work on /home/airflow/.local/lib/python3.7/site-packages/airflow/example_dags/tutorial_etl_dag.py
[2022-05-05 06:03:28,406] {processor.py:641} INFO - Processing file /home/airflow/.local/lib/python3.7/site-packages/airflow/example_dags/tutorial_etl_dag.py for tasks to queue
[2022-05-05 06:03:28,407] {logging_mixin.py:115} INFO - [2022-05-05 06:03:28,407] {dagbag.py:507} INFO - Filling up the DagBag from /home/airflow/.local/lib/python3.7/site-packages/airflow/example_dags/tutorial_etl_dag.py
[2022-05-05 06:03:28,413] {processor.py:651} INFO - DAG(s) dict_keys(['tutorial_etl_dag']) retrieved from /home/airflow/.local/lib/python3.7/site-packages/airflow/example_dags/tutorial_etl_dag.py
[2022-05-05 06:03:28,440] {logging_mixin.py:115} INFO - [2022-05-05 06:03:28,440] {dag.py:2371} INFO - Sync 1 DAGs
[2022-05-05 06:03:28,591] {logging_mixin.py:115} INFO - [2022-05-05 06:03:28,591] {dag.py:2919} INFO - Setting next_dagrun for tutorial_etl_dag to None, run_after=None
[2022-05-05 06:03:28,606] {processor.py:161} INFO - Processing /home/airflow/.local/lib/python3.7/site-packages/airflow/example_dags/tutorial_etl_dag.py took 0.203 seconds
[2022-05-05 06:03:59,406] {processor.py:153} INFO - Started process (PID=1248) to work on /home/airflow/.local/lib/python3.7/site-packages/airflow/example_dags/tutorial_etl_dag.py
[2022-05-05 06:03:59,407] {processor.py:641} INFO - Processing file /home/airflow/.local/lib/python3.7/site-packages/airflow/example_dags/tutorial_etl_dag.py for tasks to queue
[2022-05-05 06:03:59,407] {logging_mixin.py:115} INFO - [2022-05-05 06:03:59,407] {dagbag.py:507} INFO - Filling up the DagBag from /home/airflow/.local/lib/python3.7/site-packages/airflow/example_dags/tutorial_etl_dag.py
[2022-05-05 06:03:59,412] {processor.py:651} INFO - DAG(s) dict_keys(['tutorial_etl_dag']) retrieved from /home/airflow/.local/lib/python3.7/site-packages/airflow/example_dags/tutorial_etl_dag.py
[2022-05-05 06:03:59,437] {logging_mixin.py:115} INFO - [2022-05-05 06:03:59,437] {dag.py:2371} INFO - Sync 1 DAGs
[2022-05-05 06:03:59,458] {logging_mixin.py:115} INFO - [2022-05-05 06:03:59,458] {dag.py:2919} INFO - Setting next_dagrun for tutorial_etl_dag to None, run_after=None
[2022-05-05 06:03:59,474] {processor.py:161} INFO - Processing /home/airflow/.local/lib/python3.7/site-packages/airflow/example_dags/tutorial_etl_dag.py took 0.070 seconds
[2022-05-05 06:04:30,475] {processor.py:153} INFO - Started process (PID=1310) to work on /home/airflow/.local/lib/python3.7/site-packages/airflow/example_dags/tutorial_etl_dag.py
[2022-05-05 06:04:30,476] {processor.py:641} INFO - Processing file /home/airflow/.local/lib/python3.7/site-packages/airflow/example_dags/tutorial_etl_dag.py for tasks to queue
[2022-05-05 06:04:30,476] {logging_mixin.py:115} INFO - [2022-05-05 06:04:30,476] {dagbag.py:507} INFO - Filling up the DagBag from /home/airflow/.local/lib/python3.7/site-packages/airflow/example_dags/tutorial_etl_dag.py
[2022-05-05 06:04:30,482] {processor.py:651} INFO - DAG(s) dict_keys(['tutorial_etl_dag']) retrieved from /home/airflow/.local/lib/python3.7/site-packages/airflow/example_dags/tutorial_etl_dag.py
[2022-05-05 06:04:30,507] {logging_mixin.py:115} INFO - [2022-05-05 06:04:30,506] {dag.py:2371} INFO - Sync 1 DAGs
[2022-05-05 06:04:30,529] {logging_mixin.py:115} INFO - [2022-05-05 06:04:30,529] {dag.py:2919} INFO - Setting next_dagrun for tutorial_etl_dag to None, run_after=None
[2022-05-05 06:04:30,543] {processor.py:161} INFO - Processing /home/airflow/.local/lib/python3.7/site-packages/airflow/example_dags/tutorial_etl_dag.py took 0.070 seconds
[2022-05-05 06:05:01,146] {processor.py:153} INFO - Started process (PID=1363) to work on /home/airflow/.local/lib/python3.7/site-packages/airflow/example_dags/tutorial_etl_dag.py
[2022-05-05 06:05:01,146] {processor.py:641} INFO - Processing file /home/airflow/.local/lib/python3.7/site-packages/airflow/example_dags/tutorial_etl_dag.py for tasks to queue
[2022-05-05 06:05:01,147] {logging_mixin.py:115} INFO - [2022-05-05 06:05:01,147] {dagbag.py:507} INFO - Filling up the DagBag from /home/airflow/.local/lib/python3.7/site-packages/airflow/example_dags/tutorial_etl_dag.py
[2022-05-05 06:05:01,154] {processor.py:651} INFO - DAG(s) dict_keys(['tutorial_etl_dag']) retrieved from /home/airflow/.local/lib/python3.7/site-packages/airflow/example_dags/tutorial_etl_dag.py
[2022-05-05 06:05:01,178] {logging_mixin.py:115} INFO - [2022-05-05 06:05:01,178] {dag.py:2371} INFO - Sync 1 DAGs
[2022-05-05 06:05:01,201] {logging_mixin.py:115} INFO - [2022-05-05 06:05:01,201] {dag.py:2919} INFO - Setting next_dagrun for tutorial_etl_dag to None, run_after=None
[2022-05-05 06:05:01,217] {processor.py:161} INFO - Processing /home/airflow/.local/lib/python3.7/site-packages/airflow/example_dags/tutorial_etl_dag.py took 0.073 seconds
[2022-05-05 06:05:31,742] {processor.py:153} INFO - Started process (PID=1424) to work on /home/airflow/.local/lib/python3.7/site-packages/airflow/example_dags/tutorial_etl_dag.py
[2022-05-05 06:05:31,742] {processor.py:641} INFO - Processing file /home/airflow/.local/lib/python3.7/site-packages/airflow/example_dags/tutorial_etl_dag.py for tasks to queue
[2022-05-05 06:05:31,743] {logging_mixin.py:115} INFO - [2022-05-05 06:05:31,743] {dagbag.py:507} INFO - Filling up the DagBag from /home/airflow/.local/lib/python3.7/site-packages/airflow/example_dags/tutorial_etl_dag.py
[2022-05-05 06:05:31,748] {processor.py:651} INFO - DAG(s) dict_keys(['tutorial_etl_dag']) retrieved from /home/airflow/.local/lib/python3.7/site-packages/airflow/example_dags/tutorial_etl_dag.py
[2022-05-05 06:05:31,772] {logging_mixin.py:115} INFO - [2022-05-05 06:05:31,772] {dag.py:2371} INFO - Sync 1 DAGs
[2022-05-05 06:05:31,792] {logging_mixin.py:115} INFO - [2022-05-05 06:05:31,792] {dag.py:2919} INFO - Setting next_dagrun for tutorial_etl_dag to None, run_after=None
[2022-05-05 06:05:31,804] {processor.py:161} INFO - Processing /home/airflow/.local/lib/python3.7/site-packages/airflow/example_dags/tutorial_etl_dag.py took 0.065 seconds
[2022-05-05 06:06:02,317] {processor.py:153} INFO - Started process (PID=1487) to work on /home/airflow/.local/lib/python3.7/site-packages/airflow/example_dags/tutorial_etl_dag.py
[2022-05-05 06:06:02,318] {processor.py:641} INFO - Processing file /home/airflow/.local/lib/python3.7/site-packages/airflow/example_dags/tutorial_etl_dag.py for tasks to queue
[2022-05-05 06:06:02,318] {logging_mixin.py:115} INFO - [2022-05-05 06:06:02,318] {dagbag.py:507} INFO - Filling up the DagBag from /home/airflow/.local/lib/python3.7/site-packages/airflow/example_dags/tutorial_etl_dag.py
[2022-05-05 06:06:02,323] {processor.py:651} INFO - DAG(s) dict_keys(['tutorial_etl_dag']) retrieved from /home/airflow/.local/lib/python3.7/site-packages/airflow/example_dags/tutorial_etl_dag.py
[2022-05-05 06:06:02,347] {logging_mixin.py:115} INFO - [2022-05-05 06:06:02,347] {dag.py:2371} INFO - Sync 1 DAGs
[2022-05-05 06:06:02,367] {logging_mixin.py:115} INFO - [2022-05-05 06:06:02,367] {dag.py:2919} INFO - Setting next_dagrun for tutorial_etl_dag to None, run_after=None
[2022-05-05 06:06:02,379] {processor.py:161} INFO - Processing /home/airflow/.local/lib/python3.7/site-packages/airflow/example_dags/tutorial_etl_dag.py took 0.064 seconds
[2022-05-05 06:06:33,187] {processor.py:153} INFO - Started process (PID=1539) to work on /home/airflow/.local/lib/python3.7/site-packages/airflow/example_dags/tutorial_etl_dag.py
[2022-05-05 06:06:33,188] {processor.py:641} INFO - Processing file /home/airflow/.local/lib/python3.7/site-packages/airflow/example_dags/tutorial_etl_dag.py for tasks to queue
[2022-05-05 06:06:33,188] {logging_mixin.py:115} INFO - [2022-05-05 06:06:33,188] {dagbag.py:507} INFO - Filling up the DagBag from /home/airflow/.local/lib/python3.7/site-packages/airflow/example_dags/tutorial_etl_dag.py
[2022-05-05 06:06:33,194] {processor.py:651} INFO - DAG(s) dict_keys(['tutorial_etl_dag']) retrieved from /home/airflow/.local/lib/python3.7/site-packages/airflow/example_dags/tutorial_etl_dag.py
[2022-05-05 06:06:33,221] {logging_mixin.py:115} INFO - [2022-05-05 06:06:33,221] {dag.py:2371} INFO - Sync 1 DAGs
[2022-05-05 06:06:33,241] {logging_mixin.py:115} INFO - [2022-05-05 06:06:33,241] {dag.py:2919} INFO - Setting next_dagrun for tutorial_etl_dag to None, run_after=None
[2022-05-05 06:06:33,256] {processor.py:161} INFO - Processing /home/airflow/.local/lib/python3.7/site-packages/airflow/example_dags/tutorial_etl_dag.py took 0.072 seconds
[2022-05-05 06:07:04,166] {processor.py:153} INFO - Started process (PID=1602) to work on /home/airflow/.local/lib/python3.7/site-packages/airflow/example_dags/tutorial_etl_dag.py
[2022-05-05 06:07:04,166] {processor.py:641} INFO - Processing file /home/airflow/.local/lib/python3.7/site-packages/airflow/example_dags/tutorial_etl_dag.py for tasks to queue
[2022-05-05 06:07:04,167] {logging_mixin.py:115} INFO - [2022-05-05 06:07:04,167] {dagbag.py:507} INFO - Filling up the DagBag from /home/airflow/.local/lib/python3.7/site-packages/airflow/example_dags/tutorial_etl_dag.py
[2022-05-05 06:07:04,173] {processor.py:651} INFO - DAG(s) dict_keys(['tutorial_etl_dag']) retrieved from /home/airflow/.local/lib/python3.7/site-packages/airflow/example_dags/tutorial_etl_dag.py
[2022-05-05 06:07:04,204] {logging_mixin.py:115} INFO - [2022-05-05 06:07:04,204] {dag.py:2371} INFO - Sync 1 DAGs
[2022-05-05 06:07:04,228] {logging_mixin.py:115} INFO - [2022-05-05 06:07:04,228] {dag.py:2919} INFO - Setting next_dagrun for tutorial_etl_dag to None, run_after=None
[2022-05-05 06:07:04,244] {processor.py:161} INFO - Processing /home/airflow/.local/lib/python3.7/site-packages/airflow/example_dags/tutorial_etl_dag.py took 0.081 seconds
[2022-05-05 06:07:34,888] {processor.py:153} INFO - Started process (PID=1663) to work on /home/airflow/.local/lib/python3.7/site-packages/airflow/example_dags/tutorial_etl_dag.py
[2022-05-05 06:07:34,889] {processor.py:641} INFO - Processing file /home/airflow/.local/lib/python3.7/site-packages/airflow/example_dags/tutorial_etl_dag.py for tasks to queue
[2022-05-05 06:07:34,889] {logging_mixin.py:115} INFO - [2022-05-05 06:07:34,889] {dagbag.py:507} INFO - Filling up the DagBag from /home/airflow/.local/lib/python3.7/site-packages/airflow/example_dags/tutorial_etl_dag.py
[2022-05-05 06:07:34,894] {processor.py:651} INFO - DAG(s) dict_keys(['tutorial_etl_dag']) retrieved from /home/airflow/.local/lib/python3.7/site-packages/airflow/example_dags/tutorial_etl_dag.py
[2022-05-05 06:07:34,924] {logging_mixin.py:115} INFO - [2022-05-05 06:07:34,924] {dag.py:2371} INFO - Sync 1 DAGs
[2022-05-05 06:07:34,946] {logging_mixin.py:115} INFO - [2022-05-05 06:07:34,946] {dag.py:2919} INFO - Setting next_dagrun for tutorial_etl_dag to None, run_after=None
[2022-05-05 06:07:34,961] {processor.py:161} INFO - Processing /home/airflow/.local/lib/python3.7/site-packages/airflow/example_dags/tutorial_etl_dag.py took 0.075 seconds
[2022-05-05 06:08:05,576] {processor.py:153} INFO - Started process (PID=1716) to work on /home/airflow/.local/lib/python3.7/site-packages/airflow/example_dags/tutorial_etl_dag.py
[2022-05-05 06:08:05,577] {processor.py:641} INFO - Processing file /home/airflow/.local/lib/python3.7/site-packages/airflow/example_dags/tutorial_etl_dag.py for tasks to queue
[2022-05-05 06:08:05,577] {logging_mixin.py:115} INFO - [2022-05-05 06:08:05,577] {dagbag.py:507} INFO - Filling up the DagBag from /home/airflow/.local/lib/python3.7/site-packages/airflow/example_dags/tutorial_etl_dag.py
[2022-05-05 06:08:05,583] {processor.py:651} INFO - DAG(s) dict_keys(['tutorial_etl_dag']) retrieved from /home/airflow/.local/lib/python3.7/site-packages/airflow/example_dags/tutorial_etl_dag.py
[2022-05-05 06:08:05,609] {logging_mixin.py:115} INFO - [2022-05-05 06:08:05,609] {dag.py:2371} INFO - Sync 1 DAGs
[2022-05-05 06:08:05,631] {logging_mixin.py:115} INFO - [2022-05-05 06:08:05,631] {dag.py:2919} INFO - Setting next_dagrun for tutorial_etl_dag to None, run_after=None
[2022-05-05 06:08:05,644] {processor.py:161} INFO - Processing /home/airflow/.local/lib/python3.7/site-packages/airflow/example_dags/tutorial_etl_dag.py took 0.072 seconds
[2022-05-05 06:08:36,248] {processor.py:153} INFO - Started process (PID=1779) to work on /home/airflow/.local/lib/python3.7/site-packages/airflow/example_dags/tutorial_etl_dag.py
[2022-05-05 06:08:36,249] {processor.py:641} INFO - Processing file /home/airflow/.local/lib/python3.7/site-packages/airflow/example_dags/tutorial_etl_dag.py for tasks to queue
[2022-05-05 06:08:36,249] {logging_mixin.py:115} INFO - [2022-05-05 06:08:36,249] {dagbag.py:507} INFO - Filling up the DagBag from /home/airflow/.local/lib/python3.7/site-packages/airflow/example_dags/tutorial_etl_dag.py
[2022-05-05 06:08:36,254] {processor.py:651} INFO - DAG(s) dict_keys(['tutorial_etl_dag']) retrieved from /home/airflow/.local/lib/python3.7/site-packages/airflow/example_dags/tutorial_etl_dag.py
[2022-05-05 06:08:36,280] {logging_mixin.py:115} INFO - [2022-05-05 06:08:36,280] {dag.py:2371} INFO - Sync 1 DAGs
[2022-05-05 06:08:36,302] {logging_mixin.py:115} INFO - [2022-05-05 06:08:36,302] {dag.py:2919} INFO - Setting next_dagrun for tutorial_etl_dag to None, run_after=None
[2022-05-05 06:08:36,317] {processor.py:161} INFO - Processing /home/airflow/.local/lib/python3.7/site-packages/airflow/example_dags/tutorial_etl_dag.py took 0.071 seconds
[2022-05-05 06:09:07,185] {processor.py:153} INFO - Started process (PID=1842) to work on /home/airflow/.local/lib/python3.7/site-packages/airflow/example_dags/tutorial_etl_dag.py
[2022-05-05 06:09:07,186] {processor.py:641} INFO - Processing file /home/airflow/.local/lib/python3.7/site-packages/airflow/example_dags/tutorial_etl_dag.py for tasks to queue
[2022-05-05 06:09:07,186] {logging_mixin.py:115} INFO - [2022-05-05 06:09:07,186] {dagbag.py:507} INFO - Filling up the DagBag from /home/airflow/.local/lib/python3.7/site-packages/airflow/example_dags/tutorial_etl_dag.py
[2022-05-05 06:09:07,192] {processor.py:651} INFO - DAG(s) dict_keys(['tutorial_etl_dag']) retrieved from /home/airflow/.local/lib/python3.7/site-packages/airflow/example_dags/tutorial_etl_dag.py
[2022-05-05 06:09:07,334] {logging_mixin.py:115} INFO - [2022-05-05 06:09:07,334] {dag.py:2371} INFO - Sync 1 DAGs
[2022-05-05 06:09:07,359] {logging_mixin.py:115} INFO - [2022-05-05 06:09:07,358] {dag.py:2919} INFO - Setting next_dagrun for tutorial_etl_dag to None, run_after=None
[2022-05-05 06:09:07,375] {processor.py:161} INFO - Processing /home/airflow/.local/lib/python3.7/site-packages/airflow/example_dags/tutorial_etl_dag.py took 0.193 seconds
[2022-05-05 06:09:37,488] {processor.py:153} INFO - Started process (PID=1895) to work on /home/airflow/.local/lib/python3.7/site-packages/airflow/example_dags/tutorial_etl_dag.py
[2022-05-05 06:09:37,488] {processor.py:641} INFO - Processing file /home/airflow/.local/lib/python3.7/site-packages/airflow/example_dags/tutorial_etl_dag.py for tasks to queue
[2022-05-05 06:09:37,489] {logging_mixin.py:115} INFO - [2022-05-05 06:09:37,489] {dagbag.py:507} INFO - Filling up the DagBag from /home/airflow/.local/lib/python3.7/site-packages/airflow/example_dags/tutorial_etl_dag.py
[2022-05-05 06:09:37,494] {processor.py:651} INFO - DAG(s) dict_keys(['tutorial_etl_dag']) retrieved from /home/airflow/.local/lib/python3.7/site-packages/airflow/example_dags/tutorial_etl_dag.py
[2022-05-05 06:09:37,618] {logging_mixin.py:115} INFO - [2022-05-05 06:09:37,618] {dag.py:2371} INFO - Sync 1 DAGs
[2022-05-05 06:09:37,641] {logging_mixin.py:115} INFO - [2022-05-05 06:09:37,641] {dag.py:2919} INFO - Setting next_dagrun for tutorial_etl_dag to None, run_after=None
[2022-05-05 06:09:37,656] {processor.py:161} INFO - Processing /home/airflow/.local/lib/python3.7/site-packages/airflow/example_dags/tutorial_etl_dag.py took 0.171 seconds
[2022-05-05 06:10:08,086] {processor.py:153} INFO - Started process (PID=1956) to work on /home/airflow/.local/lib/python3.7/site-packages/airflow/example_dags/tutorial_etl_dag.py
[2022-05-05 06:10:08,087] {processor.py:641} INFO - Processing file /home/airflow/.local/lib/python3.7/site-packages/airflow/example_dags/tutorial_etl_dag.py for tasks to queue
[2022-05-05 06:10:08,087] {logging_mixin.py:115} INFO - [2022-05-05 06:10:08,087] {dagbag.py:507} INFO - Filling up the DagBag from /home/airflow/.local/lib/python3.7/site-packages/airflow/example_dags/tutorial_etl_dag.py
[2022-05-05 06:10:08,092] {processor.py:651} INFO - DAG(s) dict_keys(['tutorial_etl_dag']) retrieved from /home/airflow/.local/lib/python3.7/site-packages/airflow/example_dags/tutorial_etl_dag.py
[2022-05-05 06:10:08,234] {logging_mixin.py:115} INFO - [2022-05-05 06:10:08,234] {dag.py:2371} INFO - Sync 1 DAGs
[2022-05-05 06:10:08,259] {logging_mixin.py:115} INFO - [2022-05-05 06:10:08,259] {dag.py:2919} INFO - Setting next_dagrun for tutorial_etl_dag to None, run_after=None
[2022-05-05 06:10:08,274] {processor.py:161} INFO - Processing /home/airflow/.local/lib/python3.7/site-packages/airflow/example_dags/tutorial_etl_dag.py took 0.190 seconds
[2022-05-05 06:10:38,458] {processor.py:153} INFO - Started process (PID=2017) to work on /home/airflow/.local/lib/python3.7/site-packages/airflow/example_dags/tutorial_etl_dag.py
[2022-05-05 06:10:38,458] {processor.py:641} INFO - Processing file /home/airflow/.local/lib/python3.7/site-packages/airflow/example_dags/tutorial_etl_dag.py for tasks to queue
[2022-05-05 06:10:38,459] {logging_mixin.py:115} INFO - [2022-05-05 06:10:38,459] {dagbag.py:507} INFO - Filling up the DagBag from /home/airflow/.local/lib/python3.7/site-packages/airflow/example_dags/tutorial_etl_dag.py
[2022-05-05 06:10:38,466] {processor.py:651} INFO - DAG(s) dict_keys(['tutorial_etl_dag']) retrieved from /home/airflow/.local/lib/python3.7/site-packages/airflow/example_dags/tutorial_etl_dag.py
[2022-05-05 06:10:38,602] {logging_mixin.py:115} INFO - [2022-05-05 06:10:38,602] {dag.py:2371} INFO - Sync 1 DAGs
[2022-05-05 06:10:38,623] {logging_mixin.py:115} INFO - [2022-05-05 06:10:38,623] {dag.py:2919} INFO - Setting next_dagrun for tutorial_etl_dag to None, run_after=None
[2022-05-05 06:10:38,638] {processor.py:161} INFO - Processing /home/airflow/.local/lib/python3.7/site-packages/airflow/example_dags/tutorial_etl_dag.py took 0.183 seconds
[2022-05-05 06:11:09,207] {processor.py:153} INFO - Started process (PID=2071) to work on /home/airflow/.local/lib/python3.7/site-packages/airflow/example_dags/tutorial_etl_dag.py
[2022-05-05 06:11:09,208] {processor.py:641} INFO - Processing file /home/airflow/.local/lib/python3.7/site-packages/airflow/example_dags/tutorial_etl_dag.py for tasks to queue
[2022-05-05 06:11:09,209] {logging_mixin.py:115} INFO - [2022-05-05 06:11:09,209] {dagbag.py:507} INFO - Filling up the DagBag from /home/airflow/.local/lib/python3.7/site-packages/airflow/example_dags/tutorial_etl_dag.py
[2022-05-05 06:11:09,213] {processor.py:651} INFO - DAG(s) dict_keys(['tutorial_etl_dag']) retrieved from /home/airflow/.local/lib/python3.7/site-packages/airflow/example_dags/tutorial_etl_dag.py
[2022-05-05 06:11:09,356] {logging_mixin.py:115} INFO - [2022-05-05 06:11:09,356] {dag.py:2371} INFO - Sync 1 DAGs
[2022-05-05 06:11:09,379] {logging_mixin.py:115} INFO - [2022-05-05 06:11:09,379] {dag.py:2919} INFO - Setting next_dagrun for tutorial_etl_dag to None, run_after=None
[2022-05-05 06:11:09,394] {processor.py:161} INFO - Processing /home/airflow/.local/lib/python3.7/site-packages/airflow/example_dags/tutorial_etl_dag.py took 0.190 seconds
[2022-05-05 06:11:40,164] {processor.py:153} INFO - Started process (PID=2132) to work on /home/airflow/.local/lib/python3.7/site-packages/airflow/example_dags/tutorial_etl_dag.py
[2022-05-05 06:11:40,165] {processor.py:641} INFO - Processing file /home/airflow/.local/lib/python3.7/site-packages/airflow/example_dags/tutorial_etl_dag.py for tasks to queue
[2022-05-05 06:11:40,165] {logging_mixin.py:115} INFO - [2022-05-05 06:11:40,165] {dagbag.py:507} INFO - Filling up the DagBag from /home/airflow/.local/lib/python3.7/site-packages/airflow/example_dags/tutorial_etl_dag.py
[2022-05-05 06:11:40,173] {processor.py:651} INFO - DAG(s) dict_keys(['tutorial_etl_dag']) retrieved from /home/airflow/.local/lib/python3.7/site-packages/airflow/example_dags/tutorial_etl_dag.py
[2022-05-05 06:11:40,308] {logging_mixin.py:115} INFO - [2022-05-05 06:11:40,308] {dag.py:2371} INFO - Sync 1 DAGs
[2022-05-05 06:11:40,330] {logging_mixin.py:115} INFO - [2022-05-05 06:11:40,330] {dag.py:2919} INFO - Setting next_dagrun for tutorial_etl_dag to None, run_after=None
[2022-05-05 06:11:40,345] {processor.py:161} INFO - Processing /home/airflow/.local/lib/python3.7/site-packages/airflow/example_dags/tutorial_etl_dag.py took 0.184 seconds
[2022-05-05 06:12:10,462] {processor.py:153} INFO - Started process (PID=2193) to work on /home/airflow/.local/lib/python3.7/site-packages/airflow/example_dags/tutorial_etl_dag.py
[2022-05-05 06:12:10,463] {processor.py:641} INFO - Processing file /home/airflow/.local/lib/python3.7/site-packages/airflow/example_dags/tutorial_etl_dag.py for tasks to queue
[2022-05-05 06:12:10,464] {logging_mixin.py:115} INFO - [2022-05-05 06:12:10,463] {dagbag.py:507} INFO - Filling up the DagBag from /home/airflow/.local/lib/python3.7/site-packages/airflow/example_dags/tutorial_etl_dag.py
[2022-05-05 06:12:10,471] {processor.py:651} INFO - DAG(s) dict_keys(['tutorial_etl_dag']) retrieved from /home/airflow/.local/lib/python3.7/site-packages/airflow/example_dags/tutorial_etl_dag.py
[2022-05-05 06:12:10,629] {logging_mixin.py:115} INFO - [2022-05-05 06:12:10,629] {dag.py:2371} INFO - Sync 1 DAGs
[2022-05-05 06:12:10,654] {logging_mixin.py:115} INFO - [2022-05-05 06:12:10,654] {dag.py:2919} INFO - Setting next_dagrun for tutorial_etl_dag to None, run_after=None
[2022-05-05 06:12:10,673] {processor.py:161} INFO - Processing /home/airflow/.local/lib/python3.7/site-packages/airflow/example_dags/tutorial_etl_dag.py took 0.213 seconds
[2022-05-05 06:12:40,888] {processor.py:153} INFO - Started process (PID=2245) to work on /home/airflow/.local/lib/python3.7/site-packages/airflow/example_dags/tutorial_etl_dag.py
[2022-05-05 06:12:40,889] {processor.py:641} INFO - Processing file /home/airflow/.local/lib/python3.7/site-packages/airflow/example_dags/tutorial_etl_dag.py for tasks to queue
[2022-05-05 06:12:40,890] {logging_mixin.py:115} INFO - [2022-05-05 06:12:40,890] {dagbag.py:507} INFO - Filling up the DagBag from /home/airflow/.local/lib/python3.7/site-packages/airflow/example_dags/tutorial_etl_dag.py
[2022-05-05 06:12:40,897] {processor.py:651} INFO - DAG(s) dict_keys(['tutorial_etl_dag']) retrieved from /home/airflow/.local/lib/python3.7/site-packages/airflow/example_dags/tutorial_etl_dag.py
[2022-05-05 06:12:41,035] {logging_mixin.py:115} INFO - [2022-05-05 06:12:41,035] {dag.py:2371} INFO - Sync 1 DAGs
[2022-05-05 06:12:41,054] {logging_mixin.py:115} INFO - [2022-05-05 06:12:41,054] {dag.py:2919} INFO - Setting next_dagrun for tutorial_etl_dag to None, run_after=None
[2022-05-05 06:12:41,069] {processor.py:161} INFO - Processing /home/airflow/.local/lib/python3.7/site-packages/airflow/example_dags/tutorial_etl_dag.py took 0.183 seconds
[2022-05-05 06:13:11,428] {processor.py:153} INFO - Started process (PID=2307) to work on /home/airflow/.local/lib/python3.7/site-packages/airflow/example_dags/tutorial_etl_dag.py
[2022-05-05 06:13:11,428] {processor.py:641} INFO - Processing file /home/airflow/.local/lib/python3.7/site-packages/airflow/example_dags/tutorial_etl_dag.py for tasks to queue
[2022-05-05 06:13:11,429] {logging_mixin.py:115} INFO - [2022-05-05 06:13:11,429] {dagbag.py:507} INFO - Filling up the DagBag from /home/airflow/.local/lib/python3.7/site-packages/airflow/example_dags/tutorial_etl_dag.py
[2022-05-05 06:13:11,437] {processor.py:651} INFO - DAG(s) dict_keys(['tutorial_etl_dag']) retrieved from /home/airflow/.local/lib/python3.7/site-packages/airflow/example_dags/tutorial_etl_dag.py
[2022-05-05 06:13:11,567] {logging_mixin.py:115} INFO - [2022-05-05 06:13:11,566] {dag.py:2371} INFO - Sync 1 DAGs
[2022-05-05 06:13:11,588] {logging_mixin.py:115} INFO - [2022-05-05 06:13:11,588] {dag.py:2919} INFO - Setting next_dagrun for tutorial_etl_dag to None, run_after=None
[2022-05-05 06:13:11,604] {processor.py:161} INFO - Processing /home/airflow/.local/lib/python3.7/site-packages/airflow/example_dags/tutorial_etl_dag.py took 0.178 seconds
[2022-05-05 06:13:41,727] {processor.py:153} INFO - Started process (PID=2360) to work on /home/airflow/.local/lib/python3.7/site-packages/airflow/example_dags/tutorial_etl_dag.py
[2022-05-05 06:13:41,729] {processor.py:641} INFO - Processing file /home/airflow/.local/lib/python3.7/site-packages/airflow/example_dags/tutorial_etl_dag.py for tasks to queue
[2022-05-05 06:13:41,730] {logging_mixin.py:115} INFO - [2022-05-05 06:13:41,730] {dagbag.py:507} INFO - Filling up the DagBag from /home/airflow/.local/lib/python3.7/site-packages/airflow/example_dags/tutorial_etl_dag.py
[2022-05-05 06:13:41,740] {processor.py:651} INFO - DAG(s) dict_keys(['tutorial_etl_dag']) retrieved from /home/airflow/.local/lib/python3.7/site-packages/airflow/example_dags/tutorial_etl_dag.py
[2022-05-05 06:13:41,883] {logging_mixin.py:115} INFO - [2022-05-05 06:13:41,883] {dag.py:2371} INFO - Sync 1 DAGs
[2022-05-05 06:13:41,916] {logging_mixin.py:115} INFO - [2022-05-05 06:13:41,916] {dag.py:2919} INFO - Setting next_dagrun for tutorial_etl_dag to None, run_after=None
[2022-05-05 06:13:41,932] {processor.py:161} INFO - Processing /home/airflow/.local/lib/python3.7/site-packages/airflow/example_dags/tutorial_etl_dag.py took 0.209 seconds
[2022-05-05 06:14:12,426] {processor.py:153} INFO - Started process (PID=2422) to work on /home/airflow/.local/lib/python3.7/site-packages/airflow/example_dags/tutorial_etl_dag.py
[2022-05-05 06:14:12,427] {processor.py:641} INFO - Processing file /home/airflow/.local/lib/python3.7/site-packages/airflow/example_dags/tutorial_etl_dag.py for tasks to queue
[2022-05-05 06:14:12,428] {logging_mixin.py:115} INFO - [2022-05-05 06:14:12,427] {dagbag.py:507} INFO - Filling up the DagBag from /home/airflow/.local/lib/python3.7/site-packages/airflow/example_dags/tutorial_etl_dag.py
[2022-05-05 06:14:12,433] {processor.py:651} INFO - DAG(s) dict_keys(['tutorial_etl_dag']) retrieved from /home/airflow/.local/lib/python3.7/site-packages/airflow/example_dags/tutorial_etl_dag.py
[2022-05-05 06:14:12,456] {logging_mixin.py:115} INFO - [2022-05-05 06:14:12,456] {dag.py:2371} INFO - Sync 1 DAGs
[2022-05-05 06:14:12,479] {logging_mixin.py:115} INFO - [2022-05-05 06:14:12,479] {dag.py:2919} INFO - Setting next_dagrun for tutorial_etl_dag to None, run_after=None
[2022-05-05 06:14:12,494] {processor.py:161} INFO - Processing /home/airflow/.local/lib/python3.7/site-packages/airflow/example_dags/tutorial_etl_dag.py took 0.070 seconds
[2022-05-05 06:14:43,115] {processor.py:153} INFO - Started process (PID=2483) to work on /home/airflow/.local/lib/python3.7/site-packages/airflow/example_dags/tutorial_etl_dag.py
[2022-05-05 06:14:43,116] {processor.py:641} INFO - Processing file /home/airflow/.local/lib/python3.7/site-packages/airflow/example_dags/tutorial_etl_dag.py for tasks to queue
[2022-05-05 06:14:43,116] {logging_mixin.py:115} INFO - [2022-05-05 06:14:43,116] {dagbag.py:507} INFO - Filling up the DagBag from /home/airflow/.local/lib/python3.7/site-packages/airflow/example_dags/tutorial_etl_dag.py
[2022-05-05 06:14:43,122] {processor.py:651} INFO - DAG(s) dict_keys(['tutorial_etl_dag']) retrieved from /home/airflow/.local/lib/python3.7/site-packages/airflow/example_dags/tutorial_etl_dag.py
[2022-05-05 06:14:43,145] {logging_mixin.py:115} INFO - [2022-05-05 06:14:43,145] {dag.py:2371} INFO - Sync 1 DAGs
[2022-05-05 06:14:43,167] {logging_mixin.py:115} INFO - [2022-05-05 06:14:43,167] {dag.py:2919} INFO - Setting next_dagrun for tutorial_etl_dag to None, run_after=None
[2022-05-05 06:14:43,181] {processor.py:161} INFO - Processing /home/airflow/.local/lib/python3.7/site-packages/airflow/example_dags/tutorial_etl_dag.py took 0.068 seconds
[2022-05-05 06:15:13,868] {processor.py:153} INFO - Started process (PID=2536) to work on /home/airflow/.local/lib/python3.7/site-packages/airflow/example_dags/tutorial_etl_dag.py
[2022-05-05 06:15:13,868] {processor.py:641} INFO - Processing file /home/airflow/.local/lib/python3.7/site-packages/airflow/example_dags/tutorial_etl_dag.py for tasks to queue
[2022-05-05 06:15:13,868] {logging_mixin.py:115} INFO - [2022-05-05 06:15:13,868] {dagbag.py:507} INFO - Filling up the DagBag from /home/airflow/.local/lib/python3.7/site-packages/airflow/example_dags/tutorial_etl_dag.py
[2022-05-05 06:15:13,875] {processor.py:651} INFO - DAG(s) dict_keys(['tutorial_etl_dag']) retrieved from /home/airflow/.local/lib/python3.7/site-packages/airflow/example_dags/tutorial_etl_dag.py
[2022-05-05 06:15:13,900] {logging_mixin.py:115} INFO - [2022-05-05 06:15:13,900] {dag.py:2371} INFO - Sync 1 DAGs
[2022-05-05 06:15:13,921] {logging_mixin.py:115} INFO - [2022-05-05 06:15:13,921] {dag.py:2919} INFO - Setting next_dagrun for tutorial_etl_dag to None, run_after=None
[2022-05-05 06:15:13,935] {processor.py:161} INFO - Processing /home/airflow/.local/lib/python3.7/site-packages/airflow/example_dags/tutorial_etl_dag.py took 0.069 seconds
[2022-05-05 06:15:44,653] {processor.py:153} INFO - Started process (PID=2598) to work on /home/airflow/.local/lib/python3.7/site-packages/airflow/example_dags/tutorial_etl_dag.py
[2022-05-05 06:15:44,654] {processor.py:641} INFO - Processing file /home/airflow/.local/lib/python3.7/site-packages/airflow/example_dags/tutorial_etl_dag.py for tasks to queue
[2022-05-05 06:15:44,654] {logging_mixin.py:115} INFO - [2022-05-05 06:15:44,654] {dagbag.py:507} INFO - Filling up the DagBag from /home/airflow/.local/lib/python3.7/site-packages/airflow/example_dags/tutorial_etl_dag.py
[2022-05-05 06:15:44,661] {processor.py:651} INFO - DAG(s) dict_keys(['tutorial_etl_dag']) retrieved from /home/airflow/.local/lib/python3.7/site-packages/airflow/example_dags/tutorial_etl_dag.py
[2022-05-05 06:15:44,687] {logging_mixin.py:115} INFO - [2022-05-05 06:15:44,687] {dag.py:2371} INFO - Sync 1 DAGs
[2022-05-05 06:15:44,711] {logging_mixin.py:115} INFO - [2022-05-05 06:15:44,711] {dag.py:2919} INFO - Setting next_dagrun for tutorial_etl_dag to None, run_after=None
[2022-05-05 06:15:44,728] {processor.py:161} INFO - Processing /home/airflow/.local/lib/python3.7/site-packages/airflow/example_dags/tutorial_etl_dag.py took 0.077 seconds
[2022-05-05 06:16:15,346] {processor.py:153} INFO - Started process (PID=2661) to work on /home/airflow/.local/lib/python3.7/site-packages/airflow/example_dags/tutorial_etl_dag.py
[2022-05-05 06:16:15,347] {processor.py:641} INFO - Processing file /home/airflow/.local/lib/python3.7/site-packages/airflow/example_dags/tutorial_etl_dag.py for tasks to queue
[2022-05-05 06:16:15,347] {logging_mixin.py:115} INFO - [2022-05-05 06:16:15,347] {dagbag.py:507} INFO - Filling up the DagBag from /home/airflow/.local/lib/python3.7/site-packages/airflow/example_dags/tutorial_etl_dag.py
[2022-05-05 06:16:15,353] {processor.py:651} INFO - DAG(s) dict_keys(['tutorial_etl_dag']) retrieved from /home/airflow/.local/lib/python3.7/site-packages/airflow/example_dags/tutorial_etl_dag.py
[2022-05-05 06:16:15,376] {logging_mixin.py:115} INFO - [2022-05-05 06:16:15,376] {dag.py:2371} INFO - Sync 1 DAGs
[2022-05-05 06:16:15,399] {logging_mixin.py:115} INFO - [2022-05-05 06:16:15,399] {dag.py:2919} INFO - Setting next_dagrun for tutorial_etl_dag to None, run_after=None
[2022-05-05 06:16:15,414] {processor.py:161} INFO - Processing /home/airflow/.local/lib/python3.7/site-packages/airflow/example_dags/tutorial_etl_dag.py took 0.070 seconds
[2022-05-05 06:16:46,074] {processor.py:153} INFO - Started process (PID=2714) to work on /home/airflow/.local/lib/python3.7/site-packages/airflow/example_dags/tutorial_etl_dag.py
[2022-05-05 06:16:46,075] {processor.py:641} INFO - Processing file /home/airflow/.local/lib/python3.7/site-packages/airflow/example_dags/tutorial_etl_dag.py for tasks to queue
[2022-05-05 06:16:46,076] {logging_mixin.py:115} INFO - [2022-05-05 06:16:46,076] {dagbag.py:507} INFO - Filling up the DagBag from /home/airflow/.local/lib/python3.7/site-packages/airflow/example_dags/tutorial_etl_dag.py
[2022-05-05 06:16:46,083] {processor.py:651} INFO - DAG(s) dict_keys(['tutorial_etl_dag']) retrieved from /home/airflow/.local/lib/python3.7/site-packages/airflow/example_dags/tutorial_etl_dag.py
[2022-05-05 06:16:46,115] {logging_mixin.py:115} INFO - [2022-05-05 06:16:46,115] {dag.py:2371} INFO - Sync 1 DAGs
[2022-05-05 06:16:46,138] {logging_mixin.py:115} INFO - [2022-05-05 06:16:46,138] {dag.py:2919} INFO - Setting next_dagrun for tutorial_etl_dag to None, run_after=None
[2022-05-05 06:16:46,153] {processor.py:161} INFO - Processing /home/airflow/.local/lib/python3.7/site-packages/airflow/example_dags/tutorial_etl_dag.py took 0.081 seconds
[2022-05-05 06:17:16,761] {processor.py:153} INFO - Started process (PID=2777) to work on /home/airflow/.local/lib/python3.7/site-packages/airflow/example_dags/tutorial_etl_dag.py
[2022-05-05 06:17:16,761] {processor.py:641} INFO - Processing file /home/airflow/.local/lib/python3.7/site-packages/airflow/example_dags/tutorial_etl_dag.py for tasks to queue
[2022-05-05 06:17:16,762] {logging_mixin.py:115} INFO - [2022-05-05 06:17:16,762] {dagbag.py:507} INFO - Filling up the DagBag from /home/airflow/.local/lib/python3.7/site-packages/airflow/example_dags/tutorial_etl_dag.py
[2022-05-05 06:17:16,768] {processor.py:651} INFO - DAG(s) dict_keys(['tutorial_etl_dag']) retrieved from /home/airflow/.local/lib/python3.7/site-packages/airflow/example_dags/tutorial_etl_dag.py
[2022-05-05 06:17:16,791] {logging_mixin.py:115} INFO - [2022-05-05 06:17:16,791] {dag.py:2371} INFO - Sync 1 DAGs
[2022-05-05 06:17:16,812] {logging_mixin.py:115} INFO - [2022-05-05 06:17:16,811] {dag.py:2919} INFO - Setting next_dagrun for tutorial_etl_dag to None, run_after=None
[2022-05-05 06:17:16,827] {processor.py:161} INFO - Processing /home/airflow/.local/lib/python3.7/site-packages/airflow/example_dags/tutorial_etl_dag.py took 0.069 seconds
[2022-05-05 06:17:47,364] {processor.py:153} INFO - Started process (PID=2839) to work on /home/airflow/.local/lib/python3.7/site-packages/airflow/example_dags/tutorial_etl_dag.py
[2022-05-05 06:17:47,365] {processor.py:641} INFO - Processing file /home/airflow/.local/lib/python3.7/site-packages/airflow/example_dags/tutorial_etl_dag.py for tasks to queue
[2022-05-05 06:17:47,365] {logging_mixin.py:115} INFO - [2022-05-05 06:17:47,365] {dagbag.py:507} INFO - Filling up the DagBag from /home/airflow/.local/lib/python3.7/site-packages/airflow/example_dags/tutorial_etl_dag.py
[2022-05-05 06:17:47,371] {processor.py:651} INFO - DAG(s) dict_keys(['tutorial_etl_dag']) retrieved from /home/airflow/.local/lib/python3.7/site-packages/airflow/example_dags/tutorial_etl_dag.py
[2022-05-05 06:17:47,396] {logging_mixin.py:115} INFO - [2022-05-05 06:17:47,396] {dag.py:2371} INFO - Sync 1 DAGs
[2022-05-05 06:17:47,420] {logging_mixin.py:115} INFO - [2022-05-05 06:17:47,420] {dag.py:2919} INFO - Setting next_dagrun for tutorial_etl_dag to None, run_after=None
[2022-05-05 06:17:47,433] {processor.py:161} INFO - Processing /home/airflow/.local/lib/python3.7/site-packages/airflow/example_dags/tutorial_etl_dag.py took 0.072 seconds
[2022-05-05 06:18:18,147] {processor.py:153} INFO - Started process (PID=2891) to work on /home/airflow/.local/lib/python3.7/site-packages/airflow/example_dags/tutorial_etl_dag.py
[2022-05-05 06:18:18,148] {processor.py:641} INFO - Processing file /home/airflow/.local/lib/python3.7/site-packages/airflow/example_dags/tutorial_etl_dag.py for tasks to queue
[2022-05-05 06:18:18,148] {logging_mixin.py:115} INFO - [2022-05-05 06:18:18,148] {dagbag.py:507} INFO - Filling up the DagBag from /home/airflow/.local/lib/python3.7/site-packages/airflow/example_dags/tutorial_etl_dag.py
[2022-05-05 06:18:18,154] {processor.py:651} INFO - DAG(s) dict_keys(['tutorial_etl_dag']) retrieved from /home/airflow/.local/lib/python3.7/site-packages/airflow/example_dags/tutorial_etl_dag.py
[2022-05-05 06:18:18,179] {logging_mixin.py:115} INFO - [2022-05-05 06:18:18,179] {dag.py:2371} INFO - Sync 1 DAGs
[2022-05-05 06:18:18,204] {logging_mixin.py:115} INFO - [2022-05-05 06:18:18,204] {dag.py:2919} INFO - Setting next_dagrun for tutorial_etl_dag to None, run_after=None
[2022-05-05 06:18:18,218] {processor.py:161} INFO - Processing /home/airflow/.local/lib/python3.7/site-packages/airflow/example_dags/tutorial_etl_dag.py took 0.074 seconds
[2022-05-05 06:18:48,784] {processor.py:153} INFO - Started process (PID=2955) to work on /home/airflow/.local/lib/python3.7/site-packages/airflow/example_dags/tutorial_etl_dag.py
[2022-05-05 06:18:48,785] {processor.py:641} INFO - Processing file /home/airflow/.local/lib/python3.7/site-packages/airflow/example_dags/tutorial_etl_dag.py for tasks to queue
[2022-05-05 06:18:48,786] {logging_mixin.py:115} INFO - [2022-05-05 06:18:48,786] {dagbag.py:507} INFO - Filling up the DagBag from /home/airflow/.local/lib/python3.7/site-packages/airflow/example_dags/tutorial_etl_dag.py
[2022-05-05 06:18:48,791] {processor.py:651} INFO - DAG(s) dict_keys(['tutorial_etl_dag']) retrieved from /home/airflow/.local/lib/python3.7/site-packages/airflow/example_dags/tutorial_etl_dag.py
[2022-05-05 06:18:48,813] {logging_mixin.py:115} INFO - [2022-05-05 06:18:48,812] {dag.py:2371} INFO - Sync 1 DAGs
[2022-05-05 06:18:48,833] {logging_mixin.py:115} INFO - [2022-05-05 06:18:48,833] {dag.py:2919} INFO - Setting next_dagrun for tutorial_etl_dag to None, run_after=None
[2022-05-05 06:18:48,847] {processor.py:161} INFO - Processing /home/airflow/.local/lib/python3.7/site-packages/airflow/example_dags/tutorial_etl_dag.py took 0.065 seconds
[2022-05-05 06:19:19,593] {processor.py:153} INFO - Started process (PID=3017) to work on /home/airflow/.local/lib/python3.7/site-packages/airflow/example_dags/tutorial_etl_dag.py
[2022-05-05 06:19:19,593] {processor.py:641} INFO - Processing file /home/airflow/.local/lib/python3.7/site-packages/airflow/example_dags/tutorial_etl_dag.py for tasks to queue
[2022-05-05 06:19:19,594] {logging_mixin.py:115} INFO - [2022-05-05 06:19:19,594] {dagbag.py:507} INFO - Filling up the DagBag from /home/airflow/.local/lib/python3.7/site-packages/airflow/example_dags/tutorial_etl_dag.py
[2022-05-05 06:19:19,599] {processor.py:651} INFO - DAG(s) dict_keys(['tutorial_etl_dag']) retrieved from /home/airflow/.local/lib/python3.7/site-packages/airflow/example_dags/tutorial_etl_dag.py
[2022-05-05 06:19:19,620] {logging_mixin.py:115} INFO - [2022-05-05 06:19:19,620] {dag.py:2371} INFO - Sync 1 DAGs
[2022-05-05 06:19:19,640] {logging_mixin.py:115} INFO - [2022-05-05 06:19:19,639] {dag.py:2919} INFO - Setting next_dagrun for tutorial_etl_dag to None, run_after=None
[2022-05-05 06:19:19,653] {processor.py:161} INFO - Processing /home/airflow/.local/lib/python3.7/site-packages/airflow/example_dags/tutorial_etl_dag.py took 0.063 seconds
[2022-05-05 06:19:50,368] {processor.py:153} INFO - Started process (PID=3071) to work on /home/airflow/.local/lib/python3.7/site-packages/airflow/example_dags/tutorial_etl_dag.py
[2022-05-05 06:19:50,369] {processor.py:641} INFO - Processing file /home/airflow/.local/lib/python3.7/site-packages/airflow/example_dags/tutorial_etl_dag.py for tasks to queue
[2022-05-05 06:19:50,369] {logging_mixin.py:115} INFO - [2022-05-05 06:19:50,369] {dagbag.py:507} INFO - Filling up the DagBag from /home/airflow/.local/lib/python3.7/site-packages/airflow/example_dags/tutorial_etl_dag.py
[2022-05-05 06:19:50,376] {processor.py:651} INFO - DAG(s) dict_keys(['tutorial_etl_dag']) retrieved from /home/airflow/.local/lib/python3.7/site-packages/airflow/example_dags/tutorial_etl_dag.py
[2022-05-05 06:19:50,403] {logging_mixin.py:115} INFO - [2022-05-05 06:19:50,403] {dag.py:2371} INFO - Sync 1 DAGs
[2022-05-05 06:19:50,428] {logging_mixin.py:115} INFO - [2022-05-05 06:19:50,428] {dag.py:2919} INFO - Setting next_dagrun for tutorial_etl_dag to None, run_after=None
[2022-05-05 06:19:50,442] {processor.py:161} INFO - Processing /home/airflow/.local/lib/python3.7/site-packages/airflow/example_dags/tutorial_etl_dag.py took 0.076 seconds
[2022-05-05 06:20:21,368] {processor.py:153} INFO - Started process (PID=3135) to work on /home/airflow/.local/lib/python3.7/site-packages/airflow/example_dags/tutorial_etl_dag.py
[2022-05-05 06:20:21,369] {processor.py:641} INFO - Processing file /home/airflow/.local/lib/python3.7/site-packages/airflow/example_dags/tutorial_etl_dag.py for tasks to queue
[2022-05-05 06:20:21,369] {logging_mixin.py:115} INFO - [2022-05-05 06:20:21,369] {dagbag.py:507} INFO - Filling up the DagBag from /home/airflow/.local/lib/python3.7/site-packages/airflow/example_dags/tutorial_etl_dag.py
[2022-05-05 06:20:21,376] {processor.py:651} INFO - DAG(s) dict_keys(['tutorial_etl_dag']) retrieved from /home/airflow/.local/lib/python3.7/site-packages/airflow/example_dags/tutorial_etl_dag.py
[2022-05-05 06:20:21,406] {logging_mixin.py:115} INFO - [2022-05-05 06:20:21,405] {dag.py:2371} INFO - Sync 1 DAGs
[2022-05-05 06:20:21,427] {logging_mixin.py:115} INFO - [2022-05-05 06:20:21,427] {dag.py:2919} INFO - Setting next_dagrun for tutorial_etl_dag to None, run_after=None
[2022-05-05 06:20:21,442] {processor.py:161} INFO - Processing /home/airflow/.local/lib/python3.7/site-packages/airflow/example_dags/tutorial_etl_dag.py took 0.076 seconds
[2022-05-05 06:20:52,104] {processor.py:153} INFO - Started process (PID=3198) to work on /home/airflow/.local/lib/python3.7/site-packages/airflow/example_dags/tutorial_etl_dag.py
[2022-05-05 06:20:52,105] {processor.py:641} INFO - Processing file /home/airflow/.local/lib/python3.7/site-packages/airflow/example_dags/tutorial_etl_dag.py for tasks to queue
[2022-05-05 06:20:52,105] {logging_mixin.py:115} INFO - [2022-05-05 06:20:52,105] {dagbag.py:507} INFO - Filling up the DagBag from /home/airflow/.local/lib/python3.7/site-packages/airflow/example_dags/tutorial_etl_dag.py
[2022-05-05 06:20:52,112] {processor.py:651} INFO - DAG(s) dict_keys(['tutorial_etl_dag']) retrieved from /home/airflow/.local/lib/python3.7/site-packages/airflow/example_dags/tutorial_etl_dag.py
[2022-05-05 06:20:52,137] {logging_mixin.py:115} INFO - [2022-05-05 06:20:52,137] {dag.py:2371} INFO - Sync 1 DAGs
[2022-05-05 06:20:52,159] {logging_mixin.py:115} INFO - [2022-05-05 06:20:52,159] {dag.py:2919} INFO - Setting next_dagrun for tutorial_etl_dag to None, run_after=None
[2022-05-05 06:20:52,176] {processor.py:161} INFO - Processing /home/airflow/.local/lib/python3.7/site-packages/airflow/example_dags/tutorial_etl_dag.py took 0.075 seconds
[2022-05-05 06:21:22,900] {processor.py:153} INFO - Started process (PID=3251) to work on /home/airflow/.local/lib/python3.7/site-packages/airflow/example_dags/tutorial_etl_dag.py
[2022-05-05 06:21:22,901] {processor.py:641} INFO - Processing file /home/airflow/.local/lib/python3.7/site-packages/airflow/example_dags/tutorial_etl_dag.py for tasks to queue
[2022-05-05 06:21:22,901] {logging_mixin.py:115} INFO - [2022-05-05 06:21:22,901] {dagbag.py:507} INFO - Filling up the DagBag from /home/airflow/.local/lib/python3.7/site-packages/airflow/example_dags/tutorial_etl_dag.py
[2022-05-05 06:21:22,907] {processor.py:651} INFO - DAG(s) dict_keys(['tutorial_etl_dag']) retrieved from /home/airflow/.local/lib/python3.7/site-packages/airflow/example_dags/tutorial_etl_dag.py
[2022-05-05 06:21:22,933] {logging_mixin.py:115} INFO - [2022-05-05 06:21:22,933] {dag.py:2371} INFO - Sync 1 DAGs
[2022-05-05 06:21:22,954] {logging_mixin.py:115} INFO - [2022-05-05 06:21:22,954] {dag.py:2919} INFO - Setting next_dagrun for tutorial_etl_dag to None, run_after=None
[2022-05-05 06:21:22,970] {processor.py:161} INFO - Processing /home/airflow/.local/lib/python3.7/site-packages/airflow/example_dags/tutorial_etl_dag.py took 0.072 seconds
